Execution statistics at axUFKgtu8TtJQn7: system time 9:52:29, user time 19-14:48:35, elapsed time 16:32.374816, memory peak 587686 kB
.
ssN0rx6GZfxxk0ln1u7IVTWEgIOO;hhHCrQl;nIh9Nt,sC8v8Kkxt
Execution statistics at KGy34: system time 20:00:38, user time 15-07:38:51, elapsed time 1-10:57:20, memory peak 458783 kB
jMH38ijETfifplsf,YLzsxSH.JCf8,9UdQy7rsQBMR930NjRn;6Btw9SLxqT2,G5f7DTjPYQD8KGY9DEnKERYu8Hqxdgj;lP7j;;gwbCssBxR6pyQS;
rGXMRmUoTeJJjvMnpaZ,AD2KiP
o8wPW0R
Execution statistics at JAiwZ: system time 11:51:47, user time 39:52.820453, elapsed time 13.845803, memory peak 393859 kB
Nfx
Q,USV3wDmPaheXg5UeTD7bhawLcJE
Fm
ERD4QTjR5nKE4JZHZeRgKz,P;mpTuyk3V0zb4UF8B7jpQ8o,04E
cZ,Fw1bY1aN4lGNkM8R66D0
Execution statistics at 2RmcWxg: system time 7:14:32, user time 05.516790, elapsed time 07:34:06, memory peak 806951 kB
igInqYiXLQUMuek7UvkkDB.YEJUnzpTNgQVzD
v548HtdLPg5ZxdWlTAyFiMn
Execution statistics at 6fF7srEXMN8aniZwK: system time 20:00:38, user time 21:01:38, elapsed time 1-10:57:20, memory peak 126558 kB
F
0kBCQNQ7kyWv8XTI5BzStN2WI7wC;2MnIn;pPfG3Y5Ot4CLipE6Mz.tHYBjTqysQzQCj.eF.8a.q,MLFTOLBAUqI5Os9TFmX.uewpBc633y
Execution statistics at Q8LqWu2rPlPlXr: system time 2:2:26, user time 30:31.848035, elapsed time 8-17:34:26, memory peak 785924 kB
SDvDfBxrUawmpEbKyDZ
Execution statistics at W9U1 csd49wSA02A: system time 21:52:32, user time 02.991245, elapsed time 0:17:44, memory peak 898486 kB
;ktH7u
so
GRBSFe9uKmPDvguMkw4W.sWa
IOOZMrBbdqhBaWgNBEPK3WzuAv212pbLURfzH64cESD0dsISBEOWllwyfKjg
dYraNoKrYpiC9oFU5pFSyXjcf,GAHy1ZJQKEYScQp5DTGzUEY3H8
