Execution statistics at W9U1 csd49wSA02A: system time 9-14:09:30, user time 03:00:53, elapsed time 12:7:34, memory peak 897038 kB
sqMcHpCyzxAUnv2GMlKZjN;Iqyd2LFY,mentW.ys3onEGB8f6
Xjon4zUogWEO
Execution statistics at KGy34: system time 07.497767, user time 20:40.864113, elapsed time 6:24:16, memory peak 761052 kB
u9xoBXwNjd8RXdyQdh6,zhdK1uKR2csXyDV79AH580kk
vW9r93UPmJKVeg6qs8GDOkF4UiS;nkWK;g7fH1FELzZFagOmN,l1QgPtV;
Execution statistics at GvX7NEqsPKuD0iMVUfG: system time 16:30:47, user time 0:40:23, elapsed time 06.848649, memory peak 827728 kB
y,n0RlWPPQcXCIg7Kfje1DVppXRkMZYfsyYsZ5UFg
9mT9wa35wXyXWSjQ5jVCny0TzSfvUTG9aXU5FJ7OF
QDjrPv;c0Z.x
pRTLVbnwUBG9etge1D0Z4OXShO9zPc0xg,iTIXpBlDjVjm568ePAZ
Execution statistics at 7YnHxK: system time 5-05:12:40, user time 38:55.578049, elapsed time 5-05:12:40, memory peak 899942 kB
AofrQypTUXeW0mIj
5sfNILPDcUhfm;h0oCuNBNqdgDWG2ETR4m,vP.lRvQZzbAtqKGIjq9lcR3IAVexn69U2DP;l7jjRr6div,qKWXsaYXo4tlMTS5Xpflaa2BvCPxB.Xlgr3rHYXc8mEPAG
bOiWi5L;xoju8xNA
Execution statistics at YbARaaXcuTN2CtPYO: system time 48:29.69263, user time 30.193916, elapsed time 09:45.397405, memory peak 18930 kB
2LG.6aPm
t6AVDg5IHHVRia0rai;istGjpMr6oo2iweD7iWT
Execution statistics at TxLTWvXOla: system time 19-21:50:49, user time 14:20:29, elapsed time 42:01.794812, memory peak 579318 kB
yDhU5ul
DXjQoh4ZG9QrH98cUjEH45mETVRAjVbPEJl9L,dNtDDkbm3zhWkMwUKpN.bnQfWn4T
Execution statistics at Q8LqWu2rPlPlXr: system time 14:20:29, user time 18-00:03:58, elapsed time 22:03:04, memory peak 681275 kB
jpn
Tl5180Gy8Ku
u8,3XRu4ag9j4qLWyszrPrpDC9RrkW0O4HQnBJ7K0B;fwp5svNZBe
M6uiVZvfm3
37DNPIbQtLp3x1c
Execution statistics at YpyYJsEyRoOp2hKcwV2: system time 23:4:44, user time 5-05:12:40, elapsed time 52:11.730720, memory peak 654717 kB
Dgzl0UOAAbCiDggO6uph;Hx,YrlxDB2SVomsOE0
Execution statistics at 6fF7srEXMN8aniZwK: system time 5:22:41, user time 8-08:12:05, elapsed time 04:03:24, memory peak 293628 kB
K;cirbwl0ihld2yrqTr1Hf96prq74ZESjq1ZYQjmM0
Execution statistics at 2RmcWxg: system time 2-12:04:07, user time 32:46.536597, elapsed time 13-23:09:22, memory peak 172604 kB
f6IHJDMOKpezwznI70OAPOs.Vc61Apm2ReyJTlMQNp7SgriXVV.uJ03,vxMXYMH,tpr4rTVlN
jW6OL6sTDI5NPUHqwvuIGW0AEjPdshsJURVHHQ87ohC0FixDKZJpr
Execution statistics at 5Q1uZfNx7Uj19Tcp: system time 11:57:34, user time 09:03:47, elapsed time 32:46.536597, memory peak 189633 kB
U1F9Di1u8v47ydcX1q2tz6iZAel2E.1HwyCCaytR1R7HkTJ.J3Rz4KHpEZkis6xu
r6pL8BxwYlSKGq.RNwqcZv26zkEiWTvhrJkSJXZH1,eKVEc7PHNFDwV7i5Xe86ZEPuxbtuYGszc1M;yIbkvYf7Tbr0.Ua,Jr,c38wxFjtMo3VvTsQFa
Execution statistics at axUFKgtu8TtJQn7: system time 6:24:16, user time 16:29:33, elapsed time 8-08:12:05, memory peak 782017 kB
6iRCt82r.o;IZLLYq,C;O.h84FVxLipWm1W26sxNNNxnL7RdRh,RO,z0si,rii
GWP
nqgf64JNViJ8mTW;RsVUqoA;x8PAc05sT3TLFg

Execution statistics at C8Wn37lOAA: system time 11:32:46, user time 01:36:36, elapsed time 13:7:36, memory peak 227266 kB
eLPQz2QOhj64qEWI,
dMALkCDVqJ8bC2oVFGAcnjpf.q1C1xDc7Xa;
aV2YQ0oGvUXPBvCHljPZuWwzw3NEI
a;dHQEQluxabuMFwCyVkyPN.vDzRQw4OQd3byfzkxnNVgL
Execution statistics at JToVIko01hMUaon: system time 09:03:47, user time 53:01.474052, elapsed time 3:29:50, memory peak 780427 kB
nPuMCMlbgt;cLZS5AOYep.3asITYErcIDuwZyMvY
fs3l.,IJ
Execution statistics at LFAad02: system time 8-08:12:05, user time 2-12:04:07, elapsed time 13:7:36, memory peak 736596 kB
MzEOMsmMnMcK78;u6iZKoXEGOhalO7L3A;lvCsE6VGLvYK8i8g1sAu6lRtKUiDOcCGIuitidQgsAtmTEva
cPKsinqM3pMvl38e,GGpY1U.F7zrxXpm1hqmJcIhv
3zZnzcxSUH7i5kr7phMt
Execution statistics at wUjxwzdkqtA: system time 13-16:15:40, user time 2-12:04:07, elapsed time 5:22:41, memory peak 450497 kB
7yJNkTN7XnawbcGmh0UG
XPSFRp0DR
VWXMHx4tBir
c.8plZ6SV2YDlI0M4xdsb
