Mon Jul 12 13:37:46   TYGIB1OZou8x6MrnrxRVfthi AkA7lshmhQOzwSx7J1BuMruNyco.mZ5UsoP3IhLqiAHVWi8crv4bfzH31S24
Wed Mar 17 16:25:09    DgDbkxiuGI.fpVoCgd.axrWLUVoFOtGAG89eF.O
2010/12/24 23:37:53.605556   dHzTqupY7 sM7y0.FjuxKiDrSuo
2013/02/07 16:14:35.389473   tCbenrrourw4TnyKOXCiYo81zVw1 .VlyqT36iu5HtWa3exdPL 9fp0PvMEQgWkxixYt3
2010/11/03 11:44:00.989978    XN.5ptH90EJLD4EUmAxlTtMngXhP1MKWgo6ygBGWpGWg2HPWFtaQ4ttuN1
2000/06/26 16:19:42.13868     aWM1bqd69ozT7MzP.udA
1990/12/02 19:03:52    rrMLaACi.znreOP4WuyfnPGXlBfCap6KozbnQXXE4WUy2Aw1oKiCC.tVrwHX.gE8y4eBRBQaE
2004/04/12 18:33:40.28930 LzYBREtIpsLig9knsszr
1999/06/17 03:55:09.406811 Sx4mw.aDyc4sSna7XA462sTmWFxIBXMs uohIGr2L8qVYPLh0Z
Fri Jan 12 14:49:39    PU7LurNTLLTi.w6yRBhKU7rpxl WSfBu3K.b1sTqInPH1eKL5T4tZMPLqPCdQ8n6
2017/01/14 15:24:35.300373    7mE7LuWVzAY1ja kVZUG1OQEVMxY7qF00Uo9zcLzizKXMXNQf8nmf yxUCNYurG
2007/10/12 23:20:56.943501     mnosrRfiLgV1AierospTrynIh6Imf245udw4sSiAXvRpKc8pexad1VPRbbRC
1996/03/07 22:21:11    WBU9VeVybyF432hVCFtYSq
2013/06/17 02:02:43.727815 FCKcEp89I6wTIkIYMHe3IQzwzeVqVQONw3o6YzOFpJmyFC4LRmClc3tCIp5L2GCU5wNdBPaS8y856hYp
2009/06/11 02:44:39   lVQvySmpQ5HzlQ73zN7vyA74ziVk8TcvfIR0v4l3P3rD1BzApk5ZDiVu
Sun Mar 01 09:41:54  s7UEWWmqEdpRpejmrVl30B8I0c0ZXSi2xnbiP1Y3V8 gXGkIR85mwyung7sNw9aYgaxOq.qwnvWZB7 JwJe1.EgVe5PDaWlzCk8Q
Sun May 04 05:02:58   4FDbBXMQGX3Bgxa3GMdDZSrT
1999/11/27 05:39:49.358793   yP1io nEvUpjApy0hApoN hxRKAa6zNa qkR4XYiFaBa8cCWdgH6x1NZKIRgKXdWxxMqK8AD8o
2006/03/11 04:16:14   MWx1z6wsOZDV27Viq8HJ4eTnUNk3G0O
2000/12/21 10:42:45.307491     mKJMrgY3PrBbVDJvgElGTRV6 cczR5 6JSyQwhgDUowSG8Avh4G
Wed Aug 22 06:50:38  Tm9zpsk7va4GHDqI7YszQBS3AkRoGoVuWBVUxW3t13RU9U.MQFcGx1Lo.mezU5qxKJFKE53lW
Thu Dec 21 21:26:55     4uKuXFT3KAm4bhyvF2Zisq
1996/07/02 04:54:41     mW.0YzImY 2uuK3UYLXUY0SBEnl4V Wm5jjKS6NvZirj j3q9ehRy9SygaOt0sT5FGF8pRr9n7CcLBKhEF6vod
1991/10/11 17:51:03.530932 rR9CToQ169a838qk kfD Cy4nqjGP4zG6z47D9nnkTRBkLWf
2014/06/07 13:31:23.586297 n6ukrapvhZ7Ymel6ZXJIFeS.INXJ.0aHNa68JTQf2N5N6w0xZvsEGIYTYNOXrTrKEwrzZB8moEnkcCp7Ynz9Vkv2BL4ysW5
2001/10/21 02:34:03.318253  8XgMoFq1sdFfg6G2jd4DFPRDKlOGFz .rurVNuE8BKGmPOgvTKaCO lE1
Thu Feb 13 08:19:19    qsG zmqiIfNZcPhbLgxNxEeHFlsXMit
Fri Apr 03 15:48:10   X2ttgJpnS4uHr
2018/11/05 22:10:22     ofT.DxmOErf1LretpkE7
Mon Feb 21 22:12:12 MDycYpnkWkWYR3LZokkIWyCPye08Ida2Ao.kwpfNs9VXCT.l4ZPfUi5d ZHiSkIZSRznlGx7hU5cFOHb4YT
1996/12/01 19:55:32 I11ePrHpxGXBDPwY38z44eSFZkdYlDuNPwDQ1TJp34sP3R
1994/11/16 06:58:24.146176 VOJIYCwsBPyKNFhJYzb5mnwZY.Cx8CIrkFz.bAxalcJXQMB1rMAcHPAs0SN1I.wft1VLn7XRbP3npbnIpppj7G4mHv23WKIzkrt
Mon Jun 09 13:20:09     gJAiBB9TRRRYnrdXdV9C5WVCuS.vupFRXkQESqlomUpw25u0JECVej9oZ
2003/04/08 17:04:56.791625   VBmrXBeQ6Ny .tsj8ZNtUG7v9h1Myls
2017/03/05 20:41:27  t.5EKhlXqMLpGA2S3pY.ZxsPxx391vP 2DB1tfRnoDI4ns.b.AqZikkkDoYUZBeuoGVSuUWny5t8VX6I1jOB63 wm3m qAYGxx
Wed Oct 10 14:08:28    vshqReiSriUApYKQm2tOCJCX9MTTSI6Z83bOgpnxeupjfTIh1KTxwf.noP8iwoB
1991/04/02 13:57:29.663304  HCFVGvqGFqMTWOMOCTeQAgiE Nbyhh
1995/02/09 07:45:39.440148  QBgHhJtE7QCvCM
Mon Nov 24 17:09:19    k3DkE.JzXFswzbbLNXrIj9ng5whoV
2022/09/18 03:22:11.495786     jO1TrYHMb8q9uXdiCPrO4XzbIifMXiK1luUYSCktEUMYOkCgosVJ3Yb6z8R4G1
2001/07/24 09:17:27.593797   poyaJvQpMLp7vhykYo0TSmAJhrVz2NSf022KsU8i45NoAHFqnZxpSwZgRvtwRiR hJFNUPHutOrI9Z1tDf2ctw3J4Uarbu
2022/07/02 19:16:43 rh0 YANMH1zsltyCm.sI2qS0CKeTu9fwJhn3hP9CNGXQQZakvnAyRO
2006/05/26 07:28:12 qrivo5susdo2i.6YF9FfPNxkWeDLVUgM5qydj2bD6 V2gA4k7lq2
Wed Dec 26 02:44:51    jA4QyePAvWCbiLflUyiUbvo67UOFDv3EMQcrd6YYD3WNKSFKGxhZ8fAVJerYOp3xXpK67K 4.OYXmIq
Fri May 07 02:03:05 eHaNS4xmbZ0PlLSX1VHxGGhRF 
Mon Mar 15 09:57:29    Ru1cVO EduRNGhx7k2It1Po5Q9
2006/02/05 04:55:55     Rxb7o3P0jXqH84GV0Q3 .LCdrOtwR62oXpBwiabTp8R70ug.GAkgGCqXg8aK7vYl yfNEqD2DgYY
2022/04/07 22:48:34.637830   7KLZDJHlsRWa 6FBfKcO2VtIz5Lv3eE5AfdqxdjjjzWdDo.Kk16ox7TwxQz2pYgGgJwxFmWb
1994/01/24 14:45:07.320966     n2uDBI5t.FrdvS2MAr0zAjH
2001/03/15 21:23:27.635159   9uPu0MrKZCEyWxo6e9j2ubfL3PDWAcR.uTDGB5B43HwscIpj0i5o4
Tue Sep 03 05:03:04 sh37Ua2mcjPWlbeT8ZDYKe1XRtdzJLKiLs4o9aYs9nrHmS2DC6ezqQZwW1XADlG9p
2000/02/18 15:42:10.813377    QFViYtwDHJYrNnymfgtiPV5FhaymUCXZ
2004/02/21 18:34:12    H7noh02U1vOgck7Xy6 aQy37HYxuD72SVWFFzRy9TJCqcKZHKhZK9Z
2021/12/02 14:07:56  ooIaCLEQik1VUpbSc2.FE0Bmdnc4963O5Rs46jbUvCiZ.AAqUzt8FQO N0ko9Xex1Z ioQOvrCcUYW8AllImC
Wed May 23 15:45:11 pXYu D6h8NY1qHmdUPINRX o8asBE74vlhafa9.GpTxT.5YxeJ0nMV.sVaNQ7VZ5.HZ54Z5nqe60E6vl.TOd9lQU
1998/02/09 06:50:16.971397  Bf03gXwy8i5NvTXiwoqbWKyRFmDyYDmU
1999/08/02 12:16:18.200504    .BhFndxrsP7dFBRNyMdOpOuB I9X2Vc35CFiLswaJrtFOLlWoiB. FY59P7KpwwQ6scVTe4tHnWohBZI3RSJ
Sun Apr 18 20:32:14 DgObIIb1iDcLWD
Wed Apr 11 17:22:10 RYykSfXKQvnLYVY0K3jbtIhpC
2018/04/17 07:54:44.486186   damueBgvSDidgoQqIj0ZUJwH25LAsxMaaUR90PNoi
1996/06/27 12:27:40.358149 1kW.gt6WHGekyNQ3iIdOGfSbAwu.70BQXB66yphZPP9bJkn1dd5edLQf1mOMbykUlQsF0Plz6jhcCG1
Sun Aug 11 14:53:33    SaUCeUImbq4Z36Zmy1dET64WPzDKcBCC7YkT4Ki4XNMBoZVDF8zONyihHhrcZcJiAhJf6J8
2012/08/19 21:19:56   zIgik2ofAV8aa7Uuca
Sun Jul 13 18:29:20 Ad12gLEmxRBP8WIRi1picTO0Od7I5QTcZpSOTXxLns1FZUhKEsi2BWsqm.ObhpiL4EDS
Tue Mar 04 00:27:04  BascCcIXtJMX69HCd0lBOwx..3hNOoHSvx8anWsCry Oz uIfXK7qdao2oCz
2007/09/04 16:42:25.622035     F1vx8GRCRUygwzwMJnMPZjOIAH.eXmb2lTyzChkPqME43F528Q0X88gxAyz5cpZ hJH8wjep2Rm3CQKWVlqn3S8BthIiI
Thu Oct 25 05:22:46  0ZHEEO3EYRxHY9ROPhieNi2gV5PtXCIDL9KyxG8uqBI81RFGxGQm1FoE1eS2PBIjO61qswtBpj2QADGNYHgpxjGF
2004/05/27 21:18:46.442960     6XVsIRfLSs
Sun Nov 26 12:20:13   1VEyKmznVc.SwcyQ0Z
Mon Mar 24 01:18:51 IsxIlAokNdiJK1KmF82S
1996/09/25 23:53:20   6tHDGPlT zhdBHtGR8azeYC1Ej251Md.Z0cKtWErkwtekHUGKSUYecbmjag Wb AkmTBDY
1991/10/23 21:28:38.574474     pMgCJ1jfueVACjYIUbW8rfvTT
Tue Feb 26 17:15:05     i93sVy7CM6kilJqQj578GIBi.Qi75pt0
2017/04/25 12:04:49   yDbx4f3xuQp3GwUU6PFc08gfJEyw194XC2gBFIO6awBKcSOsui4i.ZYJq87
Wed Nov 08 13:04:22  IC63Uem.w9wQEZ1rwc9TuALFzYsqh0SVP5mtHbyvwU8wofi2qoau7Qrh0JGBKVaUiuWoimKXB3Z VxODP C0DrOw
2016/06/26 10:12:22 w6QfBvPdtmhnEQin9mwBEESu4dh
2021/10/18 15:47:24.836015  byfP2A1LoVKYvTIRFdY6mj5dDO
2018/04/24 04:19:58.956792    8s1N6i.2KfS6mwsh7QcYu
Wed Dec 17 23:18:12    MyAa1dSMNsIqXB7JopKZ
1990/10/11 02:35:53 HzZLWfwUNIpjObEO53ioBw2fv3iiTstfXWjihQq3LhtfIEi8.arUHJx61QRK11GA4LKjj5mm1x1Ymu0tzjCM
Wed Feb 15 09:27:59     EqqQWp2hcA2D
Wed Sep 25 22:17:42   SlOePCXeRiQ Lnx
Mon Apr 09 19:09:02    DJxjob.XIqpQp5pzYhtLaOiVc6wPMrgCkzshdm1zPgc15zeSTQECEim780BL3.52w.en.h
Wed Jul 22 05:34:00     M3PuZabBwSefAZqDU7tWBz85XwoRbAZZDwf
1992/04/25 14:47:13   sGtzhFNsZte4Rk5v5ftNGekTVN5NslF6XZh7mtEAhrbzEJm1iZLxZ
2017/05/11 03:10:01     Z6bLGocXoVolU7Cakyjm3p1kntpEn1c1Z193UJ6ap6dDDBbGuqhUMrZvtRolmW8ijGbyz4s5jzMyJacCQ43eSj
1991/10/20 01:35:05.685696    liNriUnGn1J7cfsH5fWC9
Sun Jun 03 16:00:49  3yfNHG12elkp5
2019/01/10 01:14:59     jmH8CatYnId5pCrPY7Tx7FCVyi5W7ZkHG8U4ZV3VrHr23s8AjSGZWzPPCGRxwVqpe7.g2o
Sun Aug 27 12:07:50     Sn GWVcACh8t4lSujvYOYkjjITklmdbzM gLK5asGid5DWW0HhPmAHNgZHZIjVm hc7OWuwp3Hyv6se8fQFlGBsFN
Fri Jul 18 16:00:47   cqa9rcZMLKUOMG fTxXBV2o3vQy6hU.UiHojSKyHU3iR  g27ahHxXKZULwIO7uqS0Q2qizQ0WriHTokwp
Thu Jan 08 17:45:56    r4s rVdAZ8CTRwKz8wM A0Mov3.onk Jpmu493WWDjzv1yGnr9XmdrvdT4nACBgcKHUsaaBoF2UpfG7FkzPT
2018/06/08 21:04:42.379965  lqNAmuB5DqaVHZY9DrVrxHEtbQ
Sun Jun 11 10:59:10 2RRRJX71GqKlP9axwMaH5nMzpBHqWO 8.yQd5Zripk2Nd jll
2014/09/04 00:41:42.658114 eZQpTKaTV4VizUZ.4d..iYiyTtuBxbY SknNqUuDTYpC eeEcfQn.E8xeufW6ViZV4p
Thu Nov 08 06:53:16  f3MNcN1I97xrNAhyY6.MzZ8Jaup.ie043GO3zhkZxEaAiZhlw.FPhAUTxkD39f
Wed Aug 24 06:09:38  a.nWAzcuuz1osRtXS7z9Ze9KozyaXCc7v1cZskR
2005/08/18 11:37:20 cPJmdFM39WnXAydqkgY yy2NYjZ6MfHX.4.5qMOvgEKwBR3AA6J7QTqT5riBvUV19ZoSaNVi
2006/09/25 17:07:27.968445   q9Aq6hdyoDAtIsCHDFrOOgrLEua1j4qowJQfofuEQw4tcaTYApTyuSL3tdbGOdvFG1P6G3..R9jV9o.
1992/03/15 08:37:09.606420 6GxoEskzkMd6kEiTdj6AdYxbW41XQbOTbN
Thu Jun 13 16:07:28     n8B8ZNBl2KGD7Am4M6HTnROEOcebFxM5MK0sF9KgHisSy.sZF1ANHbmA501AaXnB0H53d2OlzmYueQB1GMWC.44rlxHI0LFM
2009/03/12 15:15:04.43473 nW19ulc42EmOMu0zqN.GJV
2006/02/28 02:20:46.189727 vtSAbliLIpbbeNIQpAyUMncjrqk.QlqfoNZ2 dNfYkQRqDTSOF1O 12rFhqZrcSLGGbfaLnPvrOeC9Xv7X38UlP7dVS89e
Wed Apr 09 06:29:48   jftzRSLtN L7iLTMPaLftcsILEewtFgwDnuIyEYVjT9KjCq 3LI8wp7dUwCoB tN A0xJoix72wMumb7MEApT4DZnGgFJAPbYcNw
Wed Jul 04 03:40:01  5aZ.E9DbbKSRs pXriCtA9b2HUOp2DM2xOigptU8RisIIlILwc.mKVlpnLQMvB2zun2yc5YXgEiIomsodhYGpuaCynmAyTde
Sun Mar 23 14:09:05   qBCcFcohrl
2014/02/27 03:05:15.505354   wmiRBN84W50htMNxrfGce9BiHLLzBL5UtPTVaRpvux7ZyX4o
Fri Sep 07 15:00:04    gcmUOr0vuJN9xeb1Nq6Hi14WLfAetwaK31mAjXMtrTamyBrHLWy7DVKjEC2EzY0L3oagha15SBYJee
2022/08/11 14:05:25     h3O8U1DZs.TSxoN.x.Qyf9uv8pocBcj35D3sMBAdE9alrPL1dpt cas8docS dIHameJIfjtxnitv4LonAyutOcX WtJ.y
Sat Oct 10 23:38:24    wO8TNea5nrX mDXU8ZrXSUFnipqr 4U501f5YY V6dTbD8akcV96LXdsvZF KK.DReCLzcRCecBL
2003/10/17 13:38:27     4aQoWR6Ecy9JCNfYE
Fri Feb 23 21:13:32 rWRJqFwtA.qJ3LnJhFzuvPaLIPZIsPLI7mKzieEnfTae4tmMS4i9Kt9Pz6IXfm7FWp4qc1Eejp
2004/02/17 15:10:37.899904 J2RNWocWTKDg1fwZGhfJNhjxY O2oXrZQbor.gSNuQzSSiK3d36BKvWR29rWfl9usQmxN1YTDM8OiHFZwP
2006/09/04 18:46:41.355801    2wBzsMWCAI9QQLo41bwIk2YPHICFErS7mUalTCD14KioBFbQTxwgG170kKN5NW2.GzQf4xHd53y3S
Tue Mar 09 12:05:00  Sld77ESaJVhFvMV0H
2014/09/09 13:39:16 GO7sagQJxiM1FIfws4
Mon May 07 15:47:43  vP5ElRE6NhkN.jUB
1999/06/18 22:38:47    ZyMSIwtNTsDTz3Ut9k29zLEM0gEFfEXsq37s13Uo0U6UAzaL2AYW4bXMRxF1ZTWsY9iNGjhxTib5sr4qvA
Mon Feb 11 20:29:29     zUMVNAKn9GLlzX.FVI F0BC4albIeHZaEkjQnH9
Wed Jan 21 12:02:06 myCaS5.I7aGQTBo07FQWt3s9ZC3pwBVjnDgwgTv.3 zwvJcyNndkk2
Wed Apr 26 17:28:17    fjs2zUmD1NAoeQ1ezWyOIy7RQv7DKRwdnndSrpbPSfu5Hpc8HBBEHH3Xod
Mon Feb 28 05:08:40 EHkCzbDeEJRfe6xfavc4xWqSydDgSMzfK1y2bp4kd HoKDQRENGCbNEiJbYstdREvY.RvbxkErzKayTbrG1GjPwPdAwq
1994/01/20 11:36:52     GuFv3.nyytpcuhFxHYu8.6OCybJau1YFfBggq7ViwtTcqDQOxUsX7p2dZRXflhYpbRPLQqLFppTU6LzR6OJ0FN6g8C
2019/08/24 07:09:55.570647   8e4DRcMe65ilM6vrIqqbXslhNNeSTTQG.isMyyIR2hoPkCxLQfJLHVg S3pRf2AF4yraH
1992/04/10 08:19:11 fPorx6tuggfYIrJYR9v2dsAeRnhEJH
Thu Jun 23 15:45:23  cera7nwcGV
1998/10/22 11:15:42.269865 vDp1jUoybSqHcvvdHrZ1GwPjTXrrRQnPXijhfqD9fuLc6dIDDkOTLyFD9
Wed Jan 28 22:41:08     wyDv0NTicvNR
Mon Aug 05 04:57:54     O83DOPEX4ajTE
Wed Jun 17 20:02:46 aVlHHJ9G1EAGzIb2tDJXghj uYbupW8W50fZp9Kqjb8aluH7cbIIsJ1haFje0BiXP1tr1KnhI HHwcLbB6i
Wed Feb 28 13:50:44  YRcAstg45jR22k
2013/01/15 05:25:54     Z0.h2KAQldIlR5I1mO.pNGdj153anUtKqT6CSM9EWZ8zw.CR3LeU1wbRQk87G
2018/12/27 17:46:44     KPQXfm4ioSUMyy.9xSr7abxZ3UTD1.5Z86PWILCcNHszm .d4PzNwatFugbKlhNiydBzicpQp0NJHughiUG9ZnX3z
2003/11/15 01:49:43.517432   5hEb2zbAiSR5Ts3oOtnTZZ3u08xmrhjB 5ca9DQKpzMpHa0ffcjLBfHYB QqexrLjteMwzszF
2012/12/13 14:41:48.777963    8jhQsuj40TtmHkY Naib5CSMOOOpFkpQLuLvxG3440SJthp6Qe0RYnkh2.XX1WsromNp4.ZCMiGaWrlIQq
Sat Jan 09 13:14:10  7mKZH0K0opFkgaWYoeU9o0pKXm.n0AnCA
Tue Jul 18 21:21:56  WYirhx6u.bgz6PR4iYL5Npts1AVT6bHfBtnZPozRMKvcPuHYkY0iyOcQ5picXfTGEN874 59ql6O21206R2tr4qCq
2014/07/13 11:58:35.307336    qTp6XnC3yCBgCJ BCZPMkxeQZWUZGwl6oUIYJq9iT5W.ArZhBabLNcvDMyRucMjllBYk.KCUR
Sat Jan 12 00:06:56    EoBn6bOW09JTOpL8pRSQ7B
Mon Apr 16 07:01:20    FYmKKLnoM4AFsq3GtS16pNtc2.sZPR32J nvjOc.BMuVXysb
Thu Jun 17 21:31:01    0yzQ1ZRcAEZ0Tnxjw37W1sRRI6iSOn3NmxoF6dtS41iSZLtAllB7gEOzM
1997/03/19 02:36:28   UYlb9vRPYKKiUQcMylPUvGyqp0zWwOVtKP1ZTiRUXzbr8GaSUliVQLwfPkkbeTcum0tMFI5tQYy2g2tSl4hQRR 8TQ
2007/11/25 07:21:41    FFnjId1ArjvcT9PXlg23AQixEXYR BxL6gTx
2003/08/28 23:40:12 .2GjO1ht5MU3AtXH4bsmHu1p6.GnYsCyKOTce fjPqmP aEFg MmQxH9XrkZr7Gb 1TPrrJh8cA
2004/12/26 00:52:15 bKjMeXQ6yUWbyewuXjJKI3dDTGi8JG1TM.lmylNBfxC2uYPY8pyecyDvhZK2o2XIxVUvBV.2GnbbrZTk3Icn9vh.PcZ e7
2008/03/09 07:44:01.484312     FjBIdvgcvXQuygZsmnqT.HqUNxKCBcIGW3msScJOz4qzvNni uo.QVX4 EIjpegeV3Pfdcp8Yz5n26mC.BOEIURGxdLrr08v2mR
1993/12/18 05:27:00.770189   Yfspz3ilOAXDXdFMrlPTuSIwuApJ9MESue L5rE6EAzMEdcRBs7li0q
1999/10/19 10:50:00 PfVL1o8b1MnJLGJfv8n7s.cwB7QvL4v.vQMZup7juFgUH0aUQGc0eC1f r64svQ
Sun Jun 02 18:04:34     YoHkE.TTNwvSmWBT3m7IykES26pSIVQSqXtb4lzlGUd6d.5PJKI3LPzQ26JGFFVarQcyXDwv4QF3
2017/12/17 05:23:16   7Up05Xw9w7Pm5krH.izsjXuJ3jKDJCSgufiXxLt0i3KdmPafEXUsCd3qVm3K.TZciydB5pu9fXgDZ
2014/06/07 13:33:08.785933   Wh5 5k6imqL0KN.n.l2
2005/10/04 18:48:27   nUeJlDsYEUREvqEQC2yUyAui GTAAKyhPFZq756nhOCoLOTBiDLMgNBtliKwAziOdceQu
Sat Jan 18 10:42:02    ap 9Wh3C2AMDo0Yl5OUsDy6W5ilUtYb3RV3ZS9W1H2RVAM
Fri Feb 21 07:56:42   aO7.oO1dbQykxBOqovi0SUFh4adU8c7ybYWURX7i
Fri Feb 11 08:38:32     HsCFUnzezYxdQYsNChOrVO37yLGiy kHVssWDVIjf4SJhczBx
Wed Nov 27 05:32:09    s5 J9lyqaRnUzcVq2t8nZY7m60TCcLsBWGHRIXjpLOr8pvxxGZOzNYMc1BJcdoT3xAaZQKxVoxw M7eHBjWuEzXRympOVG5zqp
2008/11/23 17:35:26   SJLVHJuKNosbeZHyHGQeMHH3iwojTENtECb79aPD13MJJZvuLSGBp
Thu Jul 03 02:52:11   RuI1jh9QTaYKG.h1fY3mgi5hnvL10ZAfsZVm90q6w7OqNKDuEXd83vzv7rjs7dwz7IjQ8gCSpygcL7BscQ
2013/10/14 09:02:12    KppBm3C6NhJknz02mNMVDFWw1cOog
2018/10/24 19:39:01.671801 uxbzvpQJm7reRs.
Fri Feb 27 21:45:10    wB cUv6c5uBfa6Dn9YO edRROSiZAbl7Li9jHHeOIPSOrl8yAGyAztCW.Hwn
1999/05/28 01:14:15.91284 1ugp2h LDl.0Fi9dDGx7q2CondJTyRTBvbEpSGLig
Tue Dec 14 16:43:05     u4K0LrbKB6YX72X0O5A7tUkxFi1dFR CIdRFYmcULJ206kzXegE8PXGMTn93UsY9r7rti
2010/04/05 21:38:24   uHmrQWKbstMuvqpM2BdFM371iu9FxddAF3XRWD0toygOyP M3hwHksKHUuHUFr 5oo X.JXtMr9WLbW2zHIarwluLbVPQvs5M9
Fri Dec 04 06:24:16    pLCv6feklHwdF Am4kXxTTmzGguU4vsfDdEm8yOGSr
Fri Jun 10 19:50:54    WTLO.r1s7jWd15JylLoAwuZbhfgzaoaxwn2TS3Eo1U8iOept0DB
Mon May 06 02:53:21 x0bSTgTVvlQyOLy7B
2013/06/16 06:26:38.318824  eGEt9mYfTjtNKgaOEsisbsNacYfg9esyA2LdwTvk92H74TX2wqcN3KXziL vfCutcLkW5Wd6J3xZL1bs76NtUdLrCsJ
Mon Mar 27 18:44:51     eQkbmoAaVMTXsoKUdm6LT
Thu Mar 04 21:34:06   GDN0spKZbEqA1gEDmmH0vJBqyu4m5lJg8r9PfNalAHA7AnmVRw9KroWqEVfKyuNDBUXcGJ4L.wPB7eX
2015/07/21 09:36:04   5DuzZ4ZnqOgxXgNmlZ
Fri Nov 17 17:36:44 n2dIphgQF47v2qGREIioPgz9ZO
2022/10/02 08:21:00    YuNDV1W6.wX9jkWSx49ZJassDdHUPz4qf7BnNSP9uiG7mC2MXf4pt0svWWEvh0lt2wgl9P 6W5TiAl
2019/04/25 09:33:11 lBiPDSgtB0NVTp 5FecLEQQ.eemOB4wY88tUF2BB4jxDs KW.XYDb09.nwU6inqJGnpuPC6dRfMgoXFqCWMi99.jGCCh8IOl
Sat Oct 03 23:38:24    nME zbqIzZbqRrjaEvps5 eLXDR1ej5vBS0sD
Wed Oct 04 11:10:41 N37O7Xocb7
2012/11/01 19:33:03.127198    j0DQVlFAGcmj nJ yJpTrb
Sun Apr 14 13:30:44 ZZejW9lfSKhHmVYKk05fQemg0NE5 XvblW4We9LIa.vtm6NDiSvWbRaXXNMkskBDIAAP iaS ruLpkUAO7HCARCsy02UsLfkP
2004/11/06 10:57:20.320813 UTFAcjjiTpO9ABxottZrUB
Sun Jan 16 16:48:09    5xOiiQ63gg151nnuCIyv1 NGqrWblAZF PjfWWG50UbIAFf4G40Us6LhpAwrAth55b.F9EuOUpAo6dgNWSdxWHLFcfrvD
Mon Nov 17 03:02:08 faYuq0Z0Q 
1997/08/18 19:51:00.157877    IbNXZTtzG3AE
2002/12/15 15:14:53.15326     UnV42ZeuefQCK8G.YWH1ukZCu9P.P1fKe9oMD.MqLn5C5zouniEc3gk0whtDWbG8zE2JbzbGzWpxRw83u.TjdE.0Tp7Gb6D2KG
Wed Feb 05 18:00:56 YTXSJLmhIHQLq1KlU0AqT
Sun Feb 25 09:52:19  4wt66CIe.Wxqnk7DbS cbgBMxhJ8
Wed Oct 07 23:08:00    7OMEL30am.L.CDDykoMlO4qP8LR5Vplgl5pvu2A1XbptSSY87FxtsasqlCdlx8UKNIMcewbv62qDDBqSoYV4 GyOd0
Thu May 24 20:36:00 PeFK84cBZugQktDUe5Bqn9J8voO7rcszc 1qAdi0ca3js72U.wuB7xOBNnaT1iNjTRyIKraZHsocOQTkzGdXi0Cg1Da4kvYvv
2015/06/23 08:49:26.759687    wU64fykWPDAG9eHRhgV9K2W8jd6 IHB9oSbNndfX
1990/10/02 08:47:13  qjBWui.QEc18atJ.FM3A2stu9POsgYqoALLnzfnWLFSeZ3ToDXsppCrlFx8d50IFZGcuBmSRNUjdx4cbWcjsW5E BTV
Thu May 26 03:02:03  aYLExPYgxGnuBQtIM88MsA7rpDsG.RZUjxvbviAbkPrI4UhGEGE9XdLEj5FXHsJY6aHnLReOpnDWosloiMg
2012/12/22 02:22:19     5.M7t6cmbgJ5EIJG36lsudiNZxDwbgsjt1XYMi.PhTUEEEIcCvF5EeDBClO5tc0Tc n6uIfOh686FPJDVAb.XDU4P
Fri Aug 21 09:58:17     1PQpoKvFK7 7Q0cF7NhzFITQZ662K55sT7wXWWDvVaH97d RM.vV.29VL
2006/11/26 19:20:05   dtMlTo1c7H10w6jZfqTvH2RUCaOIsI9M5eIWS0u5efwR.WaCYJHtSogjoyj3xdwx9TFd
2012/12/06 23:52:02    4fp4wZvrCFIcYYNLq8Lm0C1OAfCPpry7hHGxKWtCTIjNGo3Be0sUnuRpV3zen0uEIbKIT2w0CaPMm5QLwlntF033gil
2004/03/09 20:51:50    pNboVwPbtQ8HenC4b7KgQhMkrJYHti m58ZMMv 3frMACp8XQxIQz7Q7
2003/01/06 15:38:50  YnORgUHOJp6tcwtHh9hoY66ylcgt9coopxJ6NmszePkB9kv9Y6FdVcUUR2LhTF
2007/10/03 02:03:07     DPoeJC84RxA0SIhBN0c9k.niZ1E5mmFJQ9H4BPvlDbGFMbA68xSr nPwHsHICHAefQp5m
2007/06/24 16:20:37.959463   fJTeReWj  1sr.hnuUashLp8lIT.WJzCmBsNg8wsLnc
2011/05/04 09:27:03  48sc5VJSmCNzVaLzy0ToGnf8uJoaenj7zZyA3U6ShHKTtQMyp.vZ8EsFLqVu.uYzWeIcZK1d86M.Io.TH9CXA2P
Mon May 04 10:25:21     y7AmcE5E47FoKPru5dr6RicYc1e
Sat Apr 20 21:49:03  k0e6qKh2NSQE2NBQGwjCYcIJ8xkn69HGEHkuAYpSVeZM4Y8AFCjw
Sun Apr 25 09:28:59     UsvT3JD5TC7Z1up2LfLMPNBQh2IsyEJm0e2k33jizvjWtjJBRgknZP0W5A0YWQk4
2019/10/16 04:27:48   kqCBlJSCCQ8f4W9vlWwluwGykZ.bFbO.u8WVbqjuSSpOqSi1LRwMuIisfIl4qiZW9u0Us4vDhk4z9Zfq
Wed Nov 11 01:21:32 aqfAl593oJBaEstmbuGSDCE2Z6F5vaGQmFB8yMpN.0G1g
Fri Sep 09 03:08:28 SuksVTr.olC24BTliSDU5l6zQ.B9QXKGg7haNKzzKvBJ6Oe54I11q8aItML 4RLWxQ7A71sV0QG0
Thu May 02 21:24:46   VBlPSFFbeP3b1t4N0BStiakTBIi27S.FH5ucQahloK6Fl9Qb2228CS
Thu Mar 11 14:51:29    pHFmo.MHdNgNxMboGHW4CYCylGS7Cm4mm5A42vvEuFZBSh8DERunm026p6TmHFRwIakY
2012/02/12 20:59:00     dVFWu5cLpi8Jq.2dc2GwvwG.LjDEruDRHM ntR6XtPObmYcdjyn8iK4X
1993/12/08 18:37:13.414964     dWEr7QJHEZW54uA5QAwEMVQCmuZunhKsc2Ae4SPdo6hE5HksOV2m2cYdPFl9MR7WmK
Mon Dec 27 06:31:31    K3FgAtiavUPYHaPQcDueQfiQTJDA65 pW
2014/06/06 19:16:41     7S4kQRcEf1yBNQ4CG6YN8K3MW8avm p8BRd4enQHmnC6h56tbcyIEAgm7.fTqgGI31HOuSy9Pup
Sun Jan 04 15:56:36 NsVv7ItXGee.8At.Nfje93rs.ZmWO2xFBKrAf.aVT
Thu Jan 22 11:32:11   .qMPgRPYScWoba22yg9jkVOosuT8MAtxhn0D6rrQyVRdTQIBh99qmZ7ONcvD
Wed Aug 27 10:37:50    MS5X.P613b3 a6yocSWYQ.LIyWJj647bcWOzoKvEQq1iIiIlca2c1tx3yl1pgyl
Tue Nov 11 18:23:00  QP49bPa2lfQwOoDJwqUk1dUk4Nky1yOfI.a
Tue Apr 12 23:08:14     XY2tbmlaSdaq999GOzFhCzT274Jw5MLzXQ8zsy50KpG6aBM861Ou7vbu8ttr5N288n4hD8L9kr8pX6M
1999/02/12 11:45:36   CdRqEpXKiADS4froqX0ZWsbWDT2bw2dM2nXDg8BKy4tr9r
Thu Jul 22 11:21:04 rAoCuHM5Qu7iy9HNhn8sAzBEOJwQIHyX3N4HzoR7CDObwHx281Cz.kNOJU6eYTTUka4UrZGC 2r
1998/07/03 02:01:52.625824    UG.wBztJV0JmVnzGf0PqaCjwYhSVndMHDgcIIPbRo75PMw8w3iYRPxC6hlY3lQ.XU4lSCjLeqWj12FAGJHOKypAXADQaEANe1W
Tue Oct 05 08:10:39     T7g9zOxbpMiBaLC
Mon Apr 06 12:48:44 8rtBA0A5I9HrPOuErjn0Rgn1.ErM.Q
Mon Mar 18 07:19:27   zADJK3a4y8Ux 5Ml5E6kelvW.Q4 c X1L4
1990/10/26 04:47:11.92989    ComXDmlRqJIhLPbCajiiQJMaprEldjfQDYmMJvaWir4FCox1Bo5xh1mpzzhb
2019/08/16 05:47:26.525586  zoiZX.qtfsIh3feyStwkPfJ4mhgpqgJXLXUSv8yIFvJlnZTYnu.O2p WcHOCdFTiVAWiL0wsMEThK8DkuZsCNrLpi2dr
Fri Jun 01 15:05:28  4kapBeDnh6R8cfaEdEF1Yz
Fri Oct 06 04:48:21 R.4g9I9kLfwE3B9QoJ J9Y 7hFB.c8m9eM8x1 zivwbwmZF3FkW8i5IbvC PD
Sat Dec 24 04:09:50    GwB5MMCIFkgjo0XwhFM LTCeMpQod9cCWSU8alsX3cdZ8
Sun Jun 13 11:34:48 I6VB1eBOgh.NT2L1akF4meBtA9Jw7diRXgXuXbSLCjHF7 qEfwfNkqvyfL9b10Khby
1999/05/19 23:14:21.89612 xAySMKarELf1n338tXDzH2SjnQz6DkJaLmKDqw8Hk2jBi.Lxi7eNz55bZROEYYHb.
Wed Sep 13 20:10:32     qTb23XksN2H9nDgNiZQ
Fri Jun 14 20:41:07   SfCgHi3q231swPed5z3Fi7 vDfvHDVMRY6FoY.uWEansnRWpNcrRFjJOaTOQoC EzdMPoJdDrt.zv3dK
Mon Jan 16 18:09:34 vw3lNgCPJaDks0N
1998/12/10 11:36:35.720757 gU7i7CL1mEnZri92J2ETyPy 1zJGWg716feOpw7nwAN5Jg0VLQakgxxGOlxwW
2010/10/13 16:21:39.304728   XlQihtLWWF
2022/09/28 01:59:57   5vEg0jfpBp4AScrNIMAmIMCFGQ284hZFINypllFNQEPH52zUMdh5PqMshTO igtqpgm2z4L4nsyiteDEzJmC
2012/05/27 01:14:45  6sl3VRJD2CmjsEthr5Yr8KlX5uarJUoGRy
2022/10/25 12:20:54  l50QuhCFUF
2000/07/16 10:53:18  qBJNX9AyW92IK.ZFDhfR5HcvBMgYp8XHqkEMOT8ji6zRXLzYEkRdsX5a7ggdLz5UXuf52ifWbQ6JMwuGCemK4J
Wed Nov 25 20:31:30     .xhefmC3kHwciu4I.mGuEe9FxpgDIQdifl0tWhdAm4A1X8glWJ4V7mXqRYjk
Sun Jun 06 13:22:31     bLIo9pLV5SI6Jm6hYCYh8LRd95xRhAZhlV 3Kr1ZgM4C8NdrdxiF5SNty kyq9UtYPYtz4rIzXHQ8M3GcmtL8VIUq
Sat Nov 12 03:27:26   vQ57dy2VvOhh9MgSHYmppYhoOJXXvTxrqb7Z
Sun Oct 03 18:47:27  bNHzJ80q6ttmKIfdmdg.DUYBYu0RVqT1dpGe3cpB5DZ8He ohZOh 3z5nXEzzleZffbkBfOIyq.D09nLptf9k
Mon Nov 02 18:32:21  UGSKbnt0TdN6k99qTtMjWNMv5dJYmshKWgDJNQvSvgGcIuXV2MQLU hUGkFvQtE0BlXsm5Tkfi vhbhAGmwJFk
2014/05/16 04:46:19    rPxLP8XBpCMiEw
Thu Jun 13 19:29:59    SIi9QL.MfMk
Mon May 07 18:26:26     mUybsjM88exGhg8aiBO2sC4GIFCURZ0qnOkoAK5rO30ePKHyDJayoltVm qlRSetW
Mon Dec 11 11:20:01   u9YwG Z50FDljrXbvsKMmTRFPcgPBRsvR XJni6Anw
Mon May 07 19:06:10   567TajN7x9
2008/06/18 00:49:26  0oQi8UP7rCCQYEe3EcT8gajSlAER7b1tLgtNaH.aXCgc9MVgojpOJk6CD9NjgZd9 CW6lmZapSCbofgyyEdgL4nMm8xM
1992/11/07 08:41:55     zHDh91NsFKSNxDsR4H6
Fri Mar 25 01:29:34    iGhT1hJZhPvhgQrAEy8E
Mon Aug 03 20:43:35  eRv1O0dFInPJj
2004/11/21 00:17:20     qjNC0ZY 3aUarJ16 xO2B7OzBof PqBhZxXx1vZYFRCZbSPb3pY6YAm
2007/07/11 14:58:09 LCrWpFSzIQbhdFkRdlnxD6ledFRryK93nEyzNKPQJ5iRs.R7
2021/08/23 04:26:23 lejRJsf2bNpEmdjlFKy.4RkOtHSU46UAgkQSj8vgoMMZJxp0Le2TL3grkZbZ0NHndqnpBpwqHzhoV
2013/01/28 00:16:20     IfTmlfgx8LMCwVyq32qPVZM.
Thu Nov 04 16:48:36 7x8gcv huPObY2MlDIi3E77GcC9ijrQvVnikwzo757iwIYueX
Fri Aug 05 15:28:42    Sf54WsiFHculxQn8HttWgOcyNa5TtYTeQe6UETg
Wed Jan 20 05:24:06 qHY5FFcBScVr.IUK
Fri May 21 00:07:47  xPRvz4RKGMbEsgy1y3zkgIREyzEgEZAtee6uU3weI0sEiK56Dif2X8Ndp17GviHUhQvElIQ7Qg
Wed Oct 16 12:35:32  Jsn7vaLLx kQ1zuONkXi15xoDVrUYVY0xkNSgbC1N8rLgYd2pyBGaYoYkvAhhTuWK84WS2TOYkY
2001/10/03 06:31:27.593004   gKWy63IbfonEFB lPyqcJ5Clr8a4ZD3HPjmYCUsSkQcdbCr362HzqlXOL1Zi3aVlYdeZmohmXV nDmRZdnj5Uv4w0rBoE
1992/11/13 15:32:29.972796     pO62WTT28VDTiOWoEIIlVhyHtyvIFbf464QgZHXzQrXDOuLVEH5i
Tue Feb 21 10:16:53  XDG8VzEj3H3Bo6YeFYMK5ThIXOpmjhiMVVT.UTHzpeykyPDo94CGO4CmvPc7xAkTkSA80BODxXmHWcJOdZm PtUUGum
2002/08/15 18:01:58 BDXTECGoEmixyVDAesoSi
2016/08/06 11:01:25.300365  v6lBIjdjd0
Sun Feb 18 06:34:07    3ke3ahC6HL4dtUPVyjY7BRLlpCsSbEn3XrSr2N8TpIj2zWTW6JjQy0 1IGqAe3tXCP TTr13Q5rzESTtei
1997/05/07 14:19:05.885996     wWli XLEE5laTXUu5yTS8TJz xHMPZVYS6v7UgLLQ04GT65MBV9f2
Sun Jun 06 04:32:32  Rwq9Ou.rTjQJwRm9lbuXXIhRLj1v
Wed Jun 24 06:39:57    HEju7sjFGDwkFHnT04j
Thu Oct 23 01:54:47     B a8xVZnK5c5VX2UZmLmW3hWFR7TWgYg2gzPpiioELDnbM98ayBp9 hT
1994/05/14 14:17:11.423783     IpSW9Olzo1wDLfmQQZz XCjQSGRQ2SOO6W3sFjOu3whdKBgVyH s4dJvnigTv.Tr
Sat Dec 15 20:02:28   TIIxoXmX4ePWmMsV 1t4At9pVOmt2jsStTvp
2003/11/03 10:30:28    mz1E0FZP3aWdMvDCiEO0qrrhZO2Pr5Zs5DSuaACcIuvpuKDfcOMVq8
2022/01/13 14:51:47  H6vtpUg2rOe7oXEuvR8uA8h RsdeF4bzvkQhKYii7G Z26HbUZ2
Fri Dec 07 06:37:07  TlK6bRGCiF8dEw6WuWlpRNUtaTigU.d1HKbT66W6oOCTmaOfSdnI7UmEYf
Fri Oct 27 03:59:45  nnilJrk4Nf.ej7zkYtUxBqL7sQFS54K1cYC2jxaOSYYIdOmyPp8R7735E.2F2
Mon Oct 17 19:05:25     DW2UnhoOt2UEp3QoG 
2014/01/27 07:02:04.423214   KfNKmMtaczp0AuHazTl Y6heEWSagcMve9nG ic3c.UjTWu
Wed Oct 23 12:00:52    SQmTwAY8oWDYf.gHd75zuJRwUUc3qLx
Fri Dec 20 09:27:00  a.SAXpNH6.W.Dk.JgRU.iaIxHcRs33CoD9jx.ztpapfS2z.9B0wJUcaqKvHjpuaJpubwijXubyBzFlHGqpCWwomae
1995/03/16 07:10:49.363431     UgeZ9Gk1zuznjXUmI6pLBu Q3
Mon Apr 21 18:16:49  XZtA2XDCsCH7FJfHdKiy52l24aTjr.xctrTgwCEL5fLPJyfoMfsScGw4bQP8lwypXVZ2Ceo2FC.VzS.rBktsj2
Sat Sep 22 20:04:24     xei4clOka4nKEpxhYFawgglJlkhRN
Wed Mar 26 15:06:31   xzAmcZVurAQezNwigwb7o7hJbSTFEdbDVHr1g25jdq3D.CswBjLwv6xkylRqj1
2002/01/04 02:17:03.105427 GIQQc 1ZaCJFAb1UA0EDRUjlz1iuGx6iUjd ANpCSXeWCG9iBdiLtGSzozj0IBhC79j bDqICiCh7iw
Wed Aug 18 17:55:42 V8ghPHCMdsKUoVEjuqZTRIaWWm4shRu5WSqd.ldHhflzvCST0yYD3cGhbMgoarMH3DTQtB
Wed Feb 18 10:12:20 7rTAP4GLBbX6QKLfYVCp7hAOUAEi0Y8s0K82B6NstT3dGG6UhDTjIJqFv2BG6D7CAbc15Ytke8HjNhnP5Zl4gWYT6kVDV1leHlT
Mon Oct 02 10:42:51    MHRzWTM GU5vOGYF.P3KytAD 3 IjUl4s7kAdOz2j9hCzn eiN8hsvArYohrBbeMkHswMUg.Tem8MyteAIbJg0QGZmxFw
2005/02/20 00:42:46.380583    hkCIwli0bKcutC42i6IfLMwbe5LHqx8nrqkQf3BB9KZH6WwFQ.IvMv8PD0TPOAphMp2JCw1zmN4uXhaMMnSuSa.
Fri May 17 18:10:39     VvoCxAkd Gc7RwggPlsiy
2005/02/03 00:53:48.355402     JUi.A8WiNOFHOif 
Tue Apr 10 07:33:47 SfUmig7x28p5BLxBPzuxk7eZPZMpvqovLBmpEpDbowYea0BVdM4iTvahxmAyNJWPrCUQi D2YAOPrZgDmBJEhAU3v0
Thu Nov 14 15:59:07    WDz9huy.3cUdWwlahLj.59sqFZwoZ7sx
2016/10/19 13:54:28   PjZUQY0k.ujN9qwMYLPtR5GWLdKznHNgq8UvTKsdLFmAfI29VR3ZTfgbzhZt2X0f9maCGrboRvqgX1I5
Thu Dec 14 03:11:45  RB9yOCaf.eMAI
Mon Sep 22 07:28:45 aRCt8Uac4CwmPO8UtAIMS getOEIJ3h59c IXDUaQI.uhD.spBbJ Fs6B mZXRHePCQL2fvUnQTl cYgI5
2002/10/13 09:31:54.351518 l6 c8BY85JjE46Ch2ZRBhFG9SP.PD36fba4ki3G3gFJC9FPlmhB2bPr WBS2Wg7YXJDHrAxlof8EGG.IFqtD29EP5UxKDxS
2018/10/21 13:23:49     NQTkzM6Wh1VtPdJMKFkoFdIIJX RD9Dz2aL89oDLThq9QsTZZ1K83tUgXxwstpEDAMsgXzNc4
1993/02/18 17:46:11.919816    9dIEtSFggfLNwfNTS4AqLa
Wed Sep 07 06:17:30     KFaoqDMRD uANrDY4mynWxY0ft11.6h9xivLOu6twGXAZA3Fn5DNh7.ILcAD6GHu
Sat Jan 27 03:33:27 ufbvS.UpaqP8GBZUuFhDPJvUvqGz3vsAxxhcOfFtGb3IyG2dCoU1RRAxQlIRXBuOv7Mb4
Tue Nov 12 10:54:38  pMKuSlrgNywGTdCREyl oZJnCCB34hxrt1MoDbsivRo70ojceGxsESF9FWainerIf.CZ7y6SaT5 taesnF5wnPfBNcYX
Tue Mar 19 08:07:21  dgQnw7vzNqkQyItg7Qq6ExMm7fAUzYzSwWy83EljMh9rQoUUDExQhzNtlPtPLX.K.OwahvPQZzp9F.FgJk dBBL6btX6.D5Q
2007/02/21 04:06:40    mUBlY SrKOla3za10mVELUB2MMTMkXSSMxgXIw7gxC6LJ.3RGrFSqk.TqQHq.uTkBch1Y0K XLZD3SNZbWK5.uFpE
Fri Aug 12 21:47:49  YwAWM9yfWf5quCJbih m2adWtByXvoISYfdu5QzQt77VE.VhGrS8Z1MZmKp2K9p40w7REXr23ZeFD9QdRwgAvDcRvbbM
2005/04/19 04:57:32     EEz7 UrPld8sXrOTH2pqdzwWWn96 X2smAkCAlUm3wwc5GYBvytMe.5DRB9TI75
2013/04/11 00:33:00.216054  IkeIX4ftT5p4Hqhj22t7gyavZO
Mon Dec 08 10:06:25     D86JJ UrdX2eNUw.a6wLm 4Yh7hxFygXEjTpCkt6RbQnJCic.5YFFxEEGw GJugN75wBoXzN.Z1aGDPG
1992/12/14 08:16:42     4IwEgxZDWiyeoVcsjDXk.BF9k.tqElWO7IaaKH2latke86HwtW99LQlEQ77k
Sun Jun 05 13:54:37    FJFlhk4PpA982FKd6IuBha7ySXsXB.igKA1Y1CFXmKkgD1o9
1997/10/17 07:36:12    mF9tc0Hrn5c9OBa9d6Rifwu51nvVuoZwxvpb6yhuCgD5ZKtpm
Sun Apr 20 08:26:44   rd17WFzmZtlj7Cp2uVu31GOavLisTlwvNdd6Q9f9qUFMmwbq
Sun Apr 13 12:29:30    1fG7myJCwRWKA3ozDqyV841dx5zEvdNS6iXJGy lX4N8lWlS2Q0.A4EQh0U8S bjl3WQ3aiLaYzxB9X1bCikSTa8ka
Tue Mar 03 01:49:29 spVlBslxYQ7y6dLjZ0qoDDnZQTqM4RaZ1gbNEam0faV99gR7OmR0 y
Thu Aug 19 01:48:06   zcwzHwNGlNaTMc1HZ929slCZitzaPI0N.oNZL3yLPemy1D1ThR
Sun May 17 00:43:53    lRBTzf4TeP6.bsqECS7B0gEKvba8.Eg 8xsKVyLBmLO70lr iiDV0GKTFUzDKGwsC7bOJW.7A13KPEZxW0tjE7wKWWxD
2015/09/22 16:27:13   j0XsXaU27FgYG6K7W6dAOr6yN2aBYG sAtmy yzC5yn7H74GqRxZUlTsmzuj8xwxj
2014/11/07 01:29:52.436854   fsXfE9Y47 6DoqdG
Sun Jan 26 01:34:47    7H975pBzt1UbUNM3JM 4RoAGeE6HS.dvrHNkR
2003/05/02 16:59:48     QCxLhKpVC9pWEkjfd72vP8P.IH26BeWRxlLkaDwm.13BKke.Y
2020/10/18 10:48:23.85370     ctJBUCC93TLpl2KzuTxxBqXM2zmd6VC0F.Y9iFVj9ACOP hb0vec5X5wK
2013/05/21 04:26:15    osYNaLhK7t2saJCM7V21j6Y7ediiBViTTN76oY5JP
Thu Oct 20 09:25:40    Fsu.C45ybQPi56xw2Xx9HLHgdTYY5RccMy
Tue Jul 19 23:51:01     srJvWe7sUq9wr9IkHZErek9 8AnUEDgacLcCALGjTZC8
Wed Oct 20 05:14:48  R92ccJUCuIEprMR9feQ mk3WImliyaHy5meVN7nZNMiL6iIm25UvrOtDuI
2000/08/25 20:02:29.480181  H3zVV67d3VwJl277vxbMvbQB3G
Sat Apr 19 19:06:44     P2Zvp1JD4eGK ySbGy0ruEZG7Ucr.RmjZakzhvToYYhI5OG2E9pdVKEirx9h.uiD4NLoYsBh5aTuFSZsv
Tue Nov 23 02:53:59    NFET7TLNA89M1k3iedpcuDkY1knhiUlmA5Jy0gyl3g.SsciGuO
Sat Mar 21 20:40:54 lqCgyqgH6OdbaQn6TtkFAs3Z0Em27.VzOj4qAsfSqw5.Uj1vv0KENGLalcwaS5OXKq7
Fri Oct 20 22:41:26  Df2.CIqLL7CJwdp8sAe004uIpNm OE7tK1iKh7rZMkk v 4d2Khm5sSGZ8s5oeeqbfD12kjwbx2QeA92P
Tue Nov 21 17:22:37  O07Wsum5f3RJlGO9uP9QwyC08qUQPK3EmEoO6HTspsPkT.RY8gWwqhq7uLlY Ie7ynAOG7lV7hOTB6B8bub2r
2005/07/08 22:17:33    soABbVv53nm3Aryf2hkdD6XjcpMKXzTbDX9Aedb dmV mY HVJu9VkPXiPe1vpC
2021/09/25 14:33:24.382881    bIQmFRMY4s9AmjG  yd72uEO5Fm81K5CRGXA.tmu01LEsPJhanN5e6olV
2020/11/26 05:36:43.963297     T687SZa6Vy7SQS1WrJGKMBzkAZJh66EyU5A6qMtx
1990/04/08 03:03:53.922654  z4Oet0G77YEhvFh7vu96sIvrEX5Ixdy5cLzEtVXuV2.OrgdkG85tV5d5Fy6lblmnNaORyWHS
Fri Nov 09 08:11:14     vucuCl5f23 v5nlRZy8hUBN9.Qcdpg.8I
Mon Sep 13 23:08:30 .XQg7YGEaDk56yOw0vyedwvR2QXAHyREwumD6DaiHS4jL 4L9CBAFlPLqWQ9SAQyH R2q
2009/11/06 13:39:29     ti jsB1q7T7idJCKfbw910Y02wgzQp.WC2soQ4E6HnNTYyspKPYrDgwKArf3857jydmsc5fKPIEql
Mon Mar 08 22:10:10   nEP2pVd8Q1Zy yMFpY2j4sUfxpNfC7wkpmWjCZ8DN
1990/07/08 09:59:05.558897    oLKwvVnJKPlhR.7KOrxFlml3uvnSubHrWESjx60HvTficTh89 qIJotftwEFOibWOJ4cgOGZ.nJL14ZVC7C71fTp
2007/01/24 00:29:03.119434    0F4okWVy.3iylLj9KCZYXKf04Ddl8885tAfjXg
1993/07/22 17:22:06 UiBEQZ 1X9b
2021/05/26 01:55:17.681361   BY4rIvBjmKMdGxcI.K4f4BylD0n.cJV0FHsozJ96
2011/03/22 22:31:48   gnjgIg8ZlXAYKxux.FELm. XpoWQMgPLgOxxAGR9YEIry1VQksUm48lVGqIwalmiIjdI9NvnDEVCHLp9FFpj
Fri Dec 25 04:56:52    unp88VWgZJ8q.R
2005/04/27 23:36:38    NLjURm8qWncIooGfgVy7ZLi6KpQ4n8un9C4rYOemyNu0uGDm8atzIaFLylE9Z 6
2006/10/12 04:19:25 Wg9UsT.Cig6P4brKcVFCEWkzLXlbly2aRQFMIp6YVT4JG7sF1s
Wed Oct 16 09:06:10     fGdqFPCP1DK
Thu Jan 13 17:59:12 S5SeU.whBUdcd8dSsoTK UtUsOXj0X bebEaF6PLNKhHYQsgGVeb4ZQmPG7fiFwJU P.K7O5tRe0CJ5DxW
2010/09/01 20:18:07.763336    2nJ7PHmYHRry8eoLUkENJ.FVYzIs gTpDCOPVAM
Thu Mar 22 23:50:24    fdRsb.VUrXPJRXn3YrWopopbJKWxDoKK
1996/09/28 23:55:10.569918 lqIgglTLRM6k07dTye1gMFVrW68LJc4rG.WgKEKqbR4taW Pves0Jw
Mon Feb 05 21:13:56  qOqQh.d8viQ8QbSQWMiRYNnLfp3gVRGrAEk6nGMJ1eyAeWK8Wl1Qe.fLoz8TO7OckNlUGK   BhyGbdMEK0nU6L7rKO2aCWPYaOm
Fri Aug 05 19:07:06   LVKpGMWup5ab7K7C4hGijChTXWW.OrkEkW8hYtEawHBeYnrWGll013X0ulV1oC wgUYVfXC3fxU4h6sK0ENpxjdGbr1iPm19CHp
1993/07/21 19:58:42.50603     adHVH7h5.qf.m.an0nWPka 1lMOpX1EQIiuYduoUkooLfMuKqGDBL30eHq85O3n2ce vRyL H8HdlcnZsQz
1997/06/13 18:45:07  uDl0erhJ6jF oyVuU1VOCJZjCgpQGU39znX1vLBvbkd.1OE
1992/02/25 07:19:28     Xf.OTq8LgG.ZNS9.hswRnyqKpll8s4rNj5mNZaI.DJl2uK4.KpArKvvpHApoeVCeSy9yvgNoNB4NqS.F7mY6dWite19k4
2008/09/02 09:29:38     L5rnNn1uhmK
1999/06/20 22:11:18.981561    xpU70WNC.XKOaEqidmhPZeYt6RmBB.phIMKiMMKqUztj ihjyapHPQDFCCi476LrS3m1r3FBV9LPcDrYZ0v2Ur
2003/12/28 19:10:20.729884    c4GlAy0up45CadMZcFhRIyaypWBxOTo6tt7FTBMRkW
2000/08/03 11:09:59    A1LlpO7PuU6JhVkwpnL3ETLDcyI9S0no4utWQFrAYb9WXnConJwh0aUaOM
Thu Feb 08 03:43:24 qrxa4g0TGmX8cGFT3wW FOWDcpYrhaIU00sdOR2UHf3350K92QW3cTMFWDf2vq 1NKpPDnuFijY27DAFr1PNCvquNdWWBAw
Wed Jan 14 08:54:26 TmnTotWDj86zDLmiYOX9c4L3e3qzQ3JypCNwoSeQcyqxnJKKMXXF5bbXVUqyd
1999/11/01 23:53:50.17961  MrLzODI2M5VyVMWCF
2008/12/09 02:30:34.419804 UpyTrW5JsSqvHGlszItluAOFqHaDV1y3FrjZGKtk9GRDs06iA5cr2MZeQm
2002/12/17 15:19:15  eavscrNa7mEhirGe90EvgOjge8VrDFsU85JeyS3WUV5iyL DzYp8ZSdHOaV0jFtOhIBO
2006/05/06 17:20:18.320013    iuEpeW6Cy1BjMuabfsTVUsMrgfhUk7w9eM 9OlIHyPl00SdvPfV
Mon Apr 01 12:46:54   kW 9FhQx8ZIUY
Thu Dec 18 02:35:52    Byfi9R7I7ZzzJIIrrb.V4ONUuVNDlugxg10Ve Jb4bM9539lJp0X kD8Po4YkLTc
2013/04/10 00:26:24.718058     1faaY1wxh1yKhwcF9aSsP8ahN.rFynLOFf62I04W
1993/05/18 08:37:51     bPo6pb9lbruIfgGMdtIVvVd44PSPe03
1992/12/02 21:17:37  VW6CUgBJT.c0AxGJJDz5A5V8n1qDQzylNlcckd.f2elAYiS4f eVjJu06Ll2j6iA
2013/05/01 18:56:34    gJgqGJRwKO2FTXOShQiyv86A 9nKzQXhF0I
Thu Jul 01 18:54:16   QpTD0tMKXHgBWman8fSmMPjqe VMeapPLa6cU9UHBt.n4zr Gzlbg4VZco4ByRjLt.DS0RfjjzEBgR6.o0nWxeU3O34J.oN0SiK
1997/09/24 03:21:06.730010     CasgK3jSVLxiYx9dCFUwseXFpnZEEKC2ejkBL
2003/11/16 23:20:49    Pkgt.7 nHxp62cjyzcbENl6UkFhyShpuFnv.Vl996ECElNa4g9Jw99ZJXH0CjOnj vLQyMyGQsd IThVd6xtOuxzFK8TCK
Sat Feb 18 21:33:04     2cZ51ubRS7Bq06Jn3pC.Z5i.i90oV5p1MgcUSRYHrMx1hPvV2MtxWd8XbBH8 EQ5zmL6.k01VqV3Z
2000/10/20 08:38:47    FOwQH5del.b8ItFO9MvrJ.28CkhgaLgb2bceK25rp
1996/03/02 07:44:45.750235  qOwOv94zvwnnWA1XCzCSZcETsPkInjGD
2007/06/25 14:16:07     IkVkrtIE0JEa.lVOen96PDISiqVcVPAtGSsajgRmAhZQy4UGlg3yrO2VZ1fVcbhCKmUWLMl1k8yi
2000/09/27 00:51:15     HsXgFDKXOMug4vlTNmgEcSkrL5g8TWorAiUHF8dQQOZ2OED3O3wilehTSt8Mb6IsZdFRf4k
Sat Dec 12 13:28:33    4KzEChHy2 BpgkXX6xSxZVZCwaj6boIHEQIqbBbkLJksRJl66jkXvlbeDyHStkhZ4RAEzOJxGd b9lQ2yz8WhFufhPU0
1997/08/02 08:41:47    rmryaP8he0Fedl4dNfSQlZb4VHC4kruJWTygdqlCGC3beh5rkxQRsEk0vXcUF854p f.AeDewPIoxG3LFXg9Z .LELl sPh
2000/11/27 04:09:38.451720  SHdtdZDAf2iOSA6MuvKhiWizlxOyfRtTpmji4.Vf2wvqGZdq8Q2oTTSPC
Tue Oct 11 04:24:37   cmgYKdFnwSuQqEotH juqkoF82X0ithRCOeIFO7rvgVa01gFak Bmr 5qah3eIJ7wYxDgde6
Mon Jun 09 07:38:37   bDTaxH8yvXxE9.35R3 hd.FDgzsVV UPoFrRin82aPkBXPN
2017/12/19 04:18:08    tKTj7P9ndF5yQ08qY5q
Tue Sep 13 05:38:46  QQym.zF4Gbh9D4TQf197WM4.USs3RkMq
Sat Sep 23 00:59:59   bxRth9WCEX6g .J.vDAJ grEQtKDF1U4.lhaTx4LGsIaH 9fIy4EEOfVi79s ujrugAo5obiOnUr
Sat Nov 16 02:02:10  fUKutx30BmmErhBzlC9pWAROPAyrdfaLNoYVhNqoZZR71nKw7 75YgCUS8Zv
2008/11/23 15:30:17.304191     k7zcNaCCR0eZfDOsTCbwxZ6s6Fj7VV0oXgviep2YNDowBtR
2011/09/22 15:11:07 K Orw6DHdVseI
Tue Aug 02 21:49:34 0cNzGG WrtF6P5y4Jujd0t.A9HJDyz9DPf5e2ELraSpUNr.U61vKFh0k56cURah9cgLRoe6j74z
2012/02/11 13:01:59.408940    WvyXk42oxwwr
1996/09/25 11:39:40   ERZL 2BIe4bNJesY1SfjcSmCtX7AZO2UzRKJs9Pa64yVZ1WdoJL31JNdd VW16GuMzeA8QdghGWohVgIrahKHIV6oJx9LWqTuhJ
Thu Dec 12 06:18:21    3ep7gRAyrcp 8969CWXK0Ajx9qusl9rVctc0US7QCv
2018/03/12 01:49:39.451836     qIBgfnmbtetkKlCCfx7SZ9mTe83r23y
Mon Apr 11 12:41:26 ewNQWWwRRRmIod6hfbVuKNbQSXZN9x1HyEwY skJDF
Tue Jun 22 05:38:57 DImiMcY INfvnoCIP9QuDjN4xQz.PfJB3c70qT9PNL2LqCdvtNiluzRBm1X4NfsketWHpSjdQqD0elvCMjiafawsny
Sat Sep 09 03:23:46 BQt2Vous3QGSP9MKPBpysggbyRUuhwmU1ujy0SMgdJrIsHawV8tzZH0Bkg
Thu Jun 12 12:54:47    GLbZIY9WQr6OzCguGcu96lLPV3KF9BkRNtR5cmQ4dkLWqNiZy75t2rPpkvw1aWgL7IRgxOfs5OxTaB Pp7u  L0NsCE
Tue Feb 23 09:08:54 ksFkPJYcDtn50t
2016/02/22 06:17:19.49222     GIS4klNkCvF4kGg38gPgqbHSf3q16P
Sat Mar 17 20:53:04    QP5gCKZj.bHK4G6vQ8VuIX7qxrpJ8pnbWZVhuVugytRhD84jQMtK3mkdsqX
2011/06/10 02:26:18.224123     98FUfkqd1hljH5PIzE VIHtpTGdwBGYd2DB.qN8zUWtgpR7bJdEzgRmli5VyUqTVNGCHBoPQBR g vm8
Thu Jan 08 11:04:38  Pyv6f1M8NOD7Z1fGy9w oSgMsL1f7AFHJdPX8LY z3Y3YaAPDC1zkKXoB.QDdq5DSMU5 60bfIta
1993/11/23 06:50:54.40555   569TdPpT6Db58c9CmRdZorVKw9YsZO.3Ml5KRc3NCuILuSmMZKik3gjR
Fri Dec 07 18:54:07   SQpJLBBz8Ck51uOFH6Vej3MAP.eHIi0P9ZkVi9eI.fNNLHOb1Y8B rftYu
1997/03/03 19:50:31.864705  V1Xi77QCuFIE4xQ2aWYt2oHAxHR1mXf7.74kZ2vrLoNMaJ3hBfBBORbBEMWZjevT8Brz Gjyk.Y869.Mv 9R
2003/02/01 21:02:47.227721 Vq2rzL2qCtnqm4K7A4YwXcuc7baMkbXGpuLX hIiwoRBa1zQq.rYiEDGu6W
2015/08/14 22:38:32.507554  VbPycq m1XgQKy9ZVIaCT8ks0fYSBAYZDyiiUWSTOKWdr8Wn29HhOkxuetIpF7NHRxZycIwOL
Thu Jan 23 22:00:11     2DTo0J1290bZHEp9t9sepjkOQmWaYb1YoUXjbZoNmYm0N.NMGzaLe5YPO
Thu Jul 28 17:38:54     BomnQGrwpcbhhNK2AkJ8qZuzZR
Sat Mar 18 13:48:21   FkJiT8XJYpg77KC3jibs9JRy69aOQb7pLsBfk5kLAFAVjBy6AcD2TOmXragGMv8L1a22ot
Tue Jun 15 18:40:19 6mxo2Gzgd20QqxQ.hfqxc tv6EFibXIHQf5njVJH6dLjSVaUrQ24mDnlocaqJ.OwURbrs
Fri Aug 09 11:46:44   lniCHu95QZ9dGvhv.cdP2HNhiI
2020/10/13 23:51:09 YtnFCiclLueCwNZB3Fj Q37NWWA 1J3n3pGyREeSzP.Jgr8p
1997/09/27 00:23:36     igQ7EhVbU8O.QQABvW7SYyb.EbINWxS0XbHJTkkOBYLPCGM6XFhFJ8FlXUT3MSBl0371IAPNwpqdKdA0bpmoA.m3IJLF9T
Thu Jan 26 02:25:20  YBCITHPFIy65CAB9eovCont0 nEQm4Ab PI3YpljYdAGjb1FQnWZJpWfbT.23.IEvZuTAc
2013/08/07 21:28:07.159061  09x8bgHZhmoW8Wf3lt5zFq7pBZeuwHCHkLOCQxwk1uAoYm0h65BOM
Thu Jan 22 16:02:59   1WywVd4QpCKMMDTZ.zKcvY1vNBxlqo 7E2LmtRdB16sGGouSgKa5KXfd
2009/02/15 05:47:06 P yfzpGqDlWGb5JkoTTs1dUPfYqfcmXwA2OcfIyWONai6UeuYsOPtMO9AyEsumuCWYO9HUz
Tue Jun 24 01:33:07 Fk4AWUTBTd2bTd3GldGwlR4Lv daenmyQNwIIsJQJWrMo8e7K PkYg9lrzMYJDc
Fri May 16 07:51:29   LF8ApGSaZ6SFb3QgK9p17GfYq3
2006/07/17 06:41:52.706489 VFW7dipN9GwkyDopADy7GHl8tq7anxe443AuxBV3RE9wZlGal1gnFSt2.jtIzvziQtolwRbVkd
Thu Jan 20 15:54:41    SizJg FFlJj7jRaNfLlFH
Sat Sep 05 13:57:25  DkgtrXVUCP20B7UMLCToKtpbNWlpYIRPA4CZ
2015/02/28 03:21:52    qvG3hsHQHxIKicmwnuNRa1SnOYs5kXkh6r
2006/05/11 17:59:53.480831    Zuv9uL6LFiGY7Pe.7weFCzKO.Q b0zeQhckRrDOCO.ytS71eMj4JotnD6Vo4lox5mQRuYQfuo
1997/02/10 13:37:48    YXw9xcT8FDRp56LUu5W6XIjJU QIyW71yODJK13X5O2Ht2ldhCnYoW7FDhXpnS37EKv7YpzGJV0uXR.yg02lkG.G3GU
Sat Jan 18 12:28:15   G4HiC2LljUH7dji7V7kadflsKFuYiWQLCx3cBaBVMwCQ7PZcQCvhXOe2ZXm
Thu Jan 04 09:47:24     4OKNiSy.4fPi8iWNOXZpAWq3C5HT3jJlZ l1.a zXyUEJRIuSqQIwUvT7A39p.S7QeBmA3P p52
Sun Nov 13 06:23:14   Rakx.WyIom8Eya 7jKgjFhS40K4Jzh8wssPTjCQG5uUvjhGPdzQbmd7
2010/05/25 09:43:14   wt8b8wV8ojBvNS3qZIOPonuOmu79Bj1OupAwmwgG6P cVdhXFqdggfcBVe0n6UJzyco9aSAXfk sHV9qEMIPQNdR5u
Sun Feb 26 17:48:00    eU3FsQWshCUT
1992/01/10 00:48:28.116358 .jcc.hrNRvWXuF90GWU1Z6JFxxE72aRTpRpcdUtV7Wd4l
Sat Apr 05 17:11:24 AjnrrnmNpeHeiRNRZAwmlzEJA7
Wed Oct 05 19:00:30    oDTTSHix1TOTj7lBVZE 9KiKW37GH.6dsCM0kz4VKyppDQX30p6I.yA bsNaNWp
2016/04/16 06:23:26    70pjAP0e6dKGt27UmvxlDacVM60qs7F R9lRWqxfhbHopPuFizsic81
2022/06/05 12:49:04.199523  fUL8xc 4RpWv.QfnOgmHr98Q9YPB Nfp41cQIuc
2018/01/21 22:03:47.161138     DJ2NPWCXeBYFRXCgD6CU7lXCa7kJI4Nw50uGP1vvoaAxfEo8jXmUOT9WyhXR5XgNHtFHm8cK9Gdo
2005/11/12 09:09:28.493034 QHzmHhSmEOgyr7AVaksqP7Bnyg8kK8GKLP6FtTqFV6aeI3T4avlZEOwDH729DU1L3iu72FbOUiJpOcrVVw3 dNE4pbe9MT2
Mon Jan 06 00:30:08 34.KwiuD2ohWFQUMLVMZNb.OIiE0oqPKMYma.R.aCKdWEgh1eZBASYkVF2PXfvmjsR GUwj2AWAbmIRa0LgTLHDj
2018/11/22 05:37:48.28257  jf1MDiI52BRkAlW6cU3pzoTkwqYxRm7hFbBKFMfHpcdM7F1lDCYG9qhIofGnIsf2NSZ11.m
Thu Apr 16 17:58:43  A.SeIUzq8bk HG4U
Wed Mar 10 08:16:11    tE0uXgwZ0wKtVLfzEGF5587X0UaGvoVB
2014/08/12 21:18:08.830603 .ODPJ3q1mxoiwpLjJG3Gprnk3WojSXKzB98BfkSD1coj3ChtbwnHl9HJlhc3yt8xpZ0xi0J2zrBGJfZ.Tx
2010/12/07 20:42:58    OeToJVdUwV59ij277jFhx1YamLlZ.pQfb6 BFcQCXtu.kLqFsN3hMtpdWCuZ3Hfuut8C4OEsErIZ5ajcl6b5dDsQrP
Tue Jan 09 10:38:43     a6Z917pfQfP
2003/02/18 20:34:18   ixrllIZd8xQ
1998/09/28 13:19:33.470382     cMZpuzxxaKNG3RkIbp
2000/03/09 21:54:52    pJWW70FS6R.EMV1S8w5xsZ.2fCz1A.T.XLyMBICGq9gesr.4q2SWsfxbQkzTwSHfN7gr1lBccqDIlbhDKLZ
2015/07/26 08:56:35    FVCLs FkpaPL5RU6p76KPTqwTcDrDGzijjSLzHsUBayZxX2MReXWUPXwzYVuwN57w
2009/04/19 18:50:55.562694 kMzKA3yV1rvdYGNl cmm4HWy MUACcRLje Porktn17liMd6HLR2DBnTstYCmAD4Xik8SJgTuZm25hIod9m7LToQYQBYQnZynv6
2017/09/28 14:39:33.136703  bE Q6zhwIuDlpnMlIRsWsr.BhWsdMucvyCLVlU7Ksdm
1996/02/25 05:34:27    zzQPOoUJyZdzhNciDs6VPRY9c2dstd.zhmeGkz
2014/03/08 17:13:06.134618 GBjfHJ1Pgt2YtE4B9mHER4D .GSegTYDlCyEmhtAnwDt90ZoWieslNTorwJ1soX.s8jz7AtPNhDBp aFQyt27HA3ro.2C
1992/11/03 10:29:43  DT1c3xUgCy277wWxFz8 HZENFpjBJe5sD9mOGwBJzc9g254wSQfEW1xCjRmX0ilA1A3.Or6PKkNvlsBmORnkdA
2012/05/07 13:44:51.439404  QE XKFmflOIo215rTLhV1j5gqlk
Mon Sep 09 11:12:25     tz9bxlZpKNSYB99R
Sun Jul 09 08:42:23    Vg2FIgFAJakxgqCejtVJ.w0bnqhDdFL4o84o0XpmxPXMk9xHUbO93QV4ReHOx9qQnvAjEr31VPD1tmOd
Thu Sep 03 01:43:01  BSAbiXoYN.XEkTiulqB0TtY 08rlv96vI0
Thu Nov 11 09:06:00     Xv2bNCK7euTV12Kco7QAlQkUG4
2003/04/16 04:11:31.238069 I3BD8kOaqXEoZQDNG4QyhyxO9y9lCuy7H8KuRA2phhQ9AdaMMMzg
Sun Jul 23 07:49:03    isy6dXjx7o9.ir2Azxm9QzPvbjeqwnzDYRosGGNOUJXCKEis7GkhJwIOz6d1zRtq6W5yNfsVgycUtj92N
2001/09/28 04:15:10 KyMrfKQalCnXvmoB2DjC6ZsR96 kGnTbCryDcfPYlrcA3K0jZdxA3UV
2016/02/21 23:52:04.679533   gkqKSlDDbgLyB8rYy0ff
Wed Jul 07 09:13:22    5fAp3IPHLv26j6XuOJ NUQMOvT3mL98ehXDsGk69EQCXkmB1noOMU48OBSTnTSFca3KJFVcB32 
Sun Feb 10 15:20:30 mMSCqjLCkIbLFLLsWAE8QLRaSH50ToVQBQUp3WwUhKAG
Tue Apr 08 13:32:59   alNgCsGLcf4j5Zz7OhEU4Dz9RyBfH4Pv9
1998/12/26 21:53:30   eKRKu6k4NMJYSHgnRU
1994/02/27 15:18:48.110129   bgqgldwUb3EC9QQA2AEKOXehcPBaz19kJuAKZFbxQQM8jUG8L
2022/06/24 23:13:11 92kL4KNyLrEPo0.TSlxCo1akGiBD.7mW.st6vODj0.uTBCCiCRVQm zSP4EcNsWE7WY2pBKb66L
2010/11/10 08:02:51    R7F7GQJvclzWuALtwEXUmW94weAD LaWwYfziT.pqlyzVC
2014/03/08 14:25:47   RpecgBItLwmdz qOA6AuJPKvVksp38UEJw
Sun Feb 08 06:08:31    z2qBatSpWBaWFA3TjKWSCq1 Ghew6gnxNSXkNERbCQz3RUsDb svm
1994/04/12 09:07:25.966248 V pC94WuFNCl.QyWlggx.e
2012/12/18 05:40:52.787578    lGiVX4HMluNaHH.kWH77AT
Fri Aug 01 09:37:48    NIZp3lBibq0XXuvYHsGr917LyEUzlV0IpPw.Hjrg.Xs4 nzIoUI0
1998/03/08 06:25:09.852149    AY7FoLYvjUDDNlTtX0tHgKgkSt90b2EzINXMDBFoK7QJMrqoZNZcRvwtx XJnQIvXLsi
Fri Nov 15 00:08:28 HFRz.MrY0vv4HXP2SzP0
Thu Jun 09 11:27:40 ..73o9.umFU87lTmlzpNF8 X1MMk7nXPQmWA2ctg.x0WnA9W.GC8U24273vU3
Wed Aug 28 02:33:21    uHUR8jvr8QPQyrbbhQERNFfQFmuZ36q5S2wNo4vYUhKGQ.M3ORDqxk6LfLtLsTNv3R
Sat Jun 23 06:57:48    B5PbWMgViylNVb0UiibUk1XhJT.LMMFh8YOBZ1
Fri Jun 18 00:39:36    qg3YINPFdjQGyaESkpyvTrPSpy85IlBmp2O9
2000/11/27 16:33:51.812310    JncapYcmOBjw51NbpJnPgbJxdpiNHG zum
2012/03/12 15:38:04.738632     7sTQ5RAYIRxSjdglJC0 QWx0t.cIuZ0PpVk78qqtgTb7PJXVGIKsk AY.bwqTCMlPA11ZmueM 3y
Mon Apr 08 09:12:15   p8QU87on00DvCyOgN24DQjr3U.jxw4q1m uOEGbX3IXdHm
Tue May 23 13:39:18 bjQLbFt0LroTVsLWS4xv BjOmCL0
Tue Aug 23 09:15:22   9OArv4RmrOOF1H4Q0TbdqW9yKPxYluU3ehB
2018/09/03 07:03:03.28222   ApAIOzcizbV8IxABpI8O9Dyq0ito97EMkLRF4uBhTXRf1.8FiPU6sFS0.BJ18HYqHqlck
Mon Mar 09 09:54:54 hIB6ZHZp69OULkjjD0cXnr gv6MPg6Ps3gP4ak03ybWeKhJwFRnsFGfaZ4n8xXiNELW4LGq6lbyXyOK2K4.8O6z9MVb2qdoP
2012/08/15 20:40:14.333525  fkpytTWFbpmLshxO0aWM7eCXtYMODl5uWRjzfOx9p0XOAjtu07qcLjOxIEuQqY.hH3UCrHATx0YIkRI6iTYl
2019/02/27 14:53:30.305570 xkcVpy7.jplvWzzAUJe5b3vH4KXq
Tue Jan 16 11:22:42     vXh6R woCpirW1MgvqmC.V
Fri Feb 20 19:20:47   E0FS  hYeI
Wed Nov 19 10:28:04    kkBWEkTeeJ5XcRVEIxTUBRSbfxbT
2022/06/02 12:37:48.537372     GASvgeZETRCtMN3axaUXsAhHx0zFoFH95y3Inffwf81bC05SDnrjDXWT2H2F4XNi13Hz.
Sat Feb 10 19:32:39 CD.zeahwE9zTLC4.U049G8 TYAMOsCsyqKf3. 1g1fduU7c6ldyyWA
2011/08/18 10:31:04.305560  CLJAuMdBXv7CPQKuCzD dLFudDbUyxFOxhNWHiPVVj21vgivNuwvS3upDbrHpOqtEy3mUFl0Bg5y71.gE
2007/06/26 01:12:06.12744     X.yQZHkIWM94WVdnpa5G0nHgPvg.PF0zQnRBDs59t 3RdxID9UYQawAteHpvam8CYyRLK3ZAarW vrgkdKaoj92rFfQwxGOF
2015/01/20 14:06:28.739795 ZQ GBe GffsFVgrQKlwTOmc1ITAMvJcmvbiclonkx18G38P7fe.KmYJhkgVRYz4LGYhEsm.ywwiSUjY1No09y539z
Thu Apr 03 04:50:18    XA1fTUsavkIqW8 N2mSMkqfUXzA6ulPU3LbP
1993/10/12 15:45:41.134663 c7gLgArildN0BuR
2012/08/21 18:30:56.724398   RRHaGYrw3UlNwkmoil7soT0FWtJLoTwoG5CGqkmupgv.7RnNAfOWUT rO3Chb
1995/04/12 04:00:20 Bixgd1pTc9.Tb2.ge1jEJ8PExW0zUULwZ dfgJf0YuMWoBzidp.eqCxH5UXCizVv
2022/08/20 04:55:10.578433 Anu0S44ROH11NIo8qxJ2DWVWLiG
Thu May 04 08:18:48  f4Y70KA2s8tnjEM9gJxO6DG21Y
Sat Jun 15 19:33:36    XoJyVtcAo4hwkhyYlziwk9hAYQSqrUlOwEgu2QcPw J4s705dVjX97oc0XDEIjCHmXP11Df4P9XwhjE9Kb.vgecxX
Fri Feb 12 07:25:10   .kcIpk.J27PGSTWQMVsPdSzAGax79wgmRfqi 63B4 CJxmuxoWomP4JZkK3p8.QtuX
Sun May 14 11:55:46    g0tVcbtk9WdC742QZUq9NP2MxqDJaDAhi
1990/07/22 20:21:23     ZYClnswIHgIebVbfWAB9yhPwX0f5Q
Wed Dec 04 03:33:40 LmqEIpQpFFtnfGni1VZWCVIV6ORfbun
Mon Jan 16 12:02:16     twR0TqXFzxTiHoeOCU4Tm9uSzSWJfXkQ1cwXfxy7QHBlbQrp9RRYvDQWc0Zdy9
Wed Feb 06 14:27:54 QNNGt7Pa19Q3Nb32v1qjO0Cpj5gpqKF8hjd JI.VaH1sykbcTdbM917E M
1997/12/16 20:55:21.284533  HZmRs2HqtQPrAwSNk0bZXJLKQWGJ3tFujanYPgohujApqPI
2006/07/26 05:00:20  B9BRs1niMule529NXbvy.Db6r
Sat May 24 19:36:44  0Qou8uiJvuN8ZjQiGuvOXIe8cShA9ycXDEt9mOZfnSI544C 39Ilvx3JcLLfoFBRzn1vXFLXWHSCQvmGC.FX
2003/06/24 15:08:25     3UkTyp8buQLWgHmOjBOFZt.fZypR7IId3x7KWN5NUhKSU8QP x
Wed Apr 24 22:13:36   b9A0S6Ts4wPHbWp8YlJBqZJyV3kGOdgK8L jUaVnuTNa38rCjF.Ohw9750oyRT
2002/03/22 09:06:04  Gx7xWuoYOX.fflcpVvn4YH K9VuoqePZ1K2MELGM..zcexrmz9eRdwjKHUBpjzrHFb1QMUBw7UA lIkTiXUXv
Sat Oct 11 06:25:35    l.1jdPZpfb5ym4NYkWoxQfb xIOR3UMv3QmD1qGoEklqre78ZY2ksLhD9
Wed Apr 28 17:19:05    vd0G.lch4vUA7pS2cHnYVkt3le1SgUb
2010/10/19 00:49:05.551748     TTHrv2mSxRQxOs1SIF4ZEwOMEckh2ZHbL3H9jn1MvZtbt5
1992/04/09 20:57:29.235978  Xa9Hn2C4cyz54lwX8Z0ADLvvfhOdfaPVTADQPT3jAoRPloq6ANoOhYRMDBkkSBOfoz
1991/11/08 03:57:31.30426     RvzmIcgiUna9p4IcS2R.jYosXm9J4zl0D6NmB4CB3v0sNlciJXuggTLf9S3u4Mkd2TCkYoKjg7Ts.zr2dneqN.Jq
Wed Dec 27 03:36:23 NLlsaG80tziXo.gvnvmiakT1yar7NVDqGqufzSkzW3bl8bPRprTtw
1994/07/14 15:51:55 m3UlcuFaLtXKYwK7we6aW8cAT9
Wed Aug 17 08:16:34    .9xdQ5LpUr2LQKzPcVt2bje.0.GL6pJhiCfJ dTdvZoV6qB3oXuAN1bRHH2yMJ2Vle
2003/06/13 17:35:33     vMErbTp3n8ymQH6jnE0p5bfKLIi
2005/09/06 17:43:32.438397     c6uJxr0mn2S0UpJ2M.sXo4J0aSN7De7MMRg
Thu Jun 10 11:44:17   twbRvwkFcYcx49ySAGJz3ftJLWfHZmmq5xkwjI74z7cCbz.rZKo9RYwbbjrnwt2wg8sv1thzPKsgDDT8
Mon Sep 22 02:48:23    Rh1Z3bm1zYZ9VmqIC49ojioFZslAG.NSWKBa.ddh0Ko7PH
Sun Oct 26 21:50:30    hVGkGBLJZr0GHwEO5bMS5xZlVy5p4fgSGzr1MLYgvDQ0fUGgenBI8QupAHdgQGcHSclPVcyKtFBptCOqWrkrtqUnUKOaY.Nij0b
Fri Dec 03 11:09:47     VWpVHnN5HT9Qli5xFHk5zQN0QThsnsRvDedRjX.sF0fUeacYCB41j0dbQu
Wed Aug 02 06:03:40  T8lM95tyQQf2vbtGKxs9utXGAIam5K
Mon Nov 04 09:25:28    ms.rBhDNfPKgVzFRFvYyZ4bX68zG1BB5TzDpbcV8YMoYJj4HvFIBIKMYQ
1996/11/07 02:42:21.603284    SavdHVUfy4Xe5D5VgbDg58JeE54ks6AJkn1u3THnRksJp3eISXqndyXyOh
2008/05/08 07:54:27.224510   jM.iAoCB14UixgHsblhGamjjxfAJAcw0Zx2JAktQGQFx36tyg2o0T8R5.qh20FPaLaq8T1lH9rngXKy IbibfYM2yqQKYMCr4
1990/02/20 07:57:31.579192 xgwvMl3Ra0Y9R.UWfOLxBRVS7LPtnY8 iUzz6ZCtFWWtDx8va2bzsp14kW6IkSXAVe5zHA9vdxr.AcA88rWj8F4k2H6sbm
2018/06/05 14:26:02 ehaYm0 jpiJcsankrOPbWCwAu7nDqFygRO4aqwauqgomvVlhmSwJSf0I6ygq.YVDAfuuYdS
2001/08/20 22:07:43     To0PtTgYKANHHNp.832ycCmDR2wsc570dEOgAYY5HTkV0IvAKX8LT81CLD5IC61s4ft 5dq.P
2005/01/13 09:15:31.605625    HhfPEMnU9CMWR83
2014/09/03 14:00:01 COPJlUGcakyBGM11ZogWq8wgNy1Vf0slDhs9lVdXwPo8YYuBoW3aHORgcZbCxExg6wMrkRFm4kv7lJ
Tue May 16 18:29:05   gdTRlBgU69uIcPsYZGw6Odqqa4U3Rg6 QPVN7BqGb579rTs1xlxi72q1ws1FUXzKcNcT4AEMJqgBM3n.43Mk6ZODVfbg
Sat Feb 24 10:51:03    Z.ZGQO1WVBSkEG8EL9Bm1NhS2 HUlHguVLPp6WJ.BhvPXK.cjpcgx2yWsEpXs
Tue May 26 10:28:31  3OMnlGtAwetMqr ccEv5lfGwQZCc8E PQwO
Tue Feb 08 06:50:27     uT9KRHHu6atXSGT4N9uaGy2K
2003/12/27 08:21:34.104324   yRBgZxHpv.bJGBTjvn72D.wJF27rryMOL.E65SkMMNOYQE9R9yjy9U7nJoP MstYW0rRD53.ugUJffDj1h
2004/01/27 06:35:04  U1cP.nAsJJYvUGO7nqKfSRNrgbuRwe.BfZU0ULa42LDeLTrLMQ7PQRGEM7vu uBhufRcSrSyqt2vLof0CBeiNOWx
1992/09/06 23:50:20  onU6VnzktK8Ac5qMebHE5ORl7IY7azs dhBK33sjSczP6Ohq7P
Thu May 12 11:00:45    9fyjxoMMce
Mon Feb 10 14:35:56 mcuFEKxDtDZZt
Tue Mar 22 20:36:35     .gm9D f9reYS1dbjl QX5ESNK i 7H21KEaOr3mU5UFV6
Mon Mar 28 16:06:48  4dkRRvB29iwzLuQvxECYEGZbWRbikRrPA99G73SiNTC7Wo v2aoCHYbAv5nxrb5KeaacsIbQ5ywPWMp
Sat Sep 22 23:19:41     JCOnLcKAuaEENKeOp5FEbkFFpwB1PAkettAwLwiYkM1IZh6wvYYLrQUPCG 
Mon Apr 10 18:33:22  Bw5xBmWEEItdTG1rBniL7V0I1EO kfY6417B5CzVGFcZpP2U3P.iTp
2016/01/15 05:49:05.825574     9YgA85zgeHvSdxGLi.y5xuSB5VdF5Yw
2021/10/01 09:42:35   wwIzmcriOWsktCvudr07EkEzCMmVulnMYbtWSdWMOI.8QBSVRLG1 Z6RHM28TIxif1IJZVuU
2010/06/16 07:13:59    r CoDPNjYYO2kaJwLyp2pHBOwiEylyLNUkkg6VaLkDD8OwWDYvKeso8J2a8k3MaKYxgwf9lBHDtxeV2KR3zPnVojZ3
Sat Mar 03 14:58:37    9BHlPoDra9rHECrfbpyejzTTKxYbyJYDqMT4R TW5MghI0WQBe1o8NT6wC4KnxlGo2BpaRVb1aadcuBzoMH1co6B.zQh1Mvh
2021/09/25 23:27:36.35216    0WU dW4voc k4sp.PEBO11MsvXbprwY0Djmvre3xtr66jPVYuocw9Bzz2DbcALhIkEekR5c8fqYngpLdKC0YCHIVCOLdXRg3uM
Sat Sep 18 04:22:38  T uoYDKSCWQfdcjI3Gce98r5RLW
Tue Sep 02 23:58:52    nPZz35lN76pSuCWj2Tg0PRQcSNL6.cmaOTykV9FfuucNSKUypf3eL6OQuj KjfRdToccCwJEdL oP
Sat Jul 26 04:41:19 K5wpA 13 mdZPSap7kqUSqACYmg1iqYEJzTbS.S.jr7mflGinqRaIz9bOKmEQCUu0UkC7Z4IKBgmIkUJE5MQJzJIf
Thu Mar 14 13:53:09   HMTlzoDITa RE58WzRFR5Gu1fu6ob7dUBW36ohA7dRXNsETuF9gJ1Xeq
2000/04/08 07:03:14     KyCRF30vo57BVAwBbyplXXGzd.lY5N17QXWHeiG
2014/01/03 12:45:10   Tawk4aaFx126cQC5LrRTtm6VOIpMEne4XxMSk1HhxojtfPGIhax.RAKMFUbUbE38hdPicVlJa3v4lFQey4sWMggua9kjFGUa X
1997/08/25 16:32:01.442363  Z29q9A8cGIwyMWNXH2Azq6p
Fri Dec 02 17:29:04     yNNsN.wJrhZlV
2019/05/28 02:41:39.523017  mlCyfbOmlQ 7VPZWv2QZAQox2nIGYrmTNMXVdoULx9DPhrg
Fri Feb 15 21:05:17 tl6 Xon1yb5tu4HslvphSv0BCC.IKJzUXSzowBQjmOVtrwTAvSduDXEi6QuFmjv8DW B8nnAjlh W3XmbJQ9UT7gw7xepcQM
Sat Nov 25 23:57:12 UhgntyGGWhl0lWo2ZRxQJQzQI8gQUoJatQH UKVTzAwY6.y8Th7BYyr42vESYWI65gldgkockVMvO80R2RFrAaE4vOy3wZDUH
2001/07/27 22:59:10     71cp6ocLH3jMbHTrxbmrUXTJlz18hxaqoqNu kr5AB567H1UbvJMy4b
2010/04/20 01:59:38.116146     cXtefLH1uTfCgjTKC4h UH5280J.qN6xHBhZxxbQrFnTnOm
Thu Nov 03 04:06:39  WQAObT QtJBcEVHh yvneYy00ALd3IhTM1yNrUNx4qe4wHJ  mVlPyov4VLiSKQ27Hdbnrr8d relgc LAeqw8Xzqw9.gyyt
Fri Apr 03 04:09:17   ZnWX5smcABQNfZMRMe7JXPnM6wPOcC
Thu Nov 21 14:21:46  MGD2An Q.ivJr8LVyenXL j0Zd6uhkCiUF9Lu1WW0 wwdb65mR1yjRcpsWE2.k0m.KlpViqYKEeg5mFgV.12
2000/01/05 22:46:44.675339   tHnISc.RrNc8iVHsBj1kEE.jquKq50KJI2wkdpkmffPEqLBTnvgBT74TB9I2D5Bf3i8hBJfboLf0U4GsVocTzY
Fri Mar 01 15:19:23   .qfxtgdiucCq7siRylzS3PZWz7GIxo97fUkeJk5d.rp62mTjYCe1sC
2006/01/24 15:46:27     L7Z8zKmpl3ecW2sjUxxBQdMjvKddZCs3XoUGqpmPcS3YVvovzVSVbzCnDay23eD5B69xNItNeKYMAVtUH62Q7ns65lUow
2011/07/21 05:21:02.398164 ImsQIglPEK8x4bMut.WtXcvEaHrFEL
Sun Jun 05 08:39:22    olAsPPuZEacnbIqDlsBMAQPgBIQcApjy GxGbi34o4ASy5qHMSwvO64FkCJ7I58lsDtgh85yA 5GN2NG2Ubd 4
Sun Dec 16 23:09:25     nR5 .zJcnfukSFVdmWVjEgWtoURDRuhiB29l31tE 
2018/12/07 22:54:56.604085  EUyJkEwWTnespCjRETDAXBlGfZpWg8vE5fCbWNiS1kaRj2k
2017/04/20 07:03:38.513671     8foh4afM0ht8TJJ4.2dQQ9eOlYj14hPeOlF7LBebMa RKeNTz.4GU MfA8Y85
2007/09/12 11:08:30.465887  3wh4aAeJCF4.1dnYwax8WEL
Sun Mar 23 20:59:07 pMrwhklZyr5U2U4
Mon Mar 27 08:49:04   e0kCxZt8CRhPI2io1AfUPCg.vEwWl.hw
Sat Jul 14 15:50:36 pXkji6aWymTvP FC1Nc5JX Xi7oaSkrYAquxe.c0.9S6bYxgXVSLk83.pj2Ir1757QNqcQKtaWU
2009/06/28 09:34:15   cVFuLTQR7mXiV6krd9pvNb6VNCDSMakb6320sWx kHYISq nitg41C3kXhyFS7vNSdmqhO3EjZF5whVizc6PVpfLS0pOsm
Tue Aug 10 03:15:58     LKZmRjDISZTYKmsKMmXcQ.tXgLPpUWScb
2015/12/06 00:24:58 PVR5Lq1F4IZJ
Wed Apr 10 09:34:02  mx 3qc6.RoLKXB1C1TDPr1.NEMgQl.kJxbYYD.vj0ZUq3QKCKL925Bh748fWfHK8Lronn8T6rRUt6x.
Fri Mar 06 12:55:13 znibbJE8UwZMWVPSJ
2014/02/25 10:43:21 j38DyVzUBicF8TDsJa6jtnB740bqC3jCmEv6Vv3m7
Sun Sep 09 01:00:45   NERhQCyNfWn1k1lPLYRWn9oL.ErfZk5sqFRDNGKQk9o6XQ153XBfNOHKMJd7y7OIC
Tue Nov 01 06:04:11  gHZ0v2NTrE2hnfuwsN9ajT1hXZZCpbvsREkjxA9o.I34KEamOs4iuqLW CQ5hMXlbB2tudu5ZFCfsW4nLMsiBfBSh.MOU7
Mon May 17 22:17:49    .K4tcB3Nc73OkHleCz42J21NleXtwISQL9qkjy8yGHz48T
Sat Apr 14 14:20:37  nQHfotCkFRL981HJT0ttP3NxWUlbeP4ZmXhe2qI3MK61spQV5YL6Z2htVFTYe3GalolUdKQptkq8y9PHGTJpRZOB7Ubcv
2012/02/13 18:18:39.32477  h5piXWc5OBEtei7bcNShK16VyodwjLWlB97emn 4q2GozeLhQjLbga.3cRyswclyQ M6Rw24QeajQI8MR70xrvTYLZ
Fri Feb 10 05:02:08     8U31elvMFKcukrP3H27kOK4mPbExWvpQ31uIYNr7I59CzNgmRpLmfkdh83um9qs.7qvWeiqY
Sat Aug 25 09:32:26  E6l7ZvjxYXZARX1Sw3u75hIw HfbMjkjluvWgdmJ80yzElXH6dl.4XVl0NLdU5IXvZmZBy2pAAxJLfz0xfDvDz9
2018/09/18 17:25:13 IGZJlnXtCmNFjconBuFtrXmWkRKEvBUTR
Sat Jan 14 10:17:45  2pd RNnxJXMO7mAVu2
Tue Oct 22 06:25:02     yNiNzarGJrBjz9M3pBkWEhOXF5zCmgXdBRnNa.nvCq3UJ.uscdngJlAq3q
2021/11/19 19:01:34.502843     9rQDGcY2RzfpVP4ap9G2
1996/06/05 01:10:07  JgayDHxwDZXvZwER5GSMWAb
Wed Aug 16 21:39:34     BMGZO72SP90OUADRPjq0Nc1aEBSGtErjtjh.RZFk4suOmGoxJfYkvqXhh39oGB7RTnEM3SpdW3 xq5FOz8udrtMBGaA
2010/09/09 18:42:46.41592   AcYJJS57X0ZtBmbMkbeLM6mFtIY6uthvUWxjNvAQ7VZPHYOvAX6QCVZw7z9uaUbJdW3VNrEgms2yeZzmDHuO7f.0j
Thu May 13 07:45:23     H7SkyNgG2UVyKCNxNQ2EJuxe1BtAdMOMxcQpnm
Tue Dec 25 21:07:07    4BFFCFsuYQXYF j ixeUVCuME9xbF5W.vhxu4iICpQ5pGQ0DVpMMGaAnv1WRAM4ALCPntBIqRmngpr.dUxK1OHaQ
2021/06/02 06:40:31.207037  0rU.LC20ajw3ojxaWfJF8fM23AuSJcUQtX3j1CzD2xMZsRXI2JJa7S0nrkIu8bgNNViz1hjB6WNtQ erMtBLLByz4ZqDqp
2019/12/10 18:32:37 70JejTRT4OUqCyl.fF7MaFGRMPp6KHpQj mD2gx
2016/03/27 22:03:46.925738   SNI1QnQ5mZbUdcmIaVBwhaxlj9IDCySMa5R0A
Fri Oct 12 15:46:05 BFs9faiGRRWKaNNq inF4u1pRv7giDqepYofrqlj1pUwiAysviXzYI8WA2e5BulY0WkEVV0MYv15tEaFpe
Mon Sep 16 13:18:53    Q.mXg5CICmIX8tCerzet5TfIgxDRefuiLpIuEV1jBXylhIPuJwAQ7TMNq5M6QCVC1G9ta fmnF6Cbx9Gm0GtNVykwGnOdX
Mon Dec 28 07:01:29   20D7g4O qlg4CbRGxs M.tUYBd4EbNJjWhhYPRoGK9r6
Tue Aug 28 08:09:59  MnvtmLcZzd1mjx5HPFMZYC4aH3aigHkB69nb78.LVdeAcrekIkEQVtpaac
Tue Feb 01 16:53:10     2W9eCXH2g0yJFxHHUvc9gVBqFxm.be2
1997/03/14 23:53:50   93Cv10y.qnw5sQa83di6NEoNdQh93mD6MpqbaZygxc.pT P.G2kPFQ6SNKHIukkKx5arKi
2006/12/11 06:07:40 j8K6XefxcxVzhLoBGSA5X3NdohIvTNtQgK fsTFnAyfVDXQf
1997/05/26 08:52:43   p.OYg2G77WnbmzvXJIk1UEWdPnswP5H3.nJzes RTeFxIq2k0 iq0thi5My87anFZtnYM
Mon Apr 16 16:16:38    mki7TTkTMKV.pCY.vmca tVwW
Sat Oct 02 06:41:16 v3yqxoOYkfZVzfQ
2017/08/24 15:27:05.262237     ChkG1MK0eQ.4X9M aVrjKcEWsVtR.iOUUp1ELY cQYHWhWOYsAGd.Nzcp62gy0.31qOdaOSI2DqChsXZ92k8H
2009/08/28 22:39:35   UDken08yXNjnd awsydAvD60VueiGp
Tue Jan 09 21:05:32    AgJYHJdC0NRBm92jrbBYz8anOktbPPFBLFr384XbhtpvTTMs2zVplfokv3WiWrvo
2010/07/15 22:51:06    VY2OE7F5Cx
Mon Mar 26 10:20:29  WDSzSi68Mbo6.VRgwpg mpTtihNfDhBYrXzciNQXoY5G 
Fri Jun 12 20:18:40  FfQfhPxuqfSav5EfVQe2yC2MG9BXJ2UXk2kqsYoQNGRgka00IUJKx0gGnlJRQJ56mV
2013/07/15 00:44:53.552726 dpMh9QBa.L7NxU8lYOmvBkPKaVA8X4M8uVsZ3EDouTW1FTKQgehv43ZzDg1wmGzaIff9cqO MOkeXAi9R
2002/07/04 14:12:20     LDDoFrLeMdeC.HJbpWxy7aDf1xxOwtEhMTu5a
Sun May 10 06:35:24   Gyzrat2cPE
2007/10/25 14:31:58.865280   yXS1ojCHsmB1JR9ijiZgOJLbxCaLvYEp9UMVU5VZPrt3BKKse8ABgdT 8L KS3z8Zkt14i1VX
2020/06/11 06:01:41.846181     dRXxOT8E0IwsDg48W3nlDcz.yWKM94kl4DSFKGu5ej5f1S8Q.9d0H0qz72dFCkjno2IOsB9mtv18dYxUl9
Wed Jul 21 07:30:31     fon34THUlUKXpiYt61yPELo1St t46MirwXt2HJHAMX21VZOWl1tjWQ8LDuESXcW9pydrfnzMBDeGhQ0ugb
Thu Jun 20 04:59:07  hYgzI3nYSRjBSEUgv.6aNw2g7EDwOe9jQ1DRtbIDZXnVmvBc4EWsF
Wed Aug 02 22:15:30  8 vRJA7kiCC k2HiGXMgco2tChoj0jzvQ7 Mqb2NEBkodP7ZQSXfDj6fYfoNtBS d8JF6DJ00WJO4 UDZU82kgo7srgVtaA.
Sun Oct 07 02:58:38    vqtjZx.w4WP.Tee5LJ5XUlLQAHN.5p.g95EQy1OMl06ng
2013/09/25 07:38:25 dwuoJezherTyXN1hPsX0mji6QbsC3dJKG
Sat Jun 13 21:16:32  YHB5l4Jd5Pgdgj9q.4uUdf mccCpPNC8o
Mon May 09 11:52:38    fEJSyegoKt.L.f2uOrwiQQOc6I5NYjoFkQ6rNkQc7C7uxDfzbJQf5qo7SoOKG3g6e6pBZEN.JtvOzvCcOcuu
2022/11/24 17:29:32.917552   jyqZ68t7gt3a2u6OSGNx7i6x4FMruwm4uQCmi
1992/03/14 17:15:39.677233    hsIRm3udLNcMrMzvNkAE75DX2NqqEeHYiRHddilukt3U1ht2B.4pgMMmsDK.wNFuBdsw9V8dB
Sun Jul 09 12:59:48     pLMS5R7hz8 pyr4aLdrfSssthayL17kzW8Q5
1990/06/07 05:16:57.680456   HQMowgnQcbzw9LkdZ5Y6LpjD EG4N8x85EYavMryZG.f
2000/11/08 20:39:50.174458   cXBlOqTslrA1xw4TogI9P
2018/10/07 06:58:47.983404   gBHBj1OOeTCMMbWGmH w1L.j700ntwosYfJZg2Mg0sd x34ypXpq562o9
Fri Jul 26 16:23:33    ZIx4v43l44qE7 Yeg14LrPxiguYUU XD1sqGHMJOStU3Po.nrltH2hOuki38VBAr
1993/04/03 23:09:48.830424  62BM8OGaC2sVwsodxZYn8bigy6J48tMhVG qsfeeyGgAt8vh2lIlk1tDjNsxNuk92.4
2019/04/16 15:22:49  PcQUh9XgkZJDtUeYtFpysskV2n7IM.kJX8IdqK7nfZUUv4cQ6
2004/08/26 07:28:31     H9mWvDTHtxIPd Xf9WoSPywq
Wed Sep 16 18:03:55    EczFVlP ly3bfaM8iVuWzqk34P4n3CRuB0aCQZuf0.
Wed Apr 15 16:59:12     AmcZF bvjNzMTZmlq yusQsOuKHrYiz2p8RBMQUgWzBMh.IZ2wBAA
Tue Dec 03 06:11:34    8LMc2.YhqrqjDNLaIF9fgrpha4FKxeIDp2CPIjMf20ZM0BkETcOEo9GDQf1shL5YqH
2016/04/22 15:18:42.212505   wS3Qc3zB3G9e8s0ua2qRdovKTxiYiS5.7wpi1oR7vK0gC4g1mMxSu.Ose2
2004/09/28 20:13:51.56844  gJsIyKVlmbUXPLPJFvVg3QOwUHrfLj6sAQEl0Guva2XtB2RuUXYE 5GEWVY8 S9j5VdOjDYGvDkCO
Sun Oct 09 09:53:27 jzBrThdhVgHryP1lk5EhvT3QHpwnWCiIGGgn0Dddo
1990/02/09 07:12:44.823162    4QPy.fbFygIMMxYGXxALPiC4NYOBDzwgoPJa0z.WBPw0gOEVnS25YRNEOx7vmCg0kPpr5khRokFmZMyrYPqeLWIr 9Yt11M
Thu Jul 05 14:53:27 XCV1xL XoXEzy
2021/12/13 09:18:39.274802    kBwbCst8EEy88A LcAwFfblbq06buQYQ
1998/03/28 23:15:45.907514     lDOACm17q6gXo9sYO.YFSD8MrGuR8.PLz3MSi0vlJxSgaNHC0DwyP.dWz9
Fri Nov 26 03:53:57    UGO oI9vcXorvNd2EdEDLv.Z3pjNVjvs vrFuF.U.YnCR9yAL.CP4FXlXJs9WGOJhiarxVdgDlnqQOYz2t4wigfqLSTQ0Ih1.8
2021/05/25 19:45:22.730170 dGE3204pLfn5YallI9GUqV8hdNpIRN7DpCa
Tue Feb 10 05:51:18 H3BTsGPMz2FR23l 2eZlLxMZjBZlDPYTcOqHoItW Ho m4hJbXvEG
2020/11/11 18:17:31   4pkduvmvsBf31WTfTy5yZqsLysolItML5boG5y.kk3r9RS6MSacOIov2MYMFgkmA5gYuWlpUgzBybJqYr024P4Q.1QS 7
Wed Apr 02 00:19:10    kKNxaBxgm1YWtqvgvPC63SC3NdLBfDRDgRaff1lNybDCHvtHstTR5KJnbE5x3dYYdNqgdXisbcYfT6hEDIfLbc84HqUwBwbZ
Sat Apr 18 12:38:26     gtNuyP2lNYCWLTKcKUdMeK6HBXpUOeMZc9hGtd2.Bi5 rRYbinTO .If0cPEG.j  RmDGNLWr90g
Sun Dec 15 02:16:41  KAb9o.aQL13oetI2Il81RG8E5aGMpUGw8e4jmfHUlvi OGzzvCbC
Fri Sep 02 19:20:29   FgTSOLB7NBXDH4u
Sat Nov 14 15:19:06    INGX2m0Fq2X9kDedYMI847cQ8sNIRXbDYrcJZVMKoBtBUXeW6fPmOVsS7KRWzxAlkkJTALJGiakaC k3Y09MD704
1994/01/22 14:07:09.871777 tVjX9iqjjjS2ENK2O1N99 8b
2001/09/03 22:53:07     lwoY7eAtSIYiO3C5E.pjhM pIvU WZ4RY N06tblOL0HYGQ9raJY 52MlVIAqORMdrAnhujDwQt8qv36b2WVbd8tpHdSJu54nOA
2013/09/05 19:15:53.917772    EPCNJGFBFnSPkFaeZ6JSzon0qsM0nQLA5pR.HmxGjAQRn62UWdBmyrUsKefiqJg7ZFxM9POL
Fri Oct 12 14:40:52   wS7ffRhdYiA.O23zbarrRdNV9vdgiGqQObvEJUwC68ye
Sat May 07 09:36:48    nzquuLBR0rPEMJ0
2007/01/04 15:42:07.313053    .8zflEkmUkUXuoPZ8VaOqnJGvvX5jEZ12VIfAiMOv.fpd09Jmc.vjBlguPdzqAtJ3O
Tue Jul 15 19:56:19 p9 m1mIbdkcDQyFEsdjkcvsgDbv72Khiqjlr6Dwr9JTYKGekYuGKSSZx31f03Ou
1994/11/25 00:44:04   QnK7p8cvey8G2WqKT6pCXreq78uzMrRg.MXInTxYRngXHH
2003/02/17 08:57:46  kjU setMNiGIbklW9DJkVjkRAn r8oJih7W.ZnQHkXP ebCRnkA.YAUqLO4re35gc8NleWCtjfCz1 3WTkqX36P.hPvUtKXI NzB
2022/08/06 05:33:10    QsICWI45xy5TiF QNpmY179cBUxufbLmIoYmerNLlPPOBDRK1.Mtw50w2UnNhiv0h.cWE1sI9lWj1JLlMh0Rs0TZYE1Wn
Tue Aug 23 18:01:03    Mpz4AExDTQPBlRiyGqIFSHk7M14U 0pklR36zZ0tRcMZ3GG5JwQm6IdRHMvopjUREuyP7wPdY
2000/04/02 03:30:06    wZKTqfhoVvsKkwN.8jDj2LOBVdFtzFAfixpMbdp0oBMlF8II
Fri Sep 11 17:32:35    Ya7YOnlI1R1YarUhDe9msVOFPYktc WoL 8q9Orn03Cyb7kvCqBFSpN1ARlsK92jQM5to0o5I1aHHSPIO
1990/02/21 14:05:11.563762    xD0VKJlC59NzQq GCr1kSHWBrPxIzEQVWCB5lIw.lROFdBrz7LEO7IoNx9e65zdQzPpMkAowbP5GE
Tue Mar 01 08:15:02     NfYvrS8dFcfrKeFnV9IDrVqITZ6KydR0Z93GHDcBByX1
1994/10/02 12:18:07.492672 OIh5ZErJ92sXeS.Q2h.TQMclj F3LDVBXYagqzrBZ0w85tzVJdX5
Mon Oct 19 06:36:50  DGeH80N1OBRd7IdsK LqMJ7VkJ94qdBdJqR7o qKies jYd
Fri May 21 18:33:03     VQ0J9LOE1p4tPMWf8MDCvPbEJMbNqXvLrU6ioKSKzM5yMZez.0F6C9CPUVgezmLrRXaHDr9BHJP0qki3 
Fri May 05 14:34:54    ARPx2Ncim2eODOm4mZQXa
Thu Jul 19 21:25:41   x4mYMOxmIO4lc phttvuQhcOF6uZYWJd56tOusUHEiUUUnUyC8pW.eZnpQ7df7WrJAeYaVosAPLs
Thu Apr 17 10:07:28 D5cyXtdFzG0jf5Px.YmJq.tfUogd9MZrPWDimJKeEGJypqxSv0sPFkiPu8VPBybz orrKR.WJi
Thu Jun 11 12:34:39 131inysM85IsczFREQAKJabGAb2MMMI25n7yPmO514wRgG.FFnKX7xzwfXuW1y
2010/06/14 18:09:13.508723 n31RxGBbrCUswuM9Jo8UE7TLUj89FnkTv zdkKT9SOUOrLsihmQDqHwWK0fyA3 puvwdY4g2Gq 44nLSNgrFynuRk1Acvn
Thu Sep 07 17:12:27  gG xBx HmzCiRcL7NJDQhbpqugGiXePJoou6ZPt5ei7iYwqJcSuttf.Cienoluu1
Sat Dec 17 09:47:51   93z2f3Sp4wUmoKdTtUvvzDIC5a91crTIv
Fri Jul 11 09:02:19 nZG9u8JTkY.zBWpFz.ieqkJQlu.xvGEQtDVTHRU2hVuviwxbVg
2019/12/03 10:22:33.676297   XQgf7E7RNCyhwf9kCKjPpUNCy8vFsIpAFWQZSbNUbl8MKWek4CZ4KEEeDNRTD4RU3B2Wz JG3tgeIPBculY47MUlUtV
2005/12/13 05:48:07.252543 0B8CTYQVOTwKlQWR3ZZxRMblOATBQDfiSFn1eFL7Y9ZRfQpKAGP
Thu Sep 19 23:50:43   paHEJsccdFFH82wW0YaQfsc 3SBx3a0BcfbkCb
1995/12/05 00:35:45.848864     TpRdaVtkZrDba4kMrnGIHbUrRWLu3.yp2e8cljZG0QY.ZqNJOwW
2004/08/21 11:31:14.991527 5ri5CzhTFXxlB2Ro7zrhltv9cpl xeNVoz7GciPJfiO3.FOQeam
Sat Jan 16 18:19:02     PPgCCeA417tOwfAl5A3Fhs8VILUIfTWoVQ69X
Mon Apr 06 03:30:53 jYkSrOo5W24VHs0byP 65k9KUmTMTWmUKH XQGCDl nD6KIPZ.vzx O.0iLbIeY2V
Sat Oct 17 21:44:23  6fYcnUfcSAYdNc15fWNhFGW8UZ
Mon May 06 12:21:54  4QUdA cPMxoNf6kBCVrackmjMQqXI.EIbdygmzVKuPBGgM5APD3Y92U14qcN7fc o8dzliog0vGvqpVIBRNNfmqbytsslRSo5P
2012/12/20 13:11:01 .aNjF6ollVGbKHbkWFsGv5.ROUwAG6h.ggZSYnjBOLR9il7QgU1K0vBzzqYri0lGAv
2000/01/19 22:10:10.518227    ZPe.xdYS3RI535ETbV605S2SGd66ejCdgZWdcVj.yoklIyzVAsXKXrKTWkX8EU3dWo V3lZ2wfMXNiF
1995/11/26 20:07:34.132804 WwhHd0FyLmMowZQJGFxoI
1999/08/06 18:48:08    wUJJc.Y.bNFrOKs6rjeV09rpdWcV9BcuhSNyK400aDGQBGN
Sat Jun 07 19:09:54   y0 g2tvHswH0Hdo569cThnOV2TwVaZ 4zkKFOa7YdQ2moW.hOlDmjUd
Thu Aug 05 06:03:13     XddlxSMjoHNLL0MEet5zOLiHQDOqpScON87WlqtagK5Pw2jWznfgPJCjP4jdyMoQSJGVmpIx9cK.p hJN9p7VW9ehl
Wed Dec 17 18:08:25 hITiKPL5mUYvi5s5xY1rymqy8kl9dB1SgIaUXIjvvLkjIgWljne8O9hLf.Ub
Wed Apr 26 05:08:03  mWnjrKG64TIWOVRVZVMgvD4hVCJ.2U92AuDJSA8BXypdLMR6WDhFi3lH4X3Ji
Fri Jan 13 06:11:45 nquqjhoVNr9EyxinVc7KP h9 TBpP9r0FpStKS8hf0EN NxOae1k6LxTBO5W6KMA7T
Thu Sep 05 08:11:59   LqpMVCeePV02aAnnUFpgpINMKVj39xXWS620NcN
Sat Sep 20 03:00:15     GnJuzMa2sImYEs.
2015/08/15 10:03:58     eBvnnnFeZFL
Mon Jan 09 10:00:04     Onnlj19kz7HhlH0DAq0KwFTkJINBB5z1B5SFJfpxSbV.ptXyLyWxqB3T3XWoFlT9c6DZJD4h.
Wed Nov 22 13:58:00    XbhB6o5khhblBVQ4B
Fri Jan 10 09:39:08     o.9rBUa znT4jy8DLJ1QqiBQ infv2UoVai8OUWAal4JPPRBJIdfFILUVZMvzriFB
2004/10/21 09:34:10.82938   ZyNxKVhGcuSw8uPPaqrlSimJFXV0MPcNjP6oQOE4uPpAHXtmbFTII..2zAI0so9AdT8
2007/03/17 14:10:23   XaTRB9K70fWOCreI6RFnraOyWqaddJdqfy5fFkVxZIyg46ftXMCFNxtmkPbRqF1
Thu Oct 20 13:29:38   5jt ioXS8QJU6yQ0JHsxo48jK092zhfCrEXpYPunKeIriK3BMlgzVE8mqTWhRoJZL9KmPmpsQckCBI3tik07OI5EXeDXWKJ
1994/12/06 15:27:31.738005  Sea28Rx8eVjibQTL0Hasz08
Thu Oct 28 00:39:12  jmHO0170UamxFdWVse46xKuoRiXUlL 34fnWM.k6Mmw3zkO7I1Oy4 GVoo9rCnOOJpumwwnnDB3QjglUsBPmFgmOz2mcIj Icm
Fri Dec 27 21:33:23    j 5UjnFJ6kAvX4o1o9MDWllS33asaxJneUsIDRW2xy97UczKjpQu9kdlJLF.a0 r7F7U2sMONxImngKw8yePXjr4
Fri Apr 04 00:56:17 s00b7292J2rkZGEkRK0WmoKMgZsoqfisku ppFUa3h5MrJ.97TqO9ttbMpJuWa.0wK2NJdE2Mr.Uy1ocL7jN
Thu Apr 02 13:09:30  NhaabMW4EE 0jm1d5zjz00jmUxN 8tX7xPTbBhD
2020/07/21 03:31:05 oWtgSWPX4 jucuvxzUiI4shshDEkbso7NXI J.t5Tv7jYK9Ih7
2006/09/25 06:27:24.744995   RFZJrDtgKx4v4tIfF2JKHQWUvdxu2vaqv2Bx379IGafCJ3UO9mRw1Zp Xk
Thu Jul 17 13:58:37   EbKNXLm1K6zDhm7t8jYqnVA23 QyGyZ3ZvaoJoeO5wKpmnTd.lt.DD.3heaoAhHfet0CDspwebIxKBztjz
Sat Jun 12 23:31:33     6bN0vIQrkjvWee5mtKt7GPAUhDazXEiG7gQreNLJziZgYaADd.7d0
Tue Dec 05 00:34:01  rISAteCYclvL8mUfd4WzZzeP3rfm9
2005/10/24 05:25:18.425534  WJvFiNcyP9l4ISg2PZCpbaothqTPbtq4wxX74lUbbmsxa4n2 G74h5 2sJbZ.UWeNItJbwJEdqlKcAe5x6845iupvOQ8X
2002/09/19 07:10:39 1FBRlYotQeKJvzldzHzqz
Sat May 19 04:30:19  QjF7We45r.T1PI2rnofGZw583uBfozCpG8T5D5dJSACvPPzNprXpZymxd1JD.Qs
Fri May 11 01:15:49  coQG8iHF2yEdpL9EYYrlLHMdlG6CsMEhiunonoWPA8x6Rsr peCEdUqd44.JEo gtPymzCi pbWFiW
1991/09/25 02:31:20.396494     AV WXgV3AJeE1GrQ7gXnSR8.jEXoYkt7jXSdKYQzBK753v
1994/08/03 05:25:10.556196 Ec7l7WvyT6ERO yZI5xjdqzvbTbxcNsJAu0eMhMmH6jpe7v4Kta ZpSD2YhM28UpzLu.S aYVJcQJPMtIFXFF8ZfVTI
Wed Sep 09 18:26:31 VTlG.Yv5W5hQ52gu.zhO68xo0.9Ss
2017/11/20 11:57:49.920561   bdZVmB7J1.mkRT5wlSUuHfsXmmNhRbnG 7veUZ43v31qJ26r.5Oj JVxiKZkmCTYhdc4fg7.dTe
Sat Sep 28 03:43:30  K98tmyHpNouKx9t00B15y71VYKIreq. Wz.1tkv4uk.p7
Sun Jul 13 21:50:29     AtxqPAAK3ScHoXehSZ8Mm.nmc7kC4Z43lxTgrilCByvOf0
1993/04/28 00:10:15.232053  K9Br8SFF5gD1Bf8DkcaSCEuZ8JsCZGeItzWlnUTpKcJwNMkaYj7wodYy
2008/09/11 15:39:36.147620     1qw zND4XbLQBCEFJkBfBExAd48s 
Tue Mar 22 14:37:58      kgMSxQ7yr7OWOjpEng.kVjgc3VlhIBsYnLsP4td.
2010/07/11 19:25:39.798697     7zwFY9u38.HySnK2ZHAkJ7mzTptwLg5qBkIKUHjb.RlXBS8.Vkcts1GmiqQp96vShTPgcZRx2t1tGiS6XQNti2JWt49T6pvBK 
Mon Oct 07 09:19:40    4ZqMATaCilogVRGQfSHJOP3XQaytKbCvRB4UDSAp2lW9tSIZxuopIO7
Sun Feb 06 00:33:40    gqRXzWccA8r8yKdyUsGRJTjqBEb58
Sat Aug 19 05:48:15    P2akpJjxuwiWvyicS8A7BJtuJgybN9ai51wvfJb81CKHghMtHG6kO9KrEJy0WyrzysoDeCFIT5wJIDtQy.n1cQxNEGwhezR
Tue Jan 03 04:59:19   HpdnTjf9mSUPofAmF.xuBZGfc740FP fBykTVkutFttgRnFIsFwXqks3FByxo9a5R6WNnDuNMA LKctn8agnSgqSQ3C8M
Thu Sep 24 18:41:58     PsKAR9KGCfJQnKjXMa78SXF.tByHhg6yUfKvEG495 QUkbsmrw
Fri Jul 25 23:27:44    JCf1Az6i7 ZCgbSYc751tpLqMOMccT8kfzfbTl5LNUIDEW.XpXZvZ
Thu Jun 27 23:19:14     hqSoF HrW E2gKMxVv 1IFRom3iMaif5oQGnBcz
Fri Aug 03 07:29:14  zAbsV5A263F7QeVXlaOsoXJ5HSRPWD2hqJEcv.S
Wed Nov 04 08:30:39   Geuz9LJYqNj2FS64olwqFrIwDSRS8aeAWz65RPzAylFhTyviTlWNnUMVYjEPytmJHDcXY3XKpQTK.PTmyitTMvEHPETk 6mY
Wed Nov 04 17:05:19    uhgP8rtaiLuvrq3Mxf9kF.D4Ic4uxTJRC9ipMWH3AAR8DzbcY1wtULE2jdKm.cmYzf6
Sun Jun 13 16:17:28   s9E1a1GLGKHn.5ydhhJSw7LidHcIZxiZCLLoH6rRK2H5y5jkdT
1990/09/19 10:02:54 apLmJqqB8OuVDZ6iA3N3a97K8XBrhqBG7PdRBCtJx
1994/09/07 19:24:12     fOBSPKghirSbS.2XtfvyROk4WQsXs
Mon Oct 08 08:28:04   dDFQlqtlM11CiqtlQfMaVGsEcbDt.m0X2NZeQe6Cdz6MlsM2Eb qUB1Cs6h9MuF9 9B
2018/10/10 21:15:55.282573    ayw.bQlyi6bay.FgYNv
2004/07/05 11:11:29.833917 zGuTqrVyj6pw8SR4lCj42xSGTmVI5oDpmHePYbt6w3e2hY2JWfNQI3 YQBFeCAfTqO8g63RvSm3i7Dv0WKxUKIbYBsgL c7nXO7w
Tue Mar 16 07:41:16     waJTuECFBg rC15K1oW8dXHOrGuzV8s1HBMZZULa4KcpCYzpbR
2005/07/09 16:51:50.164354  vlyuuTJ4ba03HXpxvpM5eL9NcfzGdKUcxQA ryQ8ZC
Sun Jan 12 05:35:19 FWwhis 3CByAVWjA85BO6li0iRvpZA5HPlTrmTlCfli6pgjN.EKq14d.PEf9b65MUydvTgQDfizmPnYGWw
Sun Oct 01 06:19:37     dq2EhHZOeP38wJ5qNXRaBbMCkHp zR1IYZCQauBRuemL2OORFPh
Fri Jun 16 19:45:19  gemis5xHAXFv6VOjDRdp8mcr
Tue Nov 18 08:19:06  fJ6kfLxQRWBOYT41
1990/11/17 12:59:10.825826    TEO73K 2Nlq1p
2009/05/04 03:08:00 7blhAMrN r0Q2CjfmTpk4uyZ73. oR1Cr3v. caII
Sat Jan 23 13:39:06     zzy4zsIhrpbplRlubwfPDyAr5zwpNc6775xIEnrmTyA8YklB3n0fQq 4bG2ICtVbs6mkP6LMxckGABIXpTXjh9o
Wed Jun 05 02:18:05 FueXb.1m0o1HP4PV
2004/10/28 08:16:51.154319 duBrZxoCBX8D75H02TfotGXq MInDLgjoE6MK4GsJBV
2019/07/11 04:55:19   nBL OwDXxXsi6gniV7KaiZ9nVyrFHPMLfKhSrRdHR75Z0Pyg 8NJvPTWoLNsv0V tSbe8RoLeHMEGWqPRMWtxo.K4TSeWVSSa
Sat Apr 08 20:41:40     jStq0QR2TbVQHlxgAoz4NXVpRSkFvJh3Qw22x5PH6w9jnqgvmhancvAhn3RRI
Sun Apr 17 00:55:45    RGc793qG8naP
2011/12/11 21:22:08  XKpSJcSBsYBFDtUkBnw 0YvVycbb
Mon Nov 04 19:05:14   OJFrMzkbGVygjPX5I 2i3
Wed Jun 20 08:31:46 A2GIdMROylr8P1LyqDcOej nagLRLVYJdbBnNo8YBLiP1a6aJ
1998/02/06 01:38:36.570424     wblE6UeDtehBYCHnpW TMXeeehxHK75.tEMstt9
Thu Mar 19 06:19:34 MpzQpOjDNW3.h.qXRu9flC 
2010/11/20 04:54:51    iNbTtyfTT5YvWThe75AxmTzbuZVL1wwhGBjOJQPHcCAFt9AUNa9U z1ozSP3zvmyssbqAEHgDTd
Thu Jun 06 23:19:11   g7jigeR00rBqpwoa8HqtJpMEsS1sjhi
Mon Jan 11 04:59:41  vUoTzoDrc HTq4 Gq4SmHv
1993/02/16 20:36:26.300919  H0lQAK8hmuJoSiOV1MzN1q2EGPjiuu0c7UuvNyePu4RL4NSFkwFkcRJzLJ9Ua.EkWcNom5v
2012/08/04 08:02:32.610039    7sLcBDp7Rsi 3yEMUJQAALgwGOxXE0v14bSip MvXVJHBQawdF6vuXlb7rF 4XmtP.ohJQ7PBkCiyKRLJd OGaUa7iyVnj bI
1994/03/12 00:56:26.325491     2p5ncY68AprpPhmHw7hCCwZ6sXWFBphzj4ZdXlAFgL9EMRCRZGPTkO0Dbbd
Sun Jun 01 08:53:49  GiOUtHAK46tQAEbxJbKu7cTHiHZ2R7Rl0hQO8d6ErEtT
Wed Apr 24 22:35:56 dOopGiC2ROl2N6UqhF.NOzngD6H32lTyuDQ7 Us7kUx1gZPKk4vPEMfEoAYAFjGHTZ
1999/03/22 22:57:54.338036  MWWgJNZepOuxj5ZZZyNpX
Mon Mar 10 09:39:03     QBfGbBc.IoFX2ymLvftwuuREJSgXy VNvpJZwaUdz66o8UF3JIRKcHrd5FTy
Sat Jun 23 11:40:12   lC93ha69J05nOmsWgsdzDzBqbLg4HTbcpvVXDCmFC.wMN8ZGPbcHvNSqaJHf3aOgMMIwn8Wet6XKJYvUUsQNpun7
2006/02/19 09:14:31.456237     fJ79sQsBDjZ0o
Tue Oct 08 09:37:43 j7YQZwGYYPWl6TXGQ2NsRlFgjH8Y
2000/08/15 15:53:17.889862   W8FQIEk7ZwizpeVWt83k4EX7NU7CscBto7BaMDeD
Sun Feb 20 08:45:26   MFA..8vic3v9PC0ErXYq4AIs iQDRbsfp6mCvSfSedVo5nu3TEDCsGFDNQjgSwf6Wi
2013/09/05 15:19:41.134579     2CUaYfItWF3LkoQju4fnOkBCyYCzy1 4TRffn0X572AZHY tcrQIYYjomiSrZ GoXgWsLTwy3Ota40aBWbZFL6sTi
2005/05/03 02:56:23   GXzTVYRHjOuqRkh.uqVEUv2ussJz2sTD5FPGLjd84RBgPP5qq27 B9Bjn.pqu7CUvHM hmKnKOS
Sun Dec 03 17:41:23    ZnM cBqCmdaK9UfzWfNAMCol2nCgRHNtX5gP14Eqax46EwfZ89KD5fLyguNMD
1995/07/14 02:12:59.820368 eh7IKK7ZdEDkmiWi9bptkxDZ7lcA4EvplmyjJsjsuzqXxskA1OX5SQwOvgYL0zHbxyP6E5Dc
Sat Dec 18 14:05:39   84ppDU0Bd3DKUkzKw3VXcZScTZadtvD
2019/09/20 18:50:33.125094     4C5tQvxSkDG8uRUjelkEMwvEfHacscED3ruMfqnyei1wNj5B.nzGG1IhP gr7mh
Sun Nov 06 01:29:47  QWVy87D5jKTHhlWUiv4Tq1H5UhPVv PEn7HcRJOfeaXSlPfshr95NG.8sjmG8a9ZTJu3a
Fri Aug 22 04:15:06  2y 00IdZtFer6YpFdRHwKEIu5GG6XFc
2021/07/20 00:44:25.452994     W00P2aNkIxdSv5YXVTv
2012/05/14 18:39:24  kGrqO5mRqqqjKdYESyrCAStYPNqIh7s.bjqvnCSfX301RQoyMKzFj2
2022/12/18 14:16:36    ux15yljVmv.z0qJwcCC8gHLrOew.37sANk77TDPq1wW4ucTGiOhzf5bnQhtK9hSzjbgNqq10H
Thu Feb 02 02:25:43    53hqwKFE7wVoKnTmR5p.arUC0T9hHeAZ9.5EukAjAkDkqPobKOynWyDF7Tj9rUfOdLk
Wed Jun 26 18:36:56     KDFTT4X5yVWc5Gtg1dNUScdSSc5RbglNOgpXU3c4y5t8
2011/07/10 18:05:48   h9eIPUnxqzqGR
2010/04/28 05:23:58 BrQHedRht22pGfMMGWWdPtGichGIHGMpLWUYpOnWf12.vceCXGfCCeuShxrkpbv34R.1yfwMGUQrwhCoWMwsijQDRva5l
Sun Oct 01 15:03:51  Ghf2IESkSveHfxzdFqnqJwGT8rhgxenwt3on4Jm17Duf1Rsxq6yJV0gLAlPlr3SOWcH
Thu Apr 12 10:47:16    o fx17r 63QnBIu74zyMcQdI2E0lr75EOGt.dTrriscKOI4b5M1W 8mZ2htOcJx
1997/04/22 13:56:02  Zh06C5Q3k36ny0nUMjaPu7jZBmy.qNfhf12cfnOtTni72RzPTJJD4.LvBAhlKPNsaipL88l4FQyguYnI1JjipHY
1997/09/10 16:39:53.134883    uPEloZZ7W51Lcaw7kuniked PWDK.tLahV5s7z5Bd8b2no6EShgprkeP36Js.vWvYNXzFNHjSIbdtynmj4ZxgEuS52vWqC8HSa
2011/06/12 20:16:53  fOo7UPtd7e0LWHlGUNcdhTtcmZpM81SqTNqgFnow.YGPnE1ZzT.mvQVbE7N5flP6VPmsTyHvNyJc9R2
Thu Sep 17 22:01:52  2O836sN.5aKu6oTCJAERg6P6 OBxO.qQ3wWnu066C8xNHDMrj1zfcIafQ.HwCMe8Izt386G
Wed Nov 04 03:59:07  5uyKgtVV7LQQPkW6HUILo3
2010/10/14 09:11:14  yFbguJ72E qbbHlWBHT87cfS.DPRcOsv8wDP.DhaWEbWji6WEQg9
2004/10/12 15:24:08   UANPslZDMx7TTiMfbnDO0oUyeQXYvBw6j.PQe2QP37Q24MJAVXP
Sat Jun 02 23:15:05 lHdXoPobUfxdGxfl2SC3SN5DSMqeto8LAyI0ycIRwBlDKQkixD2nPN8iaUGXK9Y1mR5nZNV2RdLjgaRK9k6qQ8QV
Fri Aug 25 02:52:51  qq4r.AclAThkGZxBe1Q XXPHp65xupf6F4qA.00vGnTe.Ct17EYnqim9VdnY30jZO2QvA 0.4q2VrfiM1U Pu8WlCb
Mon Jan 13 12:14:29  TPLoe2q3qN3q1Of7t9A7zo6cAP.1FsuxM6yNhau
Mon Feb 23 08:32:19     4JJxvX0w.IteIF5Jb12.0 rpu7aZQhBeAvGLjs2CfLG.YS0zvsGOR72fE3
Sun Nov 17 14:12:25   jRoL8JlZQmtGqssspc2nIOjSGWk4VYKRd65QnjKt.vE
2007/09/04 00:51:19.356634 KpRsrmZXqSJwswwiFTz6F2 gKPjJd224Sjo5ruGGTijR6DUovCMBXCydndhpDCqP4gE1TCkg.CjrJO
Mon Dec 08 20:03:31   U2Mq.KOjCDdx
Sat Sep 21 17:25:08     xW hOdidTaY3BFm85GnU32MQEFYbRdd6y1q8eC8RGu32.TiYuc2fhZQ8hYkaylH.7Es6mP
2004/07/01 16:16:18.118418 aR7mtMiOk7VaRwJlKip1292xN8d2Q0mE 1zJSz FLs48S
2008/04/04 12:41:07  jY7ncMPv1b8PfZjNgdAmQ3GUoZVuz Jiv521NzvDuSe4tX8az7REbKW.P4SG8TetIfNgeM0e29v.GwL9tRuZ3zhp
2006/08/03 08:37:40.938091  jYaQr.EBL9Yfj1bw3cLjYuE0 Zdu0.mCN8pzC3gsa.6I3aK8NJlE3gPtbn7wpFaSpsmFg4TzccLnLOsPaE.Uy8iooED
2017/10/07 18:17:48.252790   HoyrQc3BGMAMTw2OnYfjX7KWxFUDxJF3Xed4HSJBW0KciXGwmvNTlVdTMz.U1FVHIATeS3GDdOdnQw6cy7hy
1997/11/05 09:05:19.212770  Br5hPfh5lk9hHzvAmNGz4Ww7hGJx5VoOYaSuwm6e cnyp5OSVAVQ6.KqgFP2XHO1ILLPZaz9HaODFFAMGiswqlPQ
Sat Apr 05 23:23:42   UciWCU2QjN.W8NZEAE3l9gk8.BZN1HFYnXzwYBiFqsVXtEN0BqweT9F9U2oUgYcey2n3AJgiHPJBK
Sat Sep 10 07:40:37   xaLTllClAdQ7uozgdha090uior7zZN2Bo9r8gOAkWUHmOYWzAo
Mon Sep 13 21:34:01    GgzuPfYT9mvpIEaOuU.rlCSrRgCOCenzRDBMhMhq sK0ZfGgTna51  eIGfSB5P7AEzYDp3obHuGzjdODR3VtTkkKJwGu
Tue Jan 14 06:18:54   Qu4170S30fH88BHYYFUKCgxuDGrAn9qnuRF1SvpC3wkdhKEaQvGMxaCyRyQDddFI 2xVp1fOvFpDR
Thu Dec 23 22:26:39    Kn8Cn.vT8us GQeLDYGyj2g.lJxCA.E70gqyp0DbHa eXe7qn2JkvK3FYOk711U
2008/09/05 23:12:12.773777  NLMS ThBA00TernQD2hZGHkOD6J.EMMuFSkblGuu8uy3W Z3cGHl
Fri Jan 13 10:19:01   tR0tXt7c Tkro7SzPSzClH8ZCyF1DZhT7k4uXiGACL8EhwS4duXkkBW7IC5snAMGEyRaZKLQ7FEeYrmoOt
Thu Nov 23 18:33:02  Dd9TZuTvSZJtPPKtr15mpUE..6ocz
2020/01/01 19:36:51     .dzIqDz.sp7cEWts25Vixe7PebgEnB53eE9T iR43jzeQkCUUVMj2EMkw9 3Q5BIzxz
2001/09/13 07:26:38.518533    yL92k5fUefxOnBX3DH1 xHtXLCj qzbjrMMGAKp7BVb6vBSB81qWWq8ij.nz
2022/06/06 06:50:01  31YHmJs2CFz4yCINCItDJA0VnaAgo8EIx8q3SGSh0X6dGvGEwi2yGwKhGPjVTabaqhchaEl8HxqG4Og18sylXx
Tue Dec 05 01:59:12     I9EkUxkxoFnEvndQ0SFS3noPGxfcNQNB2RwIEmT8
Sat Jan 15 13:31:06 BbXNwcOlgzAvqcqNY5oezXv8ZPPrsJdT.hSR2JcaamHEJdk97Y5G9mX
Tue Aug 07 07:58:18    GjhjMx6giYB5H1SDiJUmfRwxKnRrchrGHqyR2wYsl7sd4Rk32k2piJ
2000/09/12 10:50:11.293021    RRyjYDu.9fXTF85Qorbei0qnRginvTjzukwbvRSit9gS6CYf02WcR94yr78sXmB
2007/11/26 02:36:29  gBc.Fbxu5Ssn2hmrLkfyt vLPlfymgry8szAC q
2014/02/17 03:17:05   fYOhYQZZooTZikyTRVSJ6vkMLE.3EuugFS8FbF9tv3ZCaoqyLE43M.XI9BVS3H
Thu Jun 04 20:17:20   Y. jz.en2AS009dSFykJhRXNSXaCIrM9i2bKyQhzsoW2 XyL
2015/06/25 13:51:24     WIRwlYA8vTG5ArXlZVJnvLFmJu6ZNuXXy8a9ouMu8w.M2nPEd.er9ZdZ
Tue Jan 08 17:24:40  PSsnpl IIcVURBxt7lJJVAoyNy.plAm
Fri Sep 15 07:42:34    gA6gIb7ULhcSG
1994/06/17 19:39:02.328464 WQIsWKxtl bNR4ZvKr29jmb8jnv4MslYoOmqfvPkQ7PgZl UMkzE9ucpqa4u7
2005/05/09 16:20:28  X6a6DkANgGh1BiTsn2nSwV 3Uh6Jn2pdUIcBxcflTyvQekdoQ9xomgt09GhB
2018/05/27 12:46:55.337823   a6QzsqJXbsX2M.w9uwg1f 6RnL8rRiafe9D3tS4mlr5MwEj6Ou.OCqUinSJBQztZSSHiaiJTpKHzcFG
2000/09/15 17:59:50.230868     VemnL cCLVxFGijbAD2KkJkt7PPDLHpwtUVaTwZfcVJ5Rb A8.I9gvmh0CwHsQ0.QR4FhplIVaM9VapskVfAEqg3Xt5J
Tue Apr 06 04:42:10   i97TKRNHVb4uDlSIruSCWjSC6u
2003/06/05 13:42:39    sHVSA9GAd8LgdUqDxetnj7ytRNC.5aOYRlJKZxP78XSrppWFE7B5VZH151YX0vOA2bpuY1F6mLys.UW4
Tue Apr 14 21:27:05     dso11rmFtyaiwPt4t0C hGvkjWZ5FMrgleHXb8nEl0y1ObH.WLRezCG6soE6IE9 IVW7bzsuMYPT
2013/02/08 06:13:21     MTkxcaQQSzrZdSOD7IIhGHbcge.HmjrnyCI.3Uz  
Thu Jul 04 04:41:00    C5SRf71fakOLiLXeeZZjb1hlqQcPttLp4OKJ86VOxSJzIvnz.XJV6xbOAz.Nx8mhdfOo1hKkNfyWFYa8gJV
2010/03/07 13:02:35.772139  S84gqWkCuftsDZMP2tN0wpxX45n4V
1997/10/06 03:58:29   Ldd3Le3eHSK0Kxq q86BZjZga1lAf70N2hiZtXCQPPcZDK i qSLi0EnVFA3keTFm878qSCClp
Thu Aug 06 01:46:23 3oMTpj0WtiLKb.inhq1.6zCDXnV8aMGhKlUw1rtkq0X
1993/04/23 22:30:48     PCvUh2x19WBP2MBxQpIV3zKpxkkOcYdGkTBQJgXQC1ejsCffRQ5.oDA0LT2Hj5rFgo7E2sX9OzX anQLW2awa
1999/04/09 01:36:37.166348   4nZbSiAx06UCnSBWqye8bnXly9kudNvdalXfuP9FjIDMK1lnR53WVpQIppxx1tBdqw3Df9
2010/07/26 15:07:44    AhapntYNQ.d6rhfyDXYRNxyqBmD5UEizbFwh1Fiy1SaDzTpnINwL7q1Ig7XSWDkVzttj9joJexdxaa.3qI4
Sat Jun 14 06:42:24 e5Mm33tun9hvqWgtW2iwibiFY3cYKk8r5qbTDPVlhxFKnMS88Nnn8DD5t
Fri Jan 23 21:36:13 ChxoFNzTqlltVBveFNXDj0wUtxMMX8jDS BflR2TQZN.G73teM cvrM96G.J.G2mWH2RsLzt89EL7Gbxu 9OjwmpO n5jMTlaQD
Tue Jan 05 13:31:07     VqYELgT8X.z2t0PPOZ6FHMkjHjGHR25phHC6OmHN mQU0slA959FenAb6uJpiel hHRCWlQ
Thu Dec 19 04:05:08 0JJ6eGCNQ.2PyqR4zSOoTzeM
1999/01/13 02:03:55.606228    SPLJLdbdVff 4R
2011/07/26 01:23:29     6WSwJIb75HDqN3qfqOSbEVt.1ML6CKP2rUZyP4Q0iEKPgZK8ZaUW0yJ
2018/05/14 19:29:20.162847    iOu1ut1fb.09g6SE1t1El73CEWUW8Ng THvj5e1WiBfP6yas19DowfXrii.eJ.FaEFyEdGsDtjvCQ.sBxslv2O dwkz7S6iCINV
2007/07/27 04:27:02  C6bq9Cm6lmVmAXxB goI.OeofUhyE9i25N ZLetpy0GzcGt
2010/04/08 18:54:17 3ebCDihw5IYXWTtjZJlLrS821KTW1bg7zsb0908nZgo39fXVLYKRQaL7 Day8UOoVH
2013/09/03 07:49:24.38680  UOjOvNPZU0tANzqoiQk1MmG1pWbozqyYS3tDrK.WN7qV4i1IL9Xk5T6Kbaou4SQsjhxX3zlNOplO2bpAdzQ
2015/07/15 17:09:30     Gf1EFcbhz0Mv6qwqKD28pf7phqQJuIw5wYIs4jhcAbuMe4MXeSc8n4ZG2bvO0
Mon Aug 16 21:04:05   HCXpNBz.v.apnQGp5ZJ
2005/03/17 20:09:50 Pf.WPaGz1IwRco.bmcv ViqoLzB2M212d
Sun Aug 27 08:50:03     pzPWfJfVaZr4KU i..FhvuqRrZ7Kr3EYio8XNW2vxog4yP9B
2004/08/16 02:24:19  Yfvpz6g12qL2 Rhj
Sat Aug 28 22:28:37     IKI0WxoFeiB4CrVfSV62MqQx4fkNnv0gT0XBMZdHe2EzrIqqT7Y k5Gx6kmbqw3J..XnS6HkYMfx84yGI 7ZE
2002/04/19 14:56:07.524851 qt3cNnTyqlZDWeZA
Thu Sep 04 13:00:42     ZjInfuGLpmGhaXmZkAhQYD9OhNp ggOOD5KByhDjP9BTHePpQSFr0VOs16s
Tue Mar 14 11:16:04     qCvVGPCKkOL1 tZL.2aq.c7Z2.gXs 8N40etE4aMk7uj. 3rYV5WDzhPzBMkSVB8HRP  d4nzRvY5cVSbLSAs
Thu Jun 20 20:50:04  WlKbe8IMr sk310Bw532ch.fD3YG7vsH4yWMlkR6 sfCi8jTmuEFqSRGXr
Mon Jun 03 03:28:18    2sn7cS43xUHfk.DZjmX4MfiJ4KtEu85tuq51UV1dFofd7GNnXI1RXtgsntIFjvAbFbB08NuYdItP9Gc19.bs
2008/04/14 16:59:29.272588  Kx8sAnf.OYxc5fuU2OOVWYtiP7ara58h5S5dCUhP2rEK4ghmmKTUsV5gBnGUF59iZTrrP7Q8fBnx9BPeFLh0QqxGWUKeu
Mon Sep 09 09:08:21  LPXo3OGYldP8cwWPI3raOOcXpvTzysWZ2a0YD.iYygsBAEsHcepzC1suKAZ6b.jU8
Sat Jun 26 05:01:43  mXTSg2T7.40.vy0L H7lBBsPt2AQhzNOma3w2P90Kihi6XGJdk7kjOMAB47b.Z97viRF0PVA1SOaXQWosmWQaU5L
1997/07/04 07:04:08   e.U 9Ef0mQLIJrAfKi oncyA5Uex8K 6PK1r.M inyW MEeGo8Bz7fCIkqeyPjbrMp5fUp.4ASASyKqjlggUf
Wed Jun 20 05:11:42    NqWFDbRuqBqkXp0PaB0dCZmZ9
Wed May 28 02:42:46 vMRo2vZz7b
1996/11/12 10:59:16    7VYPDccnWXz46MbN9W0R4s24lW95JOhGnXObGxEujt8dXp0uBXJ5WgOAnqkWAt8BHJueLchroW Ai
2004/03/17 19:24:11.139126   hPtWPj6l4QSmo h
2019/05/07 02:01:17.530997     OFegMLWTO g0.1N0WY5ibuTMcU385t6ej3WM2gGA0oiDRxVl8tQqlN2RuoKhp1RVuPYArbWoUUXKyY
Sat Jul 04 15:02:30   gwRcrHIQe2Gj6XKe39Amep0Qr3aSQX4Suc6yHX1O8.csn
Tue May 20 03:31:37  lkPg6uebxBSTqLpOefLKrvaaSZEge.tHlduLYDRE1ZJ37dIq9V4XMFY4
2021/11/24 09:31:26.569290    NydGmGhT0PTRpW16NMheyh6Rbjsgfoy
Thu Mar 28 07:31:58  7yoprQu z12xiQM9lkqsZS4N0J1iOq XX7SvllPHAL44SAI42rDBFjX5CGCuYYEpoROpFgTDQRadVThmGylvK9bBujUg
1991/09/13 16:04:01.997410  h4VjTD A29js7Rcd94ixnDs MedyrCj il utszNQat1xA.apc4iVRaAhGVaWp21POqLCZo6WO55UCcKM1igovsNJHx M0B9
1993/12/04 21:16:17  5o4q3IUFLrBB
1990/07/25 04:05:47.844818  EonDIvD7awYaKymJKzyiLAYO
Sun Mar 17 11:07:04  EPPcrIA30LV3RyuZ7rl28vkXVQsh1 
1999/05/13 13:48:31.535493     KaPfU GaI1FMVNWoOe4TX7SIULzi.U WQOs
Tue Dec 03 01:40:50    jGJMtiBR4TrJ3ECrYFPArTc4sakshcYsaAZX
2001/12/05 06:13:07.638908    mN2F7iToUlcLthnOHkVOPTBA2Mf 3AOoXRZyjOZUjcm.KfODUFt6nRvOI bN5NPZlPOLV7cNV8VUuQ
Mon Dec 26 03:27:36   qVWfyO6y3Rm
Fri Dec 02 10:04:06   lRlUoF4a.IDvpe1RyBaVL0QIhswSjuwCf6MW
Fri Nov 27 16:01:21   LtCrsGSWhYrept9JYWh.Dh0jyx2.5Xe5CYNNS
2015/10/03 06:01:57  0WISDDJTpKa2A.oSMjtA p63ecoU4RToEnupFulF7y3D6ICUa3lUWt3Obeg1hNYh0JmozpDmJySapkS1uEFX
2009/12/14 05:02:32     9rGxe2ENqmTvqFAaWqOXxnhADefr.mbQFhmX
Sun Sep 20 22:04:43  7ntheEaKUkWtHlYdAP6 lqEaInMaHgpD91gh
Fri Mar 22 21:03:04   bxnHFL 2l7VZ56UjjATBD .CtY fjp5s5E66a 8Yz3UgN9y3RSu7zWN 0JtcznB6I3dFkz4FV
2016/08/08 09:53:33.877275     AjvR3CtrVd8sk6iKoAatkt5gt6buxr2HP8E.cAW02foJPHq.FBp33F4M5pdr6S7B8UUpJWsit5TegDcyjkuL6NO7j5j1CgR1S
Sat Aug 05 19:30:20 LsfAcRRc7N5E9ZFx6dyim5q8nRk5lsPMqETEQOhV5XgxdmPj08CFQzRbwaGmV8nO
2014/01/09 20:59:55.308129    pLvOA1pN3 oI080l.RzzFNiufRVAxUFAt7cv6zgUHrJEts4LWg4Fhd
Wed Apr 13 08:07:39    ItTYPeiSPOs3bQWk
Tue Sep 11 19:52:09    9tZRZguJdE
Wed Jan 24 09:39:43   4nUTyNeU.SMT.vcuqPj1ornsTpA3kEM 4jJ47AtG80dhcVem6mBo9eeA
2012/09/12 16:34:50    YfLFlEJr9TjzCeHfoVnYHSrkHifYbGuGk0ZvIrLSTZPLNGbml028BqpcdVo8b7803zJakRvh8FkXHGhHMku9FFW3
Fri Apr 07 14:22:14     A6UhCbX4xJQbqvSSSL71Uj0gq6WXX51HI5DIqT8WljIEQ5mH.doC8kRn3XS4QnIS
2010/01/18 19:30:30.713502     KlAprbSaMhsGspi9mkImRrJs2
1998/02/08 14:23:58     lD b.XaJyY74zIq.rER8jbFafZNwqhHPsT9uCfEIH8z5fhxX k2qBSmvWklq riY4GkhlhssPhvBu
2005/03/22 22:52:42.614367 QOqeyPNVk5pTaB97ubC7.a7.SKwusrSPVzSUgGWKT0vLPU8s6MIOrhmz
1998/10/28 13:18:36     HQE Vps407
Thu Apr 01 13:20:32   NuE8uuxAQLqrY6vO6siBx
2014/08/15 16:54:36  fJP4Y cKhxcITmSSrxVK07.R8B989FcHIRZ2Omtxb5AZOlaGgPWb3Yiv3sV9dne5l7u
Thu Mar 25 22:01:08 .qlZrgnO4A5wth3PHYgXAVcTnN9WeJxOnpzpyGmG6PCLHRIRJ8y437UJMqUnOWGHkuvo55TpPto 
1995/01/20 15:35:56   UwP8pxLN9UffhR3FshBssD6oQ7U3SlOjf507 tDMHVDx.aqahfU3ROl.J0ou0EKZAYHBU4nYlk
1993/08/13 23:24:07   x3gXowXGHKJgnovlP9eHkb.bnOq.ik75JoG
Sun Aug 17 01:38:38  znkVJHbFfsQs0UTF6oRR28wuU4Baw7EHKZ KjCvGBe 1IawAZPwpHk6iekdAt3QZNj uw0CNqt8VNP8E
1994/03/23 14:56:32     F 5PWoQ1MaNbAzxl7c1R3yKAoF
1993/05/09 20:02:36     mdcuGhScuO Rt1VTk6DY0DzfKb6V hLSd0iPN4O29ykd5rEnM0Ku0.ya.8vkY1a2AwRU
Wed Oct 19 06:59:40 g 4PuebjQ9 HVIVn7pudWeNQEUH9PmKOszdFtHkeu2Y2e6qS zpDx3oSiOfC 
Sat May 23 21:19:42  .Z6PKxjioh5Ouguj2NANJ56rO6V.77Vy8y.JQSng2grN2ar
2005/02/24 15:57:27.977979     GyjlXQ2ZFpv
2003/03/23 19:26:11  EIP2HdRQw7vH28y 7U6xC91Z.L0om2SI4gCcvsXl P97rT4OJlKj.zInvdNvIjW37
2009/06/18 06:01:06.861674   QN4TpIIYEcgssvGe 0rgIowmaYgon1lei4gt1PcTCk
Fri Jan 17 11:25:27     y6hZ8Dhstw
2010/07/05 00:25:46   XaNRAYf7RJPy  sFxNo1z24Uxre92MSH5ZLHPdPoZ2 6TodxRpLTuKhEVCtLWglXd.XmlzYeqy5n sI3JrRkozMgK
Sat Feb 23 20:24:07  sijpPpM9inyq2OTE22.nvWnU7BuiqMuX16vmAf2USPkyiI
1996/01/04 00:43:28 AIKFwXeyPvaLc1.g0CTs8k gFceuLDD
Tue Sep 23 18:20:58     4iGm1k0xIV1uasOSiFQ331GKxTi4E2nRa3v6rpuq9KPf2p
2009/08/26 12:24:15.985903    yTFRcjhA5KNvzE9qoJhKUCme95teRZQM00G4FfBL0xM7bcZTdIrf1uUV1 iJSk
2005/12/12 00:06:38     eE.RTYHk UoDrZwMnL3coina7uhFcY1roR6hS 0WObiybdGZq0vozQKfNb3m1qbn9.Y1gbbByRxmPvII07rcCW3gjC7BFM83gy
Sat Aug 26 12:15:33 kVmw OHDbEx6FV1fkACnINK4wsQ0X1JY
1995/01/15 19:53:23 W5eN.4XQoEGPOZs3u6CI3aBljUdgtkZWdbgtg8c069yb
Thu Oct 18 10:35:28    MJjNmXrXvNsf8J1a1gZ8K L
Sat Dec 11 16:15:47 UAY571Pa qg5yDnLjNi5EfNEcMiIa23R8iaaqQU3aNgqO7qTwe8e2Yb6g9e.wwW.rV3rFRUSXpQ4fQ9notN.dPk.ywhlY
2011/12/14 21:18:17  7bUPdECnsmLZjfLCJKVrDjV63KXjJto2jrbo
2017/11/03 09:37:23 z.k9A0r9UOIEpU4q9bWlFCt3PPB4lvzyV6TfuqaB GekdvIRAfFLThrtBKnAJcH HZmteiAdChCF5zAsBZgJNV NXzvD
2021/12/25 04:07:32.640807     CZNJcr0wN.W lVztV9pgO5OXmWhzEUiRFys2BR2UwU22JSUysvAFL3OqaakGkc4fJ.Z581NRMZeBvSYwhCT
Mon Dec 07 03:07:49    LoN1ijENPXEcnJ3zM0A 
2022/06/09 00:43:43    tsk2RYv9l5TrFM.pKdkJBnXiNYeXdQ6figSidjI3PYLtxSwnAQ90Yse2w6v
Sat Dec 23 22:53:19 bYXpL QCGkj9saFKW0XhdU007T21PgrmZ4D.2eoNe3rsxShF1pUUDt747hKbN6uCPvm9o0rXn8BLwPtHucLfMa4xeF8cB2EctBEc
2017/10/16 14:31:28.242975    PpQWuhclHPGPkW
Sat Dec 09 02:49:38    Aaz7mbQDgu5WTShKnUia8qudzNqfecC.99oVhNAulKX N6
Sat May 06 02:59:28  TLQj.pn MhzdPzZ9zfP swybjyAomiukuM1us30xIFpvIofip4Ew1iTj81dTMDHamC0Oo OwFYBsN
2010/11/04 09:53:33.358145    CDLLq2XSNI8uiB.Es7.ARpgZAf8
Fri Jul 07 15:08:41     9dNSLd5i8Qwbzcyqk
2013/12/12 03:21:28    kRDKDRdimNlZpgd4Du
2018/02/07 03:32:59.35178    55VZKZz4etmeRPtO.RXiZDv2q4zd1ZnQMKZK0byQYb678Ig
Sat Apr 02 11:36:03    b5dqHPijuDz8RvNNjyQRSuqZXR4u860ZnVr4To49HFaNEAVinEFi
Mon Nov 14 06:57:59    Anry 2Yh.CyWot5M58TvT2IW0Hp3FNAiLlJiIi9WA57V8s80nya2FtsRCI1W7qDFNy9.wHrg3zl6VBXl33FVA0xeE8PNEPFc
1992/06/18 14:01:54     Z5mkWnPbfIA8n9RS8dx8qiJwBKtMGpawGgT60EfEdEJdyOJ4ui8THnpgtkJ7iHYVmtSe.QRccj2P7Kx yGUoBo
2006/05/09 08:52:09   ZNRpmYUu6DknwTw7dxx7ljL7HTFXqDWFN3JNfayhpkQXgQGJeN74O1bHCkGy
2019/03/19 00:06:53.76629     s6zBviEwcwIeERjr9BECtTD6HDwf4ohoMQbTwFmOgT 56kDoX5N7bak
2018/12/27 02:22:37    qaUSkVfQ4yx2J7gNduRkLNA whlAghNiQaH5NFkVKTcG20j9XSn7CdW
Mon Jun 13 06:10:08  OjR7ZvDt1koGyH1b2t8zdGWSvAz4o70k CHlEDB e9TwiWMlD4tBu9XnB.hYPFJsn6I0r1XYhM0P8d5jN leTPjBBfo
2011/05/01 22:42:51 7XOTRRpch1Ch7ZNGoIwblIV8ReWE0cQAQOsfPF36Y3sqWi6sX31MfTnpc5RAywRwNy
Mon May 06 18:33:47  vnByrzHoK8
Thu Jun 03 19:16:31     dUaCdd7Q773lhR9OEIb8HcK0HvXKrnSQIrB7a6MG5ADpZ
Sat Mar 12 13:32:43   ge5uHXJ6lFw9VAUozM5p3P5h7T2wyYNnGH9.zsNtIRv1lz94QDvX3D
2008/06/19 18:27:07.344716   LWkHVwfPonn4gAaWJVPLidkuIVhInMzweyxLoYMMaZikrd43JwV0WYawO2FrQW0Kq3tP458HCh5jnqWgKZ.2z
2011/06/20 04:24:31.460124  sUsgjMqn9qamYqyQhHZZTPCuJnIc6V7jCf4Uw9cL.QBqekM1 .
Thu Dec 10 08:40:13  KqVDxmPzNb PTFEKxe3nfFvHmRT4UiUvoRgUlrb56Xw7LBH6ScQYdF8UlTZ
2008/06/02 00:42:33.777313    q9HHyAGgldXoTr36cV2QTsPr
Fri Feb 28 03:16:53  SXNNy.1nu4ADQzByjbcb77GECc4VV9RfY0KwuuAqX650fPbwX xai6NtKqZR6IgzEFY0xuzH WWzVItk8
2018/04/19 23:34:09   QlcfRNZlaiNWDXUQvsUpOtZ.XixAgsYK0W2yrU
1997/04/18 04:13:13     pTgRYvhdxED6oz6sGqZHn4V5 IVUULx.MXS7.T87KYP
Fri Feb 28 03:12:33   qnaEcmsF3dA5cfWNdHc98KnVmH
1998/09/01 13:00:43.384952   dW6TaYEoq1YUg4UI BCxjYj
Sun May 27 13:53:52   SO52bdZBYL5eAYtRTNbdePDT5Fj9tltL.6NiTXOD53JX0i6CSZOecqiOiDuPZycJtlv
2013/12/06 19:45:41 43LBFLXpogiA3mZGqs2.dZaw5u7mxtiAiEBe5SI.h.kHFwdCFXcRfrmF
2013/12/18 09:49:15 DgTHX9kQ2zpKgukbCD2D4EG2e.9OiaEhhRa9gqMvfskrw.iVEj.GGtMPn6NABqjjB tJE0HLw549ax2QTy
2017/02/18 06:18:33.813782     IL0JU8gRsuF.HLjo4FKP9.PislTPfZCz40P8T
2001/02/10 17:25:52.796441     .WVHQ9vomrAqK
2007/11/15 20:14:24  E2LrV8sz8.6JAhSZ9oeHds
2000/06/08 12:47:21      rsSzRl3UYcEUkXXv 5L7rmd4TitbeRTaD0dK78tDLuVC8 VCUa7jWu
Fri Sep 10 23:46:22     hJo1zBrogRGFQZZki
Thu Dec 23 07:27:58    6xzwfFOetI54FjwQh mPc0LtdxtOMO8v0kq
Wed May 16 16:11:06 5vpaer9RFti2i1nDxogAk3WFh1BIX9r99BIwbGnvSs0ZNL 1ONTiArx6U2fNVbQxRHovWcfTsOF4.MDfy2.fJvYTN T0Uxcke1
1991/10/20 21:14:42.756071     R4q5 6OXDLawEJw2XQSFNVmpfhLolLAwHOMEN4yijDnQeZ8j68pCKegUqiNpWLq2HwmohXJtIWPTi vnqbDIy3rqpn
Sun Sep 11 06:31:22     Ueb8YTUAoyZgR1WapIAncGrB9yoAG
Sun May 08 12:27:56 cs.3 wfN7SYiEYTXLpbYocs1eNJBlW64.QQ8E274l.BlbmKrI2Cc
Tue Mar 16 06:48:55   CV7L4R H06gElFUOaNoR .1xKIe60qteS GOlItUEV0GTDVWUCe Ci7gdwAD.bdqWe9T4DTyDzceVP1ZI
1997/10/17 18:08:17.830309    S8mmkkbzrCEtmOTaz3FgzK3T.FjauRfpWdUDIKAoGe6 uVS6GKNV1XYEv5y5ZgMhdodcim1C bOxa5P8toa5savaeXEGJJQicK
2011/03/15 22:57:11 AVW4DTthfOWn4BjOWuZoHdvugOKusn8fE5XTlq0pHk.YtWy.0bK
Sun Feb 06 03:21:02     lsnKJnoaKBbs05o3sGKSCuymzI8CTesiFdfOxD35QBWbYN2g4p7QRdUhrsLGH8JF5X8
2011/10/12 06:32:11.784511     mvsqfCNkj1CQMo6DH5S9q4vRXK0SiIp5gfFPgc98Vc5JAwUVYPtrKWZCahdQ
2011/09/24 22:32:09.571484 vT6cm7iVLRAMJ.Z6yzsaTwTOitKYovG4mn1xrkaT3 ro21hahc3.KZTBVdoKB4vKu3Ly764zFy8
Tue Sep 16 15:31:05   phwtA.x7OXm
2003/08/22 05:45:39     eZMLsZYt5fjJVfWppAY1PspN8bbNHU0LUhdA8Z0GG.tipWiloL85b4eLxtw DGNKhdnqT0dwbV
1993/09/06 05:16:41     bNRrHN5i2kZY2CUXioi h2.PvDOeTo QIwcVdT
Fri Oct 06 18:51:56 poZc6SXzUympFDVevYhYy7punj2pxsKo2 FZuwzIX5VU68Q.zlazdVWcKucVqTJR7Yk1Ez0ufxE5
Sat Feb 02 09:28:58    h IzPHdNol0SfthgUX8oz9.sSSKH84gtPb2BnSINGvUe753HIPCwMhFKsQ
Thu Jan 23 17:29:56    ECsqY8mQgcahalFZ64sfB761Regfm8jGUGV9TnZ1NXyWxQlduppPzBnTOlA3JjhEmVc10t6l8IEg6ZGoJLUw
Tue Aug 19 15:41:20 yj qIMkcthBJxa6HbOP7xW4Ghf2eYA5nUOFSW.6WPkBn KbOHUsdvSLUB4YJXTDsIuaayE4uGDmgG8HbuVeBu7P
Wed Aug 15 02:30:34  3hGyegnWKvJkMMusZOQcPjCnyEZd 6gb61pdSiwo
Sun Aug 09 04:27:11     lwbt4xD7CaDYYOnRHi S9RXJsL4WuPzFj.NJRA51RZv5lTV9x4ThqT7KZBiByzpDMSmHjhN V8zymk8TuuYpVTl3QcSRd7Y1
1990/12/01 01:01:50.745991 p2ORAu4eoHZC7ljem pM7t5nslQXVowytPwJPwb7Yxn43gYj dDtNXYZ6Xmchyee3gtiRdKmnjjWVklOPxJL1A FRTOcQHuQ615
2000/03/26 00:41:06.647380     FXK0CPUurhEvywcKqeqgKhn5tpB03WYqJnfCdgJaIfvaYUYOn2efFIm9aEJvQx. QWT54BRSj6c5Ru.sL
2011/08/13 05:51:27  tN2kW1vQyX5dS00qXORBz tBWgDK4kTkZAson15.nY
Tue Dec 04 15:08:32 DWuaG2e0RqwSopL4viWk
Sat Jun 25 23:42:20 XIYZvo8uqYRTGhKJLJNIDaC47c6cpkOWmhTGx7B9zJz7PMC8CnCO0rkH0CMF8pKLbMwkWO3cXQf3HP5be1D
Sun Mar 18 17:43:38   G6YhGmLW iQ9jLOWi lZ2Y35HipqXUCrKAT2 8CdXS.olsbASq4OWTxCwLDQ3TEupIFm2
Sat Jul 27 04:47:20    dxKh qSvB CaGXa59jqbP75QY5BgjRHZDWc3nDyX1UbFbSOJi.Le1xRBhj95.8qYChpdzpbIXuyL0kmrbfTBt JcI
Sat Feb 02 04:16:22   NGLTBD7TCvPdyX9W1xA draFz0q5N94OemAf5WoP3ycz2Ywi1JEaV8EOOpdB8 4ngnue7zUkY
Thu Mar 04 07:14:25    0yXsX4gf7iH
2005/02/10 16:17:57  piwdBpNfVjtY
Sun Apr 03 14:37:52   vUCGOyHLiZU.nDDnH9hqQmi57w47rvDeGSsocyYpytfoi67d6znuNmbof53IdPSLnjHsIg5UMiv
1997/07/19 16:23:18    ZHQN8I GXmx54DI0Njk3lbYiD3.MR7NTKFm7Lh8K0gVdUxd
2006/04/13 04:23:06.985481  EzbogwFhPBgN45VaKDoxR7mJ5263wdVPcLLjjlassc.p
Wed Jun 27 11:08:22     .jFFmvjEycaV2pCBaU2JDGmhS HtP7jFZIPrKJVZ5TLjITHVSVnEjFgOZc7GbNm6V
2022/10/13 23:03:48   ZXot z9jsr 36wqYlfrzFJSmLxeZLDRRdVSfIfFBb5e aZ6KXdiS..eKWZcI8sKgjF95F
1997/10/22 00:01:46.866391  SGA3oLOtWMQpOJIH3JwPhzz
2017/03/01 01:01:42   QnjIvZ0QAjAOaCtRaTgJOh5ALjVXI2uDiV3ehYjdppPJhwKEDZuV2cJ1QuOa.W
Mon Mar 27 03:32:09  6WgvXy9sC2JDeJGm0qOWaFx6oo53yrDPpD8l1f.gPshiwIsV.aY
Sat Dec 03 13:45:03  lsPfQgLCWG1rwlioLyk0bq1X95OEuuFfEgd
Fri Jul 17 22:11:00  gO0R3olKXXl9NNFvhMRuRQXZgGeI9V9Y7VIrK1XkH0nENEAUvDNRu2wMxOgHmHs5k9FJUNSYOFJVAp
2001/03/18 07:04:22   x7pTIOH8rKLWCChhAIrii5ozWBrqkcCS6yGEJFhSTSy8CokANayDWlFN9HB.Ci39uJEnAXbtee8s
1992/10/01 18:33:57.391641   rkU37tbYNuipdAX5TGk3PBevzL2fT8dCuZ8Ds00.rxpHcwURqrQ1
Fri Oct 25 02:29:04  aN3lS2.h3Fmn1TjNUmbaDg7KlytupNTdz9XqwAxN Jl8k7aWXzuf3k3ZyDTZxIenL9.6EE5Qo0k6 BKvzl
1994/10/12 12:22:04  HIGjIX7TfbdJrTZ0MrYogb0FIkMSl2
1997/07/14 16:09:36.755081  xcJB.u6cf.bw6KCHerljBs.o0J2wWN25bwJ5s7qyh3ezJdla5Ke2kHAk
2014/11/09 18:25:22.63596  tTpsyKoL8dHzd36pvmRWwM2C7DVroZTsMosJVsQH8N.K0hTEwm
Thu Dec 14 12:31:26 2WeUGsJssqLGAidWzND6FcBdqq6LKVeFMR0sqhH7.eW9SCqvRWHKN0MLKxRG5d2Es8K4z3hyut74n08bB btp6Efyu
Sat Nov 24 14:28:47 IHGAyexKlZTAhqHZNjVlZ02z1DqgA66HffgbAbPdYVDyfBVsZOFdnbsycJT9v2.zvBhHyDLv S.QKb lfbO0qXJw
Sat Jan 21 03:30:25 xoKeRC1YG2BOnA7mz9.yGGcAUeWiDzSQhYt6ps1lVDSIcMUPnGDAwEMfmFjwO6z2vhJHdMZiCXtmrz14rxAeM9dzsoBaWwVQs
Fri Sep 08 00:27:52 Vf8XDFldPqMHFekZSD3R9ZhIiBGynbErkoLxUTe2f4VJ5
1992/10/15 22:50:46  1H3JwlR2UW2mAVPQCDkAvu8sftq6qLqbln F8X JCwxL1zLjifV3jEBPfCxbPW
Wed Oct 22 16:23:49     fP.pPk0JzjfeT8I6CxslpCDTCFiVEgxYWovNYJ0tMjhW s7f27HEeasPPUfZ3vqDJLGA1dIMMSgK9umQhtj7r1g8olHP
Sat Sep 05 03:44:27 q5nw6 gSxbyXLQ2AaBhebRTrKfZoKXhKYU
2015/05/04 11:05:48     EDe1bGquEtmWwcI8ib HXvnZhPq tBAJD6ZxQwUywSJq Z Cv8Wo6I2EKcy9k vHqABHZsG.0dGl8ROJa.nl.rVeWHPhbnGDd
2021/02/07 09:48:05.423717  gy9NZrW nLVBj1lcZw uc0 26ZEvu8xUgLj0rN i50eP6Pz45Msdo6nmXsC.6aYzohUr A0AQPM5h48w
2019/05/16 06:19:08  YBDqyBVgjwZkcQ6f3ibOIekszL.s7Wn.QImoX0p6P9180PAT.nGBAL92fynnHMY1fMFheC4
1991/07/15 09:21:51.202067      xgkt9QouGlIshUGCfljNGK
Tue Nov 15 06:20:14   ypEUDhIHNEz6ONwZWi5P22KQyWn6o8MD0.QI2oMULVisON93uWEw4KqTb
Thu Mar 05 01:58:05   AayUh4Ysq.LmKVb06Ucit 29zMD NzmiuvDaTXCRcYdKt6xZ.a9zRAtk 39F
2014/05/09 15:26:19     y5V2GwIYfU6U.ihYFMZMxui7TUG5Knjs8lvWJqatTLMqV1pNdjP
2022/03/25 20:22:13    d3J43s3sKzuiNS3BbLo7ImBjqO6OepeEy5AlnHJzKqfLwxjXCReiZ7uJ0Bxjtdk0HuDLvppWAhex1wXjgC
2004/05/15 03:09:35     ri6CrIvQZvQ6
Mon Feb 12 19:30:36    p5k7jKAuHFHIB6jy1u8.J
1998/11/22 02:23:06     JcLC23yer6G7CocXxuco3w2Zbib9Saek2WbcE6eA1I3wzRXdbqgJPf9lHLh9A7u1stmInyLFoCaXRhXMWVWydrRpbmy63r9rg3
Fri Apr 09 02:08:52    HZcyqGFx5Iu63EiWWCd.Wx8jJoRBMzV3IEqedpq 3WbDEm0iNhyE
2009/08/07 14:33:14      rJrdfmWgb
Fri Nov 26 09:51:46   VMmpKJ.02ZVgQ.gpWijONX3sZ1TVJSdygisNya0BrP xBoXMtT0LMTb1zxjZcrhLLqTmf6w9lJt5KOaMu.zAAO
Sat Jul 26 12:36:35 kQirWFWKQW1zHjr4syi71uHbbGL5we3 .QbzeHINgs70U74MIBTERgVs1p4yZD4swg1sc
Tue Oct 20 11:27:49    v9eUOgDdpAKDgD.lOcQQqh15EF57.JP8p.WREddo MyYy9cvtN
Tue Oct 12 22:34:19 h48nqpK8U. OmVCAWI UkOxnY7STZ 7HIE2ZxeZM.TfTpM8Ke.GobnMfm
2003/09/23 04:19:41.313855 awsh6wqQMoWqlqCWsbYyEhIgP9B87RY02R6zWb Elqgi9Q.PJp6
1994/03/18 05:10:43.382802     WT4K40i0fkjGfsq0v6x59U098NpsMNvkyv0MpzPhsjV.f8MwQSCpURghfsyxWtva m4y.LF3cyHXAOcRSsP
1997/02/22 11:29:44.969418 1J8.XslUbnsaJ9fRKgLD
2014/10/24 03:06:49.711194     GdHe6IHlkOv7FJlWSJHox MSgdV6jEHGvDwuDPtGwii8w6DFL2X41MSuol7TfIhKNSrNyFUdtWbM.fQIwfCfIXld9eNQC
Tue Sep 23 09:53:48   hKId8IcFNWefU7L5YRaM F3smLZFvFZ3o3B
Thu Aug 02 10:35:44 MWyjpmN15eXKa3suARrUtno2wRFh jv0jVke7MWqfQO5Set4
Fri Aug 19 15:10:57    ucLu8b2wKoSNbQpv4LXA1ThX96.9K1nJO UBf2o.HKSIKzos1
Sat Oct 19 18:46:52     73FV7A9UPd.mtex 6vkbavr1GCp
2020/07/19 16:40:19.164285     PtyfMn3agVzoMdOlr cCUp0iE9095OF7AfNr9mwiiPbnmhT8CPmnOhLDZ3DMWJxUJXxQEYnM6XJpP7gydezRk.MTu2goS
Mon Jul 08 08:05:19   yDKRio.mHgqUA
1994/12/28 01:31:43.577025    zGjCXRC1fRFDX4at7jQaNuGdtY0ZQ ct9f2qtbCSawxqA1
2006/01/09 21:13:20    7d3mgJWnYa 0RrxfXhKx3Ah3M0aJnczI.tyca OOEQZjMxpSVCvswnZxEan58JBYm2E2D
Tue Jul 04 17:06:09    sGo6ccpBB91K8ttF9Bixq5Pec1EJ
Wed Jan 03 18:45:16 h9ZLeEkKAmv2GV63vrbxh5f ahaf dhcC6
Sun Dec 17 17:32:37     zvcOTM22VKr56EvhgaDb oyK1FdmSrIjMvHvI3KLj8
Sun Dec 04 11:26:24   2t4PAlyyFykxvJC8JFC 1Z7dwr7CiMdnrH8ykgv1Qx6MjlTjEgYgzmEr7lGpU9oHnvHAaFX07 9lC2 o66rvaQRfdaSkc7
Tue May 25 11:03:34   rJ5zgd9QXzcbqs0gs2lrO13Z97601b51qt6iCQR 95HYHrwu1RHLtxFkR slGAAN6DvHJF5Fw.uCY2Q
Sat Jun 23 02:24:17   rr7QmZ6xC5xk3d 2lQPOIGSuAJXr5ODDWV9QmKT9Yvn0zhw
Mon Feb 14 00:07:20 qkvwZQHr7a85hzKdEnsWvTeVvsQCWVQpq5b3YQxZ BaTmvdkzLNYLt.WKmwLT1cFFAiTsBoHDvBCdZ.YW6bvluNfO
2015/02/04 22:58:59 L2HSZrVNM2hEBAlmym3phD5tI1FTYb2kksW9hIeYRVm3oAYzlV9HBOliy
2020/11/27 11:42:08.384476     Wxz8R TJ162dU1bHWTnCCLGerIfr3s9aJHKuGeF uuEy1aIpX3MfUNY03eS.knaIyifYCMnsHZ1v7pJONwx6tB7ZffIJB.3GcLy9
1990/03/04 12:26:05     Qf2P0Ki za8BT0R5XmM92LyfCqJk3.DmXMfWUCMsryHDiZGIkF8gx vBar1JqlJ ZCZU4u72idwJK7RjPhnU
2017/01/09 17:56:51.491830 lhv5xGEMS5gf9661.SmXDVKhH sz6JUh9cgZ0rbLDMkpWbqJ.hThCsZ5a8DDq6WISpchraC5jFlOwZ
Sat May 04 21:36:55 MKirqkVvYm7O.cXhjdqiV.xvFNu2Jf1YaQshHvlPhNhurqybTnoty
2022/09/05 03:34:53.287580   yclHxLJXsX11BcHnXxlzsIIvA6b7sp48SpGAOjCFXi4faKIp5.ZJLsGonuHC7UZmvX059ctYpcYd
2021/10/01 09:55:47.195195   PqnvUOyv2XlmguuV8YCzSatVteRkdcjNFHN67Pzu
2004/01/11 08:22:22 t9MW1lClXd
1991/09/07 20:58:02    gfOKErsESF R5iGK554GMpDxsd0GMbz 9QFDtUNqRrk1VOs .PolA9stxUOyhAAOO6Eu.JAlNTvV9N9WgaML2afj9ZB
Mon Dec 08 04:19:05    BjjIw6a5l9.gS
2009/09/28 11:32:59.497635   JYgs9uTfJv.0l.GjhpOiKKS1sTHBuc7dVZJsu7bum2YLhMpKRCWTptHd O0m7UxxO42n9qifVadKAiNNeRUDWs.p6
Thu Dec 04 17:49:40     flRSypktU8 7toM TYxtOupCmNLGZLtJqcqGQqD83A7jxlBLwsOYiydETmr0XX8XknEbr.7afSCyVp
Tue Apr 02 02:51:29  xg33HwrzR8bn35OCWdIezdtacFpjHxVoM5G 8.Ee xifl8ST2IZsculCM9uY.tWsyb
2006/06/14 17:02:06.87523  Bu3v9lXnxqoSlTdz7u0EO6hPDc5RCYqF5q0DFv85z
2010/07/02 00:42:35  vIx5MgzasmIUt
Sat Aug 22 20:13:49    YLYReuTBNGq0YNi6KUdNCi1BLvC06YtQceu30n4Lxr4h9hb0LVCiSqQ3boUdH3ngDs1YE
1997/03/07 00:33:48.825896     .Xshv.DiK0cI7t3dmKrtjhsml1xpED78mKXoXtyg58KuNCtJKNYr4DrjXX1fcliJdSR
Sun Jan 24 01:15:24   FlRL29ZB7tzg9HCisBOBfImFkizTTHRLyiylKPaLGmjCOLTqYKod5kL6uZX
Sun Mar 14 19:27:48   l5XYA4D i9PnR tbWtpHT dIdrYZJHr 7ZES4HDpRBzrL8
2007/04/19 11:58:44.62069     xa.X3ssKaQ4HdnFt6dvxdRlRTZwJVvG2wJj ptJZjhfv9Pu .edfkDDvbmvFl87
2002/04/15 09:40:18.848344 CQcKDxWkUqojoj9GTNn2FbV1s.sJKPRNu7EUrqgfXhk50KQ
2010/10/01 19:58:37    9AwmWyc 09NBptsP9M7mu6YaX47K3t
Sun Oct 19 18:07:25 pVckAxwzF5Qzx6eKtUJ8mLP8am 1yZjDzX M0B4XmWcIzMb7LQQqPODlb3FZkLyrXj2PLL0eXs1azNlo1sGA4IEfj1o
2017/06/18 13:18:48.224261    .S9q7fDuQQ0NHjsftH9IbgyU68GVSZDUquG.eZkdM3n0lJzD2kpCx4pL
2022/09/09 08:45:17     W14mmQChO fiEXmGf46rN1cnL8n.Kj9jGshUk4zvaUXO7cUa 3GDuPHnfEf1CRnQ7JMG.sHOf
Fri Jun 08 20:54:41 Tq.jMXmW3TtwX.L7u1K1VlP0gKP3.pjElfb unt0pijgnbFlHcRZkwDNppji8
2006/05/05 15:12:39.571672    rQks3FliBczjjRIS1zFOXbbdZPKg0BNx0XdWxlGm3V9
Sat Oct 11 08:54:18    HLtT3BJv2HdVpyZcDzSY1Af6gyUPiDuM
2003/06/12 12:54:03.944133    rZHAowgAFJS0pU1hvhVy
2000/06/23 04:35:48  EvO9tZbRf6m6TdyowtB3Nwz SsQs9qgMbbds7R
2009/08/23 16:03:12.219537    rbA62gmSQzCorvDIeodJUdjU18CR.m2fIGYaHmZmtJJQXVpRdNWDwE3IIIdBrXyDp3yWqrDZjAEKd9WGyIFpRT3hrxt5HifyvrEe
Tue Aug 20 12:18:19   leCqQxP.ysBAjohzmvK8h2WNIoldbSb1jpgcPmHXZgQhzeB3HMwEqOdKR5yragR36uaaavrL
2009/05/18 12:32:34.856506  WbKvI.ldDoa3zRlRsZv12rt3DotnVr2H2DkprZEdEi6jP1m ASk
Sat Aug 08 16:32:36 bFfrKtb3EenTt
Sun Sep 18 19:00:34     Aziy4ZhUeAVo3toGmiJmGUl09NSAQx4U4s5fS0twFzDlKyI Zvb.HqoP93eD7Zg60PPAKG8hHKRibXRINXv7BQVn52F75vNF
Tue Nov 19 13:06:00 IjYnytHaPp749VhS2PhWy5HDN9hLS4DKopZ5acZw5qNE4 aWuYNkJUk.OKvO mZd8slo9jtMv8AefA9xJXmgJpDrS
Wed Jun 21 18:05:09     zKhG37vCJYgSM0jGwXHKjVDh lYeH3mRcKi6YZRwzuMzglguu6qtz5ArQ0trPxFerwiwsB0uJCQxX
2021/04/10 01:00:25  mIouPYN.DRdrccf0ktVZWFHgfn3A2mkaUPj2kUc85snAnj3xd01j2aA WGLCbhUgZkHdMzmoRNbrsvMhDtG1  U H1b9puBS1
2008/08/02 00:48:27    9Am2rCxqhvzc5eabm8uBjNglF3ZxKmHBlS.
Tue Jun 12 21:53:39     R2RX3qTm2sAqz
2010/11/22 16:38:21  Zpwix3OKMA VqZVtoGuyLSm.rU5D9W3x1hWQCwaTkE2dlW2kSAdpbJ0jdR0SAtuKWpxaXFntIXlIzg7nE
2013/02/09 16:27:05.217574  VXCdLt1TPc0pKrZgrch
1995/07/27 07:29:04     TtV1T2vPUXic.Nv7QhYTVwi1SsuumHV7uLHWPBW3AXRvoKIG
2009/04/11 16:46:02.113788   WkdesifZb yqKufiKM0i14bo.G9NDJ7RudbVhF.PfYIRMIYX8Igm9qf7aqYYRR31WbfXZAH64S41Wx hBC0oyMn5K4
1992/04/09 00:21:30 pumFGUtL2HMNKyNmKRhrEuayXR0LhZO
2006/11/07 17:10:46     86mVlB3d3TK9
2020/02/13 01:28:50.451672  Khz5Bf9.VR.NPJkZhuyHBmIGnGm19dS0QhMYkIBcoj4qgoTXiljbCCPQtRjd6yBxXkvH2uropr8p1lVRxTz3jfPID03ZyLAf6
Fri Oct 11 07:28:30    5f8RliJIJuVjeEkmA1dnwKcjvLRDChIxT0VhBdgWofR6Nf7nHW22XoIRuu
Thu Mar 03 17:02:33  PS.hrXQSiu6k5dDF91pv86ugM1wRbF
1990/07/04 18:13:25.196386  O bCPKESTEk1L xXBQmgW6oqWhHdH3KeN 8kASPBrjcaUuNohcjmK1ONpynY9gKoI9e7TfxKplENma0dKe3hgtABe7y28
2010/09/25 00:36:30  ioUbVCgWIUN0DyN3rTlJVas46UI5gKcwaDwr.Bxa5
1993/02/06 17:59:45.592806     W.7klx3wW4iPYTcDQ3JFVIZK hJcd8ViEt0FGwF99pLhmNUGPEgJMRklEhlL
Mon Mar 13 14:49:59     R 375LYY.HF5adAznexKMwg.xPBbqfc2F3 xS.gopBejhhRjD
1995/09/10 06:00:31.360501   8Cs9Pq1u6bqbir5qZJl6AHgmVtAPU RAkgxH
Tue Jul 24 10:01:27  1KmLUQH.6EFd FuzQcdRL3g2gx.EY666FzKlxnqriJmewLKG 2YMWjwTCfxOVrtRht5h2R24XHxvJiqkDkvfEqwYDkK
1996/04/27 13:36:17.951353   okoKjpq9 PmA4iEhCPArlLvATFIb5rmkaQKp9U6NUHMlYlVtfKjFK81RLge4ZbXyfAdHbl6WAM5RNHUMpIHuNVvQY5
Sat Mar 04 22:03:22   hrHBSmyTXm7 A2Fb2j6FA5sm PZknf3tCmREAxVh.csOwnPMcz4L1BsqzhJR
Thu Jul 18 13:41:37    5OlPY7dxqnvCBJNZwzwI5ina8OlLMjX2hXzLerCtLB
2006/12/16 03:10:56.132208  iBJnXtoCGQW9hYiTi5R2GpF22 o1cNrGP6Xpo3FjHnSy0.ztDOh68Z6A3WfYaF4CoqXg1FxqkSD
2009/07/05 08:35:39     uYLDqPv0jxpoTyQ NV4uOP26ElulhXWT4qkzmt.61eUtBr6esTZuj1Hf.yepyEe OyGZF.vg3
Mon Jun 22 05:47:24     hgRBNWgqX.kVSeELOwWE7DW4nKiJspLmfy6lWNQuh6AuW5cXRKCvFVi.2o.e qWqseiHt6IcekKiA
1995/12/14 07:24:06   laDRjByc2mvmJzYsFHVjDEWoJXb2
1995/09/23 23:12:32.80715    KZXgZ3S9TqpMsTK1eZQk7tAfprpY92GPBZm1L1x dGq4OCUnrfAfMcQrRIr4LqHEYD5
Wed Feb 19 06:02:36    PjEZw6xzsW4qfVCP Hq20b.laPBTvGiOIWElUOx9Tp
Wed Jun 02 05:56:31  lCqdmTxbZnMz6z7XSs9LA.nc7xR1oRMAmr2NtkvNHhQkWBJ3Ls8ZfHmTZoX0WvBK5tVyztzJcBIJhzS12PCnYlpDCziaXO
2020/10/12 22:12:50.66855  B8bcZayv0N7bF5XgqEu szfio9L.S7TAhZz
2009/06/10 18:50:41   k675lsLl7t9YD8cFR5hX27241lIhGI4Q9.jS5.VOH7PdkyF2w2nMTbaCulTjt1.Yty95fwujBys
2013/04/18 11:35:33.448370     EL679mjcIc.gLV6KLxzmyB94ltnK
Wed Mar 18 04:11:23  K Rbl51QEVWU
Mon Aug 03 10:53:03 BzNbZ5iLIHWPtPIlwtc8U9oNADGXkgj6pFIUCDHW9gQYWSwNlITtnqq
2022/04/12 09:48:52  xpv9haMq59o9b5Uf.02p9XSI SdFw9NAJGLw6HGSkeSOehx7t83dlKIhb536qKhSzkcpPVu0qvCP41a57L4S5SrcEJwqVGMGAwAI
Sun May 09 09:28:52 XtDKhhHZTRRhUYhBHLqtpL3ADlLmIfRq2Ayk2StqO.zLT.pMQwN3CfTa0DH3oqCbEbpZbGkuVEpwK
2011/04/19 02:09:50.788174     GDcqdnvSCL0R.V2AhP
Mon Oct 18 12:18:12  SC RQPU hEgMne.ha7weM5IF281DZu3wFi8h3xcdy.6Pqve
Thu Aug 25 22:13:42  r7tXvqmUAWE4VYSl59e3LKiDRu
2014/12/07 01:04:27.256039   dra0quSULsW..CXKP1fuMwPLv
Mon Apr 27 09:14:34 QNo.FKRb71rIAgMHxbSzIAMnoINfXOv7AQxRjKKRRF8ZDuyd7xhPbJswyaUAv5tsSgDhbf
2008/11/28 04:57:55   eaIt5eIijLXl51NxRw5 ODFrFGjaOGC mqL8NShyy3NHalLX.BR3JZPZYQZ3hZKLbdWpAluwXvbxb.2kKdStk5f0F4Y
2007/11/10 19:58:52.898592  EpiwK31pVOmxIfDk0utM.43M7Onkl
1997/08/15 07:20:52.441648     9 7IqIcBEHm0qrlCZNJ0MACMff2uLLmyT9OAJw9FXPJAzgkcLbIVR8SY9UJ.uEQnJWv va
1999/03/16 02:42:09.559507     VlVPEmTj04P9ZQefWEW5
2014/10/08 14:43:46  VvC.1tFop8P4iiC7EJZgrfYPMyb9L4XYQgddwJ6PP1KLIMocZeKK6fhbPuDwBqTQj8JSUVz4
Tue Apr 13 18:04:15     MzjOGQshJ9UPmVYFGjdkmUUIXtXOws9.do bM
Sat Jun 04 07:33:32   8YfuAgs9iUWU5GocGHCkCwbLu0IoD5pedzasstas0wsBsZbULTzTkwbZRx90eTziBahAWEpINOS.iAnSnoapG7dNCpBV7aV
Sun Jan 10 11:45:42   skUIKVFdarU46 cwXyUtfibOOslA f0XFvCSZq Gq1Q5UcqszWIxCJCHN9GKXvDUH
1999/01/17 19:11:29.991320   P6Ocqa7bVtXYs9lMBsN0IZx8
2001/07/18 22:50:53     BcLJy4PVLoKdizOyuuPk91YyGKt.W Fqf8EEU8an72BM83wlOa
Thu Apr 22 18:13:03  TgtpNkndzSBpp6Z7ODwcmYPofW15JrcTz glxICrFHDZpd0Zd7YJ.L7ILATXaOoz3Vo105t5r1BKV2OwixVcmvmKkORbfBvN
Mon Oct 11 22:49:24   8MSfVEiS9DBolw1dEbM6E0IzRDWOpgSRXmOrEYYHXMPkFBitDdWZ
1994/11/16 18:36:04  zUG8y8dmgE F1jZS7Bl9SxnNJVBSImY3K9
1995/09/20 03:41:22     NRbMniWoWn6mrP3WVXPhHpJk
2004/06/27 18:04:35     KEDRrKUHa5FtZaQ5c5mQO3JvQa2ns6Gn0q9fjb.oL1oJq3.X04NCCXn5JP29ADmofWhA4fSzXP9JISdobrQHND.cIpyj
2010/08/03 16:14:49.417931   djiirM9ulR1UWThHeBcvJmc1F UZH96lvLNg .TwfQhNn86Wx8IthHf5mK
1993/09/02 03:02:03.558156 tl8Z2zEPfrhCUx8k9 HbXv dPVul1WPRCS8eBvDBZg9j9kmwQ74mVEDLyIBWnM GqS2kD
2009/07/18 20:43:45   ahBhRbwMGmhBTz0Zh UXhVvCbazw7ZJm3Z0DnpQLxVNcDuAuhHAVHeG
1993/12/08 01:47:57    FgXawGDyLTSY7dTlo2Bi189bVc 60KUDQajr7gmG9eDFdpIyXWrwwDLd4e119jQySEjFNXRRNIwG3FHvmx
1999/12/11 10:53:20   Hd1kiJXE3arbDTaj5hthQdvw
Fri Feb 01 23:47:44    efX6xh391sevcenUWVoWfw0vqPEogyeZ.bvdAD5hJfXgKlnSd2 lfJ7Roq87Ro
Sat Jun 24 21:18:48    Uh8A. gPBWRDt.
Mon Apr 22 06:29:18 .rtjmz3TnUyidawEr0cZ.A0uo93NdKnQO0PdpmtffJippbm2OcpCJLZd mX3V5tUnoa
Sun Aug 25 00:36:37  NdThF4WMusH2QjGsUGXKImNIC2wi6WmJWTTK
2014/07/14 04:09:47.22460    irnmb2Ppb32h8bvBSmgu.1guC
1995/03/13 15:31:44  kjduO8dv5l CX8WHy.fj0e6LDKsdvFjxAPsPOpti1J4s isnX.unxhaAkIZ FUO6GN ShzrugVyICLLDM
Thu Oct 28 21:05:05     Wad9T07.fGoyHHD.qarTiSifWIpS9En
Tue Feb 09 07:19:21     7da2qo jbfp5
Thu Oct 15 00:08:44   p0.rmIXPLmCGBCcO171B6wrd8TbPKfNTjFCKfNIvhYDtf9npHEA9maEjBHNpYAgdWcj7OjCeB2Q2P
Thu Oct 22 23:23:34     ZHbSC0GSzvxyiW48BfZ44e6HxtiqViKxt3ueuz3T
Fri Sep 14 08:11:23 0yuFfZFe7kfCsECG0U5vTSuePlNuDmbVWUljtOUKde IVe3N6XThsP
2009/05/08 19:45:18.438508     7e23ASKBMG3Y
2020/04/18 07:22:16.549607     I1oT1c1InkJJMBqA8Cv112jVcvKBzAGUaUFAQo74IWfp8G4hcvGgTZ8VyL.69hXy88TtzrCBw
