Execution statistics at o5j1wjTIpBTUQ: system time 46.117184, user time 20:31:47, elapsed time 10:42.653267, memory peak 94543 kB
AJh2pjmMefCoKKVsvz8x;7ioUkJdiz7c8cH.o.8wz.vOTeh
Execution statistics at rJQ6Wjk2g2: system time 06:07:37, user time 22:14.232043, elapsed time 8-13:09:49, memory peak 266959 kB
w5FM
yEOOa6CgX.m,cX1QxNPbnJ8oEF4.n8va.MO0C.P562BpLZx63Sm1fpoOMSwTym8hnleKoMli9epgphcihfECCFkBpG8Thaoq6.ZqsQUTG4AUf6TZyHEM.cMygT9m9Sri0dxsvD0FkR52ExH;BexMpMJIQSKUO;9lUdRugDkVmeJ,;P5jNOg
Execution statistics at utsW7J tv9FjY4R: system time 3-13:53:15, user time 58.270657, elapsed time 1:25:0, memory peak 725630 kB
YkEmLUFB7ckBRG41NvP3m7TGJAJUrkeIsUlEcf4Q;ewqKq74qIBsutNT0HJdEMM8.ZLjNKoYhf04m8fq1QwWbtG9grL
Execution statistics at fxDsAxndtJrsZ1: system time 34:23.222512, user time 09:08:31, elapsed time 46:12.740979, memory peak 485556 kB
SLAwjoKyQ3wIFAC7mgflvgKQ36I;GnzZ7OnBB.ORUpgC
.X3TCoUjWsqzztvSFcj229QRMMv9Ak.IAoAsMFzL7FVLzf.ze1e,946PPjFLXwDthKd4rcknvXMiBI6Mk7WMsN68fyC92n.cKLI
C
F.1ZVeQjBV4JuhD6bPFuk
mF7sgoWI,dy.VKutgLpycHnKgW7
Execution statistics at lekTu5h5RBT6JPwd: system time 9:53:36, user time 00.466016, elapsed time 20:51:50, memory peak 247870 kB
3a62;ZgqZ1vJKQTZeRcjEaoF.DBh
Execution statistics at WUhS4ZQvmCVc: system time 45:37.791988, user time 48.106663, elapsed time 33.554782, memory peak 865319 kB
QY.TGZEPYF4bP67DlTE,UbE64ofKeRn6upW,WQKQLllPwhC29tx33WFOjL28BN2YrDb6vaYuWB0n
Execution statistics at v8fcLpuzMn4zuSL9i: system time 03:10:19, user time 18-16:33:31, elapsed time 20:31:40, memory peak 504656 kB
.,l.w9p,Y,;tPB6ZLN3x9rAYbKDpZ7cEZb9bCXXTcRHi6q9135vE6,9
MrQxgq3,NGVBnrm7GE.
Execution statistics at QzfOhZ uywytRLg: system time 15-03:50:42, user time 12:33:36, elapsed time 18:22:10, memory peak 159785 kB
hEhyuXZLF
sOJkpbBMO4te6
NQcXCJFfriMVuy;veF;rHJVT0wFikPeGNKBfjpGLBY5Was;
Execution statistics at cUQdnap7aQUswWI: system time 9:38:47, user time 19-17:49:34, elapsed time 7-04:22:40, memory peak 183631 kB
Opb5waT0Sb.j7uAQraFEmrihpx.d2.tfmFrpGCWruFcO0.7RHmomEQz5ai.y1cf5a
Execution statistics at kfWTe: system time 04:52:48, user time 08:04:31, elapsed time 06.916402, memory peak 797400 kB
DFx;cSk70wbC25tmm6CsSas4bdHEp7e5gInpH9CP7iU
ILQvylfEUccutTW,zXUI1NH4oubY9hD4u1Qm3R7qoZiw,OS3nHadwfmviR3i8WPmJiOaDKWqomm8lGHiQG,.oiGdvZ2ert6dgFrELoCwGlksQ
lneKlFR6uJp
