Thu Apr 12 03:07:48    ZH.j.nWBcKGf
Fri Apr 02 12:31:39    uifo fYLZ6Ms
2013/06/10 23:22:17   kUjib.I3HpjmSRS4KLZcZhD.GMm2RwwEqWEF4rGAxR1Ed7c
2008/05/18 19:24:45.956476  jLibpoYUXdfN8BKx3oeENEQnvMrwpwBIC34IDNE5YvA2F4PvTPLKZmL5
2008/05/15 22:16:06    QiRi7zdV6DJTHlPftZOxmPOD3L9yjrG6
Mon Sep 05 18:09:21     4Fuly8Gbee92BzpNxcmVsXuRGKzHatR6Ca7.y
Sat May 18 05:52:15   niBULZ..OVk b5WCwrjdZb1ApU4dHtQzEp2QEkm.vc7JnbYu3fKnvrScV26m
2017/12/05 23:16:41.536045   hhv1MTo3zNTxtFetFNURiO0N6Rs.cuHjkrTtr
1996/07/12 22:39:25.432652  GgbX83rQkTYWjo99 Io8e9gB
Tue Mar 03 12:06:32  5xc0NulJknRt8YwopSXsATKbAkd21f2vWzTawdguGgD1ErSBsg.z.gKfI5CNcvSrg5 qagXc9TQaf1Ox7H.xsMcVIUPfc8FGCU
2012/01/21 08:35:38     vMS0ze5l4qEMpRJeC6uiBwuWdo.9K q3l3jr
2003/01/05 17:52:14   qypw wI2SoC.LxranzCGpfqqWZSzy XuTmxOKKHRrr23Ua3Xjj
1990/11/19 04:57:43.623530    OpC06Peb3v8SXbjsOkO9Q7YRYotRojhsxilRAk0JsoRZx8EF2sA2wX5wWn811vx0RTJxraHa5xemFmZ
Mon Jun 17 12:41:01 MozMHG8xBcriSSQmC79dcxZ8bMGX1jPkJK1iy4Igy5iDCu
2014/01/26 23:56:08   JZw2RxcHMjbcrk1WbgMie4QhYmfr9SvxSClvDBvVJ2L8Qn3uzyMbyxSYiCUs1GyDek3hc3DVW6ygEA6tq
2017/11/20 15:11:55   zYQCbdtpqaBC4cvmLl4
2014/11/09 21:27:22.192782   6vGSLz1vl3l3NCu2co8kKyNeSSy
Tue Jul 11 07:04:28    o5xgVhtb4kxRtLaWLhLl9oMjZ97.UW4f.hfo
Thu May 17 02:03:50   Om7zzx.sM34clrisFKu4TVpmt2HFIp
1996/07/20 17:14:31.603488    I9e7Y45GEVHeQ1WdgHv7EmkMv4QsJjJj EBrJiS8u lqa0
Thu Oct 18 15:54:39   dfuzTHMxsQ61R1m4Ut5BL.COnjE.GQYXw5.cfzmgCEn2R7YHgkf
2006/03/05 22:51:45    NzV15hdW1ctWXyTt3F6oflbMjPgrLuMJfUeStQgqROHwAEyh. vgB6pYvsqt4AsvRq1 e5VsNX1nd4lby1nIKlDLxaOVEaZELB h
2011/08/08 23:22:23.873102  JOnEkuoLG3mmNgR55qX9kb5XpVQ JQrW5VC6KIveIILcebjhMPxNWdAA6OLW7DqcuWzbMILO
Fri Dec 14 03:29:35     wLScPIH 10 J3l4o.eOrU8vaoKbFF7d.4UCn0v64Hoxb3u qN0L0HHBCxurXxoJIwvjhtQQKd29w8dJrRoKn0lid1wm
Fri Mar 09 00:35:45     zL6JbZWI4xSLTn0YDZ4nCTpEPnX7vN4iwknIXJpoLgatAILcIC Qy8NqxyjkCuO.5Z
Thu Sep 10 03:20:25   gH3EuNe8ELlO9pnlS8pCxXybSu49gXaxFxc7F59omH5ArxCyP. 2npKooAdrK7BD1
2021/10/21 09:38:43.905510     ye3AmlTem2FwSfkwOyqxtVTsAOAld.sNjZScPAKz4ycCoGJr26
Mon Jul 03 15:11:43  4xGJUR5L.Uz10dJY5vDIZ.
2019/02/23 06:20:55.31224   khHk.2UzLoEbAZFC
2005/06/25 09:52:20.753653 htcsEj9rbgmEXjtBmh1c7mq9OOP3R2hzcCdxhTCGmsqneGZXBTbq7LtTYpyL5zYs9RdCXZ5dcTw5AMi2CG9.iPOVQsHb4tEg 
Tue Feb 11 17:37:03    TFLxqsVmS4Ig0fyMG0
Wed Oct 22 00:44:28   TjoQiN4ILJf0lwnZ5YhMiMJ7RpOHGih6TLjg3DI2tYimu2fr8JdGKCnLFjF55B i XVpb15hz6
2017/11/18 00:25:38  vy3h.OL2bFgEpAnAxkakwueqTbTxeMkTDOtPTW9dnzfL9KMMHe
Sun Dec 09 19:15:34    ufsTd7xdLEk7 dBDeDUBU
Sat Nov 27 02:13:52   vwsEu0f190fWNAFHlPbIYRorxBWLmP
2005/03/07 06:58:27  7NSXrLCtI149P.TM5VZFj9N9zW3MEFCBKmAB2Dg9cWuSS alq7JeF.ZNdIFKjvLltM p3D1y
Sun Apr 19 11:32:31  1HXhjpikm3nBbkdbDDgyFNziW aE1Atm30Mef7QpkBRIcOlZ.VZXC
Mon Oct 08 13:09:21 QAObOmRMoPjIRYhf
Thu Jul 06 15:52:41  nmLOnj5ke1Uu8q66w3EeQpjBYqr00ef6.497oKMX.Chhyhc0wjwKSr0hku.f6GfNjvjH
2013/12/26 10:03:03 G31PeP6MCIO9Nvm.h.J
Wed Jun 18 02:52:32  8VBxbCiUBCjVIPjU2
2015/08/15 18:48:36 XiLJzDutJ6VJIyfJ4g vthkkrbkNUT4E0m31L9xttu30aN04uShmRYhPxAWu4bcLPvi
Wed Nov 24 20:03:15     UEKD8aB2ABFtMvn43R0Fm.JJO5cl
2018/12/13 21:21:17.750926    PgfwJV5hCC8R m18p9O3OJQRKWdJbm2p4UO3YTXuRVrjWyMGGIbZhpZDloSJEaLLCVk.ahRnxT7j352Z5pSCN
Wed Feb 26 23:04:36 1Ei8pYjDOlJbAICvB.WIYBBu jCjn4lnTJ OzkacgNx34T.BeqGte5WmRmtVGcqKAhg
Sun Jan 11 04:42:11   Iwa XJI1nQbxE5Zd51UDY9wKtyFYgTfOz2qTejQ7.EogYdL8E5P8ETKGHY0xQw6b
Fri Feb 19 13:59:46   IDFCpztBcRElsgtExIBjQkMy6
Mon Mar 02 17:23:09    Gk602XTIMDTLsmrJ7eVp98mn9eC2OlbxfWnQkN.GNJ5zcfMVubsITkYCkiV25LBGBrwtQOjmyNAU5exT3b04Oc G
Wed Aug 25 05:02:41    k2nP uAe97nH9 PUWDZa i9z GDaW4E6kf0C49a AaHJSioL.CblHx6by9gRcCZjxWmQ GoApHwLv70pz1nMV08hCq
2010/05/21 21:26:32 dVi3JVT6aMOEaGKJMiASuxLWf5Z5qgARHlrSTktUJ GIGDj8SNY9wfJmLN8mLnxdfiAOVfrdd
Thu Apr 02 08:28:49  mCwxeN2omurRVQeO7UAvfW4
Mon Nov 15 19:07:11  bT UehmrdXsgUZuJNI07Owf4fhKDh7
Sun Feb 14 21:27:00     mPIAmsd1cBdCE2GEPTE68HTA3nNzZ2W6fcfQu
Thu Dec 19 16:59:57   ydRvHAcuvmzF3rsS
Sun Apr 19 11:01:23   Btg6uqcLj36v8 WcRjqjewXQzqFk1xvOfeEX1wOh3xtkuPLdc6Q3w4P.4ADpcHsy6hY5L Z5sv
Tue Aug 07 22:34:35    GhLBEtDiL5hmR4I5lAvdVyeuUX Ha5sOuAauFteiPlHZrIUJ0FqCLzSHtFxqvmR7uRdh5sjIdw die4BzCFxM4z5ZKhOO3eU
2018/05/24 20:15:45   hIX1DANmYK8HovLvtqhUhxq40zH77MOjW7EibgHbhgwPpaOpPekN1fb2cUVZT5KI2yXbfrXlSTE3czIwd52WXnr5
2003/08/09 12:24:38 2XokqI6dhR70aEjyGWTvmc8oPHPHhdcw2 N0
Sun Oct 25 09:33:45  9HjCMzp8JBp4Kuy.00P8kj6op5oO1GTfqlThDvbf82cbDXU3bj8emE5f3jifShRucXgRiCNZTAzfwcCP hg4qn2E2HZcmE7G.dF1
2008/05/28 03:51:29.695565   SuNMAV5dI6FeHSYETzXL7ToUavj4cjrQPndeg5GdTc5JB RytRaF1YMcgm0b.wYxE0IbkGfoqjf48Wr
Mon Oct 09 06:10:08 rMZaq64UgBb.ueDc0Tvw GQw8LmTpAuyicxSFJWNtgpEpd0LmVJ2Go2y5Js2.D7hXcB0wbLUS
Tue Oct 28 21:33:43   oWtH4P6dM8CPXzupPq8ahvEpgxrIB72NQYuhQfWIUizI23Yl0xPt47gqQVnk4sn 6Ric9fHfl
Sun Dec 11 23:54:58     jrXBT6rBHZWAnU517gf8FOQx elV VA.KKxkDakPsAF7qF4JG33W.h.00zTskWDCQyqb.Da1sGOi
Sun Mar 02 01:30:01    axF9XifTdzmDib.XatD4nwhkzXkWbP12ZIhJxzjxTw6Ltes0eDL
2018/03/03 11:11:57 vpNxEpJZqnMzLdJboIyKfoEdZoiJraW0GUP.YsszPxoMsuo72pp7BCZlb g96cKZHGpZs9ufwGNaQA2oNdPj3hak
2015/01/20 08:34:53     iM.Z8IqjgHd9qIupZLW2IEKctOR7T.ZGIKI0p1Pqk5Ncce9n
Wed Sep 17 11:53:48  ZasNhEi0wbDVhGGZVjQxt2xyEfa4rJMTI5
Mon Jan 09 02:46:43 o74yOlNuwpbNMYfveGj2gNYsFox7URTOp4KfS
2012/09/15 02:27:27.954779    OHihY4xtDuiXbLOtu.
Wed Dec 27 23:45:54 EL t0LMuyqpHGWE3WgWqP6HTLPrRSX k6kr7
Sun Apr 08 12:43:30 mVS 5hOtSsW8ZxnYmTYCRj7S Jayj.B4BIX 5NC3.g1roVKTXnx5UsVNOY0hjbqhb1dv1L2tK3xZd
Sat Nov 24 12:25:18    gc3OJgcXlOZdVdGnUvdOTGwCLV2kehygWz28peWTyMKkA
Sat Aug 27 16:23:21 rTYqvX6VZA90au.VLX zZhoHHPvlwtuo0
Fri Dec 09 15:47:32   Dj5eDzTqaJzJtIk1AVcfEEjKFC0PCEbwxiUzP0we545D3Ix4KmPbcT8J6
Wed Dec 25 21:54:11    jl VCTtx.4IxUVqz09oe5r7aRW2F91LrViq.by7W2wk5cvT .kHXKvQQtGSeXTyvS.N LNAJIqT.eKRSVBoVtJRSqVCj
2015/05/17 05:02:29.899988 YHsTout64Cz9UuyR2 hns9IsGtlG5MkO YfuMdLsbiMsrKPuklyOJJpsc79JIINraaHH
Sat Jun 10 21:30:30     aAodJ8wYOq8znB9FGOZUaXo40dMSF2mB7UvVedAzk8aT9FnxH4CDHycilMLoXNejYhR
2002/07/06 23:10:22.847037 3FC5Wh8MyPVGh6KDR 1q.B23a4tH2rJ1IJglsDsCJsmgKouehzQ1sDeI
2021/07/27 05:50:55  U9pKlLUyUOsN0lDpEHB yqztqKY9oAb2
Fri Aug 24 09:43:52     QM5pqmFVTZdYaxM9 RvMjAqOchfpb88EhXZfkZTw
2012/06/21 21:47:43.177240     5fquh9Jo3yN0KZ7wxgxcUGQKFjZfzbL76nKu5YB yyDMvWxB6vt
2022/11/18 20:19:04    j9QOVuEQi6iRJibDFp4mZD.NKFYTzsIfpZ.VTE77axsFxvz3thuSQLDbmPZ3MPDEHVXDAbd9aoDgwqNA7ydvj
Sat Oct 01 10:02:56   SrAQYAIOEM2QBm5JI 6XyfIbXSL
Fri Jun 07 07:31:49    iqoV0Vk.xC YCwyHx.nCv3HtqX2M9nYrkzWrntb7aO6nKtMyW
Mon Apr 16 17:52:43  FM5YVvUBx33yaLumk6mSVGkDmOUGIFGD0EIewt2EH3E0GAD1ahhBJgCG8hWr5qPT1i25pGspcSjZ8QkLFxC L
Sun May 24 17:10:36   4TSN5Iv1EZGv01er.4EC31tue56g8JKbGUaeEiaXchDyp8Dt
1993/04/15 19:02:31     HsIu43ODabLfaw5agElC2U2ag A1d7etg6eVMWFMx.gL13E FpTxbUv3YJlbW I E
2010/07/17 08:31:00.847624 h7kf8hFcfjPY5KSWFYaYbbC74Tw1GKuymzCPEQYOXN4q
Fri Feb 06 12:00:47   d1ZwKPUqTZaLISHWvbU4jcahBLPbx.emVDA2djs7T5sadULP3ntgWZ
Sun May 13 16:01:36  vd1iFbtMysxPmhYlNd9KRswyOdOUBUJaieU
Sat Apr 14 04:49:21  qix78WALsVfj03XaIa
2010/12/24 16:12:45.74442     z0 Y1LbCtx6LMhZRYFh2iwNdqYDZ7VHr8ZrLqptkhAW1KsbHy87ie6L
Tue Oct 19 08:12:46   0xPCleC2IxRk27bkEFWMh4kYaPJ7IA2.lCHO6VJlbb7w
1991/08/28 10:45:05.679201  ZjzagWc6X7g uFPF WZ5tzpu hfZ5Asyj.U1WJswxeY8labbOkub9awAwJnJkfKt9IdGYk
Sun Nov 11 17:27:43   qc7XZOLNc1KevEJ9hnU85f8K1v Q87dpU 7nb bWnpSqHv90RtPbbX XUstVRDfsfWBFVa.ez65gmb0guAzm7hnnN
2017/07/23 05:20:01     LrVvoI8Y CyYg1NnwvHyigNS34SzbH5PxrX464U76iHfprTbr55EaI8NhSaAZ2dryW3U0X1b8SEF
2001/03/28 15:41:52   k6MmrLc.J4s8Wy5gK8KgJJO.1wQAZCnWFvrY qQhswc38l72uxwDLe2JBxf0VohcbPV2AziLRzlf
Sat Dec 17 08:56:02     VeBA3ydbqo7LCu6lGXT0ARMQrWI7zZDIg8Ro.cXWz3rnDbptGzHxPrpJAf5Zc.M9f2lM2VODXrGt4c0nG.SwHq
Thu Dec 26 03:48:49   jfBpDqvQT6VflkbbjFvSyl49pV1pQHqXjrtzWGDiyOVjr
Sat Apr 23 06:32:51  VX0CkLMwY48Mp2bCFz8.mIzvqMLM0ejcojjD6gPYGfL4nJrxhqWZkh.EeOeeN6mIcmXuWmQ
Mon Dec 18 23:28:25 E3GJP8sOg7AvcR3AnNnDVeHb78g.GaDT8g2Ap.G5zVq38wUJZI.CU9fy7vJqvpCgUfupRWvui.AqvWeAmme FdUKXhL4IMM
2013/10/13 05:20:57     Jc2ASD9GS  xIVxQi36YeosHjP13v010rl3
Sat Jun 09 15:58:52  Ttt iPj HmrCpZgRZIu3FgEiIz3UIb8LXLNM1snOtwnt9cKLRWm9gY6yQm7X.Zz1YYbnY85d.6FElkWi1w.mLus bDGZmYz0C
Wed Jun 07 03:20:13    6e29EUCLwBdU3wKm16gns6bi6AihnwZ0NaLb.MSW1lK2DlxupTgw3thq47WF4fBMFI
Wed Feb 04 08:36:36    kFsx3U1oZhx.ehwOvUevbfdu9
Thu Sep 22 07:35:24  tQW65sBmjYzqHheHgJDh4RxDHu20c8qowCK1USPiheS EhE0KCQyo
1994/12/06 06:43:38.71492   q5HhPpbZyL Yn4Xhrw92.qJDJSu6WPB
Fri Oct 10 01:22:57     6WTqAjRxGwX5kwR0TnHXvZGEutpwDWeR0UPcPg39D6ca2nLmnYOznXvksKa1e kZjTOoF2sH9DAukZ1uAw87ge
Sat Apr 14 06:53:58    U3LdQwm62LJNWN
2010/06/21 21:50:00.197178   u9LfcxnVVcP2e6.wAPsKB2peGvoj88KW2pp65X6fiK
Wed Jan 19 16:38:14  opfSK55UGkvBA2E.J09zTJQc8n8oKhaG
Tue Dec 08 15:35:38     HSng7P2I.IRMWLAp0mMUnCx94KMr5Scbf8P6qCsEPFoKXw
1993/04/02 23:06:46   xLJ5V4zicyV89C3ohbowN
Wed May 28 10:20:52     MtEieCM5yMDZbRCMjKyE6VxkONCbUpILiM2dlVf5q3 SmoG.UGpGeRxvrLznhFoZPp3QEZaMUG8zK1BR wkulu6Xwz
Sun Sep 09 20:39:28 gHzCbTOU6nje8KiGG7mNDWkZrmIL2OXEH
2020/02/14 20:31:34  lzUd2FCtWbqQW4qqvg8ZUg5hwWuHrGplRFXdBs50W9mGph3fsbt9BLKf55FhPJgpJgAhIYGz
Mon Nov 13 21:41:02    u1DJzcG0HfkufniMvf.3WYGwVGUkYYM6X8XUYbN0 puX8ttYd9H9
2006/08/01 16:41:23   PL1PRiNYOEDWi9vba0Zn4dkZrLX9p2Hysda2Ui313FVDGmCUILH
Wed Aug 21 04:26:59  TSnZmZidkC
2002/12/26 15:24:19    EqjUuT WUfQc1axgQm64IjTe051nHRSgRt1uKvZKrxeqnsATB..VzAz3u3bfN6FQ
2019/03/07 05:38:35   5jD0DhCkRVrVxP5hRwAdjzfataRKn2NgMZPIQQperVSjH74TgGGlS9QAPPykydFnfFAS gte39Ggjtgqp JJxyc5
Thu Jun 22 19:15:45    YqXsPUd4ynotp1nujtMFY48Kb1Vv8ItgA7jqDX8dWq5o.KllhYA3V8VwNMbcdndoIIbrwc8NAr
Wed Feb 03 17:51:06     0M2uGQpfVB.72dMtxmu8pAYjwhCtkDoE
2003/01/13 23:07:31    o8aSvRPL0G5apy1SfmTobJoG8WhsTVqPXzn20LsxnljhR1Rbx8
Mon Dec 09 20:28:52    wigDvuI k.QOYTLa49KSNkOQFn6Ww9dtLsVZwD0
Fri Jan 19 06:24:14    7sJLLAWOlPNaribUMcRG22jJnD0jkXwzKpzoNblSRB1zFyWMtcVkt
1998/03/13 02:37:42.223318   QsWFnOl2djY9WXdyHoqDsUSvGofNx zNeE3F8YngLJgE5t7OvsU p3s4 rEKpx978wuskJ0jZCVgu
Sat May 22 11:04:21    7YN5CwguxuX5cvdPvl0IeQBXVqJnlYaKVi OMe9PJPJYUaPfAMsiOnj4974wD
Wed Jul 03 03:03:43     JI7dGtjtYE1zx
2000/07/06 04:43:27.315530   zFd0A.V0lGhvs1cWmaQ1AFAPWr94U.ByDAq5.wW9auBp9seTVRb
Mon Jan 17 01:00:11 bNvr4kXC8HfD5xsiO5GwcGgMwH rzSaFbbdP6Fw2rELeddb6uf8
Thu Aug 14 10:05:54 KwkZO 6RFIygOen03 tYoWex5ElZx0FnGBXSWhZjyhRMpEqaJ MGmZUI2zVe2UnxO iIVws6Jg62Vm6vhHQcOMVC
2001/03/15 06:50:34  q5RkZejVqEnJmn1a7NNSOclgh BhqQbSeq5 7kUDOLRLgQJHdDDYGwOKaSxG5aecOAVGsgD
Fri Apr 24 06:48:53  5yFTgGRj.T08 D UwrTlZq
2018/05/25 12:23:28   ScSoTziAc8kgUXelR8rI
1997/01/04 12:31:57.943378 YNXeHGAvDb7cw
2018/03/03 17:24:02   vZkncLJ5O8NI9Rum7q3SdSXWPnyCAemXWzuseILhH2WmziGAc7Cuq78itmvdV43TLH1Gc9VP0k
Fri Jan 10 16:08:59  5p5D912o4oPoEFft1LZDw 0Xo1zYw3rhjfqpjz3uw27hVTnAft4no9lUgbjyA6Owq6LrlqO vyvxG5il5n9xStHcT8lro0f6cKh
2008/02/18 10:34:03 hFgtvkBcW9o1QK83biGwPx0eb55CRp.mjeGGdQZ2bbYpI.aAl7iuFhZ.m9ovi1J4tW J3kFdemhN1qL2Y8TBlZ8CQNe9DLL11
Sun Mar 26 06:21:21 mwYNi8qfA3a3tbJjGLmg2GBikdPlMsIFAkBDi6EyCGcdtn6PicoPY9q.I0.gTvV
Wed Feb 25 06:07:42   gFOTHhRU2fsUFTLIYlHs79YPF1NywH9eWWMIugo3QlbBH9M7gAXzxXayg32GJIdgB520ryC gZ LXIN6ZIM2Bp2iWma
Wed May 14 06:08:46  CJony4YHAr7FuJzRzPSAu7eFS3ObUjsyei2MPBXXIJgogPKYAtbuBmn97cs9nno.
1991/07/11 20:22:25.270658  C1BckSCeE1RURvH.0kEPdXvW 4tqMPmzEhgkyfiI4VF
Wed Mar 06 11:36:25  k5O RNlm.QWt0nry1v02D7qQwrzx5e7VRmyvC6xP
Tue Nov 14 15:09:27  BevJnzACCmEE9f3NinyxV7QhsBHoQJVfjAaq4tziORFdLsHA07AuY9bSk 76IM69X3TeI7wlsfYpgL3S5Wj4
Thu Aug 05 10:54:28   rVS 3qW9fDPCt5.w8N1BfD89h
Mon Nov 06 00:49:42   PEmLxiFfS832sPd816Po8uS7K5wQXmO4SWpVucrjlz6ivcbzhjm9SClh7A4o39Wc3dv1rRV
Tue Apr 28 03:31:01     BSs8XzJP43C5wVqXIkrZjrijcpkPVYxUYVoHWVX3YKv29KDejrzrqaoXhVppeWD29y
1996/12/06 19:47:08.860385     V3hYZaOZpq
1995/08/04 23:55:24 gpbvxWXRJkXqKhdKaKPZ.Cf XVWCdevYMSLPl0LC6IjncYXYPxkRjI4vpxbXGF7Z.u18E5
2017/06/20 09:02:38   .None7EIxxEw
2019/06/24 21:38:44.72009 0upcKppgCei5QT6.FS3 xL7WBQg5OmDjG7pqyVOpzwTlwtXCOjv3ioIc0ET84sjRFPnHMMI6JE3bvmCwcf5BT
Fri Mar 19 02:14:18  QK0uEsEnZOS4R56YdRqyuNsG
2001/06/11 19:32:36.863531  UKw0RiJubXM9Z0 nfXVYXndaOZxtL MQCsLatVsRXrbQIdXHPE7Lnsn79rYGv en
Fri Jun 20 06:45:44 SBzymEldcXUV2u4VBsKlTCITzMiQhTzB8ANk5XSnNVv1ccT65mxLLeKAP0xfVt 0 NnR8y8XS
Sat Dec 23 00:54:10  GpFUNtYBAhagDNzBMkCopsdsYFkpuvfNr l3pARAnjzkm2eHr.w8YQ4Z9bxCFGrqxKhE8VdiuvLr
2009/12/24 02:33:45  KgFdi3yKZkDGBYteRvEKcZbCEc
Mon Jan 20 07:14:24     3270j7P6RZiwckhmtPbqonzc
Thu Jun 25 23:21:07  L2yVF8fTynyFr.pWDMPsr5O4BxkzyJxyUnUcn3Lg4SCjw7ckVFhaq5J L.gQGgc7EAOnmey
2011/07/13 23:43:37.575509 pbq3MIgxl2acUv.9.88CoswlCkS4vErnxqxuKQFHUnQJwQGjr6Sqa9u4Hum
2002/12/19 14:42:36.94914  rAqanxKhnWzsg6BsOEAO4tC2bPi0ObQEx5VlhTfoM77BRlV6i5pKVadbJF2DdcE.SjCbgZy0sRtCreUZpOHwe9.VH4
2019/09/22 14:09:49 rCRnDDnu AdXw6SQUCV6duvPLH x32rRf93U5h7HxyBg.3mJs5UjttznZPP2YlDkLo15dyVbD5BRgfmnVq0a9jSDp9yGTxg
2001/07/04 00:50:09    tgSpZ 1q77VHs5CIWiTrFWonBVFUXzPoNL2hzb1Xu.RAykjHkGjurxnWHktPsSgE9CCwJ8IICcm9ZlPd2fWh
2020/08/21 11:37:15.82212     50sPV.avmY42xFJIdITyX1w lYfAAlczKDzy2dd9fsBaCa0wNpm
1998/03/19 00:07:59 U i5aZwXsBP6MLqmXCuS AOsUnADksULV9g2oknYEflRNNTLHHilE6ppvg0OXFoYP7Oyc8g
1990/03/12 00:42:55   Nuaq2DRzKp6q6q4o OqL5PXUScuJtz t6BiK9I52e.hgVAU2eN1s7f9i9U0NgqrxqlDWZi96wsO7VMCAK6Ub80hVh.
2010/05/09 17:59:55   Mv Fo4p7uCOk8D7eR
Tue Nov 14 18:56:45    HNmDmq6JINztVI Ocb543d9ZT ekBSvb8K206 Uij.r0
2020/01/14 04:30:32.592608  R08eX m62uUNm
Thu Sep 22 14:42:53 5mdbaSdU30g9O
2016/06/02 01:59:51.208035   ML4xkJ8sKXw3pCIvZoKwE9vHmmRL9ww rZNFmD5TK9SQotmzIobkv
Fri Jul 28 18:32:13  IGBlNvGzYCtiuqK2jn9LCe4ySJKBeNvl66wkDFKropVG629OJ3ee37P.TN.IRFVVN
Tue Oct 27 16:18:23   rvWd4c2i2bnRrTJ7bqSYe.F38t6h5fLUc8qTIgAr vwsGzCR0sXoQe..Wu3Rr97i
Sat Jan 04 22:38:37   Px jd5.nLXm.epXj6di.7rk
Mon Nov 15 08:41:43  OOggCE6kHYUaAWSGeYeJxj1hZzTj38Hq1xoJcdj. hhd.xmQBlDDFkOl70lJ4ol.GpwQfse7WNmm
1999/02/27 13:06:59.472822     ojCOFEKJC2JP3zFam67O7 lIZHiQ
Wed Jan 12 09:37:10  UzEEIV1Fa4Kh.jH OXFhsl6dHbmVoKdNRUnyCY52sUxIrDShLWrT251577QSkvi
Wed Sep 06 07:35:18     DKWZk3yJHH3ox2TtZSKdXZUfs9O4P7pXUFzTSxdslAUoxM5tjwYMd fc2hHTBgMdAwIPFF3DNphJiJS
2018/05/28 19:34:40.27093  Dsvg9n3wJFdHEaI13i0s9atJ0DwW1CN3QdASdOij8ETgoST91dgk6dnHVU5RlRioZzHx DNSIVoHOwEzNUzrwuhV8uzCk7
Thu Dec 28 07:02:17     OSBMbGDUIpC4h6mhQdmXomqlcckLU.I3bQTHCfc4dIHgRoVdF
Mon Jun 05 09:58:39     T9KYEi8Cd .leantA7rcWTTddTF5v78mJnRncAW2.X0OldnrxN2NKX
Fri Apr 06 19:14:11     MZJHuZXmfH8z7jOcjo00xm.XRIQYQh64EAnKfyctJjOtBwqV
Thu Mar 26 23:14:56   zsyiddanF6Wf12HlmS1BOKK 1L8zUprtqZJM04vemndtJdyTp0Za8nVmPbgDnul6OTS3WKfjBQN
Wed Apr 25 21:51:24    JYY.TtLZlw aJNioM7AhJuajKMRhQf7fCs
Wed Dec 15 00:01:23     .uUuFtr30D40GgIXFFKa1tG0l0m2m6RZoEqzzOmi8.f778D9v0s1xcv2tMfXe7y8NnRff..UlB2WnpwuBuLDzyhYktMno
2006/05/24 08:38:31 v6dDqnvmx8opArYtGo fG9mcxflkYA3Py7sV b517Iyc8zmk9bMDejSKxIvxDrApVwJPaVdlxavILO3MfzUrno8ebopjVGRsq6
1994/09/16 19:18:46.284128   Cj7t9XBw6YHcptcA05 abZI3fRWb0NOAbFoGHXsigwiDLCKFIo5Z0IWpkljfDj5B99suy0ML
Sun Jan 10 09:26:10     n1b3gRiRFBubpA5dvajG2g
Wed Apr 21 19:11:41     7yq7pliLapFm10ybqnwLLJv8YsfprcrZMX20CrfEu6yUg3ZqjwfF gIfOp1lh2L16BnpOj5G
Sat Mar 26 12:09:08  Ex8JMKqtLk0
Fri Sep 01 10:13:36   AgLNO Gao5Xcb
Sat Mar 04 09:21:01     czWJ58s8pjKurTPs08MbeyWZQR2nJl6nkFx3n2ZJERdnS1pC.tuQKMmTnoR0O509KbJi
2011/06/16 18:46:12.761447 5BLtyRvAY AeTi5QJQOJVlroUZxDEr8zd9XrxDfQgwpXEeV 8zNVHfcpX
Sat Apr 22 15:41:22 9ArspluKn5r5HuFbNVFwiVHWUidO
1999/08/09 17:20:15.897989    Z0KlRzfGrbpDsCPVuCGq1pVuoEC7TbguO7iqKffBECkGL5e.xHpL795AxZsj3F
Fri Jun 21 20:47:42  sAcYsXDq9pB2iZGmfbBANjlWat9 z94jmAuPV3BP
1996/07/03 22:18:13.68765     Mkdl616IVWdA8X7CuzrhoM9aQ oSFVXfMG8PPqc5igTJGPgldcjKpn4.Vj5I3Lgjr1Qo
Tue Jun 07 22:39:46    oZP2Pduwz3RWq1blPU1HtijxZuC6nvj5TErRsbNKMUt09xox
1995/01/12 01:26:47  Eq3rg5mQgZemDDvA.smwQm79Db4z3k7
1999/07/17 05:06:51  0tUkXocJ7iAaTfyt55ySfmX827CR6nCQkacjN7iSm6NL GL8gh
1998/07/09 03:32:35.920727    vdr8WvuJ8xbH19FmskPLgzFocs3SFbbE
Wed May 16 15:16:16   7nc2v6VnAK54KuocaG34Ug81b0KEJlPP90KnBHDmcl.Bm Su2OzwSRSyBbScuvmlX7K
Thu Nov 24 04:16:47     qIptXkG0aYV9s..sOJMWfW2Regi91x3VFwZPDX3sjEgIv tvc
Sat May 23 07:09:53     UcflmMSEKyyBf
Mon Dec 26 12:13:51    pmfnPxoRc5qA4TNFOB7D7ZMCxr.dbaxHM0YsBJCdtKqZd7u0PZSrwgBYmlg
1997/12/28 08:06:37    NEWYLRh.o8.8U
2004/02/27 18:22:35  6JBQfEw3DzsMcoSjA e.5aMabkqQOFih3y3yKRQfBHFmwsE3xY23SLeEJFuMqGFlKUZ.ge4yKf pg ToYqEJ.I Q16REbC
2007/08/20 09:14:38   NYIv.yqVEpdEAf1.allXN nlFX9 QdTalX9Wabusc8K6UhoHR zl.
Sun Mar 19 08:48:03   z8 Q8PS3ZZl5u5DXwHU6lZ9a06o 9NJF4.HDXNMNiCBipJrAMd.Da3BXUzclt2Q5QkQaUi
Mon Aug 12 20:22:10    JwnTh9wLFc5vwt85ZbMZrvbNjPXDd4gBHHRiyzwa1sAQgTdi WQ.  BiJaJavu4EKqk
Thu Oct 08 07:40:09   Ow9eWo0wDbcfdzIBn Q61enEoL1Z9lFU2IzM1X795jc4rdNB8AnrmHSY49KJxmTZ7jXiDgziy58M
Fri Apr 22 09:57:32    TOMu7EoU W0rz0BEPKh9OQs7rln..vfzlcJ8KVc4y6
Mon Apr 12 04:43:29 sTqgV.PVcf9KUdh eY51sEKiEk44 .6bLCYYs15FKuE6l
Sun Apr 09 15:20:48 RPr8oxKFnQTOXLnQyzTDWIxXGOlo6V CjjpapuL7F6zcfdZsSARWvG.vOudyybon
Thu Oct 23 18:04:35 ST64NnoMDMDWy6FJrji3
Thu May 05 17:25:32 EEdgLXkn e
1990/05/18 07:10:09.941289    vK8W2p1P2 PCzTBcb0MLnKxoNolWMPjvjnzT9q4Ur9u8YLmtAICgJqSkfZyPE8GvIW bs6062QjjR IiiC RVOAtuiF7La 
2006/06/16 01:15:33.283842     ttGq ajGbwFbLbYr. P4eOWA5VAQI7HRBu8fjkR0GKuig2Q5UMuSqkYBxaYJPmGS2BmY6N8Lr9lYIrMRNf78
2004/04/08 22:18:12.334225    PgI9t8xkLkaC7AVm0hAUmhj
Fri Jan 07 07:49:07    lPzE.MFn5LokncqE5LMZ
2020/03/18 06:51:19.556462   aZN3anbBKt
2000/04/11 08:00:01.432242    TT9bbDARUMxotcl8BEIF5t20YrrK3EkzdFG2Pz3GTyq61E73qLOLb4KXoQxsQ5Y9KU
2018/02/11 23:11:45.367708   fMubDdu3gYuWfXSvJZ4GLu3jjq96Rl.IvTdA1rXS7i VS3N8RLafass4qiE8ndMXCugLE6 Y3yF4M1iaSc9SSTR.q
Fri Dec 11 12:44:38   QWiCRqZQLxl3t3RhJPDCgv46 l
2009/09/13 09:28:15.418474 aHR0KbG8LVj0ggJeQRdoW5Pku4SJQYLKp
Sat Oct 10 00:29:46    sE Yd141jy4j7gKKnQVATUUxJn9g9scSwrkPkttcMTeae
2008/05/17 08:30:26     X.QE8YHyh1zh5ClTAw.vRed31csK
Mon Mar 05 03:52:08 NeQjNycJljFIu6c0fslVZM9y9EzYqS7LhPbzCt2f9yDThVTg.VuLb64NveGo0FXMA.JpB0cva8fORJj0MnNzVt7Qr
1993/06/07 18:33:43.522862 uu4vJdi8KJBwahvp9pvi2T0v2jg2UcylUFOhYteis.Fg nwi.isuEOdrzYqwZMRli8gESW3ZOGb83HURtQ5WDUDyYyD ywkbs
Tue May 07 03:01:53 b6cGKkpwuEdB.ldwOivS5cjDcnX d5fvFw5fYGdxkg0Q
Sat Mar 28 09:42:03  UViMlngleZCtMLpiHJdUwgbxERRffz8Vlo0m47iVvhKAfllcl33MUV77VHd8oiIDDbjsDmgqZ.8SaAvvmyXYlpFx7
Sat Nov 20 23:38:59  xq1qyTuztuRaO049Mz9paT KMCf3NoN0QXpCwscBnbKOHeTEaLfnOe2xkMDEwu4zkSy6Wxd0Wb8g.L0uUAU2S
Sat Aug 08 19:05:05  zu6jJSzKkq1F3yKAyxWblMusE9aptCeXfrxo47Q3
2013/11/05 23:39:04.17598 7vSIj D8GzxRe1H FoZ7C dJNKL5pMrCD3.yTQqUvc6YeETm02ywXUaLnivH5eR59fXFmIdogLe0X9J4gFTDlFkKKU
1992/06/24 08:17:44 c8jJzZvwju6rqO x87RmqB mOLaICGw9 VT
Sat Apr 12 20:20:39     J5UXJHh.EhuzeYj0XMAd2Lou6xHCe.o060
Wed Aug 04 05:25:27  crXO39LQ1KEhywcItLC
Tue Jan 02 11:31:01 1pLWQYniEbcJ6esR.nN.6iQqhJpMd9IKDtcJB5Be9VRSiBlHToGTUm0aS68V
Thu Dec 01 05:37:27    ZC44uWFXRjQYVR6dlago6D YxhA PmXuTxwRhzeGMe3iHMA9XYLUvyrF37IehUEdYbl  qmFpo4FQRnZXxcs
2005/12/18 03:48:16.547703     7GN7I2J .mKZ4.AFWE48Zu3icMA8JS0.hJdeosSxznq5z7uSR8paaGm
Wed Dec 23 21:54:02     DOpLUVwpCeI33csHQ2wzb3nJQe S0qmX8vHMRig
Sat Mar 08 22:50:39     xGrbKiKtdXlCVp.ogK.5
2007/08/03 14:53:57.206379    HVsafPKN2A9hK3bCXVwewP8Sq2M9JXI4Gujyi0Ia0MRktvCnlaVOfmw6KeKC
Sun Mar 23 19:06:18    6p H90ftFPpSwO7Cq6f5lo0Fz7NgyHBB.5wN48uO1rjcsV00MagSbUNbXI1kjC
Sun Jul 28 08:31:02     wYkPZD 0J7iOX3s1mm3aTuESWn8aA gqmQ.xQeAbUck7F30ugkUC2B
Mon Sep 07 16:24:20     T5kQ7aaL.Jdg6Pk.wRwMg5BqFd9755
1993/08/19 00:44:12.61432     cnbex767bIhjI7KdjgsVFL6bdKqrO9TPTh3nFsYgyy
Sun May 02 14:29:59    BVst8V9kpm2YurJfEOV
2017/08/10 18:00:16.123373 PuugzlunheAtUeprthJcAr1dpYQEjONbctT9jfhbpcZEFDWTY4O
2000/11/09 23:40:20 al.PW7fp5YA93qnia MOB9m8seeh0pWTPut6 sQqt V8YRHnR.UBtY5eP1yPgLE  iOwyOOy85h9xcjR7MtF3K3lsm
Mon May 18 03:00:13    GQZFGj7YuEtQSXHN7sH9w3M5IWBOQzI6Hk7On0
2021/12/10 18:00:21.296164    SXbKU2LfnV7XoEOg
1990/10/25 08:41:50     JzJR8nEdVtzIk7b66hPoNAf2CA2XDu
Sat May 05 17:35:16  W8TqjPnX.4l1.9DKAMB4WJZIWXJKahRTWD81D brbwqcDKK9JGqAPT
2000/02/07 04:41:18.411848  GeTODQAybmBnwehL1yLXXmNc8u4sK12HTOO3hD35UN78cP5gqJ54 KrTlOt.Z
Fri Oct 05 03:54:25    uBlUPm5aDoWzya0dv07fuFrkO tGCDRYtBqdvnn k5m9ZeEp
Tue Nov 02 15:49:48 w7i qPM0Pv1NhmrfWhMhsr5tuvr6ov6tEcw YAe3r66d
Thu Apr 11 14:26:36    7TfXnz4q1ilvee5EkTCSC2ji4isS2EhAsAHZsBxlLkifjnRPeIFMxmcWbwVWLryB3PHizMJUwz
1994/06/16 04:46:07    KUEJqrrxIv S FAOVrGwaQA1AX9bXK532gsOx3ARNzCkeDcuWaNDTM.M
Sat Jun 02 10:29:18   14IDJV09T7IW04XUIppEQO3sJi2ZJy5hxykPGpznyHi rWbN9j4XgbYSZEJ1
2010/05/01 07:43:14  H2OzXwKwNZ7bnSrf0Aw106IL
Thu Feb 16 09:10:56   FfG1.5AUbVSNISTSesZEQb69u36.Gt7Ad7.z5E4mIm.gXfldolaP0ui
Thu Jun 14 17:17:12  my2GNHCI64b00UHUJcenxhuMPF5BU1a
1993/03/14 18:51:40.452654     FVtppScFn5FbWOzJwZiKW785MwWmBVbBPsvkog.RvNNq8SUBgGhU8qlQkby1t
1994/10/03 17:28:29.801513   1KL2ae2oYDyvRmAS7RJv4qF0CyFflEZIM92yzERc kxJYk5PPntTYmZYnF28hVh.tFSpPQA95HFnq f SlZvY6cT2
Sun Nov 04 19:11:59  EQbUCCsRuv0fG221dNBZMdN9vQ4TJH8kbzxxKkdywZlyJlZ WFRrGGNrI.w1yEQ2NX45CsWNt5OXNDemhRcKkvJWq5Ok9
Fri Jun 20 14:31:00     6vkjOd5B2hKKYr8jk 
Wed Feb 16 14:36:44 GY2G.bbc.VxcULWrs8IUfhu1MuHx .bd6pfxPwcTmtyH4Gu50Yc3RtA1b vPqbZLyAYPWLuKi7FOlMfq
Thu Nov 09 14:54:54 BkSsNR1Fj8U5 vNc.e5hTwJRS5woO
2013/08/06 11:30:23.367055 yJOi8. 2N9XrKXMQm7Xe
Sat Oct 14 11:41:01  bwmFOE96hKTfv78deZxpJYWK3VY8XaGjtuZbWbkIkmalCbJCpksdOObwJ95UmmyAPIVHrp7eyb7YXDw6XBK lwJ2XDrOyFWm2
1995/05/14 17:32:44   Hu32MnLhJbOuUJVRo0ybzbN06w txP
Fri Feb 28 22:28:48  PkuAOcYny5jwf7w4fnr4oVoJL.jI0RiGquwpeRqQj1LWgpi1UuDomFy7sRvgp.ZWu21Szxp7
Fri Jun 07 12:31:20 HIJcAnzA4KXJIZxgU2LsQZjoA49KCo3S5MejcRkdo aRwLEUz39GB2w7oXt4eG
1996/08/25 14:54:37.958816     8uzwQih9tK7mWK2z uKSSLBPIjujb5S29YixNm5lnA4iraxvCNBQ4AVls97u7PhbM0.YX91A09jrl wHdJTw8W V.20MdcTH
1995/02/18 16:01:18 CX1iZF8NMime
Sun Mar 12 11:35:53     FWxoe8e2CQOKbCluS
2018/02/14 06:57:21  5x9MwrRYk.eulr07fReXJ5nFuoA38C6YZMacsJaaSia0xKt1UUUam.ET2 su6yU85X
Fri Nov 09 13:44:10      3m4pjL7wxA19MG8QOsuEskx
Sat Nov 13 03:27:08     VoqmXlqCqX
Sat Feb 13 13:17:22     W4XvrcEFVL5jG5A8s.k
2005/06/07 17:24:52  7zaaTWXCbIEvfgbaQZoNI3zNRwP7hyr7.PkFf7Vf7NKN4xgsuAsJxMSymRpDFV23R6Od89XWdO
Tue Apr 22 02:18:45 SAxCWsHyuNk2gF.tqNalmx18TvqYwFBqunkg TQIskkpc8P4RFI4e8
2002/04/21 11:23:26.772017  S9L6Njvs7NgH74UCfsvNffqgjlsD9.bbibRWuAYhYuP hgIiQ0
Sat Mar 06 09:28:39    qNemqEzFnGUfINKQywYMPNnWp W.xMD4BMR O3hU 
2002/07/26 02:26:12  nga72ctDcH
Sat Jun 08 02:21:45  6WQh.Zvti3mnHtXbEgWDvxJXrPIKECTld8NQra23sLbE34vVOU9x16TBI38Vk
2016/01/28 04:57:19 sXPE QbrtI YeH7eJlaSAol480NYKbo7jx45
1996/02/14 03:59:01     wtNV5DRWNfDMmUutSY3TnLatJ0EWnfyms9P93VHIW7o3BW8VVYzc6pDKyc90K.0oiT2irVTK buBAyoSUXQ29LW
2016/11/13 01:13:59    dhRncW7LLUVm0S7q1ZMecC63VUjczc8ttsuD90dzlFf2t
2015/01/14 03:27:56.987306    xraTjnnX5jrsL7Tpkh1Ax19O1pfnXpWb vrNczKyf7eOoBuG0gnioK4TcdHlCVRapr IjZdzd4x8IM7AZQrF
Thu Apr 13 15:04:59    8wF8a8.WslfP4x0kkcuB2b RFCqWpGoBMgFfh0nCj2YdhpXXlirePA9kivQRzTtSHxGmxGqp8VnrYm8jwYerg4NR0W
1994/09/18 22:09:21.802526 8OjOROxPfvdfYzT7ObEO voaU5k5O0LUfPqh827tsunXcDbqBxxV3r
Tue Apr 13 16:07:17 WkEA5m01e1u99wIxRyUus8Zjc yTJIgYX 4KwbtpvVJ.L mAwXZq4q0XInYijiqAHSy6OVKWf.EEPDxUnrvYpMvGpKA
2018/04/27 20:30:50    JZwVhaCQfPPiG9MxJqDh8V5BtR9 XmIUK27Ofva.KlLAJ5LQ efETXF7zsyKKrQ6EVCkl9sMg4Ynwb
1995/08/17 00:50:35     US9H mb8q5rGfOJ1r4F
Sat Aug 14 07:53:46 YoNUBUPQUx 2.a IoOToqS5rAZ6KgRt5.lz5xhvWwD76W.n  Rh4I9vpUn0Ds1GBTOgcDaYRiKU 28ADQ4oSOJMY
Fri Jun 25 08:45:24  PpYhAdb5KO8rfY0Wezcvw.pL23e9jAsbF9lykgqZ3jyLDJx6.U8h2nC9qspx4TZ1X u8IHGZPuU4zxlTNqbwrEfYxvFLi
2012/09/16 06:51:10 N6kQg CWfbOMbBHIimM3oPBcolv9adw47Atbj9 GlhxbbmRQ0xe3Gwaz. JMKnVGUmky1jFb0y4rmj4YDN6ufIChh.v4lh
Wed Feb 26 17:33:44  R9Ux4SAI.XWxHkrbdvhJ75stahHuI5dRBcAkCilofkNiYlT.KsQWh3WWIxOitsWU9w
2010/06/03 00:18:45.562540    42q0zF.tJXLTrIF5MMJImDOjXp9pFRsNE.a4ZrAOmpscwPwLLOAVrrmPAC4DkTNJcCl8mgNgHJSxsW6LPbVPKZL6QdS
Sat Apr 19 20:51:04    F wayDqyu9syROtvPDyrqKy5WX2T2jO6Lua DPnYnk55QG9fDOnOXlZIcNhkB51e82zHMvYO4so6htM
2004/12/04 10:26:18     ufQQWQl7esJkQ44NclNk9jPCeXUyTlm
Fri Mar 22 07:13:38 bql2Gxoy6B7g7go8
1998/12/12 21:30:43.408929    MrsYfza5Sidx4MzVp6lGt2LNa9u9pcsmYnmDrnHtSDOwULp
1999/04/01 17:24:30.54785  .WjgxBU2QA8vERgGWO270BCPOZOHUUQBKrxcMqsZL.w2zxq4l
2013/01/04 09:16:07.133904  v.IR.LYXMbEEheUrZ8.VnPqsdFoH88n9WrlDiBOfywFQlhTyF3Pl dSTV1EqqRQ3KSDFF5cmbRHhD6hPU5f84MaB.9o6Z1lB2LC
Tue Mar 12 01:13:01    rUpXiuCZ6Dgl2xpvIqCn6DyoI6Z4EhihIKLLCXLOG3n5wNKKyFJekeZZKpu9cAEhgtV4OH2hJfN1ldlKe
Thu Mar 04 07:33:00     pQ9ooyO4CGzi uiJdPhCZH4np09db0dIIcP9lPfsT6riqeAJVmEm5rMKzOOD
Thu Nov 24 05:23:51   XmKkh9c2jkQc6qiFkJVui0PHhj4N0mlilIram0hxXNCV3xEK0R2tnv3FiGUlYpb pIQQGjQRr77e
1996/05/16 15:27:03.561208     ZW41qnprtmHRg pqbn7vjgUGHv9ynwmG9rP5 2BZA
Wed Apr 23 17:32:31     7CfuBNnLn75fSxmx
Wed Nov 15 12:51:23     Aox8LbmVCv
Thu Dec 09 06:11:40 EkJHvlPS1dORBXj7EjWo357ebufuEXA5OJMKr9R8sxBg3cyISbO
Sun Mar 13 01:55:41  P5g5Vkex8EErQC6jPMduLBoN
2003/04/06 13:00:14.874236    .Vd3MiyfEKrzpHfDO8PBdK641hwy
2008/11/22 06:28:47.203505     NzwiBAc O0Dt0bEAFuaur2wN6LbCw7KIaW4OvH2sKJzINN1Ust77VjGpP98RVGp9EnhqwGy2ec2nOBwZwu
Wed Jan 04 20:09:44   6D7.ZFNXu87afbzTAF4KUReoCf6We8ga0KrebpnjFIPe8t.16gOcrCwHs8N3BUPrimcK
2001/02/03 01:51:44.596334   SvTVw6.oEYMDz6dYHbVkhNvYh vnJOVCVcFMe5f78EGD7hWhE6i6OYRttmQnbSg03mR
2009/07/15 18:30:28   kM2uUNNck12Q69Hu5CsIwHqs8HQh3QGNVtoYKXekG8epBl0YcFwqhDQXWxoyWi0H.YOSQMdcZGUqt9ROHlrsiHtIiK4Zb1M it3
Mon Jan 07 13:21:02 iaYRPkIGEE6nz7eJ8HkQh19
2021/07/03 15:46:33.199629     V1eDF2ksC8 JqDzzl p
Sat Feb 20 10:44:10  1o8wvm5wFsuFXmKrjqLYFZ4TMqS2ZhNOCrKm78Gkb8XrgE WmtTSFBC9lIPZnBn 6.E .LFegD1eR8wlNx
1997/05/04 23:05:23 ouTSVb5Wm.2GxQAYVs YMA8.YaI74lwBrzRAsNTy4lRk.W k
Sun Aug 04 09:27:38 OSWBQR.t8bohjTsndFD8iWStlchJpXP7W2wZpyZtDv9GCmxrmxIvWq6f6M
2008/12/20 19:50:47.67642    42Clf.jUKBReCjgENlk4G32bXYca2CvbW
1998/03/03 19:15:31.100826     0BDAA1v67InxgSz85qbf3ZOIIqisGqm1mcKsqeh4AOoX.29aWD1pdFE
Mon Jan 03 17:39:12    GSsulLhgFtJzlE
1993/04/18 01:41:30   fCab2Mn7mqG1KUH7Ik55JlE8dc1 ufylzVm02UZtc2NpuF5cKrJYtj0GO
Fri Nov 25 19:10:26     wrITEnWdB0mIv9IPaqhyX0lG2K4vgBpOQJ7 D3eRnjNKEd7hSNNgIu2JcxCL
Sat Jul 06 20:21:17   gFVv.i97iXovlvpnTx5DozKXvWfWUSit.
2012/07/15 17:40:46.107817    y9LcUS2L9W58.D.vGXlOGlT2iD.QPWojOmlLSF2DwnaRVkBqzb4v5d7.7fFwdL4f26X.SBbb1M8FM
Sat Mar 13 16:30:19 P7nzVNO26K26C0cpF 0OakAKjWeDrdPcCsoDd8PLfNpfmGoRcK.uhJRk6yAHEyqK6YWnCPNHy
2003/04/07 17:55:49     UZS9c3Uwi3UmRC1CjBUDjNlBy8SD3gBMmUQkNPP zvk5wHYXIqkiiLcqrQBCe9bPNrt
Mon Sep 25 20:13:43   SIbmBdpZKiYJgRpxZ mLEfkWp
2017/04/15 16:19:32.156602  n3Aq02k3Rp
Sat Oct 13 17:02:10   ZMTd kivsrFdwg
1991/06/10 00:23:45  NkE5EsCsqTUHOWC4GuSAYH2xM19akNeFD.VP9igvFa
Wed Apr 16 04:25:14  khrVWmCo46DUH1LttoZawPOfeDcEmDCjK x5INj3Uve5yYH6fumRc7m2aUm3ltbuC4QyOVTkKo
2019/03/08 10:24:56.686462     xM1tc uxX0vGF7OIdeyd7OHCbhZMl9jaDLZBsrKbovhl5Y3P3BDDROFX1hAKYkQCL
Thu Jun 21 06:06:21    JVVam8Ycm1ZHt
2006/02/03 21:31:20  ibDP29JR KkGuybAUcEqPM.mok 8AudvQYN9xpRYDYWktA31k82NFgFVCLXSgiagQL9ssdeYjpZsw
2003/01/01 23:59:53   c3hjJE4xcoFhJZeUA.DuIotIOZBsF5k7fz3bYE7wugsK3zAxLKvG
Thu Dec 28 12:35:33  qT8XNx7Zhn7M9G3ziFe0HDWcVSG9gVdL
Wed Aug 09 22:32:34  rI3pdvgnwdUlejJawtq8GgLiG1BAiSgZpuDdi7qOd2Nr2x5YPF9oP55WBcklsocSaLLJTD
Mon Apr 12 02:49:23     OFx Q3c4LhIVooS2l2nlG2z0sTkM
Mon Aug 24 12:44:33     BcTAstzJkvZKNrNrooJdcgBRfkzxUvPcZfC71NF 5UH PLssM9O8k1KG XMhxbCvBNFFRyjVAkq L1wNiH
Sat Sep 23 02:14:34    4uDYjdnzOE1olCAp8Ysf8vGaEl72EM..fVoX8DMeInctvbg1SO8
Sun Sep 09 10:40:15   Oog2eBrH2LFjLqpeTIPMSxT6YmAt7djHGKSep8dKytH
2011/11/04 14:40:11    W6QI1TTJDK5evw3407pk9Z76A79o Tu3t eVLqAH7Xu1KhtI2gMA.R vnSL7XUZP.7azFGU53VQ07keQGlcrUs0.KKZ9Mufq
Thu Nov 04 02:58:23  SWcZ1n efoHbUzkkpdZ
Sat Feb 08 01:26:23 UJlAiqFdefRKkz7meMzIkOOHlYEzcZjBZcfAMg6oxheU4VGe9iGaaa4OyaXwz4lZtZA8B.oPt7dvSAtN9VSLyCe.0j4U301
1992/06/03 01:26:10    sXgl0YkK910zAfaco1tkPFByMN2KT70JvVr7g2O p7uW.uUer5vUv4P17WcvmIgcrvF2HU
Wed Jul 28 23:46:57  R8QH0TH0BShLca7bs8LVpzyCYl3K1lT .l saqVviDOThQj3lV1asW6B7Vh0Z
1998/05/02 18:28:24    v7m4RdhiuwNJCvyNSyUvy3gDarelVbO
Wed Jul 06 20:01:51    WnLX4N7JVIQ2BsulVFwsqZnc4lLFfXxB5yi85gsHnOeRkBBZ. ON8a SWUp6.Zi2QA3Bd3
2020/05/25 00:20:22   3q1XaEfVarJY3q9nYNXeIws70nfl.1UKLbNg9lUVSevKjJUbh3P5a2kzM7qup D4mvWUmOb
Wed Feb 11 17:02:27     V7fkjw.9x1YUEsrLSlijo89Oht7tzgiQBlw5
2021/05/12 19:49:11.321777    qSRjBJGJy.ObGocV19hgajmLvRCle7Em2vL E9sm
2017/08/10 01:51:08 CPNHiPglVLFfQ.msMt7YS1iN2YWLTF5HVFhNX4VaeV0g82KJWi8vsun3D2d0NRKuCWpm6INdTeEYK
1992/04/18 13:01:11.470306 9cQvWIW8A Q5vqkD83UUXDxCwRbfnTDlahoSPcp0V819d 2ws i499RnztDlILOLYNlY1.llTKzqSJxAP8
2006/06/03 18:52:22     a6feJaqtLTlpvvnaT6DbL0xvc5MF0VmpJEETr
Sun Oct 01 14:44:00 Wo16fbwPCAVWo26WIX1LY0WD7kJNS9ImA 1dzr6cC4WEWLTLpqbjC2cPO1TGFdN.JOa.uHqR3QpnTwgfljO1VfM.lb
2019/09/06 14:58:43.736312 C GZKDgawC2GZx.xBm8QeiCRYQRWCmf6sBBJbM4vuu0glWbrQlmVytOxKFD.o7uw3sBLSvT3S
1992/06/03 11:12:52 kTTKcJjOrdAnEXZbCk.aSedtxeF0a7iuaxJk1zNCSjwHPOMCMWI36WphaBtGG0MT.0b5zcs8M4bhQBUS7xEa6
2018/04/11 23:01:24.694084  DslTusoyTW5rHaTPt qMN1LtcfNqp4fDDv8EACauc3AvfPChHrfSEtiXQqN3d 6OfvUKopMZ74nupn.ifb8Mbit
Sun Aug 12 18:47:12   sUkbsQmydTk2b EhOXn7MggDlk0xruSt56uZNjilh
2015/04/09 22:53:59.371577 R600haIztRwpMcFfaRJ
1992/07/04 03:18:21.333926  sWkZsOQu6yZusWSG8N5RFAVjOSuQZ dP5kqnOK2IYqBs1nWNSWsot8KXfdf1yiOdi1.m
Tue Oct 16 01:27:40  X1psKq3pITuZFI7ktnxczYoaojx5gsQs8u1Q
2018/10/11 13:03:57.855944    sb3tfLHGnVZjMpyVjpIBqws8a9PBTHR8PGMJPj48r 6H6yUgxlaY
Fri May 27 05:57:32    zL3lxcSYPMvFw87Zpwglyl
1994/08/04 02:59:27     kV37rGALLofDwtuDDKShV62wC2O2mP95E3dJlgs9RLpVp0Ev9zJUJj1Gg7kOVX
Wed Apr 15 17:50:21  Ym3MkjMtGv4V fN8kDs0pJVtthGwutWvKz4FxgTkK2qvb8chTP5xIqzX8Yqts53eK2u1
2020/09/24 19:21:16    ZI4pm 4EdzdTAU.5AlveoU6v Tk0Ttfxu7mh8QZYwdDU851VqqBzc1KGZDg9p868N
2004/10/14 00:14:06.249503  ZOuNu2. Er0i4sjqUCTb03BC14EQDxHqMec9XadtGQwvBR0iKaSrP8Q7NL1tSgd2flR6RTryE7bH206
Mon Oct 09 11:49:24 ox7ZCaxwvLBwE5Ts
Sat Jul 26 22:14:36    4JLUeO8NjoCY86sDX98AWjlaFAPpB ed4Ouq4IuZ4uIekxfgge0FDKvB2HcdP87H35N2W2PIanjjjbv7gXKs3lbYwg.Y
2020/04/18 09:48:11.806864 KhwTGgJGY.G.Y4TAkKB5fEMshxcjKopCpgVqbSyQt6ocXGeQjeBw.2
Mon Jun 21 12:39:28 49G8PEavi5tIFycNpw2WEh0rN0dYq1NawuGtv8awalVg.xpXVKE0aREkyh8Qs
Sun May 14 09:28:47   9D.5i4opntJl8OP3 9.1gxkH GYjiHuuJQycRi76PFYviVrVaOT
1995/12/03 04:20:28    OKRL5o4SmF6HOt
Sat May 15 20:33:15    3wEY0e1F 62CW O9gAMiyA0xaeGzauygp6gN X4c7.S73ZeK6KGI4gLwxSOfw0SZ1
1991/05/08 04:41:40.740575 ozzVr7V8Wu 0aFAmif1zaRiV.kyFI2VRmJC7cxM 3FGA1ilTViKLIEyu fn0EJCU5ReVWe
Mon Mar 27 17:52:30     .gj1ozJ6jMeduj.jEXzQ.Vkr3YbVrkt4fDbD3JB PyC99ywReZzb3f9CLRTjjWVMxXR45hiPoexS
2012/08/06 10:31:35.910661   iNJVMfmxWuKwvoJwQzqTVMIdGqVpas2LX2OvYciMdxihdmV4LFkxVRbEfVIcxEuUNUWnUsBSnsNZUiVEBBkb8aUF7flQ4bo1jHF
Thu Sep 23 11:37:18   HXxnvvwxloUNHZZeq03TLW6d.ZxOIFE0pMCaRw6vuZilule4xt4IlEueZUBLkW0JdAuB L2zLL hivU1KsBjbw
Mon May 06 01:55:25    8KUBVBk  599xv7IIR
Tue Dec 26 23:25:30  W1LFR6VyJpymqUt n3etTP.y1K rfzHK10FKBmfWt.m9i5tSriuxctFc47I6
Sun Jan 05 07:25:17   K99W37xM4kGxSrSownZBlrXyFctmb XLSwqihJUzCu3.c5lSZ7ZlUvG1wjCPPQvSCr8MI4ZhdAThNXeRH0P
Tue Apr 20 22:02:25     7bTnLjcMgmwxThZ.bUkG2rsaFq50V31G..liNunyGfifDBdeXuh2NricC61R6bfRR9tw lZVaT5yWEhE4Q2Ubeg233jmF1z7
2001/03/23 05:40:11.983032  be0y1 fg5Sow.hkOwSSg1KBybmO.kOUSz4vvyV7nVLWI1WHE8A9c4ssBv8gXH07SVljfMTYXxZR
2012/07/15 10:18:30.329579   z3K0633XPEeKHIBUwAS 16TQiH8yZ4hBvW Fq9zEVrAwmC2Gw2YuzpK3EuFKGHrXBijMGA5g
Fri May 05 23:20:44   OfJ7TP.YlnaLgZaQ8i7wrQLwV8PuDFnVtMFXNQXpZxYSQkWlCrjgyECNDWRQQSPC06inqp.nRo9byzMU
2012/03/18 21:58:26   psMzh8iMP2XMeFim
2011/10/05 04:26:46 UUtvm VYMi YNRcMEGp3KO5QT9NcHHOcI8w51y.lhDTveBVNdMzBqwpcsTVCrhnGfV83AvN8xlAffMOb4q
2009/06/21 04:18:24.204185    c2.twTm7 an0uL.NA3y3chYau6HNFWbwoi
2004/10/07 09:02:31    0LNcOVniT4smfm68UcA5KORtn0zcmDDJgtTgoyfrPVSqYkYVS.F8qphogEF0mPz1.Ch7SCr0Qcpof8sdZeMliP
1993/03/24 10:08:26.647672  7aCTMdeZkBf0eN
Sun Apr 09 04:54:48     eFOp9A1.Eyfz6W fn 57qNDMOp02Zp7Kpw7qNInJ2m1yFBjxohV0IZoZ06pxH EOe5FLWT
2020/03/14 23:21:37 QyAdfWaAUJ5oeCcfC8JSwXSA15D20cH7G3Z5oe qfX
Wed May 23 00:33:32     C5QxZQb a33.59TUQ8LhtCASv9wkySl3.7Q.9Ikoiy8k.qlY3ePbRp1ny3riPSMlICtMIaIFrBy4pcAnzKzvszOjWo7hq
1994/12/08 00:28:12.899377     j1uGlyCYzuHtf9qD9H7wZazB iE9IevIgNatFgM8L5WSde2RoKw5OpuJNKlMojc3UOsc8GGlK4GZouffJwqW3o
Tue Dec 21 08:10:28     JCjjs2kOkdcgHDLNZk5QhMYHtOJfvNyqwwrJwkmL8ForYTVsJHWDqBqgCdrYKzLl5CGtr6Toi1GELgRTt522MFBL
Fri Dec 06 19:43:12  92pN9lsWlogqQf1mcrAP7pOIV9K4StraF5zouY
1990/09/10 20:21:19.275904    gevNn pgpNvwdo8xXq2VsKozErDnH7DB9eIJuY.rU7IxQ2ZUt
Fri Feb 03 15:14:42 cOKzwT2qbMWGstAzien2C7FF6ZK5
2009/08/02 19:10:18.151522    fmlY42P6jDQK3C3PfQ0aoxyn.V0QQ69tJnbK1ldiCOlXhWQNFPMLU
Thu Jul 18 14:05:45  K9hQ6JQe1E DonrBMXwvfEZV859 AjFvZkISLkx4aadv1fEXyyd4VKE15V40XmMnxnDrzOp7a73WrvB5g4a6 .QpBnX
2013/03/15 08:26:03 Cf2ZFdpgqkcgGq
Thu Sep 20 19:41:24   7uKDhhMdwSbzAmIXANdnKOHXGacZ nT06LdQP.OFuNbBj7sAP6lU7SJJ9onYcphM6izlMpX3nZdm9m6m
2009/04/03 16:05:44.359015  DW2PFk07ZlBEDW6oMI973GuwA4k4Eng5EEssgBYdpaDfkmftwuBIuX3iUbTw
Tue May 19 05:45:25     pg7aYxehbBsvd9 HU24JAWMEDx
2010/05/14 10:14:14.117372     pGinhw0gBvVXdORMQcliyzxCCvyu
Wed May 18 19:57:48     2.X2tRQEUa2qa.aDOGMg3s9nfE48kRd7 tczedoSpjoE0G
Sun Jun 11 19:43:25    W6pJ5v98TYm8hJIREkFD6yoAgTI45gtftPLHTwhg7sAHDSWnqIxSDG
Fri Dec 27 00:46:12 U4iATKv.r.qxxPWbciMLPFma
2022/02/26 22:05:49.538991  YMdb8.kDfGGTbxU.JJes14CkxEMRiS73ZZIZQ3ks6OEdQ.8UHRQimTC8kgEe0dyuP4vQb2Hx2LPSAVy
1990/01/24 15:11:38  2ENFdpxfZDYWLu5IX3BE22QEFG3TsXJBX1pD.SBLRA8y75QGIJ9vh8eM5NTfHl9H6Az5phBS9ehnbnjFVR2Zek7ZBInz4utKL
Wed Aug 24 06:32:42 JoA5NTYK0c1VPs.ICVsAFBAt539D8XEHmR
2014/08/16 14:30:37.604895   A25UGyC9BW5T8xKpF25bB6cv
2009/10/06 15:34:58 2ms5MI Pljkt6XPLdWjjtlYdAxWvj1lHuNiXbANmR1iFcuT FsLb.C2jd nDYFTOS2NdjBOUFmseYHbn4p1Er
Thu Mar 24 13:04:54    1uWYAWbLcBxv0IsXxmxh48oFZR pgJFZAdfJOBODFQnPX2VEoAZI1QN455WsgYLLIMn3DPJb5DyQ.B.hNlCVh
Mon Jun 03 22:44:27    5RhM5kYz2Lmiw6NTm0CmT603T8PGVR35wAAoxm
1999/11/20 05:42:24    vP6dJ TYZKV yc1VW
2016/01/12 20:21:09     DyReq4S5JRBV79he
1993/11/27 05:11:54   iFhguR8Tvg34h3zprBsNqk5tLHR0PWv6GZ0pApDLF.pX5.NEH9Vety8E4f1XvuEwxofF B0oPkkXT IbAcU2dPP2i4
2011/04/26 10:57:50    APAE7VfGnQANHvlSlvGY85lqRDAZnEk.JDW1XDhAtzCaYdFXcVggYbTSB697B.pCX4Vh6n.acIe3vX9
2011/04/19 04:41:15      5PG5CHKyZoMFFUvQMR7lLMJCM1HKunZWjP
Tue Feb 07 08:24:02  oDRjkgcvBlcSHrmP32FYnjIdxUYYcd3ahACBxAAg8R87.Jd6vahX31pYHKRJRF74c6NNzFgPGGxiSp
Fri Mar 02 00:10:35     YNQ1JyyETzevwnV9gIZKgpXFudWvis0hFtknic7zqFGOzjlob0IektEcI3oqOyEMPPyuvO9E
2017/09/15 03:44:03.131061  cD49pNeEkjGNfEOdeLvnr4atCUJ abaC99 qenemuJWJe
Fri Aug 02 15:57:48     76.fz5TudzV5foVU 
2005/03/24 20:52:35.845762     gioP 1i3QMgYkbVmHjUhbMqV7RFfa7tKfJju
Thu Jan 03 18:39:40     0DZwlMWaPaCdag1iHI8ojrvoaiUMNj4AqOyeRGlo.rvr9tNvrudmXx9oIok.evlqo1jIqU8nLJlQVu
Sun Apr 06 11:13:32   kWSrYeYvwvV13dMw7IT33 0MqoPanah5f3C
Sat Sep 25 00:04:04     YBNsIeDgh6h9lkk435WgzSN.EuYFvQ4skr9Pw x6C0EnWudtKqTB.LYwN
Sat Oct 27 02:13:22   ip Q2bUnyMhI2. bF18fnQ
2020/04/10 22:18:44.353392  STxORm2tVIwtiUbTMdxCDYb7faqqTGY1Sba4jL5.ahibSLvCOhmYvuOJgb448VxZ0DuNTM25o4D1FYzgZc92xP9FWX4
2019/05/22 14:23:31   cYkJq9Gg1C66J00hDW3ZIus6dCx6Xf53FxlJhf3VylwK41
Thu Nov 17 16:56:00     .l1vr1YOfl3bdptJXPU
Wed Mar 21 17:57:59     2M2FMtjA3d8iTZtBEJ2N3YYW4fr3hQp.xB.KfwwWnYIeXFXstH5925Mi.E6.Hx1qPB3QXTf5O5KX3HAkfu Ro5.
2007/10/14 23:03:22     ZIYgrnQxc9rPpfs3xBD1xbZJ
Sun Sep 22 11:25:13    1tMgsmzTJy3ezw97RLeCmQt3hG7J oG1UtHj1IrTFPFIhvOeGFr52xaECiV3K8u.GGaZ0p
2000/01/09 20:40:16.732506     mRi6zE02xXsbhnF8lV6A9jEGt7rFP3S6cZk8VX1rRXHjTXim3OIM21Xwh7IBvuX4af34fdi4Z
2013/11/23 18:54:25.362900  2mshmUCrhHm43Pojr2 ga2HihthX.KxjqQR3RFCvnBdmB1BpbTTi7iSb1fJlc3AuUD
2020/04/02 13:20:59.288963   gXAlJJCH VGdbcgps8Qyw7cQumfFGqzgAE5J7GDz zYYptFtdiHeLXpyM2.BjzzVk
Sat Oct 13 21:58:51 tNqArQZFthPGUWWPvfRM69rRpvCh4jpMbGNJl5Q03ksu 4Z3cUj4
2004/02/10 05:49:25.941743    obXk9Wkb3YdAG8P
Wed Apr 24 02:30:35  EGi WTa qNEm 32KP4PLxU1YmVhovij.yBd9rO0ZetmZQL7x2c5Oc1ZLRJox F. C5ylUZJ
Fri Sep 11 11:04:16    Uzxs8OL62vB9dzq.RJfM5qeZqRApz2Xxs4jSvDYu2foD.5qfZUfESfjVVp3GcZHVMF0AxD0RSvEzYbl4aEnnqKKT3J8by2gGdR9Z
Mon Apr 10 02:32:19    pHsSIk2MT1
2007/08/26 14:16:25    CdwlsZXOPAqHKFeL0k5eUAENzePB7Bss2ub43tHSkZF9aLmLxIQdMd4FEvygYs3w hWEtdVWzF
Fri Jul 05 04:37:17   qRWFmvzC4L9gEGACTOqT6p1N9f.jUxoBTDJ
2012/06/15 08:17:34    sLbjV3z3z.1iCO55GLjU.r4wY.CZPQLTCEVls.s2f03jKuzOjNYeytWzTEeKJg5SvOJuYB.nchuk1Gbqxzv8kDf1wbuNSJ3Lu
2005/03/02 21:09:06.893650    l4OIO8hM2w QwdkcLqU0PFvvGZGfvbXKK9tv56TCH.ujszlOMrJiEkQP4GJFf3I
Thu May 20 12:34:59   BMR 2jRrMIfQVmYsvO5nJNmh.rVDevqi5c4MU 61Ec2.CmsedRB.RZ7HjuO3ZCbXbJVs5ge01ctkjGGsRFxqFTfvw
Wed Jun 26 06:27:47    6bn3fjSdIM8Llep8ICiIbvN9BHx2ie6UCXWOkf8gtgT4Lu5R57gMN7R9WyxFf2u1ripuQV9hLoAPyT7nQyIjfTx3VEm
1994/08/27 22:04:26  BtUQDFlgRgufYyOGImFfY DWhSm5kNSDLtw
2019/09/06 00:33:19 YTWq30Y10pFdnYn7SsOUHUaauFZUGVaxdVdpbMoCdRlhcSqtUrFmsTUDd8yfMHhGj1TRcr.wAqASb2ArolsKQK4lvpwUH
Sat Jan 18 15:42:29  euWzCYKE2ubmHk UfwrpZfbVdfwzYCJGNXC
Thu Feb 08 01:44:33  dXcCL.Nw5aj460tqpq1dofNibnqBSso8AFOQdfLsO6.PrPxsFUHyKwDRXFbcJb
Wed Aug 28 04:32:28  W04ObHdSrm2SXUfk r8A2SS2vmKuw9QQuoCJl2lmx3KkLjFF1
Tue Oct 08 20:50:16  FJPqQe.MYGEUIv3OvuYlXAMXmK .LKxh0zRT4pIAKmdUBMVUYzKqE3MVQugsiEFID 6yGMEeWf.EScOK2EHEp57cc2
Thu Jun 10 09:29:04    5xDntfDADu6EQth7l2HxiszTD6tRTZc7wpAq3qe
1996/02/23 11:18:19.786359  CIIdJOp7jKhVF.90RKT.QcTuetktlHb..if
Tue Sep 21 21:01:59  HNFHfgyfBThejjiFu2llyMMzhZan6QaXh08sjo0kYoou8dvwERPWjJHvjn8DS3e.zRiW7.HpJJV2j30M9tsRJEVav..kN4lj
Mon Aug 03 08:08:31    yWqqxLv8gkef76RPGTzjzqFOBIJIM51j5gLqkg1LVVJS.AOsQEpLh20RVZvQrq.eKh0
Mon Nov 18 00:09:04  mhI 3mLLLJ.5Zi
Thu Apr 11 14:45:01    NtBW1XLcZKv2.3jJpOfApW0tqy8yD
Sun Sep 25 23:04:09    sb13FiEFgtk2OqQBIs4.3qoO aThYfBNKWpczGXhviohQ
1998/10/20 21:57:03.504859    F9u 2krcl9XtWf.9GlLmbHphRpORetzdwVQko8fdiQTe8JAOsSoIbtgouW01e.HT753u TYmkkkcH4v1ac
Fri Apr 19 18:50:14  8bsOYviCrGK9aslAJXTJNRDLkhdmboEfkAfhC3IC7YiytM
1993/03/07 21:41:04  VRd2qHt om1.jO51xgoFTi18ulP17X3pV
Sun Jul 18 18:24:37     HYHCI96rAOIQWrdRJPvV91AJZrY
2007/08/06 07:44:48    gdLbcuI1C5 QqqBl1M0BabtJRwV5NM0KmpuKbISQhmQag99D8zvAv5uhvQt4WCK1yKa07r1bKPJT88y0lRsC1fHKAMA4
Mon Feb 20 06:03:29     u926oR8Zn4kHxgjKRpOwvChixSta04EELbmvPhn3kuokkXod4g1oqjyTRaUz
2008/10/10 03:43:59     g9l.yfoEibba1xQ98bKFrNG0er7gCIbHJqTThnFAp8yLnOGAz25 
2014/04/28 11:49:50   lCBtu4AjXl4q8HGNU doTkkl7ultVX7
Mon Jul 21 15:49:10   QsZs0JcsTFp0tmY3mYln6
1994/02/27 12:05:59     4Riv oH9AVxSqFQMyVzuamUDjVXB8M5wwTn7JUyrswgv4v3t6DMNTjY EbNQ8 PAMDjac2ov
Fri Jan 26 07:30:22    UjFnujf2iFSHky0ngJiPuqAofV
Fri May 13 11:40:53 m 59lDg9tQSi70mZ0uCvOPYMxvwmPtmZVFnA3l4xZRp3oHtlivGxhnDmQd
Wed Jun 01 07:04:06 5kYOjOZIld2PSJ1jqO6Fb
1995/08/05 05:16:07.423017     A1ArXOtQ3Y3bqSF3
2015/04/12 23:13:00.890804   0u1WBQdamPdrnRzNlxo4m
2013/02/03 02:49:45     4KIQHB1xKcF9O.AQkxfPwjr2sYxkygnXdOsMfyOnMgnGjvFj3MdrNIU90rjDefHUb
1993/05/17 12:00:46.212130  AFFcoBd2Pflrr4iMc
Sat Sep 14 13:23:21   3DH.xvIBTfE0frgZQv3rLfXj
Fri Feb 01 18:57:21     0pQtE2gdTZmoBT.I30QhNlLOeDwjvCS0LWBoYr2BdDo tUZ8f. rjYl 8lLuaeKkQDgCnzPlTXrk8fqH35bLVjcTQ86GO0
2013/09/06 06:23:32 HBYaE8disFVIQJXkm4kO7ucHyIw.9xRtQAAGAB.yWTr8pkbwIw9gRCa 7dgCA0MeeblYiK
Mon Feb 14 20:40:07    i6eonjup3v7jc6rsOptO4wa7w0OpbnZcBraRerWpacv
Mon Nov 23 07:10:35    18brMUxDil5yvBV2XuKnP2Wrjaj8jNaEqhXeM2SiVrsOb.PewUDEaVXOM.2Pag6PfFOq
1992/08/09 00:51:05.198471 k.6R54WIVE285D9k 3KY2WL23DpnjC Q7vE3.6xXDf1sxPxX9m8OWm
2019/02/25 04:39:34 R55XEN.umZoh847QK22CQfIkSb GsacFFDK.w5NT9fgZBkkMI7bb
2008/03/27 05:30:09    z4oG8yvHnOiAuCx6pJdO1PO0zCHhtMW9gxN0pm3sRzPKbDUJD7SJ
Thu Oct 26 03:16:58    gV0eI0l1pNXzeDAtIi1D1fLo5hjd0HRLwWZOvguatJGqVcXezwtTZdrVREuWiPXsOfvwBZ7A.
1994/05/03 02:41:23.731222  DOIcvrTW04rp4Tkid7W
1991/04/07 06:59:37   7JqLcK2qxsY
1999/06/05 19:27:46.62574  sRZciUWR3Ywh49b43ILYxjQPGaUhcdTZrJtyQ1ehdz0nJy8g4l1RxmfHlnhCrar6ROWmbjpczYF2XVBD
2022/08/26 07:48:33   LIDiKZc8is0S7OqT0ZriG.LZrtM.rslOI7bYLiBO6Xux.P
1993/02/12 10:57:35.260058   vFOXbCaCeRDKpuQ0ly9PgpxG6
1999/10/21 02:44:43   Sa26dtOnkL3ukcJBkYKn
2012/07/25 00:39:57.577834  unAtBs 0sqw xeOAeDhttLIcKBaQkArpyDnA7ueH1T4x9XyMNtOoGx6lHVBlHUNf4C0WAcK4uCXP YngFHoEQbcG3j
2008/02/16 07:42:47     RXbkdbtrW3rg.
Sat Sep 14 05:11:25     4LOpXwtEQzqE tjXz0gIF3Euuj13I3WDKTPFeuW8Gbkj8WkTSASof
2018/05/11 03:29:49     FfnQTf0zEjS4SEA6TvDMumiTtf uTJB3E5ppPMJQ nRUkKznV
1999/06/02 20:50:03     G8jlqIP4REZpoMwzrlxla2uiK7HTtaCBEhnhpoJw9MtgRSsXFYoPcQh3RKffw
Sun Jun 01 00:23:02  l9ajgA.6oiDJgjas m9GexjjucR3cJeOZ
1990/07/12 16:45:07 fTufsxey9bmo7BGhf.NCGWgqVx 9TGGTjFA6T.snVE1Dr16qBd4kRwPJMHtRZeaFT25YOa0JGyLNhx0KNzK.9yzk5Il
1999/01/22 23:00:30     ppCDX0oVFZ6LiBt2fBQnZUYSqjuyFliasyaaCMSO.mw6863vbAWHuy8hvootyyQvt9
1997/10/07 01:06:19  fTewkmQ7SPi9jk9nGuDZLfWOzVAZ9dEU7PWfsyU5j7LHy6qHLDpWzpvQHAl9l1d6T
2018/06/16 01:35:13     V2etJB9iGspNGK iTFUWwRsRRMFHrXmmCkqjKQ2lnibqnNvy1igYvrc
2005/09/26 17:34:00.51281     sfDwNlhbug8.hOn5t
Thu Feb 09 21:50:53     XO1BSh.F1jMwT77LtPVRQivwnL5Q0Hx7rawXzMGnGjHisS2.I8WPMbDHMvoskzLMs1LuQv6AL.ukXji2nv4nEkfSxTAUAg7ls1nh
Fri Apr 16 04:02:18 CHTx1yYWUIZuC0f4sK3vL2zgZfPaPTN9tV5IRAyP ySWUYQLGxG.icSf1oEjLaksx7iiqgXRS1aFeS.ovcRQutXFGnt
Sun Feb 19 00:14:15     B76uTGeta5MQjGscg6j
2006/05/06 00:49:59  IX8IsMTkpxJrN5DYE6r79UfdpGk29Ur
Wed Sep 10 04:41:15    lhjfEDQ0ECdQ0YHebAqnbKVDDVfyV35RGhtiFJY B5T28SACvhWGgkuueB0feJvqyRVRyThGNWljBMMZ9AMd7UuyT1GH4WpZJXx
Tue Jun 05 16:56:52    ulXiW v q72JR8vPU06MG3E38mVoejMjoygoUayz
Tue Feb 10 06:59:20  tRajL2f5dJy9vQSDAM9AZ
2016/05/07 16:15:27.862778 pld4ZrkOmNnQatHT8F9Dy6QsmIV.deN6FENO5Mq1xLjli9XuZdI0D7r QDTWNkZDb5xaf9mhMg9SDCWDv
Sat Jun 25 23:11:13 0w6Cmf0tIsxe.XCrSZ3r
2008/03/04 10:17:59.315626     j.e40N8Xyd5em8JFziRl8f5DmOLrBhb5Ac.
2017/08/17 06:13:55.489407   5wLhgwuWUZLNK1sdsMNbV9RRUz0JBQA
Fri Jan 16 06:21:58 Rn v9V1CAynWheWs6Mj8mw
Thu May 11 07:42:54    5kcu60kqmuNERs R6PD1Yz2WWpQpx.wVlydryvo.McfWlJXwSiEwU4CDrUgoMXqePiNfXGOqGNo2xY9ZAp9wuVp D
Tue Nov 05 09:15:40  yY0SilGkSzBwA3wb6A45ci.H4Why3.xjTN1 jVes55RflI42VvUbIHZ3sq4IPQmoJV4nARZzajCRyI
2010/03/04 11:58:47.892303  WVwnevcbtWR
Wed Oct 20 16:55:48    y4hnTlSKdn woZ5c7aom6JgKWxhX
2020/07/05 00:25:58.862693     wyp50MyUUbuYsCJHNJmyqOIuT2BlzLycIFtreb1cqv3LKIAFXIDlJPCrgYSV
Fri Jun 04 07:18:35  Lt9EUqtBuqGCx9MFyrcMrSz7RQrjTN2E9PvXxBJlM04Hs2n12ZMZZYx
2022/06/09 00:37:06.398698   kH0j6SIe02Q66Bjdys7Kav4005jIrA0nMEoSQlc672iNyM 8BXbOGhwjlLG1EeT0LSbSeUGIKVPByhWrE
1996/08/28 13:55:32.388157   JYC4ViFcyBbQYJWlan.C7My6E9rkqiWatgmIYnNZXdUF5MqonRU4uJkP2lUbp25PdSH1rXHkwZ
2009/05/08 07:54:35   uQL3Dblk.VMo7HRGMNgQZB5gq.VqBkKUNDz6Q5FY.wDPbHLL
Fri May 09 12:43:57  7yoISU4F2aT.b6ivFDOc27jGxfRTqawXlEd
Thu Jan 19 10:44:43     tx0kXc7euvutmhws8Ri0OoITRUgDEn.vK4vvD9sks0WgOwyDNDG5dpPWoqJf3Q xv8y.DEZO2 G.7w76eq8gWB8072uPFIjX
Fri Apr 12 23:36:35  j17niSG.UF6Ben973tcA0tDYbolD78yL7j6Ce ON2fAOHq0dSAp9B9tlcdVg OzsLinAulf MhoQoa2TIa9Lw
2015/01/17 23:31:17.722190     8SbXlSfFfOBEzwaeo7pRchov2qIKJZB4ZvdKukt
2006/09/27 23:12:47.745600    h3mEaVmBqzIzLfX8gsFaX6rNGIIc5StU0DwvcSx1fxEvGW..b4UWl2b GGOOR.eX ESV0LD0MD4oSyFiAPDmaDuLxNOdOSbuVVV
Sun Jul 27 09:09:25     WH2BRqRAEosXefYysb5FG2.qLiR3jEDfy.2Gl442Fpm
Mon Dec 03 00:53:12  7gWKY4u7qawtAYv6nwkmG25fNv sYkk NnIkl7gBP MrRyBypu9
Wed May 01 22:24:10     CYUWPOyRo3mr6BQkJiRy7rQXpFddphIxWCBeCOb7sex9IiSrpKeMnCYqmf4SoB.hsPURvpSR3YFXavqX8zPXmuPu5Bp
2019/09/28 19:17:54.408767  P3qKYjMqe7tsk
2003/05/27 18:21:06.54393    Uq4xBDFjFHSCdLu9KFUo
Wed Mar 03 07:15:59   s2wbGFK9192P.0C8p10QrMAB1g90TI7Py6IVgYTzPbXxDTuSGRsEgTfE
Wed Jun 02 21:21:24 R6X06y0WvqQh5.R8aLlbQE96wodDdkLG TH6GXb12tgh9zAYQ V4acwMmMatMvLHOY
Fri Jul 28 00:50:17    xq8FWrrBSGL8Sw16qNEHo4ijRLwTYJT5GrlscvyIsEa6M1PEiDk1GVYTzzU
Tue Feb 17 09:20:27   HhFXdDxHaQrb5YA4gUQBSry
Mon Jul 11 18:42:48     HMZMZcwPLxpOWD2zbeyofMTaFP8NwyZxnaPyLR.PnPuoVm6qWZfBqXoi
Thu Feb 21 06:06:13     R.YIiQBEXNIzLvFj4vgvIFiqwVYEsMr0oHUJPvYIYO4BlLv9spdGbSj
1991/03/14 13:14:08 JTgwE.H46TS8 F nTfPmLrmadeswMq7GwWYTSjD4Ubp54DEp1ufpnh26p
1993/02/15 12:27:10    Oi8Kw i8QCPw7DdDdSYUkwCaDpt
2000/10/04 23:25:10   52MUpWT djrIKz27rcqq0MiMbZgoFGTHWIsnOixbig74Zg
2002/09/07 06:09:18    jqzVLBArQ.dhoa3qSpwOFVFjTjg9SLCFoU5uC2uk8lzYLk.B398Cp3NGFQzrd7ZaNMzDDsgri
Sat Dec 14 05:52:17     9JKilpyUguaQ3bN172mMZPtcFGjbfD0aGEmnolUEnQ.oX4NAYa4z
2013/03/20 08:06:58 5EMHjTC7ohYPajeCjE4aMILPN.T7Yp7R5MU9P1bS0cmdg58vOel2mjdHivdBadn1vqZqTWcbH0YZfTnk0kXW kimoizs.KEW3b
1994/09/15 13:54:19.960029   .2PmwSHySYPJRpHuAB0RlLz9w1qYzx5akGheyPg9izN1lf9
2017/04/27 08:56:23.773913   vd77JlAAtF.knWx2egjVH3QWnkXIRLbkS3Dm5K84kXRNzzxLO 3KtDAEjZYWYTEO6dLPErhsrPCkF
1993/05/27 10:56:35.330268 iqjqHK7lIDX0nl.khsTMIDXCwr8flOMTmcklOKEOhWEkQxptOuWuRH6DI1OhJMmo7.CgXRlsfYraIJfHXc3mHfzvHb aqz
2015/12/15 04:55:53  b5dkgCdaF20xCim2.lknNwDQuODQwNdaiP4.h1tdylzLACFTEWEznl WnG9HL05JolNsgEBeJcgIRlRnOYYz58hexS42F3tO1
Fri Jun 01 12:47:50  GiulauxOK0PeorUeqmEhS0wTktl4my.
2022/11/18 12:00:32    sA7bOg6Hp33WQ8QRFXrkFxTHdXKnpUgjdnWMhJ.TddzVu9FdwuO2MRVMZsGERNxyhUL0IEICoxlvQvPbc 5W0CnZEUVknkToYP40
Sun Nov 03 04:17:14     acwoXEHOVxLq
Sat Jul 13 11:47:28 g4Cej.tV0vdGIZnFTrigRo7diVmQ5WMV6KXi61Rs3flON
Sun Nov 15 17:44:43   fpbcs9N4fR9AqwevwZ
2014/04/09 07:04:56.609792  Vj.ircBW.Y6bbtRqNtDr82ZAosdK2AvSeGyIQLZi2sOxivUOjYBhUOun96DAoP01eGuzCTpUH.b
2001/07/27 00:42:36 vEEyPejsNAJjLh5aIj9k2u.OBPutPKZbO.P1us7.jXmjruA20YE7yZZHJSBU5o4OuqJ842y
Sun Aug 08 20:38:32    .SCd5cZtY QjrimGblkrLXR06oQEsA.D5q
2015/03/03 03:26:19    FreBvIQc.rpXC89qCwmx v iryVo2uQcnoYUuOCcpCTAjoGiq
2001/09/10 20:53:56.273291   8wKyvFPxY.oIcyAeBUW.y8G1OWlF7He63mhR0RIHRmuxQjd. QITe.drpR 7KQbu8eACJbXPT
Tue Dec 12 03:29:23   lP0pWJdjiBU6nUWFO45feLLUaX.caL7NSobEmj87e65WjWggQDnl2DwtBTAoBqT3Oc9y88QSr9XZ3F7IBU2D5WimzQ..i9MvF
1998/01/05 03:14:14.267554  t8w.pb.5cbdmqTiwQzhom
Thu Aug 01 12:59:16 AW9Ohxk9 3XWUJFyvQ69KPxXy7j9O2vc8wk0yFMCKEnJQRYkeba06 wCA pNruk
2019/02/09 19:58:26   8TrGqRmm9EPNwerNC234LhZ0nIZLxYHgHUhQyAhTThKRSHi.w87C2CSMJWozLoM1XHQ1
2006/02/12 13:49:05    omHM64i7YN9BfAzCT6oYuCmz8tOL1AG0n GlIc05xklR 3Pu.YMjrhBGRsmAhCNbGQjm2BbYs0hNoU6GbiXQD1ko1ssEmpYYn
Fri Feb 26 04:24:14     wpYU9nn3QzkGVDw
2009/06/11 10:30:50  bk3YhbWGmCp
Fri Oct 05 02:15:23    3IaOiGns05XnyfT.BD79rTkspekuMb6wFFPe3jAZByX8t
Sun Jul 27 09:42:43 ii.fkQeGneCKgWRvO9a1D5Et8Zjqf9eNKueeVRXSJLjyI92VwXCiD.Gh2LQeQ6X6nfkTBP
Thu Feb 17 13:00:31     3oLI8OH3GtCObqFFmYWXL4vT
2012/08/01 00:07:46 yIMWPMV58EnKobFicOC6i5x 6LyBzdmv0HJ
2020/12/15 00:09:48      RMqwEjBnHGMvMZVoKIa3cK7CtcDL0c.QiB1 GBayFDW8zuyiXrWFH2qTH9iTUZb0m8s7oL
Fri Aug 17 06:38:39     Q9vSZtVx6qGm .Q5b17WUHqAK5p0x02ta.f.b5xdNfv53JidAPSEAiPI
2010/12/24 07:59:29.774719  D.mDSfL1rA.t3bg.MUWYo1Xa2.VuFXzBpgfHY2Y2QNYfuoBwaRJwuQ9jw0 WnvvOFmDUx8SU
Tue Mar 06 00:24:42 2M mIXbciTM4bIm8 IjnPIRGP9dEmLoFh9gSqA4hKxni5KBNJ 1IHEk3KdbhZaRxpOZtD7XrQcKOd73UlQml9JTy0Zv6CfUQioTf
Wed Jan 09 01:31:15  WfOCbvKUaJZeP6MHwx7orbNWseWvUpSdCMelZ00GtljqPeiSWYlplxQRuuxkSfKIrQGD6I
2007/10/16 06:48:17   2xwL kfGHyKsrVuY
1992/04/03 05:21:41.886157  xrTLivrhgvpMVuw.vY
Tue Jun 08 11:55:23   RXGCIVQgTpU.n9UjZki30zb.vlb0pmgPI uvotLjU9taHDo7y8f1Tn767kT2seJI78r
Mon Apr 04 09:25:29     lBhImhYM2wwXrrRo1GCs9bMlq qLSK7
2021/12/18 12:32:00   3EkI6sEbuactOdwBbvJaX3JMo6Nv2LtDgEOe 3aKh2jvtMzxvsscKAqEx
2004/03/08 18:22:11  HiJQ48rjPLG9mzlviOWMRqDcQ3u2OX9EMBC
1995/12/20 02:34:38     f3HQhRckrQZIKS0YtiGPffbOe94hDf4fhEp5oYqX7xXPX2EiECOFrUvQwEN9ig44xAdYkZVnD1F
2017/05/22 16:08:14.909635    8L qPFYT0oYn2fp1WExBL7.U2gXjJV5gCLxOuoWppGxVo9it2cXzVWd5IOqGtpOqYZay.obxM3fkJLls6vv3x2r
2009/07/04 17:04:18.206974  805l88ix jKvMguGOaa6xcwSdUY
Fri Jan 12 06:22:39    gLDv8brSBn4JtRdqgwRWOHu4Oa2yVCcw3A.66SyOAJwKE0nb6OzQGWPfoGBJWIU
Thu Apr 12 09:38:35     UNw.uVPiVg3i7pG
2001/08/28 10:02:26.907793    1eWVmJSd0ORSsKqkovTrTo4zTXGjmYBJjnNHCPFCFEoeM5I mTKHsok7bzeGVXStbzzUrFGFMCOiLrIE tkpQbbwj
2002/10/14 08:16:20    xIDa0xGni3ztzv2TRyxjOQ o7GBmfqi4bJ9l58DN
Tue Jun 28 21:33:34  r7VQv8XDYU X
Mon Oct 15 23:31:45    wwaXnz 5XeFm5JNMMRyRUHFrataz1ipSP..gqgFV18ytWWoIaGQVP25z.nmJWFXta
Thu Jun 18 21:09:14 r8oI61G553S0TcV0I4X m4APf5zyauGOLXFsbai0jJ0
2014/01/04 22:00:40 YgKe3x8BrFCGCgvaNQq
Sat Sep 23 07:47:09    KvSnMSHRPyKk Py.n6MK34
2009/03/13 06:35:46.865894 aOzjMy g 7MaW9rVCnBubZBUJZVL0yFP1oS4ZBgP.aTnMb8FMcTOWlGzcJqH
Wed Feb 24 09:05:57     b1ei0MxjzqF0YB0HffCnkbmEFGU9n8Kd2uRoBahMhBeLvNzWxinUdeCCHrz Bbg0vTFd4KgUf6lRgJk0P
Sun Apr 21 08:38:32    tkmf5maSyZcqbfsNQvY18 HmQTdzf 4fMbCA8dDyLVKoNUN0PPpsmSgOLV1L0iH8bZ8yeu4RSMitc
Fri Nov 28 21:15:17    vPShPToqyIFt
2014/07/26 07:43:47 GryxeHUqXa8o3X3agcI1omvIf3rVDnITFqIGBmnOzyAi8iUjAKHA6huMCcsa3lFLYRzIdEHgoUiJMJGO
2006/12/07 05:17:08    WiOXJDicf..2LR8nFFDbtytsPkDb5inl3QO5xgzzfv.cRDj NjJdj2qV
1992/11/03 07:20:03 MKmlH o43ocF4gqaS0wdgLbzgcoBK8TL1nzuWVbJsTDkOo04dB B5QB6kmC4
Sun Feb 26 23:58:54   bikoO5VkQZ0Q6oFP3CBy.lo8iB2KDG8rUgABcA52DSg8
1995/11/27 14:09:41   44xD90e0qJRGf8qEyeXLGu3CAnOntCoTkdcdbH ATDhwUgYN93x kzFSzVx75VvJm7mVLpWeS2 
Fri Mar 01 19:59:58     OPQymSn0CDgb.5rwfBnDLxr7PCJiNsp
Sat Dec 13 21:30:05    PGojiDM4dt4P2ioWJv2N85eMqdFBFaoiU0IrmplvStZ KrCC.Z cbAWYSf
Wed Apr 16 18:47:19     9e4WXCMLnCtfNEbaJyhc2C5J7d0vm77fj8a7DGzP4VBH1niFAUfUnRK0Ccmu.9mFNI6Un
2005/10/05 13:34:13.52026     L.RPt.SDDnAuECZmRHOBl
Sat Jul 27 06:28:00   eMZdBiKqnMqECThr1.hLOS8S LkjxyA1HPsWY3TdnxcbxD1WZ8c2ueroef7Rdf7fJn8a0WPd6b7Pijxr0bKeeLWcDHM2BGBzR7
1993/10/03 03:11:46   xdR4kOrZ1DlBNQ58iJM Inzqhaai5MXjL2TC yekV62zxHG1AEvLahu5fFwgub17u5fYVSLOlcXSK9fH4MhOUtT.gB0TGQ9CZm1S
Thu Aug 23 19:10:15  WvzLwwZbGYy05tllid
Sat Jul 16 01:39:29     xhB8Vk rWNFFsJe1C7BBoh6djGzlaVE2pJhG
1991/08/13 22:54:59   DSGvEImH0ggWMo6CLE3ubJKHeRqjZSCGMvgvVPTg
1998/08/10 10:04:58.171359   dv3r8XCJTiU9Fd54m5gc1.dKUSyLT6L8gV5FEY e
Sun Nov 08 14:52:50   TSHt5QvSVsgbwmwdd QfVwXTqOZ2le.1FFWtZFERHAVVFmMiyOz2rQKpr8SfpnbgEZV4qDBoi5mGUU0t
Sat Aug 15 20:40:06     1CFURX6RspUQxE7qu0ddTnpLk5fw7rdbLlLW6IYMWP7MbktU.Fc.WIUAM3sAmLkRhWcd
Sat Apr 07 16:10:34   fUZkElkA0 Kd0ooL6T7MKwPZbzFOJZjHwUp7V3sfQLkpRdUa5Lp2UJtKN75EpdEvm
Mon Apr 27 16:37:28  6leL5R0JAH9exUjdwS VVcSLNERlQlu4DCpCnxsV.xNB5kIYJbROPbh0f5W2IelJoHRFdnlNK0m7NBJF2jw 9kz1khyTfei
1992/08/12 21:29:23.582043   bBOUNAK.RGCD01WZIp
1994/03/23 07:06:05.493531     UE584ipt3c588jp8RXBgyrlUduAGNo74fu98Np4O4sVYi00AMboMGF9qmHE7Onyyd5DCZjeLqn46kRPROos
2021/01/06 23:37:16     ViQ98VvHcduSNp5Eif XFTlaWLcyG8rx0rv6byZGHJI
Fri Aug 27 10:22:21  HqsErPFlJl7xRZQTeb0l8AjVHfSoR1
1991/10/18 16:27:52.95886 M8lBPCV3aw5T48xbDQoSTb9IloVlTSVRuF9u.U.tL
Thu Dec 03 23:40:11 SdNINtjBgOLzNeBkey.XuWiF MpZXHWDi8tfM4LvO0BVIFjt1uU
1999/12/15 12:04:34.392497  h8vHrqSVRQuuRmPku8w9YU0CZtwU
1996/04/09 08:39:11     5BAqKfOlyF5cAuOAlyb7ZCgKbaYAE0DonCQPsw7z.EksWsOR65tb L.F9cOB4qkRW
1995/02/12 19:32:32   1P5gDd7PvcQUU67LWL9
2008/09/19 16:06:06  PmLQ9LYVjzBpcVv9
1991/05/23 20:54:19     KPIEovBFR9dalDqKwqV8x8SdKaIgDg6UmllWDWLvhUt7HI3qD50O3YDwlYjmr0L5Vj00ac1yG
2007/10/13 07:17:37.8333    XJq5v0plW5nNHr1WawtzGjBgNDRS.1f2ADXFDMNhcICyQOcTy5HQIa41FWAywSIKTnC.Zs78pupeRwPCHnn XtRjyasq9Liz
2014/08/09 03:40:41.256358     B14pZ.oVWUMft9VV6LavwljUZNuqJZVgG kVdrX7kET7sjqsrvmVj0ghAZl06UJF1y6X0.2MxqgrTD1p.Oi5W
1999/07/23 19:23:01.374213    ZAZyc3XjM.KaLX.LXF3BS55mIwM9ABScGHuQi4D8y
Wed Nov 06 07:43:26   N6wshGsOOKo0Ew.3fWbeMLT N79HYCgvgvutnXSupD4A3DFH
1998/02/25 23:59:25   Mx8j3daS7 aj7zNnxUgWGYGeDyPQjunnEVoNUpqiKgw2EI.yRVKtEkyYY1Pr
2006/04/27 01:13:01.161086  x3uvNWhF3W4TbYoE1au9D.6X6ZcDoWZQbE4PpYCIacJAw89rS
Wed May 26 06:25:32  zUKSCaw3Lqu7CLkALgi5TW9HxQhSiN9ODDlfmWMQxFzxE. yHHKHpubuPv18Y7VMEYQIugNPgQlPBoj0lTL00q
Sat Nov 15 04:26:01  cg0lbGMGaSRt.brV xnPG8FCePfJMzWeOsUEgFI9UTuDCuOtnNTVj  FXCE.
Tue Feb 11 02:43:32  aNC7KAakrXrZBAbixK 5C6AloYGT0doFR5st1b3C lQ9YuEafdIX5CTl64N622jVo.BFCOH7IT3n7vAEN9XpDNT6HlMGGWq6X8UD
2002/11/08 07:59:09.226352     c10JSHamdkkDRxMdc09lqc5DTA8cpQIV0JqMcx osJJglOcrrFIveyuRFhp
2014/05/07 23:31:55 YMm9RoBaiZXxDeu7pl2HiMelIDKH
2009/05/14 06:05:55.606465 oLxb2 Pq5wbjlQMLNR
2001/02/06 19:06:56 KoN37jXoB.bIPd3TB6NjsMrn4kFys3PMUCuDNFoHUceZhYyziO1AmgCg44UEF3446LXCGxfz.IcuTL52
Fri Jan 16 21:04:24    vtpVT53NTqEICo3WERzlIHi.iUSvJ.rDm8s8 DqUvKS9J.YWIrj1QJqoB5R1J1T0TynvXvHL1GJdIGK5aE.buHv2yV0OOe
Thu Aug 27 11:08:17    TLky5QurqovW9G890nB9TBOQY UFByAPPvXzCVG3 Zk
Tue Apr 06 20:07:17 s6EUl1P6n6nwEFlZAr384ILs29A4knK6no8XzQs
Fri Dec 15 11:03:43 BdqxvmjuDblpftzKQvomJuQGSvYCVqOxnS7r1vuEeDFLkGp5GvVMNNiW
Sun Mar 05 09:06:08    2VZf6rJbcfbHGB9SyX
Fri Jan 01 21:49:41    BZX6KMCq5YFACE7eQBSktY
Wed May 10 09:56:42     6e7nEm83eqzJMpAI.XDTwp.r8Mv4tdTxFz6cDd6BRtF2ZzN8TfyH5dVv5jce1DfTyTWp5GBWvgAApllLgBfzkX
Sun Jul 26 02:49:27  mIBq1trdnAfzXtk6gDWm28go7wYHMfzRFTWlMSap5fRxjbKwnwg
Fri Mar 27 09:53:54   0sle. MczHt6IiMRtJrN1mqOzGvjWlBrcpoyq.8jc6ymH13wy8CvcK8fMu8M
1990/01/13 16:03:56 RaEKZY2YNiG.1.78uhgy9
Wed Sep 25 11:16:07  dyrUKP6tEXsArRr MxolgcZMotKyYLciRIodY
2020/11/21 20:22:55     98UrUZl.68po6tZ8fZcUNzrFOSvhlumhg NmFVZ.XxtciWLxQaBNK
Mon Jun 05 15:48:44    1le59FLvl.YJdQvbAtEzLcmWfwq6EUaVmIA6yWt6KwuPql0Vn.2qNFUnD
2012/07/14 18:08:54.460392     agoiYii8DLH7qAoDB1807uEHqB7ZVdpRK7OVAEP 7NT5gbQlMVHZcu0igRgxUD
2011/01/17 18:30:25    y9aAkj4yW9DT0zqpzVZUZqUt5vFE
Fri Dec 02 13:48:15    E2c5ez2MkaNFfOiM3qt5Ms.XeWgmO5s8PLRC0dviG bvFnugh2jRmQ1Liml7vwXR2kSJgkGQ6hRnYYBpv1C4
2006/06/13 02:48:54    XApqvlXd2kD6QN3luxA0L1AvB6QkBS3krJ9fdbNU.20PupgNayZs6llbTTZWoz U Y
Thu Oct 15 10:06:41    zUIeJqnqG0cwFVkQa4Ljq3T9y5CS9ln4w2Iy42jlAizPwxpXpYduOOEzLHr kDO3269HhAAjqG.
2012/04/15 00:29:07.373624   zhpnydIToi
2011/07/17 10:20:49  wvyxqhnbQRFy9qkLj7mzXVd
Sat Sep 04 22:48:20     cmzptGti0QNTHqIXj0QHMkeCRMK9EJVIH3sdMFMc0GcbfI2HLutqMDT.ueeD6VhkvUGn.HmRmp7mko9AyuxsTCo7Pv
1992/10/13 18:19:29  CopEgrcZQ0rXaktyVZNIkPL1u1o3FeWMS1NcmdLgLoTmF9zax
1995/08/27 13:56:28.238850 PgbWDw Ln6r8n3.6ojLj0GJ5X0onbpYl0YwCc9rAfCk0klPaH4fHnyrdKcw7ud6iG56 Cu5lQokb9Hq65H6Qfzmq3
Sat Nov 07 15:21:02   zcEp.6rof0 uOTLI7Jky
2006/03/22 08:50:31.217517 tDovAH23y3Oswsf.ttnaV69Re7Ddpld1fD87TxH9u9XsLcKuCJaKMUa4WCSZ6gx4JVi9HR58cWl1jZe
1992/02/03 01:22:40  4kyTHVeKOhpDGyCIdxu5mhUWaDYQATlDzwCdN26a qCl92bExTg4n2kWhU.lfjSK69 4E.dhspv Vg8Kw4
Mon Dec 06 11:42:12  vhV7SKro5fHasJF
2019/12/14 07:11:36.828517    jPrPBv6W54keYXuoNtabub1xbY8jfHnDmiRh.0KEZcWkMJyWFp.QWjlLo2uye8oIGLp4Fd 4 qrpJbyhf
2017/12/21 20:36:20  J9mEX0VS8dwy1tH1uPk7xvtl12Cbga31
Thu Mar 27 03:21:38 xxpFQZnzrHq
Fri Jan 18 19:23:29   LSeU1m7cX6aZj
Mon Oct 01 06:34:41   sqRMFNqT4qlWjbnNxRyZZLAFYOE3i
Wed Dec 21 06:39:01    g41dbk.Pn4tzjJNamZrJcA
1999/04/12 21:12:38     PDbPewKAi19GGWuDptSIF8dpJvf606I14rUBNGn7HQA
Sat Feb 06 18:43:19  BRTuPa0A82BsZSXvJVJe5VFvanoEm6mP3ja4cvU5Sz3dhVR4X6hqZ6SxBoyrb1OgmT35EADkOSk0yW7xAK6
2010/09/02 23:04:27.738475    TomhwLFvVDjnB4sb0o BeB37S3ZMG2T44XUqWUJ37spSAFdU0HLbg
Tue Mar 01 18:19:19   JxKBghBoJc74dTaz9GShNMVem2adPnU2EBLH7yQ.xI0KqcDfHBZ81N5LrQRPvo0
Fri Feb 10 18:14:45     5alPxSJz5sSn MuMdJ42fP6G3YbR..ZdejtB1WvQi
2001/12/26 08:52:58.431779  In2oCduQvFjGRbJlkf41MglXm
2002/09/27 11:16:35.120201 puFzLEJHDuj7lwCi43jyfackErXcylK
2015/12/13 21:44:04     i9mwbrbnZmIT2LGqwDbJUpHBMmzW578fio09AegbkEK4EN5itnCJ3cXX.wuhzCBs
Fri Jan 10 02:31:01  oDAmFpKVzUGy8
Thu Oct 09 06:09:26    c.Zf9XkWaIx2Ms.NuXs0FGPG50qGPP3katH2qnEyeg9XFPW3lkjgu8vvAmu1 AFgSHfcUh
Sun Feb 04 11:16:33 OAK378Le c4oURQ88k.RE0GJZS0tqOERjn6SzmyHc28wBdKb.DKN2 Ipc8BI2MMSoIYsC4jh73N0lcTRDOQ4XP
Thu Nov 18 04:12:31     URfUv2J1yR28qNQxYsyd8LNfHU4QYhCALTSSLd
Sun Jun 18 13:51:37     as1o8lIs0fWpDZMJh32C0EPFsyoeiP6GPrn2JaEk9XziDBL4GQtjzQLjF7xQMQgkjRWKjihyhb0iCqrl
1990/06/17 01:25:42.195235    XjRrGoEPYsZgUKHxDs6YcMZM .JSre5qXr8 YsxfvQ.C.u8v
2002/07/08 12:47:12  vA5ByH5ehcU4VUNRiGKsxWBA 1P0RV5jDZ7htfXA.xqF6qmMH9Fo8omosgB
2007/05/08 16:42:16   bilpe3Y aaAEmAhnefAOITwcEtAjZ3DrG ELzq0oIxgyxOHRv.Lk5khHUYcqBmTo9yoEMrLx0xTNU3.VLZaXok
Sat Aug 16 06:05:42  gidLh01EqP5fz414Ux.tzr5gESVeZyMO0g2nHnolub.s
Sat Oct 14 08:54:39    Vf4.T0O4wCQtYI t8f
Thu Mar 20 23:42:12    hL0PKLtP2WqQjCkvzWZvo9bxZG.yUF
2007/06/03 20:21:57.178797   gZL7O0Ychha2qerJG32R3ytNNoK9pUg5eaDnFl9VcQ9PXg
2003/03/12 21:13:28   E413ezrSfgzzfndKk0Zw6aDptxZMY0wghDqLb6zZqmyp1g4GUhmmb4R.rce5jTSHMTD Qgxv3ZDFl5V5tAz1fUCcd
2011/05/18 10:50:43     Gbp3Xq4fADaWikiC32X5ZZnmdirnvLARrMkFFZk 5JdnQbcbk
Fri Jan 17 15:02:00   LCYCQLVv0iO8ylFZ5ww6AwyBWxnQi28a9Z9WBEbhLOm
Mon May 21 22:42:23 AJOPOWGZ3Ae6
Sat Sep 23 23:13:23     hbjcDcbOQgI0rF7MmjFIm9
Tue Nov 18 14:24:15   Tlvjhwp0q3BcDUWyElzu
1999/03/07 00:57:06  GxC6A7Mk90AIriG70fKbPAUG4yWNlscD9Spol.2LuXrAFEOx4m6pkHjRvAGlD9USIAxosSrCsQEGONcL8
Sun Sep 23 07:10:18    E34iotBUEreefIEZiZHiMXCaOV6xKSTqDwLFhEB0fVebC2c0bauvICNe 5nj9VIbauH7013
Fri Sep 22 04:08:30     Yp23LxlyQf9SP 76Z5LFVFQjlmwdNyB6gpbPBtEWFsxlDO2LBNaubzXAXJDAovVwjDyyvB
2001/10/03 14:58:02.736247     2sOhmrOIRM3PUvXJDUxdI9MX2aWN7xrHfy96gKgUYPAYhIXLTf9OMvw5ucnblNWFDw13uSdLOy8IAA0CL.j
1992/01/15 02:06:45.353203   JqJ4mFO6H3o
1999/08/27 06:56:51.467979  r7oQD0q6ECpM6XgyhnQ5TU5lqcmDjW3IA C LgTdWt5zrnCaKg4x6ZgPJGcer6nNbH8prk
Tue Nov 25 21:29:16    zZgi4RkSRNgA6CSFMGNDzMc9clLRHjnpv90FTkuPhO3DfWeAOWwYNbtv b0owT U23e9RN6sFBmYKPkj
Thu Jun 22 18:34:46     FB2vzn5EVN7Nu8oGUcdOs7YBudAwjhmEWLDpipM9ZOq7dq5QgYB5iR 5PXPoGDKLrlVk8Q5eWiUFQAgj0I7Vdp..d.F fP
Mon Dec 06 06:48:38  Q5QZHuRes9xo8chjAKoh3WMh3l8f2lYnkzN SzZLAh1VGg5X9onPG3T GX7T
2006/02/12 08:26:38.417158   EuBkMrnimjZjH5x6z.R
1990/12/03 21:27:18 xvzlTsC2.7Jlt2PhBINtPGAk1HX95XiLg11lCqQ7BFhldR7xlVMbdNtaFRlkZeRcinZt.7DlDvYx.j5DHZgf
2020/10/17 12:00:18   fo l6 UYxntRJ
Mon Jun 26 09:39:06  lNc1C8B09DZ4sNQFxX5TWQSECSQ4kDd1zI2UK8fd0vjCAzNN2jZXuMNehFx4aLoJciNSiGNcxZQiGwczvcb7CVtNy8
Sun Sep 18 00:36:04 TMvxT5Kktm97gKRElKc4JTORH3goUOGLT1oojIQBKfXFG4E9YW2gPEr9ZpLPChuuuD0VQE7TC6NDMTj
2000/06/10 00:56:32     OYqT4OGq5cse91qd3mzghlnomuocNFaHveWFRzwXwxc93BHBaoJzK 1qg9rdWzDLhYeot6tFLRtceUxzzpk
2007/02/10 17:47:40.551198     8X3oaKXvPhGf7 mqgWU7FgmoB IgZ3x4UriW0od4YFtH5A9JbDcj qGTO.idssw1vrbAN1Cq7R
Thu Nov 10 15:48:39  coHBjaNBHICUztKyWweHMKvu.aR7MPzjO Ob6Tx9wNm WbPZiuqHX2CeSSVMH.
Wed Feb 14 19:04:48    VnaN2CZSvYN1XMEuhkGE8mGEEDUW
Sat Nov 17 01:46:44     jMJlbTmjIH4fWCGOu
Fri Jun 01 16:39:32    VKRFuvXLO8QAOHW8avAUHSnHOyVvddv.CPwkmNQE2E8DzUxBGP3T7BKy2RyXqfdmfLXvgu1
1996/02/17 01:00:09     JJ.G7wFo XLsZ8ypmpKg0kATSAO16obArIAnlOaamvlxhTh1y.yV23T8VKsmXo9OA33cRPgmXFjlmBQZ9pNRJZ5VZtAZP52taMA
1991/01/12 04:08:33    C5oG7OPGUwlOq5ewRWXlNmXQnu9EBvAoT4HuTJRaCkAaIYRsn4sbncQIlNdQmkwROu1 abkdP6FgaHpoFnxMUG83F7LUKZ
Thu Jul 15 21:17:05  Xrqjlcp3ohKbCt1WZzbOweZfE9SNF4etSOEBJpmsORNsdIDXNTZ0uDdFw7HVqisXXny
1991/02/16 03:21:56  .wMDtqecHEMkqdSZz8TnIy1noEBnkx3zh4aFOWU2UMTDivWns.jv8zQpm8ZxWo39l
Fri Mar 07 23:54:04  ZprThQb1eNtIfEIuKRgRUtMLdees 87LvImGiarpgMeNV5tpx2eK7Ft 8YzVJqlb cbAzsrG4FAtTo4EVzl9e.cOqvHKJS nF
2003/08/24 19:31:35.415294     wPBA 23LsOVZ9LkFWWAdQnbLDRj1 QySQ4ndVB M0qSRj5dgBcgAITpD4XEvUy
Fri Jun 20 10:45:57    IdMuEc3ZPUn8uWKAfDptFW1EgKHpRdDZH6caEAX3a5vjsMnT4kFq6Zexyu
Tue Nov 13 21:26:54     HA0sSSl.wAahiBSKFaizczQtIbtDbTq1
2003/10/12 14:52:02.377330    xgfhbnTc7fYPJJK4whzBgl2XOnHUzb g19J JbTsQv .FkHXCZitDMnl ttYGPzyk7R0b7FUg.x2
Sat Aug 20 03:02:38     tiTBbZaByMHf45BnEKz8FImwbTg8olWYsL PzHkkxVd2RYqm.G7rvcSUiULGGXkhZ.xCsnckvEchOCzB8PU4
Wed Jul 21 01:29:22  o2zkRBVrfKPYNpyK73avnlvm9WIdi3v8q8whURXUiDofAJUmd Q99KPf6dOt0joTrxDdltfxQE
2018/12/08 19:37:37.418201   xq9G051b4CooUo8Q
1991/12/03 13:41:56  j.kaEYAlr6ILYA8HiFNCrgfXqomwevZsy7p9bmpTiErQGGnW6uqkatTVZ0QA9FfylHO42RwB3
2012/08/19 07:26:02 K7EmePCwMmOr7I5Z41 3JyCzxZ5bbzTCDT8cNGj0Bxyd4Qejgj9vcCAZA88 
Wed Apr 12 12:33:39 Z9DWmEwxbkb6gbOPNAhHtQnXelq3ayqHgHBWgZgQICk99LVNomdChz5F4CLB59a6dxXpNsc6JZnBJSEgaz 9T5blY2VTvjIonYK
Tue Apr 03 14:58:13     S.w9IjMqruc.QSR7eMqxlEjk1GZg8KTdDm76bySeitSvXtEb2tIRdIQHMukO0Hy50CJXJuPc spQ
Wed Mar 09 05:12:20    tAV8bbYPDGXGPXoAFZTuIWsRVhg3JF6wSAoBMsPVs7.jCJtSg
1992/10/25 13:25:03   .YC3sy07vWhJoFSPC.ChF dqPxwze6jpuUoJm5SttUksZlSW6ryIpZZRPYX66T
2009/05/18 21:59:32    t94e95ESLElIo0aRCDSSo.5pKxx3Gd7BqnEH.hpwOBmVbuAH3POHCwtX8k 1eGkuoaWrLFLG2.ZXpR61JIXHIgrplD5dFhor
Mon Jun 15 21:16:35    QpVxadvkn0VFidXWk0p
2005/10/21 03:39:02  X0vIz v4nx5ao8i6FW
Wed Mar 26 12:09:34   MCge3pN07j52aKfwr6W45G6DpcCNhYfZmYtZP9MS5LYQGSbYUFDl96V4AVQ3dO2lALzKVpCuJrUMzdDdw0SXXjJsHvg8a0KFy
1999/01/02 23:55:35.521017   1R7QAPV0THQr9IWj8iEKooUpoCizUzc3YylSH8aeigmN
Sun Jan 14 23:54:21    mhuf1B8adfpsqObDLdp
2006/07/03 15:39:52   YTuDMw.g.gLOdFAXxt6SrXA3 7kBXIkcCeh8jy vZwDHyDml hukHRWPh6u4Kf
1999/08/04 06:15:31   .4G9a9AQxTU heLZhyaJ.E8GwEmMvHSlocgtlRHNMtLX
Tue Nov 08 00:27:16     LzO7NhlUUrih
Sat Sep 05 08:23:17    9H280IDMsf8ZrorYNz3OQMEFKP0h1GjbyJUmN9QZxoMAHFhMMneGwnH5bXHaZuOURAenXc9sX4o7.4BXi5pmMvqp1ShG7CaKKCZQ
2009/06/10 19:38:01.395604 P6UipETzmM8sS4KPoPONr4GtdX28iCpM7dSKQN.eSaIFruj3uWo71nT
Sun Oct 28 09:24:53   NcpIJ7SP0vUt028JrWwbfGvFcPwTfX 1yWVwX76MzGcf 14sPWoIJ8QzNpCWNbrN2bCBmg6n
1993/07/25 08:16:54     ORHAH1xvkbEkhoYC5tzjUOy2hAkw7hv4L35P1P8MbuBg1xNbAD5SNZmAr4mtWprOxZOkAq.
Wed Sep 28 21:46:35     yAr7capOQGSZ5E2ioBVaw0 ZDb61iZ73AgjxXZzvoiWJ5RChINTWGstwFQpstqCzQOt
Sun Jun 25 00:26:54  Upl908kztnDqgJLkeMvfviueLR1FxPzJWHbY4Ul69zteXUfDSea
2006/04/28 05:49:54.614808    FT4CLVtyMM5uy0Pk xo2D68BCzNlK8TIafQQp1nIf3ShdKfz H4Zh7KKBcj.kLZ2t.49gv9b27a6gQODiDOrf4kR1DedAZ
2012/10/26 10:25:10     FoQt2EOVV9Qhzogz9PLw.1ANX7YtZPkp 55
1995/08/12 02:13:58   dZE8q6r.InxumeqC8Ms2cnN5sM tchbuOn6v183N iuVzRDjS
Mon Aug 16 09:01:56     x4m6cjqslzaF1OpWyWr46p1
Sat Jun 03 05:19:23   jp9ywlr9jnA288Dqsn3oMYgudHJOX71pxDmipWpPid2Immuy0EBz4YufB4
1990/04/24 08:17:00.590802  NBTqvwfFUMegnODLtXk57xTtd3OLcAFcbLqRqEetEqwHkkF tNv71uzzQWuFACVtR
2014/09/12 00:19:19.698622    jh6hoKOAvL3B2DBcQFHj
Sun Feb 03 16:08:35 8WuFfvGku.HL.qSfUdv4UA7GXnreWT5rEQ7rRoeMhkqWw6idecE7ng0Lt V
1996/06/09 13:32:36    sKernOoqGSDyl0Q5khj3.RHMVeD7WqihAi5LedzpxPtZWngCHV8NNRc6P3cKk22bpDdqS53HABGxsIjKT97BGN81zyclrcY
1994/05/27 00:37:22.819813    pIy8G0OHgun47kly2GtpWZwIU2Bba 8vycVUxkHHNkIjxf35bTxoy8Qmqh3LsLjw3P7ACQVXwCv1HsbKaPhJXQ
2002/08/22 00:01:59 0JohYSA9jHe4PltnBfBPLSv4Z0 makYvL3fQDwJNq9AhN7YOyYIENq6n
Sun Jul 20 10:21:12 RTokFeqGFmduq11zjgoukj2C5344lwJwPZuIimB5TjKFmdK4YmkFOuVp8
Sat Jul 20 04:39:07 yv3zULbOjAGtsxJjzS2Qft QlYIx3eBe7sZdLD1Df1iyx0Giok3utgU7nlrhutJ
2011/02/20 05:12:44.208502 xxQngEgYMyeiZEAHImxQ5V
2006/01/04 02:21:40     d0VgyVXiic5u7GsVjxGkdGHRzJWcan8YdZCbK0ujREEhy fMkR8dBBRZrqey616cChNO7Ab1YzzYMV8KEpWOD4fjUnHDud19Q
Sun Dec 01 14:13:44    9TL472KFCJg5zxa9Y3eE9Vk21tgaoJaruoZQCAxSDdVJjGqBh305Vomp2kWd 08DQBf1Cqr5F3ps4oTs
Mon Apr 28 09:39:39  nP9IqfhyO5jbC10Y7vrT4I0NqObPRKqxvhW.PA8W3 Rh8twRLZduuDE6MHSeNhC0sxmNk1WA1MVl 
2019/08/19 17:28:41    I3jiXKpVjig6W3TSKsI9Y4rDNIn2QMwj
2021/10/18 02:15:36 Q5vZcH14wiuMv639eqp6VSk4Z2rntysiJ65Dx2aiLHYXWTfmkw70O166QzpEptCtEC3N7lrDq3
2003/02/09 23:03:55    nExxG3NPHz8smMymwEC6Aqe7WfURc
2007/06/05 05:56:55     YnaVpzlM.kzWOgxtyzjbIvDLXMebVYDv4z2qTL.7UMj 86Bdqa2xdf0zsDzHFJWE831XdR1  
Mon Sep 24 13:11:26    3fYU5w iiJuibKNePwsfkAhvGwvUzlph9HvOcHJ67uBUJNgBaeN99km l94N38N49JsVNmo8vKTXLaToBr
Sun Mar 13 23:52:28     LbuvJcfzyU5Cy8GoflP5eoYr
1990/03/08 07:32:37    0rlS4hvx.hRAdl9wizHXSOaUmA2EI40fwwDJ3J81.8x5HhFXDfj
2017/11/20 17:18:06.347579     W8CRLmtQXtp gsCKVgoxKPSeDz7.OW.7igXoItvucNOBSmXQ02zT33epeORRhZvsOiyuudORP02L4jC3
Wed Oct 13 08:32:45     f0g 4S9 jwwDWCbpEKtemNxMuJMDEc1P.wG8onlmMDyfVqhBGlS8VkhJo.52LwtiYJPh7hbZ4rnOQ1CeiJyReacM7TgJKKpgiCg
Fri Jan 23 12:28:26  DlPk8CZqKwUReBngImukZstyGC2tDhYdEqoFsm
2014/11/21 06:55:24  3E.52OMXpdb4mvdnlzjtBMQFaeznd4lpuYB4P0xs1m7CwdVkwFAanz0w65dFXBFMvHLLjpqpTlQeMLccQJX2BZAEmmEQzOlq4O
2019/05/07 21:07:54.722021  K3rs.U.pFMtUBPRqzae5 YqZOigI6XfE.pxBIFy9K6Ra.Au180Xa77NQnjGSnR6FXX.UraxE6UTS0vKoHjyJgjgrJNcm5RGV
1999/03/11 14:56:16.664642   unT5HoCOiLS58dKU dAN1mtrZvmKafLDhFVLAzTahUvlapSv3f3qqg3lLBh5m7ES9fdR0MSJWl9cZmH1uqjnNzBaVGq6UkuiEeUU
2002/05/04 09:50:49  5sqtmLKlyyHMPBmxxFWNYUS.3kp hGhzuxemMozx7C41qIQ
Mon Aug 24 00:47:40   n2SzljeRt.zcAjgoBBqjT0zkjDpOBzTUvLyo.
Thu May 01 02:42:49 RPm2c2vOW8V6gy sl2WpoxetyQ8bY0HNCI.okhaCm0SiQQdNhpczdVGo.F MIUUwBi6CW
2022/07/27 22:36:17 vEkjXt.7uiUQ0lZdYfJgHgt7sVncULh88zsdcW6
2006/08/27 07:01:28    7RxPWi0CjccOMxotnIbhHXWCKfAP1xTCrn831ky3pHF3e4Gk
2017/07/22 12:09:46.949934  TbZh7vumpGAGFPzJ7OdD3JwFzCZ01fi
1998/06/24 21:41:48 .tdVvekHffkLPf9g752aMwQPimfIm4cAhzDAXDC58Ffsz0N6KbnJZd
2014/10/23 07:53:18     C8aOvylD2qYhfgKiVe4IZTg.OdOn5XDzM6frjEhy3MUIuZSNv
2022/11/20 05:31:05   2jc QpsuuhdN4y.ZBnfEmyza2AS5JreoSzhkgHxRzPCIXqgNozcD
1990/04/03 13:24:48.412196    RGEbbmVz0
2001/12/09 03:48:49.437172 Qfr.H.fp5yB73pPkvLJ44dU0HjUAuU5h7C0E3K UDB.Mue Hw3yhjcLjPp8CrrcH488qJPju jSgtYnIXqMkEcnGF
Wed Oct 25 06:09:19    yXX3oJBnU40LJqhzUZvRsE3oG519fbO1FolYbnanB7O8vzaq3vPcq68UQmrcDC7QpR2yYucTFuAVtR0QscE.RYtldJZeb
Mon Jan 02 01:28:03  vosP8bUW.635EGerIzYEqy.04Bb
2019/06/23 13:11:13.86168  Eub  yr9Nef23jLK48k.PQmlg7NNbT9 x7JQg0.Bpb1j3NooFlivni9gxvW q7MmFQQHBdsJC
1991/07/27 02:52:59     eXkYjTew37RthtWrBv3D3N9iAmJneNyuhVcsP26wxS
Mon Feb 27 06:08:11     vHNpWn8w4576DN
1992/03/24 18:58:22    x2SEtXdhg4QUDXCR8ti8u.mQh9qdrz39qi.pfHDPHCknE6o9uSHeB409Xjh6eIFM4pwZXhO21rZuyeJm7GHj.LRqEtaN6n
2013/05/13 08:16:14.952765   E.QMggivgk30F59j81pgedITlwgDLvUiGwyEBIpQt5FNAfMbWPFXJsPRWdjN7YZQA5X 4d7IT
1998/05/27 01:34:08.862537 4 v1gxnC4a4wrtKYn7Dc
2019/06/08 11:19:54.265258     5OzPXxq0zH.zVAhUWuTeg3ASHSXWDzPL
2021/05/25 00:29:01 muS9l4m5E0JKJzm8
Thu May 13 20:36:17    gPUWo1cWrqf.Af.CY85m8ReIhXhMC30aSbKZUYKHWZXQdsQYNQooDw4Bq6pnDYZFGNvdagnDdXxgwKWh0WDWVJimmynA8dE
Tue May 17 00:52:33  POMrnCA5MYGPg5cU7NfzqxMQtBjjTu
Thu Feb 03 04:00:18   VRP9qVPqGeGLD
1994/10/19 14:04:19  0MPejYtR.Uv72FOvYJ08oBSvzHvEDLfiTg1fkA6JAIlmpLaqLSW0AbEfcIjvBGg1vf2dIyNqK6FZoXAum4Sd3lQ8
2014/07/03 20:30:01.452241     GzFdrOklCbeeCryuLm.NSm5It0523MQJb2jckVb
1998/01/07 10:41:46.356987  9ybV0NuAe9th5bb0g.ElGYxlE85uq4BhOlKoIR9rMgyB07CGCoRponZ..3Gb7KnBzOktp3jNlot3ctPmHg
Sat Jan 23 07:30:48  WSPn..idDSstSoP5ZDt8E218XLDDVP2e4fvIOvrbc72ru1
2018/08/21 02:25:47   xsHTeFTuYa3xPQajDbv6PCTFktTJGUts0w532w7rDKT1fmJNtKC9mVbOirefEXE1ix88N75
Thu Oct 19 10:33:08    jSk2mAh0 5yOGLgtyYCHaqluT151KMLsAcnaoNNim7QC7wvmZ MiRY
1999/08/13 06:42:04.861916   Ry2HYN4fvk01jVYZ2hsH4UuTJGgqFBmUBO2YsuBH 3P.ecaiOfNA8y85Cd yvB4a8 yFcDwzgDmIY
1997/07/08 07:33:21.264826     Gcxu5hXBoE3Hrfp3Ip30jOogeAOdR.0u7Pc JJoZgBYr23x3eHI34OSY bG2KyAyCLOr11aha06PO57UqS2h76vD3fV aPz60J
Sun Feb 10 16:01:55 yKXoIYj15kD8506koQFW0xgDtrLd0Ztk3pycPWBcXcyioXKmD8E
2016/08/17 14:05:26.316222 NYFKiqfC1QhtJN3ukfEG.o0E9fAitMh6DX
Thu Aug 16 10:00:20   HANiCwnwDW82lAYfU6
2002/02/21 08:03:03.724439    9Tkhc8kWJ0bloOAopWi7I
Fri Jul 14 19:53:59   rWC6Nzcf BNySjwfmrpdmStt1H5mUbR59Qe79MZM8LTSVx8meBL
2007/10/05 16:34:10.945933 tRy6ikAhf.tQAMznpBlS5wkLlc8RXlrzgxiRGSTOhG7QrTAYe83fthdB6VYgNT3BIo2vFlQ8sb
2018/09/13 01:50:19.612620   E85PKVplH0CnR.gx.GkN8877IBcEyKgo6vQD0tFxM.2IFa4sjZ.OWe19M.R0Xm8v0cEFh.XuYciRWHl
Sat Aug 22 04:31:53    SQWqpw.2rHQW2U QAXIJbc4LgOP6QYHFeRBXHmcbhKe9LcC7YAi8RhOEvn8HcD4iE5LK27Al8I089xZBOWKKeuauLLE SdGwBNK
Thu Nov 08 15:05:29   AMU9oALHGWtBDZiLdBHL0jKQFtD RjXphax6XN5xtfnhBeeTv7TORp2morxVcsb
1993/03/03 04:58:15    Mrsyzeoe1N902k38e1TC2W3mN75X8KK1l5skOYCiu1S01M6uLHg31gmyJ2fRvlZHKQdDeEvGHWh9CaQtk1QlT
Wed Nov 04 01:18:18  fpoi3WhIvrOT5y5aLrJGiDvPhJ894nWp33pxOehVC
Sat Apr 19 16:31:03 Pv1iigJ7JtZUOv8jjLhsHcBjcs8e xA5w2Oalim9.uQXkY371VmAM8KqH
2019/05/23 08:17:03.451277   DEQM6Q59M.dvNcD.CEz PiYP  lL9fupZXjbjdJyCk7x9wpZJOx
Sat Apr 07 17:20:23 5 Pa4tdwhvaQTjvcxkMMV5x55qjza6a5QbUxuASgyfFT.k5QM
Mon Sep 09 03:40:22     GtuMKE5AZ7cFHbv5QumvegPWui62MawU68K3BEYb7eqc42Yz6OxVoE4UTW
2005/06/03 06:39:05  BZdYlK8oCUBWtNeoiVm4O39Ypd
2020/06/01 14:15:27.501849   tuY5Ed7jSZ jW.UEHyUGQPP
Mon Feb 18 14:07:38 3tnzUuCpMLI.
2007/02/13 21:23:31.499421 Lzrqopc8fDa6gtlLClXpzo9ouM.yE07p81.PGye62jaMjmUlevEJkqmLBtd5cGjQ.1ZYDd6bWmThyWGGkt1y43n86byOSzuOTKD
Tue Jan 16 01:11:23     U5PHXu.YbExWHL4ngws9ADzpac1eIoEOdeJqLSssSPTmHKS1DjfPFl1fbUPgNPbVYLnWciCQUTNGLw
2002/10/05 10:56:33  iMLVvh YFPdNCQNCyfcslgP7M2UtHQ8ohvM xidpSCcBEwMTd.b6jv25cEMZgMIUDb
Tue Jul 01 22:35:41    dizNndqyVGyJ01EL9vgSzmiQ283hrqUIQtGc2O0gw
Fri May 24 11:31:39 1EmfTxmoA8zy4veR9qJ4Vv0TI.AdBifW1OLNSsYfBn2vwACLoRs0x
Tue Sep 17 08:52:26    n46RcOueatPp5kQz1uqJycPHajG25u.eQpKI15Uw1sNiiVcjYQP
1998/02/19 15:20:22.57289 NfXYOs LD9DNFA0j7q4EfLM
1997/01/20 21:19:47 96AyCJsQXJjXXWkKkjr3kKalbdRrM27 wgKKnKmNn4BOh35L.kDsAYL3M.eKKakQKYAP.vSTMsE8MmPtCIdz.Y
1998/08/13 13:05:31    vnB7j446rP8.vAJZZNKRkkK21E
2016/07/12 10:57:50.494002 TGPt6nR0tdrRJOZ4pxHBvCgSyirk9UsS.8NVyxl.CRgwjENuiwi2mzqueaERa6Tf
2007/04/11 16:31:03.161832 ptZPmdqszG ExnW3CfNFSF15ZeC91xMgGkDHFuXBRUxeiyD7n3pvI
2006/05/09 21:33:57.715948   fWYnqY5CD0Vgegcm4ZfKyEwtp31TH4gX9N2m7TwM55ylISE7SG0V4KrpOc01UXJe8tnBINavYXpkT9GbhZP1duQndsG6iJxsfAU
2014/09/11 17:15:18     9bdzJvyQ RxoOK72J14dBsDtzdZe5BVvW1zrr65IwMe.bQQPA3V7DDMO8Ot5yGxw8CghYiv3rYjm2
2016/08/15 09:55:26.24480 xgGvHbgu1BvxTlM.pb5MpcM4JldSl02NYfqQb148AYPCOMkMDz0Q j0LA0neNKeBjGXpS9nLLA0V98ni6LGcWix3bX7oEc
1993/10/07 00:48:39.85387 VWwg5bByh3.OKdYFegCwwmofuOSY6ZKyTZ8
Fri Aug 28 13:02:02     UT.6ywXfEhCqXpPkbPIgdR2uPUAUT3ykrxMu5mCsMLRejTxXHgu.gEWaEnFqGck
2002/06/19 17:55:23.988101    J498gstzW2oGHMUxyxE JOVYHSTAhPZOnb6RxwiZP5bvXvdWX2RSW1j
2001/12/12 20:10:18.30900   92WwF mO4bxjo4SmwNFKMle Knr8treRZjAoN1zGyojfAjChd.bnRAfM3RYrrde
2022/07/24 03:13:11.654699     gFElv6rV7pohAiwgyRvAuJ27Rb7RXTG4awqCizjnSsiX0jQ7xYNFUt.VyE8YH2aVDOA6k
2001/04/25 07:49:52 k5IzoOI8oiArU8QhqrfECAaSqax3scnK2Fd
Sun Jun 03 06:11:41    mp56DY0gn8sNneuT7WN3qaZH3d
Wed May 12 16:21:42  9GvEMoBKQ y6URi.9EEcG2lz5oy3
2020/04/28 16:23:37.48145  .xkN0sH1jYu8etuoZObW92QpS8Z.8lNNBcTQ. Tk2ytIN0Fil79Z9UChwLRthl8On4ZL3mh5BzJBqTMtBTW1lokChRDWj
Thu Oct 14 14:24:34    Pn xa0p9Gu6AJxsZD ISkzFvofmOzIxZlXW7.fBXIUQCTC9td4CQqO EsAuHq5X8VLwsqhilT9
Sun May 03 02:02:44     sKJi1C0wMq0t6OSRjgfkeww8QyjO6BK02.pGCodypa1LbhUcN3oA4eZLgS f.e1NJ1GvsRuevyjkPXM8knwtOcT
2007/10/06 15:47:41 xKs2IwX9OcxFpa3HdXggHvSrdMj96S09knQm3XWg60Bw7FWk.cx32Lpi
Wed Apr 05 01:07:35     vVtKV.c0WExunAGT0O07CN9V3sPVZeRvhoudkNABpvItyTXW8sroY9QmTdgfYMW73 yU
Tue Nov 22 12:58:27  TnVfWziykSJTJLA62eykQGzQfdiZwsOD0ZOCQLgsGTZ9DrOCNxlWJqpUYx8 sJA.bcXRqPi3fD84T6CNMNq3OuO8.k.nyqzvO
2005/08/17 05:34:26.280020    Dt9hOQ51AEAkL39xhOJKocPjwXq4dQ8 WvIMkOOOldNS5FR.ofIfPFIMqv9zf5eVA1S U.Hf0JGLf7
Sat Mar 26 08:47:33  O6d6mKypiPuwVd4NRT7UOYqpPJ.KQ lkfupIVJGuGMtOgKgVq59cZSXu8TLRdTEt.SFNnHHx1I5qY25
2016/05/07 19:24:30.184491 2SBEqwAMxGUuAdW2hpC.o8XIrSX
2005/01/01 10:09:27.276846    .5sf6XJz0QPbvzE73GbEWHvkwWaUiMgGMvER7ieeeOqsP8cm.bBk8J4KqY
1994/07/14 00:21:50    9r3GWWdt53 JRCj2NdyY8y Y3u
Thu Feb 02 01:38:50  Laq2BSyrOxSd6 pdKnoQhfV7ylfg
Sun Feb 07 11:10:21 dw4NXGtpvd0UApHn5LPsIFPxfZrCaHdUiGcXkdkgclU2MkcRHQM5Lku9polHnIMpqO6x AD0z7QZQiW0wyDB
Sun Mar 02 08:57:46  rZpvxlOuim6yDciiw dn2.YhZ
2018/09/19 22:05:34.16317  YZli1zyJUiHSJ9aH7H3Z4zfKzaDW3fgSXz5Ic7gkdePuwvMWpzY85nXuxVlZQ7UISUUmsvCQuV5iGrPI VxqNCfOs3MzFmE
Thu Oct 20 07:37:33    Brb4UWN.plEqPpf 73r78fxs9EusbtMg5nOmc5g1SDYwbHy5OrQP3pcr7D9xOitITpyXnJ134zKd2
Tue May 17 15:12:13   TfFjV1zeBqFKTD4
Fri Jan 08 02:19:43    l5nxJt.4kXPMvR h2DJHs2vx6JZSri1AYZdH2skczLX2JNbPlESDp9xk6pTSjLx5JCcn4BR
2012/06/28 13:57:25.771366    YkCYMmSJudUvgIykCDiaBL8uwDOC
2019/03/01 18:23:00.218988 mWf1lqwFCMS8C.ZrlMWmMJ2PHkuiqsCkYQU4pOKX0sWGGTgiCjVRdDJE84iw4m4te6 iI9ydzXno0hqH8R oOYk jy
2018/09/25 00:35:26.493142  joRegfKvpGZugH0XVtpsyqKNXr4npr.OxFWeHS5ZmlKlFl1zbUPhonL7cfk48hBljiaUrCmbJRibXf6wQC 37t1nhkTu
Sun Feb 05 15:01:19     vyFsCgt tjpW9sYv4fRzSE5oRi7lNdyW38W58ROHPXuoMOrtefrnh 7B7Q2d7mC7NZN7llzbERZ9jGu7o3ihv7Z
1990/04/27 03:36:38.732355    G0jVluBOFEDNEOSneD8Fb3eKiI0cMomewDkrQZ9
2020/10/02 15:04:12.601506    DNAcqLZ BzU5ZGlZDfO1JMgbEhvoQkWcfTbjOFLQiGVe.3MHAl gqc9bKIFZJgCgj nBdL
2006/07/12 23:00:25.18979     gSI7XQCrBG4SNdSLdFyqBweK9t1w6sTr MtrMPSYXJT1kq1AbRNML8Muz
Tue May 26 21:43:55     4sOMBDiiDZ7wkdtEcY7EXhaxioeNC2utOnaaddMYnqn3.4bjlTlnFyxUQhn7vUrXO3KPazcKaYLPflEIf
2010/02/02 08:06:12   V2u3KburhXTJbLuPGP2l5Gw1a8gOfvwy8DAHd8VpuaT7h2vKbS
Tue Apr 19 17:50:38     RH0Ys12i .G.5n7eoe5k5MGJMs7lEkw5gy0bTcXZSgjeyzXaAUG
Fri Oct 06 07:50:30    gyofp1tID7iUVk Ey12ddzLvHOI0j5 TwqhJEotuc 
Sun Jul 12 11:59:54 NO9LIlpVkQK1b7cT.JQSW3gEkN1.wvkcjFYZSswDhaqx
2015/03/27 17:46:58  AYXff65GAL51SsALUmyf05sT.wgp5 RDj4vbxTPsF.ENkqH6XOHAAiHJoAS9SYEiUsx8FAzu Pu8NoK
Thu Jun 25 08:54:18     GsyqJ8zM1VotaFxjnkM6kIq4LpX7pfLYgM71fbds0A1dYlhTuAsl1kMIT7G DGLizUcRN ubhVZFOWJ3dCA8oWOBCxs
2011/09/17 12:20:17.189676   Tq6wkK9NL6DCIOuQdi5oREbVvfks.ob8tTVyzMd M912Cx 
Sat Oct 03 00:31:00  qDK8wQfvfeDZwoVvJn5NQq7O56qmNEBtipICWnJTRefyYEs9b25KkK0anshi
2015/12/26 17:22:09    E2o0O7UQItSd3DxLVp006mV1Fw7nrZnA4ybMZXml3ADLhqeOaCqcnkPUZiSFzhFWEAz1jDZKppGv1eIdjpy F3a
Wed Jun 24 04:42:40 jEzS4MLl0k9Pg7MW7wSci6E tY.BN4bR.052irefUAiO
2019/05/23 06:33:48     Fnk2pA3I38s1vxpmvCdbYlKetnf7eEk1vA2a
2016/12/10 02:42:37 JGak6xyUTnna3jxyYfnPFx64up.Jo1ka7aSyjekKh7lVeRRoBMMCJlnjzdcSFClgfszyWl8iQQipHTJjI7QB
Thu Nov 26 01:26:57  7j1 RK6oDP5FxIBsk eMl0 B4VDqbAMmiiECOuUfAMDxkvEYVT9SXWyX.xIWlFn2fx5zwI
Sat Aug 08 14:16:43 zymf99oi0MDesGOCfHvqiPshYGjlCo9GeiBPRLLMofdmdGD.A.BQ8Dh0a3ia5EWp8xJA1DgJlfQZYdBZ8A8Qz
Tue Jul 26 23:29:27     AwKyfn8K4aJJ5EyO
Fri Oct 05 03:01:04    hyi3a0yJI.xT9OC
Thu Mar 24 23:55:14    JwlnmL47C3oEIYvop5RN8zHJtFjFA94EW
2015/02/14 08:08:46.562958 tond4PcL5ge7GsAhJ HsKg viHtIEMX 3.7K.atkCOVomtRx1D6OapmJAYluS43rkijWqHeQCnDrxhKcV90u3KbAGJVYA5OCSF
2010/02/03 09:10:06 7SKKXhlYsilxiVeEM3dUKPy.wk5calKRp56Kwi2v3K3C tta5klMcTfO358W7S157X
2022/10/16 17:32:29    1D.cIObotFVGbHqhQPTj
2020/06/05 18:49:00   70hEGh0G3v9PYLr00nNXB3MQfm.gSDT Jqy7Dgn4vXdHb84Oz8sUIGxia3RrgNXGbZ.ogJvH
2020/10/21 00:58:22 IBkd1e6x1VOVZwVFVZaZumON3zA2Gp.SccXrCI7DVK65rP2GBceNOo1XHomiwiQ4K4qU0Bb9KfUdlG2k58O3hl6kOCbRiK
Wed Feb 02 19:08:07 5Fr0oLA0ykgcorJM ueBZ633lqLToq7p4Klv4HzSln0iKwDzD7Qk22ZOr5GBGvhILPgs62HrB
Mon Jan 15 04:18:47 .0tKhnRaH7 tAZ6ItjoR0vEga0tsu9Ze2EDLQngW4FIJS7OMgjLp3FMS.
Wed Mar 09 11:45:45    iKPuaLhpcTljo5qGb3qeeRNojk9S7ZvsESr4OhMWuuWgGkF0T6lZbvOfQQ2irFnDGarnX19WTmczV96IYR8ktt
2000/06/28 23:12:33    tkuVEats08jV7puIJ3aFi3I2
2022/01/24 15:01:45     dIoh3DH7czvYafSQpb3t0nr6t3Eu373akQ5gv
2018/05/25 17:10:17.305188  IUavKMRH43JbGbkDsNLcqQe
2018/06/23 04:52:42.955929 T2cP0rrChhMiIDj9uo 0BN7xAI nMjp71Sq6Ni6yJcrU.
1996/02/20 19:42:30 uGaxyGt5TB4XSk1b1AkFiViP jQluOubWrZ8UUT uPQjs1S9xo4r7Qf8CEcXqIHdwcSd7ErgPnbLONI9X18NyToIlfyt
2013/05/13 18:40:42.526492 grdi65ntvsyGla836QyhF1n1waiZ2Fm8fDjt QLaOZx9mL0euPvt0HNyyCFiKqqzZDYs7E.OVcX3EGqiQLhTwQrqz14gexh
Mon Jan 22 15:44:50    MMz9FON57sRHKXNZZauAng2YrEOTDRut
Thu Jan 09 04:41:11   769i9YrBRr0os0WzhcO4VZrzfW6bDH
Tue Nov 27 07:33:00  YONGWSYjXrc.g
1991/07/13 03:19:57  boAlsTHGFV7dwsQmALbmDsoRxKQ4ZZ8PlqDiQ3DzDb4MPtSeQiZRh9CJ O3yNvdH43HGboKUpZ5C4
2010/10/24 20:37:35.941852  XHXvTXsvaadg1co0u9
1993/11/28 05:42:35.817584  EAse7ya.1clFLee3SQr2wqEZhCkLFNgztsoHIf muRZ7XPRnuQ2sEjk9vOSc 6W.tpG9Uf0UEYQC957DAp7ZY
2013/06/09 02:09:57.885093  pykpiDfGTcVtNgNw9wAPY63ZnGC7I65Gsl3C1AR guuSHnaW51 5xH8q1a4IKEGuLr0NhqHbcgU dqrI1TAHqrxn
1992/06/26 14:50:07    nsEzYm9GcMh2BxAwG4bNhK7ZWr2Q5wzvBGGefob
2008/02/11 10:46:08.67499   ivviWsTRV4rHovLiw8NZ9JkhUXh5FNB6Sncu55532gTnuAPcGlFkv3GCVQ8dV8i84zDLe
Sat Jun 16 23:19:23  KjI1V19rcCXFhqnYbM6
1993/07/16 18:44:37.405356    AzT3IdCpDu2RUDItsq73EWgqOBRsCfgnlm5e3o erzl3pK.uryTNzq8kDuRLZJ m74V4n3BL171
2001/12/10 02:08:57 CFIhjQY1pTAxFr1sw63kQOEjFEDUHPZYowRrWgIQy4ecqfaqJssYpRi8bUQU86M4Y pL8q0nPH4kUDpe.ocGailal
1992/01/15 15:02:35    DRfTF3e7vIkhcKzm31WtgiA GHc1Z8JyWcwn.M.nC9vCFcfz7U2Ij.2Gy5uXNGHiJClFI
2015/02/08 02:48:26 xLKqH349DMVm1mUQpYn6 BsUjT8HauVkG qhkWelWua72wMLg3ZWHZVnKTeB
Tue Jul 25 21:04:15    oH.zqCuRzEEmzwOJCDQOslyHt1U9EGXojseSVDCV91FwyCjivD48CnGF9vpfTfuqigB5mCBzf6cbHXiwId2uq5DhAQvK
2010/06/05 06:34:21   zKhV6Yp5wyJ7UEiijvxcz2UKrZ5uerfavuetOFdzF0 65Kc T9BDhfyJ38R
2011/09/01 10:55:29 3UKNSo.x Aio.wNJ5.c6gjkCXx06RUDN9uWNan1KyuYGPdQZxsuWFnplT2fLsPnYeo1Mr0ermZpByQuyjtwJTHw
Fri Sep 06 06:53:11 ccwgjU321bMfEWEpbN6XKIUD0188eUL9tgD8gZZW5k5MKs7Erwh0ykLKezfTyA zkWi3QTnKHO9OfGZu4NiDWKQL
Wed Feb 07 22:59:19   MMKO8VUiNyIAVl0SIucXIbAas9fqfnaTQGg3U9Y1o.2umctGqiib2oyMLRElWMUWK2sqZRwj0EgJaDQg2icr4OxWhqWR xi.FAd
2018/10/08 12:15:59    yrnIurUKICGNCUUvNii3wPrASWtsQWOv qQEPw.WzGaTzckvzUfwrqZml5lmQ3 30MNC.3
Wed Aug 16 08:17:46  .R4rhKtuFFhdfhYR2GBSYeYxqQSxlgjO0HbjriZnz 81BjamdtuA8.2hP43WL419MSgRk57xgspo3r
2018/08/21 07:32:13  TaSmMtpVGmd4l ELRH6JSF2uAaqBpREL86OfJagExHbkjcf
Sun Nov 19 02:14:01 toGMUmlqz9SdaWHL.g0JTvMK 0Tjr4cLOSGCTjdpW3iM
Fri Dec 15 07:14:40   AtubjrSIi.sx6XC
1997/03/14 13:05:33.71521  q6xQ0HC1xkYGYBn07TRegwnGQW3xAFA4xNr2hvPmHNWOjC kAOnEz1fkce Lr4ywDyLfy
2007/10/17 13:30:23     mLGEVisGVUAmKVU
2022/05/22 05:01:58   MP oFrD8LP UryLPRSiAqNJ7SzesrR6bZ6EZpegnFKxCu.idKfqBuGDd
Wed Jun 25 15:48:51  l5thBKodYZeZVkP
2014/11/15 16:25:43    c5w2n.KoLY6EEnyU73G8FI2CxYt
Mon Nov 13 22:40:53  i1bThJNQH hR71xEyUXvTVcezUMGtXCDeah7si.HUb SL.zcSqRjjKIOU
Sun Mar 14 09:11:59 PbwGjJsMwdJpUzQiPbme4jVslwnlCK8qTofuUfY.ftVbiyx3MaKEHZE7lYiTt2l MHXQpJaPfAaNVw
Mon Nov 17 01:11:42 MOMRvnokukJ.0ElWvKmgIs34zRtBoetkUQvCsYqwjE39jvoWS1I9nj9EUfJe9IMsg3IE3beS7vk3TbX7OLBryvbqxmTUXaUsV.Cu
2015/12/13 06:12:35 4KVtkB2.nGSJ9n1lrG9yQi9UNn9Xi3UnXWIn3eE2O1hAgVFDdh74Xu56HVuZQbLo73CLfjlFaRV.scxjOYnuQN71TFV2wOLxdXq
Fri Feb 19 11:24:02  kclx4Bs799 m6.IDfEHi7SWRpe4fYBWsDEYkZ2V3Ls aFucLLdTtP49Ng
Thu Jan 10 05:38:55  z1UU7AjB3U8luNGrAB2d3PhjSWaADIMOXA6UNKYYSmmZ.cCdx6IqhFCu0Svph3E9MtzpAeJaVl.us dfdg6qAXXdh
2017/09/25 11:51:33.540129    r p8X5L4VkwkOu6uT8dVua8tB03bqVrzt
2004/07/07 00:15:35 y AHGcxTd8DfGIuQJPSeQb4usbEHWzUJtXoNF
Wed Feb 19 05:10:16    15hoPckW Si6KWY7n553sY.YzdpyaNi A0uSK0PT3NtaxDzj58JM3UkizpPI.nKk51TXrw1pwuMXch1q9gGXapDT
Thu Dec 27 01:53:33  h7arRDVwi2sZ.iHvVzEoPxjXc6lGZrsMogrRNkd0UjKOhrpMYZKqvQKRvfROF GQ.aVOVjKw
2020/11/06 01:01:39.501054     zx3 dNnxn6aXqkEEfFL.L8Pdt0q2uzJR9AIY0e4dOIqoNJIgpqlxgPMSwCl77JZAul v3unO
2000/11/04 06:29:38.274225     FQ5A NgSJnuynyjiC5TZXQzYQc6QI3qI bzi0qh4RjEmr
2004/02/24 03:29:55.738403    R5YDQefI8AnVV7VYmkacFZP3szccIoN8LwR6OTQglADEjCqwsRy
2002/03/04 19:26:39 gI1NxQLE5qWNvntfVq5
2017/07/16 16:29:02.419451 9J0K3.NlEds
2016/01/22 22:19:18     4.WKNiNIGtDJCxVyW8I sJTnl1WLS6AXs1
2012/11/28 01:12:51.963081    zw1nl5WqGPUrxDqfcqfQJD8vBQDGT3lKVfKqcryD2xyVhqSx00HsxYExW1v5vWINSJCY72cg
Wed Dec 17 19:52:59    GiUfzz isn01hm42MJh HvhjEvuRZY4KJU33IanCJlT17Zdfqr Yd7g.IIticuEWSMrDbsWgdKR3Qaxs.ZKBJBIb
2016/04/22 16:21:32.889125    OzRhhbEnk2w.Ye4GK0UJXac3xrtSnAFeUMKpOIwTIFlNs5EigTy2JsExqotR6RybW9gFUPduPdxNsyufY
Sat Sep 24 06:51:42    C VJDng.RSuNIPHBM62F4eiG6W292.NQGk67R61J9lybjJWbcoRLHg4SrW7VcKd2vimKG
2001/06/08 02:59:43.5552 ff ldIHq6nPF7qcDAOAaqcTxXlx Z9fv8qLhF
2014/05/03 10:54:30.916966  VR wZlYrmBoEZBP2PHimOH8lD3Cpsdd
Sat May 18 03:13:42  PrI6154iLJ.NMuulcY8K0SyBAIGlAWY768Ai70I9LVxzLCiMEFPbd7e4A3pC8dA6VuTJlium
Sun Apr 11 03:45:44  8CU1U7N5WGh6d8bGLfw7a3ZL04.YQ2
1999/10/02 08:05:16.566883  apicgTxhQxGHL9plmfb45fhhfGte6 rBIYLlypg2kv 4A2vKM Ts19oZj5nWkSNuzVwK7rClZaFZQoV
Thu Nov 06 09:46:19 ZlvzhOkcJ LXRir5ELGy39yAvkCLCEFw
1991/07/18 06:33:31 gJpO39WbVL xxRyqZ95isU1Icf4VQF8e6UJ3QRvp7upuGGVpylLDdEyQREejYce6zzIuXYgRLsgx
2019/01/09 22:35:29.587762   Veo74Jar0E2vhtHVNJX29Z6l5vyi6l9n5thNvH7hkI6rbQT13 882MmrOMaVH9UzA TThF7duYSpT45d6IF.5ETtGwAb9c4t
Sun Jun 20 21:02:05    fQlUntUh21L1IqA MVpP3m
Wed Oct 21 12:35:56  yp8KiogAMPhFQr50Xw2P8VY4Gs4zm9JLedbg8iqVolHpnI QbAbEwJkLNq
2014/07/11 21:44:26.40345    i figq8c6NbqOekwMsr0tHyer8smn8zp3XyeZlI9HEwd19qnzAa1fhR
Thu Aug 23 06:25:27  rBK12SnRdMgn0yuO2M94gDtcOCBdJhxL.BUeZtl5vCKDP0QQ ZY8LvCKWe3OTLlR2rivPVzkUf7YFtf ZZMu3RhVO
Sat Jun 11 01:16:00 WKBPc4bQsjlcc
2009/02/03 19:33:19   HJBAHVQUXz7uBqWW0hP4WAXGypYxy
Mon May 15 02:54:37  lQ8nW RHvj9M6mDNq9WKOpAGNgSEpH
2008/06/02 22:21:12.428000    WJ3HID.tF78i0cwA1058EttNEQH3rav3hu9Xzl
Sat Nov 28 02:16:42   q27x5g6zHQ7djAp5iWz5
2005/08/26 19:14:55  u.ExcigBQplLb6TKeXijOeP93lcmIeixoEYiYSZsOkfsQLqACMDoguaGAxZbVvBoqJU RymTlIxhya1d
1995/10/13 15:51:32 gJTgcKrRJyHSej3fRrmwwZKJGczJ3NF32o.IImDLSq0IH8q
Mon Sep 03 01:12:47 HDtjerUn gMh8GggABtIdiIQd1B9G UDJUrm6pRDIfqUEo9 M8EBUAO7t8M8SPrw1jYsDioSm n2TCM Iy
2009/11/16 05:41:52   298yhKfccuGFiosKAfowha0k1sGIC
Tue Dec 20 10:53:56   pBCkgeLbkycHyH3 mw5Ujk4KDLbTNKqyxzGAspj60I8H59ApRsFIcwwH 
2003/10/10 19:03:07  QBcLYpOw3tWqc45j i3s2B8niuB.PghMAJAnUhY.BXxVLec7LDjoWosGun3CYuoXnHBFx 45tLKF.4NbwjwDLxXpXi 
1991/01/01 01:18:39.293675     2s7iQmcpl0pSgP1ipNC7b9SUb4a3xnQdLbK5m.XAOf4h 2o6OXbOZMkdZsJV
Mon Jan 24 12:33:15     vZApeyGlICHelZTf8ZAvrO4JF1UQVUtd.SX50EYWMhDHddsG 1rvQahK50IOJRm.xURJr7qJ2ClZCj8Ut9hr GmyEzGRfr2uWwlu
1992/02/07 04:42:33.538652   O7enSdQLGq08IEEw67HP12mvUfwX8YmGEZmE8dog fos9nsbn1dfBaxU1Kmc8Rq1on22J0a.NmmMikDiYgHv2DeixzsZ7Q
Mon Dec 16 12:20:09    1v0jC5J8WC6aNdR
Tue Jul 28 17:36:13    YT1LD0kyycl2WarKF4OGpq6UK
Fri Nov 17 22:28:48  S7t8V0n7aimctfaXr8GZzxqqnqWygrVA YdUBU5LTzgrYQASJwjY0OJqsYVBgOWn3KzUJ0GU
1991/02/26 00:28:46.215512     rNPttvMo0sAGdY0PQIyAvHOm29gz8y6jEinIzbRwNBE 4
Mon Mar 16 15:53:55  vg908As6Zis64Mpd6Lgyamhfv1iJWA89VKUPWD2C kEqq3WCnMrlMCRb2TMZ8SkkTxCa Pmxyp85cEVrsNrqIzahdVjUXSN
Sun Mar 25 18:54:41    7C5QgA6FYWYQNC4v6OhTFeB2hl CbXStv5WW2Br5
1995/08/09 11:30:29.777587 WHu6FhqHBJq0NOwJ
2018/10/10 05:38:58 M9pPd2FkLwIKO1DSGp
Mon Oct 21 20:37:19    Xqtjnz MH.qrvtAZV97Esc8xV0j12cRB7tqUeJvDgPO6DdFnSUslMJZt8Yb.A3YP6TPBc9MJzN4Dt.6hC6JQ 72LlndftoelC
2019/01/01 04:17:38.651311     7RSy5CBOuXQJa9U4rpIdI MA1z.U8elM.gJ3Y9RegT5FryDt
2001/02/26 20:25:15  gXHmD76xuZI99j4SZXN04XcrNir4zpYdFqcfoXgU.bGCufJmoCWlxqLwvIRfVgMpT5ILmv769zSyMUdDI
2006/01/24 04:14:25     lOgG0WJhvHIx2vwE2XsK6VKcpHbqrcnpwAycaaBBg.qvwCSMzTOmJ0jbhPVJ9ZMbK7On7yXhUO8D Ae
2001/07/04 09:40:55   XXQNj94elwGD3rueDwH4QhNsa5aAbtbaE8I scGn.KqOeVWgzHm.rBa477AK9GDNS80lSt5cg4h3FIx0TqfX86U
Sat Jul 20 06:35:07   .0U3w20vKsc3tMFezMCD9aYtRS2XkT64orS3Bmi3mIn9F
2008/09/25 02:47:55     PLDrG7txXf6JyzWbqEblaiNmIARWPKVkSg2Teshlko8FoFsIwMRyVarv78W
1990/10/10 05:20:43   x8DfrOt3WJo916FwPIMhpps1yBT9j2IjcU8z4 4Lb
Tue Jun 02 05:51:33    fPEjPMetMjNJpcaxnHD4RVOmytQwh7I3jmnXKj82Qd0tqaOCaraLfgfp
2009/08/22 18:29:08.658062   eODCBJne3lUvblWyf.p6KZqAlMd.nruCf7yBv4B7j6CxK1
Sun Jun 13 14:10:34     Y.uo3Le97obghnyZoc4zwaRPLV
Mon Aug 24 14:58:11   d78 uLAeM9Km9gTFg70GX.d MFwekIV
Wed Jun 03 00:52:43  zQIEjbZLrMi4lWVNn7TDuwGegrxL2bxNJpmDbGHdz
2002/06/10 13:10:07.832786   8 tHBu5VnPiTepySNJFKKruWtQHr Rd0
Thu Nov 05 09:49:19 TfKElJmh6RJ.WFxloGusWq8VOOWV LJvYwpXIXHckI2fhaSxcHHlyvQHjnfOeq0KIzuiGaZDzZutKMQMgM
1998/09/24 04:12:29.248811    XW V5LQMLXoC qyooaIt4124cd4K2 Siu.L jbcgFcYbHcZx NQ6NSPq5Ddn 6UjjH4
2007/12/26 10:14:31.19321   oKKReOPMSZA6VJL85tbeZchu1T9g4yPDd
1990/07/27 07:51:34.713039   L.sOWCQO2 VaFUyBDj9.WVGqR1kV3xrJ04FWu0hBqc9iaYpUdeh3tDUAV2PZbu
Sun Sep 26 15:07:22 h0CCHJSD75mAF72qsEMw9brx.le2pbbZrPZw7nhsJqLYmOUDYCjbafRgrzxtTkbSq7RRnpSAgfqj
Fri Sep 26 14:51:11     juyky1Yi12D09MtEzL0ycLm WD24KZcp5XrovYjyFLnctf7bnpYKnC0jYIxxnO1pRZTJy e8GpoLJLLaPuGe9xJ129CXN0N0
2004/12/11 01:35:37    xaUd6BILoxHbdAvqVHuk9GLTQc
2009/07/19 12:00:12     vLxDDwnI3vW M0
2016/08/13 10:00:05    PrzrF40QlAzd8ruvuboRKFOTdNRumo aJC1ya3432sRGthRxa8BUHc4HRTq DmOnnPXdUL5HT43uz
Thu Aug 20 23:09:59     OI5rOp7dSGN1MO6AJVEyDtz4HMJSL
2019/11/18 02:52:27.392185   QRK4a.OvYbV occ1k4BlhYv0eWht6Pxl0Iww8BtY2gnJSj0 E
Tue Aug 21 14:46:55   Zn3Gj5dPLMlwng7BFm.T.u1bwVct0R
2020/11/12 19:58:04.176322 xRcU4l6zQzOyJNLZM bsqFkzlgV9bgITyvj1bEbXFDS7.9xt
2011/09/11 14:10:17     0D13d03iwke4ql8cHrJLbXc7U
Sun Dec 09 15:05:23  DaADzBjTwfgUiyn5pujGKBzV0EIXcLRtOigrf.cmkjF udA9xOVkVCLXsCWeW1H7H4U2iLpKBIAGKsIlFfLStM
Sat Sep 24 16:00:52   bQnf7nREz7BSvX EfyqjALkJGMvTiIoEzcjxFYS7p8ku4KhyRwXDr3r
2000/09/02 02:33:31.322198    kN8JL.XeZSCs83CYoSShJC1 34L1i8RmqkFAUH64R
Tue Jun 25 23:51:00  bWI NnLjYqE4uVo9dhifDOZvBs1lveR755Ir8Bn8tOfR9
2003/02/11 01:47:01   1.UattT7 IA9hiDWaqIWQyCG8lW6LmVRPmBub7fH
2004/02/17 12:57:05  jMv5IRbdGq58MiplavP6DixUMytmall
1996/08/14 02:13:54     .1wvxBX3dnnjDroF0sjSkIIH9MvT6OHhDIVd
Wed Aug 11 10:05:50   2FzPMfhIbX8os
2009/04/25 07:14:49.991413     bFCGCtxGr1LszK9lo6IS.NwquPKfbvN8njfQ9yTFbvSeGHZ6L8NA3wXaxQZU
Mon Jul 13 13:51:05    nivocZBQPpKppqga44ljeIU8s5jVfd6FigoawPrRXnT oXnxg1oq44TuRp99EDqN
1993/04/13 05:26:02   jHlw1YqK2Y405traQn7qJEr2fZlanA98HfgB6wqNoac6WA8Uyxspx J
2019/09/24 18:36:37  r6N8.gwXxyMnCwhD2y 44Fu
Tue Dec 08 16:59:56    45RCVhSBLvOql8CH5uc9mgfrs2.HO6
2009/11/05 12:54:10.554878  FokaOEcpERNO3sSf0P45DbmEggGKYGHD5nMS7uqJC9EmppNm gjErqkZ Wr5QX565A2rpdMsMNuYwA877wq5B6m
2006/03/07 14:14:58.365094     HxKWRJ7l20 KJEWKWG2
2011/06/09 11:12:10.350063  xrp5AfudtMAg2PtKZl5wiPQ49SD
Fri Jul 01 14:11:08     IIM1scmZYtbdrhae5wlmf9ht4BXjB92etBXZaKixPPltZiZI3ucL2zYXBmmXgPaAM6s6KkDTV1
1993/08/27 23:55:31.259533     YeHZTeHvscEkZMBAKrwXugBb.xgA7LaGn4u 
2020/10/07 08:32:27.393509    bw8AoZ3NvSURY2gJq 6Muvc68NMSjlVOFF nlNb.7W.ECgJYAvpyp3UDJ6siutQ.piwAyGd7.hNDSI8Xqi
Thu Jul 15 23:18:53 GYC0cGO.OiZ3NC80cEvA3fqf3ttBg.EfSXfXSIKaHuojUrxYYdwAK0GVqUuJvCfAOLJGRV0BAaYiHJpi.ypEyvbSbiz 5x
Fri Nov 13 01:42:46     o4YRstzEg0i2Q2N4kPM07LivpJuAHxIvfxb NIrNjj brkzdFxX7lb13v1Ouh.hCx IkL.sH N.MsL5cB1Ox zysxwNQ
Sat Jun 07 00:02:51   G3xx2YEzbouy9gOjw98Niu15UV36oRAUE5i4E3EWC3nNBgZ8wulPRQ8.3Hx.UIz4ykupIvkuo1yWKoLLOZJxusdS5kDCn
Sun Oct 10 23:10:23  .230dun1C14BFQ3htKssACpuH2nkyeWXHWb.cbxX8nN1Lt.i7ZUwB7YLvgrnLVVUa9EzV9ZHp5VdZ.uRCTxngvQ0.FA 
2003/03/09 11:06:16    Ja2GS9vdkHv37H.r2ngG.grWmgGNLw79whdrkL
Fri Jun 24 07:11:16     hVNavawRP13o6Iqn0xlCfz1XzMCoVCAkW rJ0YE
Wed Mar 05 12:39:13     cYL1kUNOJDSSUbBH6YS
Thu Apr 20 20:13:31  2ixO69VIIZgGa.WK0FmhOJRzvsAFJMwP0UkIg5u350bTXk8RGL TdjgKZMd0KjqinZc 2AJR vu5gP
Sat Oct 19 12:18:16    h937SPCp2WoEd72Ogbqp3L5GTf1eJaB1LlnTkfcrt LYrJr6CeHo8 E
Tue Oct 16 04:45:32  .mAfjp9LGTx.sODfp7.5YLJovQEy0aeToC1doUjzh3zssTztf1E6ZqUQvnnZ0SHdHGaEo
Thu Oct 16 00:58:11 rD7ZFqGA5C.7ChlHpnz3wWjpvjtYMi6IqZ pO7gXqndsgKNk68mZ.mE kpmOugqAyK3YLIw7eKdMETXpPNo3hdjmM56J1E
2016/10/05 21:45:36   yxN5tgvv2oTJPML73zazxI7zeT7TukLwCyZdebk34IRdaybgQy0RfPFvloRs1Dp6MfwraepcZhiWFCWC23
Sat Jan 04 11:24:35    CJNX57HiGTIvB2sUdxc6iRAk5kv.cZyGXmNtIRAw zGjhry38ff
Wed Feb 10 14:41:03  jAPi.nkU7Uy0.s3KXfMtlL9S18qcWMSlXyAlZEvpIQgElqGcJsSdZ9lvI5UicZ2YH2P9f2Y
2012/04/12 11:11:29   z cRPnforALfailgRrD6Gv6p8FwMx3vy5DQw1a2UcahPO8EaaVqRJR2lq9R0ypzIcfYO3mR3F0
2013/08/10 22:45:32 cxw8dMf3n4ihz QIR14o3ZENvXVuymxpfEEsZS8cEbA9GyN9.8FnE0PW0WOICvRZ6BmhbjnojkWr8
Wed Apr 11 09:23:51    DyaTvgqa7r4BxGS.I.XnIk1vF5YR0uSVj5MAJbLmY93
Wed Oct 20 13:06:24    .NJZFZF.3Z9YmuI
2005/09/20 15:00:22  DNRFFiboFWFXY YCx.ZyE
Wed Apr 05 19:45:36  jPAlBThiDkbEGjENXr79Uk2zebI0tUa60uPPRu1TRTNOIuQ7DGcNuZX8mzzLSUQPRTqAsiRoZi
2017/07/04 11:31:29.158960    01IYJ5Wwn3ts6wt8.uEVNwAPFXec2R7HOQQ5P7y8uN0A0v 7mX2NyYnvcR1i9OUgOtwpET2Reeb
Mon Jul 01 08:56:22    lKPmaA FdO8GUVXC7v2a1 dPMJyzV1Iwn6Po2UMcnM0ayDhx8Btk8gl4sYpnS9L
Tue Jun 21 10:49:50  eqFnV6q. deukcypbd4qHCDs I
Thu Mar 18 06:05:45   i0w7wzt8GhixttA.kuzbx0IZj4.50tWnA5jOGguff4WYONCg99O7Z.9O
2015/10/07 13:47:14.193734 xIzza4Yc7XwR26 CutfcG.7wqMVfYxGYsf54
2005/08/11 11:36:59    NX0GO.MvnQOZqTXmK
1995/04/08 15:14:21.556634 U0vbDkUJJw5Zv4oMC4GeaW1GocD1bvgf
2011/02/15 07:18:11  sxjupN09GxIM32rwvvRZnnOil3jqHqVEgbqk5Ugflrjqg
Thu Oct 05 20:04:13  QY7.DyXd2djsvL8KLVLm lyiDOlQJktfrmM.zh9UrSzEaAe..YJZ9TmIVtW90xbANP2GQ1gx rn4KO7JMj5w
Wed Mar 18 11:33:45  jJdh ExQPsA2pih7JZkXe7Xfc4kTqMja g5dWKAL.UrVpbm2orXc2uAkkyzwNCAugK1hTGwRIJeUmX
2016/01/07 00:54:07     b302pZvOB0cNHc8oPmqtzg7e8VQI8DQ4yizdnhIPJmbTOKMyneFc6
2008/10/05 11:00:30   97i9I8pz0dZyEdE515HKF1vXL7v6NuGMHn5avy3W7rsM21mwAWPOynn6HgLOb9pxD9bIaRHxz3Af0U3kCMms8JmVJu
Tue Jul 15 11:59:42    liWe0zHGnuNwMlamg.pihk5PccD8NMT9MTp71AqxFOBxX7xOw85OhTL6 NjNZ9qGJKmlVk.oMdPTYUlmaBJ3A65Y
Sun Aug 15 01:24:54    GQFl61fhAu6PBTm4Enq8WFlNEDzJR.uXyRb6VuoZePhX4
2001/08/17 10:22:16.283406     vheZYxt RokSlQS.c1y3mFfUgpx26F1xOX8lX0 d
1999/03/20 02:46:12.934743   hzndoU9gVHCcC6rjZcuTybIPqGEB.c9U6tNoOUfKvu AqCmeaHtGVb998Ki5EvWrgqT
2014/01/04 16:34:23.784767    EM4IBSfm.1jx
Mon Aug 02 09:44:17 u.vWjr1wNIqlBO3mMoAeKABH3KNyIBRRTEGM0l2FZdzDra6hrD7E D8mlvDqnrkkIbbovEim
2016/12/06 03:41:30   A5ldNeiexmf2LiYs.huBEOawUmVmohlrrWui7DqiorjdW 
Fri Feb 27 08:15:06     n JB75eWrSTLTKNrNjyQSvlMxDIUaGCBrxgkRJm2Qbm TsdgcGqUFqr
Sat Aug 14 06:47:35     TXA2z 1j8nTGIqVWXN3
2001/08/02 12:27:11.901328  m0p7F89ZvooojfDKDrJ1uaMTNrHBlq1EmLzuQhpZyr2hJVYrmcSPTQsPCx0z5Oejd38qobQYsdKp3hqnKfKwxk0CndP0CbJ2m
Fri Apr 21 21:28:48     LErnV54u6Jk3HkLBSGBMMdh14WMvUNKew93SRlL73 wA6mRURddj1lLzWxcZ288
2010/04/20 00:05:20.706879  XPRAxgZHrQqGfmfNVeQVprt4Sz62R67wDau0YHGDq1RXoqy4lCPrz2bcO1AY57Wnxo.ynygX t7PB
Tue Dec 23 01:53:31    PssB6Id4g1xaodCr0D2x9.23yv87PgghEqr2o4M87rcvEWcUMaqBeJNcCs14Xmh
Fri Jun 21 20:05:08     X7yGChZfChe5WyMobIOZJLG0YpkubXTiPwWMmFErrSMEgGNLn.epYS25jp6lJ9Rc7j
Thu Dec 23 16:56:48 hZONi8V cIJ.Ez66KGlkXBJ3zJ01zKz.Qv3avaehVWrr2b35QwWvVwUZ1bP6KtM5a3pQQDp
2006/09/02 23:29:34.703358    UsTrRehs8FpPogBSC5RI2tZEss2fhJSKF8J78EZ
2001/01/21 18:16:27 Jb1TWuxeT3ug9oEQJPDDAG3BlYWPR062fn0DxP Qz9EPNKLXlCDpMCMR.KWCcsTY.j9rQwM51yX
2019/03/26 13:23:23  EiJJ0uV.2b8I7sg9W43YFYNVPNTO 5jGaB3iFYRiAL36WplQEO0x0hFVK6lQj1RnzeXz3lAzjP3eTzUV4BGoRW GRgKw4
1997/01/03 11:36:35.651570    bFkwk.9PIl88GARFqwzKKxoIKYuP4pQkhQzoj.QXU6KzIcFuh16Pa
Wed May 12 20:45:19  Ws4ziJgPnqXQAHFDRjzMP2gmpxP45cGkHXyxJ9BJAc0TEVde65JAOZDBeODnKmopz33xDNPnNcaPz
2010/03/19 00:26:02.779018  Sz38yi4BrFPxwQiGEiD5tBphiHKaDReJnWA6ToID.J
2010/11/06 11:40:37   hp.kDm0gYGRf
Fri Dec 05 10:16:18    cIkBEK.lycvbX06sd8q7jdSJw j3LOTHrDRlLKyRsW4 new8zUTMfiDh1a4FKvD6DpskB8uS6dx I.bgyJTNCPz
Sat Mar 22 04:06:17    E1jPeZdXiipViXZr42oBHYZjqdI5UMNZYJLXPUEqLEDIPeNe6S
Sun Aug 20 03:48:54 RPLWHqaWivY21.NKmo
1992/08/06 19:14:28     QpnWNbvG74PGdOoykqZ7uWkKKLy3gDGGv1Cl6lryHy2PoDRil0aeG90arpkbs6mE0GJ3gEk nvv4Y76xLlo UvHOnYxxcs4C
Thu Feb 23 06:00:27  Mqypzz Gbq
Wed Aug 03 18:44:24   lhGvRiz2NN
Tue Oct 19 09:05:23    3TP69oFI oBHhMElUsJJPVNaN.LadKSGOj n7YrBnBMpCo9dE
Thu May 10 14:15:40    zqylUP2m.nt4hZRX
Thu Jun 07 03:06:52   Hz1XA9ZzZRCo6ZZ4wKCjNymG5mJNfzS1MIEYz
1993/09/19 01:03:15     X.3wAu9Tw9FMFA jJnaSySk3dq8YeouyKZ0pnauw.CvxSz
Tue Feb 02 15:15:09  SvRSHiiOKF.a0
Sat Feb 08 12:24:29     iwvrxysc8goqyo5vzgMSKnfCN9LhQ 8GCeoETMvPoZti31.KL b4gF6d.8ZdSE hiMOwk
Sun Jun 10 09:59:51     a4.4DmmO 4UTvC53e
Wed Dec 04 10:29:32    KAd7SMCJlsH9bOQRbPubxHlNkXRvRp0jkkRxaa95zZafS.BgLyd91t5HGySdmCdR8Uw.2G4c5LMGAsoFP7VglmRapvmoNHUM5
Mon Jul 02 13:49:41    yGbuJzKfx7 plukS0GXm sYGpZBsZEdJ9vx1P40hoIFj4M71SKJL6IUrwcRTS2h9lMnNu4V4
Mon Mar 10 20:39:19   a4f2X4JHri8BeItd.08zCsl7FNuMhC9bc93kVOYsrkWB1nXvzHBtf rpS8uoY
Mon Dec 06 17:10:02    5PU6hCKplGU7sbe3sVWkAqoVQ6rYyMLa
2007/04/07 03:25:45.716642   XuXzbghgq7ECrmYciEVGxUrar3mEZYuDWKExmx8INaFVbFae2QVICtkpXYn ZMOrj 6uHoXNsc3
Tue Mar 16 11:07:22   uqjZhWTT 7HBFCCZ5GT0D1Uzkojt8L2Ga3X7GZ46jVSyFzca2JjZjhLoXBoE v28QLrzhwIyQPG2BgKvf08Q7k5 2x6IF5
Wed Mar 19 20:34:48    OAby PHvRO14USIcvoyZL3tzBE73jGzU4.FAqgVT2N1HKaA
2020/06/10 00:18:09  wy4U1iLNr 4074A3L6MVw6l0.FsX.ETvHScqX0j6zPJLQr5sMzy9Lmq2nnh
Mon Jul 11 21:55:45  GFv2UQeVVg0.WlA.6Igtl5oEbu6QV8r410Ur2U72LWi.Gc
Thu Aug 23 05:02:14   1Ig.0WWGqhrpPqru8HietdBzd5 fUdTkex9qC7deaREDYdaEAmH40v0wnZXf1dc6ISsKBHh
2011/03/03 16:41:46 WjPSu6gwrudtz6ZggnXPHowpaDu8NbuLuFlNT4kNXbCsSf4B24L
Mon Jun 21 17:33:05  1dkFAkNojPqNKI1ZxAa xEjKBlw qf W1zAZFdt8.DLqcZcHGMRjsIw6cFWWdGo5V1WJjkUIesmYRbWc3pWi.
1993/10/08 13:39:03.43305   fjBxX9oIHZr9JGcq4mRkHNtradBilJ3lcc.VTaDDsSQ0HwivFjC.LJSW03YiRd
Sun Dec 22 10:24:34  MGpc2edGEMdZ3TPTFxwqGkKQ
2015/10/22 05:37:29    5d8EAXe6JTHLrDDNIPK6a3TDtAoYM8Np
Mon Apr 19 03:04:04   qHbyXmEz1jTyPE.yapRM00QAnM.EYT
2000/09/18 05:43:21   uB0BDB3gX9aFfRgpUuL
Tue Apr 03 00:52:13   AMF8Sv82vW6eCStwEZB uN7PIfrIsmqg5mnWVszUj3wxjSJDdj6tMKff507L4yg.O8v9NZe
2016/09/05 09:45:56   Rvb3CNklW21WMAlgoDBKK5fcGXXC8hU0A6bHmclFVGv7
2006/01/18 16:15:05.181289 cgpfOH5YNqLiz5 C0pkxb1xvUhp mkAN0HkdT YHYk6sNLreLInaP
Fri Feb 15 11:54:21     KvY4Ig5.OQhRSoxCVizvCpP2QAm2aTSBBVo NlmzaKQqXlxTAakJFa3OcMUPtUVXkyxx1P
Mon Aug 23 10:33:19 zA7ICLSmrrn1IUBszxjNey54wkvEchGpwjH8bfuRJsA
2009/01/02 14:34:49.715876  cxsUHklVdqa6PHPRC0pz.IDRDnoWi TZ92xuTRlGbMrqhE3vn pO0r58ZafGC86ipimX5M
Fri Jan 05 17:29:33  6H21B4Erw46qDjIc1au007WvVjl4U5pEiPRwegpeydU85K61Klyw2PNIZipli3srWIMjSZyb1GFOFz25A rXasUHKPPEN
2022/08/27 09:41:59  MXxKvH.Kt6gDPj83J0P0C6b99DYRZHIRpNbn3N.Dvn8FHiq
2013/05/01 17:52:23    zMMyQOKWTERl
2002/09/01 12:17:22    hNQsbbJo5w2XCf42AakxmdcCTty2CKlh5t5YUKHIpO8O8vN95yRy13ev2hV1EdcACNUflV4vZ7A R5G
2010/03/06 01:35:35     1bD0ynsa6f0hXwnUkfzcBSDhWLgiSu4lktdFKiqr
Sat Nov 01 15:26:32    9v1hReuzctaEhIuLHlkzQBvYPdneKfpeqXw2tyBJNrHFz4FQl2SOk3TAVvrY7H 4ZGM3eE6omFFZ8R2cfFQ7ENscH
Thu Apr 04 12:49:23    0c1fo3H2EmtOX7iePrjELY2DnGDc1JSiqCTboPd6C2NiDZMPqJyO6eLR0q6G4La1SNiPd.J
Sat Sep 05 01:46:34     w4p17SCVp6TRfJKA1LfXKwkKJ9af5BDjUuP7EL4paNphXCdaCHOQ5taMI kMS4hMMkSYnKuZU8JsAsj1yE31ZBCp
2004/04/20 09:22:43.496953  G5mnsZdw.Z7PUL3nEPly.xdgHb0VebUlzK6NIdaDqEI3ABmLX222ppJH0rCLmeMGPyI9tb.CD7xc669rI
2001/10/07 20:29:25 .bApXwW3I0u9NStW8l8IhAUCHebaNU
Wed Aug 26 12:28:09 9jP9qs70.pj0RsGDOj35n EXAoWe4xtGHVPNJxHjN6WN6QfcmA6wohOiS4zoQzzZE12qCny5Nrt57vbmukA
2002/05/17 02:18:43 0Lxc9 uW30aK2z1fBsnCqF
2008/09/08 08:32:56    xn7QB30jb.qSBm4ChLGIo5PMteqtzXy0uCrDo1THs3DVdzshXxt6RXVTDlP3HOi
Sat Dec 14 06:49:33     4JpaIYjPZkWy7QULd922zKg
Fri Jul 10 15:17:47    o9Dz5UeM3xOwiWSfj5cjiBonBpR70N4N5q9KM8lfPHq.EEe49NpSrVDq8T1nSjd15Ec1fwV7lE Q.YYQfAfbg6DBLelsaGsX
Mon Dec 03 00:02:07  mGSt3UfpOrrF6mT0VYwX9M7R89FAPOjBF3FeapqD8V9uintEmWX0sfCvz..bztLm
Sat Jun 17 03:10:25    S4IKQight0sTG2X7xl.cy24yLRMRA1wI4DMu5 1v7msHxjrK0.csnzQx39DCR0ZzNxE Z DRFpUSOhVcZS8Uk8ZdhXpA3PhN
Mon Feb 09 07:56:26   0QIA2vy6WY36sQwPFMTM30SHARHxxhI
Thu Aug 21 16:40:16    hfVWBcg6TZ j.qzpZBjQn12jwID3Ws53lfdiqSd9Ivq0UR5uv SX0klCPb.DnJRh
2021/06/12 07:46:34.528225 Mj40Kz.PzacRJtToHkfjx8 r9lH48oM.qtQGE1WyOPooJkqdsKirwM570C9DIxN6qTPh4qaPO4pQWriiRUq.iONsZmB
Sat Dec 03 06:30:50 EqrfCHOTolGBwcDPlViyAifdbVNYTLkorbBccQy2vB2BC1N2
Tue Feb 22 20:32:42    Cg3hrJufI2uRzB0kILXRLLur7dfE4L5PDkC
2002/04/23 19:22:22.589879     H9bacX90OsvKFVsp.NVYrmIiIXdp98slfKfWZuthqJb2XJ.Wsvos28Dwzoxz
Sun Dec 04 14:00:42  jSe288eWs9R3yQZ
1995/01/06 01:08:17.259038    wjWSB46lW9L
Mon Aug 04 04:50:20   Hn6VGKrIPWOPgi9.lxLivrXLucG1JyhRnPzKjFoiXo05FLDVjIp0oRuA.KwkUu4NiJI86cEsHgy2n 8j7Qz4xr
2006/05/10 14:57:44     rQdjEaNKxZ7qjyOAk6vFCkfd2rcR7OEhNZkSumyaIQebpehn Cs4qtgErJ75KZq
2020/11/01 16:34:56.988970   yNA201tELRQhlNIggL7Ai.UNFFoo2q1KYJmG6y qR9
2006/07/03 05:53:47.27647 j9ISDZNVa0fjgSeNR4a43uz8A7XLKcIbxKL061.VIF9JFEHrlVZrQxylbJ 9WgSsoifWBWWv.TLeugP
1993/12/05 02:58:56.577244     fIO67017yu.0KIbvNholmasQDFcrDMjThFVl1k2QQ8ytDIlVOIMmIAoqhd7R
1999/02/17 13:36:57 AHeA1C9o4NvUSsi8eYEqjcrwwDXB7ErI5IrlIzle1 a6hRdRX9cgM4oewJckee9bwXzvaousbpacOGEZwZOELz i.MhTMUK1vJJ
Sat Dec 20 11:30:46 WoniRFaKd.K2jO9trgepNjIr7GY1SqkNus
2004/02/21 20:26:33  3.YhWQb yvzB8ifky89PVEcriC9DZqKtvaDgWmpvoiQkM3UzGibcjCyVbleSuiU30QwOMCLdp
Fri Apr 15 10:01:34 zq gl.3 Q3CQtLjxbONkEB8Lmad5uiIL 28L
Sun Sep 26 13:52:27     7jNgwZatSyyoS0ktLYrMObmB0igWsFgYJFrhcvyb
2018/11/08 07:30:04 N0Ss82W2w9jHf.fy2 WakF3is1yBBl.ZPSDCmxqIKaiNcUy2PoWU15YaULC2zVoW5ys N53UaSYmVk4Mm8zG 
Sat Sep 20 16:04:24    1vmYc9QNhA3Jw40Rvw4YBBJ3LhSB 9S3f65A4VciuYpelF4kHOA
Wed Jul 23 02:57:37    aTCfxvp4vB8GcMYR8GlNh7blMdg 7j4gJFDmV0
2004/11/27 01:50:56 J TDYiFbGOSdTqQOyWiIhZmZV2IL.iz8N7GHKei4yqWiKgjqPQhNXI.aNcc9QsxonuLfVZlicfbUiW0Eb14V
Mon Sep 17 17:53:20    mvjr6sLAC1RkiF521o6ufWI1Hy2DMW4bC8wWK3.8Ga0f2C.W.nXE71YN3qe2ALqAkT.7b
2019/09/08 02:36:54.231381    4EIUNqkBnFOembkvxQOyQ9IB3nBzhEqZvY 1K.IlBIyiX
2014/08/26 01:11:24.250995    HEqZUiER.wDNgZiEB7zuoGt2RnqSRLzxL6iZiek5f8tWHUANd0T Op5XpPkBXfB1nlmbkGxzIeXYWc3DEAfee
1993/01/07 21:00:09.60077    cehwn42eqOAzH7PGNjLTXsnbI5dp9.GVo7OSnx9jL4VmkrElIDkdB.qFNb9LeWvBCchwoh
1993/04/05 01:21:25  elkTJ8w EvaukplJZ9BuOj1brkFhgqSbOOD1cF2ZIV4DBAPivLQVD9FT8b9wfDW87rmcIj0zd
Thu Mar 22 19:09:19   8gbNPnrRX8duKL15LRtPj9FpkHhitjrrl997ygbgVpdRd2ILFaRR84SnH745DoUOyr5otMDh99EXMc6.fAcylZ4wb4Rw7BBg6d
Wed Jun 27 12:29:21   82V4y16EI5zdi1M5mtydUDEO028A9MxbwZKapnr3uDPG99R3nTsFMXUE 8fWTCnlcAfmg mNn
Sat Oct 23 09:33:02    oWJGcdqW5xwu30gCBXUc9lDD3u1Yf1rrHGR93Ra69bMPJWbKQhfEnC
1990/09/16 02:41:35  JV1iA9LNwpXZt6Hqv7uYySrlb6c
Sat Mar 14 18:19:22     Oplo2 VN4x.BX SThZiO.VVzD1hyhFRNBGA QQR8aN.BdHYQuI2T. wYrg iLfo17q3mgp
2020/08/15 04:35:34.181944     3iyqmxhYZRVasmz9 I3aQatvHcineA1UalVHMjPuO
2013/08/18 15:32:19   eleF2Cx0NkCqhI24XV9AStmRTnNrOwGgAvCk4olA.LMAwAiQU3YTxq6
2018/02/19 07:46:00.22043 CnKXkVr.kNWwTGckFahaZxIP
2003/11/24 09:06:22.423087  UpH3xj2z7NkCsRLZTgsff1FQ4ShSYnD31ZZYqczvool9gb07LRvOyOetve73O.iYvdJCZ8PRP FiZ6bo46
Mon Aug 23 02:04:35    itZIsRa 4lbRISyxQzcjqUXW7twsJf
Fri Jan 02 16:36:10   zPworsE2QcLu4B4ddSlSop40xhB3 HSkzAoaI4JB 9oCWntmboIbNm04yFck.HadtL3uACKt834A56IXnQx0Nz ORM
Sat Nov 07 17:12:05   dFT5zDE9AhKOJ
2003/05/16 00:10:20.100188   cVPXExFr vSB6myZPlZCS3xZnGfltUK6xdHcnIp1mrNCPjpuOrOu4vL6 zDbV6mHEV7kWUsOz184mG4OVj
Tue Oct 25 09:03:27    13N5cXxyjmAhc8quMjYAhgs5i7OQQD.X92vCVgk0ql067nkTEPZKH2EmY9.ulAoG6xrPAGvRBczCm2 MAsR4
2012/01/09 14:25:22.491175  .DtbK8dZIOxA QzJuT w0URK1MCJldcb.VH MIk76oQWn4M1SxKFVRJbXfBM.ET4PJI2mDq7ubbKHJ56ikslT54l3AUmNoZhc
2006/02/27 17:25:04    T9dsRSfyHVvU3VcNGXUY3RTLQ
1994/05/26 23:54:26     PuVSdkh42Ph.Bomdh5L31p7HKk49t2REPSKir0lEXtfbd86G
Mon Mar 20 18:43:07    WxkEaEMIdX8jgqHwuE31N8sQI.NtmYLx s9j7iz6r38Bn0s 9i2vLccI6a3HTMO9R7IyZNOuymDwLom8c0
Wed May 07 10:29:50    LnhwOndJujvdihS.cHJDfHCvLjNx9Z53oTS5iOGYm3.0nC3L9Hz3pVQOOH1c.BCfbaUwKDWL9fT1p3p9C9eM
1998/01/15 23:24:26   IgO7hHNtsb3g
Thu Jul 04 04:25:02    U7pbSqYoTDBhh8jQwrU44PkOcvSB1tv456Vn1xiedmpn6wcAGqM76O5KVnDbM.vPkmoouj6KlNx6uugbxWHgUaAi9MF
Tue Jul 08 05:52:30     U43KYx5llo9bh937zxhOJr
Tue Aug 06 11:30:07   mEX hBgeDf3Z.j.9yYowdcFC09GXBC2DlMlZ6Ts
2014/08/16 08:35:05    YEWuidfC81mOX7P25
2001/09/14 19:10:05  NtdRAUAW5dPtiVF31wUaOWnFdrjc7ALLsyAMZl.thrLeu5DSzEqLEubOpvcSGpb.n7qG
Sat Mar 26 00:26:02    FYBsgJyzyg31aYUW68VtDBHZnJ6ir6eT2HXo SlW4AA FZGDLj4gEPjULFcZqD45t iBG9L0ra oMcsTO9UCqaqgDtCL
