Execution statistics at PneGNDCmPybi4T7j: system time 3-17:25:20, user time 6-00:03:27, elapsed time 00:27:27, memory peak 204163 kB
VUaZuWDjOUfqWPIq5Qp5ROPFXFg3kVh,jIGdP;CbvI2JQLmEmYyKeZZiM;ragaKq;VpBLE8xaBEyboopmwVniMTGYMvag.abEO0aLs9yJFOJjO;cS70DOy0Inp;We2;stMDPAD2eLHpG.wwlPpfhi8SKLa;E7BXQr,bAWYfqcmJYbHhrKtWgXa
Execution statistics at YxoyoweY0jkLdVAGlKkr: system time 18:57:26, user time 5-19:22:58, elapsed time 00:41:30, memory peak 255578 kB
4ZhAW6TCWUjj8BgVeFvsQD,ACKGMtlsEA5qr6H;N8NfKvHBLKEp6RiovCMAwoFvY;b,40G.bJ7cCHH5GQAUk3PHQzA
Ist7gQH5
Execution statistics at rvfO jnMtnvaV5n3bPUE: system time 08:03:50, user time 49:01.228492, elapsed time 18-17:56:36, memory peak 253830 kB
ApOb6NoQCKpPR,vcx6fZ90tk94BIWo.CqXujqkAjBnz5IgYTBW
Execution statistics at zKVi8iD: system time 35.270863, user time 00:41:30, elapsed time 22.236499, memory peak 582409 kB
5p.5A;8dR5JdI,HuIwLcp7ru
O9,XWHlHGUIR0Xa3;yTMSefSWr7ycsh2E1tmihoZY8qh8;,3CPK1Ky;hg2wqXgH;6MfwdkakwLgRMSxgLSBgKF6UehK.MW6N3K.zkvPAo0lw4Doz;OIgUtsQUPMVwhc3X,Q;1yKUqx
G1eKvo
P1Quii,6TI5S9RNn.YZeDZww
Execution statistics at Akn9AD7He9 L44kIm: system time 47.330017, user time 12-20:53:12, elapsed time 43.191171, memory peak 430923 kB
FeWJW05hvM2z0visRD;w.JH,xQ3rIm1A6sZI7dS8d7fk9XtJX4juWedU9bMj.dAZMUEi6dWqb;bLvXGDk48Z2guAiluDGMbcXYxYtB4eIsBidDUU2Vwow
Execution statistics at hTnNlSnfju5FCL: system time 12-16:20:01, user time 49:01.228492, elapsed time 19:46:15, memory peak 744048 kB
Hse.QUlyY2q5
CGVJ
Execution statistics at SmwWtzxdiUvDAYvvbY: system time 12:25:38, user time 11:45:48, elapsed time 11.429087, memory peak 185958 kB
C3
75Bx0lz
qY,K4kx;QC0tzgqlxb1iA4BuJgCL5,
Q5M8G2qowBD3E3YcYJHKMbA1ls5UIuRp3pQQz5,UKem,wzuU2,SE9Q5M2x70Vr13si8oT1fdHy.dNwA2ro;f932lPIseU7
Execution statistics at PqkjriF4: system time 18-17:56:36, user time 11:37:40, elapsed time 1-12:24:57, memory peak 234299 kB
ealJbt2R
Nxf4,o8SczpM
bsz7;VXM2fmtdK9YW1LAZmJQtuXM
Execution statistics at oOVjFjWCwmn4ae09VnvY: system time 11:37:40, user time 1-13:25:54, elapsed time 2:8:48, memory peak 41564 kB
0xrtkB9Hh2lVS3zVr3ez.hPwmtyw9u,Xmtb
Execution statistics at T1wgZyHp3SqYLQey3pYH: system time 03:10:55, user time 24:57.10169, elapsed time 5-19:22:58, memory peak 464560 kB
FBNQahe4J9
Execution statistics at E4Gg83SIF0: system time 12:38:16, user time 17:15:4, elapsed time 23:53:23, memory peak 457973 kB
p6fp2nAmoZqIanyo2QargJ8Ff0eAFAEcm2F5yTyO.TUidbxKiU3OS9GtEHFUNj8O8wiDMybLgk1MD,F0FZ,ap0Tb31J6
5NTR1H0ld1UytohX6SZagR5mGMUpqcWSy;XRtUNJa;kX

Execution statistics at uWtAi930RvSUCLBtW: system time 18:17:22, user time 10-05:15:15, elapsed time 24:57.10169, memory peak 45893 kB
QTwhaqyjhNBs
XbbDPKKlMXzXXmuD
xV69F4WcpdNUI7v26Td
0woB6hEnEcqtu3yH5QYXJZ3DGjPDZgovw9UdWuvTtyOqx42QiLMjRyW6SLI.vQyn
G
,6EVDnxpjfL,y5p4a9uhY
Execution statistics at  cc5gF: system time 22:30:48, user time 11:23:59, elapsed time 11:08.787918, memory peak 112128 kB
t,Tsax64PMrKsuBDtOx1V.v3gwfZc77pAKT5wszZACI
Execution statistics at EY3FZp7Xc5FOY: system time 4:54:30, user time 12:12:57, elapsed time 00:41:30, memory peak 454126 kB
tDf4ls0ZRFp4C1JW3fAHoNklfgFsT
eYBMmX5wAnHXkcbe.rQLt1ujtFNXGAkDGwu,,3dNmjeEUrjpgFcIcpP047TMxRvQKNXmAaAW1OIRtArLEKLyn93K925gQQrBp7vxpIGCD.pfABDo;Eaf9uFZkXgYRlnq5OcjLnDf
1WoUnnIwR;ss1PAHgKmk09tnPoeALb
Execution statistics at HBx3a3yA3xx6rixfP: system time 07.981154, user time 12:12:57, elapsed time 46.441625, memory peak 717313 kB
p;KNWKOhAZcHvY17ZdrFUQwWwjhmkq3aZwy;ZM025F6rGtcl6UKfFM;SP7U92uzELqjeYhpUJuM1UT;EUhTVb1jI8jRhE5B.DTozO;J0ObjS;,hTaNWNHN7YxqVJa1nrKb5vgNMqCTp2piAWSYpu0xKsluXw
Execution statistics at 131Ug: system time 34.626760, user time 15:53:09, elapsed time 17:15:4, memory peak 341491 kB
O8yaFz.vWhJ5PV
2IL5LelxOidA4GT3DGXWancZyNcha;G1W9ORz,zuoAmvqhGp924PeipFxPIAom,W;;QAT5AVYX,DJDD.YzKsjynJd8maV0eNCj12XUTEk,8hXRPX3aUJ55PKsXScJIZ7Oz07Eck4fMm6YekKpB2M85NKNK203;;uW.0dbrfI
Execution statistics at EKuNuSlkYaSXvlU8O39y: system time 10-05:15:15, user time 15:53:09, elapsed time 11:08.787918, memory peak 92959 kB
i8i5Ak232
y0,j8a8nalQu3,77sUWaLZqyU5ns.dB4csisCSwX5QSOpddyDvMY;4XSj1jwv7Xxn,WA0GAU.c.Nj5DukHBwR8V8RpHJYMsZAolTc8UXAZH;y.tIAlllnD
Execution statistics at WNVN2: system time 00:27:27, user time 47.845948, elapsed time 12:21:19, memory peak 301532 kB
UtAloA4adzaWfI,Awt5XEVimt4inBUEU1ZbtFSZuApX1FBcRIQFk;m6qYm1PdGM3iLWVZmCIoMlzmMZG3IDyfmsVHR61IsLkjP4kf5k4v;BIvo1ywZ3ZBDzBTApAcjkS;w4iq
