Execution statistics at 6kix9Bk2J8BFmLDogPb: system time 15:04:56, user time 50.233213, elapsed time 11:58:56, memory peak 475658 kB
CpxrGwB3ValfYyL5K6nj9SjUKp1Nyf81FgwNJEM4FrLk2lQDpHB,ed
q
4qylpO;U,HCJg.a5XLSc8f708UCN2WicjQF8LCEn8r;QR1C1gYssBECcGxL,F0Xr5;AYQjgAro1oNOkEM;yNDlU.rHYhw7
Execution statistics at dbxlqh d777XGVzGcJ: system time 03.269480, user time 4-10:50:58, elapsed time 22:24.732463, memory peak 396845 kB
509iyf.6NB6W4rihw,iQs9lwuGGYg,QeWiBgRnzC7QrAz.a
Rs80Jrzd,45iTVJ
.pexh.nOCKxYvfFT6Hm9Dh4UMX.LxQZKhlYAvFQEhrauqGqYLcmK1PtiGyTKu02xg,;E7zIFYpxdn4gCLJ6kh9
Execution statistics at yD30i9UUYsVftH2: system time 12:38:08, user time 46.272287, elapsed time 20-06:02:08, memory peak 812497 kB
J30kQrDfg,SFX4R,kkosD3P8JWjHgOGoeG;0
HnzqvEzWKsU
Wou3Wf5kHVyCcWeVo5M2GNm9poLbNHLBvPJEyL3eWD8pos
2;m50CdhxdXf
Execution statistics at WMcpxDnDHX27k: system time 05:44.376158, user time 12:38:08, elapsed time 11:58:56, memory peak 651731 kB
Uhapta6,xdb;XXaVXxvzDCjGMKuc93d
Execution statistics at ossChA2MVnfk: system time 06.849599, user time 15:49:59, elapsed time 15:14:18, memory peak 94248 kB
gMHbHJYpdicW.hS;eVFkz
Execution statistics at EZtzX xWi: system time 12-08:53:01, user time 2-16:42:00, elapsed time 19:43:26, memory peak 514425 kB
F;xjN0AdKgzhI4lT4qMG3NwXvuEHCu3N00AXK
F.SU3WK04oB;gsK,5IJ3pFw2xug;rBa3sWPqa5FwbMQ6jkGPQhBERAqfy8p2
s7nut62f2OrXpF1gD74D069TkgzoF53MRTS7UU8VJcaAwgtCZihQmO03p9KZ38Y
D4RG4pR5rVr;cnxcRBDHE.Qs6.PraXkSs
Execution statistics at XOAWjjhvVs: system time 9-16:34:58, user time 04:14:50, elapsed time 15:04:56, memory peak 900131 kB
DnZToQbQl6Q3y,fvuOv0b;xHHC8;KyeZ,;rfUKWDandRBKuGAPLHWvoMHVO5RcxAal36Pdior0HR.YE;1E47aZk,zdUbKY2Ud,HTjpHrPUC,298o
Execution statistics at ru85Il5IpDG8fe: system time 42:24.582789, user time 16:6:14, elapsed time 15-06:39:01, memory peak 107763 kB
W.WcSQZqzmNOZ3YTHgKBaSefv,E6ldbzyBaCsURtxgbKf72fnxXA,fDrrwt2gOLYCCzZVQsLCwYpIl8ZkmqlZPAuSdWV;G8pC0W
U4Aps.lqN,Ll50E9TMLLvvS.ZF3BoOeIe.ClQSX2S
Execution statistics at Tj1Qpdk2Fz: system time 1-20:41:07, user time 33.754516, elapsed time 19:43:26, memory peak 291794 kB
SZlnJldcBUNiICOFmrHdK3Qp;76tfnHpXcBrQvJ.y2yv6ZxashL0Fn4.x2
;iSdwa6XTqNs,YbMpERru.Uc7TF5v0,HTcAB
Execution statistics at h4fJoovth: system time 22:04:16, user time 08.250017, elapsed time 35:27.248244, memory peak 223581 kB
fJxTS;v6dR8eAV2MXEarQp9AvmMnKeLtCtk6yjfknasnvfQ,hZ.TBae
Execution statistics at 8ToZRZLnw: system time 11:58:56, user time 15:49:59, elapsed time 50.233213, memory peak 696882 kB

aEHeD5fTSR2cIEdsF0EiMnhYGW2V6EIBJuHOegmOE.CT.Q7hHzfK6Mvinp2ETV;14O1CcQ3KWKA5PIg0PT06Z6WuwiVpaaiD0Jem
WFLrQLmGHdECAir,L
28o6xx;r6DQ3WJi6M,g;VljSZR9Liwy5vVur0.BHR
CaF.,CfVvxhCsL
Execution statistics at izphJ: system time 57.896918, user time 15:04:56, elapsed time 18:0:59, memory peak 684277 kB
K
KWgPggp3bMtvsCx8tMPCk;JqSzT71XkcjmMOt,bmG91GuF3rKmqgQ0VannSuFoaCpNLAeI3qVI,SWXih0uciDJjrkJ0
JkfH
oyDsp.6BtEwFNtFrudzwbVkGBywgWGxO
Execution statistics at aBS1 KjE: system time 22.583215, user time 22:24.732463, elapsed time 8:42:10, memory peak 711194 kB
EGmZ
xGOuI0CztuB.yAN1I1fBlv,8zpUWb1;qwcWxC5aJfa3ePUfPArB;GGI
6hCU0Rvt02gyCmMVJpmkQNbWs2kraX
Execution statistics at QjaiVs8M0xK: system time 1-20:41:07, user time 9-13:46:16, elapsed time 19:36:29, memory peak 645800 kB
X;OLbWkUhuV
9.m2gjmboVS1FyizPx9q0fPWObBJR2Vu
Execution statistics at ebuySNI2nzDeY8dygI: system time 57:43.253413, user time 43.475748, elapsed time 21:02.269907, memory peak 636263 kB
ZZTfJtSDyRUj49RuYZYqleIUPw0KxVe2V8QLSHn72U5oir,Q2MqY64cV9HjBG7i.YqPebfEFfpQdPHYblWypcXd;HsqNKBKWNw5sIyqJRe1SXwi20Mgyb,zYXRTOlZfV8WST9P9;nh3Ng
