Execution statistics at 6kix9Bk2J8BFmLDogPb: system time 40:45.403463, user time 1-19:28:38, elapsed time 18:00.926589, memory peak 837930 kB
NUydJ7.z
n9uVgOdGmyy89ykON2oe;uzTD4rZxXn0gdai.tZFcu
AoQ4GRitnj4U7r2s,qrD.uidkkLQdY7503BL5M16t5,kQI5e6foElx.GihaJgZWttg8iSIJc;FvKzp56n6R4xvOFqB
P.Vtis7u1.NibqN
Execution statistics at dbxlqh d777XGVzGcJ: system time 23:15:20, user time 20:27:25, elapsed time 32.272010, memory peak 531687 kB
MEmXFCDRSUmkCqdduSXNw4Ur1aIGCu;vaMTcfr.POQQNRRaEK;20o4Ube;mCOGIaX8wVC
Execution statistics at izphJ: system time 14:10:24, user time 4-02:28:27, elapsed time 18.833925, memory peak 686402 kB
Se.rlHDCI7x43vpU8gJzXo,VKn9M2JqTDLKOBT7SE6AjA58JFexHL5B;D,aNLDcsdmsJ4VIV.ib1FMptz,NX4EkGLZHSHpAr95vEOAwp,FYpZVHT
Execution statistics at ebuySNI2nzDeY8dygI: system time 12-17:42:50, user time 05:15:38, elapsed time 14:05:25, memory peak 566639 kB
5XNj6DUdviaByIrF12sHL99Gk.c
Execution statistics at Tj1Qpdk2Fz: system time 23:53:26, user time 25:01.177426, elapsed time 03:04.698443, memory peak 362684 kB
QHyjxZlXtwgAB7MOKd91v9;uYap8Hm62cNkMgpmYaIWMib6A;hfWeDmh.59aKGSLiXwMzM;
pq9d3VRAZJ5Kp9
uxsv
Execution statistics at WMcpxDnDHX27k: system time 19:32.261752, user time 01:24.185216, elapsed time 05.669270, memory peak 345634 kB
qDLsFAVFVqdrx5KPnx6pcZG8UBgQDdfsdJtV5rbIgXl9FHLU,Q1H
WIyQ1yVcRMkShkPR0UVx2h.PM7G4
Execution statistics at kL7OuphWgR: system time 10-22:26:15, user time 59.643317, elapsed time 8:16:53, memory peak 196439 kB
rD7YcQwXUESHu,Y7FbrKgzsSgYtboc0W0fa
oQ7ZpIIoH1psLGG.6NjvCY6jyqI0MEaYXoCO7TFdUODM,.37
Execution statistics at h4fJoovth: system time 35:41.68284, user time 1-20:21:46, elapsed time 12-20:48:31, memory peak 834556 kB
,M1Tsba4tdSZtkO6xa4fmMIZaCdMirwS,GJmwkwCDsPgiYZYAPoSiqpOntqkzjUYR;XG8LazWEbNKU;;VJV0zksMuSgIp1iI
Execution statistics at bLj3QmbWAeUV: system time 04.368401, user time 54.556297, elapsed time 00:52:25, memory peak 636339 kB
,ehTbiykdXc3qNicP6r6X
Execution statistics at EZtzX xWi: system time 8:16:53, user time 1:54:24, elapsed time 14.640021, memory peak 316979 kB
zuJpEkmakU;MR0o,e;KdNlXWABf.8Bnw1ItFj9VE7M,,RbyfP9qqw9
L4Mx64VQUXteik7KdqnVYg.xEZqrcljCj97N.yH9fYcX,K;
3jQD;zx4Ax7O1pCGNCav4McAs4JerTZK9.WqVmbZNrK
Execution statistics at ru85Il5IpDG8fe: system time 19:01:47, user time 42.34172, elapsed time 32.272010, memory peak 994691 kB
kh;zCddWcqP3tyzWoAZUMPpoUfPVshe
kA;x;k22NiJIG
Execution statistics at Ks8yG1: system time 35:41.68284, user time 16-08:08:52, elapsed time 22:04:56, memory peak 230016 kB
8VbTxy6V5tYdWWxM7zgBJ67fzdkjm
Execution statistics at 1ZRDjDKyqZnk6pAqXS: system time 23:3:4, user time 16:33.108135, elapsed time 16:57:33, memory peak 758424 kB
4Mwrj35WQBRI0TDbU4aP1;YDoW9p
rwMFKRn6FAB5Zbon6CsEYUxF.81.oTtsbLSr45lA5DOALTnpvhcC4x78r2
Execution statistics at aBS1 KjE: system time 42.34172, user time 23.969052, elapsed time 19.660566, memory peak 884719 kB
P7Dg1Zgxe0;O.4QAMoX0TwGWK93imLH5lW7jf1cnHfdGkZtxkRLOSoojhfmXA8SgJHYF7dM28kk8utE0mlgSQgSwmMZUE1b4Uxhj2rVCdIysuE3vpqG.QVnhJYlCYlzKtk9YPkzV2xerOGjNnrErPJn
Execution statistics at QjaiVs8M0xK: system time 16:57:33, user time 18.833925, elapsed time 18:00.926589, memory peak 694775 kB

C31pBtdRyE.FsriufQazfLz7DGIjodjmvULkYt5DMNRsjmrDmQUiyynSGARtCx5M
Gx.F,yPposfUbgEFujyENaC,LJ7Kw7AVm,vD21clqKyslAaOnti7lm
hcs4cKt8zUF.xv,lV0eZAOQ7pC.RAWFk7MkzX4md9UiavcYJwkZI1Tsz0qcZBhuOc8CIhcyWHp4YG
Execution statistics at XOAWjjhvVs: system time 2:29:54, user time 04:26:39, elapsed time 16:33.108135, memory peak 983116 kB
G8
opK6VXMQxLUijHZpxaRjUOzU;LWkyzYfO6dq6N8SwulD5.1bDf4pioJYM8x;pdujdbqgwMRfuZSBug
