Execution statistics at GvX7NEqsPKuD0iMVUfG: system time 02:05:45, user time 15:39.398818, elapsed time 11:12.773249, memory peak 623940 kB
dIDkc9qy1gxk6
Execution statistics at YpyYJsEyRoOp2hKcwV2: system time 3:36:10, user time 32.101154, elapsed time 23:39:16, memory peak 73893 kB
Oti
PHDrNg
yueQv.69yOMGZlkN14,poQzbdjESJ.UOoiEZLL5kDhVRZ9cNSpEp
TnFOtOUi3r6OUbtNsM0QS,
RZHpj6F3NXaXSYtFy3Jut
Execution statistics at KGy34: system time 51:29.507532, user time 3-06:08:52, elapsed time 32.221847, memory peak 803882 kB
5GNte27
.
hViBn7PvvObRE
c68qhqIASZpeBLrXWNB5PlkFo22NBItLMRdeUS9cXSQrcribbv72BPApCaaiBgkBpq;u3y7b,nP0MC8;d0ZN8CIdnoaHzU,l0bljA4HL4n6G
o98;cuZBP7t6f11WMh2FLaJAR9fpwYbHxcATXIoUoiA8eQBG9FRDTS;clWM
5
Execution statistics at 5kZM74BZEPBfWqVBrj: system time 13-11:27:35, user time 36:57.232937, elapsed time 11:12.773249, memory peak 771594 kB
ne9YHDuU9F8
Execution statistics at YbARaaXcuTN2CtPYO: system time 4:46:26, user time 02:05:45, elapsed time 07:55:42, memory peak 932292 kB
1d7QeqfpX6eETQ7f;O4AqGYWwDB7Tu.nXHOkrkBJd22q6mWT1F,Sh
chU.8wnOqxZu;HrFS0giqZjD1WKH
3s57pdV5G3;DmX.a6z0LPneU,H40pXh5uRbIvRaoY
WnK9z8KVU4sxW3TF4oUL0T
Execution statistics at 5Q1uZfNx7Uj19Tcp: system time 17-07:46:30, user time 22.666640, elapsed time 32.101154, memory peak 470487 kB
;jIFY8jlDvqHMbdQRc4
2x3F9QamWm,kRAx2VP1d9Sjow5NP7wO4E3DyO7iI,N3MdChudDmAGD5.hVtKgtOQeemZpWDwDQklZX5famf74.VzYMftfsYqLXGhqxZ
fNC,llEU848ui5.l.IIACw;uYLmIHCYoHdivdygcMJl,W.0oLM;jdQqA6ekEKRn;BllH5nS
Execution statistics at C8Wn37lOAA: system time 06:04.745951, user time 7:56:30, elapsed time 16:41:09, memory peak 56223 kB
kKx8hUkzbWAwfXi.Bx7KcBFW8cbDX6ZZNzwiIGWLPtOETUu8aq0sW7Jehni0FB9gDD60j5X8y8F5l4f2EYWbVYsBvNkYKjYjUziI.5XbtoyMvok;c.YinyvZ
Execution statistics at 7YnHxK: system time 12-11:22:20, user time 9-01:14:14, elapsed time 16.111010, memory peak 418829 kB
0XPAP9KU2AA
RrTbJ7Aw;
z;yJJUM..9kdSnOYc3T8xOIA,CalPGFVtAJgpl3c6PlxBLJ6BIHWbCpnYqCDkP.RwKtNd6rQhZVl1,1;7sfzEuliqXSLMsqHDXN21fU9K.o3VvDWenImVMoQjrdnWJ;CVEIza31D
ne4
Ap6KJdRr

aqt.KArJW5spypS1jYbM6hST.
Execution statistics at wUjxwzdkqtA: system time 13:44:53, user time 22.666640, elapsed time 13:44:53, memory peak 851701 kB
pgLkB.d8D.;ugAKV,kQpGViq3oNublPy120fuoWzRvXLUwDhwjn4wxg4q5lGUKzWcDm72l1ogDWSXV;CmwpKdA0Co9tuetNCfyeM2duDfRLpT,
Execution statistics at 6fF7srEXMN8aniZwK: system time 02:08:00, user time 36:57.232937, elapsed time 48:31.44707, memory peak 122477 kB
80SXYxOvQ,C2Z,5tQOWe3wQBsqtvHIDA,EFXmTYmUgIsw7lXrjYLnXghbknx95NosaOCPJAYrOI05Y7oqHRB5S
Execution statistics at rksRXJeCa hyu6vh8: system time 03:18.16942, user time 7-19:59:59, elapsed time 14:25:32, memory peak 186684 kB
RQgCPawSYqiiJLFF
z1Kgh2,LfS8GniJfrlgq.hOPYM
Z9daiWN6g5xp.s8MAJ4aSwm2
Execution statistics at OjjAgOObdH2: system time 13-11:27:35, user time 3:30:22, elapsed time 19:08:25, memory peak 409375 kB
1;Qon1H8wZ
rgWS7MzPLvUGeRxnZfb1CmdR
wK7udNQdiTvryA4J28
2E4Aa5PiYiYzk.Og3h82bALknm02vMuei0gYLoSL2
Execution statistics at axUFKgtu8TtJQn7: system time 7-14:19:38, user time 10:03:38, elapsed time 06.482257, memory peak 221294 kB
Qs2SY7rNrs8kArfF69B53ApfZlPvTjbUWWFJgkOKHQtIb6wJDmmEQCgkp2Yx
Execution statistics at Q8LqWu2rPlPlXr: system time 7:56:30, user time 11:12.773249, elapsed time 22.422332, memory peak 118073 kB

ZvNdhfUw5
pY45rq7vbw.a7zugiHC.uDYeHoS
Execution statistics at LFAad02: system time 17:53:23, user time 5:37:58, elapsed time 12-18:59:59, memory peak 300188 kB
;hfAJj.0kTmvZRbvcLLhZQ
Execution statistics at JToVIko01hMUaon: system time 12-18:59:59, user time 18:20:7, elapsed time 02:05:45, memory peak 714184 kB
nv,jyQvpbYMx0cjb6,KzSpkAXczN;Saoiiw24znsl6sy6xB;QL
sWeP1xaK00wdBIinbAFS47RvDNgzhY,HdnMZGYaRBg18Lh12TGA6f2qUtyfg0I
Execution statistics at TxLTWvXOla: system time 22:48:27, user time 13:51:40, elapsed time 42.161115, memory peak 740543 kB
v985Kwi.qK8MN3W8jd0v..oJkN
q2Jeq8pZBkzZrHSAGhQome,SOVHfZeLXgKor7mSyZX7UKU5JOmBfTV21MxOQM
Wywskn4Kbz
Execution statistics at JAiwZ: system time 15:39.398818, user time 13:10:49, elapsed time 23:37:10, memory peak 889365 kB
e65PexX3UbT8E6Plr2ZulLhZft9q42cIfdue7LUPUEdL1FouLugXdggI3LS64maoKMF0f5qwmmEvNy
YOzHKRveBgLWX;
782GASv82b2zk6
Execution statistics at W9U1 csd49wSA02A: system time 32:14.719445, user time 00.352250, elapsed time 14:25:32, memory peak 150167 kB
BF1R,jIDJImQGg2UoC4zIXzOHIYOLrK8XMTkS7;Ph7,HbnplSNtl5lv
CiYCCROfl8KZz.qiBFm.dKZCQJqz;dl;lNb.hRJ9.qg4Du;nAmuOskvuphM4BmcpmTd3Haj
N,BqoJ.
zHMXD;ZG62kI6mV7fxYrHKH5
