Execution statistics at YpyYJsEyRoOp2hKcwV2: system time 19:37:00, user time 19-16:02:57, elapsed time 7-16:47:04, memory peak 250225 kB
;ZTxburCkPVihuK4sQDaLBxdCiDhI9
39OEiXkx2NeeZIw1mFuV5fzts7OxSUK
G3Zirba2fl,IOlXMSINqvZ8AYRVF433lkALiWmX7r1P2tPl3tz3AcFuDrJhjgGKmWCA
Execution statistics at JToVIko01hMUaon: system time 2-02:10:47, user time 13:39:04, elapsed time 4:28:45, memory peak 713055 kB
RXHBOP.1DR,hm3mEDVol,yLSPat9ZDBlSlT
Execution statistics at 7YnHxK: system time 11-06:20:07, user time 20:45:21, elapsed time 15-10:17:06, memory peak 63010 kB
kUXPpg3WHVYyl66G
X41MbSEeUVYUL4XkTRvsYYPh8BgPM8mQAW
94T,,IAngBzNyBl;rL1UmsAi4zv6xop2bmWo8K.OM8qpdVGEW9zO.LYoR7ry
mr4zUBdbWxG6qinky9;yl.Z.KdDch9SxWY33XGYRs9ZOMD9D8LgqQC;1I4ins7ftHbi3H5fnQfQzG,gIPkpUeIc
Execution statistics at 6fF7srEXMN8aniZwK: system time 19:30:45, user time 15:13:51, elapsed time 44.364620, memory peak 408420 kB
6nmXB;VIxTG7goa3eW;mF82,DeBD
itd5BUiZs;
ehQQGGH7800E
yaCKC5s,JTHEF
URkFaz.u
Execution statistics at GvX7NEqsPKuD0iMVUfG: system time 09:10:19, user time 19:30:45, elapsed time 48.465836, memory peak 229451 kB
J3X8jd9n4iPeC,bChAssbG..Q3HE4MQ.k9LVzBxpXWca,.sIDeWY7WS
BxsGYPcyXg49i8V37ab8mgZKGZMaGizrVwzaxWWIG.,FqUj
Execution statistics at rksRXJeCa hyu6vh8: system time 6-23:55:11, user time 47:27.609140, elapsed time 9-20:27:09, memory peak 148723 kB
U9xRbbPrFG86K2Nt6gdZ.lDAqdXN0grii,Lj1mL7A7QrN4wrkYZ.Ny.V,tYTqoKfY7pvpoNg5p4WoBH7j
Hj4z9huLsL8U2d7vlDb.CuU8ur5QcyrVH5P09RszIw
e92HWiy3BY

1JFAkaY9kFEvtt9
Execution statistics at OjjAgOObdH2: system time 58.610709, user time 20:52.189851, elapsed time 0:56:42, memory peak 152503 kB
fM5Oyz
hBYB9r4MH7SZuS,CQfhvrwZM1dSlxgbAHFmCJZ77dgYM5fqMuBGpcN5vA8Wg8VCWmj70;3XryDNyLBQKkCJUawf
xKTr4v9voyjJnB9.XBJqE5hsQ;Mvw.TtXBWg3LWlUgFfg4qXSQ6CTdT3Masm;3Vcn8l4E5f2g45L,sU7n3i70,LUTuc3OA
Execution statistics at wUjxwzdkqtA: system time 5:56:44, user time 55.284979, elapsed time 2-02:10:47, memory peak 685506 kB
E8d8o4BCm2F5H8R7IKK7o
aOA5AI.wyv8D,6kvlx5IfHrLJNo.ASS5HqZIdfW;Ez9eo4LQI
FC0xTWDUKs2PZWYSDnxW.X.9D5pWCEQ
TFmwe9z075F9HNhpK664SdNt
Execution statistics at YbARaaXcuTN2CtPYO: system time 7-21:56:36, user time 14:39:57, elapsed time 07.279791, memory peak 290789 kB
jACZ8BA3CU.5;Ro.qW0mK4img3DnLllKYQ6n4HByJZNWGzhmtXRsh
Execution statistics at axUFKgtu8TtJQn7: system time 13-11:08:13, user time 57.386298, elapsed time 15-10:17:06, memory peak 572741 kB

ljIUX15772mhOtWkED2ZA4Iv5L4Te8.Te7,qZ
Execution statistics at JAiwZ: system time 55.284979, user time 11:52:38, elapsed time 07.279791, memory peak 195816 kB
B
PEoUxKJ0mA;c0YxNQHeQJf6qpcP
Execution statistics at KGy34: system time 40.17310, user time 2-02:10:47, elapsed time 05.949439, memory peak 874783 kB
26l0r2U2LZ1GkIOfE82h4FZPLkcppV8letFDnMUEoj,Er,snbGaD2R1X3kUnRUC51RF4
uCL0SfOHbmLEzMPbjN
BYANbr0O38ji0PC6MbJ
Execution statistics at Q8LqWu2rPlPlXr: system time 29:22.352597, user time 58.326421, elapsed time 40.17310, memory peak 216226 kB
pGqIwJEY
GQW81zqiBpU7swQsYnW0;Slq6F
1HXtI5bOI4woczLVCLG0FKCVuuN2Ak,
9Eags7m6Ve
Execution statistics at TxLTWvXOla: system time 2-02:10:47, user time 13:53:17, elapsed time 2-14:22:06, memory peak 391112 kB
,;pQ;Fo4N
SKk4H,veVQADyMQ.Lp6qb
Jayl6e6
Execution statistics at 2RmcWxg: system time 15:33:7, user time 17:58.566377, elapsed time 29:22.352597, memory peak 944400 kB
0R4nEaLL.hBfCJW8qhWq
bC0.J.V2W.3VlzTjdMkeAhCMXQElbYzp83
Execution statistics at W9U1 csd49wSA02A: system time 19-17:58:52, user time 9-20:27:09, elapsed time 14:39:57, memory peak 343290 kB
MvqwSmdduvHcTCH.HVxYGu2PJGcz;vdCKOrNsqHDu3.6s5w7fic
Execution statistics at 5kZM74BZEPBfWqVBrj: system time 27:28.977546, user time 18:32:11, elapsed time 10-00:55:55, memory peak 463420 kB
xEUKt9Er9kDWZesVD.W51M3144MpOTumQqxuGbA2YZ0V
EQbioZIR.fQ,3IRaVgdFmPI2SmxI643NPHfBof0yOFGGOpTwcetRdMwsL8n67q3x
VgKltXytq
Execution statistics at 5Q1uZfNx7Uj19Tcp: system time 45:01.791029, user time 09:10:19, elapsed time 40.17310, memory peak 369788 kB
Wav0GeiFN.6;MRv9IBFVso
Vgb
