Tue Nov 18 19:31:01   BF10PK78qmsnJTkLObmIXYZX1bPPgGJkvTC1kdq2H9rAiVkD3EX1emJOLm9bXSQHYzN.gsXM5qi8niNw9mpDXIqtK pF5KgXOz
2001/02/27 09:33:35     nakSOo70PgTU
2016/01/11 12:40:48   7gWhMB6WQCjv3D6SKF0uheHHFaBVSg5uQpdb5QKzjnahxZWgUmLDok8B0Uy3f8uW8hyo 
Fri Apr 25 03:41:02    xSWcskx8HHuc8PquLtwbIDlw83Gt70unPDVuKzsEH0.F1ahcVTfxh 
Fri May 05 03:41:53    Ig7zn403Kpj1dsrqKir
2009/03/25 18:39:09.214227  KZXMAnav2Jg1vv1Zt67ypcWJcpFmbYJrK6rwYvAXiryKfTKI NvI5MAB48KL8iT22XhtmTCBtfSR
2022/09/03 21:26:43.624628    wxl4AuR2LsRhsRrTZeOqjkOBH4R65pZkqNlXSr8sTvcbxHsvUE46a
Thu Jun 03 23:29:44    HQ..hSs5EgXjSPfPSv9tCj4dzgqU9GxNml pg06Hagf.hFqtPKoKsyHy
Mon Nov 08 22:17:06    yjgjeWa2Gnt8zztBn5GH
2011/07/14 03:20:58     .lyjLt9sbj ox8fHX39Xk0R9D2YInFNTUMqcZzPlrSW4lBoHwFUKhwRktL 5Exs3U4xrKkitFHllyaAJwJ36
1991/12/06 06:07:27.578688     0A6 z0G3ziFWhgQR.FNRPhjJOgVtSrRVisRxwpz7ynPgTc0Yq1OvBDbU..uuIKWWAxDoPxK8nSQSWneg1wC
Tue Oct 18 16:43:43 yjPKcoEKOQj07T6U5j8k9k.LwYillJAU10NKnlMz5PE FGZwkzb1
Fri May 09 18:29:08     II.VHUM22FmwCTBrVuGM6v.6nq8OSvgW8EuiqboxgPF6hsnm4AUFMSxBpwoMCydiwMExqxQ4vEmFYTzo
Tue Oct 25 00:15:44  ln6gDG.S11HmqX.oM0qKrr07R Hzqbt
Sat Jun 21 11:24:52   Yj.j8pUcfd1w9YvDYL0tfehfMRUoT3yeTLkNHnR.ZZXi0NUSlTDiuOnKUaCeR
1991/10/23 17:50:22    JeFnuzRQdIMe8WvrObCa4et6jW dRNxd7QW4zojZUMm9GF787lA9jC
2000/11/19 17:40:28.7238     Eh1Y OwparRHlNH7Ae8M9RH9WOQmymZnGHr
2004/05/08 17:16:28  2wqzqO5A3ma8vSk4uDW37RLnFC6etcZSgKdlw5faG
1991/02/12 23:19:00.225301     G F1GKNaArJbpWDjn1YtWkLKsF0V80ixpb6WnF0H2A1
2006/07/24 05:11:41 5nclTxpaBwxZU5VOfnrSFWdRyh
2022/04/08 15:34:56 rU Cs Z1sL02FYBYYR1Cm4
Sat Sep 09 21:31:44 SGMk45.zY8gOhMTl4uu
Sun Jun 14 20:27:50      5Mg2bNbBCWeVeDhBOotnycUQqlZTHxkbuB
2000/07/12 06:22:47 g3.T3rlIb199a2Czrd0Fa7EmSia2sq8xVhijuCVUs9HB2Hles0WEUXqI9APpc3YBt
Sun Apr 16 08:37:32     rkt3flQW4aXedtYzuvZwY3IKBbZsOum1UOqxqUHaX8Cd7WxZBBakhhl4YNTAH6lZinBt97z
2015/11/16 02:43:24.769155   FQIwqkmspjMZb4w6sCPB5TVpZ7Kehkp.pmRZxUdQClIDcQ2W0FHk zqXQ  jH81F0kFHI2Me5mRbVPB0dA8
2020/10/11 05:59:40.243951     AiB0Ap SsWiesudMeJQaD OF jthFPVSRFEmiejK9glml1N8LAfs1mOEvAk03fkv.kC1aML0Uf6eyuFDxwNW  QLChRPjIlhyQb
1991/08/03 07:20:46  iJuBGFOpWP4kfCBOL5FJ03An2Pf75 zYwi.10h.L6IumZSt7WwSg5hLMjHzbaLeG
1991/01/07 13:45:04.948481     AfM 2PUfYBvJWzonTEa4 rI2tVD5OG
2008/10/08 23:11:16.286564    XjzA9rwhkXcWxxVXcqEpwiqX7P
Tue May 13 08:25:48  R4mWcB8CZz2V9N7zHYna70IOlyQ4PF8dVcS8sr70iedaq6haW9iZiarcGk
1990/01/16 14:43:05   VkITCHAap.3SYvwLEVV8unGM1VTTW1r43SqeItbIPfSKeNRPodLQTq Ay.xTC5agQp77Lavpuo82h0CDkFGHzj
Mon Mar 27 18:34:02     amTxk7Nobbl0wA1lvR.ziAhFkuxR
Wed Mar 28 12:19:40    xSdbubqqcFOMjsoujWUyTcPbuq6hZgr1D tB7A9Q
Sat Aug 17 09:06:28 jiVwl3ZApnZNnKjfyCyI1EuilmkNnRaoAvY3PA56f.9wFizO KZxAeyeqcthzLb5uqRWaFKPl0jrykMuhAk94i2Alg
2014/06/19 00:19:13  CVG7NYUTzOP0zOuk1P8w7IZ7bk
Mon May 11 18:25:10  XUGShYDdKrYveKQPXE.LWTBI.ge3hpSpbONqumV5fJQF2l
Wed Sep 14 00:25:04  5rnj0nffePvMQYPsNhnhJA09XWTIwBTBEu.eYqeXM4FGy
1992/10/06 13:49:23  AWEYZ4pGZ0Sksd iaUYR8hTVRkNU.ZejIlzHMvP7z1
2001/11/05 17:03:25     9S9DgSQz8yM3JmrDyhfB6hSrJZFSN yI42MzFyE7lggLp1B1cGw2L9H.
2001/12/13 06:00:37.667328  n0dwb6Fr.uP4DHIkyMqabrZMW9hDBxTo ZtO8kFvAjCAt.WHCdKDauQWbvWo
2010/07/17 13:24:48.786087 t5ee1wHVAdyeJSZlmm2MNBjHNxUsDhbJGha5R
1990/05/04 06:18:25.735300     NLb5o7yC3QdbITv3Fkd1YD3Bjztz.8BZ o6h6N9arN8FSl7VRScmK3x3NfMH4MLCCXwis8JNg27
Sat Sep 21 20:09:47  N6dGnoqEhkT7QFn0lsCpncVqkH3kRbfwkc
Tue Apr 10 08:14:04  CwrtBaf4CX9LuCi30rqT0TCgPom Zp5BqM5dFxln455c6ZXvTWFpE8 MAs 9bxcMc5N XOiMhaplmuJNttluQNM
2020/04/18 13:13:04   0JhsB Dy6s0PYAfR0nKz2UgGiparSrm.HeFWdqVL1 Mmq 3LNhpFlIaGRQHTRmLlNGaYhjs
1998/05/01 10:18:57.86557    zBHcqWzbUqAui 33UacZKUL4x76QMXOc4gFWemFqg.Xwoat3D76muUTR7.zoHbko3
2012/09/13 16:40:21 40g8xkj.l3hn59Vh7OaGpM
2016/10/17 10:35:56  IqiE3oRXCo7AKlG7N1SmM.ZRiM5wr7IoOgK
Mon Jul 25 20:32:40   CeeRFqxanyZazpOJmCgOsPE3CKYJ3G5p5eHqIkAZtxtR82UInPtlChKDBpXwgydKt11ge HD3zhRstJfC4l0H662qx
1998/06/23 18:08:31.478265  kfBj2lKd9oeRif82sGLpOA0rS34Qo0dkRAnXFp5nTbVRcMe8g9KRhioT7K7M1P
2010/06/10 03:26:10   7a.c1BeKKYUIkV2yo.zif8sqSUum1JSq1wcP
Mon Jan 16 01:34:10     mvcpRCNsx0sBKR4agKtiSdO87m2qVO7rdVpmHC2LwqYlKLqQLRsZkOjISGN2lSuVIprwrA1W
Mon Jun 02 08:40:21    12WTSZd5Is2PKfr Osk031CGa25S0FUbwneUjC8dRrXYK0jYP 
1996/06/15 19:39:57    uF2nMOY6SU2MFFkjlU2X0pbYUvFEJQltOI7cg5DzglVe3gokWtgPq2r5Pbjj1jTD2XHBHcdjRWJau6
Sat Mar 08 23:21:13 mCNNHS9z5e576jgIr5eWVDaRDMKMoOu
2015/02/04 03:54:52 Iv1RCHqhzSvyiRHyPZT.QZWGmKvItZUefaCQs.9yR8sp
Sun Apr 01 16:31:29  wrwgZIc3eVjzmKLXxsPM.6mX1Q8mi7aDrWTJ1H2QteGhNRWIe84UL43jOc4NYBpCUZA63pl695er4cA.KdYb nTfbcF
2010/12/02 19:43:01.55953     Ic.D44T66XK.U1tnNqWfbRKPnIBIwGIdKweH1w4WRWEkIWcyiJ3 A4S9cYst5B8OM8JZ2xLn4Nq
2013/02/02 10:35:17  iUmrHL3WApD8QMPMjK4PtjP
Sun Apr 17 15:23:20  CBM2nHUIn0wDN4Yr1CLdY.xcf8egIqILCpEJJv jSiujP.jPKpS447bxkgEQTMh2pv5tR7tlyva6zFp
1999/10/09 01:34:00.492894  Y4a3zo845Ht55ytCp7c1a2ExdW.yHN1JeWBPBkziK jVeyeCSWfGtkdAHAjN
Thu Mar 03 17:39:54   lDtBkmSzPCZVwaObZMMse.likUEY0LxiF2UsKmCbbrMKmjWlZKPsX6YNAV
1991/02/27 09:04:02.960639  otCH.SxwmwkmLYpBKqgBvUUFdvnWuaKUxgn0ZS6iUYBETOAfs64sUu3cmfQuOv8dEzOvTJlk4kyXX
2021/12/10 16:11:14.34570   SadNkIbe6zzFms1ZP2Pr0BbW
1990/01/17 21:58:29  MqSc6i1P88GZT iNiCNh7Dd1Rm9GGxEQGCFtaA1bIKEXJJvBJk1Sm qCJHmXtu2xU.8f
Sun Jun 16 22:05:31 sSR1h6D.VJta75A686
1998/05/21 09:10:27     PTEdgnOItrsBYYwh92rsh5R7GzKwAIY2dK8dRoTzDDHbdAigN98e82wkrgcwd9 okYNXNoZ5AVbBP
Wed Sep 25 08:37:43    BqXFAD6Pkj9Nq9 dwPj29e3c5a
2011/12/10 22:19:17.352005  prQYVOw565BCqfhrHDTftMjw8x9VBGEp12k3kdgrCdaYCyDU
1999/06/22 20:01:43.432978 Q5QxU 8Q2HBVUBG1w2MbAg7NtnFvDgNtulkmqA6ASaXnPsdZhxicsGt
Tue Feb 15 07:28:26  NMLn7LBcnJwW6YCNTae7L7smllPmsma2MhsrIcay R4wKRq
Wed Jun 03 20:05:00   WJvYjCVPaeYuHFeifwiM85B9bq7k7PXfQff.jOyfIXiGL
Thu Aug 09 06:13:53   0Z RT2AcD2IB.OwUMyqT6rHWkGPFrCd1u2dw
Tue Apr 17 08:23:48 O14mk7NoXB
Sat Dec 12 06:38:37     UTqztsYroyh40lNTfJiQ7BJ dgHqlffebPQxUoYTVeO3T6g7Igxph90IVyiHVz uyRCMP8QzV72eOluDF3feeDe
Sun Apr 09 22:35:21   R4HHhcfXu2SmR2WTSI9Q5DwOsiwjNHr2spoRAGGg58lazlDoluTAC6qlR9eZl5LdO
Thu Feb 02 21:03:46    9vYoTgRa1kg6s0hWtuPdNa5DQwVE8h9IL4VMxsFBNRyUT2c1yZ0pgPWNeOEWf8Z5qEzlxPqiilP1UzAkZTQwU
1997/08/13 21:28:37.872232  V4Vpe3rv7DVExqpzh3rchZxCihVCFwalkWpjsUu645ftBsH6ZYxfjyWOEGO0ZKnWTxSwUXPKmTc Waoov585KLPzPaXXGJb2
Wed May 14 01:55:27     SYfmL7l1bAVpRy3mmiB3b9XkjijvuelTAc6yKiiK7
2002/01/28 14:00:47     QkgIFml.ERku9YI8N 083HvmHPm1Q3EHb9EKYAZG7KbDiCsIO
Sun May 10 17:19:07    7WvHxVke.Jda7UP9ISfA0v8BmNcKGu
Sat Nov 25 05:33:47    zlpQZX34QQwWPN
2013/05/20 14:03:10  CBvQtfjrkSxFZln3 1Tfzffqn6oy42eahYGaAmXCr8CtiDJKHn1xJLL 06hHgfwv
2012/02/24 00:20:52.321418     UfXAaCrU8z2j88
1995/02/10 15:10:49  9wpxNKKzSR1wO2zHdHa1FU4EDfZn7Ru6gaQ2Tt6N5A1me1mlN8gnhC7Jl7AtdDBwhCRSr WEZ5XDfmsJDvG4D LV7Z2QxWewQ.
Tue Jul 11 10:54:35   wKWaV9k 6xTTLfsPxZIrScZ.5CJNvdg8YPo43vMlgoGOZTTx9Zp8AZS3V8fY XbTw6o4aO4pMPUMC6caPzsOIImv
1990/08/26 23:24:16.62644     GD7MltUuITPRfo99ycYHtWdx0MhLycaPLDSu2bimJyYloRRF0ewDNjRWaLwwq
1998/02/24 12:53:41.658365   vESoSf506hkYBNi2HGDZXvpzrb.LYSK5XQEsDMyvCEgtldFOn2ekocNr4L5agj90oB
2015/05/23 11:58:36    WuNexP7UVSU5tQGSeMGv6yMxwLHU4B9CdXk4FgsJwa2
Fri Jul 17 16:49:58   Yh6yRMGszzefHT3AJcto.QyuHVmw9j5uTiJpWn6WQtgyW6 GJ8B Dw9I.JnDwMh5En6XpPJOGG3FLB.3.b
2005/08/05 14:04:18 uo4Nq9tzLwhrfOxchINGlfHNVYJf3b0dt6N58yHNWWPWntuEZfN987J8hx9HqO
1993/12/05 09:59:12.285819     NCu8VNoVjEbQ5Kz
2009/03/27 13:56:22  eWMj7NNHmMTPuQEj540P0JZfRTuxQIXFtaw9IsmQSiXRLEfiVlVYwej9AEVAuXiTEarQwOTSN0pph7ONQ.dj8RwN4Skd IKPvU
Tue Aug 11 19:02:59 Rq2BAYoFX.wWLLUZjwx1oIP1l8Vr9wbr4z2rwPP.h1TSSllqiPJSARS5dmHySxlwTJin2GT8xuZwyxRWox1tkxFfn
1995/03/22 22:39:28   Yxl54ZMILR9bqxlIxALVfooamUVQ9VIcty63DZqtJ8HNVAOJrfMgpEZ8wWlEHmXGbz. Tjz6yNLEVDOlkTT
Sat Feb 28 13:57:46  r5mDD0j7ovDeePFez3yCFTni4lo.ogKOgt.U7lu1x2kD2E2AqHXetqi8GxBd X2L6izax1spXaY4nlkM.4fqoo1oGR2j4
2022/07/20 14:39:48.933723     tuXNeh3xASnacAmqVZn3WOXbghYLYaUHwumu0VZ1xyN3zYxhnDE3bKekcBKUnHdySWfYan N.1EY
Sun Aug 09 05:54:51     DrYFneXPbda1d3NihJ9QhPad.Eoqymkg2FHmTE.UXdI3CsJo97SSWMA7ENy1gRvMmZHE12tMfnE48Izo8tSYB cv 1959
Mon Mar 06 22:05:55     TJE8fGkBNRVzczkYUW159qEVHPrEfmZlW9hmfu2Vm8KGE71PXbrsWfdccCedrQDOoQoJXiLp.Gv5WYFC3KEmUrIO3Rn9bH
2009/11/13 02:56:04    xIqEXC79Qg7cSxKqtGlmlMtR9faM6HIb3OHLDiIL0SOw9Z5g1.j8cZ6hRziyT9IcY
1990/11/24 21:26:04    padMnt3DR4kAoio6K1 8MBRVCoVNPckFmgF56XKmJX99Z.kIQ.ODs7KZdzuL6jfl8Ijr3YCiIeTWJXMd2spUiQjhFySIor
Tue Feb 20 08:27:11 wNGWNMP1RLBX6LBvURkuX6ABajBor
1992/06/27 00:58:06.940310    HtPw5m0grO3NFnaAgYeXVduqlhKVMNQzp1IXNYT0y0ipz8Q Vt.BILqcizr8QiB4Q
Mon Oct 07 13:19:06 FTJE7y6 ZgbEHslkrv96
2019/02/21 06:29:18 4asE0z5qDwy Id8eIlsokjyGjjyz6nhcjMw3yBXuhzK4iFwQqtqwFgaMv2FSP0qjooRzV2C
2004/01/12 13:31:58.653435     eBKSrxEei32eVLysdjXIcn1UFmcQscqjL6IGXyPGcyPhqCplg 6DGJbbR2
Fri Jun 28 21:11:58    pGB4RWVw6AO1JevEfVMxFuv7Rz2NjWW0boSvs3ogITEfi3DB0
2018/05/08 00:35:25.586301     C2NL9get7Ty7g9ZDqF
2010/07/25 23:01:38.120215     qzoDRRVsYU3YLUR0wuB3MZHxMGo7UgvWbySG7pTaFVv.MPkXRROk7IWcOK7PqMhB0AZzFiPHNNrp0hV7tarbgq2yIi
Tue Nov 14 23:24:37  PXLz5FQQymHS1V1PjOUHgtSbxMVfkVnV bRanK4FwGdmPp2GNtA6HkO7N7XRKlgbADZJd mRhc6ecq3dQKYFVjh
Wed Dec 07 08:51:09  ps rsLAwSraxa5YAm 7bQw7zxy2a2AYqdZteFb72e3
1991/02/25 22:38:53.477240  2OLpKsfC8cyqWWiPljMdxfzzRQqSSWCr1AmcCYJw4ObRT1KRgc8MlDC7vKIPugi8o9Pr
Mon Mar 11 06:30:32   lra5kE3T4b m568OQoRqNNKWHlq46QhnqydkDaPTdRvtyxYboflQ.tNEs7d4RaUHEIvEx
Tue Sep 24 10:09:56   9KTPl9v7EQMXaVFkil
Sat Feb 11 03:34:25 FLoz90a14xMRzlLFfkTgEucmPvNuG6cZDIKP.YpAsaHr3IvMVnnzfI6a8y
Thu Jul 13 13:40:51   BdopjEzfWtTl.NiCgaZWzVgOuKFypcz Q0MnmuCueHbo65JItOxNK .5vxkoJP4d2gJNV87VkE8w0Q
2003/01/06 09:07:38    XJjjNUJP7PRGokYU484RlrPkCHIP5T2nR5SyelztPSW0vKsGegjJv1f2Ddp
Sun Jan 06 10:57:01   PK0PksE6FHdayxi2de4LJI0c3eiqUUK0wF2V2WyJj
Fri May 22 07:48:21  bFPicF ZUYsyJ9wDENQAExtqEYnbw1EK93.F.t0jsWuAwOwvqdz9r0kR8QzGHEdfiIItTV K1BD2phwYTWrxI8xo72b
1997/01/26 22:33:52.317109 LFE5bTUADabSrf1Y6bH2.0y7kG8YvuCgsrct8QUNwD2mPxZPV.5n.Hpp
2003/01/09 12:58:26.176907    w2qitezLRLzWEu7S8hG4tgIpgIqxU4.WRTyt.hQYpzeMghXHpG3iB.cO9uHpTgBqnqG  
2012/05/16 04:27:00    wtGd0Ccu4H65dlxxU4hL0E0H08ZJFRoLNWWtNlRdovk4o37fb3qtX.r6edMJ.XL5pApLOX1mATJz9hqxNpMSwE
Fri Aug 13 05:37:01   ecM9XTY.2lnhBLwv
2007/12/04 09:16:25.362484  6ppyYcNvphoP3OWXPbmh 
2022/04/25 08:24:22 JUkZY2W9lBLHNnZXdjOi4kg pSYJM0cGkLNbsa. 0NiKI zj61sqoDctZ0vUajF9ISg2MsWUhwJQ
Mon Sep 12 16:39:49   yzSyoJzeAMhRUZjjdYNMT.WUMASRqfD06pT L0Z6HbnXvrwP.DZ82451Sv2eCyHrRywtEqxhbmu0z JDz
1995/02/01 05:03:15 nzg7w.WKoV1OLCXsLCkrg7Ey5Gz423 QPFo039unz.996iF3Nz1Pqp5dElJh46KQ6S6l
1993/04/03 14:02:29 .kr8nHRQJ0uxt0J7nZH1Q.Appj9sHLl32Q3lDqECDlsNU7NKGRH3pQ57rLM7cR
Sat Nov 09 10:52:04    nuFIMEp69x0.irggL2S38T 2GIJO
2007/10/11 19:54:56.217775  lQgbgAtvnWQMkAgu7zr1w7EGv0c5RkUrIRwevU3X
2000/04/15 19:59:19.40883  TYM vAGtuc9XQmSnlmt94ZAirJ49RYEYp
Wed Mar 16 18:11:31   94u6dAUhkcXRqTqTxKLOb4uF2rC3qgOWJ5kKCrTQP2Yg2ParMKZkgbJNi6fQ4SAPXiIVFKpa8svBqozUXoGBl9dVO9Bmc7J
Wed Oct 21 19:45:10   EMulrez36oKK2wDReZbdz6D6K.9E.5QEq. giiKn8Aq4D0Itpkuwxp fst9Xgp5f3mnVnRRlWrQ0syvQ7kCRC
Fri Mar 08 02:37:20 gHQR9Hlm72EGipBz.C2Nv5TyiKk
Mon Nov 08 21:56:37   .owvz aMJ6kzXiZKdVe2wQJycURkxKQNR3YP tPNGIj3qJrNWqiBlIk8MByKPOB9E4Vlyk7e1H9cgo
2014/02/20 09:54:28     ln8crcdaQvuFH RVRGfrKRvNXM8TU68YOKSXvQAahk7vmolnU5a7UN2CFu0gm 1x
2002/10/28 11:58:15.279252    AqivVxjwfNLg
Thu May 24 14:02:11     xD8kQSH68fkb4zuTx 9vYq3U.YeZz6kXjcL
Thu Oct 25 19:42:54     fjidJ8TbvcAdEIXhcs5EEITl9aeya40r57e
2011/05/14 14:54:47    VRF3dMWy99okjOSLMTlCzp91Wi zGuXYoRnEuafvwd8NtA7nthDtjnxuC3oZbQX6jrk
1997/12/03 09:22:50.919572    y 2 wXFnBgKN
Tue May 19 19:28:19    v qIAyb9RNMYKU5wdLnhoo2oTMMfYQ.kGV4xi0L681F0.geagTRJ2De1kRURGdqyKwYJD
Tue Nov 24 16:35:48   eiBbyGj59gJp5tAzq2zLtFhAYmspLu2Blg
2021/12/18 03:57:36.545011     B  qXJZmrZBYT6.CbCNk
2001/11/13 20:25:12     2jsOkfCnrnlNPdfmk5a4wB7GbydMTHdezsuKJW3rng apFa9wYO0J6gmgmmpHmOxJQCCz9wnr.wuYQ1C
Mon Aug 04 13:06:38    gzWTrlnVLC24juJsS5aSl Y8YJ1.1dqDOcJ8XAfw2YDQPPb938
Sat Apr 04 22:21:40  GZLr9.5eiV4ZRhIUE7QCaR35Ni0C98wza6NVLLr9jxPGVD1XRyajYPuXAuVXslI6LMaui1xBAtKcgesReQIeI
2008/11/19 16:56:51     MQJR1oJV8X5T8aaY3m9 0 b7aiD6oy4oxCsKvgNLarSnUtvKGdRT4bOyMyvdukIe0JW0ev
2008/09/23 12:06:41.518914     GPMqCk0Ct8WkYdfAOKw9WXeTUro9pKOrsD3zhVciNmVqP0Jb654YPbEZ4EtDeo2WA0 kji3MMWUGYpaRaJlM
Wed May 20 21:06:09   zetDiVHw0EcSfEuMRyCcCNdFoGufOLIolDxBb33ExIBdMe7Y1nooj L8O9f1
Mon Oct 21 08:23:00   V SDdUxLfmYnwZ886zPlnIN3a1H0kIfiB0VH0LvQw
2005/12/15 23:58:18.871053   ieO3qroi7I6rEBebxGPCCPRr4HWSQFv
Tue Mar 28 23:22:58   gVUfxS3J2880vgT8ISrJmr9y6ivlBfrZ2rQeNxZzTJHgsr bno8g
2000/05/13 07:52:34.980846    OtkYD3 UuR01J2ha22OcCxM5FOBgni3EiaJivVgNrPfg9pU.bdq9WPy1l3vyhP6AaSHZMCQJbLQN29mI2M 
Tue Apr 27 04:02:00   RMNAZFMVu3g3GaL7sSLPRpX25D1SESSI7asiUnebW7UzpnJlhYipRHWYK45rvPxxyMEXqvTeVh
2016/11/05 06:28:04.190637  QEIaaw0V.l .Hqdzg0GzTGXQMrwOTEpWroD6hHBdme
2012/03/24 13:35:27   A0pkFWfHTdxH8LF.YdJCGbMRIWShhFxXynfzQc1nozxpJmGXnrMjqHoFlXaNpqvphixpJAGirDBD K5QD7jh.IF6
Wed May 16 13:23:21  Le2n2htNPQ6Xy5ZR
Fri Nov 14 09:19:47 uucrxk1WGXEbmt
Sat Sep 24 15:24:17 kGDFszh0GIvXNcj7UBdEPr6Z.cTUQSjZ.j1TxfSoIj7
1990/06/16 16:24:10.499360     1KCZ.XUHCY dl vjl765fcHxKAv7ZTI
Wed Sep 19 18:08:34  GVqVEDja1IHZaT62DhHs8fOY.MtpI9vmvkUE2FN
2016/06/01 11:08:06  v7LrrgA mAAWklUrjV.J.PyLT5o98whZ7xprIi4M2Tb5JVWaZA6oYZApkfYBUfLnWOGw7b7ijTmYIi8wOnbJRAx3heJ6aO.y
1997/11/01 23:20:52.715560  Fefw9O2RQi.zld.mU 4zaqUA1cQmk4Pw53tIWXk7r74 BH7.4MaS2duQYR2Juq3kJqpNVYubT38A.rUvprKzgOqLJOrlU
Thu Oct 01 07:38:04    BJ5q.Ob2XJoFUGv8D2jOmdkrFcdFAOPUZnyCCPRYgy93V M6e.6 T MDj2wEzqc6s dtF
Sat Nov 08 10:26:14  0g XdJ7UwM0HW7wSlc2O C58S
1997/11/01 01:55:26    ko6chb6S4CM3dHKV3KGSrTpTVvgMm8eY01K
2019/11/23 05:55:30.115147  yHHIwDE9x5Q292rX4qTOVN5iJcR8xuq2OfFuyzqW2gmr2cJfaC9TN87KIBed1bZmSHV5YdQIeYjk.SBp5YCl3Tp2I
1992/12/21 21:15:06.239310 QKaeeeu5Mjnb Ro7TkvwUJEmwe
Thu Dec 06 04:52:14     6K3oNuqbfKA0fXTrVh7guagwN1F7UmfFPf
Fri Jun 04 13:20:54   SlOKdcEeQxQyj8U2tmtCm5oz1RTwQB6oeOPt91q2DqDeV7gFFOaoO6nIebdKEMwD
2018/08/13 04:32:25.835823 ImNGTYHd5bQR4OWrPwBDqxzOPP4lWdkP2W07pAoIrTNfD6e3.PHGC.iuwP.7Mf4WGt0SddJ7xDv0
2012/12/16 02:47:27     o EYUHc JB5qpwazMALQ6rdXgu1I8NKjk.vE7D.AJMom5.uT6X5Elp4.9r6cH3b5h3XeWy
2019/07/14 11:35:18.102653  uA7jgBgoVORHMSfPE5RigtqKEpQAk1edqecNeMzXQDq9hy5qRHNQoMFxFdiAbxgu711k0AEvTEyfj1AJaaEhD9u8No
2014/10/01 12:12:18.818772 e0M CZp8mN1uQLZh
Sat Dec 11 19:44:07   jQHg4cBzir.OcYJv56QBG.mj23x28JF ZLEfPEajIqVNDnu1qMqZ0Z9hVF.XInmowcw
Tue Oct 12 04:01:35   ThDb9khkn9p0u56CPxaEis6LBJS5
Sun Jan 02 13:02:16   YwVGfF 8KRDNr422IyrHEnw
Tue Feb 06 17:41:51     PD0byigFECOdY5lYyvy
2012/05/09 13:01:12  IdXw.9bVIttxPloAHeMXX3sZYhqbyMH1M6X4Ww
Wed Apr 19 12:23:50     JCrS7JQRCUz1PzDo7aVuttyVoOH906Nj5vEgXxwksk892eJCCmtL46RMjGrSN57zl6THHZcK
2021/08/10 17:04:55.133769    xHfP6FNJf7o uvyC3775yKFGO4a8j
Sat May 07 19:42:05  IZKFEeJN8J.oi22qEB8uGtnXbQMSzKEwycvIj2ZTNdN68kM5qRykmHz3u1g7TV40qr
2017/05/20 13:32:54.291011 xqL8zlZnGCq5
2020/07/05 01:14:36     49okt9lFQqkMBCJC7iDjOF56XpTP 0Xii1KOia2hO9y uQI7RHGJgSr tj thuOSU
2016/03/17 17:54:24  ev7Fdoeb03ifbmhJG5lGdAauvaNDrIrbOi5PD9IRJz1QarYsgM.tLr
Sat Sep 28 11:23:33     uIYbc.XmzzrTAAIdVPDV1I4M8X.90SYEg0SU073g
Wed Mar 25 11:04:13  15J1I8t6nz.QUC3DzFkKcvzIB3A43g3geh3AF8jHZik2s7ilHd7x5jW8CjARDrucSWZfywm 0k
2005/10/13 07:50:43  wJNbK9vkWqudmJFGzn1
Thu Feb 19 03:40:39   t5qr cShyxJO2nu C5xftz8AbK1
2022/09/24 08:07:06   d Qosd5kKaFb5Oe.JgpXwzRJMhZdyZ8x
2013/05/27 00:44:00   0aXG08PAFt1inCS9ywbH1bMzQx84wvc6bXPbpiMA.2BXzfd97g
2006/12/08 06:44:47.13422   7N2xLudX10J
2021/11/11 06:43:07    YDkz5D8u8l
Thu Jan 05 13:25:41 6HL8PxhonNFPilECe.f7j7n8 g4yrEa.3t
Thu Sep 18 04:02:26    7xmw.JhYHOPd0E9TwA5XvaIlwdlu2o4d.tUZHnGu7
Tue Jan 04 07:25:35    tEBxrTZcRVx.rT6Ab0M tJxxWfhK fA
2006/02/13 11:14:00    RKPR7VVX4MW C1yheU8YPvJmQmt8FeJpGeDg6AyZLqKQnxxaijceNe1m7gAuyWoNL36PecPfO4yEXzLhVB1IwPZmlF
Tue Oct 22 16:25:37    4jFjS8gmxEs f8n0GPJhUbObirivNJ3T55U2XAy
2011/08/06 12:47:22 bPdGjkguvp1f1t8n9fYo0I0V1aceBYGEklgC9F7W2KmBJl5Qy8X8iRr10
Sun Oct 08 19:39:44    rr42vQTlf ZJ q1yP1rtUHLDMSARPMKm
2018/09/03 02:29:26.343267   EFSRvNocwdGpZgdnLGf.ntxqYyiwmOCXonmbfXf4s5.0yVaAevEp
Tue Dec 06 20:27:44   r2dKwZ6DM10o zoPZfZB.VUBLa2dpnXBq g1Fl5Lj.xuEJNUPcVfe1ZNKFdlXMSJlt097 pXI8yKe6OCSXgL7BwvQWCPC3cpC.5V
Fri Mar 09 09:11:49 KQksdxDgaIf51XBKhdZ  Djd33cqqCqaU3Kaam6QChzQcjadByxzX5TD qBqaSmw2HtF.j4WYIAIR4WB5e2cg1l
Sun Jun 12 14:40:47 80siz9OPndsFG6qvIAuQAC6EVk7fujvbmNr.6T
Wed Jul 21 01:39:49   UanBNKk9BSrQmkpccGSdyN0AVYdqBPFobV9Tz.
Tue Jul 08 10:28:59  50Ti2KmeBqvSRsEOJZHtl 9AIdSybVLyp4ZxWc
Mon Dec 28 07:23:13     ilN2xwjgKJIF3tEybaj. ZCVHKkUXmc6L. ABt
Tue Mar 28 18:17:46   IhcKXNd1Gi925berqHxv
1998/04/27 00:34:35.328617    iurVlxJ5jiTIuIaFKbZCtLgBgG0ZdBUrENg.xOB4Xmy.EWR.XO7I.W3eD
2021/12/03 09:33:57.623219  UQqqm0gSMn8MwdwBhn2l IbrXfykgnZ kdxJJ2LOxQAVv0cTIq7jSjhHbfhiu7mt93deTkC6W05fNoRf
2020/10/08 23:11:21.16838   yVHcgpoBmehRxXABj
Fri Apr 08 17:06:38     VhWEy4rO8 P4Tbfnv.oMXLWKOVpYkz8.HAeNGPL NwJ4Lsug Cz0eAeb1YAhB3uO1Si yBWx 7 xS183HlGXAR6a6UG66c9Euvu
Tue Jan 11 00:49:51  3ByPx  d0h7yxU.FlyW omvCxgPaO.Y1Np7AE9Du1g1LPLEOLDD dtbyk.Ixj85W7EteY4V7rxsQq8srgKucZK3I9xYHP6huav3
Wed Oct 20 20:54:33  bh pf8zKNRYLAycJDW0vCMSB4WruXnZZiE3J52QLCoKu6QUWGwpz
2015/05/24 18:47:43     9svvVylmm1kQzqINp2GZco7rXocu4n
2011/05/09 19:46:12  n7EPfym8mNdnIN1zcTE4pvpocL9Sz8butYXmD1BmTLHOQR8HrtFUfK0ElIah1HeWS3mQkWXaQQ4U9uPWaK.m
1996/05/16 23:06:03   PzdWbjrEwwjKTpavNypXRTWRZ4U9W
Wed Jan 15 05:51:20    iXwc6AE7CS7qQeX4NQBirhgSoXGEo2yMG0spjGF6BZimnGfJ.R9keUvk
1993/03/18 03:58:43.714166     z2WMBG7U9  A8HmPkBBFvCqyjjua92EbhXMXkNC5T VlHJ5eTNfkLpw7tkVBFa fPCxzzrREHnmiil4GBaf6zdX7YFJXtlhQl
Mon Oct 08 06:27:26     ZWL0KMlpeXlu6ocgvXHUBv2LROh64EW.zVN5kMX2JUMgj.L
2019/08/28 16:52:51 XYTn xtZ7to2KOlRFOzySpVgcALyzYY3Ik6WWVEOK
2009/04/19 20:31:18.618296     Ewlyf5MXPQFfJULj0 gMFzJbfP2yjj4PW5A7.R
1997/09/15 22:11:15.16184  rqCx1BlXARrqkY 3oihOvzHeM3N9qDKCM.wzmzEjamtMNqXWCXkxIdMUobc7DMvtdngrYl1qdoRovGN8LGBFIgGlXvh.I9M2n
Thu Sep 03 04:19:59     8 9wzlSEFt3r0cZV.X7rz34XBWisXspm8 yYh00h5azv9GyfEV
2000/05/28 07:19:05    dAnCZ1hxzI8OhwbgeTaB0oqReAYAz0yMAeLGNpMmGh0KUroh J6CsXdfthIZuVO5JxEzIPCDIeF 8BG0bgM
1996/10/16 11:52:32.688265 4dBK4jQyBOH
Sun Dec 28 01:01:26  5cyxJcYg4R64qlAD
Wed Feb 02 03:30:42     ms5CUjVK7i3y MjlRCdGBPwe6a9L4vP4QjAb5ThCG9I1HFvS.g0dKDK 8PyZm2NAhL3ntzVlFE6cB0IKv6lblav1.WWrGB7edv0 
Mon Jun 22 08:09:11    adEowHvsNAWonZhKtkHkUp9N3nwHdWzUQgZwbdF0J.NAd92V
2021/05/26 22:05:25    IEZRFkQB.d4tf2qm6OuhkSIzhagpM9OcJjUcKx514qM0RvxCpeeH wRkazFDqYCFCpyGmNq9a
Fri Nov 12 23:20:48 6ZFL39Jt sH4Nws8e4H0m0eMMFvr.FCX6hvJwUZZw1KdVj0g8wbZI5Rm 9Ndjpo2jlC1Y4R..BXLUfJIrZ431JByqSk2 d8t6I
2009/09/03 16:51:38     rv67EULyIiLDqhm
Tue May 23 03:06:12     gFSbdbhINJKBfLymypMSn83yXK2oLV5
Sat Nov 25 07:57:58   HmIDd8L.Th0
Mon May 25 06:38:50 otpCaTiMjrjkFwvh0WmUuX 9fvp5wuK0WFozS2GoLqg13QdyhoKpbaHHVc6x0L0kgRFd.U8408kTQLUVNAoZrVfQ
2020/08/06 04:12:23.859425     whJEO5qITyLnra04rdYP3LRw.9umf41Ucfv3h.c SoE3feQlThjo2sex.pp283 fDlaOwzVR7It0
2007/09/03 17:16:51    ksEECDA9DZQcfjVfFPO6TgOE8msRURO7B5yh CLpRjrfp0f13r6pa79ILNPoJIcF8uSiN3RolF
2007/03/03 08:32:03.228502    4Q5fRiqFgkHP8dXcSeuBiyQ4gTQu2Aq3qK4ZBRFiCZj0KRiGy3anO0mrQhhrbnvmU5f
Mon Apr 03 06:30:25     bB4UHe1a6f Xx354G3.e 0.Ns3U2WCs8Ot.PzuW.wNvXfBZ4iR
Mon Feb 27 18:22:04     ovVPIfUiDAiQDTZtmQBubFgBEpKYQgPMWUuL.TBku1MVrBMKzvRgONYG1AjQ0XYybe1BJr.JI.qDkKiFke.vIB zsRzj
2018/10/25 19:23:24.3664    IvVk4MixWzyjZpwvDNq6mVKXn8 JtxPAQHfwEwPNoWjcWr dPYYWTjo.G2igDM2QKBHN
2002/01/08 21:43:42  dA.Zb1Rx1KfkmlIuwAowLcQb9NDFxNj3fIxzpddc7aLffhPRxEl2v3i8aSq9yFdtyKZrg03DqGm6z4z.BstSdkqtfjeL34r
Thu May 19 06:00:27 NQcOVV RWx1X5etVuFU0NbNso3hGPM4KO
2003/01/12 10:39:56.878529     soR9NRU5yptGEtt00LnfqQz6bpF4V.dzfWdtSwop UeserOuvJJ48lhIgLPE xtNlVRJ9VoIc5SqPNM27m2ENaTB
Thu Jan 10 10:03:18  XMWy.ACCYWBWdtuMblgVBAaWDCL00I21bMH9vjQhmWSG
2016/05/12 02:13:21.15748    dx5U..V2N3sxB11fC1Yrqv6Z6P2PzGE0
Wed Aug 07 06:20:21    J1ZVmc8niE5 cJBr5BwRRADnbuNIbhFYcgzMuhhTuGjGv
Fri Jul 21 04:43:55    fELxmME y8SNXHR6irEWsW23UZbYXh2AT9mfQAup1 fM7BYnhNX3zpB0T6lDMGTcCvH1E8WhVf2du1q3Kgf5w1kPj8MAz
2014/01/01 17:13:34   aavWq3tU8HGblLZy1kiWkVHyEdE.sip7TOlk68MvR2Ev15DNcSCskme
Fri Jul 24 07:23:40  PrkYsV4mrPbvdcir oJ5RbLBdTiu6eNIuQ8SAXpgRqVt6NoUmjFSI3b6X 6Uk3IusInxRTr4FKz2
1992/10/10 16:38:52.434006 3w3QntUYCLNdFCv0Z hYv kjxl
2003/08/10 19:21:08    iqHxmFMnO..seuKT
Sat Dec 20 19:17:14     Fm3KNlzte9J4d.VLEcP2Nm5HLLl9zN5I1i7 RXbdqkMZI4HJcH
Tue Jun 12 20:53:19  pAx5u9P9n2xJPApyIZopgz
1994/07/16 21:12:49.175479 4Fpv6RFpwkzxMH5mdQHS9o2cthQw3dMnquKThLUK6dqKOGIsFu3tcHMxf1L7e
1998/11/23 17:35:08   zlTJyVgHtwHU3ME0F6iVkZMVvJ2ZMz9bJJWJ5bkk3GbaeCtuj2F1UXAqeJYbGGWodZaM96PgXtNekEo72sIlZ
2017/03/20 20:00:18     7.4Ceq7 Dl9XdcvfU HApLfe463EMJS12H2pyCWrA9sAkzlDTKByFZNZI4W9BZGZ5cSb
Thu May 19 20:12:00   J4qje4ENmskzdgsFYTdD9ByFdr qrKG Gx.p8dDD22LR0Xfb2wA SlprELPRUHStglk 9YGqmXOpPyORsY.
Sat Apr 27 14:49:23    eCpil3A9.UNyEWWDGtEokilMvz 
Sat Aug 06 16:39:01   Upex1ZcjGESDnfqeqcHrpNnsI3QdxX3Xyf5voKUncnNQE1FrzX
2009/07/02 19:09:21    E2UTI3HfqDWJDJGYseDNy4X
Sun Aug 09 12:37:59  wGgO8Le1crpShLLSzlLYtqvoaM4A.XpoLSCKPf3rtazUNx8Mz9gpNneqt5Po03uF2gTX
2000/03/04 19:03:40.896457  fWJuKlj.45IF reH lDYRS54K0SFItK8ovCPnevEc5fne0c0 zoxxF ekv9YDb0BFBbNaZTHGFOF7E6bpH5zfzW1
1998/07/18 09:50:28.384389     U1aDnVBz3sMea9Eek5YjX8u3DI RMrnpIxRGwVTwvE0U3izoaQNiyOVVu9wNanTsF
1998/04/03 01:52:38     Sf1dzEnczk.StcvBkZgNOG63IYOCHz FFIz
Sun Sep 17 23:14:50   zrekzMIGxkg5sHfbxU9ST2lgKmOl2s0wCDLLBrMt3QqYZW
1991/05/15 20:11:53 BhwL6L2cWmee6.I7E b2Qc5PqEhUEh.o32gBcD.rUyPtsYg9zr93j5sTK2uyATa04G
Wed Nov 27 01:44:18     Yt6hlu9qFwXF4kv
1992/09/13 10:47:22   kn 9H42SlPxgxKhrB8Adn9bvdUgDnwoLHcsaCL81 OdNPRHDl8SU8o
1991/02/19 16:14:56.490972   dqp.3 iJqATxPqENwsOMUrERU.DfLJZ5Sp.vsPpUJuAveuoAdOx.duq.eO1dBy6AFyVwh7xFTuy
Sat Jun 01 12:01:08     02eG4GJkocXwzf97qnxUf1DWZqhyfB
Thu Apr 08 09:11:09  JCl4wpufXEFJIe4xd5YfGOs6iX.8IROuJvO7WgS7
1992/03/03 03:59:25   ik1JEj8r0y1SR.H i0psMtJemQigo2lqC.e
Wed Jan 23 13:25:27 Ba0.dE. Yl78GVdh7mfNnL aqyS7S81K9A7aiSVdxPLZIc9r80ZKBtz3F
2014/03/13 01:02:32   o6vH5spwh YQ3h60PPhazABHB
2015/11/05 02:50:22    pPNA sk2HbBrzsLNa5
Tue Mar 25 06:16:10    NTvbtLFEqX.9IJFnR
Fri Nov 22 14:07:16     cOXldiJlKP ctLtlbjWjseHffrWStQLV9Dujko5JbnGH
Sun May 21 03:34:32  eTcmtfAQcQ TwyZq85 lGDX7y0g.rdPZvTFX
Sat Jan 20 03:53:17     PDfXI3Evnf S5lRA2Et
Tue Nov 26 20:27:43     7HlFL6XliFHXU3gSmyytUZ6HDAIoAF8tD17V7IJJk6F0XEX7AiF4gcaJUDzZTelfZWiMzjlHIEhS2h8mUs4 qRSNZ
Tue Aug 12 03:26:05 yoXv5AlR6PIz9N6tIamqX.yo0tXP6hfDzdbh5ebvTth7s5M5avmfF51BiP1
2008/09/03 11:23:00  lo5E3PL6lSuKMPLfY oOckXVwMCd
2006/04/26 03:02:13.564260  AhWPtTHnC9stW3Ri2l8IqAVolqRD0op8kaA4iixnC
2014/10/23 12:18:00.70300  J1IYcUnLM1mdGFzLGlzw54IFgT7Tw3uWjcA dZ1wv
Sat Apr 03 05:06:24    rrmlJOsA6RO5Yh4GwfmK8xytOawFHGzWbINuQS9db4Qy8HVgpUGprNYM35
Wed Apr 07 08:08:56    aX3YA6ZeAKAjjp2A3ISi2vCYlC1yz7NQJq4zNPrUyHEt7Xnt5EyiKEdDjSqXK.b2jpRAXuJZau1ersoqXc
2013/09/09 06:45:50    BX3AlewRYaHt4wZrYPC1YTjfJSRdriOTO1dG Dw gMF Mw7TvYRsQMuvdAvbkDZN.8QX26X2vapvW5f
2002/04/18 20:01:18 NWD4j9rdNGjJq982xxBD6czd6ww.PUdQkTAsdlD e13qyf5
Sat Aug 20 02:25:16     pT2.B6LVd6xVg0vqckHcnn3sz88MHZTIFgRLhn2TUOieA8FnBWZUMH
Fri Aug 28 22:00:07 Oj0jJQ2xaRp
2012/01/05 14:09:15.341442    04KCe4Gw3U5TyC5s
Sun Oct 26 17:27:49  dqx8CQD3n4fJkhLRLC.Ed1 aXfp5erl7TdswROaZOO2GYa1Vt6jGNEz25oI34OmoF FUHB95ogLmxwP3fqh5DU
Sat Jul 10 21:10:47     vkZ1BqP3sPKSETUNFmzne.kMAp6qVit7pGo MEU
Fri May 02 07:43:40 Ce5sk1nU ccdutaM4wbh6mxShdiUG9gEeD xg4EflQeALd7W1vsnMUZhIh2O7Pr 51H09SCYWv aO8m6mlRh
Sun Oct 25 02:23:39  a1Awmn.9LhdkyjgBgL1n0V2D7I3B1Wzu1V8n8yWC2JEoiAyK4BskHKwJNt7nRPLnF439Ij8EIRf8C8
Sun Aug 19 15:50:57     eapulLm8dd.iriNQc47JJOd06CsiD 7MPpIZEICXPYJQ0wXvakSWwLyXcgJuwco2
2003/09/04 02:17:50   YnBansrBsrtufBw1QjzQQ4nI6eTadfmgqMNjCXJQJ6gtx5L758Wu zUbbyEZzI5GZEBjiHmvK
2014/08/14 16:34:53 Nuf2JBo3kfFs3cTjzV9wkf0Kkd690q.GBIQx71ITLyhocSCmafzO4UqwcT0o4HZ c7MTwgN6XzYE
Thu Aug 23 09:32:27  DMink8qiS0yeudWuJJau5wFyCq4oyWfgLRjj5hRNz2OGCtPA86gOWTdDr
2002/08/18 04:02:54  G74ysWU3XRQ0a4tHz ObU3ZgdleTnGxcZw
Sat Aug 27 18:29:12  LqG9mCdKRJ2QPbl.xvJ
1994/06/17 07:31:22 Pd29ZOOJRyAkeZ8oJWtMNlQNb5jO3.eBjtW6 nXjBWkDS9ZkmiEBCBWlnGbXuytJh6zFsHUSj
2002/07/05 23:05:22.111999  sJCADLT8vbYXhudQr6PhS5i
2018/05/06 11:26:53   mtucFvSfWAEyUcOV7Ij6LjTO1DPo2H.5IBteKXro0eIAqaWoOUuUDrxnyE9FIwTjMerXUJGsXml ML9T7VjV4hzGFbRRQ 9
2011/04/26 09:24:59   QU.w bBZP5l9YHiQhCjxR1k6ELKLZAIWmsPZLPTZEct
2015/08/19 19:17:38.313989  jWf7WVkbajQHF3rsuSwUp018TgiD7fbaj2J4fWM7AwezGeU72vYS1NTlDoURZzclZr7xnm4WwEq4FnPcXnaXZd5Nhp OatuQX7h
Mon Mar 05 14:41:48 cddm7mLVc5q4XJcKAWnR43aNyNV3Au14tkIzunL3.Gnh20h66Dfti6XrqwO1RLBosZEFhHI KabZihMmq0
Sat Jun 23 11:42:05  tVslPtZmbFZ1CLvc42AQdwBLUOx qsl89HkzVDWzCIK
2006/12/19 18:40:54    YDsDS89Kl4.H4rbg8PH29LVqYez3 mTHqru4SY3.NAwx7rYLr6CYJJgmW18e
2006/06/04 14:38:51    es4OXXyyNJ3ikeN2000NIa6O43GAb3W7BS2HA9Gkji6Ptwq6UESfmvvKYWz5iUicIMQp0TANSETbiy5jLbBku
2003/03/11 11:22:13     7tOqBok6HrA5X35Sx2a8.r.LJwqi03Bk6dyiwZ.KNHAglcjBDeWoIL1lG32tBNbHoSie9cs.
1990/01/10 03:14:14   nu.Zb9aCaPk3R.Z78kCwebgPAXEdg22.c.wFBCNu8TlNs p  .0dv2vQ7sDhpnuWPeITEt3Bo9r
2012/09/03 09:07:07.285764     Nx2zIdb1WbvzjKYUq d8ZoQ5LdqdamQltopHXAyLFvH4QfVEy8VG0Fvxskw9DhemfMU26O2I
Wed Feb 19 05:23:53  lfgR4aWcD0y.U6r5ffDzHmZ7wngR9.kt5EMsVIBP7xDp0EGCoECHzhwXFH3DocvoUPz6BW7Q3
2022/10/15 21:54:12.385797  Gmyqz2fuVA
2010/12/01 07:27:49.749303     DxHW2Zget682hBrtWgok8Jo.AXkCMtQv7i546gahD3V9MBlKfwg5to4qduHlrcYpTkfm6SXiL5B
Mon Mar 13 20:11:42     Yr3Z26oLKc19qyx91t8
2010/12/07 05:30:57.111867 n7kb0A37OFhcnxu7br2X
Thu Jul 03 13:50:23   rwcH15ZLGZ7CHNnILEjARFrmm6TLZ
Fri Oct 13 09:45:24   xfKQXHs9VsXu81hFY9qZJQPhPDQQ4PrJzBlDkhp4cqmNZ4A5ktcjK9EGih34xn.JNk6GWTITviVmOdPw8
2021/09/09 05:30:38  oj3zAhGcOdRMCbrG3XZJAneuJEZmsUluLElCGUU9zFj8
Fri May 02 21:18:25    AeXqFcUc47tRta QfjzKut3p7y8rZB8z96CkjALNJNw
2015/10/15 10:30:03.407278    1fIl5VkpUV1
Fri Jun 24 21:19:10  BlrzlEja14 LSaKrWLl9o07KQGTuj1gOJaciW8U 9Mf0u.p4MMcJC0a6OWQZjQz7G2qHKD7KvYgvZJO37ZbmX1vTkFpesJ
Fri Nov 12 18:19:02  sViPJNROOOapUaM OblGPdh9LQeCGh.ZUswUmogZ5FALmV 0V4
2005/02/14 18:42:38  rWOXBB3kpIeugNwKnNfgZyNQdeJ7FtOrt9cmMKOrRH2VOE.3S C NjbXDuMiCu5Ir2HHo7UGVCfLfEbjDmxaSWKBqrzhj
1990/09/05 18:54:49 qtBMvVrsKV3IRLtAzWxmMs1t9HB3pvNkwmg0Bt.hqPqmcuXiUKBzGmICnJKhO7pgm0FP7Osku gX0
Fri Jul 01 19:51:34     ZU0sILQ16Wl6Ck7KCsAOXyeZ8c9IZ7x74aAUGztJ8m6v9Y3Hl8T1YbR
2007/03/09 03:05:58.345767    GAcOYNmBiNafYiGpOqSP6KROcHUgDKUrWIm85.qyyX2qUx.Kh3GcNl
2021/08/28 01:59:09    6ovojmWfnDDvEri8f1h6iZ.
Sat Jun 17 11:49:59    WVXjeX8j4Wbq
1992/09/19 17:37:18    0VANZG0GAM67MnX7w7FhoOZ9RH8UB4Zk1S7ErU6zNN
1994/12/03 12:45:39.753329    u00jKZattUxhGW fxa8Z76RSdOjtXv2OwaT2t1SVPtBzFpU7WvZLQh2sWtyTsdKkWqy9xVe
Tue Dec 09 04:32:34  6bArvnquvbrNMDKClfnCFJWOeNRdHVG5UNm1SsbcdmOY0khFxDoWPM4zyX4dLNjUfnz2MP2
Sat Jul 27 13:10:42    ZWpJ5UO8jrvVHKDVHWkuk1KqVn5nbilQj2qhwnua8xe3VgsesnQteX41uGbjosvA0HB
2010/05/20 15:15:56     V3ow679eXDfpZylR4qP1zbsww6mhUJv9hxJTYlM2gZ3nLnvyzgmrjC6uWgyJ8zZAo7xRl1veu5R KCjQE
2009/07/17 19:51:26.469856  7XZsnOgYWgl6jBmel96Hvbtd6PC7ja2Dth8PQm1lDFRNh3F6 BaZrbgSenydqqB82IRNtGpiBS5R
Tue Apr 06 02:43:47    XiryMXAAnb1Vn8DUr2x4wh.R3jDD6ymVWwD8g0NnRGxnCSyPxLtMhuuUvHUZLm5YO9PPm8vuW6FW5UK mnS.nGR hOVYSW7tDs7n
Wed Jan 14 17:43:23   Ppj362KObEetKmZI5sMnHmAl96BwLrMhY5 5p 27n3MJV8yN1B3G3yTwdreW8XRJjD6BlZgrHG6WgWb
Sat Apr 22 02:01:47 ym4iSrMZzXch9YWgYM A3YuZaz1IVCPzONO5AJ8v pqyqzy.L3VowBImaXoEEpW6hbpa
Tue Nov 28 11:51:37     fwcM9sJ73kBshsS12qZ.aeyr 225zYzn8aCo.YRiRYa441kXEtIx4ypdx2
Sat Aug 10 01:45:36     f5GKDPQax5yFOHM3hlUXQiTGBKxYtHgdgndIan2qKeowbj
Mon Sep 16 11:18:01     lrn6 hY0YSeSAvJeUeFDm0KLqAoEIwgxkNjb
1997/10/16 04:59:41.666324   QO07Ns2WCC47H8C
Sat Feb 25 08:44:24 aHZ1ZhTXbJmpP.QtuozR8x.CeCJe15fA2fAHxZ8rDxbags6NjoFpzMa0Yw rZ79CF0YEcleEgZ9byt6kXRhPJoHn
Wed Feb 10 01:00:30   ZtiufuNklNzoMqi7bIxdLkIc4kTbKLUFplxA16nultzIZr0IlSREVLOy8EbEWJwzqBnOy0TGNEY
2004/03/19 10:10:27.143701     cMEcMFwPRsXCE1zQTBVfh VRA31eNUOgoNCF 7xRnpo5VgZfy1xkdl2acv72FhYHIBeOZs6gOocfFpq9tsqI2WOnPF9J0qIXL
Mon Oct 25 16:54:32 47QoP ZWiQI 9v6
Wed Apr 23 03:31:44    Iuk NhQeJaoqPYFplLAHZsBOGPiibQkjlPL2MPdJyi3prvUhILj6ctVBFgm09rmP4GrBO0.Zdw3cPvD6 .bc7QD1K.nMCvOY
Fri Oct 26 07:13:31 lghBaIS0wseK2fFN.v8JyU KRuNapXqSSamGNBBGA.c7E7Lkrv.UqTieE9g4n5PojK6NEmNhB c1VMM swdszJyXYG9CQkUG
2017/08/13 14:19:50    9puW9yAEmxds.OlfGpHQvBxkCCTkZdZxNYVBndARN.T1
Sun Jan 21 16:52:48    U.KMGG1Ohf4a4OhYoZaHV6fpeVO
2004/09/05 03:37:42.932361 I63wbGZUDCsmJ9rAYnq4Fnhqpc0.ACKYIrw.ZfsZTnRCjVUV TFFpFWMwC3ZnCp31435
2019/08/20 02:05:36     15m.4dkswc7KnWAnXeJ3IGazrUidHONykKtxNG
2013/02/18 14:25:46.407326  gWpooVzbDgar
2007/07/05 06:53:53     dN71hCyRAIKMsIUG.MSWobNpayX77FR36Cg5hCReui1BGefxB7kF61KdlHDvr.G6uLaDNn5cY8iK3pIO8HLHK .i7OYSIY6C
Sat Oct 16 22:11:51   4pPYyfrbkyoaafM5m1DJCD9QQy6kPEJ3ZGQViyjB0k58Sv5zoLD92XChbRUYsS
1990/09/01 13:45:42 HXVd4IypzjaiCFn6LzXKNa5rljP1rzjNlITR8g8Ta2k4FZtfUSy
2010/11/22 04:54:57.231758   ht37kAmoKbOp7tV3lZYXsz3iqsiX9yd8LvsZiFxJJtoDStAMAvHY4XZ25Lpo6ufhO1odrs3
Thu Nov 07 17:12:52 wYLdvO1czlCl
Mon Aug 23 23:08:38    9vE1VyAs.dmezSo .BPzH8268Z 0ZnecFuPiukePQkVYENzl6AlP7c0aKmXMa
2009/05/20 09:24:47   Dgh86jMS5nZpvIa9iZKEN6cSgqXSsNNUhzK42n2JuRtJrnpCxWpBajOlvGb
1999/12/19 18:06:59  hWv1TnYD1FhBeAz2s9vAajzAGgYCEikj6SCCoPSAvPwoRKoDd.qZ7FhF0VG2RX1UMJm.pefq.EcIRPPWbT8FresTw
Thu Dec 16 23:11:10   oVqnl53l31DkrE9Ne1sPIKqmcdLG7E5wH.SfsKmZsu05M52A
2008/03/02 14:11:29    jLpHiml6ucRpYTk9Tn RicHxNmL9dT51vf7hQRpTeiHII.tvSC iJTdS5Hpf0CT1W5O6mP8m
2004/03/07 02:49:05     ROIZfd50rWLpOwirlO7YyAus9 s6Af1KL9EbcQ98tVxxYttMWUXeiH0LKnN HWsHYPoW.myl16MJexQn5
2008/11/22 03:58:06  FbOKOGgSpiJzWyA8MnOWXJeRwx
2018/01/10 06:09:09  MoFdDg11iwxvps.SLXvrA3SkHnwJkC6pkCZqb6
2006/01/18 07:49:20.170481     nI.WJac5J6coOYlSiV3h3B
Mon Oct 25 16:34:58    y1sXRBIbLx9829YKWZPYPwsxbELq8T 6gRkO
2001/02/13 11:53:45     fEpltdiU37a4lQ
2010/06/18 10:33:57 bGghqA9.yK5MgYrLWrH1GfHUj3i.T1WEkSK1wNAIHsuN4bDF29wchiaGYTRUht46qTgGCJRMy1GL hq6s7VQ5hM24h 1pp
2006/08/14 11:23:51.849591 CxH2geFW9IQYG496PM GBZWYs1OCUVyI8fpn00Ynf7zC0tX9X4DoFL96L8BM1FLKUVQzTXnjv
Thu Sep 05 02:56:34    Xal9zdxtCm0k3CF0dQl4MG08sMFasGWu7G2f2NYoAkGjqVRIGXE8HGzDqdB2MOia5Mo6arDky3t6I6mbYu.xTOTmsAWDyQfw25
Sun Jan 08 07:11:24     88m4244d6y80ppCDaDIGtgHb8Vidk6nQUM3r5nlxweEKKj zOB6guf6u1d4g
Fri Jan 02 03:14:37     XdUXCjprDItEFA axO1swPzpvfEXemHgbC5CvYxOn3Vf7hq8ZJD5SfHfbR9Wd8AL4gP2MU
1999/02/23 22:35:02.638636     iTR3KoZw8rkjUonOGBTBtAhlwwyh0AzhflXIkp7yTpof5NtfJPnE2faA4
Sat Aug 18 07:12:08     3qdiVa7Yay9RlwBBfE7LJ1F6SRiRmpuOyRxXjyEhMHH2eq6
1994/12/09 09:32:34    nQwOCiICaRQ88Cp1d5lKGOdNvno7WRNzOip9nPm9OW3WCqAldottSh9.j
2021/12/13 07:55:26.651998    dlLCByKbGXrdlPKoLhHfVqFJOXmMATLVNeYrZG5YPVupFnTFt
2009/12/07 21:59:31.364995    Los7LSFon9jCXrYpO0YDzxOxilc2GfYx6gQwnEUmv9YTKVA6BDKJSjVTuHeiiUUrUEA0mO5PD9qi
Fri May 18 16:35:20  5AXjlEJluNc7THupiKw8ugZkLu3uocahew4TTF1QtKU7gJpEPRr2Rki1KQzo173
1999/08/04 01:21:06    .YJzGTyilvS.iNPpjVQZRZtSqekD7dmk3f3Cwhbp72pOYrt1BM
2003/01/05 17:59:41    jBfE1ppiM5tcvVd a23VPMHpE.A.zxo RsLoywDyXEDCPGRaS9lMKaYnaBrZbjEAuhh5eN
2003/11/15 10:28:26   DJNf3re.u9DEqpbg503YxlIiOzw 3tUnVhwzHIK6qSKolzQynwfqObhh
2003/11/18 05:28:25.943292     sYlsm8SUaXpH6DQrIk T5Uvjj5na1WAzaQIPRZNZo4SR3WOJMQ9I9Snm.Fn06FBr9BEj.kuDmDEcgCA.ek5EPk3
2014/11/16 19:41:40   uKLFD38tO29QEmLJX0mG4cV2tO1paZQ6Mcpz A7zOwa8EvRFiw0Nn7aimc4gs7McmdBJIXLeGnNGHZQmQAkC4R1Lr
Sat Jan 22 07:13:22  SG.Dpylwms987B3YO5YlyeVEbV4Ja4wPcDauy.GaMLyjw5P9y3pUyUJm
Wed Mar 12 21:57:04  yfRR4 oIAKogDjEx5NStJViWhK7EVIrrMtrR8IV45phoWdK2CBXx86B9V6q98PtBsEpcBGj.iVEDnGH43rBoa2ep7tg1 
2012/11/08 05:03:53   pHhfjyFC57j1pow97vKQr51akC37Z0QIGBut0xKoyuDFOfxAXwaQQZK7PWXh7g 
2002/04/11 11:20:22   NcXsP364B Hp5Bh4zS8s.btIXzVdikG.ai8OGfXC0RiAMs7spXFhkWqyIEqpNV85f2cM.a2Ik10VrCZsncVgC
2005/09/16 18:02:22.64215    wZ3WWZmX8j5J7FbDBfF9clJTkRBbD GDLprHf
Fri Apr 22 04:10:26   D8Sx3fGR57mJDEI1uv6bQ8XH.X9bZgPHh65WdGUyKMZp7Tt c.tVDJIl8Foi
Wed Jan 02 03:01:29  aR3jVMfdk2qR4i5JjPRP6tZicsyKDQi
2014/01/28 07:42:42    geEelJZOc2xI3icudv8RutqIALXFZLF5WT0tCylJ jm8r3RkRosywIUZJveY3Gn2peGJev
1995/10/21 17:37:29.985948  WpyYNZKy.Bn yr87erGnGowx5U l7oAluTr4FZfcNp4Jxzmk4e9DoZtZF1O.QOk3wMV27jKcK.w9pc4pfnyd.
Tue Mar 09 06:13:17 2mEd08iGB9ILXvXnJ5Ju4M6gXhDHnJ6KT3c 4ZOufuVIC
Wed Sep 12 13:42:29    qZWbDwleaXWXSGaTEWF9PmvUu0LttqFbx8bVWPHPQSadSBAtbF0Wgr6mhGRY48FeFD mF7SUtmI3cZB3OunjwlWd
Fri Nov 23 09:18:40  MOLmArxRf.UcWigbBgNBkNF5BeijcrPV6Eq5FSJXjXNSIlrxPWWrf22vDzRSLrwKE2uKM9ZpovCtIHzhGQfQzj
Sun Mar 14 07:08:01     goRtprQaQfa21dZ4DmfS8V04i9lrdoBonkGLRH33LJlCQoPQjlCw hYyB d.Z6UcNTmJGJ7HCP44h78HWMid
Tue Apr 16 20:12:49  C6i1TRFlfei3uP5YVI8v5H1OTAmoEA2XWdhdqe8ufPqshBaLpj7Klmrdd4Uxte2mY7Y5dbkrSUIrqNgFbbpgFMgXUS
Tue Dec 23 07:49:41 EqjRldzCXPdTWRMzVaajrCMKKFzDnmka9Va8JQ4PzH3nOcmf2
Sat Jun 08 00:30:43 pJjJXy2 SO1eByJRo4X566nT7ejBtCaIph8szEWZU9sgYv7nhDtP225V.MJGC5PZhI8RibNTmItH7H18
2012/12/07 21:44:44.916747     v4j9G0hmml67UFM1MyHs1C8
1991/06/03 00:21:20.40733  iZ9S2JNZ oldYZXcp78hWi dRnJXsiaBRuLBRr.4uj1fXKqNF7KzH3k
2014/06/09 23:50:59 xCxsE02EehVR7Rz JIgl3TdWVVppqyWvWn5nI8qsVK5b9p1OB50dtocGeoaDF
1999/10/18 20:40:43.24526 BpRkbzHCrwv9IUtuQ78h
2007/04/12 19:42:33 npGwV3DrTjKcNUSPjQwAjFGHv6eWTIEww2Yj8rUFwRnm2N7HJY8Fh3VGTN9pnBPFNIiXd
2004/10/15 03:38:40.394858     5MgqOVhm5IJUdvSoATCBvLmHs4ra
Sat Mar 10 09:13:56     OIUHuKokIy9
Sun Jun 17 05:53:02     AELlEIu7CNFmtOJLKA2OIZ4JL9qR8K9RpCziIX1LJXvvuHhsczOspW3EASerpUaRkYifS2ZkjP6cxnfrDjfnY8v
Thu Dec 27 06:23:26    1hazKdb0pS7rOOcgM56A4
2015/06/01 20:51:09.511631 iJ9ZoeyM78UmLioZLughCtNmvQRhCKszcei 9CM6WCUH31VdCG4iepJR68QOnQs
Sat Nov 24 02:25:42    saeSwhJT8VV83ADrx8kN4QdueZBeM12T bXmFfKCqOw10OmFoRPXh7g2
Wed Feb 12 13:37:22     ae2h336W3VOMGDXNpmnJokkx7sPy1KTjVPfuZKtIC4bgAG4zQgl8FNLrS8i77Ble0PL8P8SZnB6oba1zRKo
1996/12/11 14:52:02.483203  IA6Me764wAKGhb7es1lbA9xcZSo
2022/05/02 13:00:30.153855    K0Elbh4xt.CEx4hic2JtfJdtniGd
1995/08/23 02:04:30    XHLTh3UyIiiq4Yc03avE7JHMpyzne4gYE0WVoBVlqWBJmKekTufwCqzmKsh9gMhv8MMba
Thu Sep 19 18:39:19     NAC0Rokre0qaRFVgDs HEI2U.k1Xn5ZMpgMqsp58Mo5hIRDCOG08lzQWM2PWxZyb
1998/02/04 08:22:36  mK6D96aUVBQn5gsexboL4s9w5cSBcXR2bETAsPapcKLZeaGPPWgy
1999/06/20 04:57:53.610441 r 5b4EBh2jHfr3kcVWxjddos.ytqacVETye7KVmLAgRMxO0mBA
Sun Sep 13 17:14:40     jzkfgdW0HmAQ3t3iWLzPgzJCG.6aoR704Pcru  qXxREXF02QTu5vjN27AapdjLbr1Igwwxqa6P EMG8DVaNEJup31NJAyR
1990/06/16 13:49:49  nVG2P6pMW5pPVrU2OdCy yHyQYYmOAGzezo0YG
Wed Aug 01 00:40:37      KRKlUcXrnyCtYJ4aq2KBmgKy3pSE3Gfqhu.ED86pOT1vvku2ckOQJeMSgdLvUbi24ci9va4c2Zp9Ifk2O 4sOj
2006/11/14 07:40:23   r..Uwb7JZnaY7kknxo2aOiKAE03vADVyt9BYX7Xnfj.QiV1cQVy9ucSFC1veiE
Thu Mar 25 13:29:09 Zk  4SmfGpIGOYkhzuFkjLVWOkqXs1khLBiUQO 1jCCdlmyQlkqhZpKItPpcAFjw8.LEx.HtFPulHo  1weywEOhWb5q8IET0374
2000/06/11 07:45:15      3vz3E2p2RdIA1etB92b
Wed Jul 08 03:35:54  qGkIZ7Eblv1puA82ujdmvrmzorqnGOWEyY ZsuUB5RUiicYLI87nQEgAkSGTcVdK9fxDNp
1992/09/20 18:19:17  NlgCRemqpu2iCvB83T7g1Eu2mwbOz5uVNVuvQfn3SWlIZqLEd3tJemknUMpQYpil89w1
1999/04/12 18:01:39     D7QNK1e mK7kKrGogHl..6Jt6gfr5TsPMMa2T
Mon Sep 05 04:44:48    jP4aDr6XhOSgrM4dh33 E9UMnJo8G J.
Mon Dec 24 20:27:42  7H5xGSckCkIJaK7qpMN
Sat Aug 07 20:17:38   gnB6IB4e7zDw
1991/12/06 16:43:25.662470     Sh EnqNrVWrQI 9P0p91QXM4SYy3DD5zgIm5YczeFxElxWytvB
2021/01/06 06:42:19.702325     0.YlDBr6rbz8xBIBV0z5K.0TEuwug9h0Zjig i .SE17f
2011/01/25 17:48:17.75175    N6JWEKaNAdw0AWX8vFr
1998/03/15 12:23:12.592338    satiw9HTv.WMZ8.tup5 ymyJFn kpVXCGYQjXyP5hHkQ7VjK
Mon Apr 19 03:47:00  ka0wHOGnPdcb HOcQw0nTNj Uo0hcng xM7Ks8w0gEnu
Mon Oct 09 21:39:49    Fn23baO7qxSaRwz0OZbMAaByZJfzWvNNUD8IjlxWu46Rmwwhei59iDxiJZRGTKX8iox7Bn5jMEUps0VQB3wVdhPx5CB5H.qMWv
2001/06/27 17:44:42  McHG0CISdshXbyzrmc.sB1wX5DAKorGYsy8U0RxqWagDCrcdVLJKT3AOM9BbP9bEZZ
1991/07/07 23:51:43.540534 Nu1fujKvzK8rTR1DQBcQYxG x7jmMDU9mny7mAGEgIjK4zxsTgarMZeuGITJlFNk fLQyE4WRzTzHZ6RnnzFzvZ
Sun Apr 12 23:20:04  aEoD5expXda4fp1sN8Csg02l5
Sun Nov 22 22:13:54 j7CcHVI98iRVxkWe3jvR1YdsPTLMwJvqq7HkqazMX.nsz3zLvY7jFU353zpYQnUZNNNYqW85Bur6GQTHxhHtTd.j 6lApu
Wed Nov 21 22:13:04   sKRidn99Sy5UUfegorsW4cjTvaDqd7bxxXlEaScQEN0P
1996/08/07 13:22:14.233803  RcIEhxXhkl8b4c3L24NLBnSYOILTHTz9kiGu9kCGnNC7cq
Fri Dec 04 06:31:59    w4gx.hEwR0Ldy71ZXM7cMoOdJ2ER.XioBjV4xg5GousrvHynMAqmBTCc9kz9pH.FzHzEowGwBZ6zY8V CYCmwhQwiHMO3Yob
2018/04/12 05:52:50     Wdt44Zmy7 A4WExxnzitlMeEq7LSMQDY8w6j7WRTaDFVhdCCVaS0syEBIkkGAwMEYtvJR4m5CXUqcJWs9jxY5o7Hmzhd7svEbi
Mon Sep 25 18:27:00    xCzkUs5mCkhHboR UKxJEFsS0Bnh 7UV2H4O FD339bSO0GXgseoLVknhq3UGShU0QCRVYaWZD10U
Wed Nov 21 06:47:19 ZnciCxetGiHB2ehAW8vNh7o3BojlFVMr.BaAXK4IFX13IDcXYWPw37v..PrC
2020/02/03 04:55:31  bNbqxyPeYBB0H5A h6KSfPm1UWLKBl3PmaGJd0Upq0tTbD2TGECz14I4CEB7
2017/12/17 14:12:56.550889 rxlte2ILstH4JTqFXJ1hoG5S3td52bgyZqID
2022/11/09 07:23:01   rr7kHKzlny9l6kVptCi4DJgfOruxMsh7og2pqe 5FPPlPlCtuJLHBCj0dcRJLhG8
Wed Oct 09 16:34:34     L6XGqSsJmfnS8hO8E7vzrqqSPlI3jPWoww9CGTO0
Tue Apr 21 21:13:02  ZhnFzB1qwQ63msUn7sVHa92vo9DvJEYAnvoTaC7xlI 
Thu Feb 02 05:33:21   aTnlaTGkWU8V4A14XZxsR9IkH
2009/06/11 18:13:30  jwVao8kmNgQhoIiaM4FDB1PPZpITN dPg1EvBotHH4tPdN.qAXdV3H4g012ts
Tue Nov 27 14:37:26 SNHXEP9XYDjwkxmEGJ0d3fgiXG7XdHY6pxAeUXBMUz ZDrqUOnHm
Wed Jun 05 19:27:07     DA78vyfeYGCfu4W7HwhC5vuNxxDFDgS6h
1994/01/26 00:15:14     poJvDvwDdzxT.OCHKcdNkecHOzgIwB1fo9sAxoUfDQs8YPRoz6rRFtZ ZuBx Ug7vtXRRMOjDyR5L8f0b
Mon Aug 04 11:06:05     CS4WHKtMoFkIRW1PZc1xN1nZ5od7qyL1ND0iqMIkUauBOgYp
2003/01/24 19:50:29 12Rlhcchkj86PMTHffC4ELRSMpOUTBhiW1HKCeh8iZD3caALGvLPn
Sun Feb 18 20:24:52  lllScoOVFRkzoMQBWlm18k2G iXcDB1MxWqrdyn58g
Sun Aug 18 01:38:00   6kpG1Vt8MeYHwmqZ8.GynyrHUd2D9f1Djc4UJxfsR0iNzn1RjLa7LFGBZoJ.mLXJNtHEe23I1VuT7cEL0Wblo2t664GB
Mon Jun 04 02:51:59     HarwaU5Q4ov aPJy2YYpqualXujqozzxoh3xzhd1znk8EMHQC3Mc56uC4KagW60QmuVtPIfaChuS1WsVDf
Sat Oct 04 04:42:09   OnNyhBJ9GPAvYvb6ODRBd XGm3YPZoiq1ZCOiLVLorUGLCBWPu4bJMw mg9bHfTvaS
Mon Feb 28 15:21:30    uHFE9CFFplGgLF8yR8k0klJe 22yVnWyrPNM0
1994/09/07 03:47:33     Z4dkolTFvrFA
2003/09/23 10:43:16 dVNyqnIu7S0wIDMSUJtqk
Sat Nov 02 09:15:09    h7oceXL3G3eDVhEHafES6uUVaIQ hx5cvORD4TFUhVHFxL5puQgItKmUs7RecRJKkWVNI gU.7GY2y0g5gEflNF4CTPrmXdX2a
Sat Dec 04 10:40:47    YoW97mAnTbthEnQrmSTv9B RlV8yZZKn9
Tue May 11 04:34:59  fka.WtUXfvYHNwIzJIbXkV.o5hdKBMPtWVe7fiC4pwlpMoOwdGtEOH
Wed Oct 19 16:03:17   8nH2SI8Y.58JSzIqjsQdM2P9HUrhE6M
1991/05/26 07:31:46    GG3Ik7WQtpG 5StIUES4F5BpFA4uvfxi7a4v.yyfqd0ghtHAZMCprJSXoRYgo
2020/10/14 06:26:54.891647  P29HKMuUyKbHB2vGPUP94WVaeTFDWpFFdluXk2O60ANfxvez5mpyk3SWEAEKn.mdi.ENwd
1991/12/14 15:31:53.726643  LXZM4TREuKPw6ir1SG6vg68fy9TD51Y
Sat Mar 18 20:18:36   JfkVwsqYQfT
Mon Jun 26 08:41:40   7JmGbGKJ7VpctUUjoLGulmNJMud7CXvIuoELAPgdrWJoZB0J7XvDV.fKYzcokJqgbQPRDMEk9XHux6S27bVobqe1Qo2
2020/02/21 11:26:06.94924 3tGCPvOPRZS3gzsv65bgBcL
Tue Feb 03 22:54:08  u7be0aEfVUxPljnSZav8ZenU90v7dOptIBmBbXGPTwhB40gOo2 n d3K gpYFME.JO  8LMRxy1
2020/12/24 12:55:51     O9fC7DPnOLWr.uQoNUgcYAxz0.gs8ZVT8LmApseizLgv8De3kHGE1Mfp2Yz7zl9ZpuQf
Thu Dec 19 02:22:42 lYq44PojbUKNevVOx0k8hL7PwtbpslHmMYWgg
Mon Oct 07 23:11:18    cVtaYCUyqsdIhAF7g5cym.oN P3nNvTht8J
2015/08/26 19:28:14  JX9R3S0LZRCYuqLVYGaCYk5x93UGK6wt5bMKb c
2022/09/02 06:38:24    1AJFV4qtDohR.
Sat Apr 27 11:25:50   7KNePzty47rgq1DVUPGOad3X1ZVAsCyLAZPHbg0DmERbA
2003/12/16 09:55:05  GS44RROvkysY 8fevz
2006/07/27 05:14:51   ZbZ THK5QrdVLBN4BNrdhSg8B4ffmVeVjeWJSFIskUgZuWo9OACM1EVL03El8NgB9 mK4wwPynd4bR
Wed Jun 05 06:12:21 PEoSlM 2nJy8ZElhoGMB6BN1mr74WbTvI.2N3aOZE0aCY5HZDKqUeAk.iCqhX. Gls9yUiV5maoASz2sDDVwZ1fi4jW.SFPbQC
2012/11/16 11:46:42.74491 vGMvhspXN oxcwVNvXyCBkk0SPotBRG5dSgxLWomXs
2019/04/11 21:32:25     uRai7uPRFX1
2022/09/13 22:31:45   4jj.XdxFkwGjmLOM7zohSuEyNlQ5S3VbAmVIFQ Wkd.JSaFJQIbWZeyypOD
2018/04/23 17:47:34     UtvL3 awkOphd.cDhuAU2S4i02Vn2Af7y2yRUxWf18zLM63qtI07xIBUH6L4bw.n6OWMXZ 78Wb5xcVs2zk2gI41iC 7xY
Sun Jun 02 15:27:15  1ypArAyxYK4VMJqaXoslE HkN2Yb2iU4H4EPhDB6HQO5dgqRFpQ66NZ6JhSImPSTbAHOe
2002/12/08 12:46:50.811529     Ols16KjQ2qnLuIhBF3Y0mJ7XrsfeDkInVyIeXe 03pCyQI c3L9uEqsNPCquFSw8YZ74e0hGtQXct.hpUdD0aGT
1995/06/08 16:09:29 nXXuKy7b0bvqxWXS ir9hGyteLxYHNEjtnXTLnzyvkNum YCYDF9.Rqls2QpEY0mLYkkpoR.DukkoQHO
Tue Nov 02 13:44:28 c.SjyZTjhXdZ
Sat Jul 08 00:24:52     GDtOrxZvWSKKRcDla0t7xgMcPAjrc fmhnLCykKDZeGsPkN9 0NaQvmGK1F3vb4N
Mon Mar 01 22:50:31   9nwn9YXmzFInZCKgZgMymezSSyYDqQN
2014/06/16 00:16:20.313838 NjLQpMV6d5b0XvuW09oIZHlimutj8pMkBxZyQFgNsKrVKuBwk6atDlEF0d6kaxc6vep.2afsEWWLxrl4mmtbei
1994/04/17 04:24:53.693432  kvG2kQ5RPtDvyzZ72oc8b5 OVCl7.R589RCsbfNQv37y1haou1Sq517uLsa
1994/12/11 02:10:33.728555    g2hCroQ0q9Y3WJrt8zqhLZqVx
Sun Nov 28 18:48:30     azJlR.dv.Q 20jsYhg4cqLWotlapi
Wed Jun 13 02:11:37     WEYwRnfYyl5DaJMv4UTL0349AEJC40t3Xx4ZIchml4C KgsQ7JXKgZB51 4oie4KjQJNefLm9X64dmu7ii
Sun Aug 21 05:55:57     9X4lb6d42nB7D.IYPjTAq.YqHezqMWzHnvlFPGajuo6bKyByPFBEBhsBEM.J5u5AQyuh2NpqmFH1f6PRhr7P8PRPsRM
1990/11/25 06:05:39   0a AQS.XQuwuWoEdLS
2006/04/10 08:30:21.820789     oaHL8QX0qeovgvxb xcfP.9
Mon Apr 05 20:37:49   mHg rf5etIq0Up2jxDx 9LLBVE79xpuLLIg.sal0wNq3h HdEYZwgOPT2gdxVwPM37XsyjI4xNFmJrjcEhfX
Sun Mar 12 07:03:45   HB12dZ6XGR5aJuvhgTs
1991/01/13 08:02:21.490579   qRfUot5u8Xi8dBLgDdajB7mFwOAkvO3nomPXyhTxALus4RYxyrmdNJXwmFy2bUBvWQY
Tue Dec 03 21:14:29  9A89i5rR.kJhx6hQOPz9zVwh4
2010/06/25 02:28:41 CAwUnM1DDTc4lEeqgrE8tiC0Ywke4uaQiZYI
Tue Oct 20 16:00:35 0TTPM8.Elgz0kEpFFzr6.gsxHx.59CezXkIWZ9
2012/10/06 21:00:55.946361 MjEfb88ailV09i2Pq0xZ
Mon May 05 09:34:46    gsosicS6I5wBTcaiA9ZS3Mf6
Fri May 21 13:01:22     ELmpyUpl6.Av
Thu Feb 15 15:18:56 4Q4mM6GinqNbmTqnzdOo3q8cvXpgv.4eXlRjfNwOGxFj yTej6Xd2ylYMKvsaOJAkZtITWuxJgF9dnJt5yvc
Sun Jul 03 06:11:08     CbO.003XLgBSJmADLxHwBwQEP3EvZBBUlalPQ2MS
2011/02/17 13:40:41     FMh9K.Wy JDK1J
2011/08/23 09:52:55.457002    ugJfYBBpnu7bbziu0B3Z8mnph9.8dGznIYczgQsN oag29TLn4RFf44gkqIcOmHyBhbQtEtGKYQJqK251
2004/07/14 09:57:16.646637  36NmoaALcMyBYW 9q3m2
Fri Nov 23 14:32:00    Ijhg 0 ck7CQi3f1PL56vYW1SDSl3mfkvaBJCwq JltDbA55q6huWdDy.O UqYLGKX7XI
Sat May 17 20:31:00   yLkyhka9k7XoMPOY3rC7GtGQ9moj02oQZCTd367UaupYAq5zEWw6HzqnY5ZpGvQff35H0CR4OlGx2KX6rD1rDkHTEyCDQ
1991/06/03 07:48:11  WBXIbm1ZI8AtHIUghkyWWgMLqvxXWVYiVbfc1AAbJeJ0.YHTBMBNNAA5hEAb
Wed Oct 28 12:11:43 V7esOV.1u8L
Sun Oct 06 05:20:07 e4clbsLnizG72TkXjnH0MYVBievAttQ1JjiewfqN3h
Tue Nov 03 18:00:46   MTy0lUzZX7VBjaSG90tVqLO2ctq8Xwndo2IighGz8w8NP3u42iM6l7RETzzAJu5kT9faDNuGP.
Fri Apr 05 09:37:10 sZLHOu.LwZpGVT91klZHWxjtBYgOXidwWLE.5kpcS7ysnJRewsGLIH lpXGGKazkIyLZf4a3mx8RPLdlx c
Fri Oct 06 06:37:03  J2Rn qyNmTduG6XpY4ZwFHkNxO
2011/12/08 03:16:45  lbk4O7v.AK1vQA Am5D5GYbuLBgC5S3CNpV2
1998/06/17 07:19:14     YtQicGffLS9OKS1mEaJE38taQGbY.t ZghmexQCR5VI5NcCH2YqLn0dYFq1
Wed Mar 18 05:10:10    tj0aoeTOR9aIwlWgz.6e66oVnqcpiwHklqGD5T8Wd5YJ3aN9HL0FWr9
2022/09/02 17:48:16.413425 5tQemOGlP.NttFiVRbAxGMJEuzTrdmwNI5V579 95Js4xQ6ha51gbOA8ti9V8em
2002/05/13 13:23:18 sLGEyGKiIUERxMixJDq.F
2019/04/05 23:45:12.251483     OS6 I1O8E3m9fdEeUB0DNd7HG8khnv89N LtJ
1990/08/12 14:44:50   ypkpKzJlvN suOHZSixWaPE.GPK.NbwzKIfYURHSs97DVRjBXUrkcUwd9ZuOZ
1995/12/09 20:36:50  SErm7 Kj3Q4O7gZbFxPt44n8VEGgMSjcifQYFN88gH2rCGziAlyhZpMSBwFejY07gH1vT9l3Aw6zmSnsTCPdYk2UgnDWgxXZJH97
Sat Aug 13 14:30:41    FzmLm.j5MznnaSGMbNsbJ1HoIiGGYX7o7sEWJrGJc4pa85DorS
1990/07/08 14:55:15   Q85vhk7fb9lOyML0A1dAku5PsBj8hV4qfXG5AUyQE3lF0UZXZ65lP4414vFgDx0ii56dfnf3.TjvU1OCamjtr
2020/09/07 16:16:33.512342     uxUqOBZLwJ OAqQ1WFtUQ5
1999/07/21 12:34:18.316011 nn2vNsT1l35J
Sun Nov 14 07:53:18  00.ySzxpbwJfXRWqyfbxYhyQUg3jcH2l3bmd2kdS8vXiQzN z2QLBHSEMGZRk.5Tj HHOc1XhCJC6LLdkFnEUzWBC
Tue May 13 02:00:37    Q1KPCkhrqrTTc3veUBhtL0x89F59eUOWdg26MTArTi6UCrehTVc0Iuptf4
2016/03/07 01:22:48    jsl bi3kyp.29Zp1a138P3qjuWkoOwITpsakqQQYno6B2VTkVg2fh8DmB
2020/07/22 02:02:44.44195     u36.lcSB1H4cSKxTZB80fe7GyO5oAY 6pS2YyihQ66y1Mj9I720PigG6hcCwCaF vW1K7cERYO13LZ.E
2003/01/15 21:44:50.50253     hKYUA.of3q7o Jq5mbPqOy2Z2damgN9Ob9qnhkw0dmAr.JVM3YBizF0Q1UG
1998/05/05 22:37:45.861579   GBCaO3xGzFnnuXWt58j.VK4m5HqiC89k3iKpLqFxPndkSrxuNEieGi0v1BvYVMZfnbteZcU
1994/03/17 11:17:46.620101    dlNmgRZJ..j7nlrg2uusDTQmqMHGqFxfaVb.fvFj2Rgq
Sun Nov 19 23:42:22    CRDRul5WF0Ged8OqZ9Qo.ibHBfjY0rcNMY4q4LoEo9CZbOOHocsZhtgRQ6kbvUWIHrQ2NviqnnKyDCDO0rLAmoAou.
Fri Jan 23 16:22:58     zc2QR90cfFeeswujzh.Y9tDis6k9V8QkiMp.
Tue Feb 19 08:41:51     1HlQ0WRCz3UudoqeU.fTjCHeSd.XVNDqDXZWNVI46FWTWxJcpkmXz xm7ddMBE7W.VXg9wHnvo
Mon May 07 00:52:52  RNu202YLBpXjCJu016YEju889
2007/11/02 10:07:17    yY8cz7OWFSwy5dW1hqhkoC4Eg5ZRNGV5IxY28tlvb
1997/03/01 22:06:05.238452 juLHY3VEFIcyRzjf.MhnA6RSaPj1CUBiUQXKXZ2IY5r4
Tue Nov 28 16:35:31     9.sLdBrj2okj6k 
2005/04/13 12:22:17 PybIimtaP .0r NmPi6LXVYtjgvBifl LabtXI5S8LVSCtUDzH Bd
Tue Nov 16 22:21:17   cAMVYctRY9pymAXm.AY
Mon Feb 21 06:33:57    rHrJ4ZemuOZ3Uj63RaNFQfxGODJj6OSUAi7 SeoPpxBoxbIBQGcO.ESNtRE7XO1Is
2021/11/10 09:26:51 fC aPhExOxP
2000/11/05 04:52:56.609662    4AiQyfT89UVgWsWGtL.ZClVIDhSjltyyo1zmqR28F0xZ3UZ4NzPhfu3nCQJ7XSQvoXOB5BwLmnZ vG
1991/12/24 07:08:10  E.JRCRQ2zAts6 JIxxEa
Thu Mar 11 09:38:23  x57buOmHEyhqPxuZ.5lZYLW8 qOTczSf4Zsw4oD9YcwRgoq5rJSLu18b2mAiu4EK7177Ztq n9EwcrIIrGhtQIGOY
Wed Jun 05 20:44:50   AaliqxWZOJfjlF8rbmL8h.rg7FTb0 J1GB67cYFR IJ9n6BzEMwSdG.ZwefYGGiNhOEG8z1Gj6G.YzFUZhz0ZpOdLdaJ7x
1994/05/18 00:03:30 XdxbPoR3aViuL GnYZ9g
2018/08/15 09:23:15.204923     D.otj2gqHKnovNFVqKeI
Thu Aug 20 17:01:56    9lE1b7lMmxBQkF2CusYIusKFN0ni 8R2o48mjSiboWVZxgUzF4pWPPkGqd7yU.HuIzt
Mon Oct 27 16:18:06 HhyYU7ZnO83H
Fri Aug 26 22:17:25   xp8VKURYWO0G46zVSBPZ64nljQV95Pkk69IWMxqUJXLmkTGBQCtLKA0foZiDIezlC04HBMGoMUVVCZa
1996/04/22 23:14:27    Hwz ZeKFVcej4lJpZ
1999/08/11 19:51:13 TKeUXg1cNG8
Fri Oct 03 18:26:11     a kYPwmCAje
Sun Feb 15 05:04:42  pm 2mc8al7HAxZPJvpFTAssZJqOzFsFMzn
1990/03/02 13:29:38   4viSOnm8CofhKWKjY53dIDThvq1kNrBfMvRUBq6Jyd58ewcY5yoL1
1990/06/09 20:06:32.781174     Z ytMk7pKejMRMhM1G.HxncvUfGZEJYrECD33fA7
1998/04/14 07:40:42    HdeDa.9de gKF4v2hNLv
Fri Apr 23 13:54:34   mzltlKl8D18I6eK1gXEhiR5OsluItUHujqfZ4ip2GJ432b6ZZ NHj pvt4wNzqog3yvIMJ3.gOTmFR7L1rKrghkwhi8j
Wed Nov 11 18:28:49     vgGPcnMLYeU9wTNsxxMitg3qxxHOJHGd27ezC.axko
Sun Oct 09 04:30:54   Egv sErb7XPpT 9ctQcu kW9lstK7R6IcSAtwWfeG
Thu May 13 16:34:24    inTKHy.e4zK1Web6O3pZzRdqDV
Sun Apr 19 19:23:45    rTybamqE1rGYWqXGd.JdwYJ7EWmD7asI3dO2tJ9kT4mhKGgy6l1sPCs.7P6nmxE..
Thu Mar 03 02:12:09 C2MRcTMUVE3badkDthydlZ1UzaIMNEktnPTcZIJZchijjnaW44oeo2UyMLzDmwvg.PUg0
1998/03/03 01:33:20     FW0bSqJEpnAuYv6ImZhE0AQBbicUhVVw2zSio2jHw3aFmUtn4TaFDxS.MRXa9ieA445v.vKc295u28Ra
Thu Apr 24 00:21:03  rAbL8Os8rt9QyAFwlQh4tzZpdnpLYEjw2Gn YMigmF.pucoL7PACSB.iAUevNW6l8g2K9nuL5q4L.q
Thu Apr 11 07:51:13     ctTAvDH3xNnViX2Y6gK. Ju.g.pnoaOvxpsbXhY5xyCOdsoIhvanhGvObG30twk97L
1996/11/05 14:25:21.906728     1jKdjIfx14WzDkNaS3qphpbM.3fGm
2018/11/05 08:34:37    8S8JSPKAqkRW.u2fRVRbNIc20.8fyoQ0zxgHYpatxU2eWdhK9HrJa3VnHlbfpg5khAjddavnUljM5NhZvgUEIkKa.
2001/04/08 03:33:49.846889    2A5FaOecvl81DE12 wTaUSmx55nH9MT
1997/09/09 09:00:15    A1NQxf.H 3ugrVJ00V2P1byOc9L8lfywRQydk.V1eHmjHouAlp9Khxn2 
2017/08/19 04:19:52.92487  1.wrfcoLryGvhxLb4Kea6BbRfUS.MtXghtP18Dw RJbS2Jz8
Mon Jul 18 13:16:35    nnokEQehems2yeu b2QztmRz8M3Yb3FiIZ5Ga5gk6l
Tue Jan 11 06:53:36    dlzwvwXc0WKjGQl7joyCD.n s3ByYd8P2j6IQVEG93QjmTYA2QXHuyZBPluQpopaJHYVjaz7DO5tDF34t8RjJ
2001/02/03 16:07:34.73937     cFmxk462sYU5GtZ524s7YNRnRsuPM47gx8vaoDcsKgEqsUKO7Q.PeuW
Thu Apr 20 07:23:42 kUNYH.mMNXk ct
2016/10/20 22:19:52.166852    9IqODE.ON7Mu 1KIPkERr4xZLlnYWtv ECLHDJ7Nm46Stu0ZDEBLNxTzZUDtkvN ch2MjyOvoNCz.R5npNrEfZ5
1999/06/06 01:52:19.886180     V x2e9xUsqgtVk2fHX7sRwkym54OlFDssRlltX7oFU3SBN
Tue May 22 16:36:05    msZd4mQu3ydsfMxnbm97ajjr9RP16qQN7
Sat Mar 15 11:47:25   rRZBs27oaGwcbgn s8eEubvYIHiiinz47Isl92dLchWBAXRMHi5.zlB M795T0QaTIAr9fXc kwZl.EnP
Fri Oct 24 12:17:01  qHxbGORc7eQBi4BCPqnJB4mu.TkRnUVG6fdxdIvxGojLohc4oueSw 1 7vsAp9xwtkwhc K 2QdQoAC4qOfhsGywXOxSoiEhLm7z
Tue Dec 22 21:46:49   bhVk5NiMOUuW7Kj3Y3U3Qh8lG5piaAsbKVHPjhzpGJWMlx3iUrfGT2hzmn9iOjLZ4Rc8FaydJlR7DXY
Tue Oct 20 01:58:44   jYurGEZ02eWzUXCr76r6KLALJZxJQG13sJ7qtzj2GPvyb9M9NJhwhMZrKmrmbcTSY9q746xetX0eUx
2006/11/13 07:16:05 PX0sJ..hftOwhKlEO5 e4cSYFY1 JioBoDPM7
1998/10/07 09:16:18.780573  acVFokOoXNP7PWe03YMv4M5ppAgryLgk
Thu Sep 05 12:18:13    2NEVZgCUaemUkJE
1992/07/20 20:00:14.960750 Sg0S7bSbIGNX2Ny3X6x7mdQIxg9.D1.n mqKAh1GJEgYi
Mon Dec 05 14:21:42 .F UuPhYpKARPZXoEz1d2KYlFbnNxhYCPs0N dSVKFUTaD21tzrLcQdbOBXuY9qf7312uFU0mW LZWb7XSmJ6j5eKvpEay
2021/05/26 04:42:42  S5lsXK2qra57zHWgL9kSlUI5x9eBOJLbL0fwuNJKmrknfn0HhtRcH6UI8jsk
2021/01/08 08:22:16  FBQu27fZUAMbeSDugGnZrh3x9yPQSD9iLKiJee hu19xW2NqpYg1QJNCsFSiVHOzrL
Mon Dec 07 09:16:39   89HptGyH vSlp6h6UcStENKnx6hn4CuyvlygBqQsucAVOK7GjU7tcVmlrSntXZmegcE6a7Q9WAg7
2006/03/15 04:35:12.227993     XC58VXOnRAL8N.5mVk2pZwdMXp cuTqPp.EyAlwpI
Tue Sep 23 07:19:25 e3.EblL0enb7Uc
Sun Jun 10 14:55:11 qGBwZVGaSdIOiKLrbABfv7QY5oVR Vp5zPkH2C6BOpetUnf
2022/10/21 16:50:07   0F7zjvqhOvaehemO9FBEqxkmZOZlg7AbbpwarYs1LbFeKpK.fDQzi8INy5jnaoX
2003/05/26 11:08:16.118061   7pPvtv9RccWVaTYjP801MG7QFNuznKTYd
Fri Jun 13 03:46:35 7UPxMbPt0kPtuLgiNW2fJRD5HuiR8h4Dh.aF VM7z
2009/08/01 23:30:45.907032     n F2vAGqZ0RC2NyBpym0O37b7T01AVTZ.HGGHSBLdie82ok8tsFx0hMcLa9Ohv9K kLsNFoiAVq.BArYFBF9n0x7R7taFIQYZ
Sat May 16 10:27:59     jIh.rusIEC3m34s4JXPQOdJ5mfMUF56Xl3BVqn4L23anNwSdsCh0 OkkRMJkW9fxch3RzC
Wed Feb 15 05:14:21   hZ ARXVsf6uJCHafgK88kK81dSf1TMPOcLsHa.3Fty
Thu Sep 24 07:32:44  e.L1xCX2SmUkFhkb2D4UU9iRP5jgudg6YC64Dzw6JqRFI7z4UlWBXkl
2009/06/21 23:58:32.882477     q.1L1Vh50aHX10Cq8ErARIpydOeSik3h7XEHszkGMr5UCcwMmuCTtHt1JekEVj5SbxmfQJF4y8gc1uu
Wed Feb 14 17:17:36     e6.1HpZ0ERuJ8E6sVMPhyy8jhlO
Thu Aug 16 05:34:27    OCFF5x4F9uJtVT1eZD6.khxVShN5RibsE7G1uDEY9ZFAhZlRyLS0EqzXTMtdT
2010/10/26 11:37:04.740324    yy3 pDwuhk3
Tue Mar 25 17:02:56  HwAfn0Sdmt97G
2002/05/24 00:40:46.935239  R5x8Z15v29Gk47V0Vk.vg3sNyI7GlYWewwuC12X
Fri May 25 04:51:23   vCpmzuQLfA2y
Wed Nov 23 08:48:20    E1SYX9cIXAjndEB4pA9mJp0TSB.PXkk.OZ7lf38AOj1 783I56beepprxBvxq6jZ8BxkPPncaIrx2kmNJ5MEYIjfmJP
2017/01/02 15:48:03   IOw78pittK1Rfu1PTqD1an3zi
2020/05/16 09:50:08.434610    SLxH1e4JsD7p8Ty36n43SX1EYO2alAHmZjTt1A.G2FnxqLN46rfr13TiJkDQEKAVKdDH2.ZjUhrEu dZI0cNf
1992/02/18 03:41:39.388095 34W1gWfQn9g0xYfMltOmXPHL YQMUVIgU.q2
Fri Jul 23 05:33:56     dHoGp0QIWBF76PfhGGSN5h
2004/03/13 04:08:37.313450     Q3NDGHXvXpeACgirBCMoplOfnD..LRF9bwOlItJX5 gJg2PN4nUtT84CXq.a.3ia6
2007/03/21 19:29:31.51473 nOB4bg 1m4OwYJiSGoSEBQhQqOnyk.c v5ogzR6gps3 OFBeTYdDTOKUmUy.kvz
Sat Nov 23 15:02:05  NBARU17S2mU8LWXADUAdL9cNdewYDVMfA9HCQoyjlPL94.NnHoGFlxhVndf 4TVoX9vnHoo07Tr
2005/11/21 14:01:28   TwMZVFRvsM3cTYr3gIR2Km8gN0uvBUT1vz4e8TNQ1bD6yMXT7y73LVF
Thu Dec 25 04:20:39 hyT7wmY7rMRY0z SUlO9yJJaymBWZVFH4n2ZLIKENeMRPE3Oo5JUwjm2
1998/03/24 12:09:55 t.Kcvl.ikX
2012/02/06 18:54:41  CTT3RJKI9kEO.m29gphC9n9TF0Y99b9RAMlXxdd10Y4.f
2011/04/03 09:23:36    wTLLuDXUZJyQc19Ethyo4Wl
2021/02/23 16:37:25     0utII6U.f7RnrQP
1998/12/17 00:28:49 PX6 1FmhwE00w3yf8jzrFs1mycFG5.5AeySNe en
2009/09/12 10:25:18.680182   ACC8rUWELCAnK2HbsYVE. wRDp0mW.HnOtkv5F5bwF zGXtxYJaFb
1997/11/04 09:24:56.293822    vNCF2jI8DfgQUaIOVEbY6VF8J0K7kqgY6Hi0Afmri2izsUyqXAiTDS
Thu May 09 09:30:58  vimCRSUvXJ7VkWPj02Yioeh3JKNk9
1990/02/26 15:58:44    46dUud wKRg3q3NLV6CpqcUZ8 6H76475LDOhD4DPo864hMoUQ
2013/06/28 22:54:27  a9eD36tHbsUTWt.zeputvtBryUAjVZ5 rFW39UitQ e
1995/03/21 00:56:04    F7GIlueXht.EN2c4miyM7bdscsM2ZgakR4mjnEXS9mikhiwVPuQrQieRfsiCTdxzdy9gTD4mNvBEJAT.alGaQSi6ItTMUNK
Thu Dec 12 03:26:43    krKo10Aj 6dKGPCrUnGH9GIIcbjFOIHsrKnKiy
Sat Oct 07 03:15:04     uJn7EaDcDGm0RTOnxjDs3BTP
Tue Nov 17 18:19:58    AvBffM36aerGpUjXXNhhn32oWBEgQAKgrp9Wf
Wed Oct 26 10:03:00 4LxYO0fO28LIq03MNDHGkhmprmoPIXnwl d7bXLVXC0yr6RtT  .82woKK.Oj4T5lUii5rUBhVPfj57
Mon Feb 03 06:07:41    44ESZdTitve7wjzECEgTFURS8r7yTdMQyzROZLxFEO9LmaoD0gNnmuk7nrkJr7cedImgNiTskksjqpQsqedr8jL
2022/06/17 13:20:33 9yWfoCoA8e6Rsi SHeG3zkbVOeWUlVI3HV3csaDbcsuIkYvDaIdvAvwzAlyp
2001/09/06 18:49:04.151874 dZH9 kC7HkhD20OovLBZ9TQYLP kK0T9mPdWIJT3b3VUcKvxxsK8R5
1995/04/19 17:27:33.214935    o7Roi5WuUbY
2016/06/14 21:47:50 L6VYmT8Ek0voYgTkAON. eNKIJ2z v1X9f8PMu6N1vD hUl3odc4AsyW8cMR
2015/01/27 03:59:36.7967     m81YGTnib.WHrskK05YpYOoMZYdY3YOz1LyXr05XhzucuOsbemsMTFttm5o26HKlV.nIjXNvojV. sVxR
2001/12/06 16:37:11     zwiRAQkLQrkps1PXXVcMRwy.hhQKc s.GB
Sun Jun 13 23:58:45 ZYUqorv.JW Qm0aOYCFRJ0.199Oz01gValM1jFlrOoH3eWtJoButGbTEtTKHI uvPYp.FJ.FbRcS474
1999/07/08 20:13:29     njfyLlB2oAhoA2
2000/08/02 23:03:13.272823     5eZpgg8yBF.1TSy7GqAM
Tue Nov 27 14:35:16    zCXYQW1lCWpkD9PtQl954talTMYTPILcHTIkbS2M35JBV7
Fri Jul 15 21:22:39     5vxXmZkXeibs7aJxaQrrDI.LloOCV5jlG5MqkhZO6095W8.dteFz.9Hy0d.4bX3m.N6KZVjHd6qJK8B6YrxQyNr 3XAhuzDcCqT
2013/08/18 04:15:00.807552 Dwc8dpssABsqHu1lZ3c8qnYf.KE9ZUNvRXWpbRcGTRcWzLDe4NK1im
2019/05/10 14:06:33 .VHUDozppa04x76GbhYrusyoKVUwRGti8RoG.F0Olws1TXkTdaAP3XZsdOVKxnQ3y lwDaXScY
Fri Oct 23 03:19:58   s9NPIqiEYPvoxqAUUFFGS1 XNsIAx
Sat Jan 26 04:35:55 omV3sjlIz3wOa82cd9myKfkXmZC.BKvjubaam2xDbapWIjwu
Thu Sep 07 03:29:32  xjnwMah2bgAbfpO.yeo.oJ1x4UGsfbf6PyIGNZbjzFe7QbwnALZFCnTI
2019/03/11 04:33:55     r ctC274cmKdBtIWXJ
2019/03/04 23:24:46 VTyadaq7dHb4Gpo7lFshgw
Mon Jul 04 00:47:28     Cao24Mwd8IUaPijCj 5PmWvYGh5E M1J
1995/06/19 00:21:55.223214     GkDTyDNWYY1 Ld72VmmzQ4pSdpmLp0cAU
Wed Apr 21 00:14:12     zxRHQyP9sr111UyPS4X7CXBF4Vklf1rlpxGVp.ScB4WdCryX7 5exj1L.4BTYDi
1991/10/20 09:48:58.321726 xS44nSoyw0DQSDQals1s8f0QtahoqwYSQXCyQsfoX
2001/03/26 23:12:57.461811     ttbnX2O5BaN4lwEWT1.iz59BTVA2VQd0WdRvNyUvLqU76O4G Rw2BbZRgkrsSMuS
2007/10/17 13:24:23.506725   e3ngeuG16LrObKSWBC8Bfw 5Y8loUX0.wRw6sjfivtzL5VHnaryDNoVN29PoyqC.ENS
2009/11/24 15:12:21   ATIsbkCJXQA6a43Ix7Q
2000/11/22 17:10:18.786793    eMVwGTWP1E17IdobBLAxIe3x8l2DCs4L.0WwC0PJiMnb2VSwf.tH8Sqfil7EZNSykY.Bq7lY5m1TCHzSDJfHeFBBk
2010/09/25 21:19:09.922648     E2QcPBM5hZjUtpYGiLEE69DXrJrQvskH5j9EQH8M8FeeipXC8bqXK9tpDR.DvQE3MTyHdXWmbIyn7
Fri May 05 01:53:08     Uf13mC4sLN.0A7zcjlf9Tg5vXUHS
2017/07/26 16:37:52 QWe epRM0VawiPdNdv8y0QEzHtuRgs.dYX.qXsxRO2r0d7B1YZnywnJ5EGiv5h55QX2rT t7fWF6q0.M.Vx
1992/06/27 20:48:04.845851    qWveWYQaylJJBSkWeP.gi5d7
1994/09/16 20:56:24 Gl3v5.eBQPYqmH9bWJbAGfLVChKOBWIsW
2003/10/21 19:54:38.37239   c 59rrEO73M8RmhlwvyH.6.6yQZKfoAiR3ccwVT08sBpa7dV.IqtQROC0C 31wUWwrOP1gkuVaLYagcSkHphXMLa
1994/01/11 07:33:45.216352 7nAppL4XoFe1MoHU7JivqCmulmoeVH7.S7wP
1994/03/04 00:06:46.58579  EYrTIdy 7azmV2oec6J2HnkNpC7vwSP0IsKtUwYsHlol 9q MHMhQYoo7BQ JDfbjLoyWCzKZ3iwpRDjsNL0Xt3N1TrpgieEM
Fri Aug 13 10:42:20    7wigx9nqMSWXIXMgIrGiebMCvu
Mon Dec 21 05:06:32    3gKpSsy8tsRA3wo2SajPDRDh8m3hTL8QdTOBLNtt5Cx NlelZMdajViZPogokV6mp6qCQi3FfzRkmOHOP91rjaYsp9IKElej4q
Fri Jul 09 20:42:12  ncb3sexrLoaofphKqdgQbXVg23FDFGVlBK7H
Mon Apr 07 17:19:03  qikQiaNSzmjAHrOqibNgDoXy4wwleC6w5Qql1j8fEpmyxk0dHTK99o1IMF9LavsN.xcRiMH7L.tio
Wed Jul 21 19:34:36     C2bzl4CznXAEDqZ0TObMvHugSdUX8plzPf5rUh7cmswXCN5qq1t4AcX
Mon Oct 04 08:59:02   FuDbnWtfiA0ZUjdslAXu4P7mrU2U.jCA7tnofXR.HInnKeev1j
1991/11/11 01:21:46.998435    uWVTyqoh.0EwzuXBw2hGTfvmB27Nd0n6Oa36F2e5T3Fuv49Cc9GOggTkpW2dCvh55pykO3S57nAP3Pi4505NwCrq.P
Thu Mar 19 12:07:10  BvLkznaB1vv AXKLhHnAhWwGZoRfZf feQqD6Q7Oz.7EbampLame3TkXco5k
2000/02/04 05:12:13 eEFDoYBsZhcAneUqvKNYBmwx8u9T5YSw LAl xmS5N.G8roOKnGG2M5X1FCs aADwnvEc9JrLqkIlQdUTg8zDBv77NUGBu6O
Mon Sep 02 11:06:15     jM1ORpMxTejiHzE9NbuKJPCu5w0ixNpoWhJnAqDp.qQMG SKdUZuH4QG.FZtuiWv8MUKu
2005/12/06 19:43:05.58390 A6Is 2fl1tKe64UE0nNdCaEQ
1991/10/28 17:08:47    gsjessiR.E6OWIfqZIDbcb5KTLc.4RPEwp43mzWc3YSY8rp4Z5.AGjHw2dQlnbaGxBDTfyTiyqS8yKYQ pkgOY7z0OQ
Fri Dec 09 18:25:36 yvsB5QX8TUImo4yddQVutDX8rSvUkceWbltVzkLVAMBKHw
Tue Oct 21 17:31:30 .1t3g2CgepgOgUkz5fcVrGH50dW EDHslCCraZKX7oZqp7kvMmqpRYOB40 DY
Fri Jan 01 06:10:34  Wd40l9GjmH3XpHpiN6XFZ8IR0xTSvVfnvSN2m4LUv8aJdd
2016/12/15 20:39:18.192499    JvsuuJj8eJLXSRDozA7b91eC
2000/02/17 23:56:21.449753     on1zNuD8WphSB BsNKmhSjdZunsLYZY6O0P.pfza23iJUB0aOFXGUGjaRigkBdrgkrh..TS6gNHAX
Fri Dec 06 20:47:48  YyW 7W.ZFZH
2009/03/19 05:37:48.808263  F60sGUCrS44H7AlOBPr74aevh1DAyJa AZYbVFt197XoG021DeRNxU 
Sun May 10 07:33:46  r5wszY.t8njRIi07Q0FEomvaUZWHSjVQhXsM8UnE
Wed Feb 09 10:14:31  VIveAN6zUCcJXiM6PJiCUzj9JgOguYT5NbwPrdlOOPvVoFnvf8XEmuLu4pNHXKkcrFp83DSGQ4.cnaxVVINR7bb6BfuJHHV
1993/07/09 07:50:41.616694   uXvM6hP.1JhjfUs L5bOKZHLlEHXicf5RUR3kZuhit.Xy7fPnhllykpV.yDtABzlNifxMe3BMWkcKnrpvdliLCrv9ubKRVq
Sun Aug 18 20:11:51   o7wQq51BTzgQfhk2gpw0tJo
2004/10/28 14:46:15 p wrbU6WPNFi
1992/06/09 01:33:54.40792     ilM0myd0FtXdL0K9HamXBwfhTF5mvuNiTMcF1qQkdYtMGdoPQeJeXeUUCXvH0DOhXUNs.F8M.6DWe2v9ik0TDiFL
Sat Feb 14 15:20:47     jEHg.SN 0LuNwzA5LiJUbNlmMvuxmjn9vb9.cqzfnm8XBPka9u7BjlmmjjYBUis0a
Sat Feb 13 05:38:50 TOqncpm0Jnxazte ulrLmhhW7bL7b SgrZIRVrnHU
Fri Dec 10 08:54:31    GWaUluwyqUAIyOV5Rz
2012/12/24 09:58:07  Z.4saO6UWBWpmUYSrliWvFnvwhbIZE6dXdBMPytKxd0saPpJLNT3HMxgJ1oPLZ
Sun Mar 01 19:17:51  1ZbDMliXuuF6B1GwNOEqwSNPLgRZNz
Wed Mar 03 07:34:02  DZSTWzMRYfoUFOzA3UPpvE0i.WlxxySnkg4ChtXH3Qjg.X9KIQvw
1999/03/01 10:52:56.956526   oX1qn09diDiJIzs5fYNfGFaPje6
Tue Mar 21 08:04:59    LIGk7wA6JPDpcu28zAczAmHtWWKvDoDOiofmy5pZmXtVNb4zqouz4pTYW399yg0Eh67LFjc50iw8ZFXAs
2001/05/18 06:57:22     Pskj0xVBvMHvlfZ8Inlv2jlYYc
Thu Sep 27 23:56:47     Xe.FhDfAmtBRuWmI9XAaBJeT6gC9vA
2011/08/10 13:56:31   c.vO0kuLPT1AIT4s6Io8op1.yFc1HJLiuJKid9uhyget0IFNluy4cipBJhg5Tl7WxBdOhx5rZ 7Z4lMBNgRruWcaeNOd 8J3j2
Fri May 19 16:31:00   iSPhaMYPUvgcthVFBTIpb8Ze74lQVBG4MmRvuukQQM6CrJT3TglKhmU.VDVy4ar9pxW4jqxfGV6K9P8
2020/08/28 02:42:44.540924     j5Ft 6H4oU22fg6Y BJKDykTYuIzbAVfztOkLqV9yiloYurje5UjIUB4zYJAQbKr
Fri Nov 14 18:54:38   lhzVlVs5FGybCcZ37bcJlvwfjgVH0TxJgI4HWwQs3y44Bex00zIMTy7 8VLwQ M
Tue Oct 18 08:06:43   3vtMn T.OzGs7B7yZ3x8anJeVtjL
Wed Mar 18 11:40:12 5.B8WaI7A.Pw DWRK.huTZbZj7.x.Y2GfsbQcTFaUvw1ZkFgrm9
Wed Jul 25 16:31:10  Mnt1rI.lr923P2NTgdL6HvunUVO5C
1999/05/12 15:47:28  QjBerp4I5.1dBYno18kqXe7XIrCdlNsW19
2020/02/28 22:46:31     qpq9EdypDhInxR5G3A6 fKzeaWTd0vAlVAN6t0khpnhs5kVY.x.7bEIxeY779 KhMvb2p
Mon May 05 01:09:40    uf6CG0EEmdOI1EfPNLE8Hfx4.GSwKBEUf7lL
Thu Feb 13 02:00:11    21jERBWZ5A18zMhjINzhoQky6D5GLTtDI0
Tue Aug 15 11:11:32    7e cpDXyx7CaxxSMat975X28UFGQF7s
1990/11/21 21:12:07     XbRPZOIpp9Tp3s7p5ykTYyTO4uZMqjvE
2015/11/01 12:55:55  k5xHxvAfM8qo2ZaolW4tZ5rhtg6w
Thu Jan 01 20:32:13  oZxDC4ROS1.Nopdc0BvcriMLolnXTOyZ5BcrbkaflKAmLvJyjhjwVnfBk
Fri Jan 23 21:00:53  yCXZWpOk2i8t19EMyrKDobSSTLyaObd0Bz8ecC1fTz8J7NHcfaHnz90wU
Mon Jan 05 06:10:17     G46.OOztiD
Thu Oct 15 11:30:55   cBtQVZEVeYG3c0IgtddOldJ4eghSaJIxwQf76XWoWf3MqvXiJM99GpuQ.cb4whgosCNXV
2016/07/24 22:34:45    NtE7WyP0G85CG43FAsj97E4WxE0Uo9R3LbytA9DJcwnQI.xFLrItaKAKJ.rAXoH0iCUUqWxjcOne5jGRXIQ969NUoqFxIJfi
Wed May 17 11:49:14     4ycPaoNuDrj6EV7C7g
2007/12/28 02:00:19.875887    IBtu1Mv3nCgPIbP2jRCFGRsHFX
1996/08/01 06:46:03.601632    SqBhQOX6E4hJVP
Sun Aug 14 19:30:55 c5IBam3Nc9OG7CKoSfoZelzluqhSiHt8mfEvm2Xy5zsKvrAJFSAy5Vhp5 GIwE3uM
2003/07/06 14:05:24.85937  JP1hgRci5iwN zL0x8Sj6i K RyKGs
1990/01/25 13:58:32.745126     RO7VDN7OT5lOzv 0lkrloWmft.DapOsIdEgObVMzLKEDLq5UAV8Lcrmk6MG
Fri Nov 09 14:00:34    X54KNhfCR7F8AdWJFW.BmQKqlxFz3 FoVumPvSgtoeWabknFUpqd52G3BV.0xWPe73ddl uXRf6y1lXN959zioeH9ySPVy8Kava
1994/11/03 18:00:19 hO5u3RBU3mvlja5w6Qsq0jHiVwl9qXup7LxG8AdcbC.Vk5
1990/08/10 04:21:15.300122  eKvJ.QkJUXeueZMAh35LtEKDvhJMorizNRdXyDLaF8Zj76 bpnywHkvdPdbgHGnvML91TL0khaSnVGdPp4fowbo8bDR
Thu Jan 09 21:49:25  pfg6Ae.99HICTyPjEuwo koBNAd76fJvlP0wreL
Sun Jan 24 17:36:23  KifLtEjQTcK 3 h.FZxZ5SfpePn7O0mfzdJDvL0IWVgszR6AiyYYrSvc lePUHf.j9Jv99
1990/05/07 06:05:52.153426 jRwlu1tSFQVxH4dPwtcZVQjLDCtDg7uPtSdJgyx3dqgxRzxOrbXIRMeFQD6ZC5VGnIkYBN8UEWtuvnHc
Sun Feb 11 16:16:27 DkNXAxVAuoaz5kr3iuQZyN7yWpyc. 5V3ZWVdhBa6w54qgdbntn1yVpe0LnJK7ADrH
Fri Nov 25 04:55:48 0kEjex1nK1T SJiQ5lLvEHigkiQsL O1Xov otFGnOjThqMqsnKMx.73euUZw6
2014/05/25 06:20:51.72995  0XFPUILeNGVlg24a0n8lKQxSCKQSdjaQAHRqr4J1Vu76FhidVJ7caLF J7vlp3ft  Ri2UC5Dm4qEmzum7uZwBy1jlK7MKF8Xc6
Wed Sep 02 08:24:05   tgJJsKAUsipr9s6ZrN886uft .NUx5siNdKZL
2013/03/07 13:15:31 QgWCspVugqdsusiqV1dPEXgKvR0DePqYVIfH219NGneLfZA28q5EfWjorZf8kZa5eHGWCpZTkpiGCbqtGV1e Xtb4NNuohLU
1991/07/02 02:55:27 jX3 ylzTIc5cEM1SbfbIB0ynZghcvVolwbphnB 3HXxS46CowZSAlhrTxeerJCCO4 ZXfnWmkzeKpLymscuDShcXWEVOgcAqVlZk
Sat Sep 18 17:15:44 6LptdTqykZLJH.oysVSzXkQoEdyTUkeE6pOBl
Wed Aug 08 20:55:06   .0OwnEUbaPHamHFjWveOkNZDfLJO9z6HusYxDCnS7XEnOPpOM0JTdoro5Ir3BPhs4qGEENm
Sat Jun 27 21:56:17 ipMhs9d.mfHLKORD1N62VjNiLS35efh5juPS7qjtozH5aLsaipsVg2dO0H27xaX5CfLcMKprglducsyCxqT.
Fri Mar 09 23:25:02  GsIvYA23sBbGAOeYOLEWY 1mDkE2g415wrcH3jMWfmJ2EhTdjmT517MFIdgUV0YhOQadcs4
2013/07/17 15:30:04  M.I37dW0QrMnZr0g3kIb1dIQZzpMDsNuJ6USVQvxx9T
2020/02/02 12:44:50.590105     kpaaNbJOejEskt6gEsQMAG5Y1Ov6VPGagbKnL9f9uRs9q e1bVOmMwOvm2mm9TkP8IAHeupxxzafdJpZTSJmT7SOOnUPJ2q9KC3X
2012/10/16 23:10:10.22513    FH8IamKVtg6NezkC3bVUfMNbDir7QJ
2001/01/23 01:38:16   0w2u NtnHQKp059rEG5nycIp Zdg.Vo
1995/04/03 00:09:19.381163 VmE5tAan9PSYDvHJr cW56oHfjzCYoWyhSaUPwyfqVDtg
2000/06/12 21:05:50.402754 RWiJPI9baf7sa.zmio34u2cEiPPXvnewicEwYvI56NO8YAuobzVkiWj9F0BG.yXM3M12SKp brG6PAsBUM87.
2017/07/22 16:57:51    93c4pX0BLhmSkrdWgEnak12MG3wtSWNQp6keZ0.l6Dg5Qdg6LIT6kttO9M8O82t43za112W80DQYRTJ.vhXx3E7VbPsZTd18wNX
1994/10/07 02:24:56  fBbwe7C1lhURAxVvUUjz9oZVJFiqldMgx1sPhc6JYu32HA3uMBN1SBsE5C2rAktLdLW c7ORucR0I39 Uzd9
2020/01/22 15:24:27.20614   DzkK5lenPC5fdj.xmyk439fOLSdoFbr3u..Ica3T
Wed Sep 18 00:56:54   hgvWtgnEzbsKeG6erXLQsKIlNxbyYY.7NJFN2IQHgXtVK7v20jCAM3Y81SCMQWdCHZn16CDkH3YgYw0f9FEybN
1997/08/03 00:14:04.237637 Qf3CcMJlIIC
Thu May 06 10:48:44   JHp8j.DRPQ1vTLF9taaO504Iqf A7qV
Mon Feb 25 23:12:35 QCpxhby9F4cu9W4Dz9N 4oeHgISG
1999/11/20 18:45:51  K0DO1jhRyYodoAPQshC6Q0WCLEa1xlfgzySKcH1m4SBEwvdX7XxEML.l nAV9XllQ1lc0f RwJZ0sddQM5sYk.49MALz
Sat Jan 13 17:54:02     U2TUnUP.N dZ uR8e9ys2FcC71IK2hW6LzKj4bL0BxU4
2013/08/02 07:16:33  n76yZO.T4mEXMi8pg
1992/07/01 07:22:56.533913  0V4jAaskTn3Qvstp EwUwpuJwgMnI8
1993/11/20 18:43:32  xLwPQgO1gz9qjdmGU6BXpqbOa1BkMck5tEKbHSFpHl4XQqmrN3cADQzk0WGFCkcsxD1IRveRFuBGiDrdp4S.5aYUPqHNUkR3kH
2011/10/21 15:56:09.766360    ygVGmpiZ5rZ4QslKm5KIVxo.3 81Q9kE6IPOAeV2sB4cWzFuE
Tue Sep 26 16:32:50    IfYpMbiKYO5LVEWsEgYzZnGUcpJ0G8QzkMmydFLLFoE RPOw3iTe0nHqdWSRlII0SJN330g2MdZ XB9VQa2RyqLUSclP
2014/07/05 06:19:07 tecxIpoLqhuueU2JPOKN8jAV262ive7HUs7N
Tue Nov 23 16:20:33     jBhyT8Mz.N
Thu Jan 12 19:26:21  YniYXHVn2Xjw JauKlPLhxxLCjWexr10MIubdVHVLaj4gV4r4jJbI6ic2Jct8f09rkD33mYSDbZUfrTtkQGl6.NJCcRunl S
1995/02/06 17:12:08.120346    VBdEdsiai ibzY7M 80zA
Sat Jun 27 06:53:14    WjHQrF0sn8EsA4IHl2lXXSWm7WEG1Py9gIWW1EUW2L2pOUfF8weOnVtH7KSMmtqyp.x1Yh0lElj.yey3Yvqogbrje n
Thu Apr 18 17:17:56  blKj22c0xGwvcyxel 7iMd r5hc8nQoGblvhHn.HrZgDLBrRq yLN 2GFPaTEgE
2017/04/24 02:48:58  O3TnLi2WxaWHT
2022/07/11 13:37:42.263749  5mkZ31bqDA4eA62JSPgMJpGqMN9rAZqQnL5s0H
2015/07/17 11:52:39.249146   Yu.yGT9f3V3P8iVoRVQMj2hpZX4WyxBJsmOCMO qe9kHtT1WdkTh83
Wed Oct 03 03:39:22   qVtAWxOT8J45kvH8B a1H8QqDpPVvnhJvJ.cOD
1990/07/19 19:53:32.797581   mDyLptF9uVNn7pEdOGunXcct0xOhi9ZwhV1Fke1ns3bpZcYJVWm5M.eLWVe7
2005/09/06 20:51:14.435862   03mDAGJ358j691HYkhfwaqkha..ti65A5KYuaqRGYZpG73kTf7
2020/10/07 00:18:56.392438    Keg muXbiSOwGHoubytLENCD8Luiq0AKYOcOfTyxuJi0LKo18KDWq8q9LHbYbq 7 8u8yu
1995/04/15 06:57:44.238014    cZGJn0D6rib2piiHdTG8.NiJLAB1xX8RRfnS0.fjf5CY3i fAp
Sat Apr 12 08:52:58     hY.Jqox0w4oTaoSNdSkMrdzzySkYLCEHVNT3dyHfEN31I9r1tzidk5
1990/03/18 21:00:37  Aei WF1sZvA uFooYZsdbc1Oaznt4bLHKtjafzN203w0hQ2rJaONpV2c15gMxEAco.pxA
Wed May 28 22:14:37 A0kl8dkj.QQDy1 ZQLgBl7ib.qYv4zdjOwLg oLp
2012/09/09 16:06:34  h9vgVWScRL.2uik8j
2010/06/16 02:08:09.403847 sm38Zn5KDaHIC7uMONXjgPbG7V0z4Sm1RdZPJ4GvVEkfM3RqFSCwyPEocMoVlEMKhtmZlO
Sat Mar 07 03:19:43 S7ESTtBF6hrDZ3FBO7PRIfdZXLcajJ8z.dX
Sat May 14 02:55:12   BtBXTgDBmsA05FPZhiZ6Nlp33.KubC674HsAMCAaEKk
2016/09/23 05:13:08.890263    zGrDSgaj3MRHWR5KuHxtFce1IoZ.npJdtGvNXacbGvJ5nBekeYuZyVfO6DMWy2jHdpCEO
Sat Jun 22 04:36:51   NHbpFGi1VhC4B
Thu Jul 08 21:27:27   X9xyEF8Pro  xCmV MD4dQJXsmuqJ4mzGStQkqE1UbJepEV
Sat Dec 27 05:46:13     CYkZ0CZGKOZAZd2tcXIRFIarA5yq7Gx.eEvn1QbPiUrmEPLf.u.jLdVcApgnvJLVZf hQwHwbUd8Hg77ITcpHr7
1990/10/16 18:37:23 HY3Kt3b7hF9Us6YMZP yNrFL vVXeurCawSsvvX3hkCy1
Wed May 09 11:18:12 HzriSTvNB7zo i3UxdlU6o2.J.WXZziCQB TTYmcIoBJCQ0ngmihskbwbV6HQHDVhNVyNvT6
2017/12/15 05:39:58 y.rWEmqH4kgiZAN1kbqfnwxLpbJhJ7OLxAsfcsDMO6LYVqf
Fri Dec 04 19:44:58    8tPorafKDwz1ny7fI0fDXwqsjuty0m8hFCIlUBRm0zoBCe59vMTCQn7XUk
1991/07/13 20:22:53     jPhEyrauwwtvLe.LQWmZhuVP0EMTgFVEJi9pXO9sLOLtA6DtTn.oN.35wK0qw2TzkhlqrF44gfq
2003/04/20 22:06:07.803449 MIyEy.xpetnBLuur4vl99ApvwXqZxaCMgrqUb0ft1ii3Zb5MJG0RGA8LF79IUBHHjTcBxuam ywhN1WoyL.RyE.9cRSS7d
2011/05/02 01:39:30.1748   algPs8VKEKktMmZlbyYh0XDPP42iBjW2RVxVSO6PzHFE19vDStm4LMIzjPQBHhFGB3bemllp6EN1
Tue Nov 17 09:34:14  27zNNw5sIPB9o99Fk9sGuYadlIT8H2Vf482SEkRX8mUuhzHlVvAgYVy5
1993/01/22 14:02:30.648961 i0zAkQDtMURFeihOW0RCL27OIg2EQG.gXVAlWhxbfBlvY XsAzQdIgkbpCJnZLbO.9MRThrSF7oMTRmbd9
Fri Dec 01 06:04:01     .iAGKbwRPaCTSTdtu 4NXN9qhf8NfUYLFap.cVSQ5PFiFUAASOd.20UKQvH56SM0Z1JIV5u4tW
1990/09/04 10:27:55   pJjpatYOJM17TrQT8ptOUszPOG2NcpTgvzwr4Xuoh6QdXHZUaUWGcX2km96RWQ7PRBNTNFO5F
Sun Mar 01 06:11:23 wdKQMEGAJAD3B
2016/07/23 23:34:53    9HG6.GBvZqewz8dVrCUjpNyHTlrke41lKS9ADEP08i6ZoAruqEXV6A0m nlWDLp7yzoKCZlHHROUBctxNIv4LPqvHSzb6B5hj4a
Fri Feb 15 15:17:41 OBE6hVaT.npCdbRlCltkdmHMvWpuqnEpgoXuJtY41vl3PjXLST8.rdd
Wed Aug 10 06:21:11   5UOzFRqFazz5WkIHx5VzQ
1999/06/26 09:30:32     FejAWA HD9pRJiUPkMWe0ylJo0PKsZX409OKHnoPavtk3dbUFp3POwra7A3ZaQvlOMXoEh4MDF8aMRsAf56tLKR
2005/04/25 01:25:42    nv9pE3HjnCyviqTbZ8guLW6O
Sat Jan 03 06:48:37  64ll6kj9dbkfpri
Fri Oct 09 16:19:12  ApLk59mjsXaGG1TPFucUFfosvR7Zm1zrUMeoFNjBuzwy4EOqftIFlNcnQH7k5Ag
1992/02/21 03:40:29.860383    rXel pEY1zel4lH98 f6qiwHdgRkt  BLIPfEBOh1dKG.
2013/01/27 09:11:54.884190   UBuHK8N5TYikpGNdqGGFYV.tUpsjG3Y83I0JQThtZ1s5LK7ejeKSlgyvVJgxsjrKqKqXmSVp6g
Sun Jan 09 09:33:24  LNIuaLH8xxJz.6TBxIhUhBhfKn.di2bORnBoGVFGBXadwGWJTG.0sanMRyJnP5Tv4j3kOekqA0aFJke.CarT
2003/09/08 00:49:20   0bw6Xzq5i0M7PocPtS.kmTdXCqSY  3xTxm ddhvowkpaAmsb
Fri Jun 15 21:19:22   95jXbeNJXb.70YPa0A.Y
1990/01/15 11:16:17 1TIfD08sU9rrNbCjGiG2 2z1J
2002/07/27 20:15:26.265676   TGtRpplXjDqnvLFvGir5SSBmo4m.n J6oAQhtnU2OQ relWJgfS
2007/10/28 06:26:23.440440 tWP6V3gGwJlgb.TZV9v83 BkYA5WlcdYIEPNF8Nj7 e7RJRcEcFi
Tue Jul 10 23:15:12     Nrz0ilfys6psDeyGhg46k9t9jv Wjjf
Sat Mar 24 15:16:41    5JgKAOtrt.Rejd h m1ABx5U7kLI8Bd79J12WyPcDKrWUG0l
Sun Feb 09 05:51:59  emBF3ZPVPpa8RsbXzCiPPXZxd9tXrtnAXkrTFmnjdjAtAEkbHZVJ.TvmcaF4 e5vRbJ9Nh2gJ67mpvD3T
2001/05/23 12:04:47    O98d9sHEorSV5ZOO9jdUM R2Dge3u1wG1BDq2bKzSjJF21BOgDcjTHG0JhwODVIUlybxi4arMMT60ej5UXPi
Wed Apr 19 02:47:39     hb694A9loircq4Rfa qHqk3Yg7zvomcEq9XMI3zYR.pgjGQAgCji3iXFk1zf4rY9qMc5Y3mfozPLSMotpl.jUz.lG.qjI8V1PzgD
2012/12/04 17:59:31    vvhLg3reNXYqMb4U
1999/11/27 13:14:30.171503   rwOpYhcBxiuwbWDrZMSEdmgpyPbU91in0Ibq.fMHlDkrYBZX233Po52FSL1jb68c4tM3ryQSlY5Af41HsyYN D5YDa4
Sun May 08 05:36:40   HrNYi1OUZ9jhBNvP2r9pZb xyW66m7t79TZqVImuwk
Wed Mar 07 21:56:41   Nhv4or.wzJNwgM6h9Vl8zK3Sn YIXiHURFr1RMsIFvzm
Thu Sep 17 19:33:47 uJlO7rSz3PQWhDjfRASAPbP0yFodjsnxHfXngfC2rYkFxzLuiFAtLvQiwHK wYywOffeICUKy2asaVEQzQI5VQ0 iAtjwsUS5iR
2012/09/20 09:26:59.197554  Nmv6QjQ7rrf.PtTfuSU.ALSZEWwuP uCs5KtRfN
Sat Nov 17 21:18:04   WacyEQTaycpKnE1adzWsrnpNzh8Vj6A2XTu pcgjd73LbZdzPdQb0bn5okh
Sun Jan 02 20:50:36 53PYKY68jPgn3UsOATYIa1Swex GVKuVANEVjMC0IhLJ2PJ
Sun Jun 10 06:56:40   H27at2cjM57Oal52CrMsDmSgeUB
Sat Apr 20 10:33:50   CFrkuBLCt6pa90rd x6ntUkOw.a Az50
Sun Jan 16 22:35:32  .knwRzZb2.wOENpjpyCmGIs1JPw
2004/12/24 10:00:29.538274    b7UvUkTF64udtko4.Rk456xTGzq3K.h6mXr dqlRwdkrTHxGbTuTcO10Qwt6S1JzfcKnfPNbZY36PpN4rqR
Tue Mar 14 12:05:05     S5.Dd.3I1zzlLt4dR79iNnW9OqxNEFTY2UezvwgNhbw3LCeINiUnw
Sun Sep 15 22:22:13     IKZXFNK9D3hhwFfDb60KycsMAgcTuT6XWksaI2KT fMfiBdYJgJPPy002us
1995/02/06 05:44:49.941081 AsZdsdHCvx0qWZA0Lc QR9dlyRaEdx1WlwI7uOXvljKb7zyun0zFLz22n6kQeyS0I9UNWsNWQhBIZogKJP1JyPaGg28p3v
Wed Sep 09 17:46:34 ifA8Lz72VUNRirlpgRiqrLj9oS1t8UIXdycIOc TcjdiI7j1FZ92wKCThCnLZUPJy
2017/11/04 12:34:56.236403     BGSUO6WSBI5zdGa4DP.hHf1SKUVsDl5oqdA7XGrYL4iiZiufEJ2NXt0lgWXWGtjIBq47SX4iKoHM.q55
Sun Aug 14 08:29:31     ESguLgtUopXjAq9GDljo4dWOB3koV3nu9avFrAkuu56qdqtQ5wDIAkbaVVckW3IRcWnLv.ZQopZCptTncJTNfnQ63iC2hsn
Sat May 06 00:58:18 EuBl3GTQPrDHbP.szBoQA.vT.Jgkx34bE4EyC0E72QkwX46
Sun Dec 05 14:48:13 .upUPLWnoCboQFw3c3L0zptIs85lMhDQL285s0tq
Sun Aug 13 05:49:18 .qTR8nN577ubhi0PW44wpQ6eto1Urj0521kO8Mrg8NC4
Wed Jul 05 10:34:12     w5fzOqv6MYVPhU0PNFHEpwmPUir8Udb7gEtf04Sz.VhiLulemo5G5cKYGik2mdjxwgAwGIu8
1990/08/12 02:06:05   v1wEdh27dB2Zb1kFEbtn3WdVaktpL9T1J5hixQLR1LRqB1VT 8oFLznGnO6HblZf6
Mon Feb 18 15:53:04    c6dNryyMh2RUg1yE.vEEOxI2v1rIIwRPD1qmFFfRHA
Tue Jun 06 03:17:38    sxPsx0sUTi9IYCMAQ
Sat Sep 15 10:15:20     qsmVNhCp7OLFmpDqa4q7hvCDVTw6fVWbiFUXUSz5Mxf4IqyOTVcjRH99nitji4
Fri Aug 08 03:55:37 aKUtrZM1r2k9QjyB8S8K8TPlkHW9GABtiXEjGVrHGzVD
Wed Dec 02 02:06:03 OJ Hi7WYIb5qlyx4S5RrwN8ovHcRuPm1klDQWgFMZ j9w8.REOHaka8Cq3qoPimFPYFRQtQlk7Mjv21HdfTNDukPH6
1997/12/26 05:52:10 zejXVSKUUlab1p.0dN9 4LPtpE.JrfLGcA76e3ZfoI7ir26P07ksjEB Kl6RFOfbXlYchJx7rG6beNI
2008/07/17 18:05:18  DPeUkYV5knpj6 V8AIldM7zwVpNXrZuw .RqVwkkJjlxDAR694DPYKNGy7RmwT0MPewXKXx
2003/04/14 22:26:12      pVyaUqoZWP5x5A NZ2ZdnzR1t9eIVVcNgTzTbBZFzHRabWuPwEBWR0XxzjCKeGt7wQRbmBI.X LH
2022/06/01 12:12:44    BwovsqMDb2jp
Mon Oct 14 23:29:26 788Btn7qvbwxn0ckeOfwCTeH2zdQ
1999/12/25 06:40:36    8vlR.S0O9fuxtFaa6q4LryRI3wWxouR8pGhTx4EKsps.Qo4N7KAEGClfUW7UEMptGfVwp4.8vEd4L7uyMXbvT14IdhvHTl0 N
2004/02/01 14:47:50    Kp2nrZ2BjYe.B5pia8NIZEISQoufNJyc5UueljF6WwUkiixDn3zZ6DaAdd64cjOYirOEqLB
Fri May 15 00:46:54   BclhvbHCf.Lq.TwQKrC9wugdEWPyL74 KVg1urUz26MyEk07t79LJ.7BjL8WjI3 dVNCSS
Wed Apr 04 13:06:06 JNibFxWFp3zdJYtSBNek3DjLYtn9gbFKenHIyAW3qPcYqEjnVpb0jxg5QM8EUUhDUzA5ns8nfEUELSbmc yz1
1999/09/04 06:38:28.196843    7OtWWg0QKB9o6NB I3ky92FvIxlh37P8iszr4U6H E747XqnHevj8MyHvv6NIs Taodvr04THp
2013/04/16 20:37:35.356552    3M9H3qwIpgUqP2CTNHAlLGs1FuUxsqfKdXiTRcKo3e1Pe 3wT.Q5H9I1BYMKzLXlR.HgKoe7cCbfJkPQ eI
Wed Sep 21 07:30:33  C1DOYgkni9RY2g9G3dZpj9aB4IYlQiX2uwA44npEfLQky6V4ZL.t4MtgzwiWIKBsg
Wed Mar 10 04:57:18 M5x713QosiA0Zpc0djueO
1991/07/22 13:10:38     yATu.BRr xjR5fpRian3v5JRCRs3yTXDQILaH8S DJ2.ljrCgNQcW9AnvdTsqD3N8Hg7M24tJE4iH qQ8kDT2gaPnSCRJEM
1991/01/13 18:37:24    3FSMSk1MEx4E882iQU65uyhHuOLdo 9RuTVpn.1v3muRYF
2003/08/18 15:05:00 xlZ53oW6kWmH56Abr7Eaw3q5ozMRF31422liNXPwC3y5MySDsNn94Fy0u8M844bbz5SKq
1996/07/03 20:49:19.901921  4NDu3BsxdIxKVYzB4UeJF9NPSwKdl .K50.mo0HYEWgeIg5GAk3Aw5Pu1Tpua2nEQ9.8ISgPb6IVuxcZ
2004/05/07 07:43:42   2yYvL KHimT2wrbLV6XYSRgbsscPfwMoMomuwrSXx3RPsqSHg
Fri Mar 19 20:09:52    xnNXeBTlZpXY4IQ9vt11CX4VHW.C.m6GvB.qtWdvPNNG4pyJt6fHnHD9jdI1jKKj2GHlnw d9L3SFt5 BO6GB
2014/07/21 18:40:41   cO3WHJQhUTuLmjUkB2GoxtKGHZ0ePss2DFUQviyurY8.BDukD.oTIAcgcGWSo9NXkpfOHpymPP
2012/02/23 15:55:33 MKyUDSPqEOAZX.ixTiz6jSaB3FK5NhtYtdxoYtkFD3814egbEtw8om8KHFmtekER2D1smHC0VHUVg7BL6xEGLCfPe1 czUzO4xR
Sun Jul 04 04:06:17  LeZ.zSk86D7F85VVaZAm378nrFnxLRsE2OnLvNvUSJ9og5tdo4gGwX43jiAUj7fCUXkP2zZCucI.SAF61gSD0wh0H 53wxfs
Fri Feb 28 02:36:25  O0rcAE8L0UtyqmGqPmo43foWHPzsxZetxOQr.R8D.qoh.0Icwq9grnXCxzSGxsYXFjn9G
Tue Jun 27 16:23:46   XTd8v0ylaNYMZUvsbM4WxR6ItvrfL1M6jf.zJemDEANnWXwveL7HTvjDV.
1998/02/26 09:08:03.266077   4VkXlCwHspqohTzBusb
1996/12/11 19:10:57.925753 IJAccnYuqFNV4 l8Z27Qqq
2012/11/28 23:44:59.570605  u6bSyDSW2XYXgnjEq8Fq6bJOR7uEzX
Mon Jun 21 18:17:44   iQpdy2XbegvAVUH zxqZEcGHhaB1tifF 4.FedQpaxA
2020/07/13 07:31:23.929948   pPIDUXG0gpItLe1GWgxIiTYMOCQldIvzch
2014/09/11 09:51:16     PG0AFf5.ChsFXwWabTISQOyaOnHvsAjlaszmMrooFTd depzNKwR9vbIaEG I2oQmF5RxZemrgxxQ NB2gb7iUuzpRieA.
Sat Dec 10 11:48:08 bRB3UZgEaGY3MtL9bHuqD7wiZi
Wed Oct 10 06:02:14 OKuhwNusRc dbuLunbmOC96X5R8lUE 7Ox7IG8sKkKcg2aj
1997/03/23 01:53:20.974723    MfhiCc4cGP1QTQ9BQiKZPrRgK9HR3uSnZBRdTqrLHKBXQYZsS gz  tNY6znkabQdmE f71HK
1992/04/09 19:41:03.322926   MkfHTDxgCYqA2pfNJJIH7pl84aMFcO0ugtlJe 08Znsq6UYQgXPoOOBd.tj86YqUWJPz5ONZlgAQ
2011/12/14 06:57:21.773893   hwVwOu.iGSSdrsmjo8CvtCyxU3l
1990/09/15 18:48:38.422902  90ksjDzzsx9Hwwh6MFGsXwlris5MIGqrYL
2019/01/26 15:27:50.277764 FacFjMFldPjmlUCfk6WvcecyqYsj
Fri Nov 25 15:23:30     .fm4h7tTgVUt2gBCga7g3DcdOBjT lylmbs6e.5OIwKbSOfIUAKogd4C1I7Y.w1Q7 pAh
2019/03/17 23:09:43.538445    FDHyF1CrDC3cKCCulW6vGWz91qfNY.Pc1zddKD61V9bRKTq
2006/02/26 15:54:24.89885    tQ.4NvNxAGeLOGWl5m wwVXJWi t9
Wed Nov 28 22:41:57 e tMMvpxexSku2xyjHffVxHK43MxLMHG6NvP45HEOL4U32fYDSXp1LMuDNRxI3oPx5Qmsfb.XZ1Wsn
2010/06/24 03:02:18.839567 dZdHXZsiE lgg1Aydo0htNsGYquDgpxakFv jT547DsCS3187eHE2IPUKFJi6aqAHa5rwCpgUTy6zqcMQgxpkbZVT5yCBDyVaVcT
2022/08/17 14:12:17.900965 mfoQMkZiXHRBfy
Thu May 16 20:21:54 O8JeNhXrsEpAY
1993/05/25 07:01:27.310863 dH9AHlTeXFEe 7 a9jRCmcX9kuLicS6F3XFuz.3 
Fri Sep 11 04:25:40 LrrLxrbsemdSiDzQ
2000/07/10 12:54:42.253680 yJE.SOFOf8q5R15wqV
1990/08/25 04:53:38 5yDVWlBPcguADorgvD28LwufjhD.uxH7uy1SIo
Sun Feb 14 19:44:00  z9BZjac5zYCNC7NpL8Pk1yIAtj4IWXx45M
2015/12/10 00:13:41.433158  MF78aluDjF8pctA0u4ulipPPN3pFVvlbfU6wF0s0zpFbts7itXVy8ZiL5tcEcAp1XimOe.r3
1995/07/09 01:14:01.607007   KzWi88y7yaKDTAVtFBXnAWS4z8XLWi 9P0.G Nfr7KfbJwkbIgxjL5oL
2009/02/07 00:04:58.793155   MJyNh0GS8omfUeJJLYOURtPKhFE.wcINUN3SdrosxK0b1NXsp10oWCn
2015/05/03 21:13:11.21193    p7l0qJSj70QEFVudrqBW6m8bzyImJLfvb4k1JlJtO67MElYJKpDJ6dKdluaY9fyaN
1996/06/18 16:12:05 4WV7WyTexwXj03Flo2FIMwnk gnpbkk6o4tcdg493T6QTUA5w02hmPibYu565JxGQ AuV.6hvkcFWtfm2s
2000/05/20 13:04:09     mqrKicfP5V.2tjfBpi0nt3  EXy0QYanAr1AUHwCcoTOxqWd0z9lgvQzLfgrVEGeP8IOhh
2017/02/20 02:47:20   eQK21AbfWx39vRQiIRW4KDgRVP94YhuOSDPjWmtuwqNfFvKoSFzMB5Z3kY2Mf8GaaU0I4sME4EA8ha5WI5F0
2020/10/23 21:22:12   jsdlvdV9tK26TpiDzwNI6PydVk8cjWvh4ZpOITlW9G2AqYQF7lf5PHa8N6JVtSbJ2bBV6
Sun May 02 13:25:15 L18x8V.OxkiFWBpkgxiaR2ziPU9dnlfVBqjqRX.AOL057K0nxwCUmeCTDzGS nZ4Fn8uM3pWD9SEEoA
2021/11/28 14:11:52.574907 LUFo 08yQcczxcNrEulZvObRiNt7hzvzPff7P
Sun Dec 06 13:19:20  Kshh5M0.yWWHfnx8iFdAYYVV
Thu Aug 13 20:39:15 NzhJTJAN j1ehV7h5i5 RTlufwfX5pEuiA2HX1XbVcmBuZjwMud
1994/07/21 22:48:24   lDbl6gV2spapLY C.7WHEPxKN0nFREsvVoDimCg Z9LbpXwdgMiWpUNftQ3wcD5mysjnmb4TdRFyCPPx
2001/06/26 21:23:55  .xayfDdtpBb0XMT9NbNxo
Thu Dec 07 08:04:18   HuLdE8kbqWV7EWvX
2004/08/12 01:04:41  S2Cu.WSDixPqbzlLqEIU8C1o9
2014/12/23 07:30:47     6zwmzJNzKU bTMY67nNCWIBdkWj2MVN8pwSWFaf61ul8N.rKHyp04UwQNOJRXBuaDI5q73SJZARunzNieR
Mon Jul 25 05:52:19    8Jm298NsGWgiTFCa6JDiSMOvJFIz2aETVbu0lvgF2iGf3UecJ8JuYXFiYT4WEDJYEGGGOE iSmtDFg6FyQvEx
Tue Jul 04 06:07:07    0u1PCmvtoP6taTm3w8knLk7K0SHQHwTE99w9cA8UprY3BSI686qQngILi JFHq.QHVrFoRH6PVsd5
Tue Nov 01 07:46:13 05yrz14y4Lu09G2Qr0RlGMEhNyxq5B4 zFk35a.n MSVJDQPplmdoSk7DUN1HO Ckgvkb282aS46NvyDyxZmkvKCV
2015/07/07 12:49:55.59943    GpRsTXgAnxF3SsRM BhdXQRHBtYVkeRc1E1h avf48.0.5EuMC8EFDBBxFPpkho8tarYm5A5Fm3d6nKo2S3PF.E
1994/01/21 20:49:52    t2HnvN5rBEexrK3DNuRJmrXNdHvEChzPqp7ne3omgqhrc Y6MZRw64qKNodqd6QJoQabpU.HWHOxOrA1ibj c
2005/10/22 16:18:26.640947 FeyssHVepjRKqf36pqeaVotvFRMTlhim
Mon Jun 04 07:54:08     53pMK3JRZQ8yNFCdd4Ykg7OrYmH5XBD sLLRicf9ZyC6.egZ.FF5zBA67MsifcHyZerE8eOgUNp3LwGCtnnUBHynZ9I6h
2015/12/01 08:26:29 HZ58fk9gqmey4N8CrESCxGr7jYNaGm5kOpTWDp0iTX3P9cf6Uz5NLJ4.q5.0ix672uPFQ5IPOpEVbKlUlkVvd.Kld
Tue Nov 23 02:34:33  4d6kE0xU3cUkfLj2f8wsPkK
2001/02/02 04:25:38.382940     lCCWyu63tGTF
2000/07/03 09:48:27 nmrgXo.7Nv8y9Mdh.J712h0ThvimRZ6zY8V48Flh0zfM9Fflq5c8FxxU1Im6v4EKbuVlTfEqc.v9DXdfyhc
2000/04/12 12:42:47.296135    YSrow ywfVepNZboh80Ssgj7lrKvpZ9Wkc7iMnryskuVoZROZjaL9cruNpCZ6pMSIZcBf.mmt0.WW7I
Wed Jul 18 11:12:19    7qc4SWkhuGV0PEZtqeAZwuJUZVwdeC7
2007/09/19 10:01:54 mmCUvPf1WokJZufFnw F6uWfENPA6ghOBxDx.VjTN61QQ3FSeadY
Fri Jan 24 03:09:38    qoWTCGvhSyeQ4qpHjufyRhrNXhXOncs3gw99w6.qHdIYGHAKLoMyzv.J6D 7KvaQdy.te
2002/01/22 01:05:09    w9oISynwjJwzqnoFP8hsoyIgx90wj4ALDvIAjDMuBC2opILdn uS
2006/04/14 02:42:55.742400     LvA1I9i5b1q6cucihuDajhYUMck 5TTc92thol9m8MCbXn4I5vglO24f8y0nwELeeoCVe8BGDY2XQ3aTKn9
2004/03/28 01:57:35  LIB3VRWRXm9l.Za.7Q5sHCvJ69JW6IDUT9IvGlNSTcdDmD2ygHW l
2003/05/14 09:56:34.358076    WxbDXxQMPRnq6WzsrpjF1AGais0eIM9mciS2LojmSUyAKIIJcety9awfRkpptKaKnwExFET0kxp3SdFKS6DIC tHM.OynVbf 6
Thu Oct 13 15:50:26    llWQs8kdCmT6VqCAjU3faeuVFx3FRXmNolNRirtM3d8rotHOMA9gy9X 25ZMu2cBXZsFBwtqK1r.Boozj
2013/03/09 09:01:26.644926    XP0VDL02mWdxafdQxsJ.5iyT .dYKPdpCB2PWbRxiKljn3slm3QMZgGLUPbNhxE6O 
Wed Feb 10 12:05:46     y3A6hejqt9iUlab3T5qNKxLuYBOA2M.1JEvkD6vq.IF7SWuFAgKkWBU2hi
Mon May 23 00:50:11     3aNJeuHy4Ro0iyAy1qzNGnWo6D7oBaw4atRf xjXoLwwWHI5WnfJgvNpAirQFFV jRn 9drwQ3CB1v 0F.qd0e
Fri Jul 20 15:02:29    1zoY2tuhru61u8jurgSLITuCbCP1I0a9 XtL21vHhahcfFfCvad.l2xgaDYhXaHgwPpVeOOsH TodzKsN6Hy6MJh8HntgbrRcI
Tue Jul 08 10:26:30  LcBSJrxiWUfCAmwI5JzWB RDrA0Vv4E2WD0qA981wQYa0cUah90wBaz3oJROfNsnDqNEcz4KEs.AHTG9TA
2019/12/13 01:37:42.116629  M8uAUHifOvefnwwewALSJRkCWkkHuvqNAO.4ZsOAU5kyFMKBuAYebLHza9
1996/04/03 10:58:47     eI 3VI4WDivhL8GoAbIJ0NEoKyXDD1gp5ApwsUitBboII1RmmdBvSKyGeqv4.80yXqJTkDQvZb7nmKs8UPnotTvTdEONyDj0
2009/10/17 09:54:16.163953  mg RVbXwkLBR1E.zzShFr5VM5N
Tue Oct 09 18:05:19   USwIiFINInnm u4AYW4XHXXVWWBP
Wed Jul 18 03:22:54   aLQ.K1eJx j7FaNKHdfPp2WKm4n
2001/08/07 07:40:08  AqkK6wFoeLNxscdiq REZDumULw1hf9WrEqLKEh1eF1leHq20cQGsPE4ULijIKawFM23za7oODZQyXvj740eU00k3.
Fri Apr 13 11:53:31  LB1yqOGiae2LIx7ZHDk18f0lRE8sA4znJGKmhJeyb5.DdiqfHIy5YwfuucL3wSPRMwQ5Bu5bNZEClFyMoJEiSX.aifxs676Ec
2010/03/15 09:33:28   GSAQt58TE.2Z qtwmI7R7rObD RU77QWy5wYz
Mon May 26 08:34:20   q1wfw Wi5O0e xpNo0yx90nKXyvCWFxCK90dLbW0pwsA2xLPzK1pQJT.bHSrNMch
2018/12/27 21:36:32.353450    0V7 n0raAlWmoXwTn.5xRrjJ9x24b0CW4HQWBLgnYm4adQmOKh frDLoQ1Hi4
Tue Sep 01 14:09:04     09j35JiMsh5lBDbNIBdJ
1997/09/04 22:35:03   sacrSTJGnqvVUmBrPRt.xNmmFTZAZMgfxp3bTdDqZfC ySQrg BzLu2roVLbEBBKy89ifr0d5Yik6
Thu Jan 22 19:20:05    AN2ly6yptOM
Thu Oct 25 00:18:09     gFE4xBdtqzdUyQdWBdHapaljDHwE5vsKsVxUVMHgdkV6T.OVgHS yfP y6.7vS
2000/11/12 02:25:12     47anZ6yV8RqSv1aIDipRUnPOjTh6Hcj.i9K4hCq66Zf1E4
Mon Oct 20 11:32:32    0dhgYRxjz HvdIZZdMHv7mq G9NRQ1mEStMrX4Z
2011/12/26 12:33:26.43973   Gl3lgN9J1.9UgG0Dj1ebvQIguY9havEoAE1H9ud16HL.QKC8yAAVB8nXwclJd zsHxm9LFf5ON uDAB.7VOxBCMO
Fri Apr 01 15:06:38 t0sjUOQnicW8kT2GVhdM0BAGb4tkjDXjboMv5RvQ4yjpqY5ip8ddeBBa6poKhe7WjuM9HoYT
Wed Oct 27 06:05:09     PdooqG1BEGbDNXY8T.RPc vx7mMa.moPDAy.
Sat Dec 13 17:21:00 GW8U.Tj7IzcNcstrwiwuug
2015/02/15 19:59:16   kCz yszN2NWO3ZjLXTHHD
2012/10/16 01:54:35.553541  9UEDffa 9zNFXCxNdDgVOhcdIBC4Rp1akH4LsO7WFxrpGm.YFHDtCFK4Tt8TsJ2yU3Cv1j
2012/04/26 20:56:24.20948 pZnEFisHXysGHgXNDWn3 Xt CGV17TIZqX3of
2022/12/14 00:52:59 VGJbJRlJRG4phwpjQEHTA03xEjyeA3mOIg9empybVLQphTSNkFSPjzLNaP2
Wed Oct 16 19:24:51   IdkKJcNv3JxxPTm2uazRjbUm.UGWHTkr
1991/08/20 15:17:50.759148  VLFE7SFoSaQ9.z.2IGFkoBIkZOhmsGffEql7Iycvi8xx4N5.SsH5Sy2sYx2L2nwtSsRCJfIhrz5
Mon Oct 04 22:56:47    dQIG3AkD67KINbcnrHK9e5MFPLsvDDhHE0h eQbgXINAo9zSLf
2019/05/08 01:32:28.643198    eCCtH.U.1b8Mfc.pvxE2XJlZpqr6brOlGHI8fBDvfU4iOsk8Sxd8eAa7pLJZ1W7bFVsVsG9474KD
2008/03/27 09:03:59.858168    2AE63XEUYJBjY2otXJoT2lYIXRM7FPcCu47Nq.65wLTxVW9AIk8.GVn 7KN
Thu Nov 18 13:08:56     utkdSRimZLloKbWQbBWTH3tgxbOJ1aA0cu
2012/04/02 15:00:40   EfRYjCvKuXt0aNIyvnVCUU5XFDBHjRt1nd.c0.MJs0r0cHTO57LNd2n8zrAid.Pti3SS6G3eeQWt3TRgZhBeP6e6i
Fri Jul 10 18:10:46  bwz2j1NUTKFIuyVahocXYtJW72p9S68BunOrn8UDadEAlX5xxxZaWDz5qi 0YEvj2hQtUQargYCO8WZs
2022/02/27 08:33:57.884110    SWz3spmcnairfvwzvoieRg6X4UDTjEm3WuqXFekuTEQHg1dT
2001/08/13 09:26:40.908630   Zf4v5UB.n CX.YzN8ZfOm3wSmbqGJ.vlnSKzMrrUfS
Thu Jul 20 02:49:09   mSegjbtpj3i9CRBfvAx0I9.txBLorQ05z0YPeMfNX3 WVOWzpppXvzI3eE2 Cr.bhc
2004/12/19 17:52:59  Qd6kGHkpwk5xIMvpEDLZvmuFQT2MVQqC9b4noWeOM8QXUESztgIIt76tFn.ZKbUeME6RiHhx4
2010/01/22 23:26:27    upHWnnyN2I7iwYgYpIWQgxqH8VGU0LxTklgIWVEQEUc1I3U806l5EoD04YbtT.d4BQBkeJKHX6lljQuzu67TN
2009/05/05 17:23:51.776870    78uK1al0MfCRJ.Vab3pz0QB0zcmA3DBOLmAYjOXc8QC28LAJUH3YNImU8XNp1EcQkF6fFbQbxi0w.lBbgJuVzRitDHOO2PIgCp
1998/08/26 16:56:47.900925  baF0cdg2iXJGFHQOfs2lVy dNMplhNVuK.da0pOXtbNUKwPdR
Wed Oct 24 11:31:37  l UN8y.FbXAMIFi.Jktlg2PVplf3cRxF.uNiLwL0XVICyRtRgkdXjTL
2012/05/20 13:06:05.247366     gV y8.i F RZj0cfuBqFhKJ.YhiOdMaoCQVt 4dJkFigOv.GZnpGOk6w.6KM1z3CGfw2nMB.xafiUWu6wonW8IquO
Fri May 23 10:45:25    GzfeqRrTi2ru4py FUq
Fri Feb 12 14:45:50   eAnXW0wFjIMTierLKyIk3oSNXvFBpNSAGqEOi.
2015/10/19 06:07:55.567785    MhQqmk YE5gQRmZpJsH 0BgDSuPfan
Thu Dec 05 02:42:41   wIOGeU.f ZEsnMAtde6on5m4RGpNSHFjiAL4hO13Q4VyQkyNVIRGpH7cwY63LPIRyHCLSRTLvU3q7PCuyfMTzLQpwf5nuM3
Mon Dec 21 16:16:17     xLZVuL1IZa4debZgaY9YgNYcDiPARCHYYeAPNI2XvhD8rgDlAwJl GK7T8xz.lF DH7Nq9 tWw3.w977MOLl3UQp.UUmBkG
2004/09/05 10:05:58.426586     GQykHvt5dojADHGUpLHOiz5FHnyT9udjfQO6UdZh948JYmIjIBF9WZHAicn3vVMlJ beLiTzOitJWP
Sat Mar 07 09:10:07  hWHAgdKe9aqnJPEqzfXor1YvQEcPZJLlCGnra0RbJePr0Ey7G1JM8uQ 98x55aXdpuOMvwj3zQhluE2qbQHJR
Fri Dec 07 03:28:17 6pv.GDJeh13fyratW8riKELHUq67r6VFH32s2FALiYPbDSrpxkYXC8Tvz417fn0s.QsCVk4GFD26Ykbnh 
Tue Dec 08 08:08:44   MUv25Yc7il2UiHlBUiDLGLZl1Vc47WhvHhPoPMmIEYkS7x8x5c.uNHcHewhz5pSA3Ure
Sun Feb 21 15:38:38 Uh7b2oTAAaduYFvuUQE3MXeNSwfNoyunwXai.c.TsxOluzyDs
2014/06/21 19:56:13.159725 4X004D72yRmkxnZAlFfJgFy.qcx8SnF3cgWp2JXswhJRu3dd97
1995/03/01 23:02:02.149826   En5Pd8CnVDo FQaOh9jjMPeVcnKRGksSyYDjwaasE72cKC2ReoHW12qygWNeA0UhntqOp47GH8FwyW46lcEDXb1kjLeHZo
Tue Feb 02 11:30:47     i60yiGS78GUtd1pNN9oz5XWAwWczQGJyJPfRXWWUlH  f4ssyJER3gnYVqS2eycpfLhfkdktCLZ
2015/05/11 01:09:34   FjRsLUT87TJEzawEw6xZZDNQ648hEdfnpQkPZ6Vxc4aoVN zKDxQX2g1QQUY4599y5u5mqwTnu1kez3i9EN150D
Sun Jul 03 00:21:01      UUyUecRxJ32JBRpZLRCiniPP0lipayujhsh2oe5SLdBOQ
Thu Jul 16 06:33:24     LsMFOMwRC.U2VPoGdfWs4GH1M989aEb8v7QYbTnwLA
Wed Mar 23 04:50:20  vTMRSGlzRk.YK2b5KMEtrLCyBYEcGBkUyPu8 0lp6Cck.3jSTOAJcRMS0cTYL5
Tue May 23 10:51:30 ICT1Twa3PQIXGwn 0ahH53snSX4uIcHv3XMJKUfJqdehFGwA00rgNnrzFpgo50VMN
Sat Mar 10 14:14:19 K4PsqQNIOlWOVC.z9M9Aj3
1994/10/24 18:23:56.470514 V08CdOJb74jSlOL0NGok1NasIp lxOITLc.9HE2yv15IUBZt3tlIzDpSMVGKTMw0i2YkEzu8JRkL1yxNKw86UWJ3LsDbRSXUB6
Sat Dec 27 16:25:34 n5MMigws0LSAKvzfjj.FGMI1ULYp AoSaqQNzuKFyYulj1lrc
Thu Feb 25 00:04:28   46XlmLtKkEIamUOoA1Q2g CTmT9CuI4K7gUcfVJ4wxtj.4KRICt1ccecwi9IiZQdrsw1
2013/10/01 17:29:35     oOqsohAIst qTB8uTbcTuXWdu8UV573Lb8f4Hv8gYwgRydrvggmF0KkzH6Q3fZ 
2014/11/24 04:34:29 5sFtgL4h9pxVXNlOEh0y36b76ZDiAEyO4E NkyiTmxS7o6xLSicxIb9BtYrpvSm.Uuwr06dHAZeP
2008/10/19 22:58:39.323333    hNMQRIQugyFLfVw0drC3UDnxTyN0ThYHj7gr62yCGyix78GP7x5UnpzcuxBB88ry9IBsVYTNJTKqRH8
Wed Apr 18 06:02:28     8AA5EerkMqz7Vd7BjATiIIx8VhcEFdhHLUhozaufJ.waT2.35CUcqDu8Y5nBMpq8RNg.YZSTGbl3Pj81fHjm9LNyyIiUKDB9ak1a
2020/12/25 03:25:16   lfUzDEkTN3PzvfvhKTpAOn4YXkl.wsc9u oJUpJg4czP5DspwtKMz49O7KnWJmnXvlet5GSETKzpW9H0.
Thu Sep 03 19:20:05   rI.CBkjhDeiRAgn5thtLzDTR4nQEISqBoDF2df6Y4UU7 ddo3ZdhaU6P0kOUrkIMPsa3m5gf7CtcYF CVH.zHR9fL
Tue Mar 02 19:35:16    obxJ0Y3haD8n7NK9wLifb.2br8K
2010/06/18 21:57:29 KDT8BDBLMbt7VHcga36cEpNo0jUMB4qO.ccRs5 0Y0EtUAKcXDmvPVwGZscGp6ukRB7jNjWEQxNqNSS3bQdvlHmkugfIpa
1999/01/03 14:31:23  difrUYlunEN8OGc26XGiQYdw7hW7ULxaPQ1ftYIsralFA
2003/10/15 15:19:07     240aRX9hWV8fz k
2016/04/24 08:06:09.338727     Q4hAOUXjFOFGom3 BR39y1HX1efYVGletGMckOlRiWu6nZF
2016/01/08 16:16:00    f8GvTkZkZ3a19raGucE2Pw2CmfdX3QClhh3MWwOJ
2021/10/05 10:05:31 XVkWK2twUyK4ayzMpjqmuWZy8fuzBGdlaog1nKshh6mG mojVOtYKu1Zt1uBk4O
Thu Nov 06 04:48:29 7dKUjg4L5SBXXP4sIff1gBgL uUQtcnSoryBA4
Mon Sep 13 08:12:40     bpOned9wslvaCgz4s4FZpaqUEdcwottZcTUfgHVa
2001/05/03 13:56:08    Y5ZNXIA7uUJ0yLTaBYzuBgwz37bYNm78PAIfT0IFYg19hm4cI86z10ZCL
1993/02/11 15:17:05 5fkz gnok.x4v2pjEb14sY0jFmb1dkwDnIPKUGF
Sun Dec 07 21:11:51 lJeQij6dem
Tue Jan 19 11:01:59   Wc31jMP5Rkh 9PqfOlDxS61EAsB9AzohDZBZSWcENzKsc1r
1994/12/20 22:23:11  9ZRVQ7OkNc2y2nCrMR4hhNJFa2.L.LqqUW14izP2ssPpA33Q np0s2bPPmwcRHiZlIMoCPRkO KCtOo9oiyOnhs6QIv
2018/05/13 12:58:40.735846  .JQV6ECr7GQySIkr0bJJPPyYP2NLLLw  km2Tm4NhIGUhtjzc1.19W4QK4nuwPSBk11iA4uMKY7c2D3BQlmUvArI3QGtzd
1996/09/26 02:11:31.947985  8PZlih6WJapzv4knwoFDHCNLizGXekeek E5zjScDCfmr99ZyKmKKcCTpbEyuh5XF.SDNL2RPSm310
2005/05/24 18:26:14.953301   Uxkv4H0AoZch9ye8iqCNte Z56TOstnnluKVslLj.7eAJzTWBHjTyn.5mWROXK15EKkO.zmbI0qqSsYj
Wed Jul 09 21:49:49  8aYXggseY0TFvSKkaQ00RH2.l1du9oHEeGVR53t5gG3mLM3Jkd6OqeShqsd4PGuOBKxj.rjfOcD
Tue Apr 11 20:18:16    CXTHS23GpQpTyFFUtrNIJwDQPza gtE1BKGC
Tue Jul 15 07:05:32     XCD1Q4KA0KihCnxiUvwT1EUQujG3SzvDuR12..rinLR5T
Wed Jul 14 07:50:11   4x6Ug07p5HYlyNWtamZjRaw70yIEdsg.3qnEvCvosPU F4gdqmExTcKuHh2dRQPZY8hl7yWJ3 cJ1Z2coNa.CkFBal6JNfA3I
Sun Jul 09 02:17:52     1nQrKMLOjq0nzQY55gCdjbPNzlfjClYGYvxSoFpvxvdF.C4Hy18seXXS YB HeKOzoXgSkYAA0D09URQNiBh9
Wed Dec 07 08:59:45    l6C7OnRYmA.fovenjU4KF51m5CYzbKBrPjWcBmIis0mdo6AksBntexOQvrY1Q
2009/12/26 00:11:39 RU1fzBZpCptkW D.F7cmAUkz4SZcYfpaEaHmXYltvvWw UH r1uqd9Hy
Wed Jun 13 05:10:51   Dd3FtWbenNrG2jqhCTNrZwWSB
2013/08/27 21:48:24 TGzhU0.PKDxbOkZ2K. f0JBvkcgqGO0EwYsAVIxPl68P2pAjGh8WZBx7ijLP5MM
Sun Jun 11 01:45:16  nLVlWsX92Iou5gL48r nOtV0NvzdBFk
Sun Mar 19 18:48:07 mvn6 TfP8j4AHN8hXga21
2012/11/02 05:11:18.168357 pZ5ih2bWaoqsfL6Ap.C 2GE0TvFFpgr748oulV6Hg19hC.p
2012/05/01 13:21:04.688441 yuZvgS2nHbaBfaYU5CcZQrlj1y7 ls7aglsaCfQNuDZMakhly6ErEouAeHRIsCyA1qXEKKIV7Y 
Tue Apr 15 08:21:43     ejqH4ijLI8RihtN6A446SqIO7Npzud wWEs8MEx5QF0RF0DqRBcVExRbyhh67pd3lhi1jrQRj
Mon Aug 19 22:24:07 oYCuOYW5NzsWDQKQ5faqzfghgBXA2CI54xPjgqvxD6XI9mBxSq6UUOEfhAlFPNyxdq8vFpvpHey1DvCxiZ0ikox1yNtbLX6oR A
2004/10/16 10:59:10  c3wFpdR577hDPd7AdcsMGuLdw3uRFANkurPsrccdeYfbZ8g9CP
2022/02/22 22:02:28.128828 y3g utbUGC l4Uo3nYS6alIjx0FrHz5Fji00BoIFYraoa9
1990/02/25 22:03:38.155361    UL.v32zguiBqSNUmKN5Sclkp75w8Irt9H92z
2020/11/26 17:07:45.196536   XlNyIbcrk CGyHjwF7O81ELWZiiPr D2f
Mon May 13 02:32:57 BV626 7zViXS63Ii C5zS.q7zD xk2SMxT75wa56TEz4pITE63l0E5PalfpYg
1995/02/02 10:02:36.752381    WLG2dVcdHrUNEiY7HndJbsnQbTlXudTHcM2cYr9M5
Thu Jul 16 21:02:50    x0BdnrPwkjUVx8ewMuk3C1l3MkIjYMOuYhaonrYIPAAuMe8HDQzKSVCkHuzve3NQERJVUWh
Tue Jun 25 16:18:57 tiSyH13kSvzDnhSEOa8t8Y6bHmZ
Mon Jul 12 08:29:41     ST31mJMdXGZc53hId0sdp2jhOkZzMf885Y V9Mk7PL TB QjgI
2010/12/12 21:10:14.88261    ALXI8aM7B5XOq3e2CNC06aq04NmtBjeGQHcNWg2yjQXZsjI6uDPII82yb5FU8SDK
Mon Jan 12 05:21:07  s6dRv6CxzUM
2004/12/19 09:49:40.935116    Gmbi8lT8Q.DVtoZF0Pb9jwenXggBBtpwlfi.G4TcvoxCd NjGqbgh4YgyFdKlsGlPYdd0THNZ3t
2017/02/13 01:14:03.184946  m75GkQWRRT5v7VooJe3DneOYL0JaI.DVT2weNVNI2jec3wNci2GDo6bkFT6uNl1rj7KntBNoDa1j9K7dX
Tue Dec 16 07:27:37     ..ll4LhPlk 6 6YxpNBylmueQ1M2OdiY6.MQrbAKmmBakCqfLdT5kebG64osj0pmAtZ6qyic5.Qij1AkoReRIi76U9zBK
1991/09/14 04:01:28.676842     L.Acv4br2Q7bFVwF7x1VC6ptbBY rv8WQHlJY
2010/01/09 20:41:39.196661  ap YEO5AP24.KzXv6WIbK7JtZ9ZSLIAnXtncp mOB9QzA
1991/07/22 06:32:57    ENOL8iQwef2SMAMuI9yljVXV
Tue Jul 16 13:52:15 OQbDEWyOHNdlbwYQy1WpWqxOg6Efq1B4gf51oaibZIBvJlDHJd56oTcvjSh
Sun May 28 12:45:24    07.6WNflgbeiOk7J1bKhoIq27gD7K34aaDlZ 1wts0VBLpkoKBPKpb8zVeU 5Qo
Wed Sep 20 02:33:20  n3ZwLSAUgxkAhEJBYnUBBs4wn.elmxJki
Thu Aug 09 02:38:34    1HRPv1Zwp7J0MO4JU7oUtOHdjyusMQR2cFDOUTiCAvQygaUUt.KU2tOkUfm1
2011/01/12 07:49:39.904599     Eh  5mWR2K2othGEZnAzSoBlw0N oa.DNchDSBNO6rp3zn3V1x
Wed Nov 02 22:47:16 VtCe7Z PONf83e
Sun Feb 13 21:12:00   UIaQWCSdROXduZjBLoJcezVgdpxgTBUQ6PPTevs7.Kbb3p3RIRLPMZa6mw754dVp79QD5xGMkeQHyY.x4U5PStVg4
Wed Jan 09 08:47:11   pLjIT68HjiIVZ LB2d7uNZi2RXBaJA0LYjn4QtQVt
2006/09/07 17:18:22.653797    jOupVdyl sU0uNZ3HrlywvqQBoYo6v4CKmh9IdnBTgNN7h.tlBt6P0EYsWMQHRP. sSLnFFNRaUJTIbjCi
Tue Sep 03 09:15:59     Bq9kfOo0A BpQTTJNdfnWI
2010/10/02 09:58:02    ci5Jt4dF7CirMu9b6TyjLGSQnaK i7RnvcMIuBquUF.VdADyClzx Y4EJa4xveU0bhkV184p hwUfod2Cc7Lw3YiE76Xz4
1999/02/13 20:34:53.179160     QPWgXHt6rirEj8RL.ZKENPUoZOl7HtIK46VYlQ1gqEO HQb5sFGmK
Fri Dec 18 03:35:04  JAphL5TPOgP0fuGI.zF
2002/06/28 12:10:34.5240  vJxk7rhDOk83lfEPfAqx8KG1dMrk.XbWwTYshDnxi1m
1990/01/23 01:42:56  zLMVfKoWwpHx9sip3nbrzp55eUkvqww4jHayZdMutV5yhfE8zvDK92bNtjDYMkjwTKnRHIjGHXnOyaLp6PS7qaAWw2KIynQrNYT
2016/12/20 07:11:23 6SrPkdOgtre8CCNp1tBj7zej92ExL3IVZokfOZ7Q4Cj7o
Sun Mar 06 18:17:34    z.GjCxhsxrq3jGFQnfakT9Zy6Sc8d7qHEm84i6F.G0FA48fQowyxf9Cl8sc9YzCVfhjgwaGRkfBk9fb6
2014/03/26 10:34:04.736871 GHBJNBOr1 JIjlIzmDiZpr90kd0PsP4I 
1999/01/23 11:58:59   3iGpSuuwbpjx5ZTK244Tu1La.mMB7FAl1FCoEZPpRPYm c3GCIg1F0YHmOeNH
2003/01/17 01:48:50.855637     r.NRDMTXXZJjaE.RXVMV2vMHHJ
Thu Feb 10 15:54:44  tFdeyCTSwL55hu13lMFpRtHQY l8rpB.DvJcKXz60
Sat Jun 20 21:56:22   UlCLiE0 WM3XxCKhUwIVIhUIVyG.Fr1lZ3jHH5g K2ri7PXt6ZhFhnxcta6
Fri Jul 24 17:03:07  MXSUkZAZXF.h77MKK 3AX9yMQjI7ua
Tue Jun 15 18:28:45     GAgj9fVkuktCkbQBwwRfen3eNUniVGjk39kz1hB
Mon Feb 14 20:47:00    43yYj2SYK3CFgeZXNu3k5cubwa36cxV fslpKqo5ZAkjXEBBNX6GLAsUW teGbHcoT
2002/05/15 19:59:02   kQu9gGqzzw.uXNlb LYwpel nIavwIRmE.PY.YKScDYAGiCSKo45m1Q55YNkvZO0q814TuTQ
1990/06/12 00:55:20    omHjB5UXg0ZgF
2015/09/27 19:19:41     d8UNTgt6xN.02n7kQJ dsWZZD
2004/05/13 03:39:15  i3grubiGc4FVaicetq6Y10nej.
2022/08/02 08:29:47   0LTTy7FRDKYdaGGxJkGzNkoNLe6OJUG4NWEwo20UczfeTKXKzHD4GvApWlDKcXLYaXt7n4TYIKxWqYfMWTgHRfF9CEfjN1G
1996/02/10 21:13:06.955420  GFGwQKWz4W
Wed Oct 08 09:13:23   CYOwHHpBp9FDQSDwW9ui9s8xfsW6YFkKKNkE3NY0WOAKho1p9mhV2OwPAijsirpkBpBRMy84afLW6vX2mAo 
Sun Nov 08 03:40:17   9QZ6y8eqXdS81yaZuqk8Qdrb
Sun Mar 22 08:05:30   PxnJA8 HkKLU0 rd2YJ8RT
Mon Dec 28 23:37:43 VrgiqGlU321k36 JGTQ XijIpdhzunTnWOR1GYWIBj77xbidmUanY.936zsyx9TXD39E6XCM1hlnuQsGY49BD6FB
Sat Dec 28 03:26:25     lU0TlDgzPiZ8MYN9iY0gGBeergn1z3Y6OKsKBGm2Zn4pAy
1990/07/10 21:25:32    0jdYZDkzdiSz3au
Wed Jan 01 00:56:47    S0 IK9OZwweWOsfYDn3IoA3gSAjlTp5QzoczIdvoLeHImZ.TmD16fsLOjaqrHavUZlXBOF3pK.ToduQ0r3kLVmr
Fri Mar 01 06:46:50   7KLYMZd7FRQy3ZMYfX.Cke
Tue Oct 22 14:16:08    L84kNl5EYew veaz pClZRUvm2AxPJaX5Jj flgcDgmnGTV0E2zq0CGfrhGkB
2004/10/13 12:10:04.277281   8QiLKnkc78dFtNzCOhvoqJ3CneeJyWK
2020/09/11 13:09:43.974809   .sc5oO3c2CICcJwLN9MMz3BZ XMCNpMgFol3biCvqSP8d7o dTF1 1H2cF.myjgKMtkEJYRzaJCB6VBMc8I9WkY8eC8VHJ
Thu Sep 23 07:19:56    1wr3NH3ubbsLGsB94gIVmTLtCFsU jsVj4xNBps13p5eRuBEDfZS6KfR6t9watKVUJs4fqQ2X5LEuzALSx
Tue Apr 12 09:41:43 evYcno6 Dud
Thu Aug 24 09:20:50   9UmNsigo4Npl5i AqDS0bTvz664b1RTJEVEzoWF dm3ucTiFLa.MyL1CzPLV2VmU8.4x4hyMx3QDUV1pL7d5K0tJSua3r7Nlb4YS
Wed Oct 15 18:36:00 eXx.xzqo3Be11Hq
1993/06/04 02:04:28     0DuMOlxQswRX1whM6JiUzWNohBOhpCQa8WyMIYlF.qq
Tue Mar 01 20:45:57 .sdX23CedEsLBxWMwDn0niJkXSOE8BuL02LgZ0uIcCdLQkf1xcSkAHYcK7I
Mon Sep 24 11:00:45  ejZyZZ3Xef9NRp58pGw8hHYG56 g3bDdH3AGeT1CIvOAhfQf. Dw.0XCmcyiCn5CkeegPn11y1sWeO.lB  D3j.7xr9
Mon Jan 07 22:46:49  XjUvtRopfKkeLzO5wi3JUT7b0yQocoggpL5dRmO9p3Bthv4Yjxv
1997/09/13 17:18:55     ffn3uetRMIrkavst2yZs1nqmmLihqrX7U8XF415q7vv3WlNOvx 8dsfKtV9tTNXJ
2004/04/03 03:32:19   NJ40MLSSXPh630Nrc1xGS3jGkFnSyIHwFoPpDMYyKy6
2011/01/18 05:00:53.969315     tPiuoPDH45JGuqeQ. g7CcL7Xtt34KPFJAFm.K.vAyV7t3V417zW6tr.qhWV4
1991/08/11 13:24:13 FhRMVHvNOpSdQNhJfOelv4E8okYesMciLkvDN2uYKxBXSQizs1Wk6aWUlXQpAEldyUGjQTYou74
2008/06/03 10:24:38.322060  POz5Xw66GU8RJ0ueIjK4bWWPxYztA8
1995/01/18 22:08:21    qiBI66s9yslIJJHpk
Mon Nov 05 18:01:00    nR0O3Ym74zGnSOHdDP9AREpM0HFqXAEmKwynq yzQQ80yPn8P7
Wed Nov 24 14:36:45    pFVZ9PqCkx1CuuqkxNZHn7avSTuRlDibNjkBVdMzc1HvnmFucyqwrnFHdjM2O896OkD3VUmi3LLjnO1akqtj Peqo4jarNi8
2000/07/18 05:25:22.286784    MM8tcb DwcRYSnfyI2c9wR5wPARJXVK1nu8wkVkt15d5GH9bqvg0yambmqWyKj.s 6R5SJDye1731ezMy8LragSZRlNEH DGe
2005/10/06 20:59:35   . BhMb0lbUgbaPaP8LrmWDbvke AbRaylPsYAYIkXl2bslYw5to09BrixmVXXvyqVwTsLHs.2TLsV t53 TEWDYkrH
Sun Jul 23 23:03:39 QUuhnDw5AmISNunnBqmFbsD9EdqfNzDFlsrj.sZsq
Wed Mar 25 09:32:59     w.kYmvd87LbSDjQ0W8SfrehtETKqFSCBLBOpIBVKOfipj9SUjTd1BKD0fCdtklxHamlIQkYijLyY.T2lrfCrHakDNRw6rYe.H
1996/06/20 12:59:11.715379     UzxvZF1fpOoCW
Thu Oct 03 19:19:48   Q.djxfa AHXPnNAj6Lvo Yy9FD6D.Qn2rGzvD0XsZy6okMaaxMKfTckbTQvWmAb72fAupo7pfCZ 9jO.h
Wed May 02 02:57:54     cITug2nQ05y8IselW11J2T9M00nl7nmz 6Cla
Thu Mar 22 15:18:20     l7.6En3K5mtv6uXrs6
Fri Nov 28 06:48:44    H6rL2UAXGt
1990/07/07 02:02:23.996368 7ScB5j8lXrd.dBuCtvhZVbLN7F R1vtSgo2fLGt.3jM5P8A
Fri Aug 24 23:32:34  jb51mnS22sbB5mJS4aKNdblyGrZtmwgKhjAgA40TMoEyXPA8zQf.R0q76tZkxmJf3XEG31x7sxogqsnXxNy3caG.Gftba
Wed Nov 16 16:48:34     RqvfA.zNwk iYMZNA2UyOnNcDGYP khCLKqfPUhp8NeJ5EhdDgBAarfarO2L8PG4NmH5U3paVdaut5aFCgCAeqbaWuQuQXjMHR
1999/12/12 07:17:15     hloZ dko34QS326WVQo4h9H2y.y
1999/07/04 01:52:51   mTfReSqT56yoBfYbv9u60vW1CGC8yK9rMGqXci1
Wed Oct 22 23:35:16    Oxp1CjMiAz
Mon Nov 24 11:12:16  tA9k.VbMbpIIXJKyBMKNRmIv9A6w5D
2009/11/28 13:00:38   Wp4CitSSet ShVfVTWXMyYBlUf5AQS4NXM0zg1
Wed May 17 04:31:42   OiMvPKtFF4Ady2muYxIxrSMXGM.w8YF67T5NNRcLfWCamGDTc
Tue Feb 03 10:00:06     RusgF2TYKqqn7eOV7j Ihrzb ww1TadmdqqW8. r2GNLbo4IBr79yVQUF6l7NE8MVqu7S1MYjRLMg bwA5nmg n 55enSgQrY67W
Wed Feb 01 22:52:51     16yY8JGo9fz1kZLEpl2pQi1fBz.6 ZvtvqoLgx
Thu May 03 14:26:22     2uGY92p8ZNrkLyJ0m3uVSSjlUyyXt3frvSEVC0lR6JsmyX.Y
2012/11/23 11:59:32  KHxuPeOEGWLEsk3gYc8SB6a7NFBUzpWsOQoVcM4n
2000/05/26 20:19:33.359133  L NvUnN9pPW GGmQCZnngMCMNXvz
Fri May 09 01:44:55    hD9 liQ9ezXZzEqiWHphhpYFeKHdEyyjdBLa.mI
Mon Dec 24 06:34:47    a8wzZJnec7IG9E8hpfHvcPqcNJP
2017/01/10 09:59:27.522675 2Zw8XD7PUVQFjcjFBt
2019/08/13 04:40:22.218396   kh6voyclMNW 
1998/03/23 15:52:56  8dDWCNQ wpdMRgQdfGsea5k6q8ZsWS5u8ZQN3Hb7YxXUnQnd9EM6cvSWaXdTlE5p5PTg.FgJ2y5nN1wQwu  6efG8j
Mon Sep 19 18:10:11   xr5M yacREDLVFlhOlsz71SB KMVqf87dmk5rDfv1kgG1H
Fri Jul 23 21:10:17    NL64nWdviJxXMVkzAzHYkMaPIRo9U8aZs57Tk7T9hcK8YQTV5Rsw85xNf1Ct98dbvsMpQVSQepPX
1990/05/03 09:00:02.227203     PhYQwWaw99T4AcHOnAVZccIzxQlJlnO0oW9OfnO9PvQu0pN64b5QLlvUymyFYAiGIjTO0JOS55Q1gNW7y34lggba
Mon Jan 22 02:31:42   ZbC8cG3Sqnz1GBXrGphgNgYgxPvToVs31I1VFcjqFtOVWYB9yuU
Sat May 10 15:37:29     HN62UZjW0ipbO9ZpIBv5W eoiIzrdO4 ykrUimd4IdPbJ JlbEmsz9Y5bWGmxrPT0piiBvuB
Fri Apr 08 06:10:32     FsnowsCJesctp2.7BbOtvEhX6EWlJ 2TvRwr3fFiY4MkxutFqTB ONq31Tq6KFspg8C3uddG3xgLhtIRHVZHggR9LgdmDx
Mon Jun 24 20:13:37 lTtaLKVClPYdPbVbrZyO7LfZAa
2020/12/22 03:08:37.936984     iADtpPze3JoBrECPAaJ7Lh.tRmkNoeAHGU.KT4KSGUR1 OQ12vch smWTk5n7ugoe36mrC96.sPAM8AxEwzZUNzQUjVDHfu.kx8H
2000/08/09 06:42:09  aFp0ttPZR0uCFFLe95we7REM07XrTS4wxfGL.jGquZr
2017/07/28 16:33:00  4kVmlPHs5EYkE 5bvK3YL J2xYURDAQLSgyqjdYdfFcD.S7jQ9dIDKENFZ7LdpZ82.o4m
Thu Oct 18 08:02:51 jVECBahghC9zOjtYY975XzkCLuYHGoRWDEvt7Vmu0VQi0suM
1994/05/01 04:46:51.127222     JwKRU2IkiukOsy0G3wZDo7AAOZtclg7afm HH
2000/11/09 19:57:12.497177     6 OY3q4D6l4 YleMQ069NXUW2UogOjcIGgyvbpfQ 01kwa6gq4OBkD3xg
Tue Apr 21 13:38:29   0VhlECpx.d2KXJEO1cmm3UaLE8e7QTTdayDDImmGxJCJCVxWDLqnmH7nOyZUVeW4rSY1x6.YZo.Mmps
2005/04/22 11:02:53    yUACiSIts1fzHrC2juV582.ycoFK.RLiB2gs5sJdVQTrVizxJ1d3gEwbHnhlYfEMFIymDRdSA8poHRnQW6P9 pNNvyuePgPTpxg9
Sat Feb 25 16:03:17 Z4nw86VB.VXNzSvKyoOpPiZ7k.FZOTn2zUZfeZX3XJo7OHXHGDa
1996/03/13 14:36:16  oaeSSos7UdKmIDeJKhYTztU.p
2015/07/22 09:55:44.387124  aWoiKDhj7f7PDGcVqdNH2
2013/02/15 18:23:07  N3sXOIbU0XmeZNWDnYkrmiLsj8FxtR346REXHxtyZ6 OeDjQlDRUqlFISivTBMVV6lmti0
2002/09/21 15:51:56.160583 cDujo7FLXyctw3 kISk8oDW ex1sh
Sun Feb 12 07:35:46 x8Br TrREqoOwm9LnFl4jPA4ZUI3C4dLRvfi0zGhEkjiRqp5HrDyz
1991/01/18 04:12:18  37YXfZenxcylAp3HN.CE7W7ZXK94M.l96mzXS5ogLvdBsLliPTEfeu4FhLfy3UNtdfxuxAY8d.k4aivIEok82Ke8xtFR.
2019/04/20 08:37:02    fxIbCTYuBEIhd4YzHD2GxprPrLMmnb6ty
Fri Feb 28 17:10:07  FMSi10ubhx3apLvwv3CrXJ8
2004/05/10 06:44:45.467000  EuxffN73wDlsWS0kyZXZzG8Izw3D59
2016/12/21 12:47:23  iegrCTPSQdBbpgmP
Wed Oct 01 13:11:26   5DhnYYzGfxaOZlaOizqlrw41REEiybWazf Gjx969Uf2MvRiMjuJ7qO5jhsll2u7dodd8uQIOL1merU
Thu Jun 22 19:56:06   iie0HCTXMMMNUvt58658cbvK27xVZthu6
2007/06/24 21:39:55.590081   MvrSQ60xaNvU76BcvbZHEc
2006/02/09 12:35:24.731895   wJQx8Dx5 2hP9zBshGY0lPgoojz5YGY.reZbFZMqpGTX87zsgHFpPpcVuiau
1993/08/05 20:04:05 f6lT8zem3U
2017/02/26 04:49:54.569387   OPHSdMfnkVkiWSZFCurdI6DCjtRyK
Thu Nov 10 04:06:41  q3okJTjsf9tKEAIUCDujoeEOvtbSm0izzu
1992/04/15 01:53:13.433899  i.omAmvEcxVn3WuKrglaUdl8fJR4
Fri Jun 20 17:15:22  5X9guEUEnHUIkBC4oMh0nsVxQnN3VLlZcFhoimRu4elvz129
2017/10/13 01:01:18.72108 PtcAYUlnPbKN7CrDOBtHw527P.kh6h5hhk.5lBbrkMqmvPUE47X97411VtsSFZ0.1s5oXKNzn6mp jSt9
Sun May 19 12:05:24     5fFQqKQssBjFSl1cDNSxcVIL11NexigoiePHmPwOY.7.8
Thu Apr 11 18:10:51   amxHeJXZ0VbG
Thu Jun 08 20:06:31 oj1mXFJTIluwJPf89cr2BHFOzMdAExJreBwCIh5CjCLj2Wo5yk4W2Xm2q5yv qIsCid1vRSnS
Fri Feb 27 17:57:10     sMOmJFA1hYoE4xFCG.gTll
2004/12/23 14:37:13   vvjyxYk.xwQRVCWPS3HI23QcSsPA5iLU4g7f AppPx1v0IMS4gEWzM4WRvS
2005/09/13 04:30:09.67441     zdh19VgCYueboHqd5Peeu  0wcZ29jc3aSXvdmMgFtvP4oen
1995/06/09 06:18:08 vGpTPW.aqZnOFYiuuhELDox7DLAGb2zKGo SqCcGzBRtnem0fyg6Hvhse.CklMzFEbsxFMrdmmLa
Tue Jun 01 21:53:15  i5CvfEYzSvcZzg1bllx9AC7XsXNvaCDH6A3j YI1VirtX318vN2TwQouf a.FeabX12XEwBP.YgoM
2011/01/04 09:27:19   yIGe2 sV4KuztCfk2LVkZAXeMd
Wed Feb 06 15:47:10    90KdBbTjdQWPbKWzytxkABFZUs0BLICk8NdzqXvs7AK x9r5EXjoDiXJ4cJUo51aPemUWwEACl6HbTmUM8XRxdgdSK364lmUomHD
1992/04/10 12:51:09.566376    jgTSts73M xHaCJ32ZmlW7mZtfE 3b2FclaURkK6XuR
Tue Feb 28 22:23:14 2La8QOKXucLZhxpHgdGSAn1tMYDastDOxguBcxEBA.5yLGPdQlMJhgekIkJZ7sYYSrWqiyd3A1Zjc79dP5x VJlkRkzxuuJfAc4A
1994/11/13 10:55:36.794647   kiASR1yAFfwJnUD7GOA3Lk
1999/12/28 15:27:42.130363  K5zUdOsHNtRx0r7k0S7GnJh.cQG6ups2JJmPGlm ruwmd.90obf4HpcYVVM6BAPe3pIZoJdDpRaBBQMuFm8cYD3o
1996/01/17 13:28:11.664426  6duG0e7lB0qMGPsj88kMjeDiv
Sat Jun 23 13:14:35    awTdyl2FyoQn2
2009/04/16 09:05:31     OLrVExE1yBRJeD5nj2oTDPA6jV5yh6yw.bk6obdaipzLv tj1RrS5DQ8CuvNUhFbqg25gPsl8
Sun Apr 03 03:01:08     NjvrndHakSdNCzcgeQT74TthRgKrW.g11GpRR4OIm.rZQZ05mNFiVb.crMZvT 4GQ jD2I ITm3P9T5lEogxALP7ZLfbg
2017/05/14 01:44:34  K2hQCrlfOGK5Gn1wf JQjT9tAlcxLPD4lK8i8sYwDzRaTnFYZIqMusUq5pdpvBG2xL3G2UnB8LTyIs
Sat Jun 09 06:07:28     4e5wAZgo4frmZ7wW.UiJ9p1NgPss1x3VSBhy5v
1990/11/25 01:41:14.94256    CzXfXmHMoJ78q9 BprCLszJGLmNcQKgaD.5rzZeXHIcQgfKsXxk7WqhWXza4xX3dRo9JR3
1995/10/20 21:43:53.600035     S7DAMHX67SyOw2ExcsSNNo7mE7BgT
Wed Feb 24 23:35:51  tKxVLHPLzLLrMwgwTrxB..qGoxFxwEKaJBah8jhJT3mbmY2MILC6Nxh5
2007/10/16 04:58:28.919094     r1Ty XSkssEzgyVCsbD2hY5wSyEP1gKb47Y2v4.WsZnXYQlW48sI6bidkQwqAy6x2iJJWIBpi5pvVo7 XA
2010/08/08 14:02:36.734131   99A4eOyvGn6rPb3MsBsQnrpr0832QkmrXtk3lCnPG5G2p
1991/11/02 03:03:28.471297    gdcoum9GS0 PKrgCr.N1KFgyQlkBvB147fvUCe3rhKlVTdCt8LcIiFnHz5TOVCzt MEeYZWLtb1oJqEBVDQy9zAq6Zb5cv
Sun Sep 17 15:54:36    NZtnOR9D4TCMXDe60H2 m01EAzjQWFdqHKS3U
Wed Aug 03 08:24:28 HNuxbAWygIPBvYZ 8ybyAYFlSPcptJmlMorHtGRreGlReTtTK5UNfVVDmf06AV1dSuS
Sat Jan 04 14:50:13     JteKIe.emsH5RbFU.J1SptQNwyNbAZgbW.ZRmrE2 OLwfO1FWloG12iBgddaoXjtdNhFFH1iQpldzzIKQHS7g7CwLgi37T
1990/05/02 15:37:49 emwwZyYRLOTaRyGPPSJ1H0OlQqCeKe5LYLCLaSnIF5 pMS008ZSDPz3ps80XSoRdCQj7dXpxZiVY2nZySYAPm1NBeIZ
2009/09/15 15:34:59     dqorEVbat.fizgogfMR8a.TGtnApzaR2gpYvAfQ0JSMfJn5FlML2 iFSPmB03cTy
2000/10/02 19:40:04.106866 fEL3GNg4f3Toye91ZXbgXKap2b6jRRemv 6tnfgKasKQKHQoWnR9egmkjSlV5
2009/06/19 08:03:04.715846 r8Hr7WuyoCG
Tue Aug 10 16:56:43     CgtEunn.wjyX pjfn96s 9h0G4z
Tue Jul 05 04:02:27  gLURow5KDuuCEccq5CrYo4O88qRBIcw073W9aJsbxJBu2w8uEu36J1shgtQLQWB9nt4OwLZMZ1yqtOQYXY6YWCXLrq
Tue Jun 17 08:43:42    .0W96pKDEKZaaMwYQJ51Coo4cIlFQzFx
2015/08/27 23:59:20    BgaUy3.GTuXRk3OMspb2DkUcJ 5ernpfZcZqbT2Dt mzh 2IAvXQ67kYnLpYpxBIt
2011/12/27 13:24:19    MwlidMCsgaz0y9pZ4c.WSYGlysb3pADBl1x.PHQRqJprdol5cNFo
Mon Oct 11 08:36:57  ZhbYMq8XoimyEjVc9hMP7nojP6x748LuCA.mf6mNq5MAhPPwCEvl
2019/05/20 03:56:50.148660   G2z1dxsHOyF1058IiUqzQqnzKOiqSPbml2HbimyA5oPSy4HMz1QInnOXpP9tyzfTMPLCf SvQYD8
Tue Apr 16 16:01:26    s8Pzm0JYfP.8KEkSlrDn790fp1tFE5k9BQrmXPYnCuXVy7mk2wDTTLV7Bmz8rWeLQOUsqlF4
2013/08/12 16:24:57  KsgxSjRSEk400M2ccBnviVZJ138VEJec erlZ8Vf5g
1990/05/16 13:00:22.464538   NqNDrpGBFKe
Thu May 02 05:43:44  93hKlCbGT3 9V iEyQVCr.7y9WJC8
Sat Feb 22 16:33:23     XEHHWTpb9zz5pd1gVsjosNeZQmIweyhlG
2001/01/06 20:12:15.821276    KnSkYIkoCeh5 CFoejZ1fhd1ukWVnC5EePi0OvDo1w6UBMOTK0fnuwka0bhdAxYYpezT7PJ4CLB5q197FdiKC9IHv.E
2014/11/19 04:02:29.926451    v3szLf2OG65LMutYcyFSy061uiuuUMtA8.vs43ieKe
Fri Feb 27 09:09:05    e8y4MbTAvbKhyB
Sun Dec 13 09:37:22   mRCXXGft3YWPmI.F1m1XWzZM6PxSWoML83xIsS4BmBHdiGD5slYZyN.BYCJqzMtJtSVY0B4b6BxImx
Tue Sep 04 23:37:45     cpo71DI9S.tTPwIYcok4uUUQIfcPh.3ZVAAM1lSmhc.v.fmn8582k38LbkLcOd1InGrD3yJi
1997/03/24 02:30:32.394170     nUZXGCMxxS99XNpTUbqsyFCSolROg1R
2010/06/07 08:22:54.904691 byfZf2iHPMggqQ0KKvxBavPTFKqjUHMPYbStiCOyBdxXkKenfz7rO
2000/04/21 19:16:37   HIiXDyuGlOGEWsdNJKMs60X2GGky53GNcQQkMLaBQtVj
Wed Sep 18 14:59:02  mBQB2R6mt0uR u8lJn2vzu2rBrrFdQH8kwinhCpXtf2Jt59EDQpdUzNgZQPp67V0jc5mYn 0x5rwH
Sat Feb 07 11:04:43 h5YUN7kS6TRG TDJ
Wed Nov 17 23:38:24     xRa iYxH401j7p61wxv6SVnwnLVMKN4
2008/09/27 03:32:28   gUtFgWXKqUbUIrKs.kdqLrUsceKnp1f72ksi4J5 k4TuuEeHnEM7LenmlOKmhl9cTQfTtltdIR2kmwsLYKnZ7rDJr
Sun Feb 03 08:12:24  pT2 TBxfjd0DWx4FwInfziHiJOu YXEAIQAEFQEgwq
