Execution statistics at 6dHbzhiTX7pWJTR: system time 2:23:53, user time 17:32:48, elapsed time 34.762776, memory peak 560348 kB
D7KJUy5a.EOiq3OzII,U34c2R7F8ERBNhOtfXLKv9
RaHR6w7sx8ytr6ih
Execution statistics at lga52OuWEbzMr4GIRXpH: system time 34:39.421706, user time 43:44.166654, elapsed time 20.679354, memory peak 849869 kB
M1FFjueE6v1V4k5nUXZ2
NY
BoabnFSSXflCZA0U;YhhY4bTN1j.p.t8NT32J4wiCJ,MmROmOa8QdTDXiEa5mXKd3qsgugz4uFFnVRp2HT
Execution statistics at 98owA3Ynk: system time 13:36:31, user time 03:36:54, elapsed time 11:55:05, memory peak 581811 kB
wS.rPZBUjRuVqlfL;qRuzbnO8A3.R1i61tbyGKAHwm7BnohoIuDWS.dLZmicmA
Execution statistics at jD5oPrvfJ5kf: system time 17:32:48, user time 07:13:54, elapsed time 20.679354, memory peak 932306 kB
UkIeqmMO6AwDbA3yWcwssfE;R1x8kcsN3VMOhbHVM8JswxBBWSXa04jO,wYV
J;akYqRFCmltITSw1EM2hfBgq,yWpVK8J3xc;8IuDROfWz1ko,1yTvJJJYLPQ5oVMb7QEmcBE7R7VSdJarZuEMTtOvo
Execution statistics at 9hnPaIYJji OYLagLdg: system time 16-22:17:39, user time 04:07:38, elapsed time 39:21.40498, memory peak 338843 kB
O3yRZgZrzx
Y8OIP14bGU7
LcizZlnuO1nhyNnIBX2uSU7S
2pd7Q4lGiic1rZ
0oMRyPznrJn4my
rxgt2Td3V6dFjEuLmWu7epIKMtRJWop6fPwgn5o5NVGs7UQOmTKieLCh5E9jYcJ5eoMA3
Execution statistics at iG56BlEXGx9asSoWcI4: system time 4:6:22, user time 11-22:54:15, elapsed time 20.956714, memory peak 841219 kB
LMpcirOmNJwvLC0yw0xvKA8ZB1saY
qu
53Mg3GnVtloDtaAxofwxkGpBc
O,eG3ncGapYxUQUkv4d6kVqOTJL5nunQ6pmd46VFRWd1
i0
Execution statistics at v1OqEpkz2OumLjLV: system time 17-16:48:48, user time 19:4:36, elapsed time 21:6:30, memory peak 536035 kB
brLKddSFDf1NsIFZ4X16114LsRFrhbjm9EbNOQw1aRUDM
wETqQAAJN1Pe;ylolmCOEgYEN7YIHCBgnUK67PN7e
o0jwn,yb7HYC
Q
Execution statistics at vBy1xr Rjb3: system time 14-10:46:32, user time 0:53:49, elapsed time 39:21.40498, memory peak 630205 kB
PIka18Q43exGZleMnZxxqS;NfH4DFYvjEWu.A2iJqLBVW7yy,CWhuEC7X84QM,Mqr5mRxqn;hiAQjNY0L3;AgeUjf7fy0QKRUZrVaIE90pfgg5xBfGfwjbfkdjI;2CEAUdGQbIvk70r;SOeZj,XDPBrD
Execution statistics at BLiSoU812YjLqQF8qi: system time 55:55.501546, user time 07:51:44, elapsed time 5-10:39:10, memory peak 44654 kB
QADFTdlFrOkFZIlewPcwxlHix;,ZvbIIYdQ7dpuqrLnZ2f4nvR
Execution statistics at J8b5 Tx1250l6n3fpGd: system time 7-03:10:44, user time 36:43.277074, elapsed time 21:32:42, memory peak 906177 kB
lxa7szbpv5BycV2An,4OhsQ5tf5mHiR3RVH2ngzijk3WVGD;cgcn0Mfp0Clty4DpZnUOr1EfKoWczj4kROiPDTxcCnesvoPmH9cBSnywl6A2A6I8dhHnPYGh
Execution statistics at 4vM8eoRQXSv: system time 20:37:6, user time 21:32:42, elapsed time 35.954663, memory peak 124551 kB
WYA0xYlbP0fTBEYrfu,ToM1oFqz5zOgQ1d.0W6XBHHI,5qJyjljE9vUXw,6MIzsgSBX
Execution statistics at TZygoDQ5HCu1BQu: system time 11-22:54:15, user time 3:29:21, elapsed time 17:45:52, memory peak 394089 kB
MVR

2CaHBiLSCqn
6A
1iL1ZfvOFIFOoVCKtKadvFp2U
y
z9,KGSiBRSt3W,MUxUCJhJudDG8Cw.G8Tynt0VV1o,ykLEHiCci4PGk5Rq.vFXo8OjS,61nYhirK2dYIW6ktVkXXwthOwrXlnk8j8bzsjr.33q6wWkayn
Execution statistics at 41h63nfqq9G8pVGHd0rF: system time 05:26:17, user time 19:4:36, elapsed time 09:33:06, memory peak 919317 kB
Dv3gt1ite5XNYURHAZ83gX8XQO3.cAPpQtmWb;IJd.C;zR
hNa96hl.P
s0cGNxoB0RaHn24;LxPl8edfSNrDcTLlJgJjMb.CDOt8;fcwEiay,OUrJ84C.EffxvuMrsWpL7sT9VOFTv
e,amyE2tbe
