Execution statistics at  cc5gF: system time 14:23:39, user time 15-05:59:01, elapsed time 22:07:11, memory peak 604164 kB
8hVv7kxxGErGJ3ipUbvd74yKJ2q872w24Tm4UOGADQQ5iu;LE9,5
STwmrJCXYQISxQm8y7BTtU;rk4HhCNUtqSZHM8frCH78ZL;MKqF9.TLeTThetWouI.CHeMzhpNzdoKakg.rnTQSN.VHUTxd3pNfyfDnUD3WlrBd817c5IimhKiO98Fz.kB;Nd00fR
Execution statistics at PneGNDCmPybi4T7j: system time 11-17:44:15, user time 07:19:14, elapsed time 20:57:14, memory peak 289791 kB
IhP8p0aq16cW6bF2OzNWDHCx481yDX8q0.9D60USJfAp8ESf0832DISmNV6kpfl67nn2Mo3YfSxo.OrAUQvjScXsAW66R7laJfUay,PHhCAQZrdGnz2InPL.Q9SGsmZXF50.tYMR83Iia5LT
uNg0d
Execution statistics at Akn9AD7He9 L44kIm: system time 51.856586, user time 18-10:56:30, elapsed time 41:41.167794, memory peak 276153 kB
RJ
oHvCe66ypjxd42I2nVBfkeACrNeUa72b
If.ix1aYo
GqsH5im.UunDM0
Execution statistics at snrYWI7Y49yKxsomjTO: system time 41.234292, user time 13:27:26, elapsed time 22:47:51, memory peak 511276 kB
Tioxo5yiuJ6fOSjjb9G6e1LaJ2N
1VCtT5OBfDpgpNOgMCAqoHvbYv8M.n1Nwl1guERvd1cP5mCdD7Xvmuk3EX
Execution statistics at uWtAi930RvSUCLBtW: system time 2-23:43:37, user time 22:07:11, elapsed time 49:31.92630, memory peak 764760 kB
P
dPQv2okE9X;;8.De7fiUACJWl16geRjy6wAJooLF1ta0U4V98I
HpmCHC1XeM,QYqO7vEt9XFF,S,Ao2H5aL,PIiK
Execution statistics at oOVjFjWCwmn4ae09VnvY: system time 43:05.618561, user time 22:07:11, elapsed time 15-10:47:24, memory peak 756446 kB
xsLmNCbsGkzEBfDkNpPwg
Gf8LL7;vJwBynfCG9x1,UxuoXeA.l5jhy7oPHXYsCZ31xYag8Jg4qovvKcwQYwo6CEpNQ7frNS.EuXtYztfQcnI1e6eO.q1pLZtVEuNPptHSi5Z1ZImVUky43sFFw9qTOipibxIly;tI2K5J6D8tUMCBuAqNLo.wp5tswI6IRsuiQT4
Execution statistics at zKVi8iD: system time 14:23:39, user time 16:44.336619, elapsed time 13.638276, memory peak 585630 kB
hweAw2fg,t5NBNO5rf.MdNlT.Q7tuEzCiSSdRvU4AWclQqbgaN;aeA8Do0W43i;
Execution statistics at T1wgZyHp3SqYLQey3pYH: system time 16:14:54, user time 13.638276, elapsed time 15-14:15:04, memory peak 96040 kB
tfxDV
OnaKRADNS;fag06cjVC2Uqpe4kCg7VLf
x6WikqUkyoGiLEzFjsj
dCwRkYYz87L
Execution statistics at EY3FZp7Xc5FOY: system time 13-05:28:54, user time 08:24.843007, elapsed time 12:22:46, memory peak 816639 kB
p;BxFTiGbS9uF3ubEZqgZqe3z.8V9HooVyQOtYB;zviDCMf5;UP8MaAPmNdJlnnVHy;OM
motA3;7twkmyRTAppx,7OZaJY7
Execution statistics at rvfO jnMtnvaV5n3bPUE: system time 26:15.404486, user time 2-23:43:37, elapsed time 02.328527, memory peak 751215 kB
7ZoZK3yLTcs8KhU7y;8fg9hrnSCGppoPah5d6GynZjUF5;p4YzXNyuvn75

cnTTX7nBHBcIbdy7g,GnKIxeo5usd6GLXvQuWeGMPWjcVtw8tKO8VD,E4up59pSG5cS7,Jf5ToXSj6WZJlkcC4;
Execution statistics at 131Ug: system time 11-09:17:18, user time 8:21:34, elapsed time 11-09:17:18, memory peak 259813 kB
OSUVhnbcyb4ne3xuu9jyrYLIf9;u7dUEk3PMt81fD,Z7KRJ
Execution statistics at hTnNlSnfju5FCL: system time 13.638276, user time 11-09:17:18, elapsed time 9:24:11, memory peak 859244 kB
weyH
JsGQ46SEbTR2LnvTHP6zJA4s
QHZzQHUwjQwuxHtAjBzVjKxBnbZYxgQKF3Dry36PU1bVrKg3d3R5n22bB
Execution statistics at YxoyoweY0jkLdVAGlKkr: system time 17:17:21, user time 01:34:04, elapsed time 57:18.323003, memory peak 808461 kB
Nn7qnX6lG8JkhKo1Sv18ZNH;S.YLryZAlq
77TOK0T1
Execution statistics at EKuNuSlkYaSXvlU8O39y: system time 06:25:16, user time 23:41:28, elapsed time 38.245648, memory peak 457200 kB
T4aA4paL7PK1;dkzRK4RQl.MawYuje2Wadkt;aNjGq8fYilSbEdXx2DY0WmT1
Execution statistics at HBx3a3yA3xx6rixfP: system time 8:21:34, user time 41.234292, elapsed time 4:10:27, memory peak 528759 kB
4nRs0hincyUDbDk;wFpMyr.YfrcV5YCztydGE3BLu
q6WY0pKzBth8yMbCAGbyOsqCWYDd
wCSrQs3J1xH5iMhXoY5cX8mMF3
CpgE0WaZkiJATchit2YX.mo7sQTRDQ7SwvrSUSihDY5ppKLy0YKW0IoSDKH4vvtl7hHJpL8oRqDMUG0arph95gx
Execution statistics at peuAt93E5c: system time 12:22:46, user time 4:45:46, elapsed time 15-10:47:24, memory peak 580648 kB
yYDXjT3Tc01Td1pkOEKH
Execution statistics at WNVN2: system time 24:23.644481, user time 19:06.504535, elapsed time 47:42.622721, memory peak 81282 kB
RfJgpKUs3zrDToygx.zlKW;tjMw0.C,,aK3roHVSkna;yICbpXsdbGN
Execution statistics at SmwWtzxdiUvDAYvvbY: system time 13.638276, user time 6:15:57, elapsed time 02:03.599102, memory peak 887966 kB
MYr.hITBNXahbGxfcOHY1aXNi0A03HbU3FAk,3
Execution statistics at E4Gg83SIF0: system time 10:15:11, user time 51.856586, elapsed time 12:22:46, memory peak 380629 kB
fwoCbOZrjmKSsL3,gnm
0rjkT15STDz6vc;pWP.mZUbirS;TXSyHnh2fns3
