Execution statistics at QzfOhZ uywytRLg: system time 16.197458, user time 31.903827, elapsed time 18:1:13, memory peak 890341 kB
cQY.rx3Fv;DQm
ETssTkZe7z
guK
x5Al9CQoIGBr2vvBxg5zBRxhLYOdYq9sQ2;3Eo7UxCXB.JcDksRHyZNCy
VtMIBuXT0ZAJP
Execution statistics at EPsj6: system time 20-00:00:32, user time 6-12:24:42, elapsed time 27:57.988250, memory peak 649284 kB
h0ifiM9X;EJ8UL3159etbtryETLREInjt.J
H8QjZvOQERoWgLpiO.klt;3.65YT1MyK7,lxZb;Vkbzhm3ll1LzWFXczJjEU9khIKUw98PiqpjP2Lv5MgtC
Execution statistics at 4zhooV: system time 40.504807, user time 18:32:49, elapsed time 26:04.916636, memory peak 791579 kB
TLPi8BIaqZ2dDHoccQz
gxcllmAn4gzMDX0Tlt69P97Yy.FJ0XqHypYYKRusvPg0HipwEBIoLDKRIEJNEi8LMwjpvCw9,ykB64YadQSeZ1wzRP1L8D88;1C
Execution statistics at rJQ6Wjk2g2: system time 11.311497, user time 23:58:26, elapsed time 13.529593, memory peak 311617 kB

BVgHpS1V7400m1rgV7Bm3Bt
TLeQWwH7LJ;,RWL4zDt
4exb5dmqjBV7AlIcMkIDzkoXXJE1nWs7.kg0zELMudqZu1Nv3VbHSoIXZjz0QSxIntBmIMT4EOiPGXlOcqPbEhjsQ5e
Execution statistics at kfWTe: system time 14:48:18, user time 6:19:29, elapsed time 23:58:26, memory peak 133100 kB
kAe49g76EVm,Hc;nYZLM36nXd1ibypytIRr.s9SPJe9wlyrn
ukG,Yo8p3U
8MBA23aNZsjn54,E;y6a3GFrN7ylCqgh
UkVZJgIa87MB9sRZGRCV3vUb1nvrqDNI
Execution statistics at zYrFh4: system time 11:49:39, user time 18-14:49:11, elapsed time 17-12:16:48, memory peak 521377 kB
D65GYwKHPPzPY;CTOgSW5.5muZni8I1Rh
cK8oDr6C
sp
2Gvd72t0WS;CxLVe
Execution statistics at QpxBKxVS mNgSfj: system time 08:25:00, user time 26:04.916636, elapsed time 01:43.351693, memory peak 762740 kB
tHIADwQdvuC
Execution statistics at utsW7J tv9FjY4R: system time 1-12:06:48, user time 12:42:46, elapsed time 4:58:9, memory peak 279674 kB
bjm5,bh1Y4SS7f;Gx4KY.A
3Kn9BlDBnfmxHk9RqWWXZwwPu9CTKoDK2naVqRFqpHonHso9uM7.fZ3QmZyZiQsb66HkX0yz70X9.gNl1XL5Cb5ZaB40JFvskL5ylMpd4SHDsGrqUmC.qqNv6InrqrVhfAnxbTYNnTNEp8.RbiFTzUCuUizBr
Execution statistics at npobbL : system time 04.589521, user time 26:04.916636, elapsed time 6:19:29, memory peak 36547 kB
3KFS6AKkOPyXekhwSXDB0EslE
kBVQUlNmSeXcykwcNk4zitw7kfFodOYYVHs8w.RYDfoDn2K
Execution statistics at fxDsAxndtJrsZ1: system time 56:56.531368, user time 18-07:46:09, elapsed time 27:57.988250, memory peak 713526 kB
H8AXPphDWJMi.rUOVTJHQlT,,AdCEX3Oxh9LdSpP.fka2uyMe9HFPKlm95SIEGzobQxNgWbnDLfRznnhl;mR6jz2;9ndPAvV
7Y,uL;dj8.RGS97;zrM0cDmGa2uEqZc5BwWbpVlsgUVXe,DK;Q572FWRatRmYYZHem1
f1KT5NZObkIaSdKV
Execution statistics at v8fcLpuzMn4zuSL9i: system time 18:1:13, user time 34.701556, elapsed time 14:13:52, memory peak 392513 kB
jWiEzaVkQZVz1p2nmZBS;
Execution statistics at o5j1wjTIpBTUQ: system time 18:1:13, user time 16:07.569425, elapsed time 20-04:58:58, memory peak 578506 kB
3
OLzjHuqMuup.zZaAApq5tiUN
Execution statistics at cUQdnap7aQUswWI: system time 16-15:21:45, user time 12:51:35, elapsed time 6-11:52:30, memory peak 494436 kB
d.Ki
j5zQi
ViZMlh;9l68Vmt9raKQMtL9Qq8LLPJoQuHhYCEZJ.Uxl4CX43gsnbf8HiKnxKsWacjaZtMFhaEeGCSQ7Ntjn,Et6pWPf;OGfnc7kgikGAuHntFHkxygtegU9WN,
7iec23ZHQ26F3rN.RfwCMHZzuT0alo,n,FRJQJQYxI
Execution statistics at aPwYwosY03i1B4: system time 3-09:14:13, user time 14:48:18, elapsed time 9-11:57:44, memory peak 915107 kB
UCde78ebSP19pIOBi0BMGxn22.eEZHQMxloiDUWQhTfHQr2jDU
OvFc27.4KUhPOU91ILhlkFgPt6oQuHOAUZalGTvkx
