Execution statistics at WUhS4ZQvmCVc: system time 12:32:42, user time 22:12:34, elapsed time 04:08:08, memory peak 464355 kB
1EhVEt;3uQSK2x5RFfV7j0Z
gRgPrs15GVGTZQ1LC0.7crcIEfiuiYM0f,9DzHR;Zlx
Execution statistics at aPwYwosY03i1B4: system time 01:31:30, user time 44:19.246833, elapsed time 08:49.128726, memory peak 347895 kB
s,QJ0NxfZBHVjltBJfCP9gAQD0v;AAdAHAgxGgZPKSMFRKTrsMU1DWKZu8gE02crnI;xThoDV;CdmzXT9fTmaxzII5wbkl4vKUbKp7vwEwb2aUWKdL4SYuBx9Z0j8Vn3fYMDjkZ
p
Execution statistics at cUQdnap7aQUswWI: system time 8:26:39, user time 3-04:19:00, elapsed time 08:49.128726, memory peak 686956 kB
jUBxCPvWI
I34Apolx.yf.;aeBpN6uoIRw,QSrges3mnxKAWqRFEjkxh9VJxk2BC8j7i5,NwYasoeJ94g
c11Kndz,F
ErYripxEu9Nc9Es5SVxmiECgRM9yGcvR,jo
bj3N4GAvn;DThuRsCAMH2d.NiR9,ht2Szb4;xgvOOkvVAGWy3X
Execution statistics at npobbL : system time 48.553115, user time 23:43:06, elapsed time 23:3:8, memory peak 333679 kB
Rd
,FMKMFafjdZjebuj1rGW,xx0VIlmH0FRE4k9HtH6
Execution statistics at lekTu5h5RBT6JPwd: system time 21.311672, user time 20:50.565457, elapsed time 32:18.453488, memory peak 272809 kB
3vh6OidRMTFdPwQ,F6vbRjhDzudF76ng2tUZ9.R088kfRd1lJSVCEItJ68eflthti
Execution statistics at fxDsAxndtJrsZ1: system time 44:19.246833, user time 58.123249, elapsed time 19-01:53:44, memory peak 71170 kB
IgMwna2PRwUtG7hkhD6FILgsni18l4,1j05NGDf036MBV3BNBk,Ur74sQ5l9F18uiqRntT0x6aN0SDy5Qwx
Execution statistics at rJQ6Wjk2g2: system time 11-05:55:49, user time 32.562909, elapsed time 32.562909, memory peak 426290 kB
UkOMHGV1UpPgJpci5BTBHn3CvUjmJ2r5TokPIDGTxK3Xz;y1Mj1zMRjsFpby3HrBhhfZ.ootqcUSbXitJmMzvaFFfRmzCj,UzKdiHMe8dz4
9FETsxvCBua3qrqM385Bej4IxL9
I9h9dX6qx3xcR9AKzAttKnB
Execution statistics at zYrFh4: system time 40.287144, user time 58.123249, elapsed time 3-04:19:00, memory peak 764203 kB
bM;9VaV9r0IKbpxH.TvGz1byqGtFNMATptV3ea8gKUN9q6CrE8;xoT9B9MpADXqGfgFBn.MMJMQYNPETkLFyM4w9mx
n5;O3E,g
3rzKW2nlRw.U
Execution statistics at o5j1wjTIpBTUQ: system time 11:51:18, user time 23:3:8, elapsed time 06:39:30, memory peak 705383 kB
nxw0LH8QmpR9Zv7,FtJRLYyYSms1uP.MdEVu
Execution statistics at kfWTe: system time 58.465088, user time 16-09:35:01, elapsed time 41.649870, memory peak 211987 kB
4DL5NoaYi8EhmMmxwEP3b0,JoCX7yMBZHBdhhLEDT5dizyORhqm
zNWQOmiG9oMC6JH
4.js492hMM5
Execution statistics at LiEzVKq06VSx4ZE7: system time 2:50:21, user time 32:18.453488, elapsed time 3:26:32, memory peak 437875 kB
SnK
f0y9Si6kM22;w8wnP6vRBUA;ZQZ4ghtY04eLpYsyHnytMA;MQrOxpQWoVqn7qA;hqvVfs9
r,H3CTMJNYE9oT9y9dwkYzieoaN1;1qMuZ0ECmy
Zn1kmEPvaPemWu
