Execution statistics at 8GCbtGC9slyjCm: system time 01:30:49, user time 7:21:11, elapsed time 13.241734, memory peak 165648 kB
MW88rFh6sb5Y27GSQSkqLgzwcwz
RsWa.65Gt3ycGISJbJc8ugW3juPsk2F.2x
S,HwtqkeHBY.WZ77CXe;bskLRQj2PfYoH;lNU3MkU;fTviDVFqvxEZYb;
FtzPAfxIaNROGUQNZk
gEi
7rSCfPNuQFxvhLE03b
Execution statistics at kfWTe: system time 19-06:07:46, user time 4:36:1, elapsed time 21:45:4, memory peak 784339 kB
302mVkW5wgMlv46GiackNNSgQQwAzK9dUuPLh8O1rbE,XWdCaNONgkjjvy0Go20P61VY3qFr4K1sGGuSuXBPKye9SCt8,rr3Fn6539y9nO7;8PiuhJvNb6vwSaP.2HoESFkcrdgJb1oNwDcXL1WC8e0rfKWPotLcM
BD5HbVZg3,z9,B,FNtXWBQphKOsvtZ
Execution statistics at lekTu5h5RBT6JPwd: system time 08:58:45, user time 10-03:10:09, elapsed time 23:43:58, memory peak 230228 kB
LW8kWYXonLJWOfHr4h4y30gKMao;l8CLT00G,nNs
5gxAT;nxEmOGPrRDfE02Ar

Execution statistics at zYrFh4: system time 0:8:57, user time 10.159711, elapsed time 4-18:02:43, memory peak 373225 kB
Bxobk
R
rBVY;;gSEXwQ7NA1VSildW1UB04HMbQgtIukBKtREJshywCa1TUs0xUIQPq649
;
IWOZMLQGDHHYt
Execution statistics at EPsj6: system time 4-18:02:43, user time 18-09:24:57, elapsed time 7-07:48:14, memory peak 661018 kB
;.4BfUA9mYLE6h;;2tfDBO23AljvY7fKWQe0eSFXUHpqB3dtPvfIqnJl7ySeBng0X2
Execution statistics at cUQdnap7aQUswWI: system time 01.615043, user time 22:44:08, elapsed time 9-16:43:06, memory peak 730364 kB
0S9cIZWFrf.LTgE0bZ4
86DmN
