Execution statistics at 4b4V3ftCfx: system time 36:48.813416, user time 23:6:15, elapsed time 10:28.637297, memory peak 598731 kB
oAXwRay4ersYC
Execution statistics at bLj3QmbWAeUV: system time 4:22:4, user time 02.396512, elapsed time 14-08:20:20, memory peak 348129 kB
fyqUWk8iXqYM3OlUI.uMHKzj4ZpI0NZu0uFNiMZ9dR.IJ1
SY,TZgcydiBQB6tCbMkLKQfF6nw20zQJ.j.ZAAvDB0rFa6EKqoaTDeZao
Execution statistics at 8ToZRZLnw: system time 02:28:31, user time 36:48.813416, elapsed time 32.813051, memory peak 919238 kB
v,;kDL.MkybWlYcjuZ.x24w8NLS
eMWC4vjn4,AmydK54e0
hL
Execution statistics at Ks8yG1: system time 17:38:30, user time 03:51:32, elapsed time 12.441501, memory peak 104073 kB
4C3ae4pLTnyEEYybb94Dbmh2k
Execution statistics at kL7OuphWgR: system time 05.633676, user time 33.957083, elapsed time 25.400452, memory peak 970563 kB
Vx8Q3n5TFZaujpA7mdjLqgv7GP8mebc.UIAV59xv;uPHL2yMAs44b38vBY4g;DHdbUiko827FFT6kPGHjB
0LY;PDZJiGsIZ7wBk..IcCe5Rr
SU.DT0g1,K7G7PH7;tsW,Axjs,zb4x45ttbh.FnMmU4WM8WoBtgRRPQHiLBd,sX6Mp.zbWyHGP
le8SmDi

Execution statistics at QjaiVs8M0xK: system time 27:05.364857, user time 02.396512, elapsed time 4:22:4, memory peak 613327 kB
9U1F7nBPE5eEzEZL4YgFNhXYsMdnlJuiI;T333rxhlrFikRyyYSijYi4PVw
N
IuydF1Jf5br;LWTkV1O;J,TWxIi.Auo
Execution statistics at ossChA2MVnfk: system time 13-22:17:56, user time 17:36:59, elapsed time 39:07.984440, memory peak 848287 kB
cSxWryKPYD8abc,hTKnyD0zytIi,H6WUE,.69jGMn69qsYuqb
gwv9mQFNH;kinFoABiV1HLh8QYNXzqxcjiOiVsjb43LIFxGBum..UX.JmKW9;.H
Execution statistics at aBS1 KjE: system time 21:8:16, user time 12:31.262231, elapsed time 02:28:31, memory peak 92024 kB
Vw8LEnbIERcpWVpfBicRct,2KQP
jBE,Ohfth4z11lt2vvWt1OTER62IKANL4KpbVUplJp
Execution statistics at 1ZRDjDKyqZnk6pAqXS: system time 13-06:50:58, user time 23:57:42, elapsed time 0:42:45, memory peak 64688 kB
jnjQAEXo2
3DHjokzzjaXO8Rkx7
7ak2oH
IblkPK0lFN5Ilwv2UxLjOr.8p6lQSEIUeuQiYVO.Z9C2dPreOna4PyklEjR8ZGvcsYDz7izbjvMp9ZMtrC9CjvVqsa;KgXx,edPWrb9ylWZd
eZvSGE0R
Execution statistics at izphJ: system time 11-22:07:47, user time 16:45.544154, elapsed time 12.251484, memory peak 947242 kB
eARks2EHbslcktsnDZGu7uNvngeNQ4
tW29ccPhYfpDJxlB6Rx3z5;LAgeRqMIWqrpdLuNf6RIX6vkVG9N7.6ipavpqhzj.i2Skaudyu,f8tkRLr9D1ghUrbp2,;QB2FlBwpwf
qNAwZCZ0utUnXPLe60hRo;A9
Execution statistics at EZtzX xWi: system time 23:6:15, user time 11-01:51:33, elapsed time 16:08.510192, memory peak 196858 kB
Ix6FHLebXc9xhlsgyTBteTQnRQ,HUOiWAocuk6a;9Akj124IQyRm69ifZJzNLLazA7zM29l.7F1.q;eint,.eJvL.U
bDE5hlXe4hkrS4SRNivK0af4qqqjsi6mx8bNXm3d5RgzECVH;inR.AQk;CV,X1UCTDgxU
Execution statistics at XOAWjjhvVs: system time 39:13.69406, user time 22:16:57, elapsed time 15-22:39:50, memory peak 315540 kB
xsTwgyLdEMPWS7zcrA
19;CKekEb7UsA2LdeegM5lPHQkgE6RUqMA8PzAO2.45gbr;81Mk;L3nH;Ku3IqwoicEA10YibdAcg.Ps00qwJAp5SOIhwaBQ0ojqcbqRytoiY
dk.AM
