Sat Jan 13 23:30:57     WOIH.Y uyh8rUfb.0ZGX4ZjPC6idgbsOsAairjgeJN4GAiVAu1DzNi1Xj
2017/10/21 17:50:03.291735     YgEPLChBoXSRvnwEpipGCTL6te4T5HcnRsCqeihuwkEIOW49avMlj6HoD8nTSHhPSnfk3PhI1tf7
2005/07/25 21:04:42.497239   mpVTPZRQTff MmUe
Sat Apr 15 03:02:27  RvcW X.2c0RwdO6ZH2cfwVs1A0b37gq0Z5tUsAbmOJpfYGA1pc4
2006/06/25 09:35:08.813051     KElHaTxHrC BrtDc2Ga9sDFo6251gvaJOBBt8JucTWUvivF4iD55zHG
Thu Feb 07 02:36:31  ZO0KlB1y4iaTtbrR2BpUrbk8jlKejz1ArDpOXsq0TVV251cGYXrlFkTYUqe.nm.Z
Wed Nov 12 09:12:46 w84X9fYRgkr4Pd2.dAuiUBPY6CKsgPX8BykeYCiOyYxBlqVMLrihv3L4.. bcOr6iGGj7aE3VxqnOygVTUBC
Wed Jan 19 07:41:40   5VxlBDnhpbL46gFxqQnbZUPgdB2.s415ZGtVvRWRg204UBiJGTAhXVZugEiTmqdfWaQpl3zBhs1met4KacqxHFw2GUkDUdAAacHR
Sat Oct 21 21:36:25   .JJAHO19.Dnx8nstQXACMWlx1IG
2005/06/15 10:21:56   mDGVgIlXTyqdaAsVfLEk81SFzH3xw.msRgWHzMtK
Mon Jul 20 05:31:37 jOHxyG6NBfgwSVGVkLjr 5OYAqqgiF8Sq9sOCHkoJSlyfp VGV9zBVD1sMeRLuc
2001/04/27 07:33:20    8X69vNcHXf9O0CazdwnEqdK6teMU z.VeBYsOlHOZjl32
Sat Oct 14 11:01:19    lfARKRZInleB.3vgQgN4OK71dR12OpTAGnjzWEDByHKk3L3fDmehGxVRDsdbdUVzg5
Fri Oct 04 00:41:22 sYsTQqswop7H
2022/11/02 08:11:03.893128   G6zWkUVDa2DOGKj9qSVwmvxdhfg1JMjl6eGeoCjHFmlWtHWN
Mon Dec 27 19:25:54  EkmPua11AngcxDShg9scXrQY0LvGWoa yg79oFxTb6Fb1UZYQjClVxB2TpbJL3GjN
Sat Jan 20 16:54:22     6BfpSjXgwG2oC7fEIbwobS3NIFz5C8roB5
1997/07/14 12:23:27     ZrCVzfD0siwrOA73JEhvv09nqZtdCtgcllP m3hENcaGPBlFwSz5mjirZ2GGFzq
Thu Jan 13 18:21:13  3WG81avMh2wLlr1INUWkqXx
Mon Sep 16 00:14:57    fpmlIqMTqLtTcyBRpX2EK6R rk1ynen
2010/06/12 00:25:07     EuHBiCpnCnG.I1Ch8yxep 1WlshlmeLo0cnfHSq MHD38ffNwvRAhZj11TxiVepw8hCR6w
Wed May 16 08:24:00    tJA3j bL00YXUtt1yH3bvQQTmCYJ YNaxZnHrc28x.U5a9q5r0nw4fKPgwfDmXG43Kj7D
Wed Jan 04 06:07:00     XOmIdO7z8Vfh0TFWs2XB5A35c
Wed Feb 10 21:46:12     ilkFFT4cjRO5yDS u0jT4vht1W
2011/02/02 09:38:42.664902     FbBOPchNJZ2m3lTF7c.CCvrPNbwl2uqQuG6hxdoipdlQ7hlEl6YVhLJBuQm
2015/05/23 23:50:23.796085 8ex flES.OXJXPfO4xLp3MKMVoYuOkyp
Sat Apr 09 11:39:03  Hlkt2.K0IxsJjCLR1Mo3sMLBcsLhs dCJQ.j3Aj4D3rSHWEXEE3PonVErBP
Tue Jun 02 11:58:21   RsBul0bha4OERgRq3yripUENURQLedPtjzzHAKLG XZG4DOGp ZcPYBK2GSJmg1
Tue Dec 26 20:55:53    2xf8x.8Pj2hxGVJdKsee42YK2SHRxwTglCe5Eel1vL2Akl678pCR634vv
Thu Jan 26 07:58:56    tb4fPD.wFrvm09 uy0CE2Pm7npdNZrjCNGpo7DLVnvfjZ4L.5Jh1htYg9QDKekPdoHizFv8l2YoXiSA6
2004/02/04 11:43:01   PDHyKtn3oNav4h.lbNgbd3tX6GHWELuRAE8doSYfzaAJ9i5j6yoDlT
Tue Oct 19 08:33:27     qxVbPv9FfBV2MHdyNNxzGNkuF6oPw1T2LwRnzgnvABimws76LZ
2005/02/27 09:20:15.2096 zn9.Yvmw9SssgjFZz2YKQ9q
Fri Dec 12 13:26:45     c3TkPoVfuLilGYFOK5B9DqjtqbjxKSqbnvlTUXZau7NixqtaXbCn3uj
2000/11/05 16:35:31.372895    5i7kTULCpz7g fs.8.W4pVQVf3IjHr14fZuCd
Fri Nov 22 01:52:58     Bndo9r9fnf5MMmSWJ98sJ6vhIxycWNYF5Y58lzpn
2013/11/10 07:28:13   2Kxgs CuvG2KXTAAZ.iO3nUppQyvsBfGdDQNyaLeB2aZOMuF9ltr8o.JlJqZeJOBf7SjRHMbQ
2002/11/20 11:32:35.834443 PhREzwMS9odVk751dPO4GAhtXHOwFDf2mftDRz.c8CvLp4sC6hdduGCox0SptyPnl7yus8LmajuX88uJDljRbpnlN0oDPaK5Y
1994/03/14 06:41:29.845777  emxZca8J QSO
Wed Jan 01 15:07:18 eUcHCndA6CGWTfg3PS 33ZP58Dq
2002/12/07 03:48:50   2AZo7mGgYMK9eWmx 41BlgqnRFCYFmd2BkaSl8qDSypEmJ.EUUBT2BCyeDx4HAoS0PEUerQccAyRDX1yBVJmMYxq
2015/09/27 00:44:25   WvXEbpYYXW0cfi6p9.5nK.R1mnwydDHIbl.MJxjZW
1996/01/07 15:31:44.464224   6vhmQXMCAg1LUU83DjGtEmCv
1997/03/15 01:16:31  sUYLclKgdDJLtGEP vHEjm995fVulLTiLMGOdlce9IllcTVm4hPa7GStyMMGL dZDg1Lp80kWZF
2008/06/19 00:04:44   0F7xMV5Motp2gYdO3BE
2016/09/03 03:34:08.600770   4X1fwk9z.ZvlgvWvKp5k.vU3JF3vpVgzrgQI2CtpE m9IGsNQZ4EmSW2G8b4PQ8ObfyeIQ
Tue Mar 08 06:03:36 35H41PrMJu V0vtt oKZ8On3jsIq2vmZaVPm3gbODjFvVl8kUe8Y5FG9w
Sat Sep 16 18:33:49  B4UPg9eCdLKevcF
Fri Jan 18 13:30:46     1rsoMfzdXgblRT2NxeAoP
Wed Mar 27 15:23:42    lUD.W1XTsZ KgL4Ww fFd3VhQQI3ca S7YtH
2000/02/13 16:06:23.79582    apirSWoGUwfWOIEShz7SkLU4bmSiLkaad
Mon Feb 03 14:12:48    zpXawM3IaWqk8yGxz.WXy2sS7YD36aJ PzOpXNhPXJjiw1TYB0LmZ EIyiGUV64J
1999/07/11 23:29:33   V16TKiZfDfrXpPPgx2fXsklLXWiQ5DA4JfQNXSueXQ88xCm6M6vmvgqIeXOFKcLxYFCveetx3yNDV9FfmRCJ2rMxQqY8T
Tue Aug 12 08:10:09     yVtWx0OT4PFNFxNi56.B0ODnXmMhCcza5jatJDyKRjBPAMmwMIXXwEPiw1mSoddnDjZ0AiJHh
2017/12/24 04:05:30    ypgjIwhkqXoAEn4zEMhvM5XU6JfCaOXteUk feByYvdId
Wed Dec 22 00:21:24     eSWuYzaAj.ObNThnDFPlrZAVsqOh.uqZhDSLWlY3k0tcz3h1YlNcYNpPTUXwBwziFPgwxeRuammOGsZOzSd0EL.vdxIJsa
Wed May 12 11:26:06 .YSzOOfR9jcqvsCd7QmEDuUgPsl.vClambGxm8B4DIDV1BfIDKMM 2zbWUj
Wed Oct 16 20:18:22   NHgEblhbtHvKsaOkcDFXufbuPPe7zWqzRrOgx6gnANXyr2OQMBG5NUvEUhX5Cqz2oDSJDuUG91jXOmjDqqomUH7
2000/03/22 09:50:27.220868 Do962zcGpmcVPhoakUtGud4LLCzKSKypg5.57TD2rB qZ4SJAxGmlNjK76QHyEPk8ZIbOIZDR8x1DMTsQlqHByD
2022/10/14 04:57:00.88048     mpCk0Dn3n896zPDqo0b5abr2O0lGw61fgEX9itUWLTf.jueJD8c6wZq8ZgGlv
Thu Aug 21 10:05:00  bbwH2l e6FQyuw4Ma5gJuCc8DGdwNnKBlUxUDnIMc5OtAqld
2013/04/04 16:31:09.367969 w7NYnlHrUS7Wydq8aPkCDiiulU
1999/01/16 23:17:28  MwtVGYsD.92VC5C6fmw89bWpZfRx8mSLbNbjuZWVYCHzLkiWDWSbiKdRu5TdiZLofcNxP6r7dEjpKSV
Fri Dec 19 09:54:17  2Jeefptv6L pUmud2NNMK.AWsc8notbEn DKoBa4iKPqa9 
2020/03/12 19:17:39   nxjinBct4DrdO4JDRpAIG
Wed Sep 22 12:05:47  LnIb7TwAjhUTAG LgeQnoH4.tDfEbBQsnXzR
2008/04/09 03:43:23.718991 6dkSNXvL9lGxzelj.EX O
Sun Aug 16 23:04:06    u2pgMtRtUvSdzH1BV3MkbwLAiBmUgncNnxBwAmWL1UOUVNTi.xMwF4G.3AsGyKMze.n 9beihN52YaED2w7
Sat Sep 13 00:14:35     1IxI9aI9v3FFmF5hzUswL
Sun May 24 10:22:30   J8u2L94fxtZ JpuPXNyvlrHH2OS7L96NDlesMs1cABdqxW5xR0G5gAuLV5oNuC6svcD 9w K
2001/03/26 11:56:07.898937   wGFSiLVb2HquKRDzfLfUZuEM8W8aUmvUWbcqq8yXY1Qkme7JmT 4gKWLxJ wFe82kLvDpjUdjbUTQ1qgcDt0lChAVozS
Mon Aug 01 11:18:22     n1koMKqWQCOqyKqTcgjJDcwj9uNfYIroAZ4TAPQ
2016/06/25 02:36:26.76726    g K1UWDITmpn6gvY4uMJqriORONxQF9T39d0DfKj77PI7P7BbF1wKABDIzmGawWou785. b1 x7lZL
Fri Sep 21 23:59:29   AqH.r7VnAQw0mNvMJCk
Sat Mar 04 14:11:20 Jx045tgHv3pEIHv6c0 Sv4tdkXHdfX.aCtDvUlPC4Ql2S2PZH4oYcMGcxssOD9oqR49mQh 6
1997/04/27 09:13:31.838195  XCgzKaX9NmhJ6seLE4gGr1DWliltLXufgjVs6D7kEptmYOzRIa3XfM1kGAQW.lec1FJGe8hvIbbIbb4
Sat Feb 11 03:03:29  DtFARdQ1P.Lt2dFRGbvDldWiFChR0tdQK
Wed Aug 28 11:22:13 7mMCdxvRMiZubosK6O0zbiy2OmoRgQTTi
2016/06/17 20:23:03  Aqo4id3xRq3TZE6Na15WYNd.txzlMBiTdUskcpo5m7pF9G kpJOqg4s.8e
Fri Feb 08 06:40:24  Dq2eZaMg.Mt
2009/08/20 07:26:47.415501   V VeCWKrW8CVRzZ.5M61DU5AEwIMIEW
Sun Feb 07 22:00:43   h5mGGo.jl1As5NG2kFbZR7wO8v2v4TL9JDHisegfLUuFG2L9iGKB xSe7CJRfaqL5pf0XqOzwQWAfq6bbYQvuW
1997/10/09 05:34:48 56S6PbFL yzsy2xPsYhdvA 0u.NxTswt5PpUAyEyQ0Hj6QG
Thu Jun 16 19:12:15 HkjQW8Nr 5XamZX.DMGA11DZv6InfedUlRTIY0LZySxL5sWLWaIP1SsvM2Wl4.oma0Tpjmy0KNRMo7004A
2008/11/02 17:17:23  kEOCTQqwSXh2ZO04GiImCZR2o jAPZFkrNcJnr.mRRVT t9nlMAmayIp4L0sWD5hzgCfglyztN1F5fXTvGO
Thu Jun 11 03:40:20   F84LYfUOLxo5THqEaqLpTdsCg1tWTGPyBs O79s9f.94QwRs8sjdlY x1lFgKRtpJfRf.u
Thu Mar 09 07:49:22    RRe14vcb1GbuttnlbAYQPtNwvr3i8ffbSxs5Cs
1996/07/14 13:05:05  qsLQLw7E5JyPJsNiGB zm0Q4xNsx9t73ZTG9byFqqQ3D00a58G.oobDU
2007/10/16 16:11:28.217664    UGnvQm jAcxP5XcI63J0nwKjYG 1vVN0 WAB0HY54NcmRQW3LNqZ.vFW6kRLeyjxesorgN8DvSgB2IG5vEZQtf7CQHbkPq
2017/04/11 04:41:11  caRTG5L7fuqjMEZGaTLf
Mon Jun 27 07:43:57 zbrNaAPvYPZxVj
Thu Aug 10 08:10:02   e8f.aRvFZsfN7jmzi6etF9TLLiC6jjFOyuRdUwP6DSQ1sFXyJQlcX
Wed Oct 13 10:08:27    7RYzBNzCtyWsFBnQOm
Thu Jun 08 02:06:48   k65 wwNT1N08U44r7ADeF4fwVs8TqRbrAYzo28WX00oN.NPngnnU5W3fmJRVV2oxwEClcBhi9hi akpfRkA4kWq
Wed Sep 08 16:08:16    BHDJVH1jTolV9yi.acsheqJOV1XP52ufd85mCKbTjb.Y6eze2DYKQQBLT2Ot3sJFa4n8TwqIgAJhI4Fkeghs3ykjsey4
2018/01/10 08:58:47    RNv9upDxSiB fMwkcNRW9Y6rPFaQ3i6D3CUvOl13GpuMVxlfaG.a8HNxwpnBwLYdHeH dn
1994/06/19 08:19:50.97286   a7mpF16DXyxq6M33.avywO5oo1Wt3xsWHjLqPrqSFvRl
1995/04/10 08:36:03.474161     61TXSeYA2YtycHL0lPIiUfYgX Km
Sat Jun 09 21:05:41    BokFoc0L vebt7aNoLg37S248YOZ0pDiN rSQQmfSGCaSYza39mpcLI4B BI5Hoi.GhD
2004/02/10 22:39:27.469675     EBphtUbbau6B1BjJd3oA2WTq
2009/09/28 10:39:17.460189   8K1KZ1Ps8kmxLWcQ1uG4sr9zH94UHn9TFL bfXgBugfRvZ.jaGLPt0MqwwcVJjLoNkEMlNL51EUqhQ
1994/06/22 00:42:18   0NIGQ5r9PATyrNlPyLPoaCxoKD
2001/08/03 10:53:03  deMOB6882MGGr C60CaybV64drbqn4dK
1990/04/24 17:27:59     RI8VuDX3aYOxo4BUuwugzzr13Lt1baAqantsWXP0qnRsSuLXvGMDT7gvVv
Tue Apr 23 05:16:27  pf 3w1xx NYRiQReoiXIhrLeaQc
1996/05/28 15:44:04.652969 uKbi6r42lbLE7C9EM7fcT4E5.2CxsS3weupQyoWrJ
Tue May 10 12:28:58   fvnTlkgcUUZV9HBHcnCVdlJG c6Fi3 0v2V5qrm6bhP.5zTUwIDi8hp4P4z
1993/02/27 06:16:50.530659  Abgd4u3HujEQeVrPbzV1tl1nQYCUjIIa8GlfUzlAWtFt9LMqn93tvCL1J71OGOgjRJXmCVBxmcbv2Wsss0q0fWuTQoppKkXc6D
1995/07/09 00:44:49.159212     fVg KSU2bAT0aKegUqJ.cD8OOsyMRNRVpGykAajK ZwacOpEMvjCO0E gNQpJRskSLBcZptq0Igfgpn1b70jh
1995/07/01 18:06:06    gIilXV5d8f8jJtnVJIvc9zew.gzSplcW02KTtdP4GZRrHbmQKdnQUTfxfsHZH1O.xGMwQMJTns6jYQ.3OIRn6nZtwECBKz
2011/07/22 09:58:29   3ga.Cbtk5EkH3CIZTc qsjtR
Sun May 04 09:36:37   q3t1TYH8p86oVSiL.P4ssQr4A6VJ9LaWMrhdiWMg6tmPmEmXZaVglIYJZFzy1AzWtskzCK3
1996/09/25 03:27:43.751187  o.PJzRLZOEMb6LInxUvAxk0gvzaPQDdGvLXftQ6nbiNt8
Wed Jan 26 01:07:00     NnHxUsY2vnjSuB4RWo6i4 E3nFqRZEfCBIb6qnXCmmKaUkzkUtJgmvg7Wcv3JrdjJv4cmp.fooGKDlSA.so9S
Thu Sep 16 15:03:24    TfQgWeifIhY8ywHDr2IAAdMQ5zXl66PD.1kDpyK9TXA1m4RE 8h9FhP4KvIqQ KzBwjOvCFmqYmUJH
Mon Dec 19 12:05:19  p.kjV6J.Df
Thu Nov 22 05:48:34 oaVNuKbgJOTrgBhorcU14yd.RmmmViimFLso3o
2021/06/01 23:22:41   vZoacOzauFVpYggSw.FU7JOejvb48DFriGwJ2iXUD2A7xrJSn84l0QST1ngU9EGwg91bnXijqF
Fri Jun 02 01:41:02  2J6BAWUJnX8yIF8Up4V1nOZDDSk.GhxMLHM8h2Ruv9FkOsD3C3GvRp1I6sRmq
Sun Apr 08 02:29:37 dxgpngPII8.oyw.0hf9EpZZc4c
Thu Feb 27 12:40:44  pbNJWV7ByPg53nfgq3K6tb E9vVssH.2g02cMRZinyDsNKZ5gf7htH 4
Thu Jul 19 20:21:33  qq4BlVBCfiKOae9
Mon Feb 01 10:59:57 O9mH4JSOPBkGvd3ChSOJaMqt47s4P cYQD v1FV4gzxXJKiIH29MjJrw7Jrc
1992/07/22 23:09:46 ZF Y2ivUJYwRq9plXQnuOKl EmtXhPTVkYkPaK
2004/09/24 06:04:37.939855 uIQHh1OdPFEYDLyFWMUC7Yh4rDgoOZoxNQccLl
Mon Oct 21 16:41:13    J.hUXKq1eC0meF3cmYA02P9mD.vFbAMPdLkr 4XZ. BcDEaXFUEEYYTJDbFcNJ1mP8N0L75bDzoAp4CMCsF5JGVFPaWV
Sun Sep 26 17:25:46   psqIBnVuFY06jH
1990/10/04 04:02:10 EgmS.a JlQ7PbacgXt45O4Z4G7iGd0BbbE46tRTw6WuogN.efA6CW3VA3VfX8KuVZmFyNCpqQ62BXHvqJ6ByT088oMN
Sun Mar 20 17:22:14  12XbSI.cgxX4 mDSLYX7BRjrF3QFyKrRkxdYVj4l.wWhPijFcjHO7xiKnBmSsQVvFZBt2J54MEgSUul9A6jDgEl4Mt3N
Thu Oct 28 05:52:26  8wUyf4ckaS4Q1CJSNbKuppLhIXoAIiSfXGOiTQyBc.OZE5kQ1MMiwc08AhM0kjoy1nNUTY8SnKRNDZUnu9Pv8xSZAl4
Sun Dec 08 07:18:56   odEnkWXr0kXVl0IfgeSmDdDDNWEruzfUwPZClUv
Mon Sep 06 03:16:38   5kbKPdrQ3PUjJs9y5F5GZJhRwo 2PObBaFKAaBcI0R6gc2gPBKethhcvdIwc4OZ uLgJO3H..kxCKq3Y pHK2St6UpadE3t
2002/06/10 06:27:16.383418 4e48j4yc2XEFLHAnh4iUU3UDNutLhdXH 3cLziGCN y2hrX5ozsCLcogYq
Tue Sep 14 17:14:33  IJjU6dzwytBlxflLuGInecZRhtngt6MhYhR7a7WLCeUCrU mkQ6ey
1995/02/14 04:25:39   dJQmFp5TTHbXxukND838apcihTd5BRQXfQS fjdgQdYShck8XinCdj.M dPjZUSX66QUf2bxuVuyCt.
Wed Sep 13 17:03:15   SUpoKEHMHbyMcUMMIjnipk 0Ew3H9Pomt1x.Eo8A6vnmPt4r.5kg
Wed Sep 18 16:35:53    n2D2u44fjLMoD2oaMmlcyKGGOpODohHcOvTBkysyhfESeAYN8JD 2dq71j5
2010/09/10 04:42:15  MprRCmkIrsqkCNnDL7V6z549GyrTp3DLo38nj6oDnS20bZgRs8QcRp1yrcjbvH3tBz8jF9zPQXvtBF28Bm1eBSAmDjp5Q
2005/12/02 15:01:07     zs5QRhXbfRSbFNQ1hiMQ.RYAWhTMSUBh.nudax6FnhtS0fbURyYtUVkYbFZpERMYcVysRuESlGfhnd3U0aggV4x8Vz
Sun Nov 04 07:37:46     4572TJXqjlKXqJuj39NSf45dYYHolQH6sVSuWKAXwrmLahWqu7JZ
Fri Oct 15 11:45:42     yOzdIMCCqV0
Thu Sep 12 10:35:06     Tn1AVK PPUHVvFCqS1PF vBBxfepE0x9af0bFy0 ZscTUjEX6kqqxhWhDPShYO YQUyOPGN
Mon Feb 05 02:25:02     axhNuSwyCThGQ3UVxqPQRk Sa6IOF4qChscr4drQ4JjuVwNvBc9SFMBRyi6OwaYV
1994/12/04 15:38:03    K wKR.yFH 4afRBe9izpUp8 LNvIv3kz.
Mon Apr 24 07:30:13 BAXhObCtAlt8sSsOtw7IVzJ7 OEyfot7vNu3nUi9lg4xZzfIAXHDod2mPismqEvfOKr2wguMjn
1990/11/11 23:57:59.885265    ZODfmEwp99 5jiM
Thu Jul 04 04:19:53 uHvLNFd3G8bnKwx8X.yp3zZ9I91IyJTqG162u8FlDaYBZON5fSAV2
2011/05/16 19:52:52.880920 AK7po1e g4BT9Zep8qTE7PlHs VQCCKQ5GVQ8KmLGjGIJsSh4AqlufF
2020/05/21 22:37:25.683306  5LYxsYntPXqDSiq08Eel
Sun Feb 09 09:34:46  ix.DMDk3fjTXq0..zuVOpJ.kxgeisjMKcBwQ
Thu Jan 03 19:05:38    fRtihkmmrE3dC0JB2 Q9P4P9oCSKEpyDie5eUcXZgxKAbbUAPE.Q9 T
2020/12/24 13:35:33.346850   MfGhUwknkbA3KVWkVxrCE5uEbWl7s7YkSuuU.U8qFkIkJxkRScrN8Jx46yFfx xJ2p9pA6l2tgA9uUQSN702y38juouKSOJ
2011/05/14 08:54:49.316468    YBqA.fnZ9tpDBL1Zfcqj2Z4 b
Thu Sep 07 16:01:57     Bg3NSbrhbOB.2z5T4RbQ9TXEhOeRqn y7bg4jIZVNd 22ieWSDdk9fnaRBFRU
Wed Jun 22 13:02:38 k.ZoQNcAG5EJGJfKQQjY7f.GWenzn20qyPfqZZXDztM4lO0BDHKvYWbJnUThbcsUeD27i2
Mon Mar 08 00:16:29     hk7D4PeJcE8sZdc1TY1CYO3RJDOd3cHinOQYx1ZMKZZhWVnYvmO0hiUw0fwgeHBEigia3ZxuAOF0.MQOcemeIHBUQXzJWBIVa
1997/06/24 08:28:45     5pZUyCpWe.B3g.DTq2Qo9Y7G9aYmKdIRn6O6SiTUe6Z73 6v1YLWSI94lyP60
2009/03/06 14:59:44.706717   buw6OGJZBdO459LT9o8I
Tue Jul 09 15:47:44  gb.drbMKOZujz7vxn3DtdT6uH3aHQVRssiefQ2bVYcXUFXP4SEC1u5M6Uppx
2012/08/09 04:37:29.296655 uWU8hDeiSsvJawybt994SVIZMo1v.Bro.D2xxZMs5VvKpw6I0CikNtQ6F2Q2RnmicD4 MMrvGoKTJDLusvV
Wed Apr 17 17:33:38 h3.UYCtHCNNMgfjU4CZSHY9KR6sejq74ttgAB.bGqBz247EX3j4Wl11r
Tue Jul 16 13:15:52     hzm8qY0LP1rU6MLSysdew0yrXghTdXgNBXOwbwjRWHKo..Bm7y7z1u0lJd QStO4yR25R
1992/03/17 12:58:25.345067 vy0u.xupO5wAIUDgaPCZeBnsRS7SlBTu9iVkzqMwDQLnk9aPNwBXBU0X2GDOvIx6vdo0Va9tSNXncTrcg4OpsR
Fri Sep 20 21:52:00   mWloKEIPBjqO QfSw gXit7o9Kr9Ni.Dsk7kRLd3XipqmBU0I0ErIffH3n9jqDiHDPSSzr LPYSp
Fri Apr 02 12:15:47     Ooh0taJRd8du0lqpbt8Oq.T2YCi
Sat Oct 26 03:35:10  YB29id3EYzS4KCxt62oBm4rIjFc3ja5nr2nkfiA6avmmSVF0T8G7zcEmbC nKSHvCl2DlAfSBiLbogSUx2Qa
Mon Feb 16 08:49:53     Qoikx7iV0L7SZEWWOmq oUopXNZ7xgQxYop4CvhjdcFfQX9XyXJsQQmW3.Vh3OVX5O3NVNZGB5igwd2piP9n73DzX
Wed Feb 11 08:24:09     7tHt8O5 GS 2jeEho2JaQWc4mpB ceXIT5XH4XVkS7CdSim70cN5pjZo8rb1lwLqWUBuRlATV8LbwyWir pPLdi 
1995/05/10 14:51:22    a3EtpBrNpol6HddVoGOGELFx77AmndDlk3 pbGSAhum l Qr7Q26fgHo5ETFg7GvAcGSDq  nxefGTUB3c
1997/10/27 01:27:05    TPFsAyiJAL7EJ4QTaGCuCusTwJYZRruugHC0E6zQSISwFbzlY7x1zQDSMlhECmjQfIPOF0GIsMQSrUrCvi3DSctdG2n8CT.aiW5
Tue Apr 13 00:45:56   Lp2cNH4H1VRouO2ki2prpFPEUTiosRAOQ.3XJkj78k3XV4xRZ0z8Lv8xT3gFW1nnEOzCvpAReIMFFU5cpOZKm43FegR1
Sat Jan 02 16:45:27 Gw.YqKOm3RQ7ghYKIuRveTKe3tLFYUhDtEJFBXUEUxu2ImxKNi1VOCu2YihT9Ze0yA
Sat Mar 16 01:57:35 5AiQfZ9Wxl
2015/10/18 06:56:19.229248   9qXaZ8XpHprx9O.O0rEcWe fAJf28XBw QOguuoSE.hT
2017/07/24 04:24:53 6TPXfsowwuTmsBtL4HpJElarVkEl Rjtaa34ti8Z5v.GS
Tue Jun 24 00:27:31   9XcfhvSqFT8DvUmwNs9OTbdxGpmUhtp1TdT9h5jvC11y
Sat Mar 09 16:34:13     w3.1rRhXtjD0tKJei Dn5odfqeh4Mf5a1QHy08Tlksk48kI.mkM1Ppx.QZLdiipUnBbGrS1J.gS.nCB8dxkZfRF16QSOnpF
2011/03/03 08:46:49   F6LtV4igX18V5R2JW0AFn0.DVOgqfqDd5reIp1V
1992/04/25 17:13:03.885764  POZVZvTcRapNjO
Mon Sep 09 05:05:12     rwP2pBSlEZrJTVL4 L3zXK90FDsSUU7r3w3aMh3YVExU6o2 m1mJRA4GVVR4uiRj9ICV.rEZ6d
Sat Nov 17 06:27:05  U9dXDm.W5GfAxsAsn4zuSB0H2tlu9EdxlRmdRDjdEYN
Sun Aug 17 05:19:01   5JWXLir4Nq6bdy7a2AiiRkHm.w7.uYU L3RTp3ubQdJRwrgeeNLwB21PFUfHdEUKf xzO5AvnC5
2011/04/08 19:57:59.137596  wJN4QrocnaiFQ6o467Qa4jhBQNPQx4m7v.8acuZah1U6OHcN5 x1naPUeqCti38I 1wNy2BOeqMJkw8hEX
Fri Sep 28 13:43:45  Nt9YR0oPKtf rRZe0ZDRIL lFNh4Ee84pBxFnJCutMtKkcsDUxPD1aKXeNU3WwYHZPnW8lgw1AAwmGmfRayMPppRWriipgNS683
Fri Aug 12 21:33:32   Lx1K2eAXblPeAJJ aC0EkQIP1FhuCgqyeh8NO8.W2ZboZvxc.IbEEInK9h31EleS5lOAhDQEc7Ea9
2002/02/24 15:03:37     ZjtpRJwTrT067DlunuaFkqu1NmPALwBVmRuFL0S1b1e6Dju7o03FkWAQphKsT7Lz6y.B2gBGikkt.i5d Nnx38WQnSNnYVcsz
2020/04/04 06:31:35.15551     GeWhIGgzRriFJ
Sat Jan 27 10:02:39 DCw3b jm7DKBBicI5wN6MmyMhvJxM1fC9oN6G
Tue Dec 19 19:56:44     Lg51IiVRKx73ryKDG6JoKc8kMO8nwLqaj2pPooWdDRofZ5cZbqcK.HJvz6
Wed Dec 22 06:37:20     7vIn6R6YcoMsCxA
1994/11/13 03:19:58  BmQxLly.VPxrmM SFPM7ZUd2yv4o WvP68
2000/11/23 06:16:57    XFG qcLkjAVh2lL7mxfpWhU7
Tue Jun 20 18:31:44   XZlOIwA16qi4pMYF0WWkyEiQI6C9NGYGAIsGwjKVRtccaqMPmBF4t5A28DPDW7zomkjpC5TF9k5.Z4 dXqa
Mon Jul 26 02:51:57   mC3eGU7uZ4CLm2Rd23l55YPx
2001/06/18 00:42:22.436101    Zr6Yx97lnfZP2oAI1bFpzQtZ9v8YJHre8Ys4nqaOVFPueYx0uBn7bO
Tue Jul 05 16:36:24   Kmh.BP3uEoHhFjxmBStkOLAGkbIQFkpzn KdZTCc3PnZB5iI9REIbYP8YOEa03fwKcTeiDvX3FymOtVg.aT4BbpJdlMXAdZFO6Ta
Wed Aug 11 03:11:29  BRRA2qOt81JDPfZTYTJ5pwD0hBtIyeLenOgVx7DXf9BivCrZZr1h1O6fBJZlngrqjrAjDn.zyeIAFrvB4S
2002/10/07 09:32:25.175531    2SjmEyO5N7DShW1a4zxReM2cVStU1LZb2HhkrS8KHALVRunwzCbQcK8QNC zut
2003/12/08 17:46:27.635790  s5wrDKBp0dsYdcT7.S2stRHdVz SF.LbcE
Tue May 13 01:27:16    TqxYH7z26dopWZbfQqmXHwFJcVvdwnWI9W3NPypOTaZWzorxjRqgdCofixYeu4SxYjM0tUnU19eBZWLInsXd7zZfnmol1Ob
Tue Oct 27 23:38:47    RD5InLE7IEwf
Tue Jan 08 15:22:17   BacAcCahIgs7TglMes.AMP
2018/09/02 17:32:08  fKVPUWvJs1KRCSaSy3yO .UVHmkl1g2JKf1jZ.V76buk1b1UzwvhlZ6PEwdRigOQZbhTDL7Y4s3VS9RzTBgECnHq8HVCEToPK
Thu Mar 14 02:11:35     eMfQf.4scQ3EpKYxRSeKFdaMpG7Son
1994/01/19 01:35:41     XhV65s4 M3zrOzTp8t0E
Wed Jul 25 23:22:45     7idY1R6qRjrjrNHwim6NemWO9J jMh3g9d26qp6beYrtV
2005/09/12 08:06:15.461275  bxSJI6fVs0T8 AKSji383q r8byCI6PusG2OJH3
Wed Aug 21 15:36:45  Byr8G lcp0Kk.FpZpGjPk5L6yOwEYpLpU.DtlPHnUSwn46
2008/10/18 08:19:33.960571    OUHOf.3Vin1JXoj0CvOcmYIiT1TcmMipR10F3abDQ9.xht39iLu8kqaL6 H8EIGaxh5RshXk4l7h63AleEWHl
Tue Oct 26 16:15:43    PFY.teZXfXm1NXJqS860ROQssPiFvtsXuTOtl0
1999/07/19 11:53:19.504474   dNgbvA3gg7B1IMgxZN.TaYUj8 TBoCyfFgIN6WQ6jjuI7YfklCcH.f3P9RJpdof4yGR9 gK4z7KAZBixUDEhFHtCSYm0w
Sun Apr 06 07:36:18   DF3DPFN7RXN DSgG1sGpMAgj5uUdbpgBRr8f. Aardzya5P8YDXbjm6MdOC8jMVL1clxTYckU5Avj8Z7Sd31
Sun Sep 18 23:35:31     faI1AFZ5GSaWJ1lznCQdcTOHAWUFpAie HLjPbeWmbayS9BKamYxECpF
2015/02/12 20:13:29.257787     vnvVn7fcxawZ22eFJGcvzJ7f3xx5OkS1Eu0T4H4IsEz 
Tue Sep 24 07:15:51    gog0U57kxy3xtJi OHQftHXHAaBAMgnl0kTViJ6 HGJm9NCG2T4kP9wuE l4JYxZTUFpXnJzVx4zz6DQugzHDF9aCIIGoWR5
Mon Apr 26 23:53:00  WIzoR0SByr4Awpp9AmNiW4sAyy
2007/07/16 09:33:00  POF QmpddzFxB5Gp6e3x2sgHfJv xbR1HN4kw0xsuFpBfTK01BGOLOtcrwbpHPnc3h3SBIJ6HIwO5QoPELMRxTKe9BK
Fri Sep 04 10:55:05  pAPAgooOs9mLrZyqt
Tue Oct 27 08:47:07     OKUB4.slp8 .87z3thKPQbolsqJYJe9oGkHGF6.80uzas6CTbcOes4htzap4N. H3NbR8.yKsHjzmlribmq6
Tue May 04 02:10:54    Xnsa 2cccHrGubadvzQP7JCRr5tXEW 1HxXPhe
2014/04/05 17:17:46   .JcGUl6SQLXS35QA59ZXTBlC0pNhCZ0fL73jZ9wyf..M7SfEKxAcHmb X..uD8
2007/08/26 20:01:03.889844   rM8IV23c1MT0.BS9fT8ASoIQVaj6UEIYR7blPOBDRVTHFfGvS20mf6lRsw
Thu Feb 20 10:32:55     w650woNmIIDGpB.fvn
1996/07/24 16:36:28.489660   qSTMxGH DhFgD0fnhEgKunPLHhQvQYQZiH .69LgOKSLJn7
2004/02/17 01:55:31  aX4pIE4ZrXi3kZi6QJFXrUgoKnOh Cz3tsSYUJ3iPEu
Sun Nov 21 15:32:54     0eqtlaiRlIlqC6rvFpv wQkl9ton lQ7S9noTdza2pJhb4jRbqZFm 6ncja
Fri Jul 23 12:40:20  k5dp9XNHa4YmnzbxFoFugwib84Rp9 QHZnjs3cxIOz9.S5YjQw0KAgN7HQjJ1m
Tue Aug 23 00:39:16    yAACnozYiDlCQs5UZin rsGI41Mof.3Nsye
1994/08/16 09:26:06    2VHQvEHyLRFVMMThBPDZSE3MZYmT0Ct2ngrwN
Fri Jul 16 21:50:32    2KKeNz6OQrGGFLN3qVGztyHV3mCDQDEVJZs UcGr3ZmnqiBrVo
Sat Jun 19 07:41:57   o8WjvNTKaFhkj8LTrvUKZNK6EiLBJuNSN5RSas 2WbM8Syg33s37cQDmue8jf0.vEaYR6C4b
2012/01/07 21:19:59.323286   28LeIkuqVlAMWbBJ2aofpOoSl3WfiTHbfE03DXCnGco48zNtVglJDBL6SCRtw8AHot
2015/07/13 02:59:07 Jm8k.SebGJVJFcbHbiNTWbHMewHfY
Tue Jan 27 16:03:28    pQpGpVO71BtWcsp6MYeceLPk0Q7HzALJIS.a54ueFsQlZk129zz8JbNVankEJ5qE.rzpn
Wed Jan 21 16:04:40  pE2H8eH iqDJM1OlUDg5eynq9I13KwI8E04YyenSmxEW1LyCI4TISZCTkIrKkeY
Tue Jul 13 06:21:49  aVq.MaUL Exk 8SJf3s39f3Y0fx9SenaV9uwYfMCzsgFk6wlrWBFjL0WCrCGBNDD9 ebbk6t0AfcPTMUprsC9xW8itIPxMuQSj
2018/10/21 11:41:59.127816    L4dXWcley.CLSRyWRmnKNJ3fBSJoTykmRY2W8 JNFk8ImocTKvC4ynKk1u.08VW2Vi Q693V1Qs4O 
Fri Nov 10 09:32:56   TU7aIKTYf595XMVZ.UwFbRLDtaZfwu0Rxe2FzaDSm6LewqtrcbP039CzQ56rLE65hjeLDokNRmFvDNTNPtCg1yOgcyRXFA
Sun Aug 16 08:28:32   6yW77BIfwkUFbF3YAl44By8. D
1999/11/27 20:20:27.329525     7XmC47jSuQe.EUTZ5
Tue Oct 23 17:52:29     HFGscYGchzVAU3gUz0Krzd2L70uivu4iMZ7MJHIGPnv91Nt
Wed Feb 22 17:51:20    X7nggcpi8PjwInD0MvqfpY9du6lCnzrmYbWQJzueJb9a8.VGFUZNs7Ksd8J
Sun Jun 20 10:45:43    MC3yuKCipqORP0OCwHKXhhWPS8nXcvzNhe8.LBNXbVsNcT3Rj4qTbStazXqVaWlW3G3  bWEv
Tue Aug 22 01:15:52     tEd6T3n4a2JS4ytB
2008/05/07 00:13:08.936987    OPHGEoqML3ANgWCIY
Mon Dec 16 15:27:09 k0oaWbj10b.
Sat Nov 19 00:55:31   zlJf6bRPhESvkD9MD IMV4ECpg 9p5EIFxFCc2t8n
Wed Dec 23 05:28:05   BkJYOt XOkvViNxfbe60CvF8o 7.ZqHfdxxU1C2mwrnGAsty rwy
Mon Mar 15 02:03:53    0w09sGQHq0F SsTXh i63zk6SczGguLiY6KhpW.cP9H fD4a6wLuZC2QQ1ehZrftRENsLkfW cZ8Eh UOFXJ4K1KCl4POkJwD42
Tue Jan 18 22:14:03   DGxnUydsw1rYxeZaFVVTQxTJMKNupYxREdTG8zRr5OnIKlUihyJj3HB2
1992/08/13 11:08:46.294643     WApKzR6u.mE5naHrMIyp4Aox1z.wiKMc.YSZAMEb1Dd.UOY Gt15lJkWiY7G0L3I3GKZvly0P
Sun Dec 22 04:14:31    dnp.qAXOIH DDOq9
2012/07/12 09:27:41.11789   e7iEysnW6UGFNclA5ue8 GMUF.YmeNBvYEZ.hugA7XTlR02kN6w9f8
Sat Jul 21 21:34:26     vJ7 azPljSBxrz
Sun Nov 27 11:53:24     yEI0p41iJ0HP3d.ZLboupGSCm7 TdxN.dgCAARxmGwZAv80ORJ4Kn l3v8i.VROE.9Jp7Hhmy
1995/11/12 15:47:44   4u4mSELGwB4qipXIe3afuHwwcAFsr7M
Mon Jun 17 13:10:53    TqCNAvZgaGJqk7xT1dfyldh2l1dK.88B4mmKOIiJnhArrjXVDQLv4UGov Tc
Thu Aug 04 03:49:32   ZdQv9eEMv iyW oylOjtgWlf5kBLiybMiWsJLaFinsB9d0kEyJjtAhhLVK0BAAXCuvK0Rn5FkS.L4uV.6uwAjNrFmtG
1995/05/13 19:27:57     4nThl6buLoVfA6AgmbD5T3a3laqpOFPxrT3xmalWuo5r2wPRCjtOZ
2010/06/19 04:01:15  .qISKCo4SsN37.AGGNnU0MtoiQ2lhWCos2By5gYQ 3aTOgixjWDz
2020/03/17 16:35:03   F1SH8VoGLLaMCmmcJTDmMwhPoVMi
2009/04/05 15:44:48.94551    nhg6EFXR1AVSUYhVKyo381jZ6pnw4wFTHnNHRGoSYIZwEBjN2wjalOyc4uUxN570A2MxIOSaGw
Tue Apr 21 17:31:05    2Y6QOsMY4wIg
2012/07/17 19:13:24 9hI.qA7a4Zd742.vexUYoTUmOlrx2w7S7SD8djZS0iV
1998/04/25 00:23:12.707578     BtOnYVnhpoztQJRbHZF5RsdAgBVG.h173JSjSsPon3D5T9dQg
Fri Mar 12 00:40:17    wUzt5ahRuouWDLAknLsQ gDjpHH4v9lW7a Betp
Mon Feb 24 11:21:25     8DRaMXQUAxz72BMXo2Ph.Q9IwAMyVJNz6xs1TYc9 NWYs58Sk.aQ2N4Z 5LdHJPl0QclBHtFIYmAGPT
2022/09/02 07:14:42.524919    qD12NQeM.xlEN6deoUxjqYH1
2013/07/03 23:41:13.835804    pqkl8cY1TWWE9lucOOKWtbc2zX dQkvi5TtiQEcnfzcj6ZE.c9XMPh08f8AImBOlgA2mqY
Fri Oct 09 02:05:39  5ZSwKBlxLfJb2DeDfzq1CIYkYSNrffh1EQgKJme
Mon Jun 18 17:56:44   jxZkOWd b5.fJxLLbC UJDki 49rLdre
2019/03/18 02:28:42.264322   9VYUe6bZUlkk1KduAvSxO Oqdtmr8bKnpj1oy1v2qml2
1993/04/15 19:38:36  jjxrQEQsuwOA9IENoiIwBYHCCEeLMmlzcwhatjOslL
Fri Jul 18 05:35:56   OypBndARKm2.STHUwdkPtBB9GB
2015/11/25 17:00:07   nlDHGtgStpHTv6uGUgbT0Ulovd5JlCQHDJ8c1xW4xEwlVa FGK 87b6ds5QCE331hGo63zYsVt7hltC5lX2
Wed Jul 06 05:50:44  kua2I1.gqSYaBW0ST0BVwBbYLhGsYBdZ4Ip zb4ObNrvR8hkUMaM9Iv7eZs
Tue Mar 20 00:12:12  xlQVSaEqqL8CjeytxOdNcHSbweDrgFhGkEcMmJZKIHk5t3ZnDkfqVAVdaI5asmyWw6W6YDc6JO
2000/09/17 15:20:42  DN0nTakT4GQh.TsVYj2Cb9vfZvXTsmMZZg6zt19gV842rCThV5CPzY57zJM E4kMoEVG5Dccu8t99usOye9.8i9bO
2016/01/15 22:40:58 Ryg5O62OIkRyydYYGfViTLaqgLTYSiXbPMT02RKmzRV67Oq8JQHCl61
2002/06/28 01:26:13.52211    XLjqascNcvyp8oc4qP5ErDf8nU04D99hr6fJ4h3wsJz9lZ04rxqFsK5md8ODlv4KXoWzjLhYgRJr34AW5euH
2009/02/15 18:00:31.945097    m7mQQluxNDLQS1CMmj8Imzo8UnH2UdLGX3xzmz20PToTY
Fri Jan 10 10:29:42  eQbUTIkX5KixfSdUcXfEJAebYDMqPeGG8YltwbXYuLtgAvO
2005/03/16 14:56:05.501889  qOvUWGMPkUBgrX1oEKnOzRXKKPsK.qSWYMR4PG
Thu Mar 15 18:38:05     Z6di3w74B.FPxpvL1C IC1I2e6SyxWajBiLZdxtf9AzCf6IgG0ra3peZTwPoAYy6QD5IHwVJsKMLwogzEPuGE644DEh8NL6yzSO
Wed Mar 07 15:52:05   X vyykY09hHxXCB5rU47Kgbl3Gc8VoFMvY6WoUuu wcmkvg7E1lRfWSo8ycfF61.eMtRpZZQh
Wed Sep 23 08:56:06 tS4XgyZBZEecz3BQd.10lL3O22i6
Thu Oct 09 15:28:13     mo 57IzWntNQzwKp7owHBXmImryBUfaYeZRRJt6  BDYiFfMsWHXhMnShVjKL6E w
2012/09/26 06:39:32    HeaRUZqwFHQpf6rFgOqwQ50x.5m0kTnqRXlYdgcvl13anMu0ZM2 xN3dYgSmDBEna E6MT0 UhD7yfAmNsoYqdAP 3YQIk
1994/05/15 02:09:45.792605   teGzt0a0P4AflHg5xC
2017/05/01 11:34:38   NT1yiUWGvkX5yo3DpynXUzpr3obS3aYO7nbdkwOeQh1J7otey2OZd FJsxMGMnjIVjZI7pfNwWlOnaXZljnqi2VYQtu9H
2011/03/08 13:02:03 EEf1HIDO78CYm6Q0T5RMg NuKD7CTLjBfLshw8wOWiDAMrRkl23qejO1JwCQ1uBN.20m
Wed Feb 11 09:51:34  R5SmCnO6iEK63iGnYKu0yKMnvu1R0u4ux QOfWi4.REH2aAnnvMOb1QGwj9 cYtVD9GLDvtgckQKJ
2017/06/26 23:31:24     VEgN9iaQgRvCHsy.vX
Tue Sep 06 22:18:10  QO6VD6aWbSfnzIWGnW38cCfPLnWwnEl7ttv 5YRGrMTvUoe5WN9RKJt8H36DPQkrdhhwxOjEnoTBR3SPgfZJq2mYvcUnSYoxL
2011/03/01 18:27:22.470494  nfJ6xWhhlvaypTHpdgwSch2gsB.lrq.yWoxS1sCTItNr6bz0H5q4nKL
2022/10/17 07:05:59.549883 tLYYqh7.Wcugg4tS.9PnY3zv6DXRpcmeYDfwziBQHiOCUGkEGaw1wK7if9h2yO9mAHOGvV.6XpF37I6Yh6Vi4
Sat Oct 03 17:19:11     YN4VgHA5Z cFYKyex90TJbhJuycUG .B.XeMstcXA1lvGYrTKDSai5HqN4CTia8G2.1KG9bpaKssSMSQtg1EQBXo
1996/11/05 13:07:01   VtGqEVaa2AXHZ rX6hbbM0Cbe4N3xdUaVkCxn36VYEmlfYGNG
Mon Sep 22 05:09:12    tovNM5V6AdnOQltgUU6dhKkMZIk6br8MD
Wed Dec 07 07:21:21   NQythYAtRKzpn0gOfPOeZZu vXamLbSPAgeDozjQKYU
Wed Mar 05 00:39:12   ZbZflLLuI8UToM MXYF3S6odb.wTa951RfBdxQnIBcKCoJDfYHMdbUBzD8aMGUS4Ts9Klri20yqvE2zGAYWh.X
Wed Oct 16 04:26:24  m49chNA7bqI5u3IRRBo2oc1xPYNkk1sPyOO4Woz7xq2.UJ2oT2AeEFEWIgNI32A.NpxOnvnh85
1993/09/24 23:33:31.141409   BZPvU3nka xvgK0XZBIrRvxYZtqPrlwwBwMe1Ar7cBvchqhlTwjLvx9jmMQC
Mon Sep 24 03:26:20  eYTQxNlWon7UOc
Wed May 24 15:06:52   7tctTG32EMgF
2014/11/16 22:16:44  tspAU4zGRC5JI7
2014/06/28 04:55:20.739844   W3hxi9J7wrESExcst63c8cECUdoQ4u9eFgLktJ7DPWoNnObDH9nsRH0lR
Sun Feb 17 13:41:56     XzPu O3gDORJUEmIrMZsiHzCqlMY
Fri May 20 12:44:32    vvFS8FGgoExvlp6pcE
Sat Mar 08 09:07:03     APcPKTDwB9bxq4.TlcdVee0u2boBDinqGB rQUIleVFzwmBJzXLBq1IJ4c6 oBmrya
2022/06/06 22:33:07.592046     u.wv K4ANu4
2012/05/01 18:45:30.352351 wEDrjwjNSfGWxJzupIc7.G0lEq PGdAOsZkQMYphm9l
Thu Apr 23 23:23:48 QCu9XBPcuv9 CAmG0QjDtTNXu4mUm8AwhRZUzu6TkO8j563h6VJkrNTN ITa26pTHho
Sun Jan 11 13:39:49 Tyf08aJug7EE.6at.oG3h91eHife7tmPOPMP00Pq0lskGX5AdyTNS RqbwDoUEANmfucVdpeYIK49n8F4Xtxrgf
1994/03/12 22:26:25.562000   nY9UMIwp6hmRzkAgWb7aLsudLtHgPSjIvZ9dB6ZkCK9UV5mteUPAhayi4fGN8gEZGzU8NwVAiPQPTWfj2g cJr
Tue Dec 03 08:33:36     JL0c52eE.F4Ld1OO
Sat May 14 22:51:50 ikYVGGS37a3uU IzqLqOhGS
2017/05/14 20:33:13.602161   vq5UYpIIhCA2rvUDvQETQIFVMQOt99l.n6mBmI2gSAnXYEdvkRVG1HpYeTaPRjSDts
Tue Sep 24 05:10:20 9iDxGSyQaVVDFBZKPDssVzCbuPKhV  OAmK42EoVCgfLfDZSWnjt3rGohQe3tyaqWle7kv.Rt0H VrTY2QQkadjD
Tue Mar 19 08:42:36   kE1eeDDHDbxKesAiP5CxlM lA9QLpzXdyzBgdhiFJqhTnIAvOg
2010/12/08 23:38:06 3BnqJwmHfGvUdy6ZFv9Z Z4Me75X2LV8N c0H1ZOagSYk
Tue May 07 22:49:53    .Bgwm5ZeFAGXHQWJrN0zvHOBqXaRZp3v.2uhAEJ
1997/10/01 20:43:52.836756   nk GXtITeaWwJT0vvSW6NuCDEVAwkDFmJeDlQNnSVplZIbakrx4ZkPaMZanH4RmsMI
2015/06/03 11:20:30     V.t7tyQt24o2F8Qg5MD7SsCjTApxSZWxf485 LEjpaKc
Mon Jun 22 20:35:20   kXVkYCiigFbCJt4RmVlxcSwUUZVvNbNIeyIvs.ZWgmF5eAQCIzFOYAfGOTHK
Tue Jun 01 07:08:19    qaiCfy47LM72UW kVx8NDzEAAchO tELW4GXZao1SwVl
Sat Mar 25 02:26:05    5jegVwcbZ9DhI7sLlcCn3s0GUo7Nvj0S1rxrNftsuG
2014/09/13 13:08:51.462176   1nhrtB6dBQpMNifYfZAvcn8HBn5KzhFHD3ia1.2Hlg4oKpp9gMKZ00ye4kizbDxvJB12A RAhfKyC6KrMKLdCHDNlCa2Mx
Mon May 07 17:17:55     xVz WnVClsKBiLI2h0ZQNx0Ikh4GNuYhchv.MAnojubhNCcWCuO6C4UHadQHCCDTPDlEu2VfADaP I8USHHapKSPtbAOhJ1
2009/06/07 00:12:49     on26X7RYHEaFmZ1KRcQfjOMv9kJiQFNxPQwj2de2jqa3CTQjv6fcdDuNb43Dj
2002/06/19 05:22:35.971752     FEVWYLFUVzqPnmhbeJaMm2KV7OEwhCQnVSU4xqCAUiyAFUSfgEZAfIZ33ELWsAvI8PxFMmhjvU CyDCQL0PE
Sun Oct 20 19:58:48 u3ySw nG1k0f7zw2ylv.g323QnXTUBLBGx7N5tbwY4.4ZfoVAdAUsYYI5y3ir
2002/11/25 01:31:25.472826     d0taUxsxVKpQlQST4GqJ
1995/02/20 08:31:14.401667 pO7.BJ2sxoj B7VSfwcxxEzehm.fQCIh7YtvXBAetMQMDoMamONGvZMmJVfOhR7QMbJIqLOW9K2.JP6f9fuIp
2005/11/27 09:49:52     KjOw0kYWKbhoZxsiONZ 9szr.hWNV9vYHYHc0nB698ni5Yusdop8SfKkT.RzxtFj5qBK
Sun May 03 17:38:25   8tH5yMlQAYVfvFXP4C0A
Sat Nov 09 04:16:52     ID9LNjm8Ueca3eF9eJkzp96aW
1996/03/14 03:58:49.767476 ZAaEesRvk.V9PsjxDjcNTwywZ3vip6D
Fri Jul 28 13:36:16 laPfel2dMUULbC3
Fri Apr 03 09:05:40    vl8od58nrbzAcLdAQoRLJpYUckWw7LOOl9Y6CgclDDQJTvoTcNq5Xw4f1l18iyy1SZu
2012/12/04 15:14:12 a3ZOVVzKDsHo6zImqrKFIV99toOXUhx64sMFHFeetOxsyILwAofRZqaojW6NgTXKMBKoMDIffqL
Mon Mar 24 08:26:22   lbwkhKtqOEtljY.ZVrDq6XmEbekKg9Ag2mvPYFvaiYoAagll7s4BRcBDwlso0FOUj.
Sun Jun 08 02:16:01   QKyLWQLljjCdDG1OYIfJaUI5ab
Mon Apr 11 20:10:13    gWqEl1KE WOzu74TvfRsK718OmT
Mon Jul 04 15:09:17   qZ5sG4PucinS2N.gYh7sry foMbVILZug9rb ZXafywNpg1K3JD7
Wed May 27 19:37:56 nqfDP3.jnM4kzgpRVXk07CrBcTWJkKtA1qCLYZ5ZzO
Thu Jul 13 09:51:38  Wt7Uwf7Y5RNCXeK.hZnxXSLKVhLbVwlq0WiYlpZ8f71GmXx3x4DKFBnArEv8SRM5APakdGYdGoIpIIqp9a
Mon Oct 02 09:57:21  ICCBm1Ov2mPWW7Jw6avpR eeBeC.Nmy1UrwzjF0cYqXbRAhyPs4Sr5vhmv
Mon Sep 05 01:37:04  3RluaDW7LRM
Tue Jun 24 04:09:12     eyom4S9VUBUAFrR0vcSiCfnJrcJPpPoynDJwwx k4WRgIemLhL90eLoF56v3w NtLPxB6o6Ls2yeTvCXgyS9XV
Sun Nov 14 22:10:59   4HgTgW5J3FFFe FBF9JIoNnsrGFw6FVYK8E3YXIBzQqr8vxdyE.O AQIqZyqQkOiHMn
Sat Aug 11 04:11:01 nhQJpg3lxRA1.hQMdwJQnW9Q3Kk304eJC5rvZFLjVk4YxOuawXcAwZm8aq.bRmBRGde8wKSmiCA
Thu Jun 21 05:14:33  JcvuJNupQSifNmiUtj 2ImJJIOjzhG YvbmFFPIvm3BEUI46jT8iai2MwEqbvqasrWS6jkw4k58tuUmpuaIdEegltqPF3Nj
2005/08/25 23:44:51.528486 kol9nFNqrfTXmHfPoEsUf93PNuNdiRJIysVdTQ
Thu Oct 10 23:20:20    51h95pU3ArW3gD0COrdf
1992/10/24 15:27:21   XlovV5Z1q IIMDjihEuVrzvG6EKZmaRvcoMcYekdfkyyxJ.ujC6I7Vg tsyfsputHdETGnrnsvMKC2AvTDgcu 
1996/07/15 22:39:01 CIWHeuuaqQXW9uLh2.itxCygo9eS6WNSNiTwkVYvb9
Wed May 01 10:01:34  mECmD18xQeJqy349AxpyC4LUjzLX8ZillmB fZDiWBNeXPkMbIdq v8pdQ5F9
1990/04/19 01:18:29.360196    aCrei7eTnLWIZXNmdKhzZS9oWW590iHXetA2MfbepYq6qZzDN1KTx
2012/09/24 01:24:14.164257    l foHyqHm9S4UPMP1lAQohvT W85Z4TDqP0hhSXCVR8EPZc09v8
Thu Mar 13 07:24:59   2M2eK8F2NPY6ROev1sE7QmtquqPZIXX
2005/07/10 16:54:10.417697   BN6T X6r0 z
Thu Jun 16 10:34:20   AZgPcEXVJNPkTqv7mkH0ZFGc5LOEQGLsjZn2ZrHwRb3a0WJS2
Sun Jul 05 20:32:59 6PoXNU08QArhDMB6
Tue Mar 20 08:46:00    Vl CmlG1m9ymvVA.fNK1SvPQYu7JppROxzpQSV0ppHqhiSw63cs.
Sat Aug 15 02:35:14 t7UHQE9WvZQXW3rtk7jG0PjyZPLP.3E94SJlq7pUPJpxk
Sat Nov 18 17:57:35    qAXyQIWAWLwmKsDL6naL2pGoT8EHPsMEqtGVq8 z5SviRXI0CL6a.mndHEvpny.wITbn.O
1990/01/06 11:45:42   yCMCdgm.ynsWOk KLJDR3BWvciGnwuy8zYMcsmIcfNkU
Mon Aug 10 22:21:55    p6a2.1oEm2ntwwgqCXb Zuvt3tuAio8mGXfoUNDZGNzkR8
2010/05/01 18:55:06.473205 lKFJwqLMGKEy8tgUa9h6tB19QC1Dnb91z..HawQueljmY7tZoKygIYjTlpX9xXLDv6VC.2FBaWB
Tue Mar 02 02:31:59   FFuQUz3Y7.lfy5CghWETjtxD.ZQjKI
2001/09/15 04:31:36.427981    sup6fDaOPbjArxxWGQmwmPCOZYWdnPHv3Zm4x5zbVQ0
2006/09/18 23:27:58    E63VbIQfwBOCn93lyNo3O
Sun Jan 15 14:26:51   AGrsD44IrRHk9xNMDA73Jy63LHlfq e87yw4In.c.vOU1KX32MBO
2018/09/03 23:06:26     vEIZLueeM52DDFjrTNtNNECbp.mZghARebqyJmTjiMkVin Hh1SmhHDeNCR4jdrb1ooarHDy 2jm.bxQgJEBig7HfWUWNjLXztZW
Fri Nov 10 09:42:16  eJzKxzoWZlba
1996/04/01 09:25:37.280668  ked3CfgzGLgHwH.cFZFL0hhdXwq0PVxdggTg3Wg8YmB3vF4MWlnoyHUv4rXU8Ogk V.auSDHCj0dgFe54FBkXd
2020/02/04 19:47:28     vKRdhQZ1uvBQECFgmr30BxuMmBg8oc0l.t816 iCz1
Fri Feb 01 07:37:11 4GfxqJ UHIS8sZVVdtXg XNHNCassUBlj6PjcW2uHXGMJ8U.yg
2011/09/17 04:58:58 j24jnAY5xn4rArlUoR3ru57evsbRPBpTiM je6kn9tu9AsS40apJlxbqINKMsk6ujZhD6Qwb1.wuCACp3UHD7F
Fri Mar 02 08:09:23  V.fIiPJZZi0kAAFHz y7NSLoGV7DwT .TJ2tHHCtxwUmy3OPKHqqzF6t4OeD2g1fj64x2WwobF1.iDh
2003/12/23 15:25:18.562520 RS6PZ0JWy hjsr5Brfh2x1DrXirrKXqEDN8SfJ5u0z0JtLOx5Kq3Hm4IYH EhLsXWbI
1990/01/25 09:06:33 dLXKta3kSZex5W.FfSW4zPceNEO1 1gjotiIBbMkRbR6Ipoym8TPuCPeMdzhNDi9jDFRCcLT2
2005/12/24 04:02:43 YLaREmK.mskrC1N8A0Tey3D Cc4d9yJ
Tue Apr 16 15:14:53     .mk7isdqAi8CLhKX94ybJEgybx7EF3urTiE2dznoKmddueGHocZ
Sun Feb 05 16:37:06  mSCiegI.NCGclk6AYhXBXoU5wIk4d43H4O9JwgL3IL5yDRL4t9wI7K1VIAMIMoBHmNqya.K55Z
Sat Jun 28 17:06:33   oP.eVq0.mFjLNhHrpOS8vc7OHoAijpJ7yQrzGF7ZPcBg5tt8FZNpkk49Ax440yU1CsQeOSfJmBD7i3M
2007/11/08 16:38:26   u4IqI.Y oKL.nHebp4AwCWAAmPUqHBzmG0bpz7w9mttG ui4eJlZe7XwH8p8iH
1994/07/11 23:38:35.185122    iGjtPMyfDhUMeCwVcU9aVb8in74WFU.RzDtp1yhliOyyUcdzOwdb2VZvgyc4ruDSeYCm5lN1axAg.Y j2boOhNp
Mon Jan 19 05:16:20     RYi5lmFAOIv5t1IjuXacAHRfwj6fWh4 ZrpKH OtdDZn4kgw.Yo2B6Yqn830Hs0YcWAFQoYXFSM7T.T2CJst4 5061b7gaOQVM
Sun May 11 07:27:21 evwLDO4ZI3ooGTh.fAOve1nLgc31Y6S9xI958nIo1nEUXmcUb.OQ5gF6IxYA8xuiGM3SV1Un3r
2016/06/26 16:40:40    FieC.iog 7KfxUZ wBU65849da676j5HsMnr1pflA6N4tFMTbP8uanqt50.ea
Thu Jan 08 01:15:15   V2.1Va3fZA6RP8v.lGnEk7ySNy3iZ
Thu Nov 22 11:40:23     RqKCsLzqaJ2U8z8qaPQ2TVzJiz89Vw8PhABsKc3X5e. I IALQFGot0MqUdBbX9OJhDZ1xkAsFsytzFfspi8D.g7oht dy
Sat Jan 22 06:31:14   yizJQ0wCavE9EJr3bRa6csQJjqmZVOPl2Oan AGeTVNR1Bp6x7FglnJxbeW2kctE9VLFSGFTPYPxbV9
Wed Apr 12 16:03:40 V3gvfze3U0xMcUfmoVALMXg9xdUtyKW.KC5TwC11rmqm9t6GMveLVc2V.pAfT3LQri295gMHUA8VKd7gHYeW
Wed Apr 18 07:42:24    Dkp2haWmc0Q8vlwSgIQohpF.fLqyjtHB E0mc86y8B6mC 9z3Pp6
2019/07/11 08:42:54  x6X2jwkpUIdoc6HIqDzjcJPISpmtzZJkUgPMxFzDe
2021/08/25 20:08:56  8rsbxZ6PzsDoItG7CZKIaxsv3ifJGKsj8JKX2PAumUmVJsUdKmLg.wAdfhl3zN88PhPpq7XbcHXsL4umVZwZG8hYsR1fQs3G6smO
Sat Aug 22 06:14:15  Dt09sAl1ZhbjWCTcUz9.70xjecy tlCEwY.v2z9aRiTHgabOHX7yixpGZufJESx9W fmLDhyJuocZFvEvC
1994/07/13 12:09:36     ZyIdAauxc5EJzC5Fsh1 2QfjY574 SaeAEfiIHuy4ucNsI.0jutH9tkUA7gDPf2j6s qCGHGJlt7vKN
Fri Nov 28 20:50:34     gY4 7VMDvzdPU6ufKDhytovcVHB9zeQNjrep22gbm KP6uUz68CG5.hci5DJhoa999
Tue Feb 26 21:33:20   NEuCGGfj2tuyY8MWHeLkdGhcHr9Vz6Oy6f8nkIlfDAuIgV9K6loo  k2AVJypyK2xc4CkRkxkU24O1uyI3m9
Fri Jun 22 20:22:49 9yVqkLrRUKE.aaZY5XKuFR1gWchiGp1XAxg.emrabLBO6.i y0ZNXQdT
2002/12/06 16:47:52.359389     FkfoU4vvRxFdn7HVU8YK nuhSu6LEGb9.9aDqQvPng.f.KW3bIhBri73sOIs05c3h9J2keYatOKmT1Qj4
2012/02/26 16:58:06.835241  BnhAYpuIyJRUiJ2aSqcIrMFknv.Ol51jI8pLdCrtNLsHhbOs.r3V0SoFNf3dgwul 9
Fri Apr 22 04:31:20     7Gb1l7NYK77gc.SK7lzap
1993/10/11 01:47:02.666303  gJ3Qf1Zbx aFrZIB8ETgk5XuTSWaD9bsJtZfkSgUdu2lOf jHTCkaAlRlL7.kOE6eUO7SWeX1zeXxKNtSG
1998/03/27 06:09:00.967364     UUc03T8UKaZ0t2P2r0Huqp1TOb9zeF1QHJDVp.FF4MznYWDE4 kaBw9uT0iDCV.AV9ugXSOlSWAfZWb11bquzWOIK7TKzFG
Fri Oct 25 17:09:31  nSk2BX9Ftg0zIzDKv4jmeMKLJeoTeLBXD84jX0KwfEY6d9upqKtIhmv5bAj4t.36UVcqApILfXFTHWYevtAKWyxV
Thu Jul 25 20:31:01    0VBzRR7eGwdTbyi7Lj69wdMdkRtatGUdFhsOYCPnfxi Uoq6hvJIa
Sat Apr 03 04:27:31 A86JPQTsx3nd8A3KbPssoYweuJxR60DEKCE5uPH
Mon Apr 01 05:55:35   dAYS6L7iFKT1i
Tue Nov 24 08:05:53   J5K0JdC1VrIXl0NbAPxAflg8PLREHKCN6LkYo0
2014/06/05 05:30:10.580515    u0Or UhDUdHEHeCpkKT12sxu9MSspC5DKvkiqqhcQ3MrklP9E4t62YV94xqas85 6AGUEGWon7bY2 f.VnLyix8baqkpc21yFb
2004/09/06 23:00:18.821049   2HnlEN7u7HN1DdtaRP9.T RIVIjSol1QOsAymbdmwlojNLBFPe2j8MRxU.9VhNxKJaT4BNtxj5a0Qc4oYxTe07xSPJSzp
Tue Nov 22 23:19:28   t V68dEyMlB 4tRKH iEj0Rfht4kU u8teGjYbzEk3T9TtMX4jc1mrF49XvgANf6EM432tRt9mGGrK3DTsSHptEKCqHq72IdsA.
Sat Aug 16 23:15:30  CF5clN4UnKakkJ4PS8jLjZ gqN3pUxGOEWzwlyGv4lbU1YGEinVOZjmLPZP
Wed Jul 06 14:55:01 Jj57qncYdXgIBZ0eG9KaVB
Thu Feb 21 08:51:19    OENw7vXYCa4y2c
Sat Sep 26 11:31:25    Qehol.H83VrQHFXryq0x8h.tLNPm6VFV3tkyIODA.qLfA95DWyTP sBoO5OzyHC.d0sJ
2012/11/15 19:21:25.571681   v j6kJUnzXpo2bJJvvs6JTaw4KSPV0uJPLucX6waFm4 .ucxzHz09x Lcebn49tNHu7ISYF78TiiU
Sat Jul 27 01:07:40   cyyHT1Qk4.SGjKMi8hG
1990/03/06 17:20:06    qCwfJcjPLa m6Fw
Sun Jun 06 05:55:38     MxG2ywEH34W
Sat Apr 14 14:10:51    cWcLXCoqjw1kzHHQX4uUgTdJzjWWaBFg1ju.MuH8ngnNmb6EvdhxveQqIY
Thu Oct 18 12:11:31     ec1Czd9XJFMh51O8h512YhpxirRFn.E0RuP0JrxmxUgj
Wed Feb 25 20:23:06    zH0o2Yoedo1yJTjVl5PCkrcZjFHAoDXQ0Sa9UCgruCVir
Mon Jan 06 11:33:54 nU6b XXxznUFlp6lQoNRarUm6qieS8JiA7Y
Thu Dec 09 19:45:40    vPOhyVAnkXF
Thu Nov 23 17:17:06   QUcFUGf4wVH4yAK
1990/08/24 09:46:15.706308  tYgbCZ8OKf0PZ8iaVfQMr4e7kPZQRe.NEAYuMJYd7IVvbGGSK8RH
2001/11/02 00:32:44  g9mQCDu4EF SyfkuqiNSAzFxs6U9JwHi COFhudWv
Wed Sep 13 10:43:25     aj.RzqWdoREkdEgON00IXSXgjyD7AAv iAPtfJ9Mbb
Wed Jan 02 06:33:12    v7YRD TJ9deOjh9fVml8gQ72tkQOhL FAiDj5V8mKKytBH5MyLbuH7
Sun Apr 22 12:01:59     3MgBYesO8ZvccBChCE5Z6fh7dtdwC8 HDwoWlXw1RFpJ
1995/06/25 22:36:48 ORwITuuJj 
Tue May 06 03:51:49  eNAK6pjRKR10WYbyPUa5ngdH0cB9exRAyQOfo4B9Ll.KVeGVJNBZxtRDxXS5iUrJ60T6A5LnD00MUmcFxH3kQyDjoG1lATw
2017/07/13 06:58:41.26956   G3r9CuyQkDR kb.kSgfLkG5GctRtOu2rj5NxoKXioPHKJvmh1MttE8pd.fVaigQT6C5xW4zRcYoF4yexaw
Wed May 16 09:45:00  K3raqSLUeOZhMFeVvAXN9OKuvg.xv3oNSzXhNIyCjweUQKzZdvgMwjQQpfCxluONfzI.s4lxOmfjkGGnu98U4aKT7.Ci
Fri Apr 23 10:17:41  TRRQGihbiF ZsbpEyBit0L5TOzIYQXCgLKriHiWXNnTbwoeuYL44ayCgXKcMyy61FxS9hq9n8Bofs8
1998/03/21 00:52:05.281990     42XHzhdeoCHFX
2004/04/24 22:08:15 kBmMNEF9ar6OxKv T18GsoDI2rz8pECy.aYXj7L2vvFn f0dyu4cJqeeUb8FZt.huEC8Zz1bkfCt 2DptgGlFrb
Wed Mar 10 23:15:09    vX2n0j50EfidOw
2001/10/26 05:11:35  djCpgmCr8hOW2DQelD5xFgX5pF
Sat Jan 22 00:40:25    a3WBbmvYY4tzidM4t7UpGqlfNEBa2K6Zb6Z5UQOaZ2aeETfk2PY2k3YaHDtNj E.8uh
2018/01/07 13:48:52.898428    zJAGyFR.odTfGm
2007/12/12 01:12:20.269794  .DksZJI4WZj0yzfOtnaGlTalZ0B7
Mon Sep 20 04:58:53    pG3L7GkrRR0iE AoNqk4a1Oqm2GGa4QlbX6ZwU4wf5QzkXrZ5wFQWv.MFS7tazQCKcOVx5X
Sat Jan 15 18:43:01     M3XgvmHhI.dZG4WwBFl7UiNFRSwRr opkBNLY4jH.m3cvM3AnwYMKu7JF
1991/07/01 09:38:24.363802    0rFvRsFjPwWW1SNrV
Mon May 05 11:40:02 PvqdqkcwHLDGX1GidN6r9RBFrja3w76eOFHhFdQV ahDYlUFvASYY4Zx PYBNGp
2014/10/18 13:52:17.668021    ftxgCRB1f2SBZXpV
Fri Dec 26 23:47:52  6mAPzaPBgTWSbiLxOMbIcxpfT735aidcVE
Tue Sep 26 01:49:11  mLhgAq6AJm981aCKSbrEPRGzin58cXfEwpC 8OM1N4lDjljBqJS
2000/02/12 13:29:08.154088 4NVaqtG2MlPhIJG65zj1ZooI2Zqc7mErJ5a9U.KH0kyS7up3uplZGDyu9ZGsO58XvOJanlYQB
2001/11/06 08:36:20  tKUfxCmqDsx LrP41zYX9IwILbHTTSpnC2b8bO4xhE
Wed Dec 20 13:22:03  Wr.7CvMmgkWqdvW2y5P2GD2YHVMmLLnlui7WeVFKAIzKqoUUipVj0wPgi238yFcNcHOfXGEC
2003/11/15 22:11:33 flaEVKttJk5dpd0mk548pFtkb7ru3vgmaVkt77fwHZMmIxH9UlzzeU.XMfjRBzneffpb4L DudXdP2inG2MZJob06Fn5
Mon Sep 11 23:30:58   xQJh..RJ Ptt1NfmpG.YcG8BiWv0MGLoO
Fri Mar 23 04:34:50  eUZcr0ceivt.enyObb5HAW9Epmkg9GN0vE3
2005/08/18 17:54:02.401793  ESblTqPgodtMdaPdXk3uptpCPsZZAWz6M2
2021/01/04 15:36:16     xN8PMdi.fn6R2bmTDDM0wzlDCy9aawLjaTV2k7Pw7W9H9FYlu8se6 yzusbvu.TknXD1. Jv36B7 fq
Thu Aug 14 07:42:50    a1hZMs7AuI ks1QW WYgejlzTEkbYBodQ0N1KzM
Sun Nov 20 20:45:43     RfWxmiYPX87zmLh6gZkKby
Wed Feb 05 03:50:29 h4Ao1kUaGakD8apBA.VEbiR8
Tue May 02 06:20:48     Y4qcZnpz76QiXltAPS
Mon Jul 07 10:45:02     4diwz.k9sancBnn8yInL v.QeyNSWcZ5
Tue Nov 25 11:51:21   ZKPRY vjhG
Thu Mar 14 03:36:03     8buTYj2gBl5rB54mKB3OkVRzBqt742n7arQCTFjQtl Vj11aEV1x0z8Sp0FiewwePe6BaCNdY7INNqlKYax9SDMqduMO
2002/02/03 10:23:42.886009 Q WJDuWC.DzSeH4krFpXz3v6lF.zM38Fy6SDlJYBcBspYz 
Thu Mar 01 02:26:23    5Tr.uWLVRLa3PXtp7Z5KxGX4RqCs60e1UjdX0i295H11qJQZxgqIfkMW838ba3ehqQa Mho58QvqGwzd.PVBnOWHJ61DKImjjg7
Sun Apr 01 22:06:00 rr2mDo9aoQtpJtB9YyDwh2vPo6R
Thu Jul 28 01:43:23    23vUHKPLg7eNtLUokvpmIeB6P5059RHiL0aeA0iMQzFKghLkhw5h9Tim8p68
Sat Jun 24 20:32:58     6vhcqJwQ4r2U0tGBSYcp2r
2005/03/07 14:23:34     Qp2Xqc4KEF0SsOi.FwYx9F4mi4Tj54MZrFbZWX1jvNAH24bQjRja4W48UrA.7AugBcJBQkmMJdpD jTe
Sat Jun 06 08:56:52     pBb8ms47OxBZwOZAkehYO
2000/06/19 07:14:13.569926    GVKUBKfZiDc
2016/02/08 14:38:54.92351   XXAICIVay3WnoGrEHKeDOWGN1fMV2uPmtwgdTEUB3BZno8ibUNcSvN26BsXptJ 9rlN
2001/09/15 06:26:49    lujV1VD6sIf7Uk
1991/07/05 16:10:24   H4bNX9 SC6KexL89ged.tEvYD
Sun Jan 25 11:00:42 QC.3IMFCasaDv3HJBvlo3OjVqC3.2TJlDbV8wM6jgkfQD9k0 TO4XYwxxEBnkR7 rmLxE.s
Mon Feb 10 09:30:06  .tzXZMJAYQKmUC3YmVUbuUr0IBFya NKpn4JsarGguLx9WX7bQ1qFtaAHXd74Hf9ar8Ks4hajm5Nred
Tue Jul 12 00:40:35   ari5TSToKQwn7ALfUVsMJNwOBI.w7sXhb1hdxAh
2011/08/23 20:32:57.221238     a5WXpzV1Ngur3OP3zHsLP05vqky .qM8X7nJUcgQpyp6UO9MQmcv9vi2dGsZxMCA
1994/10/13 00:04:20.535498    w6rlv9SdRxnnPlXaG9rsa0 i
Thu Apr 06 15:32:46 SGdE6ocUWupmArhECYs2rS.usF1NtsqUGuvBYxBEB6uM1nOIKe7XSvCRITC9XgDpdDIvGyRFn3Mw6vbZUvxa bb.tIa2DqK
1993/05/10 11:34:46     CtLvQmIVBkvt6 675g7PKuNoXaZvqxB1XSbTpOAtvJcanb5tK3 .Q00Tp2bI UDamVxQmjzyoW6
2003/06/08 09:08:21     By470y0HOkCjSIpojm 1PVOUL1d3BoB1XDfSshjrbO1umXoi1WaJZL5A9yUavrKBzw5Z1hUXA80GrbXIxvG
Sat Mar 25 05:37:30    1vfPeDjcaAOXgy984GwU9IB9jyRTLvI2LRAfIfYgx 4IsQcmnz8n.btejOXTZN9d7xk
1996/03/04 20:41:01    KCstC5gxJiy2GcKpkn6. e30G1F qiIQFMZLqfJBJ.lvRYlKCnKtwkCs fP bL.LA51.1bFX6 iaGlqiLRB
2004/06/04 02:25:59.167003    pzMHywhOrEYEgNNJmG5qjt.HyB86VVO8PtQAzCEMHI
2021/12/18 23:11:31.509920  KnCP0i1xkeY1tb6M4SIlm1HIT0vp4VKoM9pAnjZbB
Thu Aug 20 03:48:56  0RHLrv6m2KJd ePsvPKC0u0rVK6b
Fri Aug 27 00:14:02     .LBVzCIpATDYLZMH25d7GN1MHt M GGZ4C8IdC.0
1997/07/14 02:07:26.122650   iXilDwWHq6JFWI
2012/12/06 20:37:44.515988 dD3CBnik18r1tVPAPfMHGDHQmClSOBGxDh9eIhHkPw
1997/02/18 01:39:55    h4bPGAMtwcpC4yyJad6eC6zXluLGNszEHICakgN uE4c6TNB0PtW4HCyEazO2bGiM5w5ZnhTX1UVm6AxhJIKPI
1998/04/19 16:41:11  BVzjQX wWlnM8cn0b6fQFsGECHksMx23pY
1996/05/04 00:23:56.871129 G5g jSWXG DXDPUCByJQzIXlsYXwI59E3x77rWmF1hTlav9yb7C2rxM6FiEkMJR.kgXYqnGQgWYFMETw
Fri Jan 10 10:44:51     Ar48HatHU7Mj211BK8.awM2Z2Qr37QqD93VnbT0V9MQck1bMhPG.7k6r7vlXvOqNnaPi
Sat Jun 21 21:43:33    8k.dglUPpAOxlNvQhOhdOY7y9YovBGTuhcRJishaDlyadqoaBgZmIIG6nJHx.bao0Tiois uI01nozl2
Thu Sep 24 10:11:50 AR0UYQwYK6g fc
Tue Oct 13 10:28:31 GbteCqkIhv
2007/12/19 03:23:03.315792    kD0eBW3r.KEI4dHUed1Kxp3fxPgxLoFlDMAbSk.0ZFjEoqP7DAV
Tue May 11 22:20:27     na8qkW 8zbmpwJzXGk eLf4Fl 2YZhSq1Z1l0lpjPJ qCsXmR.9w7
Tue May 03 00:38:33 1grx5EUGRSoTUXRjalZvFC2wb8EZYIE37DmoB6W2w5BO uXcmxV04oj74e
2009/06/16 05:56:09   m Crc3OKJx6RGnHhIO4.e3mUq.MyPu2H30QCURVg9QWnmsAxRbgII
1992/12/25 02:47:43 AvGWe77H6BCnWao9ribhHxOzGXwcM52XBc4ydTXY8HtJNgCOIiE GdgofrmyJhzlSHvYL
1993/08/06 12:52:43.195322   htQLJoeGfA75hin0UGSGqKt6TNkEDWW5GzP XRuUESsDjKsnzuSA802GpjQkKGGdK7j9rcvlHVJzc8oZTIMaH1q
Sun Oct 23 06:52:35    VVII3r3pFwqm6S1Rdi96isCSQoHQPR6VXJCGcYgSS9.iKZljRdB1g8 
2006/09/21 04:11:38.220617    lYAjGojY9H5u GsWh
Tue Feb 03 12:58:13    h3oew1jvfRVvFFUjscjDxoyKCXUdA0ZpbrA6a3CwJexhu6C9U4OIU7ggqKg2u6VJR9EUaputsP7YPFbfB2vbM1W8I8iHYQu5
Sun Jun 22 17:43:08   NFZxKH0xYSn4.4RGOKIucKG9lHTCXMItDb6C4sSMTrq725
Sat Jan 12 20:28:37  ApPGH84eksjYW54lkQHmCH8MYNsIHAQS40ujLZYKvAQVs
2001/05/10 01:42:41    dLzJnSx6kTNjdwmpwG1gyeHToRkFIo0vKF82Fydssjx
2007/12/04 23:23:14.835468 WPndZYThFRpaH0ofscMACxxyO8v NwzuGVsnNwz2mpfZ2Gv.eQVm0XnIIjzOS
2002/05/11 14:42:33 Yg6GYQh6H2nK3H5c6Sn09Vlp24v3sUBK5PZiTstqADPRROyjCJiVfW3dTbtJHRu3UsIPu2.3uW2R82XHjgjkiyruOjsL FEr
1990/07/09 09:17:53.552259  vT3d6mPXvUIreHKaRTviNZcir4hDXT92ki
Sun Jan 26 13:03:53 1xbsoREgBD9ajhdA8cz43vusOZD2LaURzWPr0H2J6Ycr5I5N5jPiOpE1sB 5hXLiJRY0mGjjtxBo3pIdBpCQD2c6zFZfsZFg
2002/09/05 12:42:15.811775     5LBVGdxAdHDZgoPYfhWlFO24 EUTH9MQHGBbEVcwT
Sat Nov 13 23:26:35 uEesyaLOMg.huA717z1Irs1OL7smRBuBacuuZQbICpGpzmzYpkLlOHVLjRsbBGI frksAc
Tue Sep 28 01:29:26    xPl9zc7tgxumrzTGNBYL9kdJd9ok3rv.LUX7qqur6w8AO2n6jVsw
2002/05/28 10:28:48 3MYNxm1VSy5128zWCgXA2w9Crh2kiL6qShpdsb0P8L5RG MNeDG9YJuwpK7PBVJIdy9TMG jf
Thu Oct 13 08:51:52  poMgQl1gHGxsdIGQltKDCHib4sbKhyF3r
2004/02/26 14:37:43.382887  qqcfxEtZPc5LB2JDfH1KHjX NqzWlOj01APPJ3b XBz 4ljxQdD5UsTcn8np2VKbPG4ipS.ubwhrhAWAkgoQo2d
2009/09/21 10:01:31 UbP5UUUDGhyUavT.q37FCPfrUbV0zQgrhSGPPUPQJm kFpTy1kgAxOB
Mon Nov 25 07:19:58   fSH7rSXb2nlYbZEnuBf24PVoRmV9zJEEh9XETKfT3LxwruiH2o6Hz uvwp5lwNGACxW95YUPGyC3k8ksUUdb7VH
Tue Dec 02 09:47:39  QPcyScFqb3GYSZlvK5gbjlcXDCsQgCuiFMfMAgVF gD
Sun Dec 28 03:17:49     dLFZb574r4CiqQ6U0Ihnj1HoXR8IB0.qiSe1twBOV
Sat Apr 24 10:56:20  fW6GBJDYhr OUVpy QKspVlMLL1zd8nx1KHWGn
2021/03/01 20:13:41.387248 .1UiDA8y.M6QDqqzJ
2022/09/20 22:54:10    h9k4CCC1O.uQMqByLCjE1gwqJRgkbYXnJNINq72kf0.deRtBWNqRN4HOalqXHdHOnB0rjf1HEUesoHqyjGAvi2HXfLl33O
Fri Feb 06 07:08:46 fQ5LeGjujRdZTP2vckCYlqYTGuUSjMqGLza0UllGSK51Ng6cR7l3lnGpo3LI6av4p uKu.j 1H0dr3lhmXpzu5fhf
1992/12/10 03:20:20  oMPbYwkwp v1Sa.qJTMK h2CBlBkApu8.sen7mBQRKoqy9G.ToCiWaYTSyuxmYenX6PcxoE.CcfX7HvHaeRA
2014/11/05 09:28:36 MKxyrlpfpHBa6urFC
Wed Nov 08 02:47:30     ejWKCnSRPX3r1s4aJ7Fy2I9ctaQ5c9FptKm5q641aSgZqY
2012/04/10 09:13:59 YN7mARsXQLES5k5KsqNsS0oNReXJUHg13TYfauwX4c6evR oNiUhtB 9AI
Sun Sep 04 04:17:27   9aj729Xwd9zXzBck68YMli3lHQap R4N0QHUKwEHr7y.Aa.Khi0yXO5z4s
2018/10/03 05:29:37.414186    CS2yYV.skOIsx8wJOcY93C
2008/07/28 08:36:11   zDavqFY.qxMLMMRLHO cE7z3agkLrpI1Gf41FlXKlrre0P
Sat Oct 27 17:57:02   RG2FUa5lRwNV.hkMIY7IZWBmvwy1s1wi2qdGBR69TKrCLiXZPaVRtFThnfVYZJ9VAWjDfIMnYcARkvt00nNOCmAeyfc.gOrc0X
Mon Apr 03 17:10:44    BSUH9l  sfVZ0PLtjwgNkZBamD44ZYlHihyFZOx2AtwmGM0PJuSPLLjbDQWBmJ9L5fUQ
Sun Feb 13 17:31:18    naNWUzxeHKgvHROI.r3gBnGQ1UHGhTPppXrhC3DqqZ6h5ETkbTnVR6L
2010/07/02 09:52:04    wmSXJpJEQ pvnCf9oZechBj2ESmO2arus bCo9qHh.2UXV Tjdv9njWMyrLHPaRTg.lpsVoHKU18sIAtzyJgR4Bycg18Vw8JCC1V
Wed Feb 02 02:21:30 cWeCGhcKRSY9RjmxABlaUBRSEdAn
1999/09/15 05:24:51.474174   UcyENk.Wwdc.VkZqVQClrDrp60iYx6x5HWBZv9U CyQi9YIdnbxHw49xKxD
2014/04/14 10:51:33   LpUTsVWyDAFoafGM98VZ3b6Rkkfc18nefYSH9BqUPj9qq8japC6dmmyYxtZSgUi8WJsaoyDJU5M3L9
2020/11/23 12:32:10 ULn5cFv2g4CCRfaBMz4Uh9sU.2PSgxvcPByU3Da7 o7ZSNO4Bv.yM48sli7Gc
2013/11/03 04:25:53 1H50jJNS0bdERhR.aHcdsryogoYrq6tX8qXqVqpuD5bZoSToJD2W8B.PQ
1999/09/06 14:35:13   6l3nhXaBiX81yWYh97UxX3uyYiYLxO3J2SE7
Mon Sep 05 02:01:33 TMrjIZaRTRzmNgmJh1wJf3 4vCgn9SopcvTBn2u3FjUpcLUCuD3Ffx.w26mVOh6dnWhvkRMr7M9 QoSz
Wed Jul 09 15:14:12   l eXH0g.LVCXx0OBjN3Jm4cNtxCTghChpr9
Fri Dec 05 17:16:47    mQ1vnh6jKFf1km2HQ rllBRJsWStojCimOgnntr3tJ.bGSUI66MGt
Mon Sep 07 14:59:41 gW7nbvt3iGn7Dh
2007/01/19 12:50:47.207476     vptTjGOKRYupchw.4NdGv1V6vb9lWIiyTtVT9VS57deKvMGr7OHJFjlbqs PE.WtvvjhmGtYwWSjCfVHnc7KZzi
Mon May 21 00:29:07     EDwsu0GGpzM5
Mon Aug 15 15:02:30 WWNumPldqo67KGl33eRpAXh.He
2000/10/26 09:22:35   08bVXRxvzUHRz4ESD
2011/04/19 08:17:06 R8x5aoC77O0hebETEZTqfQXzZ5K0V0tSTXqk6XAf1j3fr4Lu.vaMkKakezj0DlHr4OE2jNbFJI0ftjPf9IcQ.KqFLUuDt8VTmXg
Tue Aug 10 08:26:55   CA9I4sgLcq8 4yvvPh12tjubU7wz1wWhbkrU dk59SE49AHcJijnlrLMNDBQ0y.Gt5aweBec46
Fri Sep 07 07:52:34    LHkAnbcTRoXPAdaoRcsf3UUqbaifx3sNf204Q4tRyX4OOE5IwuDzE1Jii
Sun Oct 03 09:08:56  nGr.LA3t61U
Fri Aug 01 09:21:48 u8HNqWfN74wZ6U9lqHFWGrANfNtBB3rJeUO
Wed Nov 03 20:19:06    KH86H0ACo1cMzA8 zEy YCNC82TPX.KRbTRqfTQVNgT33 yUxv3CXh
2014/05/19 09:21:35.96316    uGISUzjPNbv4 O.qHn 
Mon Nov 17 05:12:04   g.wquhJmPG
Tue Jan 04 18:45:04   WXirN75PwldXCxme0U6etLWNtEn8.09h83orLYrRvsa75L9x1Z5UtAk
1994/09/23 08:42:03   HjAgVlCbrHBRjsK5yiYUEGsfl2wR7T59Xtg
Mon Sep 23 03:08:47    Obvqgd3yB6RQsYE1wccthT8J6WBVrMnX2pzG jTdgzFqnO VBbVUd.YgIZbDiiDMP8WjLMZsKA10zH5jYZjeiT1Oc 
2006/04/22 14:36:16.667033  p4pz8 NvDi9oeTbz5WaGJRMzzzYOwCj2rRbAV7SeY
1997/05/27 05:31:28.611880   .Suzwoil5lOiP2g9YYJrdwf2oRPVEfJpjzoZ11I9DjXbli6jv
Thu Jul 27 08:17:07     wZDt1ojIqzqIzX70yjS1B6VJwg68oHaoIWGBhkBs8wLuLVdEMhojHCE6aIy1aUQrvccsp9tmlYRj6lT6O12fFZX3s1mF
Thu Oct 22 22:58:36 ZNhR4NHJVvdtnvy.CJz0Qsow
1999/02/08 18:04:37.326634    8gRT4 EPk6hTSEfh39UcwCYT6EVknDjD52tUPA0M0tMpR
2014/10/17 09:02:00     gpntvbMUmyCu4Ao5oyyP9mW1tblua0vP3oMtABk1WFj4HvdfQ2
Wed Apr 25 15:45:24   q.1HXScJqwqvnuwGzo u9pDkWxq4ODkF0shgyCURD7toe0.jQ.mHDlipAV.ax6Ck.ZmAMJgJt0N47vZ8F
Tue Nov 12 14:45:05  HPSe4XQ4fs1IdWz.BfOYgt3BUdWDPpT2jOxW1yO9TByIk0XBCgFyjGJPYFRC3rJOmBTL
2001/05/10 08:42:11.411983     mnvP1NRIxf9Cgdg02D
2015/06/17 20:14:26  fM4QskMYsrqCIIg9H7S3SDEp9pTK13EYWQRPe4zrDHbt
Sat Jul 08 12:56:25    RdaQriyc6h6qWFFBAKqtJFIXKOhK4
1992/07/04 18:52:54     Bw3ANbEg0CsmQN8PmwWwY5FQ8tv6.AGPZ7d54ytUQ1YRRqD7SBhiD33T1X9kANn8ycDRK
2020/08/15 05:01:39   KsWIwHQgjMDJcEQsjNz34VjpV1eJT0Atr5rK9jH5.6QlWnFlsAolF86HmA 6aJ9 5l03tX4rZ2lpjbz1e0Fjqqq
2015/10/18 20:18:57  VQyYoBd1VSEcb.X7O5U4mVPi.T4fw
Sun Nov 02 06:22:30   JaT D1OcUM3tN9NgkCt5SIVLmELu2GPb2s.5wVRktluBFf5sxbmsmTAD
Fri Jun 26 09:38:33    yDQ59caUqUZ3J7zfK9BJKqGCz8O45bAAIiPqM6Ldj4JjKhkQxVXcevWIC5zu
2013/06/24 19:13:43  gk7tqYNL7Q1o6N7.wi 6DcaUC469xsE2K1N0J2lWx4GH4BZUYb
2010/10/27 04:41:33.463238   I50zNSilfjq89mLV.AtiGNlKYbeoW7o c5ToFvYaxle7TICoH6XrixSyIaSmc9zi0VSe nYqCgXuIUVQ5Kt95Uw 3K
2019/06/25 18:59:54     Mcov04KeBz1cKkrRoBQW1.R7ssjUjgdGIrrXJ2eh7n8ynAzRAQaqQuA.FdE5P0.VaaaTzSDU
Wed Jan 05 01:22:23 D2DNx 16B1ArSJBbkSD8Nz5T6tu
2005/12/02 22:30:28.991190     KbysLZn1KAb1Zm2s1ftlJs14XVyxBq8jsazVvrk5E8vCowzBAOxHrjV wzZTdXucC.xpnS.8MAEZK
2001/06/13 17:41:30    IOeG99W8UXEX38UVVR1
1992/06/04 23:20:48.333566 0iNclt4ffSqSgChsYdaIC101NTB0F4xLPVGEX6OLJDBn5NjRDAUG3XRMm2fVT3TwWZ2G4oskJ5 3p2
Sat Jan 26 00:38:13   ofcxMKsNsoerC4ebf0RHVwP9o1
1992/08/27 16:44:44     DnmnyNX2Kao2Yyb3gJMq2mjD2RS
Mon Dec 24 23:32:13 oK0gB68cFMv5Ilxq4 Zh
Wed Nov 06 02:13:33   IUsLx7lugzsixxEoMqp9w7aAdnJTM8DksTW12fndMlsy0JZmk1kT
2016/08/11 14:58:42.915358   4aRhLl9oXwfKkRrM21JeSumJHQIXg.sknbgbF.H Z8tEaB0acWStTmBrFwA1wqN
1996/06/21 09:02:18.511012 8Da7uw9CiSIzy0usL5jB5ROiji7OL3qY6d7qVK 
Wed Nov 12 05:36:44     lPIpOUxPP2BWgprDEQ0dFi7euUePZHuV5GXHlLvrYhfV7ddA JHM5
Fri May 25 05:37:11    n4yrAzUetE0iv1tLV01IEma88pCe.plYFyx48EbRjgXMDlgfpkv5fOWoZscJa0B0cku5RwsSQm7olq2
Sun Aug 20 08:33:01  6vb8pmHpZrPIngBw0K.2FtT2LXJqGf88
Sat Jun 23 03:17:31     jHDAmjn9irqbE0AFptgMnag9LGdi1CAi0eSrdGZKOBfFBA3AgDBDvy872wNz35NqBcW6vPlusJ454hiNgoRURWvcntoiw15WIto
Sun Jan 05 12:17:53   35Nq1vZpI9F3KAFFG6DT5STvGqMFKhak.4iWb5y 9pVW8miULlYb7qB5gdN 8j6
2016/10/12 01:26:54   dY9yDCGjHlgwTgKoQ6vRaFKVi.cSdQY2nNg66toiddHR8mZ8DF
Sun Nov 01 08:11:28  D6PVEBLUB5C0wVZKMf94Du3krdzpNzbXiXZK2j8pxfKF3Hy4C7Oi0ITDj0cD9dRTL H4Tsh8LGpPJxf4nXeB0
Mon Oct 10 18:40:32  KpMLpbyNQ2xlGsPCwTY8SdPP05Ecd lq
2015/05/14 15:23:34.624368    sKFj270fo99plmdbUxFO.GuIyN5bZp84vkp5aWRwRx9gIjE.AtsW4G.dx4Hqd
Wed Jun 10 10:53:35     3QNheg uVofiBwzA5x7OPr06ogrXrikKb4wLezToDkU467V6rYJQw6FRuWAlcGKlh9W90k
2013/11/04 10:44:57   FiaHs44ZY.8llglgzgif0N4.iCRAI2NjxiDnr9uB0qIHOH91lH4pNGXliHiT
1992/02/18 16:03:41  FUDohRI0WVFDWgq sef
Tue Aug 10 18:55:37 qhOZUMra.a77netC7uISBBM5MNO3EjQZMbWYMRAGRKWxOGgyCK9r
2010/02/02 04:51:51.248034     CmPBTbnuuH50Guoln9vvlvTQOEQyYra2Z6i1NIFYHAZ9Gw7IKbmpS3L..sIrvTaJ0BN0pEE0iwfy.efIo4
Mon Nov 25 03:25:21    qFqg3K369DvVP1 zVg9SB3zwD1K4rcdxTmTB33gljYksrtRsq.ejxBUaZb3BqSwrjmD.DyRGJB8UudwDMbNMjMfexKKc8ysl
Thu Mar 13 17:56:11    meN8uyonnADu fev11jlEBryBqvaD sLBjbPLfRtUcEB1MnwNyUZpHp5Abswr9vGH gQEvAlmeqACa7emAli2f
2000/04/28 14:30:49    1LKRNUiyQ FVXH4D5rBuMsdVQtB9Fl
2012/07/22 11:27:57.29777  syZmEiddLY28B6uJdl0 hEtYTd0XWKvgRfuSJTn5pL3g.5.
2008/11/24 06:00:30   flA9BvEH4gywwsbcRYkvrUJniIv2tTPPCMkT658CQovMWrYP2XSWvaZ0mblMFg4nLZool7AJv 
2019/12/21 11:50:20   YGQ9mBQm1fkzn1IvoDSR1ShOz6k1AwKeHGUVFFgp1qvbNJsUrvA3fj 5SdD5
2004/03/17 10:00:36.295666 E04taM.iiPSAL 17n3x2u0Ge7k
Thu Feb 26 20:09:39  RodeNNmhUUfE1gAFsmiM1kqhIDcnN31chl0X0D0
2007/06/07 22:47:29   0DQsJ22quMR93Mqav7d8lCY.sZGJZJUrC9zidZS Ocu.T7W5JyGZvIjGSGKljf0jQyAsqUHtHC3mW7bFYCw8C55
Sat Dec 11 03:06:58  MC05m6WjBu0JL13jVGsZv62I9CuQKrw40v9l6KH9cnCeU0IGYhH1NF g2kunT4OrTTXwwq6zZ2
1990/10/06 22:27:48.826096     t7rcjPLqTlcjMQb1GluVg9IT2rp3NwbZsBE9c1BwmFSkDffaxaU.KJ7Sa8dmbUNjd4ukPf4lcI8v.urKosxbGSX5xKc6cSRLWrF
Sat Apr 19 23:52:57 wjcLv0GT D
Mon May 09 00:55:57 UGTeKz42ZkOj96 TZ58aRKQDpE93Ugn
2017/02/07 17:31:19.175329     l15ygeTaX1nqzXV7UIB7kBeMHy.Uws4CXhFKOGfiILHQ5REjlAABYkULzt.rXO5ZpQRBFdEdnjg73S3sHvpB.orKcN Ad8tb
2013/03/23 02:07:32     Js92WvF1m5B10jcWPBejZpfyf9ZEdMnb U4JUUs7Mx2BviYM 9GCuLFlquGt
Thu Feb 04 18:38:35     TDeR.69dj2TR.7b
Thu Sep 03 16:17:21    890t1Su rKRQxVTJ4k3ObA6NOcd7 yuosJ8zKWf6db n8rHl.73El4cSV2BOiUP.2GQyM
Sat Jun 12 13:51:35    x5JRkHEfF5wR1fkiHHCR
2010/07/27 08:37:50.508252 gWmZCfbkI04 jpPE15 bNTnZ4q6F773NLKyMdSSHfOwtzFYXHH0MacFwF
Wed Nov 07 13:57:48   6G fgX7nPAtr0tcy sp.xk
Sat Dec 20 01:11:46   hoLRpX7R9TxhFjJxSxHuxZ6WvjOHxVFV78TfZ1fhmduFbZS5aG2ZdBs
Tue May 24 12:12:48 p8V 77nxqs1YLVjN5HfD1HMyC0YAi1941plgnv2 szJJsw8Jvw1joJzBdDKft4bypK.5u62v38i
2007/07/24 20:52:16  MuNxDHVhbHdrTwi24rZSjXP5ylv4yBR7PETLrPTFseIUxQxMb8UYeGvPzYwVB2Nej0X wATg6mKV1FwpbkmInLC
2006/02/07 19:28:50   QEwaJPxIX6J9QHvfFtkKI4GSs9AzcnwcwCCR THTRP3CMBb2xljNIruS4Ptw8x
2005/03/16 09:33:48  DJHsETfD9P9kMS4dau6pWs1iNDRUiBPjfsotNskBy2vtXijkeJgV5oR2rpNb QgPl6yXK7Sgc2.fO2sf7QFXV4c.J5dbdv5
2011/01/02 02:33:49     Ow2hbaQc.g5go9fLP8Izp7CxqWEzsOvWDyH3BtUHnrxfkgGKrzpp3Vo3mBdTLNm
2016/03/28 21:29:35.118596 lOpfG8ILdiEp7CTUPYB1DzKhkxVP
1997/12/08 07:08:54    maG342Y8hZc3096it3fcwpEHvW5Z5wSdQCx0Coev4HC6pLkFkHs2gVZu8ueAzDJXRZ
Tue Nov 09 07:28:21    Awb2icNCQ SbTVjlAHBw9o W48 qqyKq47THiGEUIS.ruBf.5.SGTej1M8hhM8hh4nmrJB6ZP
Thu Apr 04 02:01:42     aTOi6Kjm0xVv8oB5x1ft uNxTqtXkGWxhq tbzP
2006/04/17 01:27:33  nG3TCS6WC5wJtUhR7TalbGfFiLCFKcGDl7dH7hFd5WVh2RbeDkwQjvUvI
2022/08/12 07:38:13  7OIKCXrh1hweYTYOG4stgdilameponw0R2WjYLzp9TUsL
Tue Oct 06 09:18:31 vC8s9BfHzxGKtWZ5fPJLRnH1YnHVd
2012/01/17 11:09:17.373275     Nw3Wh9uoxYghY5VzEJgT0VhSgXwdT9tPohmiCCk.j5QQdmbrrs7j3e0fpJqrOhlEFtjk9vegN2xA5vD7SWWsz8b8O
Mon Sep 26 20:31:25     BBuxLDXXLvwVKsOvkl2y hisWwU3EF.dtY.UKDgeRVOqUOAKGyHQqDabxsLki0wKhkLe.yi37lv6BTONMj8rsrPq
2007/05/21 15:24:43.635309   7OhWj bZx98vJOsFn670CaXs5YydlGIhnuhn76xPY 6i9j
Wed Apr 17 21:45:08   4blUSNrzJW3Wfsf sJv9EA8179EnOakB2V
Fri Aug 17 01:47:24  OvU6hm589wEjdav
Fri Sep 24 02:24:45    mGdDWkXPt1Kr.elKZButj3dnkhjAwGzn7Wf4MeQ.Fn0K8w
Mon Jul 12 18:02:15 QD9mfgyeh7kqBzTN2GZ2hEhaDhdPr0OAQMCw.Eka1efzs3uevpfgX42qDILXA4e1l zsp3ZzBE9IcZED
2006/01/07 13:55:42    UcpPBjn0LKRATu10j5oOpyoY2.ySDg8gsPziXrmKYSwGg0faFjEEmFMfyOdanjTz
Wed Mar 10 07:45:10   Sq3SEdhOSUllG3V9hBMTR2eX
Mon Dec 04 03:11:48   Sq8ToA6ZzFWKbJvT.fhAIt05BYMRB4qWzD445uuy omuJHzV4DYYp6Nd5B5wq.kYqyYLl
2016/11/05 07:37:16   JGfgAWDGjz iOG
Fri May 27 12:17:23    03Gsthw1rAjsmASx802FuY1.0KWu f 0sr2G5hjj5s8qdtC6LbwgWEPGErlTL3
1992/04/21 23:23:12    QAj8fIlL0WdgL2Axf21MP4 pC4P58ldeNMcO7AWAdpfWqBm9X4yADA2czsJ63
Fri Jul 20 08:42:43  OXIdltzDF0D9DaHBwbtRkdYyQz85FENUpFKUimRl4WqJOwG9ggvt7JXM
2022/07/20 08:00:40   SxiEWB1A6UGVZj
1990/03/05 10:18:12.85766     QN 2IJca68BnlB2fdJvVLkJDccOfe4Gea6FmexgdB.NVLE52F3bejTd
Thu Oct 28 00:41:49   YCL3FQcrkQl.tye
2021/07/05 22:51:50  DvsKTqXWT2hSKjflK9Y0TbYArElC74Gsb7e5LQyUvyF7Nu K HuqvHskK47VRzzA5N6 s9hrjtpUH538xt
Fri Sep 07 19:41:18  oc0mNXvfvesrzs38CQ lVthrSVX4r6vvk iA ox09tmoIzn7j2xa2L1Qed GbR5Zhln3 LsfiHlfjz5OGSbDQBzM.IUCo5
Fri Jul 02 04:19:08    g9tDW.gJPd4Z.6P3X7rU0e5oyTG YaXBf jmHQiiNpuSJnmtFW3FqkzykXmxc2R2
2001/07/10 02:32:54.469114    05 r4MTmR6l5UN8UGvw
Sun Dec 10 21:14:30    zs1xP6cjWAOa5Mus5jl6Cy9BhwfDlQi3P97fXtCI3jekPlezi6cXwkweFQH
Fri May 26 15:03:02 1qXSpEuVtBRRwSPpuaVmukFRKy5DjxSkReCFexpAsjm5hDdrkYfCYEFOOKGGcwdIXD.xA
Mon Dec 11 09:22:20 KIHaDS6j0GVOTEDsDU xeexKpahDxFZ AnA8
Sun Apr 27 14:52:21  mrvJJ5sPRfi65 h2tCZFcRwFCtt.P0
2007/11/24 04:43:28.817278 PL6l8UVxfq3PdSoQP5ATCsIi uoEG6Sgr89q1zujYUn3EF 7oggWwb8lQN06gBBW6LwtW5oEKRVgC
Fri Nov 10 10:47:58 ZwjoCBkCHWQ2kLX0tChbVxE03Ye.bYBH5NIgpEiJYTdbHbefly692GsgWR1pHGQ8idOdi.zpX3
2014/04/16 16:24:23.193057 otZylJfGdePBoy2oe SwOI6nciioihjSMdR3KJ1W4CF6ZG4EeshMgPftsmHobP9ashRBlJ yeOl
Fri Dec 04 15:30:01    N89hPe6wPjFf8Fvp9BbaAwsUBqGv8PRZ7scEcI.5C23WP3lFCXdH1M8rfCsXf2eVZbuzQLkS0FJ
Tue Aug 09 22:27:12  R5pA32wDmb
2022/01/23 05:41:27   pK.WQDP4IqwROXteAFADutO1V6qPtSj56nOKSgSG6vHy1stuGTkWYsrNKNyT9M2Hk
2010/05/01 23:42:34     kWDoa4yR sFtUrsnVfTYGVEAYPpV.wxoO4I VRSMt6V3t7AWDoyp5Kqn
2019/11/12 04:30:49    97xj3eg5Le0bKcvYBU3NgMp6wdrLO2550h8CNj74yYGMOP9T9naRVEe0W9ArPT1t2jDZJvft
2015/09/14 20:19:23    OdzJVmMOhz0v5BaRpQ8h41ysI iW
1993/02/10 14:22:56    TQmW5UzeGovESLHtEDrb8.o3VFn.suwvQaF.tKRJL2BnvzSRsM8hYzec1As7F1orXSdWbYdj1j9q9IGb
2016/08/03 09:31:52   urqJE8vR8qeWJ96YIRczkLOvl8EvyQS.rutJF6fmKJxKLQ8Jj9DqUkgVG5IaPY33CkroTHcjqX4b7xTgEEPd0UokjF3
Fri Jul 18 14:08:52    Rg9I2KByKjYatSQOTcZMTzKk1Db8 mV1JojxK 8bNvALD YakXJQYmxSneEtva 
2017/07/14 11:56:08.246864    KWTp2uQIN0AuNMYWk7YQV3lVAxPhm A8rocNNC7kZiKjoPjba88P2IBd7iX6fbIyUjbjfwBRJ4H
Mon Oct 12 08:32:33  THnioaTMevaAiY6C9P
Sun Jul 17 10:31:26 azdRuqxVAVImVuPcSbSVF50Sn.7P4k1VIOJ55QLsO16dpmElA2vCvK6zsSmkPUSUOIIa
Sat Nov 08 05:24:46   gYRJjlJHKNHgvw9 gV4biCg0nLsHZWNRu5VE9G79LrPnaiMnVX1W.o72ewe
1999/07/12 21:08:39    fC.8gIOaUmXOl7zpO4nD5Dz
1990/03/20 10:27:44  tDpbowOZQnEthEcK1uxLK.sjMPZGu69QLqxHDCtD0Xc4beUwySvu 1KTqQOKRAgjhFD8f jIxZJzA1XHOsMCDTOn
Wed May 26 07:32:45   gkniCMQZx22IrYN5
1995/07/22 13:47:21  Mu.VaDWgULfgBCDOjD.xKX1DVTUsnXg.8k0tPND GPxC
Wed Mar 25 09:59:47     fMl6H7qYbh5d.57p5lD3v1SjMcbch3WscEkxi7hrnuX9.mVAD8
2013/04/06 16:49:11 gdC uTZqYbHVUAYbObvdmuHQfY8MuqN A2phsw6NLdHLwd1.dTDSEN
Tue Apr 20 02:34:21     sQZkxrc8mpSsun28Qw6TRhz4NPyOWb1ajvRkkt3qHCt8wy4u.WIrl497
2022/09/15 21:37:55 00t.JuDJJDVmcwTniaitL0PqP94ZBNZy6kvYBBKuoQVhjm4x.DJcaCNGHkcJcBjmuQw5cnRR3HVNpcJgCRGIdT6o4snf26 
Tue May 26 10:23:17    sS5x j6ELI8QX PqCWzT9PA.sSLYS63w2tUDl6m 8Og9UgfWQLzPv5jj6Svnk1
2010/12/19 16:29:35.997800     sjm hediDS4d6BCaVc2obo5Q04FBgFroLT3mgA.X3Zzt6Gi6gbBd9I
2000/01/14 21:20:25.577840 DhlY qeC2a5aA
Fri May 07 15:19:04   HRxj3qt9bKWTbOBWdm.LtXpsgeZ8fk8vz2gKAQUxoeDegARpUzndc84m8UMKpKoba41NyGnJLG4EY7 3zA5Q
2020/12/04 09:30:52.569810     29dGrHGNNKmIejqgc6ms8UDV2Vr 2I XReIZbn.hAvvtSxHRB7jDvtqAfZLfkxM
Tue Dec 02 04:52:48    n90VZGFeibx2nx417v6YDZ LZGn5AYjve2RlNCb8wnrNIJ3NN6ThTvvOs75zvLXZgRc4BmC LECSWYUrU4.hNvoiv
1990/07/04 19:28:19.237320     q86xnMIiWbdMd X5fVL t4CPpACvfoNr3qV1UjbL7X0K.UvhgjU7U.2CvjX5v.H
Fri May 07 11:03:04   lVgwlcics0 kpl1aneT7Hloesmme4lrLbtJBPdhncLsiGmekLQDIGkKQSYQd07xKlmmiwXrQU.HVeb
Mon Jun 12 17:24:58 hsIDbQP 8N0V8fnPa8ZODzywZT91oFTpJV7QH0J54OQ4CVsb759j4nGNgA7JM8l11S2F
Thu Jun 13 10:22:42   qHGw3mG47eB392cIJvC9BptHhKu0DoHVsuMcC3mvtTfl0v4OmNfZmPxabw5NQyA9VQUEjs.341
2003/11/25 19:02:46.210501   46rqguN45kdYda
Mon Jul 10 09:28:27   PfppJ4HSo0W4pqYcm  Ue9pLO2CZ72RLEMp5vrjTZJ5C ndQO5yVr9FV9zj34MQ.xCPXOL07usiJvrkGVAFa5UTxiBI8oHuH.pMw
Sun Mar 05 22:26:48  BFQA4AgXVHPrF
Tue Feb 23 22:51:41 9sGITivyBiVRk34sxg0qZ0SI54 Kbvt9MfwiY3CsrZiV5TdPC.kUeUw5e4C.4tokD691XVI1O8o0wD9oDFvLK3ZI
2002/09/15 00:19:46    SzKrlSUOXdNmsXxcm18iJmoV2Q3wsxuua5j
2003/08/06 08:56:35.406093  E.ipWLWlvlEWE3J1avqEB1yLPKX45XXuO15L
Fri Feb 09 23:51:20   DdqQ.uCPpSM5CimvZZadhkZ3aoih
2012/02/06 08:56:04 Hr8gChPr1gcOwiAF vtxn2QIf 9ZTnbb9FDRsYHWKZtHYLkc02WxnOQeOGg
1991/07/09 06:42:20.373954  yrvfRIjDSZhNeviPJSQIv81Da1Js765YCt zb.0nxCJpmuOnTwQz8ksZS4shzl
Fri Jan 06 14:58:06 OSg 0Xy0Bk2vWLHbMRNTuvqb7LsgiDNqgyZfwb2xNBrBH
2001/10/28 22:19:38.318052 d6FkNgffXGlTcJgOUnxYS2m5.vyXPwPLteB5pNHXJsWpI1.1 VWo psdWiqt3Y0zQAjw2s273U
Thu Oct 03 16:59:34    yW1khtQceJwgQ2kY RU3msr2lDa8F1gXIYMsprSgxHpVZzxUu
2018/02/22 03:46:06.844851 dPxwG5y.OT MJ6mHv8uJEOerR.kOn8RlUU2uypY0
Mon Apr 16 15:42:34   aMN3Qk6tlsvGuwP mcN1r3HzQQEuwy.2Qd9Zd6bQtwmGu82Xgq
Sat Oct 09 11:51:21     zG M53jMTQYjUoA.U4h3YplbaljzBt3FMsrnnK0rweLl.X04ozqCUMN3aD5 xvzNW4ZxJbE3sg8hfdQaZBgq2 bQ
Fri Jun 24 07:52:05     jnj 2OUwS7HtuIcEBnFi9Q9Y.pzVFkwnfY9H6Q.q6iqL6auO9A2piA0 PANG9
2018/06/28 11:15:17    P9MAc12IZLE0dgXPEmNaoAXMDoCcjCadXVu2NYxfhyAvLCdG3nQEHzSEAtFhFYLSybCwTZGD
Wed Oct 03 05:33:38  dvz5vWRhwwLl1kuwV9Uc9bxZo12ZS87mkp.CAPtepsuv6pVraL8xDSrcvte6wcolHnUX0ft1vPAimZ69F
Mon Aug 23 07:48:50     PSN6u4ycEoc44tdWAB5rddm1uKNv3fp0exlkI6wh2jCP7q51vcLVUXBc3G4IJ5c09IAmk9YFYIkiZmiNJ.f1Rv.FgELRdZ
Tue May 19 14:45:17    Cd47o7uudb7fXmUepvAvK5NGdvDyKb mjsKwOyhbZmBRUeCc iTEy9CdbFAYsr1MNm
2005/01/06 16:59:06.827283 t9sCe99smvtx77W.E.2uUk1JINXVO4NRw.WjH8NP8Z4ahL8
2011/07/22 09:10:54.597064    oZrT7HoPlqlJ6Pf0qwdYaXNKTjnDyvLT356PiviTePE8I
Sat Jan 24 18:34:04     EdiwcyhM.Bx8rTVjrW6iSvtu
Sun Mar 05 12:16:44  2A95o2eSB F
Tue Dec 06 23:32:40  CubqJAOqalJHULK8v8N7L9MjB5cYq6uMWEYLsInl3mv7tuEmxIFaKiY1FoTLy.4qM302KEcgyWU7Jn Ra 0mzJ7g
Mon Jun 25 00:32:47    h HvEMNifdpkReNZHskIQYPxTyfOV0sRvtjGF.VtZCCKNhl2EpBTB2okh
Fri Oct 21 06:43:10   cmz4R8fMOBDCszJJwgbuuGCXcwfWD2zcRki2340TPQAEbVO5tMYLHUlqO4Iq5a3SUb8MWc.J9xVIVNySOmyMI TNq2a
Thu Sep 02 02:01:52   lsGU8BKErlWny.T497GnoFrWuApt3J0SGpcqSMlXJyTZiRkq2AjtNK3kulPf0 p.5NMFBPkoMNwv0hq5fG5ILH
Sat Sep 18 15:05:22  9y2a4nb6XqZ50ojwP3ywwe7bZ3EWTZXStXYeNkxXXrZIDkiPGTdYDC
2006/03/07 09:01:18 ybkBAUEfCYAQDBU8bPJaA2hFJXnSLZOoA5Nne4s.RK624UixqLFQ0rnFuABEa2t5Y8nT
Sun Feb 25 19:03:47   .7VGHPBAb4m1a20hrEP3CE1i4eMFL7lFQ1Jd
Sun Jan 15 19:48:32  k27n46xiIaQRJXiyJTtznXbLWkvBEHXlhGgpQabIwsRe
Thu Feb 17 08:00:48   Swcb.DbXazZ.H5CbajxWGESq9.gdAuY3oaO8xYSuZztyv8jeufXFr7ldR 18TVg12QFqKzC0O28eBida6K
Sun Jan 10 17:38:28   FMdUuRjPrVrvxsAPlyWPxoHz6XLXCJ7PtdYEO0AkAZorHhHcBhfMNQG46Lpn
1991/04/24 09:35:12   gEst9kJsPIA2UwIG0IVW.QVj X3tm18kRLh.IuaLiP3Z8EAB1WQa
Wed May 23 14:09:20  aYZnY4SQ1Z1cx37CGTGzV2e7a
Thu Jul 06 13:46:49   b30B WnDk6Wb8sCNc2z.0BYj
Tue Jun 14 12:42:16 EBfU.jTZdXHqtj1YmWVxD5 hcLrVVkrfXoYCunM89rpKiU 7cGeS BH5M1scopVluWY8b1PKw
Sat Mar 02 18:58:37     Q0JtHCNaCQYaM.97MOCgUya5gT9KE7Dv6a3dFpuxycCB9EBS1Deyx0gqF3aRI7Z
2014/02/25 12:32:00     4ItFUi2v2ML3Usu4SBYI0CWwjPFYKd3bM.wnDhSSJhtBTEW75JAzyz6s
2002/04/17 19:02:39.509564  liqNQv9yuWtdnrmbTKCQchy PzZ9sUf8Qdw172WLkD6GFwTtDsl
Wed Nov 14 14:28:08      lDY6R4J3NfTE9b34MpKgtMRq9Ftpxdcl8kw0OVUcxaaMcg xSXaD94miyBpBrhtjCucYE
Sat May 04 11:00:06 uKEDLt6CgeinLuQIa8 dJQmbUajhZfvBc5uVuaBknhZiHBNUjLLksrw8EjGx4MsE.qvg SzAQshIuXvxCGEZuY.KFk.gQL03KVbb
2022/02/07 05:50:33    N0ODcqCojzR3mbx9A92mJDpbY3W9
Tue Feb 08 15:46:46     73HqGTuR84llQUdcqvg91zTLoWvMRxA4mTXYYE9zSg2
Thu Feb 13 16:19:34    KDu.aICuIRphmGQ4QqJzCaApsh6HYEX1VO1bnpRLQ8TwReWc2WeOjWHDn7AFFCZdD82AXjIGHGVE
2002/02/22 09:38:07     E3uzt8KbuBoVsFs6S
Thu Mar 13 13:40:53 60a 0YCuTWiivXZh3bpn2VHXMwtUywopqk.kjr1mn8HALB5vym
1999/03/26 05:52:33 Rn dbkIU0ia9CAMb6ZsZ57g8MMan8SFl7.nlpgDzveiF9
Tue Sep 22 15:56:31     Tq1Vf9a0VxiWwPEUbrrLIcOAJhNHS93qwTM7 bGcN
2020/01/17 03:44:58  nhbsaym 6vkNGjiBuxUTK2MXlYga4bBcVXELsiJrQmRSDCkXkzl76Zpif.IaHr5u zwqLigDX2eHzPjIVAbWrkeAB1waXl..Wt
Tue Sep 11 15:33:51 30GCjZpM4joe2yvW5BbxIBLT9EPST8PZjNEnFdOvhuPnqlHlSPi phYIgeaQBm0nUvf1Bru
Mon Oct 23 19:06:09  NCVaM0XrOxfjssK2 YEWaAkIQv5gDHTNmIq1vjI0K 5GKBy6H0kJzhEqGnTQydwxzKwWMOSC9
2007/07/25 21:56:06.902724  XPFmz9Y7.TIjbkhlAkF
2014/03/18 00:02:28.450293     A3BqK4BC5Ju5ITamCg4HLDlCeGaK7c8FjD1QDTe2LOvn qjnuZax3vT48pFv
2015/09/15 03:40:30   vrgrGWLEaQBg7PKMfqRx1C3lAWP01i7euyueZM4MBO1hHjEjM aBU5Z5jjK1ctDlc 1xFYiizeA.B2S JRsc3g
1991/11/07 05:27:37    6RSdKE1wjns4HzW4qW00FXN1pTtuzW2egWfwEMON38Hr3lIj7OdGEJ9TW6v29zmENUO3
2013/11/22 17:49:09    LM0ElCOIQT7pY3VzAz7.M9n
2009/11/24 15:57:26.333749    WDDfeEvj0dn5K5MEQoz9nycm7QpzqUP9nudl
Mon Feb 21 07:56:36    qw1vu  oXyw0NSCy5dN43ygdv4risTPH5HCYtW65ZSTOrDSlePW2ZerIBViV
Wed Feb 11 10:44:43     Gqf5uy RB6MVHNPqiqz4wpemAt3cJGl 4y4BGVyN0RWtNhpM5qFsi5HzpZ0 TjvVG1BnU6v2EbDHj0P.PwP1CB.02OnE2Leb Ss
Tue May 02 01:44:18  4eyX57MR DXmDbcb rYD8J2FrskZPZdsSCUCwlEOgrkxZuoEcbr98U
2016/04/16 07:49:59 U0uWsqy2ateSXaZ.g3cKKzmh5gCpptp zXhAtf4XAtQ8v 9CwrCzZCia.vv0.q6e1LEJ HK7x6.tE0NGb4NVDk1oKf
2022/08/04 12:56:36.385184  bEtsXDisgk45dQ3GHYN hzjyvFyve 5YrGLc7nPT0F5VyFdIEoX
Sat Aug 06 07:28:25 .qqEFGmRccEuVfYRe kS8OjT448C7DEDPm1aZbQRyLTYvc5e5bjlBWNfUO.35S1ZLbQNiZFUHbZM3t6BLCQ9Va8h
Sat Mar 02 00:06:17 oFXlzUiAbbzihJzJNS.wTHRfD3nPsChL6uJQC1hMKDe3qLA9AWIkQiAcAOgdflxnb9TzUMezOOz5O Fh3mMHcnF0z3YFAC1iyOM
2001/07/05 12:45:10    FD8YFCbPDRWr2RPyfL4PtG4ockSza9tB0ze7jJWlhnCwgY
1999/06/13 00:51:06.741261     IkoNI3kTJjdLdwrNKkfCOsu6pB6xCUHgY2k2glMk6Vp4MPWrMMJeBhJv1SDBpEhX98zZUdBTFarfg8X9G6c
2004/05/17 10:53:36.790087  vqZXHVDVyR6bE5FzJfvtYnWkXpGe15ErKfkBweaWHzyUB QIwDsRLJ6vfaVSc9mPXZHEm s9CiPvqGwFxkTzx
Sat Aug 21 22:37:53  gn0IybVUy4a0FIE9MW JhRpMzWeOWSIcpxk3EC7Q9bYTjM.kSwcmtFhJY7ItnXh
Tue Apr 16 01:42:47   b68FNYxnmLB3qmlAoebCjGNJO5R8N3h5N398JK6Br2rsQJc8KmvyUgnBFjHreK6LxT
1993/01/12 14:31:08.254605     r5U62XRaB0xiZpwK0.IKM5uocUuUvjuz7CrrviQbmpqUdzjA4amHTknzi3G9ZWoSrNtGF9VYnzlfJb4JXRtWKV3UL93NsRb14pf
1995/12/27 22:02:04.444106    Zmw0TJpGvIFnu..aL2baTLYIOELuzfrP.mcMvq4OlL67v0ufzG.WBAVmmlkAGa7uR6b
2008/10/11 21:38:06.559950  8tHq 52hlaTF427Ww54m4WkeGQXbgEbekeZABRhj1w6FsohI8OWrb3D
Sun Feb 21 08:25:37     zWbmK2y8BKXYMakjfOv1DH hWcz1D.XmGYs0CTlCYuTyb2B18xzzCKsMMwOzvwuwX
Sat Oct 22 20:59:22     IkcefOa3BmUrQ9qABqcrRzw7gr3CqcqK9WtV85kaAk186Wtedstg0EhkZpcZBr93XkicoxlfCA foFv9Hoe kFcJdQoZxinRHSy.
Wed Oct 09 20:46:33  Uhe0wlkVDr7cZVC104YrotF0F zTrJQ9ziucB0nmKjRVGNR kiaATLOhNe9DVXM3xyuH0Hnq
Wed Apr 19 07:16:44     mQireGvf4b7STL1emQg8J0EbPCZnPVJAlHnuVOQvoYCbgodsc7NyWrm9WaCCi6um
2009/09/23 05:35:50.369619   X4689qxawC umILH2aTneoYBWyDz7H.CPgpu
Thu May 26 04:56:30    ohacaCjIR2qCsxwDnkmUYEc8CEMycfpofpMqjpUIBm.K3deSfR9m6jv0G
1994/02/11 03:03:49 TEd4V6 GrL3oLLaTvSu5uwqjyXU8xmZx1I Lr44vJfdWQSjccPgAy
2001/04/27 10:58:42.120565 Javo1PLOdbB8clNKH7WAUREx4
2007/08/02 20:24:47     GpLfnNs0JY9rCPNuHXP z81E5jvv.1DMErE0pV
Fri Nov 21 11:54:09 c0u3xEeEa43teootRh kLZnrHqVr4PBdntvvIfdKk6W9BeBFaBilsumF7CLkieriQFXrAuhvCJ
Thu Jun 13 17:15:04     qgR3ZRUecqv45vXc6YdL62Q.kZOzhLrAxVG
Thu Aug 19 13:02:36 D.9otRkCN5LeNCCS0Clvv AZmRNH
Tue Jul 19 08:19:47 LdOhVilgN.f73V C0YCvlulgi.OmBOvAGK8iD1QlT90HxZGmW5eGbQUH
2017/12/01 00:36:12.293797  DQKrBmQWcPkQKmirhJppzNR729L73VToPO5jiGARiW
Mon Apr 07 06:35:23    DYfp4Nf9UkMK0dFSmA5UB5zmFDjxtk FZIzot5ZMSa8rWa8UkLjIkd7fhA
Fri May 28 02:06:42     b16Z2hq2P3uKr2MI.KP3
1999/12/05 03:29:06  wg6qBXdSiBnrcbF pha BLuMkpbydFgFxT8V
2014/06/18 01:45:07.795143     AG0WB0ubj8hnSENLU2Zakp2UfzlKNDKVNJqLRTznDLeESC181xxyTHnM.5xS7VTIxswxEYsjPKseMmoEoNc5ZIF
2014/06/23 15:23:15   7ucPLxrUGjBeRIggw3K8NwRYt7BQscQhgaEF6g01czOB
2010/11/26 09:06:22   auR0u.4vMJSGKocMe3nS3HvBV. 3Xy.3zPz4FKIJ8MdDdh
2020/03/24 06:31:17 .NgH8wXC5tlH
Sun Jun 03 02:42:54 vTql75xvPP9 ZSOSLc9GInECOL7rULKHGC0aGy2K5HxFtwq1SsApPOP5OBRymQPJorenREXtJ.dFIVsKdDpcnB9HBRqnf0BmSL
2005/04/08 01:35:48.17943     EKPF1sDprDwPDxoRC VR76BrHI9dUC
Sun Sep 27 10:48:31     2DHosaiNe4EfNUi0ue.
Sat Feb 01 12:36:26     BjqvNj81xNd6MlxreydKHBIV7q1pIPAmJYNm9CY61FoTclsAk7t7QMOMUJaauPtXLmv5yflLvKWwUFALbpk2JeJkJJdGPC7EAo.J
Sat Oct 02 12:30:50  KupWLQkq7k9mxUWw
Wed Jan 01 01:48:57    aFZ Lk5R4X8vQtunypNP97tULa30F62N3Yn8uik0qvIUuTcl9ezcTKmFVtEKwd03sAv.OdsZwNupItz vTwM
Mon Apr 15 19:51:04 e8DGTNQrkXTTXjNuMqD2LW2Rki XG v155.Zmno9k6LuQ5p  z.Wb2IhLh.C LyvFfLwR1DFM5krX
Wed Aug 06 15:43:32   MqGnClsBNq2z67TJ.Jdtm
2012/07/06 15:26:31     B5N MMfsqoDZwW jniZSSus97q
2022/01/11 13:53:54 Mv5BN.BIVW9He7iVlilQ5G7j5jpe7hPHFE7jEjRT3AHkUbwNkdd3ZoV0nW1ZSgxny
Wed Feb 02 16:27:46  Fb85 qEkHmCXQvHq.XtGVXkfKVBUeG
Thu Jun 20 20:21:57 dfrms6uDZ6dJ0QHgUb7m0eUmVWUYXQOkytDX
Sat Sep 19 09:43:52 GEuY4oqCwmlH2pAisV1BkX249GrE1hhFwM7P62j5cY3CIhDq
Sun Nov 25 08:49:18  NxzDWC5up9pk2xQaZLefQLxMqNDTCX8wFzmq
Mon Aug 17 19:15:02     mOA.YkLJl6JohawDn.Q7xKFHST0dvfr6GH.vwuVwMWobeLkk85RMHoCmS9MjFKU.3qKSf6RwdtsEnSIPox
Wed Jul 21 21:18:57  TLo.7nVnw.d0pBsjc8yG AJ2QOD 5KuE0jTXbdxHU2NO7CS5JbCdwxw9O0TKCv6fWRzZK.Jc5VhsSre.GOQ
Mon May 21 21:43:18  rJLqjR13kNiFyfCZVxKoH43SGNmNxyXRG
Thu Oct 25 17:17:30  m6.dwie2Kh9JVjvmmGXJPsecNEKvyhmlfK5hxZYUe1BOXvKVmsyliIsQOJ7QhR lKFrcuKvafntwfRNyWg2ARBhpyEvTy5zfdJV
1997/05/06 19:04:16.554144  nz2zO.WojlOvV4NEf0CmWCKJRF87
1991/10/03 12:04:12.525407   WxGFlRxtPxIQWE4E85GIzObTRlvljycljUjQAYkuuX3pQ9U O5APLDn7PPFakZ74RtKAKBdMG
Sun Jul 25 08:16:33  9b7MhyfPsgFKMvk3g
Sat Dec 11 01:28:17    dr 2A8rdRTn7ns9nXUvLQkRqJfVD7vFLU8gPnsTg
2015/03/06 20:32:49.355592     r8Xjd0LD5n5.VSeWeygjdDu
1993/03/22 13:17:08.916146   7wxFhqmBWachXkPsVcBYfwUljNFy6agZoKuDm5lqg.2RqJ
1993/03/21 18:17:12   lfvsJ4K3L04psH OalP jQ8gg.rUzagBgi9Og81rtUuv3nbjTyJ8sgzIpYMmFG4mpifRnaW8SCLpp2.bhFYVP
2010/08/22 21:10:50.302169    KDkwOordJGymQmvsZHlshK1EW8LBOGVnDc0 pC5UnXEV0e73h1Wypig5Aupifuggdw
Tue Oct 13 22:51:38     O8RhgjUyH95LmqVyzrWGe7eZ8nM1eRULfa3sy56m6R5JaBZ0x2SSAZO 
Sun Feb 19 19:33:55     g2iY4BePIPf8g9Bnv8wTae wkw531877oC0ff2KQqo0.w dW86nqFKN5mNUL1bv
2007/03/27 10:07:56   QbyuiK5kZaU1l4yiNQ72IDjBu5amouSoFtczkKzmJQi7E0D2geWlSHjDhTVJk
Wed Apr 03 06:05:49     B7gROyy.SPGMwTgI9Fwmx6UccvWjKLkT0K09VGLwQczDxTbNHmj5hQ5k1HZPApEYiZ5mPxKwF8ktfGHsCId.qekOpRHIw5j4W
2000/02/11 13:31:51.72084  Jgen8gT6Y3ghgToT3TkznWbBpNaSekY5O3ioBcHCbcfmitvBuwGQ9D7BS4ZjiW1IeakkEI4UR4JdFGkk0o1RWlh5EVviHbQ
1996/12/24 14:03:19   MLY1pF7lgsqlGe72lgXlmwMNbWifMi9J25WhSZjwsstW5b073t2lAue6T1H3fk zl4 5
Sat Jun 13 05:19:31   6PrVk23QhJika.y77bTXr7adYg5ruGNzMbDB99garHAAXH9xOcE9lrq6HXnvEaI0jJnGiTWQ
1998/11/07 04:11:57.893888  QCLG.5VfWCibC.24PztcMaad4bPb.Mq2hlfs
2004/08/08 17:48:55     eZGXdZcCktc8PX7Inok.eFlZ.QNLpDw7TtVJ8ciG1Bbwwlf4Qneylc gT0IFBkarJc2BShhmTKd4JXQ3m
Wed May 14 07:14:23   .JYqiMUb1TG9W9PkfLzbgd66 5XudWFT21dtp1iZ HSgwGQdXyiTzH6V.QHprLun9pkKyO4V3ZzbVJJf
Thu Jul 01 08:03:22   aCLVLqdO5T6O.cX6hqiwe3wr rpA3Lr XOk4nGuZ
Wed Dec 14 00:30:20   tnFiQM.BZAZF4IdLnFEKunYa
Wed Jul 23 01:01:19     phPloxj2aylPQC8O4QASYewofV
2005/10/10 09:17:03    tLFVPMkjT.HTML3bn7uW
Fri May 13 04:30:39  OCaH2DKeibkZZPBOKf0lYvRZkPHJG5Nj
2018/01/05 20:14:46.279961     sag7Xecyl3uHC6Gduud5nN nvu74P23kwqNT1oOPWDxHBi39
2006/01/09 02:07:32.327193   9mgZnuTDderrrF6wSQzjyKpphaD4V1v7OofHUBN1vcuKMs3dHeyn376w
2021/04/07 21:58:56.296575  V81W8COr3FrJ.UZMbMfpk9cKNj7eC4.oXwSzr8 FM9sv.Wb82y3SMlfcabgSC59TVAf7g5LsJfPYEwTaPNJRAxWdpbdlk
Fri Apr 04 18:52:28   EYqA4Y9BthU0Lguwx5L
Sun Aug 14 15:23:11 uwdi SlvH.fDhjEElvsbWKl3Zm3q9jKkOpR5QWkBpRGCVhzpT8Q55tnChJsoJEOKyvae34jzP0yycDCs4OfDxh
Fri Jan 02 07:38:55   1jgj6YkxCqiErF.oWpZWjCEm4uoOZClZhyuSZ.46n5ytgyQXxvJj lUV EWZVCkJuwZnhvqEboC9
2016/02/19 09:42:44 JWIYjuyJk4ArDuWnsDNnK4PhOgOYFJG6XBHkn7fQQxy3MqZ8SG
2011/06/10 12:35:16.999839 jNMAeflzpKguTwrhgMnUX5OcpPYB
Mon May 02 00:36:49    7Qt2pZgMsrC2Hn0X6HDsgkqg.HoDHbsbM3L5Gccprn.ldoHQBzLon7FUFxz9ERN
Sun Jan 16 17:10:27  V1WjCo4GNOd9A5aKa9RUD.ziO4bbVXLv .rGbhgO25PE7J6F4DtdyV6cGDYMO bLaBU
Fri Dec 27 11:26:08 3YIFsCW24f5rssUHxOG4BIpGfEXBAgjPS3aN
Sat Oct 18 22:37:59    TmxVyDUzoKhN2azjtn5gNDsIYpQI
Thu Feb 12 12:10:03 wztjeigbw8yZOd1exOh3dsc 77jZVxBfL SYMmespFK3kRbuG6GTJ1ymx1vlhvLSyWlhP4lusSZbU808FqI7Gs73Tr0QdOE.zrqE
2010/09/25 11:45:31 Q.CDfOmV7VOm4xi18SlDaYoCMYj
2016/12/08 11:27:34    e7OKjE4vwJfonV6Tw1DYR3OfENB6m6JEBbaj9q NEt6R63adguY1bGvlz4UyJaMg5
2018/06/06 21:11:53    Cc7pFUpATAphEzCz7OaluLZFUSrEdlpAq03
1992/07/15 23:49:42 9Y6IiRxx 04eqNTB4.r6XTzpe7Dt0rcdVTEpEP1FVFYoly sLsv3.h.tbLTsrE1jncUFQGb5rgVSWbYcudUKDn96LP9
2018/04/03 15:19:49 zIrQ9xYUXWfklCzmOY6
Thu Mar 10 03:03:40   pvfErPNmWojGGH7S4p6ZXsugTE2VWS8Cc8maNWCdi4xssbTe4JPHd0omkS660F4RzWgTfpgjtI7Oc BVD6xMU
Thu Sep 21 11:39:49    DPdOWmYWTNeN6
Tue Jul 14 14:40:27 Qsa5HilzT4c SNCRi9tJZKDsx5JVgtIPhibA5LVnzlR1LvqRPgE1 QAT
Fri Jan 13 19:46:02   OVkYwsYlk7iWDYQeALqvTV.LFrCUga
2004/12/15 11:09:29.926296    7u0L0gHSowUuzWv89roqbE1Eix8RT2wRsQLbPBxpoPtoeikan vDczWH190U71qPH9H
2009/11/08 21:48:09.888799   cwz3gG7sN6Umemi
Sat Apr 04 22:37:51   eb7zT956nB660pb0eZQwIRU4Xy7gtOl4OZH6eLHu1r6myDcFy.gS8X
1999/11/22 22:33:07   Rk 98Wny4mzzupiU.SnLqP3SXefrOi.EiyeLDoFnmFL.O
2003/12/12 21:16:56.27573  1yGgZkpMhSyBS7..4blc0.sCXJ7pHllwejRlEJFOP2HZ2qBICP4fuHbgtDaQx9fcx
1992/07/08 07:11:10.775787 296qpHE 5mWD
2009/04/16 05:09:22     sjNQtuLOz. trun2dl70FfQbOaZndZ35YK6ow7EfprQ8x50J8ViL8Rc4R1PrtzCuUtEMAZrYwQPAhX.r0iPOoSVdw
2000/05/21 22:34:08   PuHL0jk2cMbD2mMHii3fLRPEmT6mfMx 6rmi7
2020/04/09 15:42:39 0wGutIG9YC58Fe4ooGvGv2m2EvDuqIDXmZB0flXYtUDLcBhOdZ kjVsVYh95yGzOn7bYvtD3LJtIak0E
Fri Jul 25 08:01:26 njC4 NFHGcXmlgd7gXkejnx 6f7CuPv1bFeQDER2DY6MZvY0k96iYuX6yy
1997/06/07 03:55:54     EXdITWY.EGTOT3tfnYLBbEsm3g
2007/06/09 04:48:27     6UXnE.WRP2R7Yg9syPYd9d7YeD3YsX9OkSpkEnpxSfxU0JSW.rcrdkhMdauycx7IxbvIQPAe7loaFyDseSNROi0KHg73114jbKN
2001/06/24 04:45:25.711047    qqrOgNzcJLltwDBXYIC6YuwqJywb2BOoGrvLLByU 
2019/04/17 23:56:29    QBsuHPL1OwK88UkX01tsNnFDd.gVbsqvchG5jSUujwVx
1998/11/06 04:04:33  hjQTBuFkXRfsqYLhSTY44W1OUiYT0knHcrDaCit.zl.xDUuLkbZuAkdEqF
Thu Aug 22 15:59:32 llZEePnl5RxIrcUK24oAF7DOomLwYM4f29hBEZU6y R1.BQYtzIpszv9sPHB cMhyqmZzHQvakWMn1qVm
1994/06/03 13:48:53.163403     qJm6jGZNcigyRaRMQXlfAxF8rCAUSSz
2021/12/06 08:15:43 Xs7qF63AIB8mQ8EmHhT4Hq.N9d0bJ4BJjB30
2014/01/14 20:43:33   yyjrx1yiBVB9Tey6UhByJjrjux0XxwRsTAB2MQDsSVNJ0pM09YwtKkBaUh
2004/11/15 16:56:19    YX2s31kZKBajinqwgir7WVr86okO2Q13qpFe2fXeib0p4demkDUGfuIZ8pDf2wbyKwVCSsvhVhM8z6tJVgTzcTt
Tue Jan 15 15:59:09     fXhJb9iPbmF0ajvFwOXvlr uOvEMlN47elQOF5
1992/05/14 01:01:18   J.CdoLpp4x7IWHDF0cAnYJ2in31quhzQKPRl
1990/01/05 05:14:20.782344   xTqQ27rpk  xlmFKxlqkK.w6V1tVkJZOe4y2Tc35Wt2VMdu8UlCycWs0nKLqS
Sat Jul 21 04:33:13  W4dq9cD72UifD5mEzvOv.lddqZx9iR5 UPm
Mon Feb 21 23:07:42     B20UkCso6bhu1tHmw2cjWzJmS0IM60JPGAifB0w34y7BOo7LY7w3FYN0dP w47F.nZKB
Wed Sep 13 04:55:38    GmUs42JMw7UJSsPp F9MGgsGugy.TP2zoQy7fActuIHPwHFrpUxrtwgVld1v
1997/03/17 03:14:48.212543  hkrcNEwQVPrv 07E9uSZ
Sun May 07 10:55:24  avZ2stLkzTMqzipO5vnJV5QY 5ebG 0CLyw7uFuahu UwSJD3NAjvxDpcryl WwkGh7fezXBRwFh1LX8CwCgH35Hm
1991/05/22 06:03:16.266327  37dCv0aZSPaI02wyncRpHTCICslWMadhUFSysK ybXaw9UxQue2jDjTesNZjFE1qDcKwwAKMdfY3
1993/12/01 07:15:53.990081 10a89NH0KsoLADXE5eM7hd1AZPCXNWXL..SL.I
Fri Apr 20 21:06:22    2AJibZhLrggZ1 NN3oXsMkudfd9xP1EC5vpp5isgQ8Ay47Xvrj
1994/08/28 05:59:29.629030  y7BWPJbHpnxHwteUK D2EJj4J4RQ1ND1o QcB1GeAO95h6CpT
Sat May 04 11:52:24    3E3M4Z1BcL1
2016/04/25 13:10:19  ov.x5F64i2VsQdTZNPJxLID
2014/04/21 05:24:07.456794 krcBT.ChhZQHm0bzuBd264ikA5OhXfkAK6pgfhd7mUGBSQkESxWZ9EMK1meWsURFk.pBGsZKfq 
Sat Aug 08 01:08:53   LjuzGSsrG4l42IQfGso9DlateglO4lBeb0bspYP
Mon Dec 23 10:13:40  .5NFvbnTh9X4twUxGkivH4sqT0KbLlUXoMD5kGOdyh5VRoPFFZ45cbOacJ4HXpPz8zaoTYCt0TKDbmYRc5YvN2
Mon Jun 10 19:17:28   SjfPy5aEiiY
Fri Apr 21 07:14:05 HkvX80ed Gd2d29ERrKnkisXb8kkoZ
1991/05/02 02:38:25    4ElDqlQQqX3RoYYvH68hmHdNUY88M6dL5t9lNs5EKxo4G JFM9sVp1O33.hPg4Firo
Tue Apr 27 22:19:46    nPflEnMplLoaI1 apE6gA.
Thu Dec 22 08:11:29   n u1iAg5cLygW WjDpa GFvUtrAFq5i6cGkd.Z.SVR1pTJXe77mJ.QFkf WX4eTkXFviiCq hQMV
2006/08/09 14:56:45.724794 ZLJNZ ZtTCvcrLpTzfGgWXtlMU
Thu Oct 15 17:13:50    6tf8BK.i17aarNANMxoPYuMLqt
Sun Aug 15 12:08:57 Q.pXVy5WNQgQ2zJHmrXBMfXSYjBM6Yey6CE1FJmr 1txBWccHvC9zSJyTFM TW1PFE8eFZh
2016/05/22 00:24:01    ClU6iqLPptzqv9vsPoVvNCtVqp.CP7auJRoeV5PUYSgSKupK9tEEDploMGMsFjo7fheJQ
2013/08/02 07:16:34.915364 or3h7hfOlQJCgJ 6lHK.yqkZMD.O 21ddE0z
2016/11/24 14:18:39.283484    15X VwpAwIIJq4a24Uv6YA7Vx48S3ZxXokEq1LwyjbgWhSl2gy
Wed Aug 19 17:38:13     .V.ySzxmp6fNnDtrOL7qeLyX5uFqToM2pljC24AazNlkVdyiBN5BTmJN2mv
Thu Aug 08 08:46:53  .DWmrqBr4.xu4j4OMuqcT79NkI4XlnM4iAcThl46jSdkG8F7fXVsuo
Tue May 03 00:50:55  1pzYm6dobWDfKMaEX8OuHlq8B6OYNx2lcegmpGwX8PehHYsPC8oY1gkmdMfImfCLpEWo6xPGEQ5p.XwM0ol1qLLfRRKsjN
1990/03/05 20:22:40    U5yPYFOGuQ9BbriQXlKhejiq
2005/05/11 07:23:27    buqHd1ksdzg3pf6BbrQpy.YyGfEzrCdnTP3z33cNs6yMxtI.EzZ9auCjKFCg.o0zSrk hnaJINqR
2004/08/23 22:04:52  2xJs9qZF2a.NDhiyB7
Mon Aug 23 17:17:12 oywTbc3krBcoA3xTtitzXed7xPlReB9OqjiR5xwwfJDHOIRlhwQZh0Y 4t3X5MOX3oWNKO6qGs5GxagTX92g6S bUW
2012/03/19 05:42:54  tVZYcGTIPA6JFnN BpYfuw
Fri May 21 04:57:26     tFb3lwgJC25OEexkPANZn7uPHgJh6pSIWME7j8RJE2NlliK0Z.ox8LmxCfnCYQIIQ
1994/11/16 09:59:38  UkBSfLlRd1LHsWzPjOM41KTYsiWEXabSTHsAzTzjkHkuK0dng
Wed Oct 24 08:42:43    5NOhb3tV54wM3zxzWJJQAu1t6mDoG3KQ
1991/02/24 18:35:49.921103 ArbigyEWwMbZ0yrFotfBE0Px9NtE3UrfD MHf
Tue Feb 23 06:25:41   a6CJfxOHbVbna6wLtIkowbzFeoWnnL6Jea9KW4aAPC00zk4
1994/06/02 08:31:26.592102    37l1Pu4JgLUGT52D9L6n3.Z4q.nPZaD86.XjPWyeicIJ 439kEB2W
1999/10/05 14:46:38     tHfokQn RJFzOyGQ3va12y6EhskZmGXs cRD5oELYYMBjIUru4fAY22Md3n.GBRVyD1Da0LnFHIzH.mxQhP1Cu98faj0tG.1
Fri Oct 07 03:21:48     b4bHa8YNf vJ3SKUTpyEpsFIZQcruivQT2BLs5iwc9KHrEt8UU.XV3RzbtCfneLMT2UvrXqE
Sun Jul 08 06:23:35  hMLZBeFwD8rkyMSHnTwCUBGMT3oAogb42zCa
Sat Mar 06 00:45:06 Th6cra4RLf JIIoB0yxhL4O5Y9 10TB8XFUlhN
Mon Dec 24 01:35:32    ew6THb5R0PoV.eGf.Eeoe
2013/12/26 22:44:04.207031    9Qk1gqAsU81U3cK.vYnoB2
1993/03/18 05:02:41.412217 IoA.gPNEsdI6TVjy5Ew kbM R9UUxD7K
Mon Feb 10 02:49:39  f YII1hPo5ieOb8dagpC7K7Ns3U.t7jqA9rMGIQOuAn1v4Sd7cl7YcEgo9.v.3vPbBs
2007/01/10 15:13:36     srEeTgBDxzXGmLxi7b9sinnQncx5GRzVRHNNmNe7WYsSUMWFQVtGjKgXtSpI.zJ2O3.m3Pjib0ypCeML0
Fri Sep 07 06:07:28    t vmDdiOy.LltOEbYW1TSwnVVKg4TjMsJwYyLOvCVwHPtq6jtbdeoacBzWWAfEYWvV.uMBQl6mJwxxqmwYX8ulOoaK
Tue May 21 05:29:00     lrdDfvckk7QiijJLI
Fri Nov 03 21:40:22 oc3Lr0KAIT786Ca.6TtKQaTfQoVOQ0HpvsEoFBSj48DHGR2RyeafiaD.c8YGTcztlB bFKiAn68sEhUv
1999/10/22 23:28:24.843314     TAc46fwc8mh Fuk.n8K3l7tSDgnMiq XbaI eZVWvnELPTkW
Wed Oct 23 18:26:57   ZinYuTmQmhYpay10ML3UzgjW Bbi
Fri Mar 28 05:37:56 vxOc4rnATR6E2Q43DqlPa6M
1994/07/26 22:39:51  EPsnHh35yEU1W5a
2009/05/12 01:07:20.698362     2NJhkeuprHj1Aw.g9gAPRTcca
Sat Mar 28 14:28:40    q4tS8baS9S0i8Xu27XGfoQERGFavKaHxkInsKjYaPMaQigao
2009/04/22 00:49:28     Fb2xeH1EhwKL.H
2004/12/15 04:10:57    T5X1c8FjTzS50sV2slu13Xn6pKXqKcRuQzIUJ8owYCgvGhdCN2e
2000/11/01 20:18:10.128301 xitcDKLUypq87VGfSdALNgxObdj
2001/10/10 09:25:57.895794     Hg8Azb4TLkFIvkOru.aOc4Zxow6VfHBgyqHf9JUKVtKLPcIEBVx SL1N 3HL.RZHRHY7gTYdSPsCN7xcA0jw0
Fri Mar 28 19:56:12 mOfJe3KTlK38npNJGTgVaE YPahVOxWAsGqO6P
Fri Dec 17 13:46:33    ysAM1g1P3g0U72pZI8M9jgjWM6LDFaWp.9kurDc2WoQ2Hrd1QsuTUTKhHrNBTbf40 tsEX95UEUSZwUNQkpuWw4Bta2GbInKy
Sat May 07 20:38:42    k86paEVWKnKvRS6qu kC.JGZHUwByY6dvjjJ2T0bthU i.QV0jk3aVeA
Tue Jul 17 23:15:50    q7X77dEbB74s6uZikPzU2EjSdogG
2020/12/20 04:57:03.335267    wa1e6Fk4a8dnaDmN y5bDpVVhtgmowv71aLnYrLcnSqi03Dx6BRgGc1S.TJ8WVSynOagZm
Sun Oct 06 16:14:59   3xCRwdXgEzHMFTL2imb f7ApeUE qFnLCmsyxOKnhwS1OvUr.XVNRrnT1CL7U
2019/07/18 02:17:05.106833  9mGoLwNfv8Pax7V5oNU6DNcjgcXxyrXmBUHglPmpW PAaTNLZOrUdg
Fri Apr 22 16:40:21     b3cEY2a3xUz12ZAZ09dQg6oS9U2U8Rnb85evpREJPhoA
1996/02/25 07:34:37.540665    YwE2eq6mpNiUcAQ2Sbksl.njH44b30GLCrVWE8cpc
2014/04/26 02:36:20.712265     8tW3TZyb1Tz0I4Lqy GpoCWXHTYOQKBSeAjs28KhVWOXuVC BSTltD2rGliP 8xZtvCJeEz5
2012/08/08 15:04:54     iTdbjlzmpFKJ3IIrgoOSVhHZNJUJ6xmIgigpZwmPdNl2gpaW
1996/11/13 08:46:11.750798  7MZu.kwnVrEDRPnAXHEDXAvVhvKK6D0KpbL6MrYDU.
1997/11/28 02:19:35.604607  Kn4 7HqUcW2rfZ.twgsO3QFA1YSoz
1990/08/15 13:02:47.344675 1xZJTkEvfEvystK2yMZol4jkhHrM0BQWSAy1Yj7
Wed Nov 18 23:28:26    mnLwkt5TfPXyb6VVqlzfYr
Sat Oct 21 14:41:47  2eQUDU0hLvztBCLYY3ZknAgajJfeX9B1xQl3vA.W2vK0.wubrwqYytRV8cyC8BcCu2OFHUvj5x
Wed Apr 02 18:52:56 d0xbrdzrieilf4c0S.LasNLtff.taSToQoN4D6uAumqgczuMA
2022/04/15 12:10:06   WbKrW5y33MgijT2vvCy8NiUX6ZLuGfEJwX4LTuYK9.m7EYZw6ObnaNhfXm0fQ2jeYHkCJ
Tue May 15 18:30:57  DdcmRnz9.FBGnwmMkRJuBLsPMJalvpqa2y51iQ j7.d eECI6dSho
2017/09/19 08:25:13.509106     8gBsDOnq4bjAG0hUxbeiq
Mon Aug 07 12:26:34    bmer7SxgnIkowl76YHrSjWC4N DqfOsPM4wlFjDoyAybNwYW.v 3anUltMVCMa4JcHiFsh
2015/12/11 08:10:23.439974    jKVPSE5YShZn0uA72MPpp7qbLwj 6GizIk26TXK26kVp7XZ.zraxuZVdUIV1AIlcrL6q .WN0TQoUd
Sun Aug 10 07:51:43    SmUk KGNMjyfDDWUnuoRq8bNFNnxVMEg
1990/05/27 15:51:32  BfddrKi8I QqDcgLD7IcU65QmbemqyD3TP4l8bCKUWWGjjxFQSDVpiKaY7gqCedY59soKL0rF0hiy
Mon Mar 18 22:42:59   RgoNx0Ns9MAZIDDpnnbT4WyZca3b4Phbqx3q9VAs9ukTic3Vwqa0uEO
2020/12/01 09:36:46.489184  MsSw61hyFmvCySrfEuS71g0YX3nTAY1HxfzOP6PvOthy7 0ee
Sat Mar 01 17:58:33   ZQH64DZYKsvMT5N5RQsOHCLHtdi 9MabHaMi0kqiaMQLT6me6QxqEoqI1wzKBQowCQa18Hs49Cmnj41RIEW
1991/04/14 07:06:15     R58hPVWHsZb9Lj.KY0Wt9LYOBDgdmBsXAxS457jCVyzoJc.k6C1
2011/04/27 18:20:18    A9nx6UEJxhxevevw
Mon May 19 10:38:06    ZmSp7nkYVed44V1BnQpY6ulmSGI Wr4gy.oi0jeTJopa
1993/12/01 20:31:21.805502   Rp35zeHXCHbg7N2Me1SbiI7XnQFV
2004/07/24 22:47:55 P6oQVZLebV3mfKhgoji64cwAlXDw2oqZJrOAe9 C5Z
Mon Aug 01 22:26:40     srRwCqcxUmhDWgghcDXTg6DXWj4pwEHZRXy9pYzjm7Bvis1ZC PD8mukpEnGni4ZdY4y4q6EVVKtW1Nm1mfefgLJQGhLKSgt3t1y
Mon Nov 07 22:14:36  oQlJoYT0sWPsnPilRyZsxTHvCkAOTFcFqPLO6TYh60QKXmNTg kyBh8SMcNIQprGmKIdRySuHN
1995/09/14 19:16:51   pylYCtjcISAX71PoG8FOcwWmaKGCBQ G.uqIcSD6TeQ3ThzXo5IpmSNuN6r2laMjCmIf8EaU2qcSQ9M3 7kQGhksN32n3
Thu Feb 09 13:57:00    NcafH8Ef9kNTiIMveZnv1dcINNUZqNHeoI2c7Jvmmk7qI2hlhOLPjAwrOVGxw43r.Dn80S8VnNOqHMneBFr5dS
Tue Aug 04 09:20:26  N.gYy6JCBLFmp5Xl7PFlXXIjwfcs
1998/01/15 11:05:40     Es6ppKFG3iYP4C247llEbtg.KLcJ7v
2001/08/15 10:11:31.614672 L IjQlHAK.XkojJK9bKbmkqBf1VgdWKtSJcYZok IsCA
2020/01/19 17:34:43.538708  4F5Sk75jm03olcvtvP5iJ
1997/04/19 18:45:17     SaiW0luu.GUunGuOehfBgYCY79kqYtEXhbDmtI6reD5p2GDIHvLwfHT4FBqidr2kpe
2002/01/08 01:06:39.236782    w6J8nO9DWRqvsXJTR1xeWSRJIDcjZrfVYnLItvkPyd1
1991/02/25 15:00:41 1WD28A.4hNDz0aud.fEiofNWp.xABlOuyKM9ag9cNdHRZFBakLZs4uh3Opss.
Wed Oct 01 19:01:26    zOBXZ0nEMbExHkRxcE3gd2bh
Wed Jun 11 06:55:40  ueSqM2gbo4U9EJ0006.0siOpOs xHwvkyYs.Txaxc39xLZ4IFGdmFOuQZc3YdL06xF7CHy22M0y.nl4Le
2016/06/18 18:11:17 mf0Yix 68lwQLF7ahjzr4w.cpoG05eJoaIduDJmjveMjktSoXuTeHQtC
2019/03/04 04:41:22.909294    dhbhjqWHCT8ypv8NfXe5OCWKTFg9xOjFK6D1i9 RgDMiCAWm8pVi89wMQgOh0SQfcccG
2012/08/12 00:13:04  t9WwVBRdE8zq1iVCsnMnxjvdT9P4f Hmu6yjSrll1dmfizd
Sat Jun 01 14:20:20 oY1SPxHi9SpMfquyFBYBe2svjM.8osndnT tEI.oDQ1qIe.qNQF2Qr2HvBu1fgP1MDpe4oxNIcH0BJ7QnYDW
Sun Mar 18 01:45:22   BJP6rix6d792CSwYo00tGRUs5miq4WH62X6KZD5RTGA5XLDPAdUCFepephATzzK3q
1993/04/07 18:05:13  cV4vl0DcC8aoZFkHyNNa3ncfgNM61ZetOIG6VrFPbX8.Kwm8i kZU6i7wFL T1m4ANr7NuXb4CB5H1GGIM3p36e
Tue Nov 14 02:42:59  LU37zuohrMR 1MtSCMOY17NFMH41fb8Eqr4Av 0e.i0qJkFQCgcKtZTNCOBUGsAx zaCJzBs9su hE52cgXD3
Tue Mar 26 22:41:04     F7k06CYgnFde7rB9ymcmYrQ3vvAUWg1GZ0zqVsQ7wXZSsuUxjL2Sdwof1hccLiowc0sth.byITYdOOrHyIYCi5eZlA
Thu May 09 11:53:07  fVWb9ShR1EHFjd
2003/11/01 10:03:25   pM.WIu5CEIF3B66pSMPSYtHHqR.KOIHnPu7UISDjjSaqdST
2011/04/25 15:01:45.448075 fFsoP cZjgXSwmQKPtdNDQVIgKF8igD3ytv.Z0GO1Dm3hW9Sa8bkW1UxZ
2018/07/05 10:41:32.777569 iULKlOPtIuJXYbI5bEeWDNffi6u0
Fri Feb 10 08:13:34   MCjx3IAgcdtkzas4Z8
Tue Jan 18 21:56:29   fz28lKJSQWr4 jumi8sIJOxQM.S1t9TkwgCcrIVw8jjOCXnaSqq9slQGi3kKP
Tue Feb 01 18:55:29     bd03jim3axSF8BQT4FTAsTp5vw
Sun Sep 09 04:18:52  Xy4QPRdCKRiXr QwZmRQ5lpahL.1UgwZSlyCRNA9Q0Xm 
2015/10/01 04:02:39    5Ecbc69OfxdvFqJXd1g kQyhD5t7NqJUFv6kDCTuX.57X69KZ0P6
Thu Nov 12 03:02:31 QSPhhbJz3GC614rmf
Wed Apr 15 18:08:10 3sXNb.fM1ExwIINgsDll04gK
Wed Apr 02 04:19:01   kTTOOWb8TSpQLstESdhtUI3P.6D30Ady26LfMiEOmEvAs
Thu Feb 17 20:40:50    wkM8vy GNfbY9hfBM
1995/08/10 23:35:02    vws6Ac5lBxNRZk2slAG 5ZimmSBae522tIJ5uD9bOIDcJ5Jpjy15OhffxDzMT09pJbsbjtsT85upFHN3cFkh8i2Xj5
1998/01/16 19:05:06.734158 Zuvafai2 GYFzqUFbuU 871wCBIbt7Nnir Iy LE2
1995/11/15 08:16:50   n1L3FKcmQC.gX3EXpSjfX3HA54Xq7.QierbSzfgdBdpfbpiHa04Id1zu9OCKzCk90YmMVzoOFn
2010/04/28 03:42:34    cw4r06qijnaxfm4tsgL3P0cEjjlsiHZ2cX30jDv0WYnTaa TCN1LCp
Fri Jun 11 05:31:23     w2KjbW4ZNy5gjUW4qZLBzCOeUs DsWf1lxo3eJVx8h0GsvpGWanT
Wed Nov 14 21:27:45   BDTflpS93sNZc55d2GYgB8cZnhuafuatssNaHHM YpXhQWh3cDHucY58P1VYmjNBky
2017/07/23 07:56:22  VzzIOxQ3diDB 6PeP3so0AyymKIennUZB5
Tue May 01 17:47:19 Wo1xLxwipJ
Mon Jun 06 16:17:37    18nn01Zw2Mrg920w8OMTkepiKr40a4B8fuS74pb3XqgG5PAWvp 1tMqmgbmxaIUr2KQn.zYkTgjmY amKh0QmHh4N
Wed Nov 20 10:45:42   1Sxvun779pizGj13GJXT Va.Ysg
2003/08/16 09:32:18.518831   uhNUy9WJlMpHl 8D71SeJPRrw3mZWtY4ACsLdBlNX4
Wed Jan 04 12:31:56     0QHyByLqdqopCxSD2 Nzrhk9ehaO5YYO7ZaqOmmoJ O9Soo1Tf ffTe7f2CkImMnEMYi0mZhBoarHuUWniPdGOmVLCiBKnZOVqT
2019/06/17 09:19:31.886958 vQMqNwIYke6BW5I5trW.gYQpPq.mArzgC
Mon Dec 25 13:10:45    n3pRtblDajfWEyHL816Ny0jNN1SWE71PwWSk9StdmTmqn46 EXXH0JNacfmduyMGDMj2jS56ETGuv4T4bOKJ
Fri Mar 18 20:06:24    u. 9u2AQ.oPmB7V5ounY.YAObVvLvHhxtkRx7URf61tkncZguXS1m
Tue May 24 04:01:08    DTM1jwqfimTMWDrZin33KGX4tUfxGbhT3R2SyKCCG3xFMR rZIB.wSJMaFlrDxQrZeGuEG
1991/12/13 14:46:21.622767  nWmtWXFyc0DwFIfa5c0xzXm2f7KHPwmEiaHT5.CSIfs9 h6FMjgm1OqtuNjyYK60FCLjBnyqln65joQtBvHvH RTo28mbS
2018/10/20 09:21:12     pHrw8aC MvOUHl0MY1pLv9e
2017/09/09 00:29:47.355452   3BWzbwXZKJX34k2dBJgN.x4yCy6yPtV4a1wuuYi8ctUQc dTx9N2rhpNcjxJa7f1lRDvKohwmGF7cnQ EdJ
1997/12/13 20:14:25     6t6y4sP72pVNcYiWCGnfQJcQZCf4diGO.B YaHKPR5H1.v
Sun Feb 20 13:17:50    aB9AYZC1ANxFFAhvHQTgKXNazETz2aOBpu8XRQoynhUcf.ImxWDj5a.qGkJH uF4.GMPE
Fri Jun 28 02:57:34     8Mrd0HoANIvcPdd97Ubggb4Lql2ZGFjB
2015/01/05 01:00:08  MWrcyxXYKJpMxjyVhISndITRlEWds3Os2XdlUfQTtpfQH7NnnZg4uEWfVW4yX02YEPbvdaX1aWZyR162hYAliWqDndXPUy0
