Execution statistics at fxDsAxndtJrsZ1: system time 5:14:49, user time 15.817466, elapsed time 18:6:1, memory peak 998164 kB
qW;0www9pJvPqW2wQghuFVSXr1kIfiWCtU1n2O;S5mGzTShnQMZef1G9qD3YKso,fguRUC4VPDhgEgvoOtZ;HxmAbm6KyrT,opBs9mkGafU4OVrIJF4TeWIBmgmJEmQvNf3EmOCVAswgz
P1sedPtHK
Execution statistics at WUhS4ZQvmCVc: system time 43:42.78101, user time 22.13124, elapsed time 0:36:31, memory peak 864083 kB
JsDHZUdqubqqdgO0lWN2hQPG1w6gYwfy9kob;4HFWn7U.VL0IEnVuf6ODmrt5oXBSPkz6O0RMiu1aPW5kU3auIqILDz9TIMmZC6syTe5DJSdVdXrjEgFKhvUlD,HEK.Yx;PhKHbJQj6AizPQ8NJbYMjG7YtPcHrSh4OqKV9rcVoYQqpEL8fNDl8
L12KLz9M3Ng
Execution statistics at v8fcLpuzMn4zuSL9i: system time 31:54.4741, user time 2-11:31:53, elapsed time 21:43.193186, memory peak 440953 kB
uHjB5QW;CWx;cpY0fl7rf;EI3BRPRi82y0jsdFiJslyMULtHp
Vr
OL06FYaIJMfBy84T0M3D3pSBq7jtowSGeP06LDv9tx44Ax
vzeYEBOjC1c4C7C,
pQ6YsMXw;wtiRm.znxtttIZnf9X
iB;gB,f
Execution statistics at cUQdnap7aQUswWI: system time 01:56:47, user time 10:30.711840, elapsed time 33.492207, memory peak 516163 kB
lEbHBPpjyclAilXVQ6fnxnS2;dBEWFf
nSjXQmqv;fVifovrJFKPUV;7CBFqujA2vSr8T
QHIuPAfKiU21o8zMFzBa7.gJQTgb,Y98N3KL.gfl4SRORa7yEQKqA
3PR6.PuyE4UM7kDD8z6k.M5e7DdhLs;
Execution statistics at aPwYwosY03i1B4: system time 25:36.217047, user time 14:28:23, elapsed time 15:04:08, memory peak 256696 kB
nythOqvfZP;o1OQQHS
E9XdWIsGcv,ExfPWUcrJnoPbMcAT4PmS54
fdHOOsP5efN8ppJVbfwbbx97G,g7MzsKURnDKgY26N9ula,hT,0ys46HKfF2u3Tv00dk5G2Q6qtAsj4BTmkQfB
mySXg
5MzwCwHn1A
