Execution statistics at aPwYwosY03i1B4: system time 27:25.170268, user time 34:28.908355, elapsed time 11.695801, memory peak 859992 kB
Qh14B9tk9L5DHDdZzFwUoVkDnBIIPr,JwDQlpA5Mhrq.jJZ14rQAwRY9Moyvh4LsvWsvSgox.h3AZaZjaeztQSVE8zylVvC,Pvc4Kzh;SCJpaOcdTkXYHua5OX1yrAEZV.uMnt8ElbrKrti1UuJ1W.akAx7peiANj5r5oka,ZtBN6EXH
4.al5Abrit00c
Execution statistics at v8fcLpuzMn4zuSL9i: system time 7-23:34:34, user time 34:18.396608, elapsed time 52:35.120829, memory peak 192133 kB
.71xB1Na9SjTvv.YHhmUrjCihfG7YzHJzvx7.8n5ErIM2f,IIGKHoJUkeTs54ZWM.3tjSmEK.oTMSpM4vaIKLsaQbB2k93othYGH0UJAdMAVuyoQzBjWE0c7q81rlduv5us0rtCYwsCg94NZpfZdQrQ
7nL0apBi;CSc0cB6qO;APmnuhn1HGt
Execution statistics at fxDsAxndtJrsZ1: system time 20:47:1, user time 45.672369, elapsed time 38:22.732234, memory peak 583794 kB
Zw24GwOKNSA5F7NU;8ZTbF,QRG3DvyiqOqhjn;m7ItgftJa5VVznHopHgfuX5
Execution statistics at rJQ6Wjk2g2: system time 42:34.227859, user time 15:17:58, elapsed time 17.374094, memory peak 122172 kB
;wIrtoS3D4FvCr2uoyoUhO0.ZHwRVaC7VyGIT;c.;ku0AGNH84YIoz,NyjEVsWJDsmeV8nMcf;LT2vH,mwCohNasJZyWQzw1xX7taiTxGBpPHBaichR4YCvB7QjFrUDoHw8YsxsNw.048g
Execution statistics at 8GCbtGC9slyjCm: system time 23:08.292366, user time 10:34.81313, elapsed time 1-23:49:31, memory peak 935183 kB
tyvyje7i.FblC.ikVYVP4
8Nuie1HhbpMtVwPO,mWWF07PAYTPo7SvHO5FNz7F5CBqPg
xaoF4wJOc
uPJhu;CX4o4vquzqy3Mx
Y;CQY3nX7NWlF.l9EfWRK;c3wp9nt;Lj
Execution statistics at E5V5qDivA9RH19XqfJRs: system time 9-11:22:34, user time 15:18:24, elapsed time 42:34.227859, memory peak 67948 kB
Pi3riksmaGzna3FO79I2YPXAlvt4VszKa4ry.BLhRZDGWhR2gRRAwdYujkK,
Execution statistics at WUhS4ZQvmCVc: system time 10:34.81313, user time 54.15300, elapsed time 15:18:24, memory peak 273141 kB
hdmF1TpDdd0pxf;fgVS0cMApGdFP6Rjjgr0;Cb4vJyuU51gOORM80UewEgxIScesLzrcvs4BtzUhzePtb2vbyIXoVenjjRpkHxn2L4nGC2BIi20sQVBNfw8MlKkndFQuYFbe8
Execution statistics at lekTu5h5RBT6JPwd: system time 10:13:57, user time 57.278032, elapsed time 45.672369, memory peak 265876 kB
oI7T.VGVaBuwpMjRIB7Q46Kwxfcg8n4QlUUePhN5Mz8iJc83J4f4,BmnP
Mn,5tWuxIWh5Xg7iG0GrULB;KY8,aj
Execution statistics at 4zhooV: system time 26:04.787558, user time 06:19:48, elapsed time 07:49:39, memory peak 341500 kB
AP5rsdbH.jRQaLF
Execution statistics at utsW7J tv9FjY4R: system time 13-21:02:15, user time 15:18:24, elapsed time 13-21:02:15, memory peak 740134 kB
8N6FQr3T3ZJPf2R5z6EfxOqVZFMLawWzMrADjW03DZH6LwaBAL60FMrrGJdkF0E8Tzb1oqpHOrrFsv.f
MamJolNm.qYvnWNEt
8J
UN6tc8a0RVXZAah6WCYquJDJUkVpnB7
b.AqvxQemHevxxqL19LS8dM
Execution statistics at LiEzVKq06VSx4ZE7: system time 3-05:53:49, user time 14:50:56, elapsed time 20:47:1, memory peak 896907 kB
qjOAoTRH5TnN
Tl,kr1lBpwU3zCUMZ,05lUa9uc8NFDo
,

Execution statistics at QpxBKxVS mNgSfj: system time 55.98732, user time 7-23:34:34, elapsed time 27:25.170268, memory peak 688784 kB
HVVzOYCVcgNK7oAk5SYc5;Sp8Abk;LPdMSCFi4zG9uQHBzVKbMSNBm5QFe
Execution statistics at QzfOhZ uywytRLg: system time 06:19:48, user time 34:18.396608, elapsed time 19-10:28:13, memory peak 836793 kB
nwatoCYCI
jcpS7rvDpd4ap.73u3MRorns8CqDZWeRPBCvgGTg63rGyaR1.Ap
a;LORr;EMLtmGvixzHGe5NnoFDu;WqbqTr8pedNDXLuBr
Execution statistics at kfWTe: system time 01.781434, user time 21:13:32, elapsed time 13-21:02:15, memory peak 189456 kB

bN6TbAEf8R5NloGnQJMAdD7wodSonPoDTvhuqaJCmtEb5kT0wQ2eOKxW
6MdOGyfh2bM
JkKiGbh.Ob5V0a9;uL
Ahr6Xpsmx5iq;N;WOWd
JBIQiyCt9;Ko89VbYYu43W8ax9rjerSIk2bNf9;2dRX
