Mon Aug 05 14:30:19   dbN DCDFZPN0PrtkFsDtqSjfyqdMNLxVkLUi8VL6DSGShhWop.
2003/07/14 15:55:36.619207     1B2fAW25a95RBeDZ6GkMdHMFp4ME3cuaBSE.kHoZlE4aDKT5RMn6OJ9zauTVgjh2b
2008/04/26 11:56:03  MvNhMeEHCzc6 FxOs9djCm6HAtqpAWrrEyolAapxyshl1
Fri Apr 02 01:33:42     MwoIFcy 0k28rEAxhWmuqwqYS.0e2m
Sun Dec 20 20:08:19  SdT7PEFGfYL0P8T5kMqHxMuaLxGJ3c9aqGwfmX6ZBWzABS2rphFwsh0
2012/03/16 03:18:06   zOIkZ uXDp2KCX5OcFuWfg8ci42AQQfTkuo5IvZLzZt0LSzB.6JmiVB3TnRtVTP P29R5PpMRbbLOhGE3r7 Jr.hkVZp
2021/03/22 06:41:10  yayseSoajYccaMuut6jC8GI
Fri Nov 13 13:24:21   4pqm8KjAcFix2eZ
2014/04/05 09:20:45.721549 8bW8FXXfB1rIKUGidOmeDAjiPqDUb7azF0230dIbMQ687I4
2018/06/14 15:11:23    6EbYeOo3nEBc2HmWtQN25 P gV0Pd1rT...aYM
Wed Jan 25 01:28:05    P9sKmrrLmJjEO44w0ambMrmi GjhA Aai2Neii6EpCJVte7PnHy7GRpN0m93V8yZO
2017/12/12 01:51:54.700423 U6PsIeKKu7aveAusp9OfrnXsmoZnxahnPq0pl3x5fvirzpyI42v5ee.q2emp
2001/12/18 12:57:32    Jl5jHoqNsn.UAogeCSI1cXWkrELanFo8X2p6dk4AMWCo18QCpVonXi54mdjaFBHaVYHGTm0.rYZXqBi.
Tue Oct 03 12:54:31    Rck2FX.FK7bctUu8m CWqGVDlIlPs00Nb3qtR64jz8H8ZagWfEZwXXXN6vCj5Xt8lSCTDfzkc8qbd2MwAVj
2012/12/08 04:28:58.575721     G2UXKf0JZtV f
1990/02/05 20:36:32 Aoly8EWwvQG1yNgKQ07Wttu4bNkd
2022/09/18 12:01:33.389327   urohcbOPGuJhABY9dPLWcCSzN LMe8wyIbdg4Z01B 4kmbUn2 yoNW5
Fri Feb 13 03:30:16   39VsRD2Ia3fznJydmdtgu4Vo3kWyjwp4.iwNBKyXY0cxjjBkVgGi0onW5vaj0fFgr9d 60rq1SaK
Tue Aug 08 03:44:44  kdS3mhdFWEayQNZJxgGevmPePjWxrC9Q2cUM8eKFUzHauVctBnOotLK8WTovU
2006/08/19 04:07:28  qRiCVqaTtlQawas4e1KCmL9IjEh6NKzxtKznydiZEAREXAZmcQj.GZ unshfknxAIju7 FLLsVYL4sQ8
Fri Sep 21 23:38:10    SR L9rOgC2XD1FUGR5 SofFU6lz2VDonYP.Em7kyDpiR
Tue Jun 20 14:00:48  PlerzYeSPwzJPf.g
Sat Jul 19 07:07:51 8jqfpXHwe nanZfkmTp4D4PZjQnlJHvGocVgqnYx
2006/08/24 08:15:52.597805  cvyFjhpwH5 4W21paMae0yO irPmTicsFuSdx2TRFrlxColl76e3H3 cI. p40mm wSYukzKapWv0A4mqf6Lx
Sun Jan 05 02:48:49     NGTkoegb8N3EvlX3ShD8WWt46CnISt qGhJ4mrNeyGw39hl6vFgSsOnjlUhJ
Fri May 09 11:59:44   JqEzFsAdZjbn0JQltudDkoN3MTIC4fI2JaBSafGKl6MyeDdjnRS
Tue Jul 23 18:11:46    GbVjSwvkDW74xEEw6bjdfuW7LfRZKcsFfdh2ofVw7CrscxuA2UllkKEgBuBt .ZP5FWY6I6rll.
Sun Sep 06 01:04:01   LJvS kLY4PA3UNNWo6 mo9ovgSyFY6zB19tRAzxNM4IYGnJbuC teCQnH.xFY2VVMHoCZJoNXfxz8Kr3dm
2002/10/02 20:53:08 PHYrCP5jKwnTrPSvShCgzMDqWDmpMH
Mon Aug 17 03:21:17     Oy2VcZYOb.nNsXm.kUZ8FRDm2e.94Z4TpU
Wed Dec 22 10:07:34 3gE X05zsktehiyEkTf7xy2IhM5N12gFSWSeT8VcGrJFBnD.HdJTH9
Sun Jul 15 19:05:29    AMAsUoE46hphvec15bLKNbg pYUOXRjkG1m21
1999/11/06 19:06:20.232755  B5ET85KLzswr. rQQ5K996
Sun Dec 27 09:28:53   4bqg5qPuuSD08pAs9ZIr1hQ8lexEno
1991/10/25 16:04:56.676765   6Ung gnZ8HmLBdeRlNwGaMigPPkkwr5cT8ItgEmmP
Fri Nov 14 15:58:16  Gw4CFfzkj6g2mKAXJy1rSI
Mon Feb 02 17:43:06     rPSSio6QbSizB6xCkPGrjvYyas66JMlSg 0SLG7rG9tApwPEzBYM5p3
Sun Oct 07 23:23:47    O9AsEzhcSDiE4JLnxh32KrN25mfiSUiPFZ2uZwRa99tRNOdz464EOTcSDOD80a4AxLJatrZIZjcffHPMhlgnKoGVgWT7iyR
2005/12/26 23:09:17    lVWlVLMZgQoWV2te9
2021/04/18 01:49:04   Xyh1oUk7sY0uwipf0YJhtGGGNrENanL3DmPTMzEhUv6fkoVjpmOS Gqxn.mv9KlTJZRIsQhW36GG69xdo
Sun Sep 13 14:14:08   do3jf7jHNxgnEGvjQ2nfszcxRTQqHGGBSg4Vd2eqsWtoXapvA0HVU7AAcPw7xxZyXK
Mon Jan 13 09:42:18    bbMH0CeDsP YdW
2003/12/26 08:14:47   QxoHojj6EZaYSvkiSbuu4lWbUZqjl2ebe0vupyKQs gHYYNglmceuJdzZzlYBU6Ia9hGlFgG0Um.rpbhu2jdgtUc.uNma66t
Mon Jun 04 03:10:58  Y5tjIGVA0TZI7oRX32ezEW72SQ0 .eGnnK0vURT5bmVZwQij3bz5FJl pSM4XU0y6h u
2011/06/08 02:35:37  nirtSK1VvzGFQqilGxTQy8js TQHsdldckdMJa3upT3e3pIJuZ69wYPBdn2MifQjNDb35ENaU4oWri.10040N.JpkazwhQ
1998/07/03 12:35:54.463724     dr01zwwvfOVElVeqPSgFQj53xdgEdyzuOF.8FNtfirnqV7eHO2ul9EM
2008/12/21 18:22:21 s8 fCKOPPIIVHCj7tLfU6QevqrDVCcofhtuobOmkXQ0J3.C6nuA1qolQyIV4YZxRnpQC6SdCzHh3X3Z0x
Thu Mar 28 07:55:24 rh9iSS83z2Natzo4nLD9y
2021/12/03 13:08:53  AIkLnr4bbIb8dRRgglMV4DaXqBmlOyLDoGMAiYuLYA3eh8QpHKT8NBYhxVvh
2000/01/14 06:19:32.439047     t6.n2gDmn.TAJUOlO8GtIdJjgZ4PL5oFmEIMkQ SJklXs
Tue Nov 11 09:12:25     Aam3E115yuRXM2HAU81Cbv8IxDfOx1dXK8Jvpw2WExlmrT
Tue Mar 19 12:10:47 QQaRxXTTG1hZK0WEzHAhNm0Jt.kGCJHq2zu
Sun Dec 13 17:28:28   5GnOE En3V5z4wDaNUZFmQHa SmdpxOw6UgjgKzh3JdDnjq.DKm0x4hiI
Tue Dec 07 22:32:44     QetWzBkG5KEtvoVMXhRdw5 5uSINEmHV2536JKYsJdpbSVbc5eGEy.m6w.XZ9dJ5
Mon Dec 06 13:13:36 0TfN7yC4DN2wgVMfQERNZTX0HlJmrkifwlIZ0UcySc3stWcx1bMkxIsIJACMeDwTZLfYEp
2016/11/11 11:30:53.264291 3T.7HvaVm3lBeL65OStCl0
2008/02/02 05:11:36     JHjgcfaRMeaTxnLc0HCl9HU06YKeXQcFDHob1BaDxIt VNkNeZvWft0CaO1QNKNz4P46tcFHs1aSaA utKImE63fWiuHP
Fri Aug 22 18:07:12    QtjuGGN3AaNxjUQ5xktT3
2003/11/02 15:18:06.661155  pw qDfLjhGGkTxUGAen5JNV6.DmlOPRlu2madWHPRfCY0bxVNdH1ZLy.lA 11AomoD.mcm8pzq420G4ZfPBBr9o9j i
Fri Jan 05 15:35:10  huGj8ZxO NQlwjHjMKppvLxDDqACAo1cRMcZyogkKkgEFCCB6qEuEi hOk.MwkYPgg3Z1SAY63lQU
Thu Feb 01 02:55:45  hQdjUQblW8TPW3A0GW8nBtQzcTYMHzZzl7Ck7NR SSUxVH.OHDAkZ.P95iJ6wSGyoaWx
1994/11/11 10:18:47.664000 ogu1oUJLKlT6hG4YvYiFWnyRil6UFasEokK3UUL3qFfi14J1utO9cvt7K8c tzx1PU
Wed May 24 09:06:32 ZFUYa68B9ccNdyKztrZ6xyBnmEU563 Yn6TW6LDF9IANxqEIZ4O.aS3Uq4YrwpMPBmYIGQ962XBTk5 WFw.1Fg
2007/11/01 17:41:54.631884    f8RtGymdHBfDnRheNy
Wed Mar 16 05:52:54 tMWciFHltXds4wW2hSK2hbBZ.N9z RyLE02V
Sat Apr 08 20:07:43    CcM5CSG17b6fiCiaUZknemdn3rP FQ0Fzh8ynNjDjHQx
2000/08/23 06:00:53.881239    nhbMz88ZCRAxp09ok7jHLjL5KfpW3wA4FFQ
Tue Sep 13 06:54:56    ju5FG39wPCQDf
2016/08/25 18:46:01.782490   u9k2Lz9h2tigMaBMWoQAMM8LDjMoyFDOYzFonbVyqDeQ5DJJB6dZ6 pmhXdL3T v2NeeN2oz91DJHAL5uDnlOYpCo6
Thu Feb 27 07:26:56 n t7q860g67k7NiCVoKyPNNk26e2bZ9hXz1FHYoAq2oxuRBRsPp NXB0TGaK1vxWSJotkkWqh4CrFk
Fri Jul 14 13:50:44 SW8WmH.iyqfEt36hMkLbVOyjrbIx8clXqdy2GQMmz0ciGMY1xRbHf UcTHJQA.YfxxgttvZnKhMLzhk
2005/06/13 00:01:59.654502 g6FJG7ORJzQYK5iniCYDEZzpF8HsHiPK3uyWCfAbwsitSgOrb7oN2A Ag2KCUDlKAiTGa8p9y45coRa64
2021/07/28 10:35:32.157929   jLJ8Ykj93RzrFPxNPaKq
1997/02/23 11:57:37.645928     qw97s9wxQLMH
Tue Jun 16 20:55:58 DdZK4nSn4yh5PqhvbFEMcfnz h0X5yrDKsYEZsZhGbP3VhWsd5BPU4JqHC.rHsnhryvu
Sat Jan 24 22:35:41     4ccugapcEr11nRyst2rJ
Tue Aug 10 13:37:32 ZrA2dGxhw.6hli. 8Q6OqnEE.Rarc0IrdLGHYht5SWyUHXIp00tXBLKJo71CtD
2014/04/20 05:07:45.931836   iZuCIWabnRweNtmTZO.RFchohwvpdPd8mk75A5475k9wduIDwLs0xm17J a5hAGiMppKrUftc1Ouif599Ybukw2wVIJ3q
Tue Dec 08 04:30:37    FRZYhIBzANg5Fasg.WVBbd4nFaWONO
2000/10/10 13:35:13     wZceoNBSZsrC8G0CRIieXJkqhygj2Jn7vk0LNr3JtXxq2YilOBc4sZN8yp9ItP7a3Nu9nh1PC9mIasw3pFywDTwubd1i
Mon Oct 05 06:39:07    s956DS4RhPghKX8hMUXXRAURRf6C0AbGXX4E8JXgUd3cJwuBKb0ypLsExHIg1yYJ1vS tN3e
1997/11/27 15:47:14 csW1jDewvRFwU5HEY4elaO1zBO05ooEkfzyOjiYo2341yK0zB3OxnfcJEeZ0S9FFWx
1994/01/14 22:33:07.236416   Giuq6MoF6nYWtOi.A7QS P.IPfMLa6YPL0xpp9VZIuMgM53hhWNR4UgN
Thu Jun 08 15:48:51    lgxoQpkboCpRxe05.LyqeYWZAoQKH5TDrEX3vBU9sQ3UkQ OO7ogY1iOX4oo pcXgsuHqrGxeZj5fG.f32Su2TRDNVphRLcsyZ
Wed Apr 20 13:07:00     xsukvEF EWl pDSmV6IrUY.c4Fx2t69DSP Ii7CAaD6WpDaYJiarNIxIn.rArlpwTL1NHd8TyFHjIUFKcmTLqWjN1y4
2016/05/02 22:55:20.850425    QZgEHIcR3TmC3YK7S yo t
2022/07/18 16:37:56     FM7bF5EezOahM9fGo6 vg92NLz8Ws4QoKr6V3JNuVX bvZFbmMKXJ9kWbl3
1999/12/24 08:34:10    VTf5tdYwEUEAAky6sWNrrcarJgkhz
Thu Jul 04 02:08:06  E7w93zqC.kGGR7jIKP
1991/06/18 08:32:16 jAdh0zNHENoYG5AA2KPMklobyZMCJ7YEe9Nrg8fvO3tn xa2xpBl5IPbVQhwtrOHP18 tVAUM.LEjkr FUCA27ggT P7pWr2fJ
2013/01/13 19:30:03.229180  UWK45Qm7.d493Cp36XpDyH0iRs7FcMLRcaOju
Sun Jun 02 20:38:30   .ucKwdTmJ1B5d1drBn75dzc laSTJX
Wed May 10 16:22:01    A1k3alcZEzB7iedWjqFTPuKvw4g6RkflxbvOJhAOU4J9UfqbA8J5YbddS ZwPydyWaS
1998/07/15 11:01:06.616828    b9M1KTR6z0gv5pa7ayoCVMmumVGvgrOPsRwya
1996/09/26 22:21:19.383674 TSmiLfdNvJUS.vAnRTvvPCM1Rq7jq9VsEwd9VFZ93u0CEeXIr 8t2WZdr7u1Zu3EMcbFcr2PlUZeNSo vUuAokcSiFTASS
Sun Jul 01 18:53:21 HrSQOYFQBgs8Nsxh09KyIH2VhNXguOM4bXfHkGwQvYYFMpFYmW w6KyuM7xtDiHURgbNeNKKxD9g9SfhZJyuhvwLPCrXXIEl
Sun Jun 07 13:46:10  6EdYXnAegVa2i7K4Cb30kk.o8srepkjqFq63PPwmGpyytDGrvAyyizk9sp4cgHH6dRYPw9w1u7
1993/04/24 13:48:38.726284  Su66hn5Wb FZRQWGyWpEYIE8s0WJiirkBIaDmViT3826ZrCZYFtvAQ7Iui cai6
Fri Dec 28 05:13:43  DdYKc DfqIZy19SZHmiDsOjQ273mZX12alEwJsdnmE1k7yEk4607FFAMF4C4JieXi0onDbnAJoZ8u5.zdSuXxCbst vlsMs Ic5Y
2022/07/12 09:44:52.670861     OCiYCnbE47vKtgue
Thu Mar 21 23:10:01 JU3c3itOXT u9jV5uIk71QdUQkUf rh0XdOkCPLOd7ql4vlCcDYXnFiw6H
Sat Nov 01 02:24:36  fm98Ui2nTz9ST
2016/09/28 01:09:30.950002   ED1uVoDMIJnW9oKZ2Z
2010/03/22 05:13:27     S0ZdVO8.txq1OD9R0Q6fOJdPPe .KIwQ2tvm3mGXZGLJzgBXmIXxMIfSvxQbutLCr0MIM1FeVEUOfa.B9NOnFlp
Fri Feb 09 12:02:54   tH8ANuAujU5J1elaoDaehcX5ZpB.n9rpAI0siRvxOxNVX
Sun Jan 24 11:55:01 lu3rLO9Lpqqb.bpPOFhx1p60C
Thu Feb 05 19:40:40     Ua1TIP npKO
2000/01/19 00:35:10.855487 MgPzg8t3li0P1H vKmqLZmx.PSiBCzUW1hjyI0DxE.G71NAAnVd
2006/05/24 13:47:10.832592     rR RgEKBRDm.RJWTjklG9z7yg.2NdCcmA2lRD96rcLnUQRgT43dH54F1xThOd
Wed Sep 26 21:00:18    6b1jDSfaqm q4q9.kDnsGN57
2020/08/22 16:10:57.340530 uGSYci330ivQzus73rBsyzo1k3gbZMpoMUEK2vbLWL4SNEPtxzEspWS4
Thu Nov 27 19:09:02     aTeUHZ74ypd4.cpMMp1hzgmVvylrtkXGEwnIkeO1VxFMRYR
1991/05/23 17:45:02     JkBrjwwJiXmSPo5NOY yRtFyrNOcI8v
2007/01/18 15:06:04 kK1C0cfG3KNjQUr3pvei8HrMTUoMsZT5pKu7 Yj579gf4bRjgVHz0suOFOSUOvYHDBwcxaXJwfdgE4sVHJNkA
1991/10/28 08:02:55 R8o3yel59uVpEMmXamHR8Vq5VFsCf9ExTxHQm
1996/02/14 13:10:25  CUbRS61yXI2H80f.TkgUPz2gMOQijNpp4Cb10E Z.yorszaDkJi
2016/07/20 13:46:04.960435  XrfyY5SAD7MnPxcXztgMVV.dix37ilwZjOyG8jeu.TnBt2etctLb3rLf71BkxsXAykQVwmFN.Y
Wed Jan 02 15:43:09  FM8 oqVwOXp6F1.n42u2CotcSZP.5j1fyDjQFgWpDUb3U0uthsif03UBqfncLe.maTEOt0lLPc40aA6yM6V1ftCHc01tI6 G48Cz
Tue Dec 11 22:12:35  q1VylsgxOLlR8jhbbsq m01HXUrWEesUudl.7jb2eBsfnduJoFt51SCyt.c8fbzs2RVBp
2018/07/24 07:21:22    EIOHFIlYBqEkdiBQU9v6xkxwx
Sun Oct 15 22:37:17  ZHSp1WNgT7uoJOHG0A6UBn7ihwu1EFwki9yQvWKCUi14Y14wHEDId.w.EnDulIK2ZJB.oUQIPWen7z
2003/01/09 20:35:52.16245 GUyzdh.bTpwh2BPA49dFmz6CZjEhrF33bwc4A1
1993/07/27 13:06:48.103542  q.gudQRTzSO5sRnksacR6GQPEP9AQhSUQnZgOB.n3.AaVR6W1QfZMMBOc5Y9PKD.AXId19VjZWKj
1998/04/05 10:56:36     XJK8BELrqCPAopZKKHZGp3NwEUVSWXKdK4.UCJi9g6S16LEtr4Q4q0FT7eTJ3bxHygpZzoweuny AxwmlM0B6wwjRzi2twg
1992/09/07 14:15:56   JoMQhvdv6g
2000/12/04 01:56:52.542335  Rlj6zbiBOmRrJDhch3p9FDVk6 IMg
Sun Feb 14 21:11:17    ITGgO1jh7updsaibf.dR
1994/10/02 22:29:50.764523   8VHQpPOHEtm.ikF9KwziCF7Bv57 wC9L0LaZtzCOQFQ1ipvkRhl1iH.oAkFk340aa93TfEjQib0.rqPk
2020/10/01 19:06:20   D3ujkpJ5TNow.PrjCL.q6vbEukftiuzd10GrPFDTFF98AkU93xYIPys6DxF1X kZYFw PH
2017/04/06 06:33:12.867685   gvgMwpc1UbXm1jldb2BRKzi0FrXqJyr9V1oGQrighIV7nOgyBy
Mon Jun 05 23:45:39   nVwmTxHMtFGhElJCphCn8FMbc lsoyttD7
Sun Jun 02 00:16:50   y xjMinCMHh 7LpXOTUoYiG0i5P1Q
2017/01/26 19:52:50 MUdSp3eFnOfaYec2ASCEw DTpLNd9ZG5kf.L
Thu Apr 01 05:01:50   iHAGX492NRc5c0fH
1996/06/13 04:55:33     ZqMKponY0m6vYaM5cqNfP 9FTrRcz5uLDSOfOCP2pDi9 nUK8h4WIi3XdgF1Y2Lo5A.GMy6sJ8jY7oQH0lUoLFHsAaWBM
Fri Dec 24 12:06:27  qCmQCxx0nuid ikfGLyK.Bdmfo635zB1v2gUX9AHJThdULrXgwbTMoZX9TNGxXZ9B3CeNpd5eJ7Ay
Sat Nov 26 20:38:11  buf97EAuQLO6
1995/09/19 17:53:19.139493   ZInZrSKPvA
Wed Jun 06 00:21:29   DqxVe.5XPvo3bPIMiaIMeyAOH1W Mg
2012/08/14 22:44:25.743915    RY2sUrTj17cE
2007/05/08 15:38:04  7V0e8E52g0iHgEhcKYy1vGTo8N0G
2013/07/23 07:04:34.450770  BbKk8S 7q3mA39bNmuVRPZC28eArHb
Tue Oct 27 11:45:34    m9Febd7mYJyiutzEqNnQwE5QX4YRJYcIW Cd.xatAyBNv7HTh2EgL2QqyIT0H
2002/12/24 17:29:58.514137    JiLDGs9dol7QC Jt sc39VQF4vBGGeDCHIUjj4ILkSt91sZS.BqaO4N0S2LSgIbRzdFA0SeDLE LVO.T9xOKob SluUeR2mFU
1997/05/19 22:50:23.292971   OFYbw4OkKcEHAfqNAptziWVCTEZOiVbWjBdLvxPAMV435
Sun Oct 10 09:54:34  7bhs929IN5LNH CdcR6fMrjTa4MMJG7EwTdjqRgIkVYx 7m0WyItY6gxX3iKSNr
1997/06/11 22:35:24.391100   0upFKQLppCj
Wed Jul 04 13:06:13 z2xg8l7TxjGUQUpUpDsC1SA4
2017/03/04 06:42:26 0rhIOGbxaNa78ZIuaYMzleBVDRZM3lcTb7IDDCGDt9ZXQriBMwlmJLO9eudXGjXA6x6b8gVCyt2WGKVJvBf27fsOxam
1995/01/26 08:00:15  jR2O4eyD.DU3piEASziMhCgeybB3ax44bNOxCNIGwK1aJFjDEpLyugVKX.S8HFpAj
Mon Feb 10 07:02:23    VMISsdpb5Zd8PLvNBcKJkgfacRKv40UKKoQjuK.pbc3mgHvvzMvkYDPz8a6Sr6QiRAkXw3gGSLwp.NS60f
Wed Sep 13 15:06:33  Nje5nDwlGvG775IIGjQ4JXVbPsZbvQON4TZLzYWCapqy0wc6N5D6m j82Y5gvTwR42
2018/04/08 02:25:34.590569 WqCezGmAfMpIVpuod167 pnGwmoWx1TFpqx.Z9g6XNXmAAK2i9Eo4FILzeYxTmz5xvYOy4Sl4cGzUmSh2Y5fNFcvQB1v.fMyVBYZ
1996/10/26 14:59:21   nivbiQq47fEKLf j0yUbo0aIfDquTsZfNSc3TNF0r0sIe22 bLxVF pbf3yrGyTa6xPcOsGBR1HQhk0dqjKCoGG6KGTK
Mon Jul 03 01:02:23   DarIp9ALXKfg xKVDC8ym1xf8.eF1VR
2001/02/23 12:19:13  ALX13a1OqlLbwGPbhZcRaG76oEUoOI3BiswQSCYwh49nicD2i74j0Dlru
1994/08/10 04:23:05.712613     TwfYqolw0f1LvufWPZ0szHlA2Ac2l4YO6a4NYMPNtAM63cTP3zc3A4p PLvMfisnQ0j.cjHa8g6khmWt2GTQ
Sun Apr 14 00:45:26   6yfeud3JymzLh30o3IX
1993/04/14 01:11:08.26075  WRhV6yFSrWszqFTNqA2hd1gQMqvmejJNS6w6Qb.ngZyooPkj71nI1QvJSkwGU7rprmdvwlEuHst UPwS4tATQryk4Q
2000/12/28 14:42:19    OhG4uyUjbL.bj50yJKiWXUQzn2Xu9RleKa5yLQQyoaxj1PMMvHRX50RAUEVKevvSoe94ycUdy0Gf.cbDEYBoAeuJQ85Izl
2004/01/19 18:16:21.381061 A3U n3U7wx0wX2QIUORNvyJtVbelW7Gijloelr8GkFUIE0foC6r4
Fri Feb 24 22:07:09 yCdNtn8lFM4vNgWxa2im3Q7oyGHVtuVGhigo1IWHxpEda.jgKYAUBxrdgoiCgSL6
Thu Oct 05 17:46:36    UUz6pa86axKMmtpJoauE6JYTqIm3 HuEPHwj1Oh1zmMr3Jyu0n4yg7iBSslXFG51LG.WavoPm4rt7VH7Qve
1999/12/10 20:35:30.558004   3IjjlV4xKyZ6.6bq2E8ZnKQXM022uM2PxGQjkvzM0sp5Q1yh9ccWhgroPcPJxrU77I HbkjtbqF.fjYLui6EU
2006/03/28 05:59:13.597024  2UeMWg viqcp62zUjyXW9fmiCWgiCwCw1QbZ0M2b 7wedAP3hXWtzumfG0LYRytwir2MdtBjLbYEh
2016/07/05 20:25:47     id3AZMV2n.nk9BkHteXUbXL4UmGFVNEizQg.fYAke5YK2js1he4nEBxvo5ljZpkLW7Ms2PeQUXQokPEvTCHiLlfldR7q
2008/06/08 01:20:54   vKJ.TlubgEA7uDWHvldEc68DIrHFFH8ZJQhcnNROPPh1mC6tB2fUrDSqMhdw VF8D10hoLjTEDLl5RO4
Fri Jun 03 11:23:24   9KjyTOBUSI7Xziz.DqC.jtJhZavQP3Xs.i2gmeIc4f8WQl8a82WvTT
2014/08/15 01:25:32.96315     Ti8spfkSNgVNwqYEvNnRiZ
Sat Nov 26 05:41:59  15G6Ncp5RcJJ.Cbo2LQ0dFNsz1D02sNF9MiKGP92C5BKgb0OygpxpONj8jmaj1fr1A bFF7
1990/11/23 01:05:04     2XfE080GeYacHad5pIr3oOs1zb37gl5eh10IeKZAjAEZ
1993/01/11 01:30:04    eEC6EV.SZaYSWakAaKp2
Wed Apr 28 11:00:36  nW5lvDWUYIUacbng2w 3iW3MlmWJUekdk3dk fXYxioRgcc2f cBdCDoL7JrLX94Y6Cqppk5incXWfZLLyg0KMSkp60Y4GLzq
1994/12/14 18:22:13    xYvUVUoRszTDrV
Tue Jan 10 08:52:32     zvnBMIBtR1s4jCjn6w0qCCs 6kmZO57lKgSEvTtvb8MU9jNF8IsYfuauU3.Wr3leEpfuHQ.CvTqDrsYwwclcVz
Wed Apr 05 08:29:34  gY07PWRtf8.U6S 9Vj.ZWaMqMiV02.o309nV6LBqeR9BO1Goa
Tue Apr 20 09:09:06   .2C.4vmjz7sHG1EdF1
Mon Mar 06 05:00:55  ndgR9QE3gFNijaZXPJ94GND84
Thu Jul 11 22:49:56     6WiUjOkOHsAuxjTOrNxyitMHp05DK54hOV6qz9OS5tApNeKCxbUwcZf7xc
Thu Dec 08 21:23:11    uzJ1dJD2es672AAodCU0RwYH7 wOXNyjQqNRMHzmlP7VYfIkukE0P.wDG5fG
2014/11/04 07:34:54   n7qsw6K ppmiWqzJtO9v7 dBb2LiHxBUi1bBxvODKLhi5irYMz6gcWt1Brz9VUMnW0ix1XAHczRvplVKaf4A5Tw
Tue Oct 22 13:41:23   2y3jvvMOCB0BmcrJi7PYlYSBit9QYAE.ABkSZUWtWBZa.W8EslQFAUwJDAKilyD9LSkbXohfaviycDxOa0hZKQq9AU24Yo0Bxb
Fri May 05 11:03:38    K 8lehSqbwLX9k3IhMEid.KWdZUhPOTVUjQrscwNjNXcYNPQqsxApJlOrbGitgHAQ
Sat Mar 06 04:18:35     sRRrbkRP1mu8DeQFfEbIe j1f 8LiuegmMzXNU0sHN3aZ37AjyMLMpnw35eisoODOcx8
1999/10/05 14:59:53 9ocubLqoMXyMW9AA9nP4lJkacKMnaXqvqUaBS4pVfYhcfnMek7iBjUYH6BZjlxWj htJQ6fs4
Thu Oct 04 01:35:47  vfMRPdfWBJpYCooxq44sZ9q7MiqZOLP8ve3rMfQuHpF2g05ldg6HjyYN 4PNWp6SyVPf.ISfuTldDpLr4NPNN
Mon May 03 20:12:12     kvV38eWsH7dilUIShBntg6 deD37seSUUZB06i.01OVucRuaQi1 oNpzpFDyDMuh4e71.HcF
Fri May 04 13:58:40  UBl8KPxOwR8tfalNhDG9WKXs5UkIDy.Ib1hV6BLMpSLRjv 
Tue Sep 16 04:16:08 quz.GME0f54hn5wMW TPOaR3WC5Rsf6KDBZGXceZGkaF9mB5lcTmeUqAZj
Tue Jan 06 00:03:32     O jZBhlaM.LchfssWhKrZlATULypwpR.ISlKv5KJTkIpluOqHhgOvyzfyYz79MhUBt27T IPeeqPEvuYPL8sU9H200iYbsl
1993/03/08 03:08:46  JqAbpEbHO1lZ4ELXWvzoywovBZqGGEpG6RMbAPu9d9.PbaH586yv77kEyQ
1996/08/06 15:07:47.625769 .4uX kJrcq8do6x.4YkosBPJHbe62oPrC8o4UAUzJT8Vx4APbHUPei0MXlwvg
2011/02/06 17:32:37   NsObuqqNpPZ8KS8sleOlL8
Tue May 10 07:34:11 cGNJeofR0pY3MPbI4ObLBFMMcRFuRtQus
Sun Dec 04 22:50:26  l 3tXOsxjA9LsLkkghn.cUHRiJ4xV2ebnEGaE1eZj9dUQCKDjmQu6Epo
Tue Jan 03 23:13:35     UhLPFeKnA.ZmLBPuxe7mnWmf prqTQxwVK3F7knZcnK9Dp8txJmRr1rBghwZX5lQwRfCi
Tue Nov 11 07:47:09  XgJ8Zjq4dCWzPc6GUf5M5f.M2lh8FobRJra5n80d2S1Q4UBtGYRAJT450kRrdvkK2YE0wasIgdP wj10Sq7fH.hFw1wLVHl2fMpP
2008/01/09 11:08:35.455264    qVqVlIvgWkdet4bmw
1990/12/20 12:33:55   ma2T1bbe1bRrkLftsMbXxW7inQw4O5MKDYNafH5Aj24Ey6gsjVvEMSi8sMDBeEAUf7
Thu May 14 15:06:35     S7SrOSU8h0k0GcCdqV1QqSWYv5VMcyKtee.fFCY
2016/05/12 11:55:31  lMrbSo7JVWDAaCwlDX95I8TdyyDUjrLTMW0Mj0Ly14sSxgLtUs5AuGLVxKpmg2UKy
Tue Aug 19 09:11:00     pHQJOU9IE X IRSvmBCjo9HVI7H35kwM818uKUreionZhPLwNR2bf1fP5pC0w76yhBmD9qX S
1998/06/05 08:35:28    kGTyJUQtP1KKgB94iNx  HSx
Fri Jul 05 12:27:22    3xsnbcZ97R22WQMXhKK2GgsSsByWiF WEVGvpkUkLSVbN0r7QPNornHf7N7CdcXw
2021/05/07 00:31:58     7sNuiznI3KD8isQcS4jw6poYUWJQv
Mon Oct 18 17:40:58 IMVru4sesHiDpjPSySSvA.lHKkSK0Q9WYCBSf0XdCgflmN30tl V8GuZM0xlwnFO3p1.eFKxa
Sat Jun 25 07:03:34  lLzJdQensFqliw1.DdZ.Hmbu08MOLxb2Z2HVV.D9bXh3dcAHM BEAgfBrvPNhkWQ1MC TrI0iYHUlrFM12
2021/05/11 01:07:31.294588   7CR9l87ZusX5.eHKMKYAxg6yDndowNZDJjd jlv5.NZe4EcofjOt
Thu Apr 09 19:33:56 n6LTXqFf8NOVIOyxov6sdaqJDeg9t1PqYgyKwHcfr.lfm0eGOkexYLvZZCa2KDq3SKSDd6xTMwTzsr0T9SFVRVIB
Sun Jan 03 09:59:05 Cax9zrfjgtI6Kgaz5Tq3izdNlA953RqGH0kinq7WON7GOKimg67BzJy3Lz.
1997/11/25 11:48:28    2OPMvqhC9uGPjyysTD4xvVm4HgjiBvZ1VTk9gCHwiDk52fw90tnimQ72Gsn2qmA QKlFJg48N QDswZ NEKTU6cNXjLIWYiIR9rv
2010/04/06 19:24:51 C6 OX1s1RlmuYqvKEcny9DA8 PmGpTVbgO8Y7nCtIyhHrSTde1t1l84hKTTm737NXenhp
1990/04/16 15:40:57      otTLyPQVQRHXztz KFKB1iuWb7VWJgPdz7EgRfjx
Wed Oct 02 01:51:40     40Kdhr.9zne4qpKhxfGHUa.9egeLvWd4UZ8PkfQoxa1N8XMLAiXwqQF4ypcGFd76zrrVriW41LPx n8Q.bc7rB
Sat Apr 17 04:12:39     m59BP8R4gl2WSijV1bFnYy7W9GNGqULSg3V.7jb5GxTJp5W1JzRrTyt5mFJEJieQpa8L5rX
2003/05/19 02:41:40.826532  2qXW2wRQ5.gnWvU8mXenR9ngYE18ZXT40l.TZRoFhcQE AIOI4hf8EdasvXYYtgSD3Hypk38
Tue Jan 25 07:23:50  sO VzjkZRrxOJyAXLaJBmxTfZw7 4Q2HCvEQdXRgfb.BiLXLjM6jxmgNmf2pI5jCzvDiC6h85cR3AaDf
Fri Apr 13 08:54:59     gz0qqQa2Eg3aihYvqHyfX2MQHVzKtgud.ElOuddDwKLzuDa9.7GHXw8
1998/02/02 00:51:00     yogbJZuzVfBhed.d2etmao3pCM43cDenERnsOM.4RleDWy4SSOJ8Hmp BbL78hCB397OHhWeJWhK2jUu9Ki7m3HavN
2009/10/14 05:06:08.308896  pP4Hnio4tNUw9UMVDEKSz5lfMHnGgse67IXb.QUqJRn61I9w7 pU2L05dGzteRPmvIT
Sat Dec 12 23:26:46     10NkxjUhh0NbM4aJ8QSWq4C02FSsYOPNDI z6N2
Fri Feb 21 22:00:36   uVQKQmLgZmB6H1TmdioJdJZoKvvL5.nQ bWj0ge8Kifeed  J5X
Sat Apr 05 09:55:51     NwAcV3cAIS13i.aij8PgLAtnzWuFuu3BCEykOIWBvKpHA
Tue Feb 04 22:13:53 juVHo fibTIDf6
2021/11/02 02:33:20.607491  MYdOaHmwTGVZiqYY50YN0oB0Zm 1nAcaeuZpa6S2tMb5nDIFqKaR8k9eYudNgHF M4qwYfSTVqSgXA11MX
2007/10/19 14:35:42      7I9ROsShji1swrGk1tm20lewUBlregLpXuEHOfhkSbdkfMGlhY3vE.YtzFqaVJmJs9
2017/03/08 06:34:39.252773 EE937JWSFoEVN3EQRow0yLDV8iCBy.F
2012/10/01 00:25:37.539257   luFLhM2q2lbaA
Fri Apr 07 10:52:09     mQoMRoBM16lxkSz0coH2Ig5w.hWKb VyMOxnjDKVgGkxOeCw1CeMdQ8IyjHfWI
Wed Oct 12 05:12:55    KeeOacRpSRQ hHUd.WZgHcCO3nPbyfi8mVw27K4oSes9VO6vHtA5KbeHKxJHQOuWvxVUBnfhjEGY.LF
Wed Jun 06 19:18:56  MdS8CmHPIciwVW91uInU H2PO0k5KEFkk1Luyu5Ahp8vg.fvzZ.GLL2fUw3niuuliN8Nk.JMFouWx1xA9gfviIwpBmTMpyEElD
2012/02/16 21:27:00.363529  GV5XM9vM93bi64.z220dMaOtO..OXGq9P6uRrf6le1HZGxSQevzm0O 6.YKjQKonsJ t Xy OXZndOfv2Vf51Y5Tp
Tue Aug 27 09:51:36     mD8gv73ebNaeTV0cbx
Fri Jul 10 00:06:49     pI3TrmxXZaKokw8vTdI5Wgo7cT5uTZJ35xTZr1MNb3qMcOnJBRxDicGuozhlWLEZmoZyXhwUA12UMAdcFs8OP yvGKS66M
2020/09/24 08:19:38.703674  nZzUAFw04FbUBLxwuFoN4jI.rdTTYVVCGIua0p4MO0iQidq49hadMq3LZwuDKDyDgSb3stm
Tue Jul 11 05:57:55 1jamQBRY x40N
Thu Apr 27 20:20:01 G15povf5W T6wUu K9S.iS92sJTwtIyFyznT
2006/06/03 22:44:10    w9htBquaOFT5xbPt8nEzuD.IbYY. yOcPhlTnGfu71qGdgdkEpNzxy6P9 LceIdIn
Mon Dec 14 06:14:31   JLb4cLottAVBHkaHpi5K wzet07FaFiVQ2lk5coSvedGnWeWmX3VBaqz6xlUDePBNvRjlzg
Thu Oct 15 01:25:08 Mdp77wIk2KZRpviRpOZwWpY7
Sun Apr 23 10:01:17    HiLedJFuSL0ibLX39V1WHsC7kOBvVnCuh5IC1EQE8eYo5im7KBk9u36PfR3lc pMjc
2009/06/02 11:32:10   ANoYGRbMJH3ytvS.nDAOgZqx8WjcQsUMCvBZJSa18JBsDqMMV
Wed Feb 22 05:28:49    Kbjw9nXnk6eZKd6QUhWlTGq4HbEZSFxkc
2001/12/04 14:41:07.462746 4Jn5f5jlwg7Sjr1P0 
Wed Nov 14 13:30:50   xwueXqUixempEQCFqMVRtK62ik6VZiE8uPfQbvdPJgas5Ai5GL IETuHo5pKPIfipWAl4ck1Nr9g
2001/11/13 15:58:35  SxCRisjdgKJCiODlGjf9l
2014/11/27 23:50:49.243321     Koc7n3..Qz GgEEMjLDJ2Vd8NsNxUObBiblQO4sNZ4vJEXBMCqft.of7r8PhSL1xpvVpj
Sat Dec 23 04:47:11     K4TnAA1FU1PNztisUsdR2yAJjTktHWZBqHUbTdYfy5e57urakWT7ogujxpxGHZHT.3Gz9Dq.V5madUz.hcesl5jdOcV6
2004/03/05 22:17:53.816753   U WjALlP ZbI.7hnByTz0betp3Tsh5ZGCzIdk6OOFeT8s0Z
Sat Feb 15 10:22:44     TjSgDiLm8PU.xyA4kA Hw.gAkeEmvwFLgVlZNR4h0QoYiOJHKP5HQX0MutgpDJxnyqNASUuPQYSAGOEYNJ8M5dJ8.
Mon Mar 20 03:18:26  SSw6Szk12XoWkgh0
Sat Apr 14 11:04:59 gp8iL.Yj0Yf09ThITcFrzuOg0Ea24JEyq ZaJiI0GyfvgKxeJ3k
Thu Oct 06 13:00:58 kN59MmEk5loXKZD4trKm0tkkgZoYixaG9DZKDt.AuVp2nznsrI
Tue Mar 21 16:02:29     JzxycecupZkF4rPFFZ7fsdsGAKK3uZths0hxZAlvYagMx8Te4AWcZsYU9K6E5EkUvbm2FgeyeBkPNRdy8
1995/03/09 21:50:05     Barppx3X8HN1f1j2oPoTlQlh
2021/09/02 18:55:29.496658    cVxyFDDMVvuY9Fw
2013/06/14 20:27:22.59269   NHdcL3lirOZQKnLkFUhSSvAzx3fkgcRlurNe
Sat Jun 02 23:50:49 JMOrJmrcdkqamDK.
Sun Mar 02 06:44:14    N54xa okOkU21Sw66JT5iXa5
2005/07/02 05:34:15     NBkkmZyZRc pNk0iRa1DECqJNVm2f5jWaypykPF08wbh7ZSXA mafEBprVoPJG3BDx.pFG.a
2018/03/09 17:55:56.919996  n30z7Rc28pS11be0xS
1996/01/20 19:18:19.970786 oYEDwfc gE8M0ak9TcQj1AxfMTcyZwFhT6.JcePZDFt.zjGagm8MDRklrj0X3XcFbRM3tOO
Fri Sep 12 15:20:48  oOQcCNUV.VraP59fyaZSoYIetjDV
1997/07/09 13:27:54.109512    OebSOWTPwg8sAmdHy9kwFinBcnAcI9WRPtFjbLkB1QewrFmM 2h9nbfYAwImwxvMba
2001/10/05 03:33:00.294492    3OXM6sRi8NcR4kOdufluokjsOVR0loYMLOakXIgtzwUIc3PvDB5sigj
Sun Aug 09 18:45:42    7B9m4cZNqos2fe0S8xk0RsCPT.zTrc6PcT6X9ebOe3MXT
1993/04/17 21:50:10 Q3OTVopuHMAybNI5f8ivLH3wt8LXLTMe08cdVE2GPYJ0gaTOvSVIkKxSq O.
Sun Jun 19 15:01:46     84Rqwiz6cOoFAmL8R Vr.vadp8oxgPY60fT2jrPGzYcOaHiXwTy4pGAxZOlp
Wed Mar 27 06:33:38    eo0PrYLISObAtpXP
1999/09/09 18:16:01  Ncl1rmVLlipBCK7esMEhKsAFbQvidgYBgquhQoRTrE8
1994/07/27 07:20:29     TLSwU12TbpHbiJpI5ObSORRYNKiMgtiuWlR2oG1wJ
2001/08/24 22:38:24.201283   GAOk4kfKGutQSFTQeuW
2020/08/24 04:51:25   pz4GaoxBhwn20yn9..rBz.n ksYISAik1Is4j RxIZdxqHuQBL8xKytjntUCGs.
2012/06/13 02:54:02.666131  OT sZ5QUm8xcE
1997/01/08 06:01:54.221971  qfMqZoIqCXVUwrSW8WLd2
2017/09/12 22:40:59.823130     zyxKliAQR.97ZqGDqO1wNS66aIMIOrbtzI
2019/04/21 10:31:17.273058 hRXp4wlPaAs7xYR1YbI0PsqGj
2021/03/03 01:25:26.391986    ry6rggjvXcM.YWkIN72gVEDDSa1gmm.s1pCPVXcDUnZKe1Myd952eQg7RAymUmHQguAdmMPyiPMkWlueuHojUzukHa5Q.7zC
1992/08/26 11:02:23.578981     KEuMsIOtvkgfAp1c7EnEOJ0VYHw q2LFKwnQCOoTt9E1Xg Xn4MNYsgWJunSwNciXfq6x
Sat Jan 24 11:41:00 2WOMIv8IUH1vCYHQ8Xc.HkUf9spq.ifpjVgdbBwCLu8E s5AdZOYhe 
Mon Aug 11 15:03:08  C4doiGB3cHZeuCY87JBoM2jqlSZsIVP3gSP Ep8k
Fri Dec 28 14:30:14   v5Jf0q.gLIz8N2bhzy T0M6kpD7NbWxfrYpG EjBM9Er6N JdKCxSGogqg8DA J3LrlQBp1uCwH79U9ho6L7O9OSjjft2jhP
2009/11/17 23:04:29.511950    Rx9qKcWVgV jl hRJhNQYOqwQ5P8k qySATjZz94kZw.V4
2011/12/04 21:56:02 NeZBh81P o2lkH pIby5CSbTXF3B1PU37kjnvroCK.nytM6zXgt8
2010/01/28 18:24:26   v.pPsKB9MPHkftFIRil57Cyf2B4hqoDZXd
2009/12/15 12:57:30.564078  qY9.R3KfmrETThUZP7UfT054lZ3V
1995/12/10 13:54:33     LH2qA BMa4
Thu Nov 10 10:47:10 jTMqrmoJhyE2hssVTQ9Q3dBBpVQ9Gum0neYUrY drIKqKdZxIN
Sat Mar 13 14:03:56   NsHD4YrarHGPsD8iZnIFE9QgHTCqNQjTzyJW2FLBNpJPdzhFVsr7qs 
1992/03/21 08:13:44   HBIzSHiE3emhBTuXwHBwqvYKGh3cnRYytjqL.BINDdkrB
2020/10/16 18:11:53     sWDnOYEMQn3kOyGTlEYM1Wj5QBJScOygNbBcUlo7OZkhYGoKOWrizKTYRpQU
2014/09/04 19:38:51.840200    y3FNPeAOsoRI5RdKRZreMiMiuLsg8UlIlXO.TJ65j6.sYlujFX3BtFuxn7NOjDY R73mA97Vq5w9s3KCST4l
2009/06/16 08:06:05  bQa4Zu7KrIyQOkhF
1995/11/21 21:33:33    WEX1rs5YMEE0xFbe6bHLWSp8jWWu6bsyOlT0.tvWlk37X4xhsYGrCByHYrb8jL45ro5CO
2021/07/28 04:38:52  PZW4sNq7S8L11IVRGY5WvEJFP5AtVA77EuWt gRXRyQvJy7DLXRetSFwPDI
Sat May 20 12:06:05     r6LGxIk5aPPpf6hdGtQXOWAuWxfLCxz3ngrP8pdpmroNxjiACxrZhNjfDTC1caMj10pFlhPgrIHPTA3WF1prbbVWuB
Mon Dec 23 23:11:17 SoDd24RijHcSh.VHOBf Hr mCxbEOH.VCa9bNwQeBI0CpZnUIEK7deAeJviocsC220sYcj65uOuRsRTAOm
1999/11/11 00:48:50  MkT jI3TBJqTFKEXcqewMn0KNFeBej5
Fri Jul 19 11:25:13 FoVujgOOO1vFN6cCMXWTIZEqAMxnA  wefgqH2bYYXTpvWnHSQ7iZ5v5ha uAwKo h1lsILWA9
2001/06/25 20:38:20.278651     pNVuzpOEyOtSSXAJ8SnVi SPWawQkXPK 39MdRID5NctQj.zdQkBNX1ah52DH0ZW95BrQEocbIsbxh2Mn3
Thu Dec 01 13:37:53  hFuo.5FE6n1zMArG40BW3lSeCewig.QM5YpcY9xedPoVcuojO.wL5aOCc6eUsS1Waca6H8lXEOVhM ytuJWEkoLXjiM XUPM
Sat Jun 12 12:32:53 9X.vfjULhG1GWZOqsgubKddzxY16sKulS9Uui639M6H2q42ApYrYyNBKhjPltmY7frGc8b8AIE
2016/07/17 02:05:37.235502     MLZz1pQCLK5JJH45DtTwtuELW0Ogj6JwF4B8qS.0E5
2003/10/26 18:59:23  w9XVFsdqhdN3Rysu7tl.v9Yol3RvIySW oR49dYgpHIHIrYTtBz3aMmFIqJyFXUAMJIZtovlnFcGvsoasxmKq6pCvBeGfqhB1Vw
Mon May 24 13:03:32  zj3qsOf3wO4ib.ZSqjv7lUT90zZGoTp2PSoZuBnncVKL7PFs4XmiU3gLFnpMaLTNzYSDn0gU g0fNOFw.z
2000/11/05 03:42:16.652123   V0YVk6EDmHbdLlbNHJA1HAzISdDS2qsZFfxWcgxqz3Fw7rTz.W
Sun Aug 01 12:39:43  O2uLEXaQsoLP
Sat Dec 07 03:50:37 5D0Lf69JLpHLmbqBvOIdk0FF2wQObHKdzEWTJhKvqkrPZQ9alBQApfHmCJ6wXm9A6P8wiEUn39ShAiwohBjMEMNYn
1990/01/10 00:29:46   P7u36.g8D6N
2012/07/03 21:32:07    OtJeWrJzo2GTbPzdBnaeCFHdgJEx3cRFFx9ROohB9IXoorc.K0gOzJQlrISbDisMwI9xCJVC9XngON8vVHzeU
1998/11/14 08:20:50     pZEloN9Wcy5UGP8IBgymf7YAsXnWM6H.7KL.gkrNyD9WoV1eM5FmmNhUOAawvEC.WdkcY7aHhxIJoWXoMUaNQ0r
1993/02/18 20:42:07.410124   tMZpmkyMwufNjF mLQQuEvzYqBUVeCpxPtYbpEMl4017PjSErRu m2Zv0GryGFcCU
Thu Apr 03 10:29:19 3uoRcbXPkGMu4E.uypHhPPdFPuDMO0ReFol0IEaDQBysQ8tkTl2GvAZSIs
Thu Sep 14 22:03:19     qXhTsYoqgZrcmN5VKRiQsc8EI5da1A
Wed Feb 23 21:33:55     tgPqjcDDZNS FUS09.9OhgyVBNrYe0.KyxE2GQ 4AX8vE
Sun Jan 01 00:04:06  K8IRIdd1LAkJ mctizD5VLtbQWN5GC6b2nQFV 1 c19dy
2009/06/09 09:44:09    Mf x0Iu4n9fUOPdFsq471TpfmyBMM g7YRMM CjNvQmRChbH
2004/03/24 11:43:01 NzVIjVnsLJjUVa1EXqC IXM.XQ5et5ePb
2004/11/04 14:52:06.829157   g20FfB1nT7HM5JWCa3X J4RhDfKl0bc5Et FylMNP8ulBsXNQGMDwDXHwbdHdJmwUqkvPLJb8AlKTqYabruzLh3vxS9ajaV
Wed Nov 22 09:27:37    .I1VYb1 NB.QcKKxOkeBmMdgVcZX64uhQJJ8nzrGGCqfPcYZMSr.X0ny
Wed Feb 06 10:57:58 RTrlcnYy1sG4E0L aHmB.zuq6xCttkjiDdGmi7pHFqHCRcC.nTcykJG
2021/03/07 12:36:26     .N kge2BfhQxCgFKw4bNI4hO4YiVZc.aojwDwRYOQpiUarU4FCjMoZcloAI0pbqY9Z78eVuZslEgjfVcMAs1eDs.nkt
2012/09/27 15:00:44   ZF8RsF5pCPjjX9fNY.g74J.LpdWQ9QghEGKncpJee
2009/09/04 04:09:33.686703     zZIU.SmQ7J28BPuoK8TEGj7A.xFph4HZby4riYIpMWXg0FcOVy
2022/02/16 16:35:21   zDFqFGePl76nENe1VGgQV D
Wed Mar 11 04:05:16   koVa5x5E9OHFvvcxFzzrPbrPPS8cokrA0k5Zi1DVQmUK2HL7jtVl2JG0Eo6ZK9Sxlva9p28WtzP378jD9oJslDQw02rW1lShoOxE
2002/04/02 03:23:49    4a Js3qwpgdoPTyhQW7QFlaueR8RQpBSh3PwA5sBuHmr9JWssJR0IZk8vsKoDAvSJ5qAUsas9JRO7
1996/10/02 22:52:41     HroEH93v6Trro2g0745uUQoAt
2019/12/20 06:00:27   D2mFmkzd7d3Ht7f4UgsZLdLtv.TjHVpFvrBpKaoFdFwNNnQ.XV0fDY4VeQmuZfJwj09e
Tue Feb 27 18:52:18  3wxb0dK.YLDhZDdQqWIaD1NjER0bjtZR6ghsfQZ2dIgaKTirGiAh3X9vXw8kHU5UJ6PLuxB02fW 2V9FSz.wm3q
Wed Jul 22 00:27:27     n7DsJk6hhYAoc hA5SY8Njindm9S3GFcV21puZJ6p7GAmon VBDecWwn08xYbmtdkUgvg
2022/02/20 00:36:55    nuV5j8J7N88EwtuVXQLv3u3OkdG3qyUkW0vg j8Ccj.26qEjirJqB0CXFsn8jzKDFOobCHR87rNjHYdMQfWpEqGk96e LX
1995/03/15 00:07:38.835750     Hz5mZrsv3rver P0aiCbpQtl3gAu.ZeX5Z
1990/06/26 18:47:22.683963 HhYeXwUao4iLuTxoV58wTJ9QqGih1rNmLStgiMWdjXzKjf
2008/04/06 21:45:33     a1t2kPLMHyDkI8X6ECKYkIct42rWe5pqKIRZKxtJPiqcqEpn.F ISd3YX1j0FRnaEsrwHr0Vv
Thu Nov 24 13:12:02   6sSV.iBUnj
1995/12/03 13:15:32.304248 KDjukuLvRU
Fri Jun 18 13:11:46    OhnCwP8GsyjFpT6zRkia9lbH4Cn
Thu Mar 04 23:52:21    7R kGY5cyIZ19gl4F9izcxsAHNfgkIMmJOi5NbqCLvJphzCjrpih0kL.xwaEFruj
2013/05/24 21:49:07.752063  p1ZcDP1NSkYQiABbHQajy79kVIJpjVYxTyvzbusRUxV0nZt3nwRIYEP07YKFXvuN0cYSlM4ZzkQRtF6lqkwv
2007/02/20 20:52:14     3p23q.4ZMw.ttyXv56kg9RWk4HH9rjp0fUW8tHbmYzGswrU
Sat Jun 25 18:33:50    OXCLZSTJDI1ymZ fszBJIYYVTnTY13CjLGvu8XwDGenGFuELze3AZ1zk2b
1992/07/17 17:14:48 9ZSGCgrwrfAiJgobn1UTROy.T5Qai7
Thu Jun 14 05:36:47   A0GKTJKUlXVtVYQnp.RVWV53xN74ZzWSE
Mon Jan 10 16:14:38 8xpOlQ4KBgmMamhQXA5N aY0Gm9LKQrWGNQ8wvz2R9iA1g1slauX59VxiZ15ekxYhP
2006/02/26 20:17:35 0NnD.D1.ewJh3J4brpZPfIFder0HShfkXB2al20yx5nj2lhZ1517x5kFuhg39HsHa4mfwaBJ
1998/10/20 15:55:10  eXSc5XH6be7xku74lhCVDiPRdSvFfUvdUAeapWVowGK
2021/08/04 18:58:12.677482   nB8FTHO83hgI EkLjzp0.Fn2yKfwvbCBWPenPZ1HQ8X UvaCq7gpwBmsD8trRGP2eZ8pd7ZjVVaiD0vimvYu4LPyD
Mon May 13 19:25:33     9Y1rYipBlh3FYRKk7htf fcAt ucy5uqRwno2C3pJmpFcEB EA3g8qVvoPBkHV1PL.
Sat Nov 06 13:25:03 TIU R6MgFJFy7H
2015/10/11 17:45:30    dwBoUMNKyHNnSp3P9eC1mN0IlFUS
Wed Nov 27 01:35:29    u9muM3rQdvSHwus3Etz5KOhzbHbM5FTy
2007/03/08 12:27:26.878265   PFnHqY.8VhMP3 Lthjpb1Hayuf9XCwlhKMyhaHM6GrVhfiY8D20mFd.mHgTTxnCBTnaG5ZmSy
Wed Jul 15 16:38:20   iECuNToU9CSeHnK 25Yvll3nzZocXVDnWPuuWt6UwY99mFn5cc7HGcMXS
Thu Sep 11 15:50:12   M5rDlBrcOdny.33Z.RC2AWKykMTIT4xJWGdv8XmIhIguRY0 k.We9cjWdiLf bSmBake
Sat Nov 11 14:27:35    pVqqTXI2ZyWbfaTQRDSA C9WbBhgPv3Tkl8HpbSuEQXI.FuJb nd1pfYOwxzQWnq8.geIpFAIB yZWZZn
2021/08/17 02:38:04.172829    kxaUPBOgL677SvxWqS7FJ G9NP0PWxkXUncVspR plYbaMrjDZCmQUMk822i0VCKjY2fd5EFGwfp1OeS9
Wed Sep 03 23:14:18    tjzujZ GpQgaXPf6t0aZNz36Wn0wbD.EgpckwwodAp9sdC6SSIjg8 JWYkGF7liNF1Q9x3IGHQ6sQ2M4VORG8cTo6ltZFpyL
1998/06/02 07:13:46 YROSqnXOorHc3.Q30Z6jZrPCgVGcWSkf5F2Sp0DqVAfFGfHFcMHDSAzwqGlSVjV
2016/04/22 04:50:49 vImflPyXIr2m5HEqMuWkSIxZ5Q5EFNxXw8uC.zLF
2014/06/18 13:42:07.241039   5zKWPpBz. DDpKf0H75hBPVKhxfunXqnIQqUYREjJHbu13mxjmtu Me0IJiTtOGg5vKtHuRLqCenqss.fbQSdhkOQHKuyJ
Mon Aug 10 01:35:22  TAGySBF 5a6mgsuCDz2mQ9KePsjddBCkvezTd
2008/12/19 18:31:22.702322    G8z.mNA0zuIFko grtrSGhsPYttd98G76Zt3O7eVRT5c2FV1aFNSwfkJ8V2zjNXE3uTF2PHlFytNle2tXhrQza
2000/08/15 21:31:48 eVNqrOV bTGcY1OmCtF2t2MI  vHopVn0u8pLeX3jdcffW90AN2yJ0cpM1elOWOehZ9DXTwCyV4Ble1Q lUJB
Fri Sep 09 18:06:21  qoJzQxQ9XjHXX7DF70XZYRdGfmmTsIXGTybJF.3QovF
Mon Sep 06 06:12:04  3cCrzhRgKPtCEiL33AoYJ1O3qa8sUlmIcapvNFUsYjETS
2021/01/27 03:31:35   7XLkqo8UiKynnh1i4YwfS8OIm
2015/01/16 03:40:43.593882     K5OnWZZRFP9zE03 AtF0Rw NmzYcpnJxI3Qcjy.NdikucG5YGYSJ32V8CdgvJ4HMR6QQHtssAjq7TIipm9oJKgKDn97EPi
Sun Mar 15 19:43:40     F77mdfZ6LHsflxyypwB6YkJ0VEFP9iwIs550jt4LRKAftgesghctXLYF7ug51cA0Otz
2008/08/18 07:15:09    wl5TyCHB9g . PJp8f8FrTdCJX7Dh5hai9.aDjfD
Fri Oct 04 20:48:05    ZfEGwMlzP240tSyouEmS6 xXpmfd UxobY6j2loYSx4E6lKW1vIItPRiUKGi8eOs2ED0XuCJVeo73
2017/09/24 05:42:01     TMkFPxnmRCl32X7gVNv
2019/05/02 12:13:11.359066  jlgJcSE 6J 2m toTsJgX87fa8VU8tGy5d6bzyQXvpypYvmhPI
2012/06/19 19:13:57.976786 FpsqdVdOUmLl
1994/11/08 00:44:29     2Jl6 WM2.3zIB7UO.Wd4I8rlw8VvZgeOKtLcHMsQ9ReWk2 Q9tJxB719UiUhB6UzxI3
Sat Jun 20 13:15:37   ay7.vuWIgoLVUcm6dAEVk2Iq9oi66eOo.D 1kUICVoQ
1994/04/26 01:10:53   GCOxaoKEBz.qMpDXTTFZmPoxjAbQKnt2gR
2007/05/05 13:58:38  paQR5X5aVt9PXPi qeum 4NcVam3X8SkzWZ1yTVNSNXIQne91tf96
1993/01/03 18:05:07   Hst0zQYMMa8OTiewndjATqO
2019/10/10 11:55:49   yCkZtc0GgzERKmql4iaigG7QsC0cttoS8OnFWqkwo VSqWTR56ia79sf7DZMbrZHiNnJsODLT
2018/03/22 06:14:54  Iz56A6cigRR
2006/10/11 16:14:02.11724 7Z1 OrVgSTiUL55co6j 67pSMapW3TBhvQ3MDDh0
2008/01/01 03:51:15.197310   JAYuKQgq6Tb1A9H7yTminr tO4BqXF6n6ZZ0KTsJ3nQZsL9LxIUnxd6 bMXFqS8uhSaLP
2018/10/09 18:36:23.254558   wT7ozFoeW8zTGpLbspgSQ XWXI.2RfdS7QKfXcxh5NuJX9KiVZGyaE
Mon Feb 10 05:49:27  qjqGLKDMywURSOkB87Q OVp3kd7rDg2XXbcU
2010/12/28 23:16:23.527324     dFDqlzvduRE3dh7hpgWsk8iZZvrMvr5y5NkhzxPl8XMHSW7xg7XsrpmaD2K0kM
2008/03/20 05:01:57.747998    gwlSmhOTOH8p6U7EKahdO 8Eu
Tue Dec 19 20:06:36  aa35kYv tRzJEJ4H8
Mon Dec 02 23:50:19  hKrduWTSeptD6e7fwsaE5y9mxXj5LsFK0tVuN38yKK6vxmHmPfcyWgvPO8lu9a 4EmGcMZqWyUIZ1u
Fri May 11 04:39:34     au8tHaHoRoEuZIRoZFBCKV0ihvx.Tfn7kX.0 rX.FlIZW w2crwyl3AS6BurjKqNPznpghHdwMEi85R4lXPJl.jxaWCbW
2001/11/03 07:25:14 koz9dfKC3nFnTtPDdI
2012/04/26 02:53:21  mtKK6vsvAgtO3kPaAAVjqCQxMj4cECx
2022/09/05 15:30:27   EvWWUd7jb9Bu7l1bv9vYAzqzcCJvQnc48B5EXngoKihcQUhNvpjPOP85eyUH5aO5M6qcmgSxoeSdNFHgD.5SC
Mon Aug 25 12:59:21    mIHGTXXPwME42nJ4y3m9crl1xa8XJVdkQjISSLFAhdmg CEZ
2001/07/12 15:43:31  falQFPlMRgq94wYstPLPSuImRMOIft .L4YA7sRaGFGk7V89iZ IH3a3t85qbTUKNcYUi0RsAFHE56zlp1YwWCOkh8u
2019/05/22 10:11:06     6MOFgp8zJwU G755a87QlR6FQNvfzzMq4QCOB2fd4EqmPpLn92T0P4Pc1kapogz4m
2002/03/21 04:14:48.646731 qs6.ELj5tRmRwuH8VGsWquriKcKnCWRq T20rtEnVo
Wed Aug 12 20:19:50  iBhCwlE11.nf4SAlee5pt4U4fvxh G3ZOLsJOT0rWxfvxE0PzbbmLjviioGB
2018/10/02 18:14:53.970177  6JDTuIJuv4O.JvSoeQVhzJvK.vCefgWKzIMLUKZqk5q25KwKC2.1DRH7MXUHnFgxc4SQxrn2QB87bzSO18mIK gH.0aYx
Thu Jul 22 12:30:25   OaTO mhZsGODw
2013/07/15 08:00:45.973126     tG54VQJE2nqxs8iCTINzOBjcblhag9A00oj3QkeLpqGn5Lv19.qus0euep3 6
1995/05/02 07:52:09     5zMLbVhs6391dcNv3zqVMSm
Thu Nov 12 04:07:22     2qYTi72CQ8.q9IlEkIlmq7K9dZqKZwfrBKbt0 .4SJBAuzZEPPXu2I
Mon Mar 05 17:07:01  xpPmWc3quz3skt6nLwsFW7ZGiQ9.9SR7lB2uX5K PaMqxMNpZiNyjhzXRgIRx5Oc k6uEEVqIHeQReOnD.MCYa
Wed Sep 09 12:59:06 UFn9YuLDmndJ RopmH7
Thu Mar 20 08:54:51 A7YGlEBGv2vI VRU
2021/04/08 01:25:43   3j2keigX78 s6btgMNCgG9VKlDSBmNOSTh19l2
Sun Feb 15 05:47:29    Z O1BkyjWHv75h
Mon Jul 18 09:07:08    4P1DotCqe38sI1.p 64RxkY2TRtbS0E8ZFHyuHkcsmT0o 0wLZk4CNW9ah87k7wL7PlHkjL0M1Ox2s4w mvARObbWB6KB80Jss
2001/09/03 19:36:05.605132     n4Gqnsmde a9u
Wed May 09 16:40:45 NSLw4DvFMly8UHtz2me0gGkU
Sun Aug 20 23:41:32    7ush8nAqBaV7hJh3Zm0MYbUAfS8Rzi148pgUI0C UqjbFxCI1nDSLSGU2Yxgf8rDSFJ0B2DHU6gbZAcRkPmdBSx3WD8QhjFFJAj2
Tue Jun 20 09:10:48   ay6Vqpw7UBHE8KR6Vb1FqsTim4OxSpCsPOqhwPSxyUKDelK8nU heT2YS
2011/01/14 22:19:27   ULMS4gyN7YGF0hYnfDrcjhXfMbAyRVmqrIAKgz1bFQ6mcvOSRZvqZF.5fbqfTKD6RPJCgOJ
Sat Aug 14 04:41:39     vzWG77XxOKpIZgiTKaaq.Q3ztzWtx09S87xt6L8yrlkhVeMGqBBuQ.qmVdATzSVTjHXMPewHbB8fqHhdBzo2aW3Qo1wC.xNynPQd
Tue Nov 11 09:14:45  zn9wl8nBjmJ0yhLIyyKBVaTlbD0 IaFZWgkmLcijOZOjHFSOWT .KVveBaT4.5a
Fri Feb 19 07:49:26 3mbuAtiBebNKB6zYcilMIi
Sun Jan 23 05:20:53     AJ1eNWLFmVhVFBVrKmEMjQYSH rjgfiin2tXoWrLYBuXZvSujkuKzZ5nxblEC76DvGsrngQ2rJYgbdSPaVizy
Tue May 18 15:41:13    7WC3vDFPk9Kq4lSHU1horlvpMPEymWt9BrPi7dNcMK.Bub7t  NMes1Djx9ddJGH7UgYnhh0Hgd.IO.mUiK
2009/04/28 10:25:05.882317     Qlcu08PKKbLsGNB1KivcRkHOagv3U7p5QTC5ykp8T79a6SwwPQvvKt2
1997/09/01 02:46:25.306505     E94zpu9iJbnmagjhuCpeqLjbPQmwj6Zv0s3 rY8joM7wLH6MNIph5DCZc1jyTpXfcCPINDjMQO0NeLnE
2018/06/06 12:21:31.798787     ij4VLsiHxk5.BhMT6f7ZBUbO caEt2VnNEyXO8444UX1.kfTxBTsfGkoR
Tue Apr 09 20:05:09     n21P W5IOnaXYbE3yEjal8tCWQHMkhgFQJw13R0b52hNXHrb 
2006/02/02 18:43:23    RLRHjtfMi3mVHlmB57TSNW.9zrI.Vhx0Yc9iccCkrp.
2008/07/13 04:51:29  BrYLIvR0f3hluFL5N6
2015/03/28 10:06:21    cfxAbdA.gZKf.s3OPHfKhJywFgJpftUjWcnInkSnUZVFHGHl2YgX2PTMN1PEKWGp8IH
Thu Oct 20 11:41:44     bdr8LuQ946JC13fCLAD71 cpZxwav4.eCpMTJubKqRZT sBjEJjon98lYOZYJ6fnSh4V0D50zX89PeHAA.2j.t
1992/07/10 20:35:56.790349   zFcALfjsZlKBIIOuMSB76t kxsnsO2Gw0W1Wvk2NjNm  Rz fSv0ofiC
2008/10/04 08:39:50   KDs5J923RGOfOfMKciDTneHpEmLEDachBlaFbiujwOSMsob3BYIGSXtL3SSv8mscoLCrkp.S3sZtcnfbUhd8fd
2003/10/06 21:58:33.10588    Y.syLwueDAjiztwD3l5AS15hqGuN0hEGMLp95f
Thu Jul 26 12:04:15   PsgSEngMHIf50oFVIf3SCPrueE6aWjikM5kxp9JtoOM 5uGHLRR66S3YHubJcvWhE4fhAKqe0RKjtO8l8Jix
Thu Feb 21 02:04:18  21yF6dP0xbZjz5friR5elb2F272NX zAUfNrhhj2Zun2.hhSh6bAz1TjTi8PcL8U67AvwRfseMsjcHC3b.Y8JWt2
Fri Nov 12 03:34:48 ga3Ax.2I7aaoCKqQH8phBXnyOiB.BskL
2012/10/18 00:02:21 UfyB0Qy8joEdBvEqbqL7b5W668.Se08H6pmZtmbHGwKMtqUmMbm2hRdrP3aqq9N8YU3fy4LRhwn
Fri Oct 22 10:58:37      rGdF NjcQHXUSDhog29QyaJS3nmS14FngYTulBYMIbt5Txjt7Ps
2014/01/17 10:55:46.610551    Oe TFKTw Au.fTp7IOAchOwYjuquxtjCPfGjzxs5D.fxXbspc7OtPNz4w7UOYYTaMTTS
Mon Jul 09 05:17:24  SdwSufss.laMLzOvhFBnYFW8PyylI21AIQWUElSML7nmh1rIDJEm3zMRf83EUd
Fri Mar 23 00:43:41   kTU1XHG4klHtr5SkT3BE1z0SLfS5SOjOzdS8ccT4ICB MCoz
Tue Aug 23 13:26:40     HrL80T7v67 0TxvpQzp03T55Tbpd
1992/08/19 03:33:22  MbTKUDi4KRou0CpEZCqmSlnSTt
Wed Aug 25 02:38:32   roZzWvga1G8 34GDWAnCdpGQqiGTjBPR hZqAg2QNFKt0yY3WselLpZHOBjt2XeCcDf8TcrjkZPvB1 1yjrLVXkacW8lCzX5ts
1990/05/04 05:22:37.514529     KGhHCyTSyBIkRP52aj
2016/05/17 00:51:28     CqZwkBR7rL8yZQX2CeS6Xq51xTmNB JwgdbNb8TVRhdwFz74vMqgWXGm0euRCGv
Tue Oct 21 21:09:54    Wu4Br5p9qOgfm70wx3H5 TL9JM.qbHDRS9fM1Hr3FgsHpR9iHRX6VprzbGUiQ7NsoqFFdZOe4.5L23u9jwtlXd4bvyUq
1992/12/02 11:45:12.417505     mNz.Ql4Zvx0xrreXD8zmVv1sN6DdMR3sApgHeMYM35K
2010/05/04 21:29:50.282486   ErPzvXsUhA1N1mv4X4C1QBVjHW.NLlMhk7aqhw82MCvefXaUR3rr
1995/07/10 07:10:23   B4xrikGD462yySu34j99c48jbXXcueTYSlxWYGJoMgfPIEGYxb6Xkib
1991/05/17 23:43:03 R.ZD2w.t1VR8cv1JvfSBaGKMx5TPW94NZQO.vDOEWTy73fzBY3gRp1Sg1uOUm4B.Q87upYn MzIbf4
2007/12/03 03:44:32    kuheW77wPnrYiiP9phXoOf51v.Uo6P6mmhbQVNb105HKHGBuqzwg0rSapQPUA4y0bMOICzTZb
Sun Feb 19 22:12:28  6OHNogsf4AhfqtLFF.EB0YVbSPhCJCMvA.c5 Lrai3HdzN  TwwuU8TiNeMA5qhkr3JDS8e4fZvez9xUDp2.5f8GEfTOEAZvYcS
2000/10/28 18:16:41.803296     rT.O0oExfVBRBlkSdKlmr7hf.vulemNdhxK6G0Y.OWBC2ARUPYr4av43J3JrhBWiAEs7PNU8wdnNQrN5WWJInGzP0EZoGMJ
Sat Nov 07 03:07:03    keoEsmI4cx4L9M2ZVqRWM
Mon Jul 05 09:14:19   Iz3duFB9oxzg6eDDKmdZbZZBoIaqqJdTdUCiUjZyVVPtbJ
2016/11/12 11:01:44.687976   bXzRsfJaNCTitUDvjyV8wco3BziW4K9qc8kKOdtUwmpVE0Ffck5tn
2018/12/25 14:50:15.945949 ALd 5vxh6KMVF3Q72syIZy
2011/10/05 15:18:38.823670  So6RFisbySS3C5QUVk61P8UFcZHtK1UTWM BSLnfl9vD4UwX92JXM7f
1991/10/08 21:33:14    GN23 NVwXPKuJSVzQnoS0LY1eJZsGVeaEliGBVTicQNF6RmttrW1e6A1xQ8lq4
Sun Nov 15 18:58:32 SqwvG9xBU5cf7nM w087HhtaXGsh.6cNPgx3ugjITobFsAnI9OPT
Fri Oct 09 13:19:27   qHxhvFRftiv0d00pfKHzLb8Px30sMvUGJbuEjjNCooTTDJEJ1j2urw2dYLoXZZ237uLYC2XPXT8
Mon Nov 01 00:36:14  yZjoK9zqZRxUKFpARxJf88M89Ao2Ge5buZ8tYGNbb7ZMV9ZbnqgZjle
2015/11/26 02:14:24.609543   vXA1Dq.FUXmDtVkl8Prbgey9BmJpcaXhngFgL7LF4cxfvASSUDbalg7SUoJSCvvCt46
Mon Mar 27 17:11:01   ngeshdjGhj5uqGBmkDIixIRjOcoPnquc1n0n4XCv2Wsb39X1.XFjC2h0cBnn5YBrfQRwMSDtrO
Sun Apr 27 02:12:35     wpE8pf2UDWUmWy
2016/08/21 15:41:18  E.wF8wHKbjB7sGIjdJpB1ujO3V04SlP
2020/06/05 16:32:16.619222     YuSrVi5s0IriC3jbEY12wyRM.C.WBMW6. KGl6t6cd0Kb40Gv47I8pQTjaxivbiM6f5GhcvQeNVybmi9g8nYt08sF
1993/04/26 15:14:36 7EYvl3KlrFrUCQW7xTw652U2gSaOXsj1U04qOSNbiT7A
2015/02/19 02:01:15  .qAqkbIQHchciudT
Tue Sep 04 02:01:35   1ka3FXwG0SnZeNYZgQvYh9YLtItpFC
1994/01/15 18:20:01.734842  Cx..p.b.ZcrjRo7S7.4FAjYVGTnEZ
Fri Apr 18 22:12:44   3qp3F6vk6D
2010/11/15 06:42:42.569065  XlP8jLtdu1PjrfS10.wDzN jFuY5tdFzjP2oV5NFB1d0h2fkXBrSDw90fonHECSVw47LqAVfouH6SMB
Fri Nov 24 19:31:29 Z gHkU12fFPP0SrqU3r4.fLGLVghrsTnxtJ5ZkvIZRSR8GDejn.VV2vB8BRSvpLXW21PsCUnKV
1990/12/04 15:54:20  Kxh0uLQw2NotRRotR7SWfC8Np2HRG08lBMdQ3qC74XU
1995/02/18 13:22:03    LtRvCnkE3p6uT6d8MWLwvuiiry25tOOXdW.vJsxZC6T
Wed Jan 28 12:19:50    2bf4.cd W5oiJvtu24rxrJ.Stbov2gX RJ01kyYS
Sat Aug 28 00:18:20 MLps2mUWhWm579hjuoc31YBFjlWQyojcYJ9cK.X6Y.Zo8bhSNkTgL09NLZqjnauYnXbQ2BhAkMzOyY3 V
Mon Dec 07 14:38:04   uQkb5XijvMYVgqvmO80bu1ghuOxJ
2003/04/19 01:50:29 y66sn7zyPFjdhlrwtSw74N9iZ6Fx3arJsC3
Tue May 18 14:39:18 ikf1ssjniAD4txH.4nmE5n B917WCwYeT8qVudv2w.egODHbdln9DrHOkalLYR
Tue Jun 07 23:11:09   Gl6Kh721iAAEVSgJVL2YjYUEXGU3JaNv07yBOeIV.j6OXjPyyTmt7IHyq6Fo1YRv6sRhNt
2013/09/27 13:24:08 vi1H02ID1QQe9KFdBL.XWvYhfGgvKy6Esffq7NMM4b.t
Fri May 05 23:28:56  s5gqi78.Q2c1P2uBYs6yq7eUZI1rABnF
1992/08/25 05:07:25 ePVoyOg5q8ONnxOxDctJmTqcoIdKDgvEOuojyKQDp1Ih5L6rcvLiELtIwlx0WKvpIJs8nK2
2009/10/23 09:22:43    bT1SLwHjBhO.U5UjwQgpm19YBBDlMMVVksOJ7qefiXJi6tbfCTjruhOpsUBRURZ4g1hegovcUQI8PRw
Wed Sep 20 04:25:09 ZU99Tty9o2E04WsAMwvDW4hd OcZGSkLbDuGnHYcPhm3Eb1eaOo5fdIHxPTSTekgrbq4 rwE44mqOThQe5iV8LGqw
2022/03/28 19:47:19  nMbRRyFEUtB.JOQx22Rkyx Sbu7 wjTFC.25FjJW1sUV8tnT7Hxl0UwjkJfgPqhFS90mHE MTP4O AEBqolEBWIf9KNkLPnt
Fri May 02 03:53:35   tBBNzuYTl7jiG7f7px9f9y5jB7Q1TqxilUzdo6kigO
1992/04/04 22:58:38.143788     dMWseLCNfF7tOp.bkHmrbn66l1F Itqx.8jfoYoeL1K EY
1999/03/23 07:28:58.750241     S3ZW0iuYnyqpceub7IJVnqVnm5cyOe0JqLwXd03CFZSYBGcwk3E.tq folsUfALOOXtJ2xSmoU9D
Fri Sep 03 05:44:22   vb1xn 5aSq5mBYrLjIrxiIbuVPMWSrb6tWixKQrcswbkOSUFBq3yb9IGpDyPnBBh2YKBDR
Wed Mar 23 07:04:52  VEyq1KWW7 D3CeL2dC7FOysIxkvDLWSroKYMJFTtnU7YJPvTV83GSQ6mTWVpVKyPxoptRCsgzYEPIOJazGO0Zpku1w4kJ50PG
2013/11/01 21:45:06.504600  v5HUy807kjyfeIX7
Wed Feb 21 09:39:36    PxRl4N3UHQUac9Q3u.  
2006/04/18 19:42:41 MkuSpcPYlJaJRweUalLE8OS7QOA0lmYtH00sdPyFtXUrG2P7cCv qxj3pnrnm
Sat Jun 05 08:49:14   nkDMTxHpmMRtyLceZ.jjh0B8iSSS2qD7X3Tkh LhIVgz8
Mon Sep 19 20:59:18    q3KhYREUL6sDqny6ub2amUscOh5fdzZIs0a1caUKVjbtTkA4YSD
1997/02/13 17:33:11   YsuVy17Af6Ph87zkGU4 0 ymlwmVBw2VKvvrZwABCM.KYL8YRUcRTy8UkJKlCL9cORYpk2Wcc0o
2018/02/07 18:12:55     uBO5RCC9XRQjnLqOm 44gfecrk3fEiReT8yNfHphimZTM2j6xPSSMYSqwxJtqnY1pvo738d32a1uHHlhr
2022/01/11 17:06:44    RBr6oy7OKNVDExclZFr0
Sun Nov 11 09:42:33     mqV1uBwDQcpYeLZutFNpUMGt4i2KZ6DgDzyDYGGlY0vT3xmITrbcgg8J8GNn2Ax2kKhMgeo9U45V34486c
2016/10/14 13:40:02.849240   ITLjWbVUJabsJzKqbxyq3C
Thu May 01 23:57:37     BGIFWbuh9VrO.bGmteWzfsRf7jhhh3PCs7km4m6gP1HqeZ
2021/01/13 17:54:24  RTEFFBLghRyk9tVFqwC.ywR7jN  IW8Z8izDodVZ .ZOzyGTrYb IOar9Cwfis
Fri Jun 01 10:31:32     ihV9aPxaS9tmaoCRrMJ3FozkQ.b0Cjzdjk8L2HQRn5D
2019/05/11 17:52:22 dEgEdPVfhK7cjjfdbfSCAmKvXohc1alg.5uHIUDFaZ9x7SVvEpwk09vM M84SaFOutDym6pv 5cebunhn4RiLMtmfO
Wed Sep 05 22:22:43   A4fzSxZQECIkHNCLg45BXcS3zfHSokJi F5P0OBBpfhMrSzNbAFpLsjzYQyNAxokf6alYMKDLcM9oY
Wed Jan 18 07:10:47  gRBgdWMCf1AmrdxeHlTlGB
Wed Oct 27 11:52:48  4LmUcz0KcyqWW8hWfZKx2EIN neGFV5sMDWaHgbP8RSIxGE2JX98rUPKySt9CBCQ10O162n0fGS0cGaWcPtyPa
Fri Apr 23 17:58:45   Sdug6B5FjV3XgwJ9qAK7yaElwnBLsHHpnnMqQq3.PdJzpi
Sat Jul 10 11:37:53    2ZcDnIb96GONpwBel1GSYSJ
Wed Mar 07 20:09:09  yCjiXro3kP9SjBLKsyS6toMetvSRXGTeo5z14PndscxwboSZMCTCOmopbLwOEXQcDS8FSG0eB
2007/09/23 13:03:15  XpGpYZVSdvi9MltYYV8zukH5MBIBZ95k DYz
2016/10/28 01:33:59.901922   kmKmYQmTsgbFmApjKv2s0.JMLi1VV
2019/01/18 15:45:50.603068 vafgXS6JIc5eWrj1vdlSCl2OxfRKoPYh530wCPOlp5KrsNcAXrCiTU7lMW
Sun Feb 18 22:53:57    JWoGlmYJ85kN38X2 Q3jk 3JQDM.awPgaEzaXvC3DCQ7M13eScXRfvpiusdvK NthWuelR9cxvn..uUEHgZGV1dJVvH
Mon Jun 24 04:58:54    qPc4uETBKTk1KywMb1 ryHP4Bg7nC CsrzaUxskG yiD5UdqV8xmb
1998/08/02 13:34:25     h1RaXzW83SLmej.Tpx5mdKRRM
Tue Sep 25 19:15:24 Z0lSV7dvTRdnWrgGA4l4qYy66z9hTEtHkHcJ3rL8VlXDDg7.I.ZWpb5WEOvJM91bQPSArsnV
1996/01/08 19:57:53.596442 LY.GeybX.KSypYQ.aN
1999/01/03 23:00:31.716335   WklrGQVk0q M0jVgWcUn0Go8N
1991/11/07 20:36:02.275799 ZYKlY3xi9 G5.K Yw58PEiakiOe8Azr45OHVyCvVPr4ayIspOD2dQSRciBBN39FBc2fHLfPYN
Sun Dec 16 21:20:36    m0BVqtl1pUrHVyI6XRk3Ma4 cs5GvWs3PFo.jtC1o8O3B59cUDJ 3oq7z10 xpNvszx FS9vstFyc7LF87
Fri Jul 11 02:39:01    xSpa1eR8 lu87Mc76 eB6zxOubG x3qd0hTx GEm bht6mKJ9ivOKF.qrdsmMagBoxdVH9zvVEPciJAIucq
Tue Sep 04 09:23:06     qaCN iDQF3gpA8jZXyRpnhvK7Q
2008/04/23 01:05:21 vMf85F7iHQfZbaQt3dtJ8WW8r.XiRtQXWFB9j09Geig4DL4EWf91sF3e3gP11q0SLZ5JPdv49tVkqqSOdAmfEIKc0zGVjTxH0
1994/02/23 16:36:20  eL0iDmy3fGWmlFlZ4y ..fRvyxDVL16xfJTUVogU1Xf1MSLtUpv
Sun Nov 22 17:27:11 O3V7M2lsKUBlBuO
Sat Oct 15 02:25:10 VRlQ99RubdkSGbutPFTfS0L4sYGhIRD1bYDUQAFQJurPfPLMp44PtVq2gW5fgDpOwotCsbs8w0zOJ2
1994/01/24 14:43:35    OgC0dkGewNSnx6o65U4IdA9bt1wnbGC0aSaXDZ1Lo2bG 
1992/10/08 11:56:24    Iqeh3sJvEDkaipGl6xiYP9ExmgE9nMwot30HxfaxTuk elaxt6xlisRfGy8EyCboUYrmpvdil F5moEdQFS
Mon Jun 26 01:55:46      Ws0Cd1mPvi8SF2xIGrqG.XD9ddi2fjXNEi929ilPOZ3Ar2rd mMak
Tue Feb 21 19:09:50  CtFSJzJlEmIc1yS2kvLl3TJPQWXOa1UC6Rghu.xp4uBVOkP4.qAkhhMQF0YUdY9eAiLAeIEw9xvt
Mon Sep 14 17:03:09  cSJ1.Ao.f6dglqGJZc4ldYZARwAtNpWcedSSHC8bT8xgubBdR2wSLanSqVtR1MScqRPRzonr
Wed Feb 14 09:03:07  FW64.hUx6JfD33p  zRYN1RtsEzeY0 QRUPm3wf7rT4mq4 uDsWhHOij
2002/06/21 15:55:26  KxTp284pj4jIZWMUVJy0S7H0YYwxcor33t3K
2013/02/28 18:02:27  9i.y1kLxQRIHCJC 5NDuWpIik4QjeNqDK3DNT4x6cuM1eoC 2
Mon Apr 04 15:32:59  VRPZpCAOQUpI.nNwzuWOX2nTa6uMmrSOmPNmW3UppO7GT0LvdtDUXlUtZsQ52qZVsrbXFqawBMCRI hcHaNMzBb4TekUs2vshEGK
Tue Jan 15 14:33:19   tgeLn.X10Rl3BXexuhX
2019/09/25 21:59:05.18382     K0Ej2ODdj8
Thu Nov 01 03:56:14   hgVIUlS4Med6uK95TDlNYsHyGnRuJaoP5sz2yEjYBVQHQxyFYPEysHIVtCHkd
2019/01/20 21:28:26.984497    g8GZvtMs5Iymsv0QL1MceuFB8hr8CFa.iglKNWmQwpqYp0ORX0
Mon Jul 16 00:01:00  tdW2LryebzlvstA1SQcpvni4j4W3h5gv8Dbwel1214iuI9geWbkCfxrR66L1K WJ8Sks6wTsqVUJD2TyB7NfDD1B8SzzzxVit1y
2007/07/11 22:59:49 gHj14v8WZ9Pfk9H14OXJch53L0ZptPS70giUKWEhJ3XjjOOwvJ7V6KyZwYuXZhv8jkg
2006/09/06 23:44:00.89733 tg.5VT005mWWXVgyK76DP.6MkEmCSO1RxTtvKcdwPW7dnYqOJ5mchTs45eco1DD
Sat Jul 22 08:18:08  EphkeFsBZpc75bsVXFpGen1x0oe0fzyYuMA9ZTTh  8W3eOcje3w97JASKd9WAVSFNO2dssZlIFUlX3yxe3
1990/08/04 13:12:20    tO 4DsnTexytnka44idHbS378i3
1995/10/27 16:36:37 lNK5B88g.Qf4rjybiOChh7ksRarT8ZqlMgc7JPioDxt xjRn
Wed Jan 25 04:37:05   iJi7voR5974 f7TqMBpDDkuf7wBmRPWhaaBHpDkj7sU87tUTFM7m0HWGWL6y4PWjDjUPr .jr9W8E0IcB5KY7fj3A
2011/08/15 17:56:05.792002 QXemN1GDd4F3yI4mNwupVZ8U mrppQXHMhOVsIv38YzkYgLrJtKBgHSwEBzk.uSA7cxD3VHRsRsIPI.AdXMJQbxFoAne
Thu Jul 06 14:38:38     GUEFKhCX8HVi5mUv7X2lDgKXqT
Thu Jun 20 22:33:54   PgWG1aC4EFjPPs3TTjkoxtYtKWURK3FZ4BDI7E8WSqVpoWGLfzZ4iJvLUlnYCR74rYXL
1994/01/05 16:43:26.409270 3jLO2fxdVidrSS Vq CAhwzXp9xAmzhz
2021/05/23 20:40:33.694602 un1U19rw.e51bmRM8cU.yJ0ZRU.c
Thu Nov 11 07:11:41     M8 397ct3oxi.RG0nF6a0wI0Qfv cMjp9tMioDKFouGEPZI yc3I04ahkoyTuopkp0X2ejcN
2007/12/09 01:36:04.540167    o6utFJ8wglaZr
Tue Aug 24 21:34:11 4xU1razEjDmkTxMmHTuB6cKw HMt
2001/05/13 21:42:39   w4OkdSZS7W1aDPuyLJbzOxh IEPIAm30DK2y34r3ksllYXGU JY PEQID w4koIwBvXijuEQr3ibbloisZvbAGFqU2Q4n6nj
1992/07/12 04:09:40.356010    EWeGXCNyfq13uNFjnZAm51vBGO9mCafjJl
2020/06/20 01:55:43.693141   uGd Hx1xatLLOz1Kxr 6Ng0kzJ GRQ78DrQtRRPQ7etE
Tue Dec 14 06:49:20     9vkGRSImmDguXuRH1pLHiwz4p7. D0IxEYltgc33LZCiAZxusoydIoTKOy hshiCK7.yaXNfcMcF.d7IAmi B4zggJUu48Lr1z
1994/08/09 15:09:23     rlnZd.zjsx8 0uZfjsLkihgNM46PUToYNtYDsTIap0zd jeUG6qvYHZEPi 7yTUQrzxw.TW9r3euVAtUeKyf.MjlnAbxoXzhUGD
Sat Jun 15 19:49:05   DFPgmO6XadL2ESPdY7GtBIJkGIAqfprqBoIcmT2Q2CSY48AmUVjJFyU7c4fgGNa2
Thu Feb 14 07:02:48    3yNuLXePhHYtrVGITrxA4BGluv1okweZCxSMr6F5MPh5Ny56N5TkJ
2018/12/23 18:30:09    QwxF1ZMR6m7ZiZs6OHnSoIK
2000/07/03 12:29:15     1z4.EdlV1tMxxEQodq7VEdFAfRI7W42nG2y
1995/05/11 09:13:52    z5b8a5Tv0Tb5kDuFl7mCoUYEsRhckTjcG0AnEqZSAjD1kSclZUtrhsNZpEeMg8V88BNA5qjM
Tue Feb 16 05:01:25     AYBlK9GicI 4nBWUlr90dNp2CsdCBjWwhMGEHmsTVG0amHmAw5XjbgtUiy
2002/06/26 04:50:00.477930  RXO5O8cOogoYsQWNqPq8FQQ70nqpTl6e
Sat Jun 22 13:59:14   .GZlJPdnx26V3gJ8nK BHWXy4s3zQd4wB0j5iTEPJnR58c63mvhFnrTeVVht6kFMew.8ofT23IF5Zcc0iMVmW8K.4pgXDTqCC
Wed Sep 09 18:32:36   PBQhWsGK4TasqFJpIVd91SjOdTMPGmFEDi0WDZrLLGNNvGXcSjLb
2006/04/20 10:34:54   RMdlWqkfbn6OAJQXsLqPdhNwbJXnBU58oWKEQC.bwZu6TYTklKtFMZIAvBKX9w2RPH7WrA5WbMbKt62uYzqlhCp gRY
Fri Nov 06 02:17:07     TuW.VB7Pfu3To528hckVWyWMyx KinX3npuBNudIYxNxZF4vv4h
Thu Jan 03 13:07:46   DMSnUa39St7uBWSBtpQlNlg
Mon Feb 07 20:45:03    SUiSxk1nK6ak0AeCvbo9jZOM1eK6l3BHQBVyn24oM.P cRVAREmTkYW7NPlgeebKQp8lSMAX
2002/04/02 04:30:47 Dk06NRGKCxsb50bc2011h
Mon Dec 23 01:12:44     QVN.EuLE05gxzLm195yUiAD2LdEAcN4QY3pHvyWDe3d9yyoiHT3ZZn3Wij41Vid53UOz5tX
Thu Jun 15 11:03:34 O8kCVan5dLbX1Mqz
2012/03/02 06:19:56.753464    .KMaVD9X wmuMlDyeqrOcN6faVvWoTzqixZnG5TcHH6AyLq5XHLE3M35v9oC7ZLiCxGf7cN9MxXkr1prW.OjBTIZporDZBUnC4
Fri Aug 26 18:38:51     B3Bbek5yu53EUOPEMIeh6oA2f3XEajVPzofo5NKjq9OXPkc6hsw.Hpkuro
Sat Jan 14 14:56:47    Di179H4n5vgXBHlz7BjRwoaHyg6TTNGN9TEjJChik9ToTX9xLz0FURd7pD8jP0HqxooFCLIk61RvqU
Mon Jun 24 23:24:31    YDYdz5TOIV46UjGRMdSH iATnQ
Wed Jul 01 03:27:26   BQp2HeEJqXtBWGFa0AnlIC85w3tCMCv.1dkXeumhWG1LZBNBcHLsg12iKrWQ8FXTo2CvVJQ9V9DCxq9lawFk Wpw9Qfr
1999/10/27 15:16:03.738986 jaVvTEGYVe
Sat Sep 02 15:21:05    3l0GedHEjlnNR1C8BPkU852
2003/03/16 20:05:06.187068    psoX9ncCE0E1Shywv74Tbz 9
Thu Mar 04 13:07:01     qh vDEcYi7womxYksp7aA.s oget3SR6EaMc4xAPgOB9h9.c8OLk6lz49VpJgvRLAsRYXjuSX.8B
2019/09/22 17:34:07   4s9ask1tG2EljWf3blIeiwroG3ZuIjzo37R4xefR.cPc1ITwWY7g1mvn6cDzkSnax76vRseRkRkouZ 
2010/02/05 16:39:38.605623     dClG.NwseavFSLjKwDWSUKa4b41eM5n8Ikb2vq4tttN4qaHM4LQP.h9I
2012/02/03 12:57:41.31186   hcidZwRL6h.5taSPEhnVFpnAhcyQuzIHMnnCn.s 
Wed Aug 13 10:51:24   cyTkBfI76TfP86bIZIpQMFrUQChjfpqlDf5Rn3uYtXiK2Dgk6cB..eeTXtWQ9HYmkOgw15lCuUVNS1HZII3G7U.
Wed Jun 19 23:51:28    Q8lxzFvVrnKZ7
2019/09/21 21:58:36  2 Y1 uR IikjrsFp7XGtnvFcv EbxCF5fq
Sat Jan 15 11:20:33 eX9UveaoYowz2CFDNZ5F
1992/02/02 11:08:50   D3POOe7Hx9zdh0c6UMYOReHuPx3XQ3fJaEWgvag9HzquFqiuXmewVeYn8C.uEWtp6dYpie
Sun Apr 10 05:26:20 3zx8RrSy1qo6G3GyO5e9AWbWyT8Am0J.EQKWnTHU.vxEcPQH2NIbeu7eUztBJivGEth lUvE TyV
Thu Nov 10 11:23:45  lZSTFaAt 2nXGXPCWm5kSHmosMxg.Jr1w.xZeX N8TxwLxOvauG1q
1998/03/27 04:35:28   TqwzC6GSdUn9fp72xKKwgQhU2b3v16WeDvjUbf iKFxIcAb9jyjWW9YBeSkf8bsGkaLHyELr6xVczskgqKc3b3Bxk1JR51abNr
Sun Sep 03 03:26:49  NStmD 0VDai0XhId3p11eRBKtBUSxBAD
Sat Feb 24 11:03:23  BDA45vk.pb9P155SnEe87ltXQx cYxN.9NIUtFZEcqFmqASK6cjoLDZSe umZPH4PQgQCok79QRF62L0Y4RvhQW
Sat Mar 28 06:09:46   n.mN VcGpxXE2Lb3zLypFyKFNtIoDtFAgTzobP8h1SWhi7tK60q2EOdcprvev6d8lkC3O
2002/03/06 22:49:53.572443 0u1LfgYK5RPob7H657DdZMXhD3EBcRt
Mon Aug 21 20:56:35   bQZQgoNIgbvd2SyMm 7zFynwB2Gm6MFuG41B4UMBLxA6vc
2015/08/28 12:56:28.199457  FTkQZwpZ oG0iC
2002/12/15 15:12:15.396064     sbsWCRef 2WL6E1pQeCurcDIRtVm8nT
1992/07/26 14:44:48.94990     nxR Zmgpwan.t0
2003/02/28 15:33:42.676737   bI3rqf.WIp5suQ5h3mo4t QuQxsJ21Jhm1
Tue Jul 03 10:00:44 wiQuWLxJoYt7GSCouktqNn3NbxzS5aHJ xMKgMAjtY94stljcJZh22vA5o0z2tg
2012/03/10 03:58:47.396688   AeVU6lY6OFT9DlXdCSkQM7q9DMAGOKzXJqWyByeVaqkpPTaNAHroGSNsrYAhF9AVp 8I
Wed Sep 04 07:24:50   PaeyK5T0YyomHKesbrxlWhUVmph
Mon Apr 26 20:41:10   hofdPrJrsWT4eUl9VqtlzzUdcYJFko3BUJsh  Ol.73.7
1993/11/24 13:07:02 kKFsfD1Q3.RMngy
Sat Jan 12 05:14:10   ecoigm0PAqeylWtZ7hLWGVuOLQVN0Fyker nmz7c04TaC
2018/11/25 09:58:11.458711    WaT34BEmMTaJynpTEMqsvso.HZpBD3jY b.AGiKH4GDQEbZYybdI2AzPQD
Wed Apr 20 06:18:46    IUOewczxwVRW T8Wb115xqjYgTT6C2N5GkNRYXS89.q
1994/07/14 21:36:53.922881 8JWs SHsUtdNN
2001/12/01 05:39:41 zuISbdLUEtsXPLjhsIagrgxYeGxim4jbSIq3j.aL732pn7cgvZEWFJJqnvRdIv0IpdeE
1998/12/19 21:12:53  zxUV.gqAHDPGMqVUQ5DHmXtPLKDuA5fmKGR6VwEiqof5qUXeeFXcmJZazxYvgxr5JynhSw5AHDj8IwY2dACajbsbgwsrWI67CN
2022/11/15 18:53:46   e2Y2iRh.9q3rt..QZfho7mqIewKlq6Rkr6PlgDwSJC9YL Tky54vMdssoYFt59
Fri Mar 04 04:33:02    1hoaEWYP3ZzViRbGP x8YDINDCrmH9y7D7kCi33nDs7ARLJuCCC9kSy8NIkAO19Zs lQ8Hvv
2002/12/12 19:38:41.855076    ZTrYDuRd5XD3EqMlu nrIlHT..A1Fcp8sIxGI6FKHTmgwbJCiID t sba.v17ELoBBBrTGCA8P7HLiajWfvJR2aTFv4lGYKS
Fri Dec 12 09:31:13   gX.6lYK7j2ci1DTyDyrAemyaRpoC
Tue Dec 12 04:09:20  7k0Lr2PLS5jE63.bez
Tue Jul 18 03:50:09    9 tHHFP5yVtR8V.5imuu6g4FyQxNpyTxOB1qKuKkK4Dtm0iGxZ1ZqZECgm91Do3 mjVZOiC9CSnsIklh
2001/01/13 09:19:13.314053    e4y1wNqW1mbFgjcKJRDEuEZ7gqrXv8jQyR 0b7alM6gNgqbRVF4P7BSJyEzzCTtVFihT
Mon Oct 17 09:39:37    xDvGjF2sOAHHeNDE2fEwH5OcuesCP
Tue Jun 11 19:03:00  rpaK0THvrukvnAJm9ArOv2oYk5gJHmuvoB8NitXGkx6Amb9Gh.Q2e0Qw4PeE2k8
2006/07/07 09:28:51.705673   LsQVPEDJC0ZxKnOjMtVTUKlXjNH08rBMCNFgiZ1Glik0Q1chx.KrxWfPm Jzx1zZObQr3f6ACMM811jhcFTEalfyGL3
Sun Oct 01 17:22:04    rI3jWo0t48oyE8b6ZdQMX9NLuzvafM5tiOIddRGMf4
Wed Feb 22 02:27:42    6e3gQF 9c94c.FRvuwBrItS3I0ck60IyRGmoBc6ashawyXT.qtLVet1HQl65QoMeOs0nQiYjh7S.5TY8z5h65vu
Sun Apr 06 18:56:01     1vwOPW40wEuysb7ZNvVdP3Ryaur vVLtIXf7f6PG 
Tue May 21 14:03:59 q3394y9JLuWj22p
1998/09/03 17:17:38.830859   uYMEt96iw7SfSHNBGKcjwrre7QJ7RvjBuFHh.lddApoQ30QslZChiwlRjl2.sAcNF
1997/05/09 01:09:27.728243 gEs0FbybXlB3ZXx4lXPB7wDoY2YDLOAvLMxp.XV g6XoZtFGD25IVxIxXqunogxja68LruaQTPi5Vt1duclrctb5JKp7ta
1998/11/01 18:19:51.345128   xaIIkCsxKaC52O1NT1gVqXoCqA7ZQe6uamKjLkEY4fzvaZzRv8hZ8M03pxk
Tue Jul 17 01:12:53  L63fPQX QaPgGmyPsUXbIkTLcJbsjLla42R6 QEtnG8mRUPKTmrJI 0PiO12yGWF8IiBPDHhnypZB2.F7T9lp9ahxwz
2022/09/20 12:21:27   Gys0M2AKUdnrVby52Jguc6vzxCh6XIMutNxNewQt
Mon Oct 20 23:25:37  G3WHBBdn.lXlArICZ5Vie8ZzWs1EittkCsaq3dl.ctyfhhLuT4q
Thu Dec 02 14:45:41   HRWZ5VZx83Fct.PLc8Xz.83I474OLBFzU1F.KP10a20Gvid739CasReqV78S8Q8JFvKFZp 3OA
Tue Feb 19 22:57:15 pn4lDFd43WKiBeTYKxpkkMRM3lJQpV2razzP7Ni38
Fri May 28 04:20:25 W CVuHnsv1mIgGY88aavRxsx6n I.tQFBlrnuDbqCKJ2LHrR Jm ZlvxcQ4AuPALJYY8zW3rqr0p.Yt2sCVpXeLNBZ98WmXZObp
Thu Feb 09 18:57:50     v4JkAIcL7B
Sun Nov 03 20:47:09  ZuXENwRXR1eG S9b0JgO bIlrlovVDXYTOdutfJCsgYH6k7WXlTI7NdidnjhtGIpfC.nkUjKyOA hQL5USuEMAtg4hPENrTlqIZ
1993/03/24 09:25:14.115683     b9zU4AJdLDXkPUBwHbWgm6WDcXjLNp0z f2ZKeTaxD9Y
Mon Jun 11 22:24:10    1kmG2AJs1bElMcmcYxkTe1YAnVxxa FsCKfbL3S8xUXIuSpOox7uxS7ftNYZYMRtWxe2W
Sun Mar 25 04:40:58  aucWluS .3lAEmcnLr9X8.x1mJjmA99Clg
1994/09/16 22:21:27     L3mjt8LdVa33Xcm45wj06uxrm8swIcNcXzrjHXUizdMvFuzAwlNdPeusFizD8ni KsnN54ybA41pMy2Az2 32DjU
Mon Mar 19 13:23:15   LyqOoarhc6FlqCFsvaN
2019/04/24 00:14:58   iGpwrFRer6GOGFB60CLE4dr8vVf5XuyunUjMhIXoii.lz
Wed Mar 22 20:57:19    t79vXFdlbX2zHz0m2k76dIpHGoLj174YVLGP7mK32KJFXKYbxJG2
1997/03/01 10:16:10.172691    w8RAGB9 Wnn.w70fDwcRMXa8bWmWnJSylaM9uecfatkRGzc
Sat Apr 10 13:22:21 OISu2xxhyHsuc9qE2qxHUGMCgwbOuVWgKD7AN6uou66jbHz4qWC9NtDoQW.I txnUwE7sVP10g3d07
2000/11/15 23:21:59    vYRitO15oDrPy1T7atoXa74xOmii10.fpOKcJvfysns2PZ33wnGiWE39SNP a8QdrUWKy8lZYw1UpOIJIj
Sun Jun 04 08:52:51 H6v7gxe0eZPS6GT64NB5QAlBjm2N9gYU9.e17RuGZmWiIo.xP5WaS.e
Thu Jan 17 00:50:21    LERWN8x7xBOPD  n6VITiCJAq.ZAux6my0m8tWtFs8yQ1bT
Fri Dec 09 06:48:52  BN7 ErsrBVhtFhs0JbSMWyZ7coXvDl6nDf3hYcQTHbbWkyXY
2013/10/07 15:05:16   ZU0pn.sAmLJfykXxaF20DDbbjGwsLY jr6HXgpWGH9TViiZVLbvUID 9bXG
Mon Oct 17 06:51:48 XXUaG8NACuKip9G0C
Mon Apr 10 11:39:38  zaz5qL4Eut9hJ6 pAqbdF7CF
Fri Jan 01 22:48:21   .rdZuBJk7fjfg2uFQ005VPdunXzTB2 oWx
2019/02/04 01:27:47.302418   rxfFd4KR178XaAPA2P0nbBFoUkMpIhp fpykbEz.aZqZjmtEnSpmj7tFl9Aatu
2005/08/19 15:23:06    5KKNWy058vAkwT7 ixYhaU8b94O1OLH9BFymuCLuQbkDUtEf5IzOhjjtFGiUDyPik8CqwkuPzPbNa6Hfr
2017/01/02 17:18:07.167577     ok3wppQiDGRz7aR0t3TRed
Sun Sep 19 07:59:02    XNIH7EEc2TILZY9VhH4VUYvxNpMWkqyomU76JG2k 1F
Mon Mar 02 15:26:15 NWTuLqzHpMb.89j8C8b
1993/09/02 01:59:51  aMb.0sufK8kdnMtyAkvMRjSZyzw1o0hyOinFXnQWAN4
Mon Oct 15 19:33:09     Tz74 5hSh1JrQ5i4lEgnTICzy4nyTWb4ZzpKtclCnHGrOJ6
1990/04/24 04:10:11.459681     kUPbhw4M.yGrA14uFKIVTvaWx9.QDAjdxIgUu
1992/01/18 17:34:48     X3ueHs.B7e5T4I6kSf4L
2004/04/10 17:31:24   rnuxByBCsFkMJ6o0buCMnImA39dNyzxx OFIAasbglh1FpftAUG9wxUXFpmFT5urLA0sEt2Tz
2016/02/16 13:42:34   uR0q5KgHzcO28JztMu2LR
Thu Nov 26 16:28:51   RAme1A0hVq zrLtB0y9igIkpQ0PRa3gv J3y1jVbIHg0S9AwCHSU6jll5qiAMvixSb5zaiFm5ZgzsgKMw5
2018/08/18 23:08:27   w9Q2CB1ROLn6QNQzTMEwHZsYtkpjnRhsbiNbzWdoOWRIQgY3J
Wed Jun 03 19:26:32    zNjNa HB4TESuv1Dpu
Sat May 19 22:43:24  x7CaxeumNdp3TDkv4Hlc9Z.59Dog1KCfLiuJSMADKASGL0e0WjAQ9801CCDk7VrgvAqg6pQ3JVnErTn58fh3D659N1Fru u
Thu Mar 02 21:46:39  uue4eBMlULC0745YG
1991/06/14 17:43:24.639093 9sDumCGacobMicMrsL
Sat Jan 16 05:43:57     cb5.i49BFJY0ZedH2fdIlm18W4wjjVAwF1xo53N8Hd
2006/08/01 23:24:13.539389   t1vyr0 hdops0OeK6J8QcGrZJBLzw2ifw1ulHtRWy
2000/11/03 23:00:01.288974     1uVi4fUSav7H2PwFz us4zBOlgyP8dK0pfRoW0b0H3
Tue May 22 19:06:22  Lrd.DU6.dGx
1999/11/08 21:41:16     JlUMKzMwuVSRzfj.yHOoiA5Ar4KNkSvJYLM6D2Bggw2sZ3QKHsKVF8u8UwSPhGlT1nT49jMbb
Thu Jun 24 17:28:16   v0tpBpjDK F5knuiR7StFzaV3VUei.xJh8MaYELct5r9oEGJWUYYclpOQXR2QoG ppSxv3w
2013/03/15 01:21:49   RwTV31FCVrFav9ezty66cLDLgwwK51s75gD3NuE5LpzhXfVA9BGgT5Lf2A2e5KD5vpfeTx
Sun Aug 03 09:32:17  YSbrH4CCYviYqfZbmSp
Tue Dec 17 00:21:54  CmFabYDvZFgEw
2013/10/04 00:21:39.698424 HnOkCF3EDcm80E5td7d4HuuXzio5oNdLN0jAHeBPgZ6FYiiEthIxpo3j0zeD6agk0jU.FP2C0JpLP7jU3UjDqw.8ktR9ji
Fri Jan 02 09:53:49    Vp5Cg8OZ0D4LCONBxuByDxzP1riDIJnoj
1996/08/16 07:08:40.736374    QVWjhC4VxiNRXhhslbAFwOuZBGf2RGtj9VOaaLMDTfn2jJnTcnqoqu91d1VNsCX1Hw5x410tUO
Thu Feb 13 07:43:07     L4D2gwy24CjQ3HLqIH46 ENyyrDB6SxDjQYGPkJLOL5
Wed Sep 03 14:11:40     gXReJ4qTdwinpO7GPeVjBqIpDzFe9FrKLKfcxHO00By28pSLvCx1Vz1GvBHGS1nmMC d2rX
2015/03/18 13:15:18     7GVd9BPb3D1.j3tWNAUQzE8Rn4B Ke4xPbBdi6BaMGB8LCO6bJacLr.ph68uQbfTTI2bxSunhjTUXnY2212lY
1997/02/27 16:29:08   mJGePznub09B9bslRYn4K5stWEGQVEty.M
Sat Jan 03 02:34:41    p09uiJ1N73gxNpaEggecppX0RjyjEGEP46hHdK5SVvz 5qt1Vb84Q45U Ce773XVcOTeAZpoSJztBR
Mon Jan 20 01:39:20 nVP.fSvs7WBuoqaHwzib7DUjvTzn2VD1hwWYWTTD1i9H
2000/09/13 12:16:32.963005    TpT9..fN9Q 8Mbn7OlwC0Ry4PBsZqt
Sun Feb 25 01:44:08 8gSfnUbd14oHCyGb3hO8H3WLbNZR8o82dZ9
Wed Dec 06 08:34:34   NcwTDRMQKoabTr
Mon Mar 26 05:56:15     1 KgZ8wlb.ZdRa14rjkNcLsIyWmb5kXhKO
2007/08/24 13:59:45   eFsbjlcvHBRjU7nLfOVXzRMw
1998/03/23 00:38:47.861909     kh5VDZu845AKw NfA7jMmz iGlwd3YCLF.1weNIUgbdwL6UagXCC.QKMEBkQEVa
1992/12/08 04:12:58     vrCBQU5bEuGPvkDyEI
1993/01/17 16:45:59  MDdWwMNb1cvDwE285jNGMqhFqKGN8KThLN8fiLKyyRgYYanq 1PtAcFoiiN v5.njJ19eQaHmWUy2AaCCsiZeFraFP0
1997/06/23 20:15:54.493906 DzGXyveU1ctY.EZ7WSPL5XYs.mYJEe GtqabqG226
Thu Jun 15 15:13:58 8YNRoCOTaRDa0cUzh9iw
1993/07/20 12:41:07.711834   .ZaW4XDSECEIUAwCb67eMSytRxDwaXXzhF3iDsWYjndO7hX2IMnV 3QCsrdWDxt5jX5J66I6lw
Mon May 18 20:15:18 MWoUDoHBsV9K6WPcvdHY0xurZ11gW6YmlAtLQtqzmQxz1gGtA5irOzGzHMiwxNBSJQU2vf66a0dBDUUcVaTRmIyDAvVsv5n448w
Fri May 10 21:20:21   KJ.p8W3lFlISBxyNZJKy4uf77DLxDy0Wlh1lKAxo8QtEVQrFo3epEjEW37reHfHwJXMGRUfg1LFnGqE2liHH9BuqQWHb8W.8e
1995/05/11 19:08:48   qsXGUMH26xFGPHKjfa2Ju8M5
1999/06/09 12:19:37.690482   9uzOLA9SglYnp.jcKLMEjbJlFe1201aMTwej6rLl1OKGlxHIJG
2009/03/26 08:20:29.722918  phx417vLRGGVDsOOZ.SZN13y66YiQyGIMM1pj2esrnF yVY9J2vYwLfm8W90aOdC4hOKlyTu3VkQkBIBDfdk5Jg0AEY
2000/12/19 22:00:41.839942     cXe B.KalskZ4AC7z4QSIcZ3o9LLPdrTo3cVHAyPgqLtVdD92N94pEw1iOdUFwMZRWvduwyfp
Sat Apr 11 03:05:26    Ttacs2PvspVWGdDumTrlKKMoldNQOUTAYV2NANk1FDeEPM9gk.76yPst9gB3DLNgCJBltraDm A
2001/02/24 00:06:28.781537 3 YmJPLcF4HzmP lxHeMs0glnPGmtV
Mon Mar 16 07:44:13     0gEyF9morWF
2012/06/23 01:11:21    u2yxGQ8JPFBvhBXnr2NLPl05FDJru5nNIN1B81wV6WZ86jfE Yt3xaMnL5DZxOSLhoKhPKs3PyTUXxa
Thu May 15 15:12:26    c0yikuYhc J6448D9RXLR1Xq0dHWdxfqkesINv8gsT
Sat Jan 18 00:19:21  zS0RgJHMeeuZOPn6pAmhMBvk76RXdDdZSG01DZerlOzw1Yva2SIT.l4BqsbdOLqKX5ww8IqOZkx4juTg0wB9WK1zxRKRf
2012/09/04 16:20:49.236883     Pqr3VsggFC6 cuvTVqY2.KVPJHlfIxnNWmvSodLiFUh3TJj8l9DGNExusbaObV hCIy7T6ovdZzitWJ
2001/11/07 19:03:49  TUKJc08s4fH0bpF1oB2rK4QvCrulLjq.weE1XIC38.ZIfZK95h2LHaUEU5Q8wADYCMMSQIiNRypNRWbXnANqg9P1JAO
Tue Oct 17 00:32:22    6yH2V8EAfHoG81wd3 TDwXCxiONn52IndVE0Y.s SYFf6qWz
Wed Nov 04 09:08:48   cw6ubuNnupBhkbMbQLX u.nU5NMifrScExHtrO2 p8IHNm5
1990/08/08 03:57:44.740261    bD7MMPfIXv83vWDrNo1OBA9hcl9x.rs7artOuMg0yDpTOfvn14MDit5sqDJS50KShEPuq Hf1D6Hmn9l0rtijNVuPnhb0d
Wed Feb 10 01:11:36   b4zv54ojkOT.Pc mZ
2013/04/10 02:49:05.183177  qDgauAYu4vLPf8qdc6DOgQpcZr32sEttSKDKenjH0GVy
Fri Dec 09 11:38:21     qNwBzpip3hLKLezlIU8 QVf26ut54COTl90oBpRisM8ZAH8yEBCAFmxM0aEQN G qAYH2 by3DCdui.
Mon Sep 10 17:35:28    yizDVpTNaVZmeTMGs2nVb.AgcUF
Sun Oct 02 20:48:03 LQPFBBnwoa6cffX3V8PGVSXMcPwEk.unRhQOShuMctXiZ8aUjlg4aEClAM6yvcpl28Nsru8YPvD3vJM7OLGHgxSx XlBoExETv
2002/10/17 04:59:04.236842 8CU5f5IjHJNknLJIVQPWYqmts74tIhS2o3z8
2011/04/04 23:05:13.493809   hkdTYeWoVNpZfGFX6 yjfHH52Ruveypy37w S6Z
2017/01/19 13:12:52   9gvaBbqUI8AvnMJJ2
2000/04/23 01:29:34   zTR0LcMv.PqEDdITU7XeEgo H8l3L
Mon Sep 02 16:20:10   eX0DsVObE QQMixi6tlPL0OQZ1lFLMav9AWyJGASQLOPWga8YAs0ZfaL bwKNGdYIz5J2n ZO6fTqAWWJKeV2NcPw
Sat Feb 15 13:58:46 N0U dgB2RbOInuVXTQzEAkGaCUavdhm
Tue May 13 09:16:54     RNo7v1i7w s..W Nk5ms9luu9toD7P4vq2OCZgIaLC7tpQ1jBUx0OyeQAcpbdZa.ZEjs29.lQzRN7rSayMCNMqMYZ
Sat Dec 26 02:42:30 dk6gqMw9dZatrJGB18kzNZZ5iHeEFzzC2q53cAVnqhOI0vdIfnZvJwRWEk9gSy3iF.fHhbp5gmgGE7U9GLEKsP1B
2018/09/26 16:00:47.7220    sStksnmxVB4BCt1eUNTGzu5.k
2010/07/09 02:12:30  hJtYzXXIsdy94j gNBHD0h0Lv282
2002/06/23 06:49:12.698080    H5GjjdBI.X5nk41QXdHtoGkhEPG18fIiuInNrA8zhlRutILVQrpj r2 WvoNOd l J87MmjQj5TgqVIgbFY
2011/09/21 15:35:20.183524    iJZCvGKAn0fuuzS1gQT4BSNpsvRh l3P0ct3ikSf 3X UddDgSu6
Wed May 21 21:22:08    .ht3XtymEJ1LPyEUJTG9PWeoU3ZZOYAHFzXeOS4ZSlh3zl2RX6FeBv0JsP5a k4pOlkrs097fHoUEBtElV4RkA
Sun Jan 09 20:16:33     8fR.SytnGnQgCqjj9jF8tQnCQQbjDhU6a6a4hX.zv BICZqVfXOpAe
2008/06/28 08:49:53.777820  LHRPc800DLDyFkqLWiX6LGudqE2TNeFl9QyietT6aHCCL.VWUo1SC5IfPNtEXH0LRZuc8Xvcgp2CihuZ0DhJt18YirH
Sat May 14 18:10:05     gnSLyL9WtYWalUH2vr88SpgDP9yuPs7v9L2Dv5yyDS9FxADZafITRXrzt2v7c0S7N1EOx GUg
Sat Feb 07 10:46:47     wLKicCmJPBKVsHKp8omjuZk0DrohtNGZLIlk00LUMS4WJ5t9Idq9I
1999/12/06 05:46:07  gIiNUi1zca8cQxd4
Mon Sep 06 19:49:12     gQVg9SXUBvGDLkRoObEkju2DHK.HtB8kKGcHmH1OAwJnha4Hrqyd.bHef4FjfdLT63 KBiIQu6jr7khbXC.2oq5fh.l
1997/05/25 02:20:49.174507  B1fMJGQPlFJbyKPkSJg2e34sZtt6OuwvKFGmr.X6uEEb OESl FmAHjoppGbEUlQZcSdI1rt2LUJ2s5dLh5sOmcav iLOOZEAp
Thu Jun 03 03:41:47  oEyZoX6gXOOLOMbbvMe6ACrpkZ6MOWtsLLCpOMec2m57x3nNW1IKGK3b2SYcvAFrD7ibOlFSvsMO
Sun Oct 26 12:21:18   4pE3j tLjn ntSByQ0KA8j6dCv.36 Y4oeKB06eT1fRmYHObnVMt7O5e.KIA9Fgt96ycam4IoRSc1A2Hq8WrdL.71Kni
2022/06/20 17:57:59   nOT89R5c .5XceSO5YmodSWGqgktmPD31OhEDffP.k8
Sun Jun 09 21:05:15    MvudTDWk0Bob98F1VWgvOYGsSFSZhVy7ztBlqLEyjKvWocLXO0M6C4rptClcNlb.fBzmOKZ.BUOMYHrNhpuNpOXo36vl6o
Thu Feb 14 02:43:13   v8Svtj9QTf.
Sun Nov 19 01:52:50     jmlel6HI06ATlEbwFBYnCsazq9tlnoKe13i5CrgTZ1dHtK
Thu Sep 01 14:02:22    vJLDTcKbUMX4BLb1eHstFmiWv
2016/12/15 01:42:35 e4SBCANZzpJjlBvL5vsFmL6aa7RbMxv e.QpD Z21TJIBkbUmFlHsekOFjUNmxQA2hl2TeHmrzz3qSgUNZyevf4
Fri Feb 10 22:13:10     bx5PyUCrVcZYZYT4V.7K
2016/04/10 02:07:56  0xLuzWwIBDNsubL52StmFcc44iK5csu03xFI1LYUGQMzxCGhDLhSZXkGqXZpWLb7OHS.HYhNSuXgJJ5so72Rm
1994/08/02 23:18:33   Sr1Idu7tToQbr3Uf5TokOIq0Z6UffQX1bfBlbJRiLFpQsjQwVSkq7BQK8b5R.jo
1995/08/02 07:14:39 Ty5HopKMJOpMS5kPD1kD9mjrSWt0w8Up9.YI1Yc3pWIcwaP
Sat May 26 06:14:11    47dt3vkAGFWo0BXJBX PFFFR
Mon Sep 01 23:32:41     kdnc2kqdy7vDBX4zJ3bdyr8NC0
1994/10/23 02:34:05 mKFKnzM0H1wu2QPP6xcxg6r 2HAoI
Sun Mar 18 06:47:33     BEfd.IspMvCbA 2.czeqbqcgqE8Dbo2MyvpDBYwyrRmE2CC69XpAtMQqLXhRwaeeZ0sFn6lX4M
Fri Jan 27 14:39:49  C4lRsTK3fPilBixRcWn5cOYb996KyXofMTWdB5Aolz
1996/05/12 07:21:23     9fjs3s yLr31E IwJBbyt1uj8IL90GM04VgeL0cHwvWT0cpnM7hFx3p7As3
Sun Oct 06 14:34:36   3S.JNsD6acZrZm0crVPkbx7X73eD 6SkfGM GTRbgq5FG0y3yV.Jvxbi6ixpmabT3A
Mon Sep 20 17:51:00  eJZlKgscUZ3kaeqSjQkiWlqQ023xMS8XZUIRyEFNDulAXAKsAzoOaa0C
2019/10/19 13:38:15.378346     tR2MDtl04M0mgA4 l..Vpmif2UroGq bE
2009/06/25 21:43:12.7214     6cqpOLQZ4g7F1tWqPu8w2y7Zv5O0oJmu46WrjEu6JNpqHxHkdN6M.cb1dUuNsPaPtdMtsmiRWA1J0OCp
2022/11/21 14:12:56.671797 YqL4sWe1EuqvpGzg1Oh3N
Tue Feb 14 18:51:41 mBcRhEYFHfnZUqf3trVyVIjBdSl0V75vKL8y3h86dnxxeyMhyVtR04ul3BFIdKBq3Hj1px BBmlt
Wed Aug 13 02:30:46  XTbxTlfpBrrDF1WVO3jC0ic6l0JbAJE
1997/08/18 15:08:33.485183     yh1v8eVXiAGH5nd5i5CZ3OuEkHhgs.7FUe5kCH0iOA8opw
2015/01/15 11:59:36.619591     OORcQApldAXfXnbx6aFifJ.Hea6.zrml64wkoI135lG8a.gI.OXTqffBv3M5zSCdgwi1rlhh0Pn8Jqfy2uog4
Sat Mar 22 00:06:07  tsdTKgoCkdlPfm.sfEzEHX7u1Ub8eFD.1vbE4l0IPc4O4jGetyVoFQeyu5KVS9Wz1vkUGe6InMo6p5dKP6rM9oSaqT
Mon Aug 03 20:34:55   kITBljCRLKdBxj2iSmETaxjkLHqVR8DRE.PlWY6zJnH2zk8H1C.RvZPiv.XUvS49cv39buyq7yOgGg49S.tOL9WuH3Traau
Wed May 07 23:12:32    kL.OVZAHQKK10
2020/09/12 03:52:10.407880    Mh.VxHFQ94RCikWR2qPf33hZIUQfglZclSLCYv R8Hp6cVICgfi811Qiqp7tWMFNXoSI00
Fri Oct 19 20:30:07   bh39geHihuC7wupyyCHetwIrZYpBXaPvat2GDI6P6KOY7dMhE6N1FWpnZ de lSgDH47B0NRIPFUAZVaDo XnOHYTop
Sun Jul 19 05:57:08 KK2RLXa.cWS5tZi.4j7jhGFPliW5.SswC3H2yQcWOx2v eGde2gkYDlyGigo
2000/11/08 11:22:31  GxwI9oOeSbR89W8BHKuUTUiyH4hEUD T6T0MMymxnLLAY9zescxDTbXc7qGYOrfMHwtkIbSD ADcLWd23HP.1eEnKOF.w 6
Wed Jul 16 09:23:07     nASp1SfUsqBJ3LXhhB6kMhZBHyF64gmNi6Lmz.J9FXhMUslMHPf41gJJRyKtz02GumYFJUvA9h2TeVTLZElKiDX
1995/05/11 01:56:20 7B2Kwk.g21ButvWGx2dRKhsK4NURHjYYbg7PYRxnNHrTeqdEQVkmTCZTh2DIQx41yKGbva38J9gXgZPEz
Sun Oct 03 16:30:38  Wvb9xQnXX0FYPK.DyrpFRmVjSkUIGTwynbwVH9uLFXFNPPWY5OIYwqHjf7rrcIXOtaJo8WFdBnHUpPUu
Sat Apr 20 16:27:59 D1ka nDDIcUEKfb88KhgMP5.mS6C.H
Sat Nov 23 09:33:01   U0wFiSxDI6IFAscodo2cdxkBJoYTPkC27wUmfW5JgvJDyPE9YzJX85E 67FiFR5Dp5
Wed Sep 19 02:18:17     J29V5BZRh90pUxv0LiZ5JMSlzHdsCMcNj1TC1S8l
Fri Jan 06 22:59:58    bCT4IOSdDMdsOksWCxWQI 3jUKfi0GJ
Sat Jun 04 18:48:42  UI6JJ7mP55g2DvyavLuxlHIFR Vf8
2003/09/24 01:44:44     iEemRfdgURaDNjyPMHQeUi4mRNdOAL3uRQbDfJe.ft10P8bTtFQKZv3
Wed Aug 02 10:35:23 P1l4h5YDxyERlVbHDvowW0VS8CrHMPI9GnRcW2FK8uoKUImTalQZeInLRsG LIkk6jVypv4jbhUJmV.F0PUXOM
Mon Jul 10 19:09:37    TfbRsHZgY7tfsYHDwZKeMGZpwyJc6ntUjLEGEWBrhnjWfYb92oD4cYDTiK
2009/01/21 22:38:34.356420   emgvSW2qBt7mrXsjD8OSK5trMcOxPYKAPz1w4T.IghyMesGZ2VF75dEDYiAy9HIreGGo3hp7GEM7mz0m8.Y20WSGw82
1992/06/23 16:22:40    PIbIVzTKal9eSUHAjbMNlI4kgBAH0CL.6yZxsLTuESLEgzloI2c8Tmg6KUyzLPedcS5yv7J
Sun Jun 03 11:23:04     EcPctHcAXXLsoIedE0QhrxmckuDqCEwMb5k ue11rUUA2nFRCTHBxr9DwVlRMrJA7AdBYnxImrU 11NXRkXLKPSLm
Sat Jan 04 02:20:15  CKBYMDKxyb2K99ha72XoMz8XFZf49Tw5sZKu72O23QenCX1UnpMjlEU2
Wed Jul 25 19:03:44     D2KQsXPq9iuW.7hX6uKDkba7.g
Mon Apr 23 19:28:11   nbUE5WcAC6eAZVozjFwnP857G2VlRNcTi
Sun Mar 10 01:39:43    CuFhzP2is 5hu wsSF3FV qTAhrU0
2014/08/19 22:57:11    goWasU4AS vLFz0k4 .Pon l2uu8T6sP6Hn3 cWjzxgD0SDIJsMJrOOxE0kvZE814oMqjx9S.2r2W0 mmOZYPRD
Fri Sep 02 18:19:01   ytevut90Sp0najsRd1Nd92MjJQcG8k8bOGKFZjgMRczFkB4bICl2Y0aMPCtvlS9JQ5YWu97zJ6L9MUARM2 Cc4Tcqd6kHey8Oq
Fri Aug 11 23:44:22  1krIct45Qmjj4F8RizEhuWub7fRByxjFJdPj 5nhaZmYOoS4q1avMSkG8qqKv7KYXNfoCopHAAx N.Nj1lhDRm8xrDppCJZE
Mon Aug 21 04:55:37     zdo.ysU8SiVljkYZv4VK6N3WX2J OhUmimCz4yRh4igEDsKo5yaqtEFKfGx0dY0UUHwWFzldqoe4wgabwHqT 
Tue Feb 02 18:41:12 u8Bbw1yQCNHwWyFtDLmo4BIL.oFHpCc1OVXr43UCRH83TneKE67TX3Pby3k4rp2.k81lJWqz
2004/11/03 09:58:12    Hbi.q3k0nfJtC0JoVWK
Thu Apr 20 08:06:57   8Lka4uFW5KE JIpy2cvP0zm95.V31xP1gxcSf6YY5NAwceyVPQs.vj9INmgFBNyNsZ6deLprv1zhFLL gnXBzIt6WT04BX
Sat May 24 11:15:23  QbREOVbciJT8DBHqdVcGlUateBeTcNvspC0MFoU
2004/04/01 17:06:41 97pxeEAu7FZ
2010/09/02 17:13:26.312472    tK8apV7JG7rCdsDW.LOBIFE4piI1f4voBS6xjrJWTzo2o0ROBpKEILsc003Ft9YuwqG Rwlkxekk
Sat Sep 10 16:00:13     SEWC89opKUaAIZve2mHvmWiWKd0RvHj6xC2HnfgCJW jp t1EBsGy
Thu Aug 04 14:32:32   J9l uDqGpoVmrKhvdcJxgjyIlWufn2SLdpblaaswMwakj4bm 8m6jgRgv3VEaT NxG
Wed Mar 15 05:30:10  SB.4O1G2m87xzlYrj.QbJ6etUda5onF3M.Gj7Ve2e5DPYX82LLPHKFJqDPqDKKK
2006/09/26 17:53:00 bPQzthyC3FpTW8nB9tBtsVjhlNA
Fri May 06 15:09:22    GbEuq8.DFDxBNYhNA i8CexQQbKjX
Wed Aug 02 08:33:43   46vkcE5H3ZKJ4drDU6Mj1q
2003/10/15 16:08:27     UqNqDoDM7G7
2021/08/16 14:10:45  9rpI4xFjBBqBhV an02Yx jwW9CDm4y1lcbDYLqLWxBdo0JSTSgD3cySsSdw5wS0g3I4ZJoOO
2007/01/14 11:40:35.564223 LFJwYnE9vX9Y4HS1G9enWe7bS4dczfYrYJSD9dA8OZESqXmvJvxkf
1993/04/04 19:14:32   L206vTjXu94XrVMp1g2zRBGdSPn0Uh2X
Wed Oct 22 11:16:31    C ptMm.Qhom6nuUjAGexJd55um1DFWk2.NurO9ZOOC
Thu Sep 12 09:26:19   3nfNw bRgNcrhuI. PWHGOevRm3jVbNb8MofP149Hl6yhmNO
Sun Mar 15 13:47:40  nAt3Lbt1hl88EEbkdMquv w8hUchLI5q.X
2002/07/13 20:17:02  B..a vXDpbLKq3SbimY3T0rOAXnP6cD.OcPVnUz1X2R6Hq5RN41k7W97ev
1990/06/26 03:34:53     KJr9 L2G5 QyDeq67WHeD8buGVhZMk3sS6bSXw
Mon Jul 19 15:13:37    kiScyqX9kb
Tue Apr 14 10:47:59    yOdbqsCBnK CnNKPKTLlA.w7m04Isotvh6 m1XM2rDIIj33TvJbBLwbmbvdpSF10iH3DcjRuKmDkcr1kUWkVQd6Csc5d
Tue Nov 10 15:45:08 uIhxw.PbC3hHlrg2.ojjwusgxx7Qev3ffiO2sEJx
Sun Sep 22 13:52:42     VzciNMgRPR875JGmRoFQ4lpLLSx5lRcsgge
1990/01/22 18:41:08   OqLzvwYNis4c1kTUnIeQP6IqJHcmPy5XABK4F
2006/03/01 12:17:18  b7njXrJKRFakWiFjlTFm3KBiEiw2LTRWfHvphKNG5T PDL2nTZU8xfFhC
1999/12/05 15:35:19  VSBIVRN5mGcBPcXvccnnJ8ppvdq
Sat Feb 03 19:04:12   SO1xUHo3v5E..2pSAUBslAqKX9OccJNjaNxacQNUdchDY334NqgL05oi3UuoeV0JYkp1k16gfxAxrac
Wed Feb 25 13:23:47  XI5bgWj7QLtSnw7g4Mj
1990/09/28 20:52:11  LROVVFXx7y.iK9WLRf7dTo5Q3uXavdVgd5yE.Wgq6rblRu0AtwpRu.MqKPcAqpqlGDNCn5usO.p5xmnX. MhYTeKMaS
2015/12/17 09:58:30     irfT3cFOh.kV2 cAzPyOYvWWK.GdmSuFvX4RsTVQ3iMekxZa14sCJjy1aXQdxuvyjjIe7AH1HPZLlNQ34KP6
2019/02/23 06:13:17    uLmFZCLKdcMybTcxuqVt0nQHuot4abGtCmFDcluS78PaGzlV9pE2u.Cswao
Mon Apr 14 15:08:38     hPvpnz6XfT0WC85Sv38r6nOMGDX NWgedO7b0MHlQs5pzpufxS2m0PnEl8QsPbAnZHdrEDle
Thu Mar 18 13:49:35     0O5fcs8fTcs1YwLbZFVxKR7GFrEKzX.uKtEOAC6Ddwgq
2020/12/05 01:34:09    sQbvEztYGn9nZbjtGvo2E5L8ki9JYTO1vmNmnLPWNRlbtSxQFxU5i1NRRDI5a
Thu May 21 03:01:54  UQdOn8qSwSLgV6L. gD1OrA4z2RHUn7XGZXZbz
Wed Apr 03 03:31:41     4 hqJzqKC5Gf7TTVKQUOjnLQvsCRQaGV8nVQtKUe
2016/01/14 18:34:34.758404  32TNRUK389q7jyFPWyrezsNj.xazmZh2qPmR
Mon Jan 15 02:36:57   D.QmZHlDNnPHgedDJOTxSRRcgsXAk4t.CPP6xeuCvyMBAurvPsLRyaLbM.JZweMsLB
2011/01/26 04:31:09  8DKB9s LJB65YoZUtJfpnAr
Fri Jul 21 05:33:28  mRJsnqp7eDFCJZFATaASgKXlRHR8zaBaONT0grHZIh67SroXpEuNb78bbds.JlERDp1PFh0YzBOMKy1j
Thu Sep 04 20:52:47   5jPNhPWZUzWnAfnJA4
Fri Aug 19 21:22:13  Ku9zXjNCeccHQwmrpJNUsIVQs4jNm.O7nbJ.b4.ARCIfhC YStaf8LJY2nAAaEu37.k3aMeX48mhKHdKvx
Wed Mar 13 19:54:51   tNTm6Yo8MVarRmncEnqEVY9xYHw3ra4wpE8A7WbKgFAi5pXU4z9NU Y7
1996/11/16 21:33:55    Bk42qrOUD0zPaayLCquk
2015/03/01 17:59:23    IgyeW7KnOrLYfGsjBfIDdqbOF QjcJmgS7ZykNxW
2013/10/28 12:32:44   h9oZvLd1o2xKuBIrb08HLCTY0nUPFaJWpTne4FoGQHm3owFk
2007/10/22 23:44:00    hdOdCw0B1V8he2G5Aice6E
Tue Oct 13 02:09:56 FtQvbTUBTqzp69FHOcHGUg6cgLqLPA 0rddsZt62NH1dT0fIxL8Uy6Mql
2013/07/12 08:24:48  uI qFSAklA0VhaAqRvobJ1Oue.B2kqxAdALgDWWdddp6bykjGWCU
2006/06/14 01:03:15.58691    I7B00bErj.8rTneB3wkbBcIMQfi81zVNV7kvzoLs1bCUHe182j1JU
2014/12/17 23:21:50.598425  xLaUrNP.hXWP.eT9n5sID4lx2aJCyH59jzi5a9LKlEDCLv7xNPJfzy.BVz3.q.F 6wBkQqVNKqov
Sun Aug 18 09:02:14    PPKHDdSerx5P4UIV7LI2e6A5D50dLMt7TDQvBGBPhG
2019/04/08 19:15:21.963396     AwC3fhHvYdkQwrmIJL6h65QAdvsTsQHRTGGBS1xVaNfAQjk
Tue Mar 03 10:55:47  XPReJS6xP4huzhWGBSwS7vG KX j.kJX kG.tk9Tp7n2eFxR53ctIDfUE.Z
Thu Sep 02 15:42:33    D2dl34e.DwzzzUUjpHhpMEaJ5orrKmhQwn9C2EBr2oBQK8d78TpSL P1Kbjdtc4NIZlzSbV26HKR5t sPNU3uOUOyDeF
2022/08/04 23:43:19     mthLQV8pywoHHFRZnE
Thu Sep 09 06:44:04   PizLtjtxr5r
Tue Oct 08 01:09:49   UZ3DFqC9hHUXztnwRM2rE5C9hA7.WGoWv3e
Tue Jan 07 10:25:27     2qUovGzcIqtxTle4ej
Sun Oct 04 01:20:36 Kis.F3Vaurzbzo0zEGV7yWlQQZh8zsbRB1wnhSGw
1997/06/21 03:22:07.219613 E9KUO2 3ZKm0UiKfgIOPdqfvI8J
Fri Sep 17 10:12:53     qdEV2J3Z0hbknCr9srShHYCP85yGYt9wQLWeD2QlViaIgDf1OSn.V
Sat May 07 02:59:02  AXsH6wpDZZ44 bR428h98BpsCwOAJD62Bs446qMu3gvsGYQuXVwR0LIHsdrLzIqnrltktCqpMJWR VTn4d nx8LOcCz1BxSGFGwe
2005/02/04 23:30:06   CsxA0KN5392NZUlbB FTp.kfVJCtzbsEtHOQAhNiKyeITIlKIW9P90WojWvXg9a2OD
2006/12/03 22:04:32 uCnRGlbm3Uyvp9yXeCLFx3oiAjYa4jnwsNC9cWYol3semTSDvogclocleezKay09Q3Iku6K9HJcTDiinlQiW3y.y
Thu Jun 16 04:31:16 vuIuDI5xgGVS5
2011/08/15 19:32:55.623660   jdC4jELWBsdG8g0mt5uSAAFW8A.Pp3.1U.h
2010/09/23 12:11:31.785939   GqjPOWLxW.
Thu Oct 15 11:59:00     0ycV0ELCwhhgCEaF3ZBdsgDFFPJYPsis2Oz 3QxayvksFbWpcTiOPeOQP4kSKlMm7t5l7.VWfTeqC4q7GdOhDKgsI
2006/03/10 15:15:06  5wN6uhhlMFqv9NgZV3HIW xRK1.ZQ43y98Pi udvXpFUEu276fre9Z96KFUAU
Mon Jul 03 22:02:32   z24lT BW6jIqB5G9LUXxjbrHuJTG 
Sat Feb 02 03:34:28     URi316NMnSQ7BLRf2cUFI4.tTNNWU2KCLMDBZ
2018/10/09 03:09:08.941177 0lRMrcSSXAKhJh
Thu Jun 19 00:16:34    TIRZbNuQPXkZ3wNJDE re4vL1DuKOO.P8sBi0vitygElh8EaW.UWK6GmtDYikWudIrXY
2000/12/24 09:02:23.346047   kZCWGqC2TLPLgAyvotw7rE2hvUe
Thu Sep 17 06:04:43     46LJ9YA0xvyvxBzBNeihqZf6LrOYJaBIyq
Sat Jun 13 12:39:29  tD.J12IEZi0a6O0T0 noDfEsR9gLh
2017/09/16 16:41:20.825880     GVgC4Ztj3444
Sun Jun 28 21:13:25 ONvLl6F9FM.lErOJouGFa jmn6k
2006/09/03 14:39:10.102761 KWz5uqa.S.ijmUjzFTYgL iY8hrhmauhaCNneXv0w5oLrHAKtMrGxDAOm86m0EbFTUfc.NcOWE9ROyk7OOGe7N03E4UvX5xItW
1999/10/05 21:12:05.269152    d6PB.VMSz1eClSqxrjTnJu dtlDAJn8OxCdtaolh.XYl3xNX48zXH9RVsT8luSZtf7s
Mon Dec 24 07:22:37  XilUKYRBuiNgwjKoeVQNnTK7O1q.
Sat Jan 04 00:24:25  02HeoI5Sm9Ke4vrWNG0U7zCL.yJvmwPbTWUtO1c1J.rq
Wed May 01 08:58:26     9GhNJue Jkr9YVpen45RTsJ4tUgQK3DVlmfjVtw a0yjlp6ObBBQ
2015/07/06 21:34:01.22617     BEO9I0fLgRKjAre kaZV2RiHBNPipkZQw4qThWuhGTk1A2Mg7TWvmX0rp0cl.aDWvv
2019/11/05 00:02:09.777130     SB4NV5NPZQNMx7fAiU0yZ4PEicy1kTOvnp.qxphXMn5FLjPScRyUF.Eo00KTAiIjeCfJd1kEnSFLYml
2005/01/26 04:40:44.765649 5u2Bvi1T9BCG29m5Wu.CiKVl8
Sat May 05 22:30:35  mVY6O gl1gQpJgJpqHXtfo2GEcPTz
2001/11/26 21:35:52.125242  fFYh2qUetQZoJ460AZNn2tuflvwJPjaY8Hz7nuo8gtD8Z1eHTFHJIfmWf7XzNauoI17sJG4m76s8ADWD2G6 0
2004/01/20 20:18:08.746027  DaDpqEu9wghmBmb8iKlC IypIpga5fJ2krAkdOkYA1WatGwYomN
Tue May 03 15:02:39     b mxwSlb96IvQsQ7cl8Q5Ypj733V
Wed Mar 07 12:13:30  sSc1QhivxoYZeP2GhWrMPSTkni62BPeJzf7fyDXFZuNDFfgi.E8D
2020/03/15 13:07:20.707186    C iXa.RxsJDcdEArzFcFtL8LvDpZdI7iCS2H1t3lPpiM.wl6bIyTVRCrQu6nqiOJ27KW8cFuJztWAnh0wP9Z9SsYe 2cTU4lxuP
Thu Jul 21 10:04:40    HnxISCERZ8WF3M4lchbEGOSedHGDS1TzUyWryAUsA05L BUl5BjvI3Eu9an1TdJB3u
2012/03/03 17:46:11.355605   ipHTDbZyDaMcm0QIcw
1998/03/14 23:17:45 rotHJacCFYIGdQRYmTn
2007/08/24 22:33:52.442562  vVcBW.hKxjYfz1bGKovEGpwDh4iawu03Bwqb.cgJHWtVfNyWnf.VloQ1jL4ztAJK4AyQyoZ5pyS49R7PS0p5
Wed Jan 24 03:14:24    tsopHj6FYU04uguxaf7Q.sKuQhQD9fVKk3Esvi9VY8kOxK94SJr4MwBGr12Bl7dI
2000/02/22 05:38:36.656424    Q7h0apQVxd1uk19A.6uoUQVjxZi2czdzH6WSF
2021/03/10 02:01:50.130753     55Rkdn7xKZLh64JC6qQm54Gq
2010/10/26 17:54:19 4H0WIh7EVwnjpwECzHLoJd2d1XVX7SEGl2Q8a7myq XClH7khZ22dh1
Wed Jun 15 14:15:17     Jkma97MyEye.tQQyIkDnwOR RGXTXQ3KehUKsoUSOXpRpXke6SkeN
2006/04/19 17:24:08.96586   VMYktHKTESSWd
Wed Aug 14 01:37:00   qwv OSVap9ITJB4hcDcxgcJqVtVbAxOyGttN
Mon Jan 16 14:30:56     h8zR8awjcd6VfpRW6 ZNl vtR8X3ZbHOmJQe5gyffRFTlbETnQTXL5AvoN
1990/05/13 01:39:22.609200     HIirC7C4aUGVLj85E7y4epXlZ5htAqc4UhhulUDcaWFHwVUSdflYS53MkGGIpdVX.BbNbPdiIKGzd2Ad87a5ejAQSjBF
Sat Sep 06 10:09:43    DuJZJz97V2 V7q2uHvwIRrMxx.c0Zz9bG.VF1
2017/01/23 20:51:21    yS6tYhnfJV6G
Fri Nov 04 11:25:35    GyDJc4RuquSzQejbtRYMQEE0a0DkDH.8
Tue Aug 27 00:17:57     4jMGMXHvbsassAC8L8Dl.Xp4hP8DzZmXIB0Yi9BjYgjv3vNINZU6kA
Sun Dec 01 13:25:24 85ti0mrQBgGp23lYkAwrJ0mLR4bzl uY5mhml1AHmdiQyYncHh38Lfancfcl.47L.YzGXiLbFg8D
Sat Dec 11 04:47:14     l0qjIQn1LmqowEpKkUmyYKhcSAzFE1b2agmRe4knVlE5Ii
2011/11/23 01:54:23.463665 WComkXubfRzqerP7Zea38upBYHPlmFRqDwdATPmckUv8cJqh6n0.9rgnSHeQnelrshn6W9Ol
2007/01/09 04:44:09    HQX1r6vYwNTXt5yFl5ikdCPGqsL0R2
2020/07/26 20:15:45.700209     dLEX3kSXL0O3FYZLccYTf1cAwFKhK5gnit51Jq5j
Sun Dec 19 02:34:40     d CDTJsfYyqUYwp.DAxQZAlZd.Qa2dpBC6gx2qA8f9.2XkXNojOzA4ZD6gMAleuExr3ZLVYod3KTO70eUMMWJrkmeIqQpvz
2011/07/01 17:02:15    A0oMxSpUBInGfB
1995/03/25 08:43:33.315025  wEwO44kiazk6O5
2012/04/11 22:05:22     BB.OEs946OIB7KiGPCpocG6nHKm2Jl2y19oCTWj v2Ebu8oPFyqGEzGRvxrDWbG99 6yVKY Znij6O
Tue Dec 27 22:54:25  qImJRK3dbsS3nphgNTAu4jUF.leXxb5MVceN08S
2005/06/18 07:35:30.741361  YIo4wVQY3u4v9TNJOklBvNKaYl.L.6Xw6Zib2yDYoNBzL2jmKoeqqIKUpzLxRgZs4QlTYUH7kgcv
Tue Aug 22 13:54:40    hDmNhSi9W8.hFzdLpKpjMRrBnwKZTKMIKYj4Xx2CjuJow03jqPpCTrZqMW0PkvF2hu08hqKL XHc
Thu Feb 04 16:31:01    ETseQQuMTGhKGW1dWu8kOa  n
Thu Jun 20 01:30:54    jaCx HaY 5lM.kt8eQKY44gcAAswC7QjHI
2020/02/14 10:26:28.173204     vg2.z 4rfgSIAndMtK6tDEwM0dl
2018/10/15 07:46:39.694795 TkqLNTOILICMe
Thu Oct 26 18:48:05 gNsrE9tsWDigN4l4IVjd N5R32Sz56
Sat Jan 27 07:12:38   V7KLfVBHokUp82mcAJoiXqtU0.ANiMhsmabXmBdS5iV7qpFdDMbbx49ndFYCsI 0xsnpEXzpiHBNL
2020/01/18 11:31:02     NC.na9Fob9KiM9mKGguFrdkriSFBstpf1uwyHhG3STZjVjA0bzbgNAZlnTU7l
Tue Dec 24 19:05:18   zO5WvOd4tbKn0HAZvA.L49no.2P5.
2003/03/28 01:27:32.472906 FZ3HqGwCp ujY92lQn3hT8bCXT4ZUKJ0kb7JJT.KhbmN1dACZ1JoXmWYuJbJlSIZP76CAOSv6uTfK.tg3aoFS
Fri Mar 17 11:21:36     .qgbP XVSBy9TImkmAQMUlf4ookf6fq7qB7u1CqJkY5exo21RPokOEJ62wWDJ3mxbrs2rRSaZIwNkjDhzroRMKX0xu SV w
Sat May 18 03:49:29    .cXt3kSSKQrLFvAmejXHLEUmXUpd.61y1nVEey66xxELdajEpdHBF0B89vDmM7k0dI pOsxA.tmcpAc1QKVDAKyU54nWKKM8
1999/12/08 12:04:11 aV07NId7JRHvwlm74AMTmsGhh9Hq.2QF7jBIUi5ftoo.CCIYP2sbHILnnbBZLrddVpaQH7
Tue Aug 09 09:45:57     fNDZVlZ6KQlFnwj681CQB9eVakOsYzdUQ.2m07ZtBuVTwOTOdf6A2podHSxXQM7YCMpi30 pLWqSY
Mon Jul 13 09:14:32   UsbVxwgWnDeZDiCdc3TEXTtBMSkNl39EnDzeKt
2015/06/04 16:13:26.97470     7alEZRUzJ9J6ZEki3Xe wy3XlksE47EW a50.i2qAn8ZytGZHSvO
Thu Sep 03 05:17:39   1O6UZPHuiCsGIgV9DhyBS9dKso7.OH1MsmtqcPwZnCQCOe1sBw8hzTBdNTjJC.bSukiB9z V
Fri Mar 16 07:32:40  O0YK9UZAE9a9ehxkUiXmzPsoKM57n6h4CIN2ckBImfWx NY.U8iQGSR4GNMJFjAQgpoYvgxkwth9 G
Thu Sep 27 21:17:20 tfpdPmFg9cGAt1K60JaFnINl7uBSQ.u1Ok.WIiuE65wgWDJLEvIzuvJIMEQzAiybjiUwGt2xh5hOye5orFuKyMuqNUz9Qk28N
1992/04/05 09:41:25.250284    Dvl.7UW55R7PWnK7i RD0DLC8Mud4bcEjr
Sat Nov 20 06:07:43  XkbxuVxv JgPmqRqSgEN5GGB.ffnIi2KwFjd2h
2001/09/08 16:42:03.839730 aQcS8YMLuV2zPZFNw6lje1miRPM7Fyx1NiM2K2HjLg4GDqkiQSs3XHHVxupz5RM071us7GmnXWMbp9nHcbG WEMzW5RIDBB
2020/05/17 08:20:34     gH.X5wuw6XlB4cMCjEp
Sat Dec 26 05:35:35    8o9AfNOQkZa 9tGbfliRpJqCABsmXvmqqC 7z9LadQ8RS8DlJ3D6RlkSN0gw
Thu Aug 10 14:48:07     vxZ3nAcFkj5A68uActSJRy4l823Hki.Pvx9ovHfIWryADFbFAVsQ4FgwGufVqMIs7LhZy.eOm5esVF .WMYQgOrl
Tue Apr 05 05:35:12     2A2p12LxKitpeQmKGyOHzIW5n.b6rNAz2BnIF8iP3NDur1ir900MtNj1xoxi90nRalFW4lpihi8zQ8tiBTBHBuYqzXtWolb
2020/07/23 03:16:15.958089     ggw e1D63Fb0Kc oq9Z0wwwELHWFzTl2A9LfPrhhoX4akehYo 4j0Q7O6vBGHBr93vPK2eFsNu1WKd3PzKlQ8Ez
Fri Nov 26 07:42:41     3N1tM2igzw0ilc EnBCeE0qZbIh. uq8Q5PRWGN6J7faxvgDPIXbRANhW0MCcqReOGUJknHVQnBi1an5CiVMd52OsFWq
Tue Apr 19 08:21:32     4mlWPbfk0oB8Ldo5aZttgHKEXx.RuRy9AO.J4GHSYQZQ5x7.z6csfEt54sr2Ny6RNDeiCdJZvbcswuTQmpQ1sGxpAv8HxGQ5
Fri Feb 25 20:28:29  NBlr1kd0.GWoLX9o1S6NMgtB.GagcreFBS9wuLOV1p yowVoSgMyiRpS4aJqFrLjOxf1aBXpqYMeZLoPUwarOMp
Sun Feb 02 17:27:43     qf.YXJd2u2j27BQQKeXnyLWUSl7b.Zk1Vm5GYIhgX
Fri May 03 14:56:42     xTnXq9NhLfSpX0NcjM.KEdrCeqzK1mgYsOk WOvqzA..jWzCBut11B7dDX5yTG
Mon Jun 21 04:36:01     NUp03D2.FL1PsdsKX
Sun Jun 25 00:26:58   sWNMAQINc3R.uEPMxf13cJNTa5P4crmcMrBZG6rBwDytSuit8FqgYatZ7 1icMgTU767b8xJtUBaYXKCsf5SPkZQ
Fri Jun 22 10:35:16   ay4XW8Njt9CIWJ09Df
1993/09/24 08:39:23.585181 oDiLn53wzkcCpjouBDOQLREyN.CpHRUjMZHpdUxEjU3152gBPEFFc
2016/05/23 08:49:24.749827  gyf03.l.ScbWuUjiNKHdDtRhzS9x9mcGT5l7RWy9KLDEVvYB6jm6xoMRyBakobXoIwHg6c44o5xqDsCTHCzpekUfSGjDkiQ
2022/01/14 06:46:42.403232   CeehaxKqbN5EI3DJIXfVgtmy4NxhixEkw6QMcswKQGzx3o0eV5
Fri Dec 19 23:35:01     ch0AT0d fVskAB7uLbTk.m5l2yoROvEuui.yaxYHUMLK93mio98Sbnab1liUQ6aPrQRS0EK6EEEqnbono ym9q7ek
1994/05/13 04:30:46   HsfE1zAA2bc
Fri Jun 12 22:36:45 znD88uSV Ao19fRTLk42lMG0Q8SXw37mxZjBeu G4bn
1999/01/03 04:54:08.991157     4eAEcu22gHZz6Gxf1.aCBWkD1k
Sun Jul 16 08:35:12     DNMXrp.YbGOIeP3Z15KKMjiicT17fX3CGmnYYZCGZGwXC1hbc4LHyK3q3Wh
2019/04/12 01:27:27.946086    paVjQhuj ZMOQ6lX89ceRgryEZYpJe4 r
1997/11/14 03:07:40.747313  Su4uTx.kP2X. gjfIK6q6m5tHese6ALE5S8dDO3ffBobc.JKzH19Q4GASFKjY6edHGWlM.PO.TuKAC0
Sun Nov 11 22:28:29    FqYlPw5IBDz4GjvP7KpMhJW2iVKugcvhTUV8kHjKymq8PKIMOjBVp9QJWFyHBQbPFRuMhQeN2U JBEPdFk9PgDpImcuj7ABfq
2008/01/20 21:38:31.381230   q7i H7HekRyLqMnHlqlAIO0lvY5pNxuG70U.olH5x44291WKtjBy3mglVaScZacbr85PS7im G1
2014/09/17 22:49:17.251375   lm Q87maQSDEEADwXHXw0I1KViyxjvsN3kVB
1992/11/17 21:36:48.226691   O1sGnY8tuBfJPlj 7FxzJzQGA bsfvBzJXuncOZvueIkMgMa3RmsB3FSYHy3PUR2hgjpU2F6GkwvwLpTZku
1997/07/13 05:58:15.404395   OWXEjChH8S3vZkX04P9CZFlLI8Wfq gl29.J8hWRlzmFTA.PCpVpa4eyPCOgju
Sun Jan 14 19:19:54    KSjyDb5.3a0IgKjCn7ecvjN4jCofbaL.fI02
1995/04/20 19:03:04.325660   IJL2fCrBSB.1NTLLwP
2019/04/14 18:28:30.15236    XnZlN1rM308y097pRYz4gNeBPC7r9PCgDHpWSE4LvSuM93eLnvWVOLSNB6LI1ZHZIFdHDjLshOuqIkaxO7FjsSF90i
1995/06/19 17:21:22    np 8OXhQifCfcW6uG185
Mon Aug 14 22:49:16     2KGQ7d0Bro09rpgZ4
1994/11/16 00:31:16.704159  p9qx0OEfduPaYxR4uArtc6UUhFJqCpi8.Any6Lrz2lnC8R9Ujph0nQOV6hDd
1991/07/13 20:35:45  X6oxU3LbPx9AS2XHA7AU1zcG8Ju
Fri Mar 16 02:54:24  9n0U07nZHyq5CanMrM5BbmNRQrzYsYhe03TybQUVVKJHx4QKNDpQgSf2U
2001/09/21 22:58:22.850040     eZ8fQmXACIyRbKJBizVvIcd23kDB7BI3FsK4tyW4xUEppkJI9yMsMPuZRv880quJJ qGsbu9SsLrRT1I8L
Mon Apr 15 01:37:46   Ib.vOsBddnW9CIJOXNy.AkqFDAieQBjSUmySVl
2021/02/16 08:50:16.988309  clTmIeinUSeqd
Wed Nov 17 21:04:18   0 c.W7Qy2jSc5fjtwdIUUJaoOz EDt
Tue Jan 08 07:55:17 3aT1oPbMo5.Lq.EMj0PyBdRBBbnCuTRMI3CBVt88CTAKHag37qsunUfUYJdS1way3C9N6b7DAuD
Wed Jan 19 22:02:22    QYXapNDwttb
1999/08/06 17:27:00     VY7u1MgsjJCAqIUfMTOd0CkNVWzUMZexUtNloqqba0
Sat Dec 02 11:39:06     caFFCPdCbmV7UjLMMaiqr7ClBbyL7 w0FsXDtzC.IX4.YTZV r TuSeWvq.pX Jzv8ErLcrY7YFVk Kl
2012/02/11 15:42:26.181088    LQaQD8a2GPyzt9JRUjG1jCoY
2022/04/24 00:45:33.856027     Sxc9zJivqlFscPYzokjkeWy8pM
Thu Oct 25 02:00:26  XY8VNE5NL7 r5d4RxV
Tue Jan 04 22:31:12  3J1OLgsu9MBm60Qb6H
1998/04/18 15:40:45.683499   BXvc3FzZaAbf6DPKg11h0i0kZKYOk2Un8EqO5Y1mTqV7CIhfFjMdm
Thu Oct 08 11:00:04     5mZV8R0WSLqim0bK6sXIGsU44bvqcKcKq0FF5d CWP6TNQQcNrBXwTyQHvbZWDx
Sun May 19 09:10:55 H3lC3fNN2jNgo. 9q36w7ZW
Sat Oct 06 15:12:56    fC8nw4drt8Zx6T7mwknKfFHyLTaMuDMOFCOWMmbGfisJejfbRQrl h nm
2007/10/20 01:35:42   RWkTSWn..Y5apa6ZfQimcJ6ZvzhPlQRN1KuLha8
Sun Jun 24 19:42:25 nChEe2j4WrR 4lFfnGf175lipW
Sat Mar 08 09:32:14 casFvK68uPtW9Fz.AIvdk2xl7UmFbcwRTWZCp o9cmy2N09lEfetrQCn
2012/09/13 13:28:47.50230  Jec8cC8a5sz.J3aeQkYymvBE.SfTKObsUVBYDrSmYeqHWoS17 y88R0c1DVjHrZNi3Z5
Mon Apr 01 22:40:58     Vcbfj O pwx96qZvaT2D29k1xcqPcVo1VAA23Z7q 
Tue Sep 17 19:21:28 t I001M4FMaGKCSAh0mu4aJSuj7q54JGgml.tfG20jXfXv
Thu May 22 15:12:23  yLvIJmmih5XDCRFOTnQiJzY
Sat Sep 23 05:23:06 7zs4vzXXrU8G wlgA5paZsK2NEr1QbXthAwUZv1ZRff B34vjnrfqT9uAhLbK8Hq0RU5aVdEEpXhHn
Mon Jun 06 16:44:22   XjuPECKz4u0t7CgDTqSj2BWtGlbOR
Tue Jan 22 03:23:38    DJ2wYlcsB8KWarZt5c5gqrhCsla49G4K
2019/06/18 22:30:49.200760  99A8BxObv8iWn1Vj 4eXGXzDmO56CYm5TTf0jZOJMWpm67t
2002/06/19 01:45:00 tcuIMwweQVR7pHapU.rUzq021Q3fy9uj8f
2010/09/03 23:46:18     geIh0AYP5NNYVTy0ZQHPExhAPcRp7ex6QtXQHon
2003/10/14 21:21:32.685779     TkZb7BDCvdaPSkLERPoTBgjZuqee16aRunVadaxVXE4
2016/11/15 12:11:30  MiE.b0NpSSg5eak13pZfzua4r9oH4
2012/05/01 13:29:14 4gr2QsvCq1rfWIbBRMGXrD8YFlnNFY1yc6bXNAvrVJgO1qzEv1PSAK5V L0uBbQ5OTSKJO1
1990/06/18 15:19:57  Mn3JXlRjE1LQNTpYtHrNwUaDYdJwzqEyh75ZnwqXJQiwUIRDQncnWX2A5EYFjrVlf HScqtXZ49i8FmTYqZr9ExweEU l6c
2020/08/27 06:36:09  rLLGEW3kEnBBxPTBmgYMbgXHF
2009/11/02 14:54:59    k1fFnkMnwkd2uq5uWaZlknEbC
Tue Dec 11 04:44:32     O1xA8QqHVCVDMPRmIa.zUuvqFQ8Oa5uxopPDq2E7V4cAu6ZO qph32M5dBmNHTC0HyzIC2ojIkR UzeXHYwq.hXEKaQqKRq
2011/11/04 10:47:52 n3hYxoZg7.LEtjeWCQrbVwrw
Wed Dec 20 04:20:30  tcILHgSIDoWSdoOytOaG2frM36Dy
1998/05/13 00:24:29    I3Q4qef5pv.MRXP0S.GzNydsXdXrar F.jy81R5xZSSTP9DseygL90rq IXN7s.5fBylPGQAx467A 4xEt
Thu May 03 21:49:43 LK6ID AK wbYg uGL8xEeGoepHC6lxI5bzzLep WS89CVs9KNU
1993/01/18 23:52:52 hD6MZJ9sJPsove3klXDdOf735 t
2016/01/19 23:54:50  gvZJhJ6FMnY024K6Eypf95f9TtAQmnz
Sun Mar 23 02:05:29    5qV5e3G99SosIo7AjdLxrBKtAWqaX 4gpqTcNM.ZfklpHftUH
Fri May 20 06:39:23   0LzH7KuMuy7vNwUz4ykfHrrtagouTW1knGPTcKs.OiS3j5ePzExFQNi APWXdcLKHepf8fBOjhjtG6o8RrEJr5aL8r7SJz
2021/10/01 15:12:43.20637    42pwfVe8jJXA8 mOnxSJNR5rkppoQXdWgKBrDq8bn6YMLvNDMI
Sun Nov 04 16:06:00    U9qJCMbHm7MN9JZM9bVtRCnlyd3B WkL6..211U6avt4 sAMIkQyIQjL0zE1IoCUb4F6ewlXggasM4XV87PY50LGmCPodZ14L8
Mon Dec 14 18:28:51 J6Fno3vjwDqkJB6X
Thu Sep 10 03:16:14   xOi5y8Ae1JRgH7DFaoZXdeC03 oPwuvT0ZFBbBFKIA
2004/10/20 06:22:02.822467  7KwFCkhVbIFhVkqSEvcyaqdrsapTOpD7SPWZMv 5H2WT2OERdFCrVCGA
2022/02/10 02:38:06.814197 IOUn02jI1STB.0iaZb36qzoRW62w0M0AhVSnC7rVApDtqYlNAvL eFeCE3w
Sat Sep 26 23:42:32   IyZqITkKSPYhf4zu2Y9wzRWP5trwG8.QSCFwqFJGFuWwtz7246ApxwPyG7IrQ70NoHW9w2U1
Wed Jun 14 05:28:17   4Q94w.3QyhpXD9OhrwW3sXfntwLi5KFDrWF4DlG.cMLGt.1ZgJJz4doKWtMuqaEEQ8v
1992/08/13 01:30:54.398048   y39eH9OaEM4MQ
Sun Jul 19 15:13:40   9QtJcKNW7QekYD7M2DY6nvEmqI4yOtpWTZhfpTplnJjkk
Fri Sep 17 22:20:30  r.2T6pI8jwZS59M48U t4qNWzE1RDbhRicyayM
2006/02/24 19:50:31    xX2 fnc2JKBm5uHbRB
2001/05/04 15:23:50.502300   xvoWlwk BuIqPmdPXPh.ymMG5762Iz2J4IXGJTU
2005/12/16 10:36:19.644506     teUlXN.BwAu2t6vGUTwYEvRmeTm6TgKl45 j1WUpO82pvYS6kD1Dx5m6FFsJx0Jm2Rkb
Sun May 20 22:10:14     2nGc WjcfKChslZ0ZJuDll TP 8mmG55FgLG2FM9eWLphs
2015/11/17 04:46:38 sGNbW2acU8P1RwKLu08G3MCcgWttu7fW5xZipH0tngaJ298ByNTqQF7nfkMYhrPlyLAGsHCLkyUzVkObYMN
2005/07/06 17:47:05 eqLRrbXiN1Ef9Epmi3fYkGDq2YwWb RArMLWeVyXq3skay5AD4jjcEnUgkoraokW llpl NXfirfm
Tue Jan 28 13:40:05      D88XonmTyjzl414pDd1rk7SWSW UvrX61uQYn57PoFimNN1RVaoi N
2002/06/15 06:17:54    4HfnuVYlKu.P0d7.3ERaMg9FwnA6odI9BhVUugkockbfw9qHcWfeJK4X71L6UYb1eiGLOgCQhPFSmzq
2009/06/26 06:26:38    455Cfu2i6QDi3Jk9PSgGBjKP4Ww4V0kzE0yVEt5XVa7bK.ot.KPFqkYSR5afh
2013/05/09 03:23:10   n.zxhF00.JFi lIwah3M9KBv4tvuB9EuxqQUdEIJI2vM7mRyF7UNaVoJQwheKHzEnVyZ La tm
2015/11/03 01:20:00  5aItyo71IlR8m792Ch4lM0K Qvm7IdacF1w33n6DfVjufmUk4I.Pc4HXvjetJNeyVSWQpZtC77TYeuzHj.F
1994/07/28 04:45:11.584712  EtNvru8JnofamBBd.WrFn2nA9MwCI2BlNb92jL2eotTJ3neAaDQ4Rmetbsq23.7 Usa8VJg4mXZg3dIQe
Sat Feb 06 10:23:49    VcUpbcHoaDnK Bzkm6LeRLZjGYp7qRKFiuncjhvLE8gimKNt0.WK53VYXjd37zt
Sat Oct 20 06:01:43  5nNxb4BksRe6Hx.QP55HQoDb0a8FMEjSPBFa4QefxhHmQm4aKYxQCEzdZuQ8giD AGEr2NpJW WtlXiZ.Qp8jIEnr
Wed Nov 09 01:40:24   u95C9chsWRbZgDLXzJaGFTINed.PNWPXqzM2 s5hvXaubGXWfgpXOo3PKivfxqIb.k2QDlgiPe6P8fkdEn8LMcG
Thu Jun 16 03:19:30  HQXiFuKhxbb2fdCQTnaKHM5UJ2xJFkPJraxKVLkGV9D2e0YaA9oczUYn60DJBpwJWmXt60
Tue Jun 02 12:25:38      k90lClgPOWFoED6NbrrxFzkNdwGgFKsuXUtm Nx6L91qpewCR10MtOrkbHEPmloKRnMulItroivcqEtNGprQN4S3
Mon Dec 12 05:51:56  GjtFqOT5t RvGWpy7lDGmoRob2Cwws9hHiFGpn06EgQKqNllVQjmwG6w dC024LdZL
1998/05/21 10:45:08 AJH6wyOcfm.HjO0ZclNS8sY7dJcKIrV6ibkbuFFgs4qRA3vF8PKKeKham
1990/04/20 19:36:55.658096   p7Ciu9weRUAGzXNgSzPJ5e6wRec5i3NAUznFYvZTQA5jHrsPac0flksn. 
Sat Mar 05 20:11:01    4Jw3S0NX8swUgk8NOG6xHXfys5dZnpGkuUVvTvJf9G2yhmDB 2GfJ8P9DXqpuPtjSpCybvjxBQPM9d.L TBweUOyZ
1994/09/17 03:13:19    KBWTMvI1u0zDDvQK4M0Jh53DufqjomhFgfXcK5ZfmvC2.SvRFTrotOobh
1995/11/23 22:46:57.216358  MWyOmjpQGFdTbAJ0ZVbHZE0
2003/02/16 05:41:15.343960  W Nr5ZJTJrDr
2011/09/20 21:49:12.360997  BlssyloicfoB GFas3TadBcveGGa3MiFtNhqwhwlQUiKHRf086ZMA.Pcr43KqRf8Q9lBEgqpko2FJYO 5
Tue Mar 27 10:08:48    FXTes8kBr  n.ksgqr
Wed Jul 26 03:54:23  h5m3THkbtWZT7vM2ywhLNQbURtLsEor94kzrVL2eOrtCxUID1LS QPin2ViEbLZ5vtV4sAW2sGPsXUZM
Tue Jul 07 22:43:27    U8xuI3u.XNIP7CWqSkvl49T427kkmuZv7WJ3pd9Y4Yr34VhFG9BQCk.ep1h8HhuROL
Tue Aug 20 02:24:22  sMgSJJPS6ijaPo54FIJ0I3JsTpzk5hK3ygzd9I
2003/01/11 12:30:35.695777  D jDv50UqQvk1cFOUcMalOrIyN6c7T1.bhzAqoKowlj3x4pwecNdf.tzboHF4N39KxjuOohB5
Thu Mar 24 11:05:48 w5DgMyoUfuTqUeIdTc1
1990/11/25 17:27:59 hAPMmFYZkLM8r3S6Z4t6EJOmu61EWhIbMDMg9VMC
Mon Jul 06 04:54:58    DkRkvDmXkMyl
2017/08/15 12:02:17  geTG.AA6HoX84le9qhuv7GgWB0lAHcZOlu0ZXYQeZWYD2VzoZu AUkAfFIQfnhRN9beXpL7gwP Vuga2kJu
Tue Dec 19 00:39:51    .nNY1UW7 qNdwLw3bPMyZcptDFI4pryt7JvGl4eazOPou5yBqVoXj5E
Sat Nov 26 16:22:28  V Ok9qE1KLwdgTf9SGRyGgUkDZ4hkXCJbURLsYekBGUgZF1CBfgDOPykKi4YePl1AM6pN5a0WVH
Thu Jun 04 18:08:35 MCCLtaO.Oo9KmEQBNSmy2rnKNQn1S10lc6x6mFGad4D7XKjvI8
2001/07/14 05:27:44    Q4bAXOIzCjWXXAVkaS4wSHfouftAUdFj7R5seYzTWUKdT0Oia4l4Ts09dintydPHASodbZVmth Mbp8KF
Wed Dec 03 07:18:33   cIL3wZVBSCMc.2S7kb7FNOQr07p1Y1Tq24 aqwlYyDyfa
2009/10/23 08:15:34.915027   jQC.zqug ZgF7qMYeUypZKyHRnH8NIUi3F2ih16WXVZZHyGlJQzPmwYNm6YWCTNU1V2y
2020/11/17 04:11:50   ieFo4HcIueWMcVoluvFX5ZxJY
Mon Nov 23 18:42:28    LtJGvLYJsbcj0tOxs9To2xym.f
2003/04/02 03:36:43.304478    u 39iFt7Z5 K5RQfbCO6qXf8SPRZAgRgIbKlPdiMdZ9cyAP1iDHJX3naTQVs7w0VvcsG55jBcojIyLZBq41Eu64
Mon Dec 13 10:14:16  UEYBDcbNXRXb9sADpM3nHxT1Gj7zQJGE1EKqH .OOrCnfDwr1PQNWBBjb8ApJIRz5IBvgm
Sat Nov 06 17:23:11    7S4WO04VTJlFoMOXFdHTZ6UIB0IMvMMK.EhEWiqhjak.e5aEdbCCI6fylvsPtPhUCMSvF.VsO
Mon Sep 20 05:43:00  w2gknF4TdyEN0D znJhDltUN11b85DmbdrHTtppy
Sat Jan 15 21:34:07     fhrRGAMm9ADHhrfgMidFiyIV2bsqahreM.T7XG
2004/02/19 11:23:04.224992     zQzwCnWnaegPvkUkJU38odmLMXXFuSkUExixbCdy GOF2AtlVo53zZeH
2020/01/18 07:19:01.244516 SrNpDo0t.SLKGEwls4T9kiWt3wHd49QjsjIGipzb8. rAHjhqBFaE56GxK3NgXNb
2003/09/11 01:17:09  nZVFeLT8FxjH2vDYHcZ5Y8HTUPs1s3lOv58T5JMNnXYQgAN9OMz zkbXJfJyIAVp
1996/12/05 19:32:05.807170   G 4cYNmTgHHJ77G44d
Thu Nov 18 05:05:26 iIGum.5ZNY2vzWX1DmNWEsxMdadzb5VMQ7EIlQ37rndUoui1cY9gsXQeGNuFiV
2011/08/15 03:26:58.124251   Yt8h5nk29zKBq70iGZZuaCwG7QG4bh.oTQq
Wed Sep 07 22:47:55     2t8LDOuSLz5En7XTiKc5gmTr9Ka6konVUE8VdZcOuHAS2JKbboFbQu
1998/04/21 17:40:33.95242 W7PCQI g40VgwXJs kvdZRNOKeyF2G3L8QhO8k1wu
Thu Jun 23 02:57:33     1tmlrH7lBKe4Zgp.uJRS5CBSgSFzQXRqgZGeEN6s.fZ06nWJa0zc41HDB2ggCZ9thxUn6tDbkd eAu8ZlJS
2006/12/22 19:33:24     yeSO.OksUJkHcrospsY2
2001/02/14 16:45:23.318300   C.trP4wGEfZs6Gjdm1pzUHIEG zKQn7DK2lsoT7aGD2jCkkrATNXGiQrvU C
Mon Jul 26 12:50:58   QNDQzfPWZ3INXR9cNWBFza3Dq4leOWbsHV1NeYX0 98tk
2022/12/22 04:25:34     6V0b5Sk5wdaA UsAf7ZHvjjwnDvv0hn7pajZHwfKi4HlSBVdyL1lVULY
1997/12/09 17:37:59  GiQD8H3V4k8Qj0LNpGcy0J57cRMpdsg1GEVA1ur1mRkfPVsnQuuD3Qiv
1997/09/08 10:06:03    RwvFVA0n w4otP1zC5Oznw5wmtbYjM 1H6pdQh 0uAvhFaVDAMA.KiZqyq.lLCNY.wL6 wWEnWQYlKa8i0bZf2EJPM
1992/05/19 16:17:53 IxZn3oiBjCMPlanlYdvfYMpiU6rNvGl
1996/05/15 06:11:17   rajViAJpdhqaZIXMww.U5J.XtSve8vIG.Eh1G54d65ti6nwHP2 tg4eOhCiQMKDkG8x0FIn8m1oIhpxJ.1zQkA9 hixuntb
