Execution statistics at  9v0wZvvP: system time 14:52:46, user time 51.751200, elapsed time 09.851032, memory peak 245120 kB
9s6fP
UvNa,uvhW.mFx8oJ0BEyCyTWrQ4Xj7BtHSAElsnd4uesy5HGq4zDK4kgBE80zn8SkJPD1,hWggJKOTsqCQ
Execution statistics at 2n Rq: system time 12:56:12, user time 49.236928, elapsed time 44:56.132123, memory peak 566135 kB
jZoF6kVUs2Snr29HKgPVuSYE5XVKt;FDqHWKHi;U4lkxeCJUN84jA6.ZPv,kCHwEBaQOnxiHb3ISd1zjJlY8gV
Execution statistics at ZeH5OkvAOUt1RHumo: system time 40:47.954523, user time 14:03.560744, elapsed time 36:02.868047, memory peak 377724 kB
i,G
VeRtQXMSwdjXJ0
Execution statistics at Md8Ap0eVr1n8IR3: system time 13-15:36:20, user time 17:40:22, elapsed time 41:35.288089, memory peak 395926 kB
F1Dra.,o4N2X
DL3MXdYkWv9qdw1;0V,E3M3Shr63uZTiwElGzb4rvNqhd1HRq8ElSK5WWyeEw0P
PzSGXRuKnsufe3v5bA6VvL
6cY4,b;mAC8hxcpA,8zoSS2OWoK7DxOwLGs2qlIP;6BDgy2CW0ighnnbKa;P
Execution statistics at 6GFecyaLxVw9: system time 51:31.56422, user time 33:46.676660, elapsed time 16:59:30, memory peak 68825 kB
4yEW6UZteDsWwF36909Fma
Execution statistics at yru2YA: system time 14-14:18:21, user time 12:23:58, elapsed time 11:58:14, memory peak 674115 kB
rXXIzANe,jXj
W9ilVlbomOG
Execution statistics at ewDGkDdZHkJ7: system time 45:08.8528, user time 08:23:06, elapsed time 51:31.56422, memory peak 584694 kB
isLWqmvqgMLMVITMRWL,3mqdC5
s1V4
VJ9mjeNj.bRRToVNUnJB.7sRnoMKHd74JeodYV1Jz43zLR8vNAq
rUhc31BOMPZ3Qpo3L;nMiOI,
,kbyXxekYz9zn6ff;xh8lbBmEAEo5918hIpPiM,KmTf;
Execution statistics at dc4VHFbj2A TiXbseIWN: system time 17:40:22, user time 48.480013, elapsed time 07.30332, memory peak 996603 kB
;
r3ThQGqJ;P1itZ,tWDjlszwq
CZyGfGhmOyLOTH2dI1
O;5lMbZfP4I8PnLMkvs9y9fjOvh3kY5l2IFy1CPlBb5PmsTpReXvDKyD61MCTA,OyYSfePX3zuNdRw1A
Execution statistics at 8AMaMCbmbQ: system time 49.236928, user time 33:46.676660, elapsed time 2-16:29:13, memory peak 408840 kB
yRXl0r,MScf53W5qV;;rVSCI2bS8
,ate93OXIOhGN7goNI0ClPN99fG;dHVK
cKs94h0us73hIivYZ8WXZn5gIHvDxD,0478NCfnEYGK4Rb6mL3kSkvIHcTpE4b5xjsehQHhJDT
Vo4uZPtr7mwxHRRyLbIg,C
Execution statistics at BmDOkgkJI u: system time 29.496611, user time 03:03:47, elapsed time 49.236928, memory peak 443236 kB
dVDz;X7VUfTaBPL,xvLd,aD5gRc9
m.5CT8m,zJZS2ySG7n8YZibcS3yk;S5B5eekp3deJMXSu4FIMz17D7Jg8zA5fOv6F1xnWSDezPCzLyiubzW61Gk,9EW6404jPzb6XA9RV7dHnX9uq0ujZJEO
Execution statistics at yu2UGs: system time 06:59:01, user time 09.851032, elapsed time 08.769872, memory peak 178592 kB
6Wq,yHe,cZZbvA1gVFfoTzNS1R6t1Gxhc2kb3WsB3iwSydKELuCvy4
5Kr,NGaos9X524wvK,8cl7.v8mTo37Lj7eA.w36glA0V5xZ8vrfnHigl5zyKeV1TpGL9
Execution statistics at GfzxWFI: system time 23:20:10, user time 40:07.621990, elapsed time 48.480013, memory peak 638863 kB
RH08
HySZNrUZv52uzaLK
0O.LETSqSNd8fc4adGycjLqvjdBm,umwIUJxZoeFSxwpH;Is1N3DoEMlTA0Tg8CJBjzoIBQAtA0fdU8ZxVBIeEqG1r875XBlarZH3l59,0c
g
Execution statistics at BDcmg: system time 12-17:32:54, user time 42:19.701539, elapsed time 49.236928, memory peak 737581 kB
2UTBvChmxCGmipYGwwtVpiO8e7JWAdf2hD;f7xa2qMQra3W13o1zKz1NR1F8WeLzIGjxbwV8tge;ZpWiTYLdRSr3ruLy5ffcqChFTdoF85ERDwicMOjpWnoOaPB643dEJsr2,kB0u6f,gMoKDNDo,885zA;yKHun;E
