Execution statistics at BDcmg: system time 55.630713, user time 03:45:59, elapsed time 17:32:26, memory peak 221205 kB
O6mOiYjRVsqm47TBg
vONlnoeJt1FdqE;Ak1fXGmlT7IshqAJvn
Ld,JQ2GsuZK
tXkG;gfmlr
m5piGL;sf1zinN82,,Hbk,Xx.L6,1Xj4TFTz2sTVXiFW3vi7aLl3Y
,tB3nzHK6hYH3aUz6kAhTHvJI0FWyoOZuiZhishqkXDbB5F6cKA5NkhujBBLKQpJa
Execution statistics at H7lqrKGSkdGA5SbHc3Hg: system time 33:36.874432, user time 11:16:16, elapsed time 03:39:48, memory peak 525537 kB
ehLq
8NM9jPbi4T8Pl;D,lLdvNVtGkxDZVeOHgK9myBCoYV;x6iTdOQ0QnemHCd1.jRvoAWUCHPmZ4,UDrEC5EURRDUF7t,NutR0V39do4UYdsSfcgafUpK9vw9A
6zntX;W4k;BzcoHVkaPnAW7.wKIybNwTBcMqrTL64vpNIod4u3LWq54dlth
Execution statistics at ewDGkDdZHkJ7: system time 55:47.91351, user time 34.901750, elapsed time 0:28:44, memory peak 574642 kB
aMVtK0vyKqXS4cByFastFk1jXkoZjtkzg5XEBYYVu5KWc3;aSLRywIU1CI8L2YX9udFcLV;zDmASBe
Execution statistics at Yzhy8Exe: system time 19:54:2, user time 18-10:48:03, elapsed time 17-08:37:08, memory peak 168075 kB
hWL1Wl1ienRu5x;kYNUFLVg4ea,,A0DLwl8bY
JRw91cmkw9SzQzhVRbpMIBUFtRZUk6LOvBH3IWK;HN026B7eS85kRo8YAw1cK7EWZfMJ9FUGjuFNmO0VIXAQNfSC31q
Execution statistics at dc4VHFbj2A TiXbseIWN: system time 18.407958, user time 15:43:54, elapsed time 34.95656, memory peak 606532 kB
NwFS7bR0t4levVTAcXyYDmnr0v96WTSZ2Lh2F23Va
.zjOabnYYMQ8iS
Execution statistics at 8AMaMCbmbQ: system time 03:39:48, user time 6-16:48:39, elapsed time 2:25:51, memory peak 807077 kB
X
8yFC0yNbtz5wXb
Execution statistics at WR0Pyaa: system time 13-09:24:22, user time 4:47:3, elapsed time 18-10:48:03, memory peak 958729 kB
dL.ASBOLkLDoSYd,PhCSmUVHqYMaw,
U0zhgWk1L3,RT;b71f,Cg,yDzeqg.k3XMvAyQ33RJiu
Execution statistics at 6GFecyaLxVw9: system time 7:48:11, user time 11-04:13:50, elapsed time 2-14:09:42, memory peak 995829 kB
5c
a0qvTARD4YAI0,d4jFW0yZMfPcDoQoAjJpfPGGQsvjOJsUsZuvNGJed7LOm185Dtw25,0g3WSpBmuN;pS76eSNWZQrstdbggdUoCQozHDN
l8SFtRlxiLE0lDPSs4f;v2E;nCSPEsT0o,,TXEToH1hSd0VeFqyRZ
Execution statistics at Niu9gccSVZaEmHi: system time 11-04:13:50, user time 19:54:2, elapsed time 19:22:55, memory peak 639473 kB
lKIIg44LoacjOjHha4SnS
Execution statistics at ZeH5OkvAOUt1RHumo: system time 10-04:02:40, user time 54.206147, elapsed time 21.408869, memory peak 650596 kB
joHGG9BSAtvx2kWsA
Execution statistics at BmDOkgkJI u: system time 11:55:47, user time 5:50:55, elapsed time 10:32.96214, memory peak 59344 kB
NDnFeNOteR
Execution statistics at  9v0wZvvP: system time 18:57.819257, user time 34.95656, elapsed time 43.323759, memory peak 703650 kB
pZihR99wsEkvME4J3j2G9qovNMhnPCfKEt1eouNDemboXt,CLTXNi6,JH0doUXFPH4zH9s3.
Execution statistics at Md8Ap0eVr1n8IR3: system time 10:28:23, user time 06.191639, elapsed time 5:32:1, memory peak 217234 kB
;5VfSOiCg4xqnEfYDoeHXGGNU
5Khw,8rPtYkVEQYVxaf0cQu1Tp
Execution statistics at CTWy17YlO3: system time 13-16:10:33, user time 18:57.802235, elapsed time 11:56:32, memory peak 187137 kB
9dDZKwKq.Ti.Imf2EPePFLC554H6Onj2YtNxFdPDy4exvyAyxvgXLyL.eqr.ia
2Fz
ezgYHZanU7EQhEmzks0
t4trZpDzCN
GID08e8N2sJaLG.;KwKyRcFO6fAEkBwJfGRjm4
Execution statistics at yru2YA: system time 12:50:5, user time 33.829071, elapsed time 6-16:48:39, memory peak 565080 kB
S2xDdHNPKuONA06LcKXLDUTr.op.pleSOXvXQlY.zVJ6tyUF.
IK9r59y
