Execution statistics at YpyYJsEyRoOp2hKcwV2: system time 8-12:04:41, user time 15:24:22, elapsed time 1-18:00:18, memory peak 479784 kB

jhAXu7BlBA8tkE7znxDe
Execution statistics at 5Q1uZfNx7Uj19Tcp: system time 4:24:23, user time 17:38.28094, elapsed time 29.120988, memory peak 830293 kB
crNYkYedPBp,U5e1qvji.G9nQXc2Pu7Y6PIHihKDTs7
1uOkWJ;nfajaU
xEYXXQDxwSdi229;3UBtBQGcDv.dLaAGN6CKu7uP74,4YuvFaQZ7FHh8zbf3nUFVH9fENxfdOn4Vqg049Ur;Z5RQ3H82rqh5X
Pxzsiy,JWhju.BjoTKpqs0zSDi9LQM
Execution statistics at 6fF7srEXMN8aniZwK: system time 23:54:41, user time 03:37:00, elapsed time 01:04:08, memory peak 572841 kB
in;oJNc9XKcWU4
Vvxk0b11
Jv
3q8DUy980baTw9xegOE6fnm1vyxPejR1wHi8bfP,pMEh
V
xZ6;lXvwgcg;haS9xZPiLrBrEs0oLXyYeyMzJErU1rBYIx2UkjhSJrzuGqGehBQD.gGYi6iJ2xpXUC.;mGJCKXAC8nP4W54y1PjOVliJze9.iNoHsKcW3S7v

Execution statistics at JToVIko01hMUaon: system time 11:57:07, user time 14.774494, elapsed time 55.361063, memory peak 280696 kB
5j
B8fqygU
Execution statistics at rksRXJeCa hyu6vh8: system time 17:23:11, user time 19-04:30:39, elapsed time 03:21.921760, memory peak 298726 kB
sG4iU6yIid52i,SEa7qpbzYUE3P;0afzoJ1DrD1ha6gZ4z2O5vtGrJVbVAuIbAXNx;qF13vgK08EIGbmaj7O2ALl,Uylx1Mooq56bvaVyD.DxCs7H4tMSOrB.nS.jIra.mT4MmF
s7Il6VT
A;;HYshR
