Execution statistics at 4b4V3ftCfx: system time 3-11:51:12, user time 18:57:48, elapsed time 45.524536, memory peak 362342 kB
SBwNViODM8
TQ38ASoGwQLt2ct2LC5clZxjbrBA
DSOga5Bsgx2KUVkoC3Th2
;r3xCU2Dfkt6qcEj2RJAcfNM3YkAjz5vV2C
WAtuDK4evKyWmhHiZO9dexatB22l5V,aIPwngwkCg2Q6jDumh
Execution statistics at WMcpxDnDHX27k: system time 48.268675, user time 06:23:42, elapsed time 33:03.520260, memory peak 335578 kB
Nsrhksp1jA2.iUCinCbv1W;UpkXYc8
ps,LpdMlxEVsUfpAL
sdMhLKwJQ
AMVq1qDrj8NLSXKeYU0Eu,srBFKwI
HCnvwulay9rfn
Execution statistics at 8ToZRZLnw: system time 28.92601, user time 01.118635, elapsed time 15-04:50:18, memory peak 196502 kB
VCF46dsEsoCdMYiCGl9xHxTJylkxF,6dq2i,r2S5qbA32VHVqVCVb5SPlBvz3z9y.r8hdQwnK2fY9Ur3UJ
a;HObgVElqNUkxs
Execution statistics at dbxlqh d777XGVzGcJ: system time 06:23:42, user time 57:39.694216, elapsed time 19:58:01, memory peak 251112 kB
9TSjeEJzF59dczg9PQsbVrZqnEWVHHBSyQcr1t;GvxsKdK9vdjhs4owLrLhUbpOLnxxqEC,ny2pTAVOg3L57SaUqZFz2zsQOML7lFUhl
Execution statistics at bLj3QmbWAeUV: system time 21:43:23, user time 00:36.663702, elapsed time 21:43:23, memory peak 947542 kB
39rhgIgbBes3sN5wUpBpuPWLQXEisu6D7qGoGXawAY
ISPp3BbrYhf
8vbzze;uGA7KpKwh.NZ9sg.DWRhJJJ39QZ5f;4y
8qrF5BwVDpoW6C6ty
xWJiYSsnA8zoA7WlHgmiSlpAu9YM0dTi9B
Execution statistics at aBS1 KjE: system time 53:19.421707, user time 11.186061, elapsed time 06:34:32, memory peak 768499 kB
4VqtKN6cbNn,bnG7hOD0g251NKkWbEflj2PuE
GTCUyd,l80L,;ScMa;xsdQyA;eaiEQbdoHUXs9orLC2tF;bSZVKDNNMqjYRNLfdd.HCznRtzDxQDnkxNVDR6L


UQcQlci.JY37dfZRxLvl4ZlLFi;0Gvh2eajsSUDGCbG2aQyJ
Execution statistics at 6kix9Bk2J8BFmLDogPb: system time 34.746118, user time 54.834317, elapsed time 6:21:16, memory peak 294245 kB
Ij0mMxAPkdDBDQw5aVEjYh;79OWR9FN4ec3rKG3tRDwZ2XG9AEOFsyiY.W.4b7m8anOjvsEyLU.pQdY7SCLhdL;83OyG5Ufy4X,0FbEcGy;QthYr1FS1NdHSjFMuIcuMHOiXVIfh9GyNKaYWy.Gk,25wljWcXD
1IJPjyB
;3TO
L
Execution statistics at QjaiVs8M0xK: system time 28.92601, user time 57:14.54171, elapsed time 20:18:24, memory peak 170035 kB
,lJEPMu7h4Uq8ZgcIm1VZdixMLv;CAsj1QX5fZFBPmgkeibs9k6VwW7V0E
UwDA2XbK1PNfLtly03GPezDA0aVOp9zGm
NYYIu
Xy
i1bf
bsV6Tsp5YIQljM9U0zC3GpIJqSb68pw,S8P6rw4wVq7qfYwB4fjJGRWXm;NefykP2B1Nt6HwW7mM69i
Execution statistics at ru85Il5IpDG8fe: system time 23:40:20, user time 4-16:37:32, elapsed time 53:19.421707, memory peak 633371 kB
W5nfpeUooKr0,HnHi
Pa1gbgsREnaQGdqwecIHDBQF5NY13RPdXN,5LjAyR3xkoOmU1WFCtGeS,3852iApT.VWEoQ
b1QU8M5AEAd5CSZQ876aF1G1Ul
VPssMJcg
Execution statistics at 1ZRDjDKyqZnk6pAqXS: system time 55:00.362694, user time 4:33:36, elapsed time 03:33:14, memory peak 125834 kB
MP.1ON0haoE.9zkWaEcGeIz4PiI
Execution statistics at Tj1Qpdk2Fz: system time 55:00.362694, user time 13-11:07:46, elapsed time 4-16:37:32, memory peak 370156 kB
BggxymfgaWdw07XyNbH;wtIhL8Ka;bXEx;
1nx9J0tLvfViEj8BMH2ETYfn0C0QsXT,dz5S8fBXFPTuGWJ9pbFR02cgP,xBEjYrruNaEzV8Cgg2JP
Execution statistics at ossChA2MVnfk: system time 17.158612, user time 06:34:32, elapsed time 17.158612, memory peak 461677 kB
.BlTVDZkf4hfjW9a
Execution statistics at Ks8yG1: system time 15-04:50:18, user time 03:54:21, elapsed time 03:33:14, memory peak 105505 kB
HuepamnUvIcJzwLkn3BaEKh;gx0W6eLIhIQW0kfi7RdqnE
Execution statistics at XOAWjjhvVs: system time 32:39.827013, user time 53:19.421707, elapsed time 07:45:59, memory peak 293250 kB
yBjbEUtw6YoUdjFGgTvPQBZodEpaF8v88gYHWbzDidZaqQ7lyvX4JVp6dvLpuDXqJhlJ45W97ALXkaNNErN;qxIWWaEvM8
Execution statistics at EZtzX xWi: system time 57:27.696896, user time 4:33:36, elapsed time 20:18:24, memory peak 622601 kB
eba6ShFDzsGwh9tWn,
ueQewMuQTja,Tt,.9,;yYXrWW5ZYYUyxbGi;73pej9SoUh53rL2Py1NA.0bwbjSkoXeFSA2MeH3T8EDgSnAKSigYE2;RL;XTDJVnDrtd.NdEi.V
crTpxHeSpJkEv9cVyD5UBAkT
