Execution statistics at WMcpxDnDHX27k: system time 12:35:36, user time 07:27:29, elapsed time 2-18:17:37, memory peak 275495 kB
QCeYl7fCcsWy,WYHV47tORHsQUBVAc9LBMGYmRHm
HIREjptw0YG
4mWHGXye,sx3UehVvXWnzpAXRN2o,dX91h61kQ,je
kh8C6755jBFOwY0O1mdh3RxHhqwpDkXTpMJPZ60qP4aWow61hz2dX9.r
leFnT.OFxj70BXKYG;nHE073e
Execution statistics at 1ZRDjDKyqZnk6pAqXS: system time 5:20:22, user time 59:05.66492, elapsed time 9:49:37, memory peak 577285 kB
Xr3YrljTutmbfQ
sv3Yhmm7E6DYocm4gwO
WSZIE,l5yY9.Vjj1D4657ruyj8S4olp8jSLgyVt7AXTRGOL;552XNRL
Execution statistics at ru85Il5IpDG8fe: system time 32:26.890860, user time 11:59.876746, elapsed time 14:51:27, memory peak 452188 kB
z81qAaCVQbh,
k3uoyYxNBEmQS1CuyyPKi32CKg2hrE3LsUJ
qcgrrw.sM3V2wsrKX1eGaotDFvO
Execution statistics at aBS1 KjE: system time 6:3:23, user time 10:43:33, elapsed time 08.346601, memory peak 734558 kB
vliLQnPyf.3WxNh
a3Zb9A;7ddcfvuTyEAxOZ
4bCizfTImkxQGn0S5YrAvbEAm
yMDaLd6K,2RNvkyadsgZKIc8X;9gDC9WBFnWda,GQizr3YzKC3iU.r3S
Execution statistics at 6kix9Bk2J8BFmLDogPb: system time 06:27:18, user time 50:19.574580, elapsed time 8-07:53:14, memory peak 207197 kB
J.xUVxgZ8V5sd0MOofmCicH9moeypNyTWk0U4mPzQEvNQNfwEpXzbtgTeDJZACAljh2,yVUlkk
Execution statistics at ebuySNI2nzDeY8dygI: system time 44:02.586292, user time 22:59:54, elapsed time 11-09:47:45, memory peak 778090 kB
uT83ey32Od
Execution statistics at kL7OuphWgR: system time 32.262382, user time 32:26.890860, elapsed time 20:43:11, memory peak 848768 kB
pAPJNIye6G566wWZHgIYef.UzAf
G6k4tJez
Execution statistics at h4fJoovth: system time 16:33:25, user time 11:49:10, elapsed time 22:55:52, memory peak 279725 kB
PRoR0YGJI8WZcTz6toV8aSfWa.Rkt.qCU;Y1Pd2t1;,1hfaLEztZwqZB5
3pErh7HBqJ,U8yI1LEZU8UY
D.YdKllXTgHpSHZVGMOgHumXI
sTL1GtO8GxSEYS6Kd2tz,9ArbOCMIFhCvN36OS;
Execution statistics at EZtzX xWi: system time 27.621617, user time 13-17:55:58, elapsed time 12:22:57, memory peak 395929 kB
aPcVdJPly;I.n6o8hcTsS9zpFyJbUsNcEUGmkhV8lYIzXxInNlubtQ7d0ZkpehL
gljQOtBekexE.m
xvfKJfr3YPu,QV3;0IK0F9bBB1hAQ;hQE5CIPYJWRYWU
CImYRcBxMqTJj3a
SF9YV.kDhkRHS8yzVuw4v9k3pImsJZ
Execution statistics at bLj3QmbWAeUV: system time 15-05:05:47, user time 09:53.581760, elapsed time 39:45.61198, memory peak 796074 kB
fQrbWihUrWVsdXKL1D9KpG7Bl7iB87lwzJD6JN;lzxWX5feov7D6AMtQHEzSuHmF6IU,FU0BqjJt8RFGXcFLpZNpCEee2PIvbTE5zt4MGNRtHT.D9zrq;wcYMQQoov0VgHKR4L,PRVVbrvbQ1QtrUI5HehZ6p;XC
zH.DqFD9pedjrZfMRod9
Execution statistics at yD30i9UUYsVftH2: system time 19:28:4, user time 01.532628, elapsed time 14:47:17, memory peak 118530 kB
gWZcLF.
vN7LGxRvqF.BRwxyzsl,VX7uDLQCK2r8PuHz4X9xmlDw7Z2JuesNyhk2PC34xiC.qOvKpZzHWBWGzTwDumP10EeE,nV
Execution statistics at 8ToZRZLnw: system time 08:04:17, user time 03:46:13, elapsed time 27:19.609579, memory peak 700939 kB
q3E
xBKjmAAOYbgmPa9arVELt6hKJ8CIEt9WT2F0knRBlSVZJ1h7Eiczkc5Etc,30saCQ1WZqpE;7OxGEmnhi.JGWj2kO
Execution statistics at 4b4V3ftCfx: system time 56:13.512336, user time 10:58:52, elapsed time 13:49:23, memory peak 234058 kB
9FqC5DG.DiH
MtnFUVDF;62KYgFY2qO
b1qHYNM7GbVbOwMQk0sb7UknKgM;E.k3Pz2rlqoEWgvvd04rs,EhtwU
Execution statistics at QjaiVs8M0xK: system time 2-18:17:37, user time 22:59:54, elapsed time 6-22:27:09, memory peak 379172 kB

IvGKaDM8rZ;J1nw8DJd9KRQhcBLeZLFk3scu.a6dEhSGekl
SOMu
rGdr1v5mnzOlJrF5gGNWy3qxPgE4.AxWV8.Fr8m3YehwT5nv0ioq,rZDlREoN3oSUVtvyFjRVN8IzC5lOcAELEvMyDxKw9kYGvbLM11d0ZVffsvnoB
Execution statistics at izphJ: system time 03:31:17, user time 45.156655, elapsed time 13:49:23, memory peak 221235 kB
6b7fs11rjEBvAxyPl30AMCql;vi.rsNwGOPFuR3.LK1RxsChVsXR.ezjX;
2R8;iKz2TXd4MVqGeSAsEijQvwKovblhD1oZu.bBVM2tDcjyDX9luO1xu2KoPG4gvdVvjRqmgN
Execution statistics at Ks8yG1: system time 17-23:24:55, user time 37:37.202492, elapsed time 08.652847, memory peak 939181 kB
h
lkTFWsTWqWg9LJR5kkVEBzTMhZjAAu7Rd9mjHH,6
LwDypghOsVBB.NNA7
KkW3BqoLd0D1Q9xGrjwzk7tpE3
FO0mgHPUEpOOKqJ6mDk2MGxd4aBAX0.;r3;x,WbzRIx7EESeZV5B;gQfNYKD,;
Execution statistics at dbxlqh d777XGVzGcJ: system time 27:57.514152, user time 03:46:13, elapsed time 5:20:22, memory peak 964946 kB
23sjBYBG4xR,b2a0ZHceaqwpVTZU,LJHqGAn81Nprndgz;J8JOOUUekiRMy.Pzbs;zC5Ek3uFG8TIRH8dc
JMzgEIMz88D0MBPB6gJMnBcZ7abNWhI.735uXbaF3MQzflUNntMAH3NhkKQ517uhKuCQzR0czuQPbM5avG
