Execution statistics at wUjxwzdkqtA: system time 09:26:29, user time 06.289751, elapsed time 32.30937, memory peak 815050 kB
9LuU,AWGSPAD7nZjm.RsjTBUxOh5R7YFd.Ui,bIWHTPPyK7AE3oinkJdJE8Ljr,owy8hwM2srVTmIZe5qPRmr42abyrJICIjhsdj71GazFcBSCg;fhSkbZb;5O21p6kRKKV
Execution statistics at TxLTWvXOla: system time 56.474985, user time 45.411020, elapsed time 5-22:32:35, memory peak 331979 kB
yuMWen0c86QoW75Ky
Z
VR7oONtkdSa1F4IIVqimJjQgQcXezDTF
UuHt4w
LYMSykGWWl95nu.j9fpUFEi
CgGLqHG5
Execution statistics at LFAad02: system time 32.30937, user time 59:13.21259, elapsed time 43:24.496067, memory peak 577656 kB
vS8joG,E2rCCRn
Ri0
Execution statistics at 5kZM74BZEPBfWqVBrj: system time 0:50:22, user time 30:57.758090, elapsed time 23:36:30, memory peak 383341 kB
kAZte1mGzWLNFH4zQjG;kRnWfXvikDv.geX1Kj.4l4WKpLJZGfdFLhBjlrVO7HsrBxknO
qqnSOqSiwWmgULd.TeRo9s6EIgaWqzKT7ft;IhVyXt3sShKrpuwCIX26UZPjxAMgBi3W5IMa1qUI0k9UxBRLWSFCw;2e.MusAdZiY3Br
Execution statistics at axUFKgtu8TtJQn7: system time 06:59:55, user time 04:09.4772, elapsed time 08:50:54, memory peak 751024 kB
MVRaT
YB.27QEcH,4wA,
Execution statistics at 2RmcWxg: system time 02:21.798945, user time 20:4:46, elapsed time 56.89611, memory peak 610969 kB
3B675Y5UslWKqNddY
qMTMloTz9U79jEYEJs0rd2z0PC6ayr7q
Execution statistics at 5Q1uZfNx7Uj19Tcp: system time 01.229140, user time 59:13.21259, elapsed time 13-05:51:22, memory peak 529559 kB
,7gs5JtP1b.RFjrcjdaAl,DAfch5RssNyaJP4e7SRCWTag6sVS9xZydRmv;KwMFajDpmZG
VMr;H
U
Y.i,0o1oETx;8UfWovhA9fiR.K9VhA0ZP
Execution statistics at W9U1 csd49wSA02A: system time 06.289751, user time 7:22:5, elapsed time 54:05.147683, memory peak 526827 kB
36KMMB2Z6phy4YJ4P3SFpE4JRoYfS2fLKl2hS2oUsWnGvta;fXPjMwD,3;hh.ed
Execution statistics at JAiwZ: system time 28.461532, user time 17:42:51, elapsed time 30:57.758090, memory peak 379189 kB
IK0GRtyYCc2GSZitS.3RzMphc3QRA6JAXaWh3ywBgyT;GCzPkqMsEHz3ksVyrNGaRMgpVFV5q.MQSp8WVw6B.xQ9fWxBj4FImHBqEblIIajPhs7ifvhKUskESqs,8VwP
yXX896XvUh;2ghBqyNxpax0nMxF4OrHBSwNZmI5KZPiaccW
Execution statistics at KGy34: system time 28.461532, user time 05:18.718693, elapsed time 53.530573, memory peak 234696 kB
gCpyH659e6,ZTiFhOgRYr,P
Dm1T93m7szAspRtDpAkaHE3spG8y
TzWsZjF4TIYNLishcF
hvass,9U1,AFG1BUzsM8BIy.8;Aq2xWiXS.5GyJofNHkuLLCNKJKh
