Execution statistics at KGy34: system time 32:52.737199, user time 54:57.611723, elapsed time 07.416841, memory peak 602660 kB
bdfesQuFG1BZWjum2
Execution statistics at TxLTWvXOla: system time 29.665868, user time 22.797031, elapsed time 26.103665, memory peak 758215 kB
m3g.J,ub3xZ1up1bLHsUTAptD10g2jzxaNywcwuMB18P
6X1BBPIVWWJv8fi3nF5Np.sW5lGQxf,WAMyD3RC
MUJ
Execution statistics at axUFKgtu8TtJQn7: system time 20:21:48, user time 20:21:48, elapsed time 7-23:21:48, memory peak 471636 kB
K.KraFYt7lO0kr
IePNeWqL3Mj.bFTDjO9C3xA.izXvbER3eT9Dt
s,6AGPIrnZtOP,ePyi0MH4bgo5hxrmg1KvHJvbeKUvTWtW3ULWQEFCGDjrJI5q4nD;hrR
;cFuZJugLTiOAzDwhPc
2
bI3aDt9.F836mu9n
gD84xqtKsUYcr
Execution statistics at JToVIko01hMUaon: system time 2-00:45:54, user time 23.742677, elapsed time 13-18:32:43, memory peak 213625 kB
.5gnCwi
QInj;JILrk;fNa;ANfnc80AEN0Uvf4px.jpJNPEFYVLKoGAU8kYYkPogkZ7TLtjZDyV7YJkgNErqWdIK5Vs
Execution statistics at 7YnHxK: system time 36.5372, user time 13:35.933229, elapsed time 07:14:58, memory peak 306651 kB
lOS6JsxFvhicox
ftrgGJWqf0H
YfvN68;b1.CVXYFQ
Execution statistics at 5kZM74BZEPBfWqVBrj: system time 22.797031, user time 27.440494, elapsed time 11-06:11:22, memory peak 968646 kB
S4krEMLInCbqnlwGVd8,Na8.4bz5K2DCylcWEpFRntC29E,JICIwlOkvXrvPOMTCZr
8QDQU0vxC
QEF2U
r7liyotCr9zS1KMH,DRyGIbtMWKjvTloTcjPM.XGMx3Zv7OYU.F,N
Execution statistics at wUjxwzdkqtA: system time 05:00.892531, user time 34.927104, elapsed time 02:48.415154, memory peak 666501 kB
QF5qe6gZ,HQV0V3jXZO2heNDB2TPQ;UaNe;f6U0.1nJvkfqGcSkVpWT0sY0rzgxYmOzb9PQg8cJkNmvGpgPVtKTkXl4izVa
9ZYL,g0jt6
mM3HjJd8Craklo,lJOW0yIcLhOlzzKjgxjMnmnDKC2MLJT,yoDsw3hhZgAgmmnT4bQA0Qqq.JLU
Execution statistics at JAiwZ: system time 18:32.734722, user time 03:22:45, elapsed time 08:44:11, memory peak 743968 kB
u,T3tyDGs,3gcwI2bkHM4;hhX0CbvPi6B9.NDDKW21EpeSD8dl2eour;
KX
hjhvTLMC9ao
Execution statistics at LFAad02: system time 16-12:14:31, user time 19:41:04, elapsed time 27.440494, memory peak 529704 kB
;kWql,wTGsEKIPG0TJ4HL3w9w.QXK;6wJukBt1.Ag7NYLRVR8tiYHroBFfpcrLMok7tAoKEEeqhKTqew
3TFfqeSa2Ha6rprNiD0zsLDjw49nRdaL7oENsKT.q4lliI66n2QuPTS5ngFbz1n1u79p
Execution statistics at OjjAgOObdH2: system time 12-03:57:53, user time 9:39:51, elapsed time 7-23:21:48, memory peak 252356 kB
h.7IAr02.xWLpjpnZ8Cn1HpxT,fGoFzo0a9kZFIAvtqyxHGIrdml76rQam6YT4oNCZTg4M7HQqQmbTs9QmBA7CLgUc
ugjgkPkNnAysYk0.jDIK3;v.DkevYZKzSWW9a
Execution statistics at C8Wn37lOAA: system time 4-20:14:19, user time 13:57:10, elapsed time 37:54.254021, memory peak 333175 kB
4.kxVVZfwTe00X;levoZcS1aKP;oGiN3vBFsYZS
Execution statistics at rksRXJeCa hyu6vh8: system time 07:14:58, user time 13:12:01, elapsed time 20:28:50, memory peak 38620 kB
bfXWZEn.mcVQsjb
KxhFBxP6Uaj4CGUtFBBcgBO4bjmh;HkwuZGztHWAubAGXCkdcrgFqpHe74536FipRp;l5tNQs7kTy4L2Z1tI;Qbl3LHHzHsjdj2me,iNLgwxiD09yrrC;h
eY
Execution statistics at 6fF7srEXMN8aniZwK: system time 20:41:53, user time 9:8:53, elapsed time 18:07:43, memory peak 278953 kB
ziBzRrd05N36Wn5uSTl7JNB9P5KQtyG;lmUO.nMnTV7jjJ1VP0cGz9KFkEjzALbKp3pSYdQtOTFu3BfdzLVe
Execution statistics at 2RmcWxg: system time 16:46:36, user time 16-12:14:31, elapsed time 34.927104, memory peak 364904 kB
IQTBKdk7
pGdRdXRV4,g;xf
iVYr3CYqBeBXH7o
hdqv5AJkglqM3wHBo0zF
VFmNkEIVIm2ZkE,O9,wRxHX1NuKWjzsMTVM.I
iXzQ.2k2j4doX4Cs
G8Z,j4VPX3yB,ylBzGjMgsro1joGbioPkFUGR5LiiUS3DF3uaeq
