Execution statistics at lekTu5h5RBT6JPwd: system time 10-03:34:16, user time 6-10:46:37, elapsed time 37:01.21782, memory peak 369780 kB
2p.xTmDQT;2PnpUlXGyi.uSWpk3,qG,AfjKryV2,GAx
Execution statistics at QpxBKxVS mNgSfj: system time 33:10.96522, user time 1:20:52, elapsed time 23:46.237176, memory peak 927833 kB
.CK3GeKO78AapLHAAwSM2NHFs5u.q8NSGhd1qwkH,NQ8xCZWptprFXubWNSdFFsksw8rFMmibTgV01qoFdnEKeJPdNGqaK7,SGgvg8Z.FA8Rf;P1DJpg.qZAtWb0;
Execution statistics at v8fcLpuzMn4zuSL9i: system time 9-23:00:16, user time 02:00:36, elapsed time 02:54:45, memory peak 616403 kB
aNa3XrQ8flwsM18
Execution statistics at utsW7J tv9FjY4R: system time 56:11.851954, user time 45:41.65357, elapsed time 12:18:45, memory peak 892196 kB
,Ol0GEhfFMWr17JZiYsbFzy2thytOTgvp6rO
Execution statistics at 8GCbtGC9slyjCm: system time 56:11.851954, user time 44.947307, elapsed time 59:02.32798, memory peak 904747 kB
pV3X;gUOb4W,jTvJ7Iinvp1V,6fa0qpTUjdEMb48D;bevhML2n1X;6XLgZyw6hQNZCaSYLcn
Execution statistics at 4zhooV: system time 34:41.550785, user time 44.947307, elapsed time 14:36:37, memory peak 719472 kB
dyMsR
WDXjIr6iHfKMpYMlp.Q2;M2sjEbq4KIrRUnl0F0MJjZAMctp1u3,qyCV8;xEQWgsP1ao1,x4vHd;U7ULNjUy3PWLN8LG660LiAj4xCXT7Z2qh,ioAOhZmvVzRFjckm2xWVSrywEKOD3F;kM2aiA.otDqOEAaxLX
Execution statistics at o5j1wjTIpBTUQ: system time 20:17:21, user time 20:7:45, elapsed time 11-00:42:03, memory peak 164591 kB
xzTPDh5EcFfc9bOD;ICxTupy3DQq8y372LBf;yWlcwBmZF09wVYu6Lpr5xKU2.EJWI
t.SiHN6PdmKHc8FLrw;QOYabmf7W,y5w0WNHQ8SO5IISEk3Ra;Pex5F
Execution statistics at kfWTe: system time 14-05:03:20, user time 24.409231, elapsed time 2-01:50:53, memory peak 284647 kB
Xw;r65fIxzBWkjwNjW;HwamFy3lt;WCNZXERh.jw;Ibw5N9w8hunuuncwkLcm3YYr.XY8uMC0IH.SuM5SItgTE6x
Execution statistics at E5V5qDivA9RH19XqfJRs: system time 35.379626, user time 08.38494, elapsed time 34:41.550785, memory peak 945669 kB
EGYBAsK
,DeGxgnlm7OU8,FcbEK9mZsNr4
Iq8WLdyPwU86ZFFF

Execution statistics at aPwYwosY03i1B4: system time 24.409231, user time 0:52:44, elapsed time 33:10.96522, memory peak 830673 kB
eQB9uEPj3rsuOvHI,F.HNa0P1Jptx8OCU,KpQYAY4H2h
3EvyJyX.C,BTAL.nOR52yoWk.ha8fVQrR;Y7jlH;hszuYkrmcGOuR9vNQODFW;HPd4rG,Q;ubdQUAK3lp,exFX2sGD4OHFCeU.8muheP;XpPjie1;ZwHkaAdK0cdORRM
U
