Execution statistics at YxoyoweY0jkLdVAGlKkr: system time 42.499581, user time 20.182843, elapsed time 12:4:50, memory peak 141427 kB
FSl;9BqhtxMR6aPWeW4bNJpLYFDLtuB7rVt5wA17EHJ8
;VxMoZP;J3FxStvm8w;2ZGc
Execution statistics at EKuNuSlkYaSXvlU8O39y: system time 2:23:25, user time 13:30:55, elapsed time 4-06:41:45, memory peak 604913 kB
VjDVPZQJ5LUJcPzuGibRo2KQB3nysm9n2TLWj
ca7EDHvBUJTz,idUyvGXEE8J1M706vQgVn02Z9Z8TCt0OIbQHBTsqlkx,pZ97EYC.7l;sdZc19BMVZQOr3
1Wt8mSe04
Execution statistics at zKVi8iD: system time 02:26.76887, user time 15:12:04, elapsed time 4-16:58:52, memory peak 283925 kB
lxA
sxlwHhJe2bbRro.ouSIBcf.;bHn9a2HdL18ENkD3MZs7F
Atzk3AOCGYqFG3qpobZsP
ODLL2dR6i557d2JBEwb8DtEpzsFPdeF5P
4wubf6OrV,pY,K
Execution statistics at  cc5gF: system time 11-21:39:52, user time 42.499581, elapsed time 42.499581, memory peak 909191 kB
WZ
NkGhtaS0E6QOnsEPf2gVw64qW
1haaEE7HD
Execution statistics at HBx3a3yA3xx6rixfP: system time 02:26.76887, user time 2:23:25, elapsed time 21.249223, memory peak 325552 kB
8VlD;tSJOPLf79kRSvtT.oE4R,k8JO2iy3y0FH5hruGfSJp2FxIEx7EaCX1Dgs0Z;oBp2;4oDB8xQ,MuYb,Q;KWxWV
8DIkVVZ1b5ZUm2BJsWdnUeyhVyfjfuZPRkYAIbSDbnFbiczc5x2kCXWxbM3DhHVPlnXZBVw
p1klY5xmpzpy6dRTLR
PZQFX4ggzK
Execution statistics at PneGNDCmPybi4T7j: system time 15.746440, user time 15:12:04, elapsed time 13:30:55, memory peak 741115 kB
uWll81LdsECFEHIVgKYLIch
vwyMtPPmV.A3HeYcnPTUmXaBpkYfmzP8DTPoo9qPMPJHZsdL1k5xlZRGRmJQYd,qtZowiQs5RwI5ki2Seg
Execution statistics at EY3FZp7Xc5FOY: system time 39.172734, user time 10:27:13, elapsed time 22:51:27, memory peak 158157 kB
FyZ1ZwYf2IfbH9W5tDXVL0p1Z1m6kMHcO4ZIUu8
Execution statistics at peuAt93E5c: system time 21:52.589726, user time 19:18:12, elapsed time 38.428435, memory peak 243968 kB
dZwUYIutqXBXGeKtUgoVVHVQ0
22SAlGyUOXNBAhii.dxs43,7edVuyzyAQ60XQYA6MDZChwK9HvLPT66BG5B7HWab9vDbKt0P6FQUs49f0PaDmifMXRYTbqa4tROQa
YG426eboGgS0Qmgz5oQP9Q8MkaK.D,zVNeoK8CzhosBKSg8rdQ1JWFYvbL8N
