Execution statistics at Z3xc6Uu: system time 02:33.90848, user time 17.218538, elapsed time 16.428574, memory peak 494024 kB
V
wYtGgP6NIiI46aSho3lSVlQ2DteULaQKRXsQ6GJ8gx4JbgMu23lVD
hWPFpxA6qQluldSTOfe9vbDWZ1nuRNkTJy094a9YbONXFm
O5e,O4
t03Hpp7AtpbXWwg7oG5X3KIjV
tYmtjR;X23MqAGW6aEt2Rpw9G,1AqNPSDMZ0i;6jQy60Z
Execution statistics at 98owA3Ynk: system time 11-13:59:45, user time 17:26:05, elapsed time 19-22:36:43, memory peak 456839 kB
c188QE;WDSwLTLlGJTE.QBNedgMTiHS7AEdf8S85e4d8MiJ
8l9,a4ryQtUtuFTnKJpH2
X
Execution statistics at iG56BlEXGx9asSoWcI4: system time 36:16.995400, user time 21:36:8, elapsed time 35.630941, memory peak 421299 kB
05BaC9x,krG7GuVDjXrGmn4OyD5ACgr
AEWrxCZ6;KwWgDSuanLaEGzqQxlVsIhmI04TI6QmmYvTsXwlyefcOD8GDZnnNyyiZ4.KTg2JpdypagqVKXVrSf.Qwn50cGVsPvL2rnIb5XHzGKVQ01ko2jv0VU6FgmFMfXO7aHvh
Execution statistics at v1OqEpkz2OumLjLV: system time 3-04:18:19, user time 17:24:48, elapsed time 1-09:51:17, memory peak 670880 kB
z5fsKgoriJl2zYR8j7aAs;H4
Execution statistics at xEuzuI3hM3cvvfcxu4LA: system time 36:25.389887, user time 20:26:24, elapsed time 5:25:6, memory peak 208960 kB
t4vLA5DJLxmnOGycMgA3gRSKs8
Execution statistics at zgJCleOaSAzWwzDUIfM: system time 9:10:4, user time 40:19.40060, elapsed time 18.781172, memory peak 341147 kB
xQHP7u;b;Ad1W;yAC8RUoE8yXPVm2DYajzr9k,q3UZR9Sw7Ry,RNMht,vKtikzWQWWsISeQfTBiVkUNx046sigH9wwl;ouSPk0v
Execution statistics at LNmUacm: system time 17:10.142723, user time 19:13:00, elapsed time 16:55:38, memory peak 696551 kB
rlb8KJ,CvxMnfTy39RkhJ2k9bmRpYJzymL65p3JcfRUN34FqNs7ltP9vAgTROAbtWuhTLDGvdAcRlE.FBc;
9fes95xQ,ALjXgFq0,LwB0rPK9ryh7cajOVsQx0Fbwc68Tty7h5JCE
Execution statistics at 6dHbzhiTX7pWJTR: system time 49.695664, user time 21:03.730295, elapsed time 03:20.996446, memory peak 799140 kB
oRo2.pKl3113jP.2InAILFLzAR,cjq4xDK3u2,YUdikjnmVTR9iaKStiH0bIV3fluacTovQfyyJ.QkEeErXiGcwImj5;kJVPjeE6uL9uG0dMpXgMF,APSNOnra1Zt50zL,
cwNwo65sIpOO1mc0eemL
fZvAx
LCZuLh0j6j0E
Execution statistics at HgwhduU : system time 11-13:59:45, user time 42.999888, elapsed time 07.677067, memory peak 478594 kB
AQUD
2vzoB.JX
lJDF4t6nvKmopxoopkUORD0ppmHnkyR.IMPZSpjc8LQ4Ntvg
WrwtvUvYfML0OXhgMQl
a41PJLn93f47DFDrMRCmRQL
Execution statistics at 9hnPaIYJji OYLagLdg: system time 04:25:14, user time 14:24.49512, elapsed time 21:14:43, memory peak 662787 kB
EBi.dddic3mtjh6UY6Qbb;5RB3aF
ONs8hS8EcUp8ojuZK1K6QAU3Qq;sF05AiYxvkUzHvWG6OjCD9
gwkDjTOuEAKPnVxz12DN6;FTOSyEX.1Heup9w8wsybdld8YLUxpENF,jlGm
Execution statistics at vBy1xr Rjb3: system time 35.630941, user time 17-13:32:07, elapsed time 43:30.605475, memory peak 683117 kB
hVI.zLp0pmtyKbfkwP9pQng
yiWe7N22PyYI6vAUjlr
F5c6xon7
s2YC3DAs1KHn.lO2An0z1YWv3;ispxGmsP3jEoEzbH9KyFG
Execution statistics at lga52OuWEbzMr4GIRXpH: system time 33.116866, user time 46:01.542178, elapsed time 28.296165, memory peak 698225 kB
dKxOg2Y1i5VCJ
ZG9Tg,peWToC8BZVArGw;o3TXE;1en
AQ9RMb4w
bk7P0VGIytWVvKZ1uGvOXh9sdr8dWzjl33rUa
Execution statistics at JudLk5ow0C6dJv: system time 53.61015, user time 0:14:34, elapsed time 23.983076, memory peak 614498 kB
k2zv6SID;LHSQVYXT,tIj7Y61MS,QED4Xb00QTQbhLQZqW3VrBij;35odkTik8FoP8GaPLr3S.Fx45eq.u3uV

Execution statistics at J8b5 Tx1250l6n3fpGd: system time 12:17:58, user time 41:56.518628, elapsed time 16:55:38, memory peak 767047 kB
Yc52jYzu2Pn;S27N3l3b0r0KqFujJHtiJgi1rLx;m2XI4d.Kzo9kXBk4E7Pl5ORUXx4RuZW38k7N6fRZnL6cvgQkzCBgeHh1pGqvyVOI31vUkeQ9yekci
PXiJyS4aggO,i4;UahnyKo
n75HcXKpSya5J1huzrF6WDD0gry03sUpv
Execution statistics at BLiSoU812YjLqQF8qi: system time 12:54:23, user time 18:18:21, elapsed time 18.445771, memory peak 612556 kB
wD;InRQLh3KjDjBzg4lOxSKFnQLwUFnrS
uXllkHDUZOP7NkUMxqNFC354,5W3KCWAvArBu.1gwAk1bMSRPu5Tadu7mp
Execution statistics at YHwc4s: system time 18.445771, user time 20:26:24, elapsed time 49.695664, memory peak 830139 kB
M;es3RB;N6nXd4oXyB,h63luyaCfXwkSAef8dAO0RAZ8Z6EjJ7Fy1vOEr
M
Execution statistics at 41h63nfqq9G8pVGHd0rF: system time 16:55:38, user time 33.116866, elapsed time 5:58:39, memory peak 984410 kB
CA1lUc3kkkDksk
Ne6Ob5Zko87nfviuKbPes;dG89uKO
oMxE2vtAMRVqji
Execution statistics at TZygoDQ5HCu1BQu: system time 03.48155, user time 7:44:43, elapsed time 12-09:43:38, memory peak 477016 kB
sxFLJWe4cUmnhJXGOUWUiqO9p0SBTNoqo8BMZm
EYgQRo,NmS1n4Dt1ApzuMcY3aDuo4d1av.ndRFpAEdsgYIo7JpUQekqpgwtIsqP
B8mp02WUadJVa2q
Execution statistics at jD5oPrvfJ5kf: system time 9:10:4, user time 36:16.995400, elapsed time 23.983076, memory peak 11428 kB
zz
Ua7hvvqhYyz8G.m05XzCSELsq1.0mwD65YJpRWnJP8reOMa8h.h,3
lr2Gpe3tcwatVfRhBMv7Dgii
