Execution statistics at jD5oPrvfJ5kf: system time 18-15:35:11, user time 23:37:01, elapsed time 2:22:39, memory peak 659897 kB
J1htrug2xe0BoVNDdOXL;bRZg;3rWB7VZRb75qB
bA8
WO2DYSG7.FYUL;aYest;oL63plhsEz456e2WS3XyU6pHtBW7uEQPg;RSKT2LTHYqIWUn;Hlq16fyFAPgeCvyVRV1Gp
dKd.yLUc1P
Execution statistics at zgJCleOaSAzWwzDUIfM: system time 34.774378, user time 0:1:51, elapsed time 56:38.192462, memory peak 600976 kB
I
g0x
d;k3Q,h8itZ5mLx8zLvt2hRKFjvrcoxBZ8;;8OVrYbYjNFyR.pITnrwCZW.pBO,Hq0sOFXpavRh,,RpTdiBEpx
Execution statistics at lga52OuWEbzMr4GIRXpH: system time 51:48.499867, user time 45.289266, elapsed time 16:40:15, memory peak 324331 kB
z5ipBxMU13NgL84aYShCGWqAdWx9n6QvDu22fcwd8ZiGFVzjvjcGkjfbH0wGXCmSoFIRG5Z

DVAw1PdM;ntHY26BbDp
fZ4uU6;pe;.9iinfW0E54Qnh.WlPmQJHqil6BENJXrJWMcHD2P0VkDKTo2sa1H6nXjoZuuq0

Execution statistics at 41h63nfqq9G8pVGHd0rF: system time 14.865239, user time 14:00:29, elapsed time 1-01:15:29, memory peak 702106 kB
6NRQuFDtbZlvy56,
xmtm8
O4NbwCNvlMXG70f7Kxgh2L5saL0xRUbr
Execution statistics at JudLk5ow0C6dJv: system time 01:15.100691, user time 09:32:39, elapsed time 15-01:48:45, memory peak 958841 kB
QWRtelwQYrVkbNws4ulKskD,BfZ8s8H2.Cb.nKW;WSQrdFQJ9lF;mGmXV52k9U.4zfb
4fJGf
Execution statistics at iG56BlEXGx9asSoWcI4: system time 12:35:38, user time 12-12:29:31, elapsed time 23:37:01, memory peak 715044 kB
,KiZ6eksvZ7EpFqd3btDrFAgT3RBfLe2S1NSZhbOCDF2B9DJ2rZkKG8dt,2N;kTjME
n4kKhJOi5lKd40PcbK.RLpzAJ5J
pk,FnFGNXjDyXN,y,PtUm812eG6yW,JMrePN306I64CiJkMPVKCf
k1d28Hp1PvC,5JJt9i6n1Yv,b
Execution statistics at 6dHbzhiTX7pWJTR: system time 19-12:11:12, user time 7-08:39:58, elapsed time 43.841304, memory peak 180017 kB
j.;IWfpYNMQTR7;QfDf2XZXfS9W;D322mC
1kBrMRLQj9RX4ZkA2nJsh0bffDYCAMaa;
Execution statistics at v1OqEpkz2OumLjLV: system time 9-04:55:49, user time 12-17:31:52, elapsed time 19.752601, memory peak 411579 kB
6IUtVZ1x84,LbY.moiwq3x01qaPOMXnlBlEezU0em0JmtqvqOfD44vyMUUECeCFNUqyDxSTanzwVFLtnGJx9gxcoeiAVOfDljQ7D3l4yE
gTOZBp3F

Execution statistics at xEuzuI3hM3cvvfcxu4LA: system time 9-04:55:49, user time 17:40:19, elapsed time 01:15.100691, memory peak 870617 kB
GL,HoZgoAoXZIwhFrnTBB1Q906qi48rbVg2Fu9zudj,JMkGz7PbUKFSieZm8Ybp3WAT6uOyHW,gIi6Gk
Iq,
5N
Execution statistics at 4vM8eoRQXSv: system time 17:40:19, user time 18-15:35:11, elapsed time 18:38:4, memory peak 441190 kB
I.fSASRTiUhv7iQps.dQ4ny24kq.b9.5
8jl6HMgxuNYaf.AXKm0Wt84d,J2ogP,t4NYwZmL9Yg8.GF31QzMziZia7akofLdRuCn08Ge1XZ5a;xdkP3u0rQZLovLFIlAwL,DEcydKCXH7uXhkMTejuLcpBlQ
Execution statistics at BLiSoU812YjLqQF8qi: system time 10:48:22, user time 19:49:41, elapsed time 18-07:53:52, memory peak 516566 kB
mJwf49M3PU74gy9UtZvZueIM6CY7KD3qLZUyXtIdseU3F81KAvZizgg5Cl8jMhM5YDAjQPCnyEZqWbzDxq,G9XBi.rxDQrvr5RsvU5.qOYR
Execution statistics at vBy1xr Rjb3: system time 19.752601, user time 19.752601, elapsed time 9-02:59:15, memory peak 727743 kB
8rFXEMZ;U;oeqUHzPPT7VAU825eqcwVOk1E8sBKGlSMY53u.QFBmsinM8Vf5;MhALQfedvzRIRAw8
X,zxHFGag8
xm;jZORPu01Mi3THn0nL,6e
r23omAGK4QBeJ,7cFy04wRmziWs,ZPqq58,dgQ801XBV22
Execution statistics at Z3xc6Uu: system time 09:32:39, user time 34.53292, elapsed time 04:14:37, memory peak 275168 kB
HQiJdNWu.UQ5yKtq;juX1XoCP5EpiZqs01nNmmXcEcEi8nHUVp0J0ftvifrFkRYzOh1NFbbjBpK3spmQwHZ8Cy.0k
Execution statistics at HgwhduU : system time 40:10.938597, user time 0:3:8, elapsed time 16:40:15, memory peak 994175 kB
fd8GMIAdBw.mFxqJ,P
;6TytJ9yRiOwdbR1PsXeS7hKMWbCC7SX0DJZFubmLByX51aN
V0;v
jSBLcAZ6NWebPlvY
yJM4;yvXKbpXK6H,dvVfLbTtWjPajg9fKwECsO
Execution statistics at LNmUacm: system time 22:55:30, user time 7-08:39:58, elapsed time 00:00:38, memory peak 26763 kB
9uVRMi
YQZPmX;vvQiwMXfjbSSntuyvDHcxHZqsySyWC
IgIDB0YqaslP2oWlVDfSiOONuQY35Fi;3Iq4dnWO4ok7BPa7eY6rZcqIL
Execution statistics at 9hnPaIYJji OYLagLdg: system time 14.865239, user time 12-17:31:52, elapsed time 56:38.192462, memory peak 692577 kB
ZOFgIkCDGs,E,3rnnRcM,l,DhUxBzmFJ3LyWrK0BB
J
Execution statistics at YHwc4s: system time 7-08:39:58, user time 08:46:15, elapsed time 16-18:26:20, memory peak 640018 kB
tFPhFFmlQefr3TI82whgHIauykcp2pB6Uc3KPx54yoE9xTgmJAPC5En;vY.rB5L2vGNxwaW2vOgQy,o2;KYYqJ6mam4oWT7prjtEDA299.cmQroY4;vZo.E6W7HzjB5o9AdgD
Execution statistics at 98owA3Ynk: system time 12:35:38, user time 13.497890, elapsed time 39:48.546016, memory peak 976282 kB
SKnhYYU0liUqdGA0HEZN;ucgmGsSBX8wl1E4lo
DjSf25S1Ql7WWcNT.CJxapQ0YhbMs;VivtZ647R,lKmri5R6s0j;ATyb,p33UxnBSWcjyND0Kj;p.vYCQ.bDAOgJDKdS;MVFvlv2YL
