Execution statistics at 41h63nfqq9G8pVGHd0rF: system time 4-22:07:19, user time 51.62160, elapsed time 09:01:21, memory peak 501413 kB
uzoURUg52;8Mwew0bPMLVLqsFY6UHBeO2KoMyNhpBMd9q6ZuIm7C1cTdq;sapUcdkEwFk8DVq1Qh;,fe1D;5FoBqSgvkIPptMOFNfDOlkh82E,ynF0qVp8atAoTxYH;PXsHM2.wxfxl9hsx1TEigZrjGFhbqImR2yaxQwExAU8l7g
Execution statistics at LNmUacm: system time 13:24:20, user time 38.825979, elapsed time 50:33.834847, memory peak 938120 kB
Z3a20LxDn6ZEXsF,pi.mJv..Z1iN4ScoCMsNxyJcKcrp3eowLd
Execution statistics at JudLk5ow0C6dJv: system time 19:49.740804, user time 04:01:21, elapsed time 18:39:59, memory peak 622861 kB
GPSq
2YRTmq.zll45AB.5bgTrGSuV1dPLhC.s2fw4G;clqj0sSAWFIOzL2H1a9R4EPPYdLHEyu4BTcwEq;oJENb5P5vh9NAiYVgB7l7wOcwXU1noTTpN2dhx,oG2Fg8XmEHb4m9F79lh7jRnEkKbea9ROfbVNU
Execution statistics at vBy1xr Rjb3: system time 16:07.602002, user time 46:18.462041, elapsed time 2-03:35:10, memory peak 524018 kB
VbKQIW7CZlYc75Mgj;gXV6r;ly
Execution statistics at 98owA3Ynk: system time 51.62160, user time 46:13.192493, elapsed time 17-10:28:31, memory peak 465506 kB
BdKdPYTdV,ipwLeC5wGHV28mT8E.xU9XEuN
Execution statistics at J8b5 Tx1250l6n3fpGd: system time 32:08.794624, user time 18-07:15:17, elapsed time 12.317713, memory peak 977344 kB
7;uox3o39qNPKah0NSSJ47aDvD,uPlMV6n.zcndiZzDc3mN
j5YnhICUDv7r
cGeoASZo2lm;Q8Ijp5Z6I;Y.XdaIWdUeRfmtsAJxJRuK8jJbhzbrE4lvS9OWFVB6N,jE
xXbs3
oAbxneQNmnSz2SU9A2jKq6l7x
Execution statistics at BLiSoU812YjLqQF8qi: system time 46:18.462041, user time 4-00:15:19, elapsed time 12.317713, memory peak 871111 kB
Lyt5uYHJv7;AsmjACCAs1Owl.Gh3uYKhnG6Al;P40RGoSFJv9scJCzBo3Yj1PFKFvI0C;jhydaNyxTN
devGfkq1QfrzqH7Q4BFLT1.QOOG8COIqY7aUkZ,944PWUf10PAwMWgTBao,RUrH
Execution statistics at Z3xc6Uu: system time 50:33.834847, user time 08:29:59, elapsed time 16:37:40, memory peak 520587 kB
Pw;bvnt80qyEaSzvZO.qxPuM22W,TTp9fOIK1rrh6mb08xWU87.;4nASu29ugs2DPjm.MCnZypAaANTKNRLnb4zOswUWWLqaDPi2Agb0I2vx3iAqrzmifYWiWg,gO;Ld9h1LTiJljvL3YCUjvnMyaTWMGc
nL5jNDIBgrq6w6zAGcImy.
