Execution statistics at lekTu5h5RBT6JPwd: system time 21:28:45, user time 15:11:15, elapsed time 1-05:36:50, memory peak 812802 kB
VCTJF4.yr8MscvnOXuQBSPM5YCIxs7RG5qb1qJXDE,BP0HXqm3RPP6tSiKxANRom
hAfplwGfdLzMmTSYRO,olqdYxPNuP
TnmbPtkmAsngA0pZ44jCwBRgjnpvHcePOX5WGSkaUNBupwcLfBKgxCum3jyDhgMG,VymbGq
Execution statistics at kfWTe: system time 18:21.451102, user time 20.132247, elapsed time 04:50:32, memory peak 915362 kB
Jt,xV7NoKjsMUjxrTZKgfH4AlgvX9zySZpcwx1b,feXDCe;xQMMNahe4CngBWPncBTWTXwwkfm2RRM6Hgti.ae6894wrdI
zjL
Hhy0YUXd46EiGMOqTdKsbDKlV56
sc1Nt2kvnvFYdP.hys8GJqEWVSajL3VO4zV9MrW5WyWZDv0hMUWzHV,P
XMoi15
Execution statistics at cUQdnap7aQUswWI: system time 03:16:25, user time 9-08:12:54, elapsed time 11-22:01:30, memory peak 242531 kB
ekKWX8h16SNG9R8bYoL3g2dYJdNYGNwMqz67
Execution statistics at fxDsAxndtJrsZ1: system time 06.938570, user time 49:55.346959, elapsed time 16:20.978912, memory peak 283641 kB
;hyfT3IJmwG6B,MhL05d;YolWJ86mmEhCvsjKegKvghOWxHtCg,cv;KV
DqZmzu
g5GjRwZjOlYBVNvY1V0Uo9Hk,;4Tn7zNvueuBzqE2evXHfsjSCLTz;aT9kjA
Execution statistics at E5V5qDivA9RH19XqfJRs: system time 48:28.635116, user time 2-15:40:40, elapsed time 07:43:09, memory peak 254716 kB
7bh,3CkzFIqqFPi0Z1YtMzVg,nnuejyr9v1JvoL
nl4JPgP4n2muNh92dxwj4mEGu1KGdZJk8ZtDEtophpI;mIzaY5HnlReNHVV7DDl,
Execution statistics at 8GCbtGC9slyjCm: system time 43:42.790507, user time 36.608384, elapsed time 16:08:56, memory peak 981277 kB
MXE,aX
rqXBWNb1T
eCiQYc8,eCzVbAxQeGCUOcjS
Execution statistics at dpymgO5IZbReuYG: system time 8-20:12:06, user time 20.132247, elapsed time 29:10.496119, memory peak 709308 kB
F8B4slZAr9W3lpVq8RYJb6Gch6uF2qo
c5lQeeh.RKNzPveaW8krLGLHhbpvVbLT4NbRuzfaFy76Ohi.h

