Execution statistics at v8fcLpuzMn4zuSL9i: system time 14:15:37, user time 22:54:59, elapsed time 18-05:18:49, memory peak 943928 kB
V26rTq3OmsY3qckKSG0RaK,n4seFYlFYGvwfCsITH1bI6myIX
SvWr6mCOT
fJlwtoS,d5ha9s9eXbHb89nfJh8DV6MNQVaB85tgwYZsmErzZxXxozJTQTghjqNmqdnfmO
plCBs
VZucVPn7k7CVOHYN6GSVQSlRW2SjQhM5R
Execution statistics at rJQ6Wjk2g2: system time 54:30.155996, user time 02:41.339854, elapsed time 20:06.77771, memory peak 765420 kB
G0NQ5OFP0b9fStPnfkNE6RLVWYjNCJw33zDGw0V2Bu1,.h3QeiGHY3ojSkdGCZCH7yj8NBH.zv1acE1JXg6X9d5mL4lkmgpVmKSfQ2Bi2q;3RSpedyY9NUhbuvliB8kSLNhrwMvE
gKfEnPrTUKCzENKXawLRTZ08
gaiRqfke
Execution statistics at npobbL : system time 12:30.157846, user time 14:54:57, elapsed time 23:53:54, memory peak 95240 kB
2U.,O2dSQ1hcx7QJ76ae26uIglR3Ifb,LC
Io
Execution statistics at 4zhooV: system time 20:06.77771, user time 02:38:27, elapsed time 4-15:57:41, memory peak 89370 kB
PQiVrZxG6LCz0iu0a;DD0,XcgjJ4FVen1.nefptX0owsVnBFDd2UKIf;XXW3C0SqP
MZJ3
XB28C47MJ7aXzGm6geWl3TRHsezGLQ
HjmG
Execution statistics at LiEzVKq06VSx4ZE7: system time 17:53:30, user time 49:00.761116, elapsed time 02:41.339854, memory peak 343840 kB
dQsjC.Sh5Te.3P7
El9Vxzd4tgeAgWtjdSlwpvDIh2;.O.RxuPD8ao
43Uv96z0O4vkflheHFeBVdt6scoUwO
d5yTRYqIw,y,26RiKaDIDOMm5TvchVToAoR.;byddSD
Execution statistics at kfWTe: system time 23:02:50, user time 3-09:55:17, elapsed time 02:38:27, memory peak 265823 kB
FYUF5Rvhn,l3j5dgtVWj;M8Ri5hO.CJNS.dBjqHhTj1.Ca8ozy9kawZa2veOPhl2iWpm9
Execution statistics at QzfOhZ uywytRLg: system time 04:53:48, user time 04:53:48, elapsed time 01.905172, memory peak 980469 kB
q
lP7uffJ0Ptq
HfL
nU9zLzu.p3hVEKNKXyv;ZyxrpuAE
xqbzDVuvPWE
5oMp5aOqQHzc2tmZ2EpB77Fg5Qwez33,mznkDy.0cxlfKTXzU
ccYnd0dmjxZaV
IX9
95VZxeRrzFa8T3OAX6IyWKn3i2PIBrdzr3M3abwuN4sk77lO0AzzT5j5,bUa
Execution statistics at WUhS4ZQvmCVc: system time 18:38:41, user time 18-03:16:02, elapsed time 16.292129, memory peak 810376 kB
D
5lwnK,prDg0v0i4CWFWlEo0
57xBleUw2muq1DwTuhggKORnZYFWkNkYEMhHts7
TesWap9is6nTb0s2oc2LwJz8lf84
kM;4CRpd8WGwfWbM47k3LnYq56uR
Execution statistics at fxDsAxndtJrsZ1: system time 4-15:57:41, user time 53.101758, elapsed time 1-06:10:22, memory peak 726471 kB
7IijFVmH3bz6y2qHQQp3N8CEuN8
Execution statistics at cUQdnap7aQUswWI: system time 4:54:7, user time 49:00.761116, elapsed time 30:36.57155, memory peak 719848 kB
VQqujdUW8q
8ZfZj5XpQyImmvIngOie;6AbYUkAd0LMh98;oBXK;.gCOATqEhZVNkbMkAt6REW
Execution statistics at zYrFh4: system time 17:53:30, user time 33.278862, elapsed time 1-23:23:42, memory peak 298646 kB
SoOEPNTLokBBjQdrfBU0qRm1CFj18tq7IsYqR00BqH0,TE2uCfe0Kj5AwRciSMj37s.ji
jHrh3..ha1cbD656D5PE7bR
nxq;FxzHcpn
Execution statistics at o5j1wjTIpBTUQ: system time 25.62774, user time 3-09:55:17, elapsed time 14-18:45:57, memory peak 222358 kB
.HJgve0E,qT6,d;c7nGisGFZTI8UL3HF1U2.b5Op9,A.I6InFNc40cB0wGrJrSVNDyIZ,6FvbxCyD,22fPpWHpPI3ZE6KSByQv2MRFCotfE6K
Execution statistics at aPwYwosY03i1B4: system time 17-16:52:57, user time 6-06:04:41, elapsed time 17-16:52:57, memory peak 867505 kB
dPuUrP;qpkihyvQoXnTT9RIt88dhVCikZ
Execution statistics at dpymgO5IZbReuYG: system time 14:6:24, user time 6-06:04:41, elapsed time 7:21:19, memory peak 760656 kB
KR,NLt8V3v3wRwZniyK0BcwjmxwhLDeUt
KOXyoohfHR9BLp0FjnRx7;sw.ZWTRrNok8XTd5kRTwUEjacnT,FiN;F9tKigDcL
4U8r9kp9aCEH;8VweDWjNGiW4GfYFrOaRifOmV
Execution statistics at lekTu5h5RBT6JPwd: system time 49.921854, user time 43.839521, elapsed time 24:47.747651, memory peak 110902 kB
sP;REUACE7E7esFFUXNogIelSeLjS6E6.;DOpKBx55pB5U1sYDZ;CffVq8e
