Execution statistics at fxDsAxndtJrsZ1: system time 17-09:59:39, user time 5:23:15, elapsed time 12-06:47:57, memory peak 259303 kB
wQpa8V,H8sitVoBjrEX45RDGGOd,XjFdNfu0szX89FL
Execution statistics at zYrFh4: system time 38.113776, user time 26:48.177834, elapsed time 33:38.967397, memory peak 833920 kB
cBoogy3Jii6j;SZj6mcyq.WDHou8tA
d8uEabzhpug7NXQYPB7qC1PKewCM5MrrbydEBAC0hJQQmhasM2VucMN.sP8lj0B1SEbW8QR2ctyZW
Execution statistics at LiEzVKq06VSx4ZE7: system time 12-11:15:55, user time 14:16:26, elapsed time 31:09.393778, memory peak 903837 kB
WQa1ssaLJ9NXeTVX,xWugTiLsrOiLjjPckL0rKDsom94Ui,tyHafRa.neKAXE.xj09rMFO.QaEflIGMqwtx7
Execution statistics at cUQdnap7aQUswWI: system time 16:31.457883, user time 47.979202, elapsed time 7-05:30:51, memory peak 497147 kB
RLra7JSgKYKcBat2ZCHzQBF
Execution statistics at aPwYwosY03i1B4: system time 12:18.392454, user time 12:18.392454, elapsed time 6-14:16:49, memory peak 670454 kB
LjPe9oQcdddzdquh2iNm.4Y8;QZNd38YP7
0qz2vi4Va3Q3W
8lydCxQFDpL8ZqqsCtYpk,Y;5emx41at.J
7AnbiHlaYHa4myJHMniMLGe1T1QdH1FTjAIhid
BwSP90QE7U015GBBa4
Execution statistics at o5j1wjTIpBTUQ: system time 16:11:24, user time 26:48.177834, elapsed time 47.979202, memory peak 459715 kB
5l7.;RnZqPPaWHGs5qM;rPJxokdGxq4LQh,MSRynJ6w4NX51Bkc.UDOMy.F8CfgA4u4Sl36vJcr0BG98N78uoipK8UX64sVxObIk822O9vz1LYOFcK9s,UVYUA,;hMV67qZpbUkWlvvLuzzgu3rrMd9mn;nWs2rEQfd6UsS
Execution statistics at utsW7J tv9FjY4R: system time 14:40:31, user time 53:08.503757, elapsed time 14-05:47:46, memory peak 248786 kB
SbLVj2sTh
JOwWWCQlmnFinDn7IKCk9
Rr.Fbb3npe6y;gpHk;I0aZI
CgE9es.B8y7rUD3
5VUZr;4MCimPyDnPuN32bYDMlEYBMHaXtj2FvXgLik5RXpq1bGQs0XM,CL0LO7Te0B;g5
Execution statistics at QzfOhZ uywytRLg: system time 21:48:23, user time 21:13:36, elapsed time 1:30:27, memory peak 432338 kB
G2E2shhUStypiYUyrtj9Y4s3w
Execution statistics at 8GCbtGC9slyjCm: system time 31:09.393778, user time 20:58:27, elapsed time 16.43880, memory peak 875065 kB
U8JE68ksQl4KnUtY;I6;vchg7z;2VcOS7cY6
SoPc..edl1mcarJaxt8Lnb
