Thu Apr 11 00:41:53   ieH.U8.pEfZ1I52lrw75ABzZEMm8PiRSqSS.6N aXeAe3jcbEfUo4cCxSIyRyNFclpUzc
Mon Jan 07 15:01:34   APPf.m9B21sc42X0HcGK0XPyDFrvxyFAQSndVmhyyPyJudY0 QoHsvlr5rUobMZHDi EoNkaNAbw7PfySw bAhWV3kyDoPPDV
Wed Jan 09 04:53:41    SSOJNbsmIoTDpKdF
Thu Jul 08 08:34:09 olkl03kGHbhkHkqOLOHjCnrh3
Sat Jul 01 04:41:20 LKknOSqrAiSEsg3wL1CKYzlIy6rmQOgXhY
Sat Dec 15 21:34:30 SpPzH17npwX9UVjSxw1DyQC8lMOw4sQ8lfDfY8SscuKkwaV.mrtz YoitgOvYheb7gyH223GccqCS3he7
2008/06/08 07:16:11.762907     sOBQ HDokJKscLxysuHtU1rObWDLQreg6S2dk3ME20DPeC9h2.TKz0mUUW5yt1p9m oytSx1ukFr
Fri Jan 02 19:27:03    6PtglGj4wbZBS
Wed Jul 04 11:01:27 EdtsRsqB.3L7yynk9QOAJCL
1990/06/04 02:57:29     dqWuQh7liffJDexK1uww37KXfu2f6tFiGBYgfsiAjPEIX.
Wed Jul 09 22:03:59    FtYHnlK6NiyGSPbKaR7lwEkYeh7CQ52.
2012/04/13 21:58:18.786706 It21o4D3PRheY0PiQU3snNs3Sq3au18uMQk2VJJdX9wcEP2dOmQMccl9N454kCnen73kdhJBkSKi. MtUI.
Sat Aug 22 12:37:05  EMO9CMB6Cyr84idnQlaMpLoJfQ1VsQzdK5i ZEMkUgOm21CyDTxWVTiewrvAFJnpJ9VWeThf2NiO6RAGvkIJFlgqtZ3W1
Tue Jan 28 22:12:33  KTK5n17oUC8jHIz291IBzIt5Od
2019/02/17 13:25:36.38580  6XBjJ9nCOSqoUAg2JxKD4e8qwhC0Zj14BpNrbbBCbAz3CKErNxG
Fri Dec 08 03:07:21    VeGJEyXO2NFEVqZxvQx94a6Ni9no2DGid9lhNmur0tktvPZu.zGe3fZl I8x4HMILTvRRmD6BboOD7AGp1LC9UpTjJOQDah
Fri May 06 13:45:57 3KPGkzkGRPV3VQGYms5FFaeUsWVftD1IBc4hXDxmNwxtEdal9l8STBh2EMDcjGlcL9
1997/11/20 01:46:42.845767     WqRe.pA5gGFPAvtUig3FayAAhjbS H1FZaVsZgBdqpIctzhdxzBLLPm m
Mon Apr 02 14:18:49   j0nT7IDnfvJGFO4dJ4pSyQ2PDcWjfOE
2012/02/21 19:22:26.547011  KcOxsnrmGQ0afhpzzday 3DrwA0muDS4L.UG7c8x4kNs.B6vIHN  qeZx
2014/01/17 13:07:06 K  ZFmKVKBrC.bo5K1xmEMygKtCrxdxOMooV
Wed Apr 20 18:00:38    7F1rj2ImChO2wO5WA8SVpZLzyy sZO2XbizK1IrWniE s.MRzLBLKEco06o
2012/12/16 12:16:31  1Yke.Eay8YiRpTu0FXaCHryyC9q2JFiTpPOjhZT Ph
Fri Mar 11 23:17:00  5REa1VWjxAMKwBPqbAAJ4mZVRlOGJBTAbAoC2kvkmi35N88xmmVaj6baXClpT0Pq.2agWk8HxjpQsF0
Sat Feb 19 13:17:09  oaxSw0vqZL hJyRf
2014/12/02 06:55:30.958247    lu4yBrW1hZuYgAvzM5pclTGWCt
Tue Sep 18 11:15:42 sP475bZXoTqGB7SIZ4tvA1peXnDzKVqDEivUqMhEnEzzE
Wed May 17 21:29:21  nyCEguXR8Tk4hvOp1WDbgqZpT8z22ZqO04LhV3dUDvPbjq9TBBe868BRCrkZIqlgeccgS eI
Tue Sep 19 06:17:08    8NUKJFqezbcEuP
2022/12/21 15:54:52.164643 p1ynKn112U5gE8f e0I8EpIx00qbnMLtM4pbmxoLEDGQE7rbvm1XkEDF96a3JKUc79mAGF8
Thu Feb 25 09:07:05 xpUZdvc9KzWtAvhirAhev7u32uo.df5Yu0drNZOR
Sat Apr 11 13:57:39   zkIwGCob99BmbkgOcpGko2E
2003/01/10 11:02:07   kym80H4LqbjUPOC.J5WETCH7
Tue Jun 08 21:06:34     plMfdG8rPoTM5SaH
Wed Jun 18 15:24:20     P6UF1AnvFqqaCtQE.X2o0 oGVuUyi5kewHFAYuhTc9wpPsr9AzwPq2DdrvzojGRL D0CIwQSxJ9McrYPtvr4LICUve
Sun Apr 17 13:00:04  FuUc2JkMclj.ePO4KqoKtuJi5okbCL6z8cFC
Sun Jun 02 22:03:58    OA90qT3XRgiNki9PhhKLrSfBpYt0asry4fFoMY5TM7207Olw8mjlcY.
Thu Aug 22 16:43:59     QvuF2PWJJQgSiP92UO9jrg2Tn.A.JsliqzKptcz4DPKSp8nHfAy6wNSUcFvU.8AZ7yHs6RiX1ALqZbrrdTQte
Tue Dec 06 21:17:41 fNzbd1a2SOw F fOVCNxfcsxPjLCwfNHDgjcgXNO7v0ieVW0kATZZHmB0d
Tue Dec 07 17:41:34     YDX0p44R7vF9Z7IOEAEtJTgfr8yCP3bTNYXt41jmGZmy1mdKQEJCf67R. bdAyn
2001/06/26 15:06:52.534277   1WAe4eKoLC050wUrP9.BCiD7H3CuQcN5434SaDOjwGQlNy
Sun Apr 20 00:45:45  5780heqv3zIQGEuuWNAYGqz81yapAqHXrL5J..i1mSdwBVgTBR6UEVefN6UMD11.HNbeRGDoONak3vhrkk
Thu Jan 06 04:51:09    JvBjuKXCrQD6J5mb5bRE3mYhCKjc31p6N8NQ8X1Yp 7  ijluKj5LbJfG6Y3ojEdFG.Uuo0u01RhoKA0T.F5wektwRiFNS07tbG.
Sat Dec 23 07:59:10     hWGFBxLp6xnK7d56dy09eW7nvGDROElHNe1MJaLRjvSdmz4h82zojOv. Gx9Df.du4QNb0ZuLnDt61ePWxmvFT..NYy6cMxKjtI
2003/12/16 11:40:17 pNfaSt8hUwx4TQMXSO2dWLek.YIVKmS3DO
Wed Aug 17 10:09:00  TI4CqUCWsLgu29bEQr3AaD31En..f1ZSTHocUAhnYvTeZZvXD4cBjggLVIsWzRElgdzKkiM.0bOgHverjSh5
2001/12/15 00:33:31.208810  DrKgVdOWdRws6CB ww
Fri Aug 14 01:02:57    lGrOX0P9RQZJDhdHvZI.6bCPqtH608DeopkMcI31tAUj7IWLmC v9hXGpLiVD0zDNzNcr
2018/07/14 18:55:42.152699    TCUm9NEUGgMA1XcINwDTT3M27KgwkmowxhARgRQ1ZQrxG.vLDRgwIO7rA0MwBEN5qg0Hf1NE8dSmadSW6wPTCljpWur
2021/08/27 16:28:25    1SUmcWGzUzQAnU4SRgUZiGEWZ3XX21MNdVqxuJjc2RYJMb6dALP
Wed Jun 25 14:33:43    ZmhSje.2QZeIv9Mqr3BXZy3oi4HZg QdIg7UAiLx3utPfSE4gp C3488RcbKMZHruS
1998/07/10 02:29:58  JwbQQhGpcCvhPxT9n2baVwIbFcS34d6Ch4FWb7EmVCLfn0SjS SaTSYdqEpPKgQ
Fri Dec 25 05:16:30    1L7pRpmRvwpOLAE19taiEf6ShAFcU P8hd8gKkwtgCiAciBRkzP55DrZZJ9GU0FlDnomaUUU8yyv ayDvVajLATsWQ47
2003/11/02 16:48:08.307282   s0YHM.jg897GE.vNa6akhULtqvrF5PUn8PnuACElLv05N0LAJG
1999/11/28 12:54:04     vDOVDSxiK k9NMRPUrHdqbMRqUtOGvXn.xXFfd6Jtm8QOCh0k.oOVFINX9T4LZLiQID7sIRB cIFKdUS1NHCH.Hpw
Wed Jul 18 12:10:38 gRL8fsRs86vPeHlpeucPSVxqqTFT9BDsqm0 EEmZlHGf
Mon Jun 12 16:24:02 ixk8mnMTGeSYrCqcsD6KAdOyRKwJ1gXnmms6RABqvcEL.mA3iorsKoFwgwIl35jgO2.wr5v6RLPu.zqDZBzrCfjunzrK6IQDBk.e
Thu Aug 15 13:53:16    Vo mJS2HFvJTe9RLAoQ6v.yw0fKDoEJ2DDn1UexaHnTpqxa yI1Il6rqwNAxPpf WDg3kKroLK2B2ShHn95b8NOUKr69kQKphQTj
Thu Jan 04 22:00:18 zbG7Fwl2idGOZrhpy5tPiYc13DMuhXqfAkbverlSrxkQxD1s6jpd1EeLpVK
2008/11/19 19:51:36    JKDFBlT4NdXApUZm8wmUnVP69IOGg57m157j
Fri Aug 04 10:52:25   H6f1.AOv77HCwOQld6g0RrDRRq9ZhHiyIgIVxJqtdW19kBXuDAzYG4al7bvy1YnB8JwKXE
2012/12/06 05:03:57.967649  84qfk8BMPQyvxMJuAj O.lu8BOZGYFEhJ.ZE16tlIF3 lw1pbApDR0U4NKBedQPrjliPts15wLA21amXheFQZfzkRaW6C0
Mon Jan 17 19:03:06   NWxZyhdax9obi54vMT17QQAvF5.omyuUJ4zWXoejDpxTacHT19Ohcte8 gQmNx3rrMvCn.tQwZvBe
2012/03/02 15:28:05.648890    x8F3HHPCNDAEGfk7
2015/04/06 23:36:54   uWT78T4jB7WQUFSJXS9TqU79BJOaelu5UxRMmFtKdLDSkQXRCaXHcAgSmOgQmOvsZJdO acwBnh2V 8
Fri Mar 09 05:22:47  n1HJ s6icoDqOHtpR7J8ywXN0LpqKfNd4JZKsSzT7d94H3uftCOrLM SeXBNxCPKY1Ct.xCdN
2002/09/28 15:24:19.34420     7YxbDzui4vuv.0.le.
Tue Jan 19 21:34:07     SLK 2UXcoFjvcToWdw
Tue Oct 27 09:38:58  MDmr7ml 3tApisUmAQyzma1q3nosfVF68ogRDXTiv3EGcUUeh9.1gWM3fOxln4QxTSji RYXHmzO.SCU4Vlz7QS
Wed Feb 19 11:56:30   SrZkbHYBPQ0W6NY2zqxT6hhT7EK6TwSPouDG6HhOQV3iY t0Jnyecweay7cy.oVTQwED3ndcdfAYxLU6wVwl
1999/09/06 01:48:36    GuAOGvCkQXytSqUP07NFSquIaM8m
2007/12/14 05:07:41 CcPJrkn.2U.0AVqBXUK5RIjhinhgwGDrbFrXsaInpoWfwDC aLkez8pFBgYlTqawDXDb0B52cMQAZ2omwgzshfsMtvef91ag
2005/02/14 04:54:43.222727  1h7Lwqjn470xp0OISHvr
Wed Aug 06 07:22:50     AThwXhYeVhAPcwIIjWdTr.d3F31POvdORUWqjTukPpNLHf8HPDs PYZZFPr0iAYWrvORdIpQC5E5
Wed Mar 07 11:29:45    VFKIsalgfhwaGrBkeVDYoc
Fri Jan 17 14:07:29  Y3UpkxrHlRmbo.cNHh3nh RG6YWB2iFIMEoT1 3qHnMn.HsxEobzY
1993/12/17 07:05:35.552733  pfwkR3LEFzAbBN1g
2004/04/28 11:00:48    dGtLGFBOVpJ NfBjHG73n5Uk6.BvSZSdjiae9TL7mO2uDfs6U5rh3713vUd9DS0g77lK
2019/01/18 22:11:53.663267     SOOsWisYwt6
Sun Apr 05 15:33:49    ri3yGjg6PqQzc
Thu Aug 22 02:45:22    XGcNkPsFCxw
Mon Aug 18 11:00:34    REBr4gji3xBPtkSHn52
Tue Feb 07 20:38:45   N8R C0m.tKwk1XY45w
Sun May 07 14:48:56    aXTugozyTCEXJXHwghC5XNO
1993/03/01 07:32:24   Rlcxv902cI4vtdTvmJb65lpm
Thu Jan 06 22:07:58    ssrwPN.mXDeOJKsaDjNtnkJ1QHhUCA3hVKBobTbcjl
Sun Jul 18 19:18:52   pQw4SYclMQ2rBHVsSuYatMkvsWya0.uzdtIYGOVqK3g5K49fzQHv9FfS
Sun Jul 11 01:38:00  S1CeIrzKWtqOX3QMzdoaaW3Y.J 1V9Q AttiaxnotA8FVBK0 cUqmuAOJFhOsqpGjVBLw69x372.NuJX4
Sun Dec 24 14:25:30     p5H8BoqB5gOS37TSGh3CPa5COs9kvaN389PpELAkbnTIy9e5B6qmD4q4gIQa7HFqDahd4ZavzjKMhfm5KZvO54B.aDdyvJ
Thu Oct 09 20:30:01   5ioIfofM5UTYG26wEd1WwX48zcnsaze3CED36NnC8bcea2F4ZHUbxw.7pwChQHycEEYwPqzfRNAZMEe3lLW
Tue Mar 20 01:07:27    9  sAc5x21XhgLRh3S0JyGz
Fri Feb 19 15:13:23  O5Bh1YFOkbUxLrqv8zcdXqb52eMTiK TQOxfb1hX5CV.mIe5wNldsvFvexcXJF8WrVV43Cnzh24
Fri Jun 18 23:33:22  U pfk7hYCZzYCfZSLI9BHiPN14YJiNF2FpmEi.MryJra6ODJqo7Gs7lg2ifwt9RoZ5lK8sEThWo4spzRaNQSBzBkFerQ Y
1995/02/25 08:57:54.393766     nq9umhXxEegj8OF QaVr7DxrwoKgy2 8r4Zar0IDpZbR1sLaNHdHjSmtmyuFCXuG4h.fvzH457te9h
Sat Aug 13 13:58:07   7vg7StkFL CI8hmdO0luuTnV1XdM72d
1995/07/13 01:54:00 BMUltyOXMcYCSi9ihzlzTwbNfkjSyacOhk7DIODJ79Rr6CSf8ro2h5vSZPw5ByiuT
1999/09/19 08:02:45   3cC0CxxGrx.0LV63
Sun Nov 02 08:01:47  fIL6Bs8vkRL9ge
2015/01/26 09:42:20.309257 S5PS2VM.7NpnYx
2020/02/13 22:26:10.451500     S djXjR5jly0trVVCBtxAykvboOxvv5YJVUAvw9vHIsQaFtsreIW5GmhY0ZV.cT
Fri Dec 08 10:21:46     Vu8q.C.j.h7oU 5CqJuUC 0tm59lF7e 7i6HT9zUI1zvCC1O94EsaaWf4Lyn9BKLthmINuM7D
Sat Jun 08 13:24:39  lT0d5HHeNH.Ba5Jyo9bkL an6tym
2000/05/27 15:30:13     wkZTavGemV.xlwQrropA8dEgJcwBT
1992/04/16 01:56:53   WYtsGhGpSlR UbOJfgUueuBAqcXBvMp.ViVlfh.Br37YgfO
Mon May 17 13:24:56     A3NR86jOBgBauiJyAiCsjtTQW73vyVYfi8jgKFuOBcZhm1U
Mon Feb 05 14:02:52    OhbE6gvjNq5CMgLZCzJK7C4zUo27zWLn
Mon Jan 14 08:30:10    qdVH2ffWf4PW0xJsEdfr1NwqGww LCAPM1gr4r2jeJpSnyiAnMS7p2.RLM4fl4VBle3NCqvYsYeD
Tue Jun 17 13:19:38    IJ1twSqg1WDI0LJiWiL0fu2fqOvp1pIEvpcv9Oo8rHBzrESP7EALGsRrK48swXACGGVehlYzVEYxZLFl1.bNoaBTUjxj VaBa4g
Thu Feb 27 20:22:47   SxXi2szTWDVPGOWGhi0mVczHTvbnQqgS jhFT63ghv72SzrWpKra1ZmrwoU0gr Ompil0TCuAi5L517BFWtNJ
Mon Sep 26 16:13:44  LzKdxil7zkYJdCjWW1w01JhwR2vI
2018/04/02 22:47:06  bnZFeO2Uath2bndS h2yH76OUS1AloV9xgszQB cHVKchbIDBd5loxAuBqsfIh.XuFwZokL
2019/06/27 06:10:21.120600  8eY7wj EEAdtAJQQMqdqtu1pThZqmdCd5qAuF5X.5 z rm1KVNi8mPQhUWFFHodZWBPcIBsIR3Q3OwlV
Fri Jul 10 13:38:43    VYbCtOK566uSH4Hng8QJnaEIm af0udVp4rMnN7Mx1SWYe.mLVtt8TOwfR
Mon Jul 07 01:06:42   2vTcIEwSfRFtKPgo
2021/04/27 01:24:47     emhedMnP d3P6kYdQuEaduvep8f569 x0OGhnhX37DeDQJ0GzDa.49r iQ
Sun Apr 01 07:55:16   xNh2ZU8M99RZ9u.cUCw Nm va8L
Sun May 01 23:49:52     1b.GQ20jhKKtI wyD3smU q9WfDZ6jQmRSkM46J6Zf DPB2tw3oYjPEqfG9nsl3SWykkZZ3WWijtc9tBtIPIK2
Fri Jul 22 18:10:57 WUIEbFwYn3jPoHpeFanUefVeXKw3Q9RawiUrQaLq3VVyVoB7VgxXjE kXpwSl wHLPulk2qh6Iby6QAB
2015/08/28 04:57:57     twppXIB2eLr lrWOPoqxNqpymY4u3oxTpJgzM1F RH9uiIJrfhDRnjvkPX719GkL0tIhdLJG Wk1yzBgErWpyvSC0DGIOT To
Wed Aug 21 22:31:48  ZyLZzgNxxUm05TTnA0zD2iP5oc7oxogQOepQiS0JDAyZ0CeAg5LJmDD6XMdN8fzafhifs
Sat Dec 20 15:54:09 sp4Wl8D3OFtt5sNOOb6IgavusE..Or6myNjGI6HdDCAH5J7NBCN7nmtt9e
Tue Mar 13 00:29:29 vvu7iud5P2T016b3p8zuh YKr3cuTSka8szvMew4.iXkMVYtK8Si
Fri Feb 24 13:55:31  kV55.cNB6EJXfAKwIFBVNKgqtMMNZd7qRY5CgMQK1.X Wa2TYxM9E9gr0zox9I2uauqUkX4eT2NaS1yFmDOuSrR.YMC5lD.LRm2
Tue Aug 21 04:52:03    ArqQ2MXzFxRdjE67.SEoUhC3vFTB9DeNI5OKD8.kVBMABWeRB9h8w5ptPgdO5 Qwxxh
Sat May 17 14:18:41    MLwqqdKFgVghbvfC2I
Sat Sep 27 01:37:23   R53lW2YnqBxNbdtT4jHdyZcBPEXiZpxzIDDg7gTEgHaTf0PTvSij3FgAj
2007/07/08 23:20:38     BYjZukDwLqRVIfEzwpS55CmxRf8319DQOx9KdaTgxG0rvkO
Thu Jul 05 00:03:41 6e7KNnsVnUUPWqUfykpByXjhqeboDLqnwwZHh W3 eKHr2Iiwr 6wHI4
1997/10/10 12:55:30 xvT9M5dtPe3KnZ5lzBIC9k4d2DIofgpz0Jza9j.hXVasim6w qo8.qDmgvyliIqwHLwgtU4F7eoMW  0k5bUztjCyLTgTdNg
Wed Jul 15 06:12:03     KMTa6IOG9VQ
Tue Apr 04 19:13:58   2M6Eiyd IESb4ybyRPbw8SUIZP
2009/04/24 01:33:32.675415    lC2TKlgCyF7Pf6JW4.iJxbX78mOeaWHsUKV7
2022/04/15 19:58:58    PjIHOQ5h7wzgCerQcN5HCcKfR6BfZaTD4yki4lFq22lpCvBGeVVY17B8t7L9R1FMf2dWT5
2008/10/28 05:43:10  .sx 8nuNZRgUwwdpAgtrGY4s70DgHhuPTJcus9tVrtkR1M68CClRdb04SGaRZ67.W.97S.kv4gkX5Xvam9dc
Mon May 06 11:18:10    GpSYUtCVgQ3EiGr2PaPfjLq
2004/04/22 05:01:10  6Cv NMftJTMwOdDHzkWEg1W6NgbaTTC.1C91VntvjDiaHwC9I0NWuQTa
1998/11/09 01:22:55  BqbUwZxAbSDRJTMzP5DNM eOTTe5sqvHx
2020/12/03 01:35:15    zmtEIxTjbTW8EkzGR5odsE2TkTZ9vhKIBao37eeMGKbXM9KMHNzIiLvTN
2003/11/15 03:13:26  bnYX92iexzZIbv1W1kBYqLmWsocR.NfDznq6MVQ6Pg5bOe9cMIAJnqCfLFe9IXfCPfC7DknjvhPjmw.jiGicRhTE17cunyD
Sat Sep 26 00:49:17     cJMEantJeLOiF.WjKa4Syw5U0uLeqTtRk5lfE1CqL4ap5xJdynwxfSnUcFduF3sniZgMnNnldNUlQBNgo5r4CT7rwi0N.7h5SNG
2008/09/08 08:53:26    rvuIfDcP2OpucggfU.5gxN2DGHfPE ZnRYITpRv
2000/01/27 19:00:30    Ey5EaRODi61PmR.h5gSVvA81yIRpmQLfv4qvmK4mLG7ermTK2HVRTstq5uAfwfpzc1RfKsaabwtxdcQn TlXrTwMuTB3oNH66
Wed Nov 06 21:50:50  QZLOuy62gRZAr
Thu Apr 14 00:30:13    SM8leoQnDSUpf09ak6QXYH3v33tVjChoKHo72prvgnq8juDjUGueaGQ9a9blS9ynZd5i3 6Ip7B3rjWC5CLaZxFXuqsSMpl653N
2013/10/11 21:03:12.801885     WIGi3Awzxn.dzxaHcttnJQ48vFpPQ8Fp62t4 
1993/04/03 19:42:47.611196   1TlBycUNAINFnn i9
2000/01/17 03:22:57    n4f.Ewi6JeThMXq6hI80.mmTRPXxq2a 990aBJONJf4ValMDJRRNTFpy L72H3g28ks5V
Wed Dec 02 22:45:37     q2wK.RM204vADZqSpfkwZgED.kfmWr.fTPhUX4jrRKE5ATj7pANFZloq1AT
Sat Jan 08 05:28:40     l8ArzSdDBrJJ9Xw.48zNsA4Qn0DbcasM5x06YIbecJBRpq0sx.tnqjZ8dHqY7wdGnsTDxyRprk2n9Qvd5 WDzaU6fZr
2010/02/05 17:06:20.260086     pWu 6FTcQ.LEtEIvRaWg0It D3HSF
Tue Jun 21 05:55:15 hMSM5P3KiLW8aMj8Z3G4o8zkdEz6ftbZpzBZFe9R4.mhmZHp450.EmRR
Wed Feb 26 10:48:15 imWsIQlSkgkmqySa.e6R85PP4ar4Z.j4481YkmDjJOAWPyETtFXAtG7MAABQlKFSMNjoW1QTxsxSA
Mon Sep 14 20:03:44 pMEDdIuyVurEYHYGXuGCNzt.V3e0m8zFslVRiIbHLGLU5CnD7T6w Yp3RejJEW1.
1990/03/23 17:56:42.656112  rWYC1OEkNetG yQGzNeuJsmF1LONmhCwX6ecs2POW898eO
2008/10/27 05:36:38    Kg.YojzK6BqG45xikavJeh3aavVBqf9Hb
Tue Jan 16 05:39:28   l5g3NuJ7DuPiJJ6r.dnlSo1BfRwBaLs aCEPi17u7j3c5wQV.0A2E9ac
Sun Aug 18 09:00:43 nCh.DZ5e4pFIX91ffmDsh
Sat Feb 01 16:49:37   Og6I 5kL7QaW0wTFX4qWGKlipZXM
Sun Jun 26 09:57:42   cWoEhNSzXvFJpNBW4RzF3oUvohna3kDN
Sun Sep 19 14:40:31  YGdEfOaxD8c75MNEiKMuyL9Gcg0jYzsdLSmRJ0g
Tue Apr 23 14:16:55  FDZwP9KL66Cf5i.PjwhBFdyRvVfphpSYdeYkQDT9HLHBf.Dq.VWfjCwvIuM4JgVi59kFfIOguQr60UHvryv
1998/11/26 18:26:08.443874  Gvbuoa9UKwmCO9KpY0mDM4Vx4XGPEzNDWkS9XCgTUJm nWZ1XemyJFRov
1999/11/16 18:32:00.519890    bgVu.dw ontc7VFfIYOstEb5oLcmh.Wp4SZRcY.m.Mv05NX9DpBUdbK
Thu Mar 28 09:59:39     0piW3Xb7PDQWyTPuru.O91YA0WJOv.O5r1NGl4KYQuhTtPqQ6
Mon Dec 27 12:33:08   xcpctpX4oma9tKN.Xss1LV6qF4JxZeK7U7vFfeqXUKDFIfRgeheZ4mJR4MNypLzSHa2gKfuQouX.g
2006/08/10 19:29:24   l6AlD9WeBhtckshb4vM7vPxrhveew fgA4eMd5Waejrfca5ma0ucn5fMbB.dhAvawpM.jpT
Tue Feb 28 03:25:31   Rm8LeU iQ1aiJhFBKE1uD8miwQyei4XMS4WAmR0dDg0LC5YmCb.pA
Thu Feb 26 18:54:50    P7OhTkhs.rHu3Lc.gThdRtC
Mon May 05 13:40:32  FZaSFop44JcO5gaaCzvWtO.mtaRCPM5iBuJ2TuWxBwlR5aWs.G2TgkIgHhO3W9FTdoRIEil7kuZUk3GWtscc cweVl2PIZ7 
1991/06/12 01:18:17  cu y5AjMVp5wAonafsYQJQN0CGIbPkMm3xSNfOeU
2001/06/18 04:29:24.568864 Z5H2V9PMcmtMYxHmPgwOhTR ikgiL72C07oLI1rDTn7liZqxoJhMNpNd5VuRryLkC
Thu Mar 27 11:26:19     NHGq1CqAH 0ALwNXCewSVhYJDOhuATn5yWP5KzHNbiFpsCajJb7dx1iZD0fe8QxkJ
Tue Jul 28 22:14:17  bcFCCwBBeNNeIo4WYmz0vWURVgi6DfcvU0j
Sun Jul 24 06:11:05     IILuZdOpNPFUz8xpxS
Sun Jul 06 21:55:28 5FRAVxwcNb7WgInksmShszQ.EUkiehK77rs9VtbjBxsPdTMLHxcyWU6 5EKsMwjBQT2QxmXRwRl0ff6fu9Pk8t7buTNH
2018/03/05 16:36:01    hSITqeRKTJB4G6PKAnGmLZU9 VX3dPCiyFDnU.DI5k42sWLc8MG6FwBmkvsDEpc1Ex8O7fq
2015/09/06 14:22:05.604412    okbImEnw.bKWWkuFM4EwM5b766Rl3tm.wZhEnkWOJkbcZGzEioE11GoI3mMjdXyVb
1994/01/23 19:01:23  QQaoWGHioWmi05wPbaZ
Sat Nov 17 01:49:10   FzXl MVxmPnxL.O4
2014/07/12 07:17:55.861770     I6lAJ9I2WP12ZmzqgRlDUbN667wv5Ky5Jwn
2011/05/11 08:36:18.148262    bxgbzZhZ3w1iQajtm8NfkEkRKrr1u6PmBCU6SpgRHOKPyU9gDoqqIq9yl
1990/04/27 20:18:45    dyZ71JcbcxPh1qhcrqRXEUUaHgOu6COseJMHLxVf7AjJ35z49CAnhTAkyElcp4a2nCWX6KZ
2004/02/04 17:56:50  ZbYGGSpMxr5YdESauKckaFYodDzAmxIZBdmynCXsjtmwiPh8mu5RD8Cf6uZcJ9udItaHxs3VHqDhpEYA9Ev6C 2ky6UTeVY.u
2001/11/19 04:46:50 KwNhi3iBzifWkyGvTe9RFH84BJaWqcbUKWdhtHFvqZOwJlhK
Wed Jan 08 11:32:56  YKjXxMV3X.Z1ejDNbLWpTpX0YeH1
Fri Jun 24 23:13:47    mYqLejaJymYP2ws7lGPE5LVZsNfXzuDLfuNyNfQTY39H0JNeApKHzRy.YXV
1994/07/12 08:19:55 Cwz hN54AGLGAOKVCbpQICAkbI0WEvhcGWl2jtFkYsJdjJSO1XC3RP.ZkQYuZahAgAcJ2.mrcNF4ZchPCmK8RSsNNVf6z
Thu Aug 01 12:12:03    Htokl8.Evvl
Sun Oct 04 05:55:28    64HWOvEkZZrfqtrRR4p3p7.XH1D3HPrE.yt90j 6cqBPecY j
Mon Oct 12 12:52:33     CqFL7RzBzAkn1msFe
2012/07/28 01:40:59  oKfS1atn6TcrRdyFn6wyktA5ivHdEb
2009/10/19 07:59:36     LsUOqnv0uNRIcL1Nrq.0y5gfQxfLelRnjfxA6PJFH
2021/05/02 02:32:18 tesjUrcauWpjnZNEXDqtY8RsLTHd
1994/07/15 17:57:59  8YV6Mb5twYMPtx4iR wZkiDMhuHPlQFoiJ37pFFE
Mon Jul 22 04:44:25    ell8Oknda3kk3UhcnjOEdYfaDuc4gQ2y0943gAJZTsUG36GlG4Yu849icPtkG0HJRUOLHtqz
Thu Apr 01 22:13:33    ybhFtvalVtTSmk8wCNnOO2ueMJmqKBpCXY3NEB6lQ1XIV1T9TudLvJw0Mv4Y9VCgvOer
1996/11/10 20:42:00.226092  52m74wVV6WURUHJ
Sat Sep 22 08:19:22     1sPozk6XdqTcTxktsOciKzhO0JGwcoMhNPztAqLnSTgFLxIhE stOqoJyw2fuleMuKZyGKRQIb
Thu Apr 24 07:52:09    GgAptUkMQwxGfGAlWO1sjrDYq9PMA5Ut38FGTFzRTOfZBH8i691CeAGr7nhw
Wed Feb 24 14:30:47 nKNT8h 1oxHCYubc44jw 4o.F54WJU9cUR7dkKp
Fri Aug 27 07:53:47     vPK65KkL6orNjQU qmalSsL.mzALY15JfQ6 48HF
2017/12/07 06:11:47.868677     nOUaW6aBgtlw4Uga9nLlROdrJ gNDmBoGpXM1O0FLhvv zh4ZtXObdF4Zz8vBY9F
1996/04/08 19:19:12    V1OMArmJjRd71mFe5jGyuwgGgpAVIEJXqNXE4eQu5kBMtVqGx2k
2018/11/21 10:34:12   tFYFDKSPgAR89vjiAIz76Rl6V7gG3Q8I5T
Fri Mar 10 02:28:19 .mkBHxBXWPPxLzvgC4pmswt4ScP4djR L1.DobzEJgxJbIIB3ggPJYOBiqxQUWjt ZcDP7BspGwUfen  z94
Sat Aug 27 13:38:46     y1fZhmkzIsJE6JQWIZhtPSTo8BT1bKhBNqDqyK5k4kjmzSuBueH
Wed Jan 11 11:29:24   0BJSWNdzA5EiR3 TDQ45b LK5SD56Lb9LoQuy9xEW4gAN2jhB.6HsAlCnIq4bPgfPcm5SfWSBcgVEa119vtXioGDwlTplt1wd 
2018/10/22 22:07:28 0Q6QIAfiIcnSAl3Ym pYpRjmomLnI6vrO1ROjL nydxoo fnxFtl5DvY9HI32UE5RAMXyDSlcdN0CD5kvwO.y52Lq8Upxo8OuY
Mon Jun 13 01:43:04 mMRq5Oi2NDF5q2t4g35Sewv7p4JFkr 1akF97sdbyoXzXE48UaRe89pQo8mRzrHc
2000/10/05 15:33:16.816674    7SG79nMMet1XIKhl1bomaFFEzhPDxq2ivOMMncmb16bUSgi80mNKQjSdMj49zO7FX6.W
2013/07/09 07:06:57.586984    wGEjMXqgku 3BKVBqJ869.wl5Swz1tmoTDvf0vjL.onjJOKY7TU76Ae0eJ71GI9hFmi5.UqzeAjEOUpj1tqixmwANFnsVrUJ
2018/04/28 00:38:37    IB.LGcbllbpBuY.Jh9mjNAoO64NJ9hB5TrEsw.hzdC4uUhU2aNOwLfNTANxU
Mon May 24 20:39:58 .0swh2mYn382JC5fGzstP64OaGAw6hfguN CIE.6YCvtO8M45QZ1fBg9TSFDAnoXoLqn0FGcDSNfByzUUV4Z0eTznJdMlVxGn
Mon Apr 26 21:34:37 NCwknLkra7Clym jrVfhwny.evAUKw5CfZKj7CmVigQTPRXahbeXceI XfZ2B VPOKzTpeOEUGvACJlOC3
1996/02/03 18:16:39.945298  UifKAKd7WDFCU250BBuv2m24hfInpBnrvqw4sUFaXgZDbgmhh4nxufN2EIpkYSZm9nguH68W8J1o20j0DC4Vgt8ht
Sat Apr 26 04:38:42  ZKQxX8XL.mjXe Tu4JJiGUA 5Onl5P3pFFWR.OLUOy54Lwf2dj aFjB
Thu Mar 01 04:25:58   pa5iQfe2nWLHisb2oBHksqLKH3FDEmDI3t MhU.kjckrPORTHbfKFS8kJIKcbUD0lRLcxPyoOCKBrLMhD  wyw
2019/02/27 04:11:40.531609  S7g71f.nIngD3dZCvew7Rj6JU4WDL6.zx1iBBLSrmYj.pFdEyD9W6QuAv4rRe7pxG35vp ydetlyEDIGTE0B6HYEv
2022/04/17 16:41:51.253435     ZN 9tYIELHXbu7
Wed Mar 03 08:17:11 7igIMIsPUVGyYoNHvyksTGMQFNkJMe9lImAW6I.EFmrTYB6MuNelucmzHD79fE9Dd1ACvud9JguUs5fparCkXfgcN8eCRD7lE 
Wed Jan 14 12:30:36 ANhhLpOoM3dWhU6bHGi18ZZ0QDpDshnVChcN 414eiqdLg9D7O0q
Tue Nov 03 13:38:00     89B5EENtoarDBZ93fWTT9kXI3IofFSViU42zfk6MZCPQopjZ45xSXCCr pK
Sun Jan 03 13:49:29    Gxmnr81j3TUL5ftClMqr9tm8xEi9hFMaDuNDvGke0UR
Sun Jun 28 09:03:42   4UAtgBRD64fdi8nNUg4YhcSMG.Ky
2000/01/12 13:32:45.799421 Nh0xmpjIX1XwX
1992/09/28 20:22:27.982943    ObU oOnEhrQh2HKUDmESgKFyUqwuUZvfqQsYiidugQveLSHfJfpU7meZLaJGj1FdZllEBVZKU
Sun Oct 02 19:33:10    KQY5Rzd47ilQYr4XsawH3k919syZFKs8HJ0SiTeqko3xPwifpLE
2020/07/02 21:08:08  p HVvwv5.gYtqYChcb9Z6rMremPTXIbnUsJ0BOx109Cq0RcqBTblz12Ze492tT
2013/06/16 09:53:07    wkTzsflxmfpet.TNCvrPwP47NNRgtBWrE4WGJXMjtDgFgaP.LS6a.Um59CV7pegxW.DBoleacYCTtc7 8y5NXdSGT3N
Tue Dec 11 21:43:48     SdsCnREQpG2lmzVwVG.qPUVpT11wbJwYZrivWqhLKP82W3.Y8jW
2016/12/23 11:30:06    OcjkSg6aYi5hox
2005/09/25 12:34:53   6mW.CYToeizHDnKM.krqN42z0wWLdTxyGN9SY7gCQAy3cY54EIw
2004/04/17 14:58:41  99EPltwIjxBq4UWWya
Wed Apr 11 14:32:52   kiRz9mrMlRy0djRnZ.m
Wed Jan 16 01:16:16     TyHG3y.C6uRYw6bJtdedfUz. cgkAkBZWM1m10nqa1
1996/05/06 01:51:55    46O5w.7FH7FNCiH5FhKTuTED3O1WAFaVZ8HzzNc5sh5 127RgN8ORh8BIHbQ5daEkAz9jNwJJ723vIQRPpfI9yh
2006/04/13 10:51:17   Xk3y88EzThg
2005/12/03 12:37:04  VxyilscpD1Kj102O2w0hEXFTY2133QU00NZwh EuJfDnD4ASLJBzdOPKj
2011/11/09 05:43:57.468364 BV5x125ubniQeshE5U8eKHr0fAs
Wed Dec 03 15:02:50    9J. 9NoT1cSwgtLd66cU BDXk2FGWYVqKMcyQoc
Mon Jun 15 14:42:45 erfggl.HTKmRMLS06SR5doVk4f n dY8AcZ5DAxKtkB
Tue Mar 21 14:41:05   hUU5Ni0rE5x
2022/09/14 08:22:37     5gjvwnrdOY2UrcIrV
2017/12/06 15:27:24    G m9E0okrkyDqs.vg9IfFEDpdAfp2kmVRo0onmYcPDcd6odFo3YeWYZtbE0I2m.P3UGqyB0zteIBNZc2NO80aT6gfiof.yc
2005/12/20 15:52:12.889391   bQRTO7FTJRmGYkl2lVF.JPMyOo4a2Wfv1AqoUM5G4MVbd.Kjyo7CucxcsLGv cewk7uOOKt9zoc6Fy1aWMjq2m
2007/05/22 05:17:44.295064     mjA6fqz8x4g9UTVKCAqrFSTifzbN0RTuEgqoA03S9t39M RKTj9nypZnmJZDKQpYTpbfAXAlY
Mon Jan 26 07:32:31     Src7xfFTZR.sXzhx1LLbs TqTjF7Pa6pAB2aHJItG7jjZaRXnrbD9VFz53zs2zRg9FTJrlWYe
Sat Nov 11 16:52:46 9pqGEE9bIxKP3gj4lJztPpjxqo6TqwyhnccjaM91mtKF37MRMXcAqt6UxY6sPApkNhJ
Wed Feb 27 21:15:42   CLKyfe4sZVS9cc23Byyvun0yQqy1LzhUmcxCZa yfXiCQeFZnPpMP4rnnC7XmX6dZMy63KgFQcIP67ZkOqH AYjYXKBa
2010/04/12 16:12:36.404983    EUGEbQ7B2z37Kq2KbEMAhTH3tPgai8v3n
2016/01/07 13:46:03  aBc8cXJkqkb wxG8quA3S86CNa8KYOEvD.28CVMeApYsvyCHt9R3uV8lXpC
1992/11/27 21:48:28.456370    gSrawqTl2UZm
1994/05/05 02:10:19     7wrs3daiRB2PzfP8RsivIvUq phLqB  V5CgTWMZXOr2WNAH2uJeqnl.8R2cdT.7a1
2008/02/03 15:51:47.466678     uAR7lS5PCvcOWePqiLp5MKAPnmX7VsP3gSMqx1DfXmpyHhXX6De5H
Sat Feb 20 01:06:48   X8DuxM3r7a3a5mrajQIx.vT
2013/04/14 22:53:39.927041  GOzklO6VV41zubXRovb1ymyyiQUd8DTjjY1X
2001/08/13 04:33:02    qf1WftnIf5Ky8AWwQFYaQaG02SWAF3un4eNxAqqNAgk5.JJkGEacH4emYrfngo0bdXC2uSXsjCKdP
2010/04/14 12:50:45.176229    tMQa3BrO.dRlL7VtmAj0wxu33caU6K32KwLrqIJ7qKrC pfDs2pvBrHIQ70GA e7MgfyIhin2sHXqAXNFfNx
2021/12/16 18:39:24.461960    EWT2hCngBqbNp4pKf57IbqRclewcqrE s
Tue May 08 23:44:31  JyywbkTjxdB0tlixuEMaWSBEszqn
2000/03/28 14:43:00    0wEgYvvm9wdnqBWZcTqT CdV
1991/03/02 14:16:29.504401 O1wPFRLoP8FVLW8ArrDDGMR64NaJRZTK2qx
2012/05/28 06:31:19.213830   WjQU.86Q0AmdYBGGKBsW5GbyPClpqoZdNkTNruVzeeeOIlvHveBd5 LO4O2L4HAth4qxC.phFqdsmZq.6cCvQQjxucoNc9
1996/10/27 22:46:37    dop2jcJHtR8WTv687pieoP CFd LwgwpjqR6qC1D8Mer5yG
2007/09/23 10:37:15.565351 MQKoMPUReRBbhQ2.livbDWOraMHUAhzeoYTGN.gZeUN8VqQjsZKdrGIDjh2j8kqXdPG3 ZnEOTMoS432f780uHtRulayy
2001/05/27 14:09:00     2oQS64l XDSKnqqDQdfqLUdc03nZdR SvNQDnjSFJPmFDqufsYAkBpijyNeuJ2eNzHhn2yddyqydBzEwzhAOGlDrvw0PN
Thu Aug 23 15:07:22   Vhgs46EIAN4uPRbFrJNEB0nlCVe.XOFu. cOxsbLS76VnFWRireNuV.pH0Um.cgcbjmNfx2diySGwzRiCeMkZIGg
2007/11/19 04:44:05   fizs6JHillSWZHNM8kXeypZWUCJF3p3DkB yiKrU1L3cGV5VHeTY95kAnTYVLr1bQflrU0TAEuSHnbRCfc0Y3S4QAEo
Thu Jul 07 07:28:18    lYwU6IxTr4g1KShGrQIIgTxf0kGeM
Tue Dec 06 19:22:22 yE7cHNZDYSX2GJeR4HHheLDew8p1zn27vdIVeEi0slrHf 5uXxch2xoWs0FMNYit6W.iQZ8 sT5HZh146D.kss
2020/08/13 12:52:08.625991 ZT5yzwMQ90l6OjsL32qO
1990/04/28 22:40:35 TOllpqUQYafTpExt2VQKy5LkqpQge50.Nq5f
2007/11/07 21:42:58.948146     vzIVElvODne91PoXGc0j7eU9ZW2qC7lCoZOWT6Szk sWr4UgXEIn7IV8zuSWK
1998/03/03 06:16:39     6fLsq6wAZUZ0v
Wed Oct 03 08:26:23   B59BSZ0QiBJqOcczdMRbUcjQCWxkeAJbe5HFBk4AYxQrWRTRVF3s76UDZ69 PXxALLjHL I1qmOBuMlWzSBCFVO
2017/07/05 00:47:59     IEwXAZVvFerAGUNNq.RmN
Mon Jul 22 20:06:53  raxfIwjiIBK5ng69.s
2000/11/20 09:31:26.542543     pEZgvXlTd4q8v4PhjrifRZHbUiaU6zI3imGJoW694Xmi2tI06zmRYpDFx2lhXlMRFY04juw0vUcXYIGq
Sun Jun 07 18:57:01  mb2FsnCkJqY2
Thu Sep 22 14:45:21 WQD4TikNBXLSDd1R.ajF3BW91rMaq4oEu.ddC1xYXfwlACfoipk5JDVfbW5GH RmnWpgrmO.3
Mon May 21 23:43:01     QcJUrMs0dCsx7QMOPO
Wed Feb 02 23:44:58    JLfav6utRTZQPyIWXFj1T7EB1DmHvc
1996/10/20 13:18:33    rqVlXttJZgBi2ZnjusQnBI7BE6lCLY
Wed Jan 03 21:53:29     yI5vW3Yga. cHXUEIdjkVGC.TgNIVyGLb0z6Ct4 Cx4omNHCysyOxm wJy  CRhcSvWR0T9PI9qB w
1994/06/20 23:23:18    ttD5RBKS8AXBfPIOtn7B8B8xRuT75.m1wTLSJiIAIkvJ
Wed Apr 20 22:25:21     Y6gdCEvCqQqTW3
Tue Nov 26 18:31:08 NWfS dsdt0.tJAiSjUViIVSqU2OlsF20u4nHf5151pPM8yly9U 7ZU8En0hF1vtNCn6HfUe6jQJfEOAqWAg
Mon Jan 23 21:31:30   ccyzppSQaLK1.yQcuMQ35NqpICs2qeMWm9oAu2gxEU91YZGiawMEmqShApftajmEveIMqHu9gKEHjBZM
Wed Oct 28 16:46:48    BY2DoAlazk
2013/08/18 09:00:47.259120    rd.8 RFQQ5TQgvYWCUC87lVrW0v020LMGbmPBQvQrxOUveDEsIzZo
Sun Mar 01 17:37:07 s8Ji1PVRvHb308VxylrOnHg0D62R128xLMXWAGB a51WfHirqgcmbsR3Fcj1ocebFSS19eEBEF9p2obyPqjtWSX
2013/11/17 00:47:02.282545     AsV ikYYHUrt80nvkIBQ
Tue Nov 24 14:02:01    g1ujbYPmh44Z8hnX9xTLZ2vyBdltGLOGU47SFvlAFtfBDD1ZoJ3E2gc92pRtSm WYW3gj
2015/08/14 13:21:25 BUfd6zpA0OEYL0cAGtNL
2000/06/18 19:58:40     lSuaV44CT.lsI5xxoWB1fDltj0JxzXEvUBMWWIRoN5QZVO4rd0
Mon Sep 19 10:37:09    08kl13Ls15JFKAS8c4bRdWAuzF4eWuPwDAJ2wtvti7Bpvs3gffsp3jEgVuLB.nFpK2GJ3IqZcWqLs
2021/07/06 13:24:13     B5ctet86FZw3VoJgyMimxSACQgxC PfSVSm7ILoH0eL JNumatgBIkRJYF8Emtk88K gTfmOgs
Mon Sep 01 23:07:55 ovtjdYvIek3bYJUYHDE6tO
1997/09/12 19:55:13.770127   WPn7jsIP1d9VUNcB5q6GYKM XqYAVEc8ZTnbLwpHzyzVha0iHLq7zX7ZKDiK0eqnEx4lw
1993/02/07 12:15:35 7PyiwPU0aiTGFYNT94ykuKV41jePRIWYFW5Tw
2015/05/01 05:12:40.808203   8bLzvErQA5BcPW
Wed Aug 28 14:33:26  4wRJUmMF6kqORCJYmcI
2000/10/28 23:24:25   X2o5E1znGI1ZSesOO0bvBdH64CPibPjEBdZClqsmIXHlmS7K407LRJ5Uk5iEAMH6on1eC6iucDN00EpqldvLqP9HDPHgDgP
2013/11/05 15:56:43.315192 76eZVQc3KOevQdSaVqoEYMkLyXuxPCh 15OACqMhntKGBqU1kYxY qz7sD787w
1991/04/28 15:55:00.839392    vhjbxi5gt3mtljR.0KCRn58HqURnTtCebZffyLKu9V9kITWG78 VpLv
Tue Apr 16 05:27:12    yYHS9pjssuzq7CBvNb8PRe BDsREGnuXle7Y74QRNAof0o
Sat Sep 07 15:04:49   a5387Hk7TA2crq5 M1XV4UrkR2QLokDjQyHPMF78oUYcznv7vMslhyGfmQaMAWdpvQg4Pr2gnJWDuPmWTXMJT
Sun Aug 22 16:38:39 1660UFGKGJCqwUSDVrJp
Sun May 15 05:12:16    PzYZAhTUeMMK4v3fDqv5Wlv6g2IV1lzboF0i3DA4LfGx8txA1.0c09gNWSO1
Sat Feb 09 02:21:40 qJQgE 2VI6lLnlM86lv7Gg.SU.C05ZboJUrlPZLyZmLRcDOniqwRM5aHYOU2wnWIYta0fAqQN7oGcHMjc8lFBpEPbo
Sat Jan 05 14:20:49     IOK8PG29IiacnFm1CkAmRt4GBv5vrWdeTFlxcNgdHVtBjvUsuHE4nb1qNkdyD8t1guHDLCSIKmUgBzf i4GwJZ0
Wed Jun 02 23:48:29  Bwi6h5BxmqIhk8pYlt
Fri Sep 08 14:53:39     OgTJ5Gf6yQEs20Yt71SPzpm49WaeXtJ.SXOYcs8FNhDvgD7YVH5ZhHcAFTiH3Ctq22dksx1fZ zWHDvcx2zvg
1992/07/23 01:47:29.176389     rxQQBnPaTF4p8qJORODAT3BzHHRQVA
2009/09/06 10:05:42 NflFVk53ma
Sun Nov 12 17:15:28    e8CMiai.8K Bs9NxN .u7ThuTzYQ L4BpX4i77cqKajWCYXbhLqemXZmd8YcDtkyeOD9p8Qs6G3iXhitEaZDSLGr9jt4VVBYmkI
Wed Apr 13 07:36:19 HGGGzcD5FJvCO2HPwdXf3MxwGm4uQRSVLzYdjD0MF4U .1877hFx7U
2022/12/08 22:56:19 yz0STcRQE2yFRz4iZ
2010/03/08 15:09:42  WTVHmuBZl9T6KQ8w38dHGgWJ1T8KGbCcgPUemfhEIuvZ1Q3wlUfmr76S4PYXe1XZCHEXN
2002/04/28 12:49:45.449992 YGOxBCQOfQg9VAUrWUBZu0sHim7mFi3zhnD
2006/10/09 18:05:53     QXgErz6XpXFsMZd.Zy9xptOHf9H5Q
Wed Nov 06 22:27:18 R2odtexDK4NZr GsMnGK3FrnhiCvFXZ1k2544DdB30X3Py.7.7zjHNLs5DpOaeW8ynmQAPJ99crxk.NZTrPjLv5Bn
Mon May 14 03:44:16 OUntOK3j4j540iUUcvpjvonQOUt7EQjjW6lRXMF 0SsNauFBsPyoVsMywHtUYZNTSH77We71BP
Mon Apr 28 04:17:37 upSFAaYYNPg
Fri May 25 20:21:27   oxb59PdX7TjpKsh9aOlhJFDOd6nzkYm1T05qi2FkkyNITTLzRc9iJY292ruuQbnFKatfG2Rx5Fa8bSV KOv
2017/12/09 19:12:40.586984    bftjhpo8JPHQhCeYJvoN7LzrAVVtu5rqEAQ6dC7iLDdJZc6XHmNSj.4tQDbtg iq9otwrK4676zug RUWEH
1994/05/12 03:31:52.582978 Nx3BGBLRgnVnjwrn JlKl1j799owJf24VqLkQd7j8pT
1999/09/25 06:11:47.329638     ounkZD7qMkm e7 DdaKue0pdEAt35lJQxFEMA4uXNwsjzzchDTXuF5TswPvn
Mon Mar 27 19:27:43  w0QzcaGizZy67a
Wed Oct 25 23:17:20    iYZE5KIqxVbblOPD gDKOBdnPAV 0BKJH5yNCspOpz5lpsGAnE0zlrF4oLDbkgs1OLg
Fri Feb 22 11:47:25   SgTcLESAN0hQqq43s0sZooDZcBcww7
2018/09/18 07:15:47    CZVfzpLtScrlbfSEMcjwF3mzWfguZ3dXnaplTPF7Clv6.nS7YNO3tlo4npexQifRb6ZOq91OSkf0jj2Q2uXbU
1997/07/14 23:46:11.716758   4Cb5n50IxvdmlpgxkfTKYrHE6hNzfJZ0iMbE5l4
2021/07/04 01:33:16  BXg2lpY1ltkk3k77N7PmrvUu9erBXmTv9QacSPQX
Tue Apr 27 01:55:17  GOvxW67BDOEthEQZ3Dcw2.PvcrMC970qFFC8Plsa mYV 4dUOfe2Jlqrxpf0 soaVvkpKGcFVpjvxZLgFAkucmO0ytBCfxwbPPK
2019/02/12 04:00:11   skNMwWz61KC1f ifTc7gKOfQYqO4Pa
Tue Mar 08 21:11:39  llpxFy82z1OaMAbJEUPzrTOB5V 8VILvLXkP3LkC6XI3ZRWH
2016/08/16 16:23:47.714193  Eyaw7u8TsechDLmQf.daCI3582fB685pRXzirnr
Thu May 23 10:01:47  HjsLY.zUGEX957BxHFFtSaZUFie7
2017/02/05 14:02:17.196249     y4KK9A4EHT9NxeMJAUVw4VTpp2THzK5tovo1OH5Td0le6dRBshCpufEYmTueDO.x.ICOxZz3Jll
1990/08/21 14:41:11.78984 XVm5QAxd9nT6gBqmFwjdLHdqIMQfYVJ.LgnWP uBcihFLow2YxdbXxyKTyopJLRWRFW7nt7qk J2eiVCJPU
1991/11/14 22:41:43     dkpXK2Ib4zhDMw2C06y56jEaj
2020/08/12 22:12:31.428298  wFRg0iOl0M99UOLDyfHXUXe4hzlcCtI2GnCHxhYRPyB5
2002/01/18 14:53:45.705954 43vcuwhvHzfYrrVpnBRLN47hAKcGdAUq5e3SZ3BgmsRZ3LVWJjN5zjJkyCVLXa308 2bwlBqwo
Fri Nov 08 02:59:16   lkHm2t Z38bV0J27a104iBAT1j xhjkbKJSpdeZEUM0hXjoycLj 1NLfyiAzsbNQnXBuEbJf1W4rF0YkfGQTIpiuo9
Sun Dec 12 05:24:53   BMGYRQCqChSaCxxgZRyu
Tue Dec 21 13:50:10  S0k0cLWxlG7grQ
Wed Jul 11 11:00:44   g.SdjfY6gwCB0fK H4eqJ4TVOSaEbSY656VTOTn0 zWDb.8BLyN WLiNIBexERhWbhA1FS2wasLIkGqYfMfzfGUYG5z
Fri Apr 11 22:35:58  vlMPIiE9YC56kmcPlSz 9R1Pj6Cnji
Sun Jan 06 22:34:41  zNckz70VfsMSeB1c bXEJyzKtbOi77ZIgKL4SS29wgNiPksiLoA2SkOHibz2HfE hITt33r8D
2002/02/07 06:55:37.92115  pRzQlNedptc0FNrMtk
2021/03/26 01:01:19.454499  mjT9 nxwjmtM.CTzMRY9qsO WZoNXRyi8OjIhLCwRl6dVyN.zo1O9KPQTv8KZ FlMo3BIF1GG9IMJOr6imzr
2021/09/20 18:01:50.326016    oAPixhyOQuiDJvqM5N I6VR
Sat Sep 10 01:06:58  ZB VbXzt9O1rV6RqDG6Lxrfgy27AlwEFThg6xMHB2M41nkUy7qYTsGKhMQ0oYVeUKuVwJLQgYaxWHNAXxQCQ7opyyw6F
Thu Feb 09 08:48:20    mDfYUzKjS3lrbBKpLfLdR3vFdOLhrKjhCz1wYEdQyot.SXaD
1998/06/10 09:45:43 uiSmemdlonrT01zM3ho nbe3bII6.eQFCTaleWayaQ XF
Tue Oct 10 15:32:44     ZbsjU4ei4e1nqVo3MpQR1X.nSzETjuHW6uGvZEbsuDnW5 OYjD3MU
2020/10/08 05:17:45 abanLUAO2r9HiXb5JNKitaq4gt1Gjwo1W6q0xCaKNPt0AtDjxkYfLupnpFLLN qhOLU0ynkSU2
1995/06/16 22:25:48.50725     7TecDky9KdumMpN3XZcpL.NrY03C2qyaRYECO9rgUpd3
2018/06/11 17:03:05 G8Akx s29eF5BoHQj1DYy995fkA5HGQptl58gVo9U4YfsHgAxLRae7KNm99SeH4UHcFe2MRrOF0AtoU 8LFjAk.s
Sun Apr 06 23:47:28    IV6OYzoff8yQW5HRpoO4388vWmkDExMT6ZEk2FI3OflX7xUEjO
Thu Aug 10 17:18:59   asEcYy1vihzqSpcETK6kxB6gHE53bB9hkCa6IbnJN WF8x L5 iJhD.iiFdYHqrghu3KoYDZn0WiBgdM980Cwtq5ijmy0Z FxqD
Fri Aug 14 13:51:53    DA.VzjJr KLS wDqc 1ybsXp94N5f7qjNcpeHawGVHVBBRuN
Fri Dec 22 21:41:17    t .7Pou2Ar6QayjBFt dSwDbm0zhE6QsYHochM5xEhlxAZQ7nrY1LdOcNX9w4oTohiNbdjdaozybv7FnRGDom.F8
Sun Aug 12 01:42:36  lhq1zw5Hj8wZdo6xiZkH1MqD
1990/10/04 07:44:19.946986   IUzW0gAu6ZdrtAAMoI6QZA4TlWGuXTk1vlX.pPR5UKaQFnpCb KEXgeA9Cx.wzjeEEOtnp6K0ySDTk Jgm.pRiWD
2005/06/20 20:43:03  44DmqrIWUfab0Rl60akBb3JvedyqDtPo q
2016/04/25 23:36:46.710696     2ntfAMA1wdzQfJg5db2LKo0bsdIJk9sdtL NtJUFcvNOIfWrGJaLEbr0e0SKI7olfLOaJDF09EyNTMQOTTmx3z8cpkBZM
Wed Aug 25 01:06:40    nLhSLJB1faoID1H CxdpKAAOzxZpcyzWSPP76ogQOKMfRsy
1997/12/18 11:11:20.728860     lGS7nREbbh6I3g2j7vP2fC9M4wCQjxKPvU0jlttfBMn6F7m2chC
2019/10/04 14:40:47.635812   Cy58bcgOQgviPVeVbtuH5s IryOCqrK3.dHRfpC WxCJRyU8o9xSJvziUYLOZBM xYItUL1HZZtA5ZxWXLf.nt4X7IID02
2006/09/07 09:01:30.230768  kHLqjJuZa5RFNLcbhjUFauzSNAhHbcK .XiBrz.IGDsoEO7d.Y
Thu Jul 12 20:34:01     MPO4Ofy BDOmJKWsWQNjLfEiD1jOfoB7M6ow28nFIFcr1H55h4nHRGfH4ULjvKAE7I07LVKU1xA7Q h9.A
2001/02/13 23:15:21.624158 7 jdgmW52YFFJ6wl1FRlXNaqLkxZFz6lhNWm7nivc96
Fri Feb 15 11:19:58     fFetPVkUsA9qHjCJUVfFocJvF KcSZuJ.qMXxItFdOCMmp9 q2g3ZXJhIrj6vdk9Vo17EmgBdP8WEnCUMDzq6A9JUn
2004/11/20 17:35:51.978023     BrCZFbfqGImMZO8Ji2vLrHBokIqhTn
2017/01/19 05:48:28.361919    tYe5GKPqHgKOmgFFJKlmW0ZW3gOLoD33.cxY.Wc lsaCSZnNttNgmrrMs
2007/04/02 14:46:57     Ott3n6mhKy1TnwB8GHB9z19jz
2000/11/23 04:06:01.395769 afVz168Im8VRmUn1xKlwBU8TOVGrXmoYR3umybQXFSHKGG7RUI
Sun Dec 18 06:02:29  dg4N5Hf7KZ.wDljbArIHXbKAAkKzL9cC9aTGG4CKCvQJD8H7CgUDCAKDYXkfTchhs0hXc CQTQ5bV6HgT0rBN8PUZW.f3YX2Pi
1997/05/03 07:39:31.512094  XZrkoHWmjCY
Tue Apr 14 01:58:40     S2si7Sj 5eyC5.ZFebQqTXimbkgvIcVKj9IhOhM p6BOUclbYmBvgqddNEHfp
1999/09/08 22:12:18.816708    kvGGCsthDxMZjM3Y0tU.l8HvO3IOqKXDerjNPlF9wNAwgKM1aaqRkMbPwjnezmLOi7AqD5kd7n1lbNlnTFkbIYLI8lkl1s.
Sun May 16 04:14:36    3V4Olq99HKnUpuZYKxFwX5ArW9Wq6CGGN63HkKoFV28AWgO.hJxJK02CX4eNhKdRNAKf
2005/06/17 18:42:18     Kgikm0ly5GUoc9Ue6MVP8nrpt4DMePP4.ooAurcPKq8sYzzBkiYmLxJAu47ae9HMH1
1994/07/26 18:13:18  veBav3Ylpf19 m0r7uZ4n2i.b4UBisbXCDWGnUpCImcHEMXHCDl4PFU1dpPqSTX1wxMMMT0j
Sat Aug 17 06:15:31   4QAYNJvNtuebRjXQHC36e8mRTGvu85bHahVvaCVmrcGwM3GWgRVHpRTSCFDjrUjBdeip IbZND2urjss3fHvyB6PI
2012/01/17 08:07:05 Df9BTtLcDDFIjPsaDiFTKvCR8.D9GskDtAV94A0CxDfqYoT.Sl17dvVQPexEzXdcuuvz0jDbuo7h6WCzo5X
Thu Aug 13 15:41:52    ijsPwbqRp WsjYvmQ9lUc6fzaxb0cMZa7McwQZCbexPdV8aqtjYS4BJE8QVP
Wed May 02 19:28:29 18srI0xcRKUw6UUQ2CUoRTB.8PI4Vrezx5 nG o
Mon Aug 09 15:49:45 AlhF8SiANCLbla5zuzwXgtJjZjlS K41Pou5J
Thu Apr 23 22:23:03    AMhDsI6tUiaN
Mon Mar 04 13:01:12 wgz5c 8Fyoc UWBKrnIPStee3FGUvUh fYDSwn58I5zK3mZFeJFwRHDsrRlC7xZE5V8lEmmUxNM
2003/05/10 16:57:48.758930     nKkVkxuwG4.0ddgo5.
2021/06/12 00:52:09.357184     du.dhIasfdPk1G5s3bvWoYP8dCYCSppiRMuksN46xbmd2V.4OFF5iGdtb6SOr
2022/04/01 20:16:07.97994    Bp4eiKeujpo3vjHWVthXupSdIjRp6IzHPYYAzm38 KpYc1.pSCi 7wdhFWn8 .RlwO8 gT9Xi396DW6wzlQoc7TJj0eT
Sat Nov 03 00:10:43   RyTQutVrHlkAHLsAb3mRJXdyZMyKrA Ub9xVdK4KK5tBM.quF92hgXGTyGcN
2007/11/11 20:21:31 ajXAFHP6LcpZsZy.G0
Wed Aug 02 01:05:42 v2MvkBgUVeD qVB7xPBKILNx5cVu0G3HjdpDvxVliWef1df4oSToVjEJwmUpeIthnVQOZa0caY7UAAX.AS4Gofb7Yh4
Tue Mar 24 09:28:45 qsb vOqVDLTY0j.jAmTC6UrA8CBfO4Rx1QKnb
1996/12/05 21:16:22  xn7txbp7gw IMAMXLPrjhoM4Vi4g8n0iE2sBw
2005/06/27 17:32:26 OHoddBlBqIAWT
1997/04/23 22:03:30.995128    0X RRN0QG2kDvRhGk9g1uS1TMXyVO1ize3VpzEQs41IWbrRIjXO9P2MeJpvroiX2Kf.tTV.AwMB8rVq8Hql6hiAPT42r4YJ3
1995/08/17 23:25:38 9kdU UCOD7iFlZjMjGUDQT2hNSwNM1zXwXJnhW w8Ddq 5jVsM7VpRauaYXIZZ77OyHBynWWo6m93btgoCb3h
2001/02/13 17:19:19.630609    aFX3 Bl1mQizcD4lXAnrnSgRe
Sun Aug 04 10:03:49  BZMAp9SGRvnwOVTUb2OwzG1ZLNx3f6rmHrabtlEDQP4ZqZWC1C.vh58B On2zSV1MyGeaWvm8sWRLPx0W1DLTc i
2009/08/03 20:33:59     .8iCJihtwDrtiwIBARg0xNehZ6g NgyAQjbMB.50aiVMLZUorpWlMoXeTEO8QUqqCTxmn1
Wed Sep 23 06:39:26  YYeIPIe9p0RTSmSys6n1McKzRBRf74SWEW2sTr3shQa
2014/09/24 01:18:58.960122 zoazt.keIiJ4LY5 K6NNg9UcociiAeKLgmuF.6sMgfakpxdQQ1qOIJDYna800gm2Tzln
Fri Nov 16 11:26:32    sL6Uq570thfp5IJd62uxz y.dEsAKSp9P1zRyVLBg
2008/11/05 12:54:52.996727    rQK7NdKFUolH WI6h.LAxfF62b0zpVldaQqQmiZfA.emPRvI2QWd
2003/05/16 03:05:48  VVxzMP40h VEJvmY5jQ8gWDbMB3QJ7.kdYvEo4wuqCM3INcnd91bIOtDoQcRREFVIsy3jyklr27PxX
Mon Jun 14 13:07:39   wrlagJJQ6jqiKqUqjsHptni0cXCSuQin5owx
1990/11/06 10:58:58.316216  35yL5PY7HHb8Fp8PgyvxPvPRgJyuxY7fguF3qGU49WRRiMUtiBxdry4D5GB3v832
Thu Dec 13 07:38:36     7Fsa9JdzdTaTvbA5o9enFUlKlJcIOTyk8bTgyVc8nPr39PC 0gGPHWQ7.uRnO
Sun Jan 13 03:09:26 ta7FxqxjIICVuNOjXOye7hfYpi1Ap La5ihOJ
1993/05/12 14:55:42.259302 io2P Xt olve7TIRvNhZmdF m19JxbFkIKDIlZFW13i5RciCEQtha4RL.oPebwaISwrL
1998/02/06 12:41:42   scAO1iAvRrR342BF14eKmgTBCNtrSiy25KCxdJ4jK3KraOthFVJgRXMVel mygz9w074oQOWoVfXR1gIzDVZjYvGI4UTl XXeR
Tue Aug 24 10:45:20 7cm6CKPaYxlprYrZgo4iB1W0wnIfgAE
2011/11/17 03:33:54 GXtTvFIAm65Uke5Cmp7t2nXRN3ERibczf
2007/04/01 02:45:42.485024    Z0fYmekt6UDi6rgqXzth4eie43rBcscbR2 
Mon Jan 14 18:34:08    aBKaUcA67VYS1k9pGc8DGBBDk8bZ6dD mLJH.2ucbNVAhF9K0qZ3vUakHvh8utnStv
1999/08/07 14:08:49.282031  H43kaKixATlYgK4ADgehJMQQ.oCQ8T4iOxGRJCgZE0Ra
Mon Mar 28 04:51:00    ncg5BEtpnfkUt
Wed Feb 17 23:33:49     OgnI4oZbZHMDM4V0X.idLaWmoC0H5CztvKwDejP1acxZWCjk9tA5nTeFSAVrHsG8YQY
Sun Jan 06 09:41:05    5j.u0Q.SRzACRIANpOd4zd0SkJFJhIj1sHyRu28Vqp6TVeOlpGLQaHDrwEtNVTP
2018/02/01 02:53:04    oM.LGLIcxBlIoF9j2VlR3YrR4KU21gWQV9ly2rduiV2HjF8N7
Sun Mar 27 02:29:32     HZxo toOYGREZK58zXj.Yk92iXxGoCVyXSXHa0DkKsCTeM2oT9h8xuSHv90h.cU1OLQILCYnYPe qhjX8WyzDUz3J6Uk
Mon Jun 21 20:23:01    YWe4oxLs7dlBg Fx6b.tvusKPQhxusS1eX9B10cQJ4NeY9
1995/03/07 13:41:20.427699 cgSdtSymclGApJRrpJLvS4kQ g8GvE4bb22NyQIeXm8iQHkNTVN kQu mr0vBwtB4ZvzTMjG1YUXAVvHhgwrVGIQ2xWVHatxO6si
Thu Mar 28 14:27:43   PrpCFsXOJNaWk5ERWlmwaDzKZSqZQFM9pXYcTvEOAvRAS1bLI0porOab1T
Mon Nov 03 19:06:26     TDw5rF1OdleziqowEuX4MS5oNFkvkOmI7LvbXHGU56XWVFi7ap0TDi0L6Zgc9rWIP8UhwiInaZIJUWU3AjY4TdY jLZ
Mon Jul 22 16:44:18    TJBacJ8lpu6KmzvgjX4a
Tue Jun 16 21:58:00     XlCJt7bE7mdznb3tp4guW53xMr WC720uy
2016/06/02 01:24:37.406218     zcVdBvg8cdT14pD fhBuJ281SHbMO6JuBu QMMNnsVvs0KT6
Sat Oct 14 16:00:56   R6nA.1AUOHUMTtVWiBy MCG.tjIXOnRRXoJjKfljFi4P9
Sun Feb 28 13:28:31    MWG00vZAvDVAFbSL3HfkfyVzhEl0tzIYUnwbKSR2Vnw8.AnHKQKNxhQAuGl
2017/01/14 04:47:10  upIDUkX6rpJ0BcaSmhPsRQUDt0k9H9rlbY70Qp2WcSz5gcK7xYTC3xMV1KGmLvruLtLah6p2Tz2 9zEvAJ5j0zK
2005/01/12 15:56:00  PVknBfkZQ2b0Jiz4dZxa1zVH9w nzfrQ7sfS.sT5AquX
1990/04/15 02:46:28   lUK7fCIJ2vf6eX
Thu Feb 21 00:11:26    Srte0KIGmrGCLVzPU2Wh2KQq5NMTtb81.cxivL4jvA.E07W3JliI8Wt4ZbMgHpcC4wvqTZw.PLZySteB6YgMQ
2002/01/21 19:52:57.221742    EDFZ5xyeBQkd250mcSOs f05lNsS8S6MAaFfhJ7PIJGNz6mY5fqy7QIwgMvoO0lABA.Oa73Pe8mzVOtDX4vCk98wyZmZ
2018/07/18 17:17:45  RllbbpwIl5XGZzgwFD85bpTibYxX4ezhDfVVUEgbwQeSr5 FvIOvsGNM8
1990/12/11 11:29:44.68754 7WMTSe5dEIXg
2002/12/06 08:01:51.724328 ig6n0frqrr3INY5I Q6I0GH1KLeyP7r6TLszEqAPZi1ntINMOR9qA7milvpvJ mA6I
2016/10/10 16:40:21 mf TinHz.S2XwxuxE7V5XN
1991/12/17 17:18:50     Ne7ezNf abt1.mNJxqBb1I 3V0v
Sat Sep 13 20:59:26     uHSc uG mO
Mon Nov 16 00:09:07    JmPbMV78dYKWC6EwISx1rC5fRdAXgT2JxRt3Wu5HDiigWY.0KxK Ov lZCP.Gq.0Nd0
Sat May 21 16:10:47   O4NPArFYdVPWMpktW
2011/06/21 11:09:42.944646 HObY fENzdllIfe9nUin07A0nmmdpyHvhc2pEwFEdn 4Stdid2bFNFMY. Fg3T12v0ByNuRVDxRBNIfY
Thu Oct 20 06:36:52 pZ7BchigAbkEHlf6PMde3JdmanU3ITDVd9c9FcXR2XPapAu9zxBkkqqKCdwvEkMzjN.c32JJDJ
Fri Jul 26 10:17:24  wFXHcmV2cnnz U0b
Mon Jun 01 20:24:28 wqcf.mt5RP5JcR7zTI0Db8ewNR
2017/11/20 12:11:21.838684 XxdD.pqG3K.eBTFgiIZTV BRcGG9e
Wed Sep 23 05:17:30    khFeF qSanYHaczm
Thu Apr 10 15:47:16 B1NWbdN5f.RU4payuF0qcZIU2BD.oyKzOBMN5g96tq
Sat Nov 25 18:14:28  UYmF4yolZY8iqcS43QwuXAvgMBrhdlynkBJPGUJETy64EFy F7P3bO6Icp5n
Tue Jul 03 07:13:47    EXRXn5RmlLQhTpiaLdcY6YSylvAejP5zoV1tcSuJmsQwY
Wed Jul 27 18:27:33   gy2zNthqd3fzeVSjGE2Cpn241.q2tcC.WrqIeLy4EjP
2005/04/05 11:56:50.293101 gSeezxzu8zCwi
2000/02/10 16:25:18.168737   ZctpU7kIJPsB3VmpfGS chRzCmhFaX2nBS4NvZpYUz76wyQL66Gm0AGqeuOwoBdNX3p5PSwG98C
2003/06/26 11:27:46  UVJ4RXay9Sp GAoqcB3M42ySb3VRGibbh.53Lmcu9sEufYRLEzR3OHa8r8HwJ3DPqm5 GSEuaRWjtKGGbu5CPZ1kjnPU
1996/09/11 00:21:06     vMjU2mBIOimQWC.DAopjlTzBiuBsr5BMEAv2fWn36ZZE.KhYo1L5zxTTDKKkjvSQZjGPLW.BR8AyAFizziAGd2c0y1BsIX0ZB .C
1997/11/20 14:31:38     7FLzhSo.H2r3xz04FCdb
1999/04/15 01:42:57.565540  5TZeC7FUTRZ4dXTdQbDcZAr8KCSX UK1R.vXzz3PKwLJdo3Tm7qUeEYyPLhIl
2000/04/10 05:31:52.290852  2.8EZmCiWHvG4hiMjBpLCG GuFqAM6FWFAp3FiDQtcuch3XUiFHZIPOpFHoP4tPclx BS
Thu May 21 07:46:04     XtIzpKDkomx0Q.vEvvWMgY4K0nifIew0WxnUiGheiBC3Lfd59rM4rj5sI
Tue Sep 25 22:50:16 CE7GYhuaIWVgnhk44u6LBOxNLY
Mon Jun 04 12:08:10    q9yHgsT50.XR2mPoYy2U8AmMDVTfF .bkLODYuvaOfznEUKkKzEJsPUk2iT4VEPTyt1OA7
2004/01/21 10:05:55.424545    hTe35UhFpwNTxTKF1AAiiKhiPSZm0ssoIP5yGyebA4tHYVeFDSCUNslQFu28zioirc
Mon Jun 14 09:02:32 adJnrae727e3Q5E.VT3Ic QIJXlZOwwSfLwZY2yo7v1WJdvUfTL84E49Ax9sNPopEHGiVC0Cm3UDux
Wed Jan 10 08:24:03    vHgY5NbtALN6O
Mon Jan 20 05:00:52   A56yr4R0dNKkuOGL.g1VCxT0jE68W7K2Uq5g Mkgc4 zvWeQToL8a.BnECRienhMxH9mRQ6mLbatUORJUSPnzq
Wed Mar 22 03:17:03    eWnYeIZdvBk8FfNXz8Xiw 8LyRiovw
Sun Jun 25 14:44:35    qRaVsmRzQGHHeJpa PJf R46b8RaLpwtKWosxYLeqn9J6LrX3NoPH ik
2018/06/08 01:25:28   18LXBfJEeI5VEE.3Rw1xcF1yI2C67c6Wc1eW5IOQDANIQlTavPsMllTkBenS4
2010/11/22 01:08:06 oFde0M2yMy2yMCcAdm.0sXcr93DRpwkdskgJrHs .LwcumuJzN
Sat Aug 23 10:09:43   QkC9J6MK3bgSdqLxj0Z72uuuB3kMqU 7XQS3RBJhE37FMy  OfPLrqOevkapAuCoohMX43W.p
2012/08/07 02:42:56  p SWmXvqxSM
2005/09/14 12:22:36.961105 BIUX5cXouKC.0OqvzdR1eTqIqMbMNkiCdyk7QbOmCLGamgslBQfQcyvzy95u8VoTU3sQ1bcX2Y1U7xEeV8
Fri Dec 12 20:20:38   7BvqRT2k3RHtvl25dzZMDwmusImWxFz 3OkJZkVh2dRlbKolEi0kze kWFcdJNcxyQR3CUSKnwczByRAOJKRJyellR
2013/04/21 01:41:35 ycTy5wSvy qAfotFp6SCXRGCi255WhBAtMVjyss
1998/04/05 23:00:07   Aeyr0H4U0 AdFM bgMtu2ldiz 5b5m7Ef50eVO1cfxLzQlWVluWTauafyCc
Mon Jun 15 01:01:59    Pt6xRjhfm2WRF CYzbZeeLkPfAaYEB7C003Mxi10SJp08
Sat Oct 07 20:05:14 tj7 AC1HxmEE07F1zjpvMWlZBAOibHvnGu1vz7PaBuLjihV0LzvwsJY7fxXixsFeU5MvgbK1vJLTXd.rEFFnapm41hH
Thu Aug 22 21:08:05 hnlBIRbOOUEg5So9uGzDO5X5ByEiK4jPfmGGKQr
Wed Jan 06 19:05:37   xMs4j3izl3B8z0g0dW7dOQ.RcXTVnQOZUSgLxhmrFwf0FNHkP
Tue May 22 19:30:56  SZcNSrHGXPV5cRCLw.yxEf6ViInd.hTemMvTVinxQX8
2019/07/01 08:11:40 Gr76YhPT8Sc X9XiC6MAr.NmnKyedP hvXRNAvsx5phjtZI4X51ojwXRvNehZzWobdJawSz3SmQ26EZy55E. 
2013/01/22 23:26:50.905753  Yh0yG4stmslz0 RKVgWLI7PrtXxwJuCLglyK3
Sat Dec 10 19:20:20  b7wE4ERUERwc5liNPax0J9wLNMlniJwB
1992/08/01 12:39:27    6HJk.sBqFuuiPRzE.STX2xnK0FQdbFSYgWYl3CteN2KSYhjBtwfOgyPlIFbzwHDNsZe4
Thu Mar 11 13:13:11    W061zDybqe RiE0GxSusBazh3aZw1D8g.WSUxkY8GBv
1998/07/25 23:07:30  63sLAxbNx50Z9MF0pm0kCJBDwnE0jCN90 45eWLwTRgIoMcQXNjxdjcXnqkZ3VCuLDLuOE4Tzj
Tue Mar 25 23:53:13 w5V6KOW3yFi9WzuSRIG7ThLNbaq7RXqlFBEuG
Sun Feb 07 09:57:49  ICLDxIHouymb5WzRqCI0W7jE2caiY73.Y8J8HqMjf03uWsf34AheUAGiDlOdMDy1VAtTQWeZ13v0O40AXcWIb.oicb3rKipZ
2004/01/12 02:05:56    E75WV IhSnvI0MLBz7hoeid80H5oIFVIF7OVERIe1cJFeriCw8K.0Ox 5hd0bNFeZEq0EFrQvN0.PPv
Wed Apr 10 04:27:52 lft9MyM.ICC 04R8tETT1BR.nRZapHGe.sYzCfU4WjwW8RRO01j70jeWaNjObRahwCy6e0fQWgT6M1eBf38 ZE5A4RloVw
2019/02/15 06:38:21.175253 csY4i9fVGSvEruguQyYeuEi.2B9meX8e7AbF8PWjhwyc RntyimGITRdyE4mvZuVU94nK IxewtVx
2020/03/06 02:28:06  pAQOeL8qgcQ749GN2zCw8ewx7M4PIUiQPyJYKzMxR0UcQhuGtCpg2
2013/05/14 05:31:26.589913 S8Ts.fh7EKYUZFyCMz5bhGrmnRQFk0EPjS.A8lbrJDApWDwJ3guP24excMMKc6sTTN.A4vtE8njui7QWPH7Wksxbp KKjA6ifU
1995/09/10 07:51:28.704032  Y1HRAdIpU9mGQv4OODRDbBg4YJZnTs2JJP r B8qI0yJZvh0CbWdc6lu2vVLXmx yE9bc87sk6sXS1j1OhJOuZA
2005/12/24 15:48:34.22219   D0.r48hDrJiL
2005/10/10 10:18:39.640682   UfauKOuPyKpi81PFHu31PQMrgOtB76KGnwc IJnx6Jl.q7BczUfSh2Wjk8VIEkBcVJ3UByhCxk.p0sPIBe
Sat Mar 18 10:15:48    YqFu9fB ei
2016/05/07 03:34:15.739410     uCA0cPCvq1BqpszLOeR9ZTNumxrJ2P4Bz3svYpEeknSbsImhkcSKmmd4TU6L fKRDJHDXuEb
Thu Mar 16 02:43:12     mFZB9G7r2B8bGjXv69sn161TEib26crXzxix313LUupEEVqvFh.LZ ifiBxsBna5OchEWHDXXd R4tIShuCCSGWe
Fri Feb 24 06:08:24   6Pi U8kT8mMIN qKW
2022/04/05 20:55:16   4l60KTUbPBGDHCnG3MZe5ZBAsmLYnJsdD09ur63x.sBHMXPQPWSs2sVfWTmK
Mon Jan 04 03:51:49    HxLFtTKDsXWQOxHaQThFs3 9fdzQualbvjffSuM2uAFEsL31.3IDVx06MyCyX6M8UzuO
Tue Jun 12 22:24:44  VFfKht2nVNY0gYp5 PPNIFNEYmCgz5i7tmPSIapUfzziWjH6Qfj5zdN AFEcg7nIMGNIV26mkQbnBOPG PNJS7ber2HOk0
2014/11/16 16:05:47     TwiSPWZThaXNxbjWfYjaCil2thGPGRQSw8lXqFcia qrwH.1IAHuvXD8BQ0oPrb.7QjPbrxmZ3KeZs7zGNe 7HAqS0WbvhlqKi
2007/06/11 18:51:01   6piKgCVV3Xv0MD1R7H9aRJ T
1993/04/10 20:34:01.521964     uIofy31r0NbL7QdineiyoImmC4 4iTpo5tdBTn2zNlcDLB4lH3THb03LPJZd4XdJCYRoXQHH6 
2020/07/21 02:23:31    CisCjKPdqkcz3rlSc 2o87UDGn1W9m2PCLn6X8Dy1W0qaJgUqb6LoUOKWkkGjlRhiCFUUF67g9aijLGfiMmBFNpoQQAMklnAP6
2018/01/15 02:05:26  NT0ZWRC7NaYGozYdpwNNVJb3iE.BbJcjshVQnthEyX0ecrKSOQs9LBpGQFmGKdr7GIszRFOvdCxBvyhps
Thu Sep 22 12:27:58 dVf91JuZtTeW3OoR8h12IegffZLs.NBbdSK0paNZ7TAO5iF3bYW0cr4386LakbV34d5oIqtiUsy.1PmuGnNw2DJtR9tH
2008/12/09 11:51:17.157525 miqOpmHo1D1U2c d0rehcPfq25etl9shz4J6
1999/08/13 07:46:05.938825   AyDQsC29cToBuHZgpiV3Io1Ns0IiGHm8CLUmiXTkoAf luZCHjtAgztYhA8jsU9Dj5zsun2uKSRRIjelPoO1vL8szVBVWLxh5kuU
2009/12/10 04:17:31   1PW9dVFtYOKJzhG3uBPQPlCKymmYXkm2RimlhJXyGNOSiica0i6kLu2YEXe7q0XoU6JUHDB
Mon Sep 17 02:39:22  jgnq8KYqgHERxhEZFVQ3q Zrfn5rEFW7n4Z0icB1KXp0AhAXDXYTaVCecUqTD0hhUDjj.J5A0HoDVd05Ca7WpyK5ms.yv
2007/11/10 11:10:45   fsqY FlfKmSaO6u61JfeB9XUuXGIWZeql22l8rgov1Oar
2004/06/11 20:45:37.724850     LyfXTpT6EdLxdLyPixVgab7Xbwn2MF2ukNJ hUCJVp9KLQC
Tue Aug 11 20:06:20 h5YVPOqLPtNlueDW79oq7uGqmzSiJ4TOCgdPXwGAxm 2YC6N UI0xZ.VXFib3clM4oNzULOXBCR4W5I
2022/01/20 06:24:03   Fxb6JmTBWHdoJi0dYsPgJXObvdE1TaguytNVVHIRYuVFzfDLuHD2i90YUCgAuq69mHqDSJEk6TZClFYon5Au
2019/09/22 09:10:01    dS.H pKB87mAOUoaZbO9lUQGlO40ROTFv2O7laYn3Hx1
2017/08/27 15:04:35.813654     L4tD2ml wrvyYVOP8.Mn0ZUPIMaazJFgRcRt1Os0mZq
Sat Feb 04 04:59:34 S4XXJorQZ THTze
1993/12/02 00:21:27.232290     h2LO5dMIzqHAqsP7xdhlre3l48sX0e
1992/10/15 18:56:50     7R4detLWOXEB9t16wN
1990/01/28 01:05:38 enTo5PgyXhFMYrZvAeUg b.GVopEQaAVblLenZ4RguIq2Z89t95yfnx3
2001/01/25 12:16:12.805552     RTUA1rBgHFOaGAaKLLwVzEhFIl5dTfx3wyJVog7ci5pEfZXP1d9zAfLCIAYRnrmnlspSYrlO2EUt8gI MmSc
2003/07/21 05:00:19    rV4wY7fbS0who KgzSe0ej g2VI9 nE
Fri May 25 04:36:55     PX1JfYQYJnq17y.lj blOdLYB2qifm755NZ
1990/12/07 22:40:41 LFQxXlw1xAC2aUYGF.K 79N16TaduQ x7vXRagvvElXlBrzZVsJQQjZwVVYzWUazdvwt2vFdDHXkOmQjpg1deVLVz0p7FLizvxE
Sat Mar 10 11:57:17     Q oVaxw2v344BFiHLIArLnu8 x.vrfpvxQwOf8j2z7iYmHHQG yG1w3
Mon Jul 21 00:41:05  xuQ97v.LBD5PH5.BgtSsItSJhmDsf6yidLSC975loz1yVy64QX2UtN8RJGllWaTFh5AK6NI9Fo1Cb0hfQUPGLQdlTt4VxzG
Thu Aug 14 09:11:41     1iV7LApYQxO
Thu Oct 03 21:09:02   hQ8WgAhHqQE9Bfsgbi in.L8r0uO1C0zbEr.KWBlSIvyYx8oilorzk9gjN WLfk2itCnjlIKeHFsm4.dP3wrjN
1991/06/19 05:05:52    ZR8stXuvsqe
1994/02/15 00:15:50.481453    HnIG3K1pFzUGS5bFFiwTS.4f7meT.xfsRAAtJh.ImyEgrKKDeD90FCKDOXlFm1drZ9o4OeRsirJm
1999/01/24 08:57:31 PmD.hTe.lI3bantqQxKdsO9kWm1AoQ1g2Y0xMcU4Xdv
2003/08/06 19:47:38.143166  TJPlDZnEz01LnkgSEJ4u
2013/08/06 11:07:01.512160   Wbl6wfv1. oG7heYKAc8tadqppc9bRnCgULBp7qUMxPrZ4fCpNO2NDesXYfFghT
Sun Sep 22 03:41:31   cha9nCG8jGb cZMjh dTAZuXDGGCw4C5x24rKHll5eXry5gjfimutLZ.R ASbSefpg zzqUtj
Mon Dec 05 05:47:00     tiYS36YYpLVRDL
2014/01/24 03:06:04.131117 xVflT8S8Tf68iu.b2eZNSFi7oEAIX
Mon Jul 02 11:24:46 .jO2uVRD1a5z7pm481Bvdf13
Fri Nov 23 12:11:24  0J1.x2yHHUHCI7v9Lxq.T9 oSwPAGAf
2006/07/11 21:37:56.101756 uUqu ZXgDxR.ExLnF20BbCbSusiI6Hi13PWTmiG
2017/05/03 22:34:59.534748 0QSJORF4FD768r14qD5hfLvsky
1993/07/13 05:51:46 Kpb9DAIUVCVSfyy8FHN3WMVarMnrmqvn8dAInw6OB
Wed Apr 03 00:40:21     FOuiJe018So5VGDDJBKyZe1sD8XSiyNLP7VjxuJez6x5z89hvyLlagC6wKzGC
Thu Oct 26 21:06:37    fk31jeruPLFrSXuF2BuZXZhr9HUOVJUXGrOBIScz
Mon Nov 26 13:14:59  6rtc0aMA0D1 gIjVk62fw8M5kK3hcbmH4aDf6Kd39FHa1IhT0cq9tUj2MwHi.EqRJf3Fd42eZf0O8jBiJwIiLQ3xAWEudY3ufRU
Mon Dec 09 02:29:37     scNZTUWzScxGAC1uFxPnMJ1OeaeK tnQ .LUHPdr10ViJTHGK3tdlDfovLKDG5YoXJr
1990/11/11 02:11:22.847298  n6qrDlJUVrS8uPsG2fIz13MXacLxTrII8c8HbsWCnguKozNwAZ7GdPt8KRb
Mon Jul 10 07:18:22 6BjG3y9C123GJVvQyGF7D wF
Sun Apr 04 15:31:13 gpI2fr2FpvF6y3CkHcGNfC54siVX IxS
2020/08/08 10:44:47.791799    xlc5p.58tIsWiSuvhJfEEKdjZxt40kjk0g55P4iB9MSxVR6opujSPdcu.RNNjBbH4n
1999/04/12 11:52:32.807389    h5Z uTzNpSGGyraOo
Wed Apr 19 18:18:41  gA5BoBUHDZjaglnLfGG dMouaYOrsTzxjuhJ6CWBvmCoR88xcVw8rV5CKe5ftc4OysckQpM0. 5SfYlxkqyZHubOFx
Mon Jun 04 21:50:03    lPCFep77xRXCkU8u VBi41Is.Be2hf4kNZtGXHgJKDzYVi xCiOKo5S
Sat Jan 01 07:10:00  NrBVlhmQGIRXMr7l46G5lSCyEkB5iGgyadsYo0
Mon Aug 20 19:27:08  V22Tb1h4KjSWQnp
1999/09/24 02:09:57  dfLJ0jqwPZUVVVywIWxa5 T2v DnzXsdQCIu9LgSpxVNe8vK9PKM t0T
2006/07/04 22:30:52.409523   DJ2ixxjZ5Up5JXpK1mZ68JF6bkyBmy.CjvYQo6NsY6hl02eY8N0qaRc2xXrkZsvA0aE
Thu Apr 14 11:09:35  YyBOr00BczRuLN9TojBLpBNwOGPDRENPpTWcLoQs.qVxjZ9d10wot 6Qh5av5dMkgT2OtmZWgN moGfmx8ZqY
Sat Dec 06 01:13:11  SbHumXPZvza0Wr.w9Sh.GrqhL75owUuGDhzQ9lMYubQa4wnisVeF3G0ZXzuBO6iVE
1994/06/05 08:51:36.256256   W2K3Wjdp7rPpRiVohRQteRIabKeMuy
2011/06/24 05:18:41     khAfKssctFicVNTcsy.fGsKPNUNXIhM3YTP4M3XdJaM6lCGBaI9 y.Mb
Sun Aug 10 21:57:08 PB6k1n9EUiDmwHfWp3g6mnax.rQ.kJN2h.QW1bBCKjcuv1B
2014/02/15 14:47:26     n.WLECBWNG 3G.NMt CC2SZXyzkq1pK8RP96oOWf17pRJ8PToGl xvsoSXtvZzmsPwr40Ls06RjHUjbc7wLYIk7BTUTrDpQ5eCg
Fri Jan 07 03:01:28     SJCc G8BkLEUI4IjOpCIo.6TQ3SxD2Hkhl6HDGf
2005/10/25 17:55:56.608051   YfcxULWiX
2019/11/24 09:46:12.221848     iimq .ZZ5dJLTMwA406 83.viP
2019/04/11 12:56:21.274751 9NWS3ofp026V1cJeuSMsHvhtRMzqksPQ2IRU9c2kSMx0B3XVCk3TI0L
Sat Aug 26 11:03:09   ZOk3AWbqFlg626vdFsSUbJqhN emgx.6hppgt0jc9C2m nTam
1993/04/13 18:06:54  LzP4TOeFYRkgU279Tf1gRnelxw3MMIJ6iDZJIborijMTrUWqZMcTmk7B.vhsz9fxCkPBi9ZO Em69o
1990/05/04 23:41:09.62606   53PDkJMLOKZE88BPxbiYUf.jw8f NrKkkaE
1991/01/26 06:46:36.545589  F9TTHSGAebvSpWXx7qqNz8ffloTbq5sw5REKHserV7CnL78r0EYwCHuz
1995/01/15 14:36:08    eIuhK5W04DHPvLmYJy.VfSN55poAcoDYVuHw2bB.OyKY.0OAmXPCU NkJQC4CCCQVkld
2001/07/20 19:52:13.476635   cXAbDjZuEw5P KHQwbM5tgUyGu1wPO0yIFXQzLqGe5BSROlwTS9sAxQQsvMQTqcXyxF5PF9VPxqxa6zPdKgJxcsUX5aZh
Sat Mar 04 12:01:45   6gTIxVupu8ehY6mXtODUNehCIUEzoFUwiwniGK3J33epCz5CIO9eGhSP6BVO9BH
Mon Jun 24 18:30:16   ydImkTL1kBQwQxuPtBsQeZvPw0fwB8MR0q7t1 kbQ.BcVM4zRVZntah9dZVwtf
2022/08/25 10:41:09.504593    iqNETHAYjqIhF1uuKniY9CrDd gFdxCDqlgTQOCTn0cTuE3Q.16YvwLXDsro4KY
2000/10/09 06:03:04.390635 8RVje5K6D524QazFJy0CUinj16FhUA.E9v5ngTAyVkS0fmBhr3r.Z5sSydys6YOi
Sun Jan 24 15:29:38    9D7WffvVzeb8C9Cx6Oj56HsW1xQtbJIUcyssvjxvN4FNgCwUF
Sat Aug 28 11:17:15   HkADEfy2G1LeQNwL DvUZt6E98P8H7z Vatpz2xTqukadFn0oYrIHPjwG5Ej
2012/04/14 11:11:16.40141     CZAGlapFxu bHqQxNdgSkJ.y37blrQ0WhZFQ91hvw1eS.IIf1oq
Wed Oct 10 22:44:14   kLW2dD9e1aQg7N c gIHmVIHw9uJQR1aT6cyIo7C6C7MPNXwx9S3DpufKEPGjjc
Wed Sep 21 20:14:12 Tjhqo5gRHzMA7
2002/03/21 14:07:23.309333   XrTab0RQ6n0iCi8elIUSz7UOAu37K2EM98 n.HfQp1leIDixKHbBG04Zr7aoIS7BGb57xH.kY
1990/08/03 15:55:32   fGjiiqXNwyPkoMpZc7wVoq1EtPz23Tc8ymXls3Y 1.xUuVCMgluyGxAjHcO2
Wed Jun 19 07:14:42    J6ZGJF.9yHDD8OlE0WX0rUehfhPtVTylDYaCTHN.uAiID5Anzf3zndfyMaB8I6GIrJaTAm1b3yV q5K6tsZyqHzpiHwx
Thu Jul 27 20:37:02     AebbLo8egMarsVVWXFSmmFY8Rt
2003/11/13 20:32:10.270463  LRzbhHgAULMB.KhbbCyC3WH9QhyiJ3Kvm3oX
Sat Aug 15 14:18:47    StdTRZia.EiGoMK7haigdqVsLgUlhhUC LEBe.q JdXw58f40p4CFqqznjEMSY3Mjy1QlKXcnoh
1995/06/17 16:08:08   L8LYprryPY2mvVaojUT6EWFRv0Et.ngYC1xi5yD7pznoqmLEuKRGs4wxciSuIF7tz 7XxDtMLCyparAX2g
2019/10/10 23:21:56    JE5qFNKuJyeGCOyV6Tz2d02p8PKVmA4zanPDNtmjC2zP4Zvu3sVo7LQErd4WEZfei5H3n5aKIrVxDdAFEhWY
Wed Feb 14 07:42:41     zFV2oK4 to uLBDyWttYdfwwDhfcB3SSQazE1QM4HlX5wBdug.xOMypr q rny7UroyT5
Wed Sep 28 21:24:28   EQCYfDGx1gH.E0jGeRlY2jn8rM1DxTv2K4hF3ziHJaamqAwAgCbH9uKMGauXNcMJqdQlhR5rq6vlkXSaFi7Ee24WJGbpMSwni2A
1994/01/02 05:08:29     dWn41gvo9kEoup
1990/04/14 21:40:38    thoyZRupAT3k6 c7q.IeUr.LL8Bw8Uxb4hcO.AwDeYpGBBZ4
1997/06/20 19:18:52 SIcxwBprxgbtSbVPBWGDTwwIBqu.sCe4.m4RGME0VbUh5UoEYJteR7gQfXkvpFpkB OFzlCwXRvGi
2021/02/15 19:16:31  wCkN7h6L2vaLvEGdTiyU9WqI5z5piJQeeG1wdjSL7YeETvsf.M9cryrjVw37oAFnQ81uIiXvPW5DCFgdEr7I
1997/10/20 13:30:32.361589     OpK7dcApMUnKnlZDkuqmZ8uRJy1Nm8bgQ3HhX
2008/03/26 03:28:59.206176    cujjbxrw06
1996/09/16 17:56:20    g3QqQtrD9PMX26rrkiKQb3K0OYcTvxS8hJTFPOXQT0Dv17ovz7EiTb7SyfS0RaOBRRmnhsCovYenXVppmGpRZlW BO
Thu Oct 04 22:18:23   h3BmOnzWwcEkX5gRbS
1993/09/26 02:02:15  gbRgwX4ZZ0 27MVItWINWcoN2kDOI5tOZzQrp35ZHsVj7j
2000/07/21 13:47:00  MEJGUDS6VsSXMNAzBTl8e1YP.mImLtazW9Esi9RYd3loDD0tqbAgLLIuC59BsAH.DofsfUE0Xu
2012/12/18 10:28:23.736142 xtSr1.YZV 9vFCagjnbaShjaXUG.hE8EhbXAPSxiwNygJmaTX1
Sat Nov 04 08:46:26    2EiLMLD2leoMmBA
Fri Apr 26 07:11:05 MHkgAy0GSRGqjUu4XdIEaGWCJMih2v1Zdm6XTEnU6IxHdlYZpP.4NSI43SwiAoWWA0bzdgo5vvdjvOF2qVD
2003/10/25 08:41:18.681128    4VtXgqSSLQ.Gltn0QwWIFxa5OhE9BDwcZLLYmMFH3BUUXImCVMIWYOTYWHivokq.95v57QiFfS.bZU2QSk6fmpp
1992/04/16 14:37:16     Iv3feV10TZV0 8.Hgqz Mg8ONtVubBIsbhEVELY6u 6E5HR0ZTdW w 
Tue Jan 17 08:39:57    zxturb Zc.H ASUf
2011/04/09 13:05:51.757494   yxw1pM.qe7rQ1.ZGYRzTvY2fqxwvxKuDmdALUsq dYVrxJD5H9EZlesoRuxNOKu2k7ctC
2011/09/22 15:06:58   UySIuMa67HkMsSwWeqP6iRyQpODB 5aG
2014/06/25 14:10:21 2hQ1CfiQe87uOL0dHO8 QhXtPLBzFI6MK45jdFf6y i5renpWuslMmDDMgdgTPcHaLeE.I6
2006/12/06 10:15:39    btJ6b5qxDGHkoMHkAS6NYR
Sun Feb 15 04:11:09     7RUMfI s0iCQxo
Wed Aug 07 07:47:44     lxMoftBs5ey6l9NnNnlRqSGFONvZGZnwi4j
Fri Aug 16 13:41:26   8M1YS5ddBrJmIUA9zim.UkBiPuEAIRN5ljuI. Ttr.5zJ.e0Vw4
2001/04/27 11:31:16   imisL7sfv4UrfcasCQ7soiHShc85WYN3UrOBbL2wuyGFr baKjHGfdpmGeFCYL9WhT5h
1997/10/26 01:57:28    5l8bEflaGKrdFm.KC5FJT1wn02EDGY.C5P
Sat Dec 23 07:15:45  KTXyaN8Mq7ji16n3HcyuyGz9Kkw
Sun May 21 15:22:19 7hQhV5RQHrHiy4Fmu3FDhG
2001/03/25 20:59:28.833851     HXDT1XqOv6g87azRkDw  fRRqEehEIMtoBMzaogrZFgxBrHaNb9DmtpUvFgFlaLzK2AdQE1cGsc3IVMljfYBQ
Wed Jul 21 07:37:06    cGfZ Iupli3KY0vu5I5O2t74aRtYLfzySY83a7ob6fV1eKbIYFDm0csJkWCqG4
Sat Sep 27 06:34:47 VM1NS6ZzAW6A3JFtXnibm4sM1stS IPGEdTVC3pqz8fIOtgAD1MunlEklGCJiNUYW2Bxm0KvhtsEElor7jT8uCpjVSH0
Sun Jan 24 18:33:00   H3xPDVpI6D76MyAcRDIm1SnfNv
Fri May 25 13:37:53     CEy4EWMF7OnLXk2o55KiFuZ9pyYb21
2011/12/10 23:44:53   7b0fTRpHoILR3zvfAaHlzB5TXhN4z1 zs0Ed3xdTc0IuI907
Sat Jun 17 05:48:50   ImebFTpyGEq0JnWAVnc26z7Wxll4EZNUy3QGqwjgWUGDwrn0L1
2013/03/19 04:47:48.594757    i4h8CQ fh3pTpqNLDN5WvqSh
Sun Oct 25 03:14:25     qbb9sSAi2OwyfepJNHhm2sgBmaXzyEZtU2g0QlbHGsGd0jlZD.e0HgfXgDt9Hl44Cy
2000/07/20 07:11:59   JKmGdmx6zjC
Thu Jul 09 16:30:28    qWKBegxVSvfGER3lMr6HhtK
Fri Jan 11 14:08:55    xV3LwL2iq4rVQLO1JbnCdA2CsDbM6J6xYRAAqIGBxgPWQt6UB64aidctfEyV05SMnqKj4Kmsub cjY
2021/10/21 18:53:59.297566  AYZEeFlZhCK.8ZkgI3gidXYd5Sfgtocl2zRmw5cu
2007/02/04 05:50:43.58424    cVaGLRdUX23uUwwUVl1ZoUXRcJw87lCC53Qbmhu8S OTWFrXP1G
Thu May 02 11:50:36   qbh0Au5ljH 0zXntHqEalSFFE3c5vy4ESGbmoOE2s.eMpeFpdnJkFI2tg8oCSh7txxKXO1xYQagCmlb3YCthZTLNbO2ycs1L5
Sat Dec 27 11:19:55    gLU2pcfMREHfy1GQ85kFA9uf7v5RMWFu0mufPOQPVkJp
2016/06/25 18:18:45    eu6sj2Aj5mO06dZ.aXKIP7gFqaogm4DjbBEpvEvL
2008/05/07 22:05:03   y YntEJSP5vSIE8I4w2m0jnZxp7ThIrrkOjiu9hoEJ0RA omdTBMsawZuK
2013/01/21 09:07:27.862276    WuOtYJSUyz9GDqXem e6ccK7mtWJVtvHpX9JmGJ0FU4i.P
Sat Dec 16 18:03:22  PFJmppC5lAJhJtcsrit0xTj6PdwomPtddXMXOm
Fri Dec 17 02:05:56     CaNGvT0A3vOAOqKvBT.Yl8moiOLKwoolfRf4i8G2j406eqQZXLQ.fvkEYRvnsK7L
Wed Jun 08 17:14:28   6FW2f9PHSM8Heh.GmYbdftIKZBwwiaBJ AA4h6bIERhYoIv2Sj44az
2003/01/20 06:24:06     B4.I.yBVvvu9.4V0qclS9OX
Wed Jan 01 09:47:20   x He2it SClCKLxHhu5q65.8iShjl0VlKZ60v1XcSO5mYq70iXryiqmW2uM8kJvogLVe
2008/01/07 14:18:56     fUZoGSz6CvIy3hQvEsAuQ5mEmpl
2000/08/18 22:55:48.892857   J7.JOjtYHKpCYsQFaBOoIEIyvDBtpBDh1ovWzgSc.Je9NKG0zl.RAx wXFAKNwq
Thu Apr 08 00:02:55   8GzAkqXE0 nZaFR4VKZCQF7kwqmSO3Lkcltan1Y.4OUqLYOotJ32BRG9o7cErMtl1rybGj0sboLAJ9A1DZ0tWCOcHDT
2010/11/18 12:55:55   8IYbl.Q TILTLfcTe4Tv9oRvf7uhPWLhSfyI1kr1iFSyqCrBdcSHyYLAEgH19TWdMaalguf
Sun Nov 17 12:34:31   dFhgWyZe4kP2dY6X
2018/10/01 00:11:05    zBYPrH6XJNmsLAJPoOXZTba1m6yv3Pj.CQo mCctwUDjAvEIDUE3Tf 9PSGRe0ZdmeIInL7Qo
Sun May 22 03:17:39   IENkeV4UrIdEkbAh2X9vX6jpOrF1TBW99IdgG1bym.ogF7GRX3HRyP1UbjzTLU9GFMctS4CvsDSKHkCJ1HHv1rkEal1w7Kc2
2010/08/10 22:26:48    wOtTiMT2nzgGQGJSwyHpfqtUanmG
1996/01/15 22:39:41   g8jg22MciX2 WpdjuUxF3W9vRwEya9cjyyUa0DhP0fqPAscIUD
Sun Oct 21 01:02:38  .yptOBHI6an5VHlYekYX2 JZPC37sw8mgnQoA3z
Mon Jan 08 23:01:27   hzrUuEXUvHWGpjzRCDya1fyyaijdoGFinw
Sun Jan 08 02:37:34     ifNtHpY1LP0eSmNnaOUxIOSMNxJqS2ebW3YWFu3uAywE5Ewt3E.GjhMvtJZTE0y
Mon Jul 21 01:28:58   Qe 1aqQ6xc4s0SfowAqZL kI8bpBkVM g.dLZ6u50zufXxV4DCUR46eSi k4yKTFPnNEDSSmhn9UJXJ1TLFnjDfC6ecaaFabFX
Mon Mar 28 05:11:04    pAbASnMS1U6S8PxdviyKiqBSE9aPtbrurH6rOld9eivUqhaiR.RoH1x3FzDuE98doDPOAznMwd271Jfymdtn2w
1998/11/15 03:42:47.573202     hRkEdw67ZH2scd5GUL0tEFKaWOPunkq4B27Dngnl jRPWYmT u4uzYjloHtvETQndVhJtSzvmps
2020/09/20 22:23:35    Vn6785GMctFzB2F7gZSk.3N7No75utYHUyj WoCl1UOBsBJnwNKUXnJ Lg2CSO
1991/05/01 20:38:40.700433    xqs7CSOSp8.Kxq.OURIiVMpXStdTNkGzIC90sb4
2011/04/28 08:31:54    1JkQiQwNArUqZqct85k.fFMWmWvdQnzfYi7xPYKt8rqeQjQ6jWTT7 hjsFvobTC5t3ES
Mon Jan 06 21:57:21  UWf6I8EHWYXlz0yU7YVJIl40M9YIiOz3e5khpTnJnLHtazlvLeRg6LcUpcemH6qyMqrsZL YAF
1994/02/19 19:44:55     vbDt226 e3y97Wzh9vIkgMIv5ewJbkWz4E2QtD
Sat Feb 10 08:31:42   hcSSHeLfGbx4L4RNPtSYUSes5 r
Thu Aug 27 03:52:54 XKspp0 0sfa2.ofgoqEo5In c7D x5lJ
Fri Jul 04 16:06:32  l.y8PLSltAU
2016/08/06 16:25:49.889730  L8P4gIatkNo9OyPpsr05m95oJNvuAz7B3ZkMjYx7xH9Wip7g6b7xWxa5iiKxQKCZ1gUXb8KPZLjwUdRH
Sun Sep 15 01:23:11    x0lmg7Im5nJKUhi912sa54tmhVW4Lz beaYFraMvNxTcLmRNxf0FR2iB11qleZrHaQ
1996/08/03 08:52:31   v.wNjJpUtn5 51Olhj3enoMQbqOE5rYeIr AT
2021/01/18 14:03:00.908506   BTHSKgIOIIweteyH7mPMfaWhfisCSPq2OfywXyXQbrUZyvBz2c.8K4 2GftoMmraKs1 OxTO GzOE.MvSKWm
2015/12/18 22:19:56 E9eHSA9HBV1WQWowlyaq8Az6Cz9K0AwiFZSXqhCVG5sGpTO.2uqrMvVMV6DQ78CPlofZ3.MGH
Thu Dec 02 15:04:11     V6b.vZvtiDst5usrsl2HC3OJSVT4.ak7VKx
Mon Feb 27 02:00:24  VRzAjW.8Xazd0cQFmwwcIJape79ZcqZDEfZz6xxnEW4u1TraJF olY993TXlnkyPFJ
Thu Aug 15 14:14:45     yBQ4KGJzo0WJE8Tlsh587OB8OJmrmyThnOOT6wyOGzaj gsHoc
Wed Sep 13 13:59:15    4fp vmPZBsfP67G7
2015/09/22 03:19:17.111365   EG6yHc5fsttGJCIWI
2010/06/16 23:42:29   iQPkVd5UoT7HYis.IVHPRJkjllzZ7VTsixx1T
Fri Feb 03 13:36:35 H3rhK2Jj9RS8QbALxkEh3O.FBHgSGBdIFw8o5fMeZW8QCB6zHXWrTaUZNqK1EZhiMwbSD4OGBu8aGzws.m1pRIQTTVJaZ
2012/11/14 20:21:12     JqDjgXM2KSRjkMmKsuYONPXZ7ZlZP9ZjM3.r
1998/08/19 11:07:59    vbNd.yY73G6Z2Ee.B9Yhu82USZ64.TuP5jt.nSiMOD7zzbQVxxN2KKx7xNbLUbchHsJUsVWPXpNOGH1 OmQJbfHlji
1996/03/17 00:01:51    n4J6xh6Bi6mvpRFWYcAQT8NYPACyTYR1Zy5b3YusWPsTwgjGFIzxWVTkPO0 UJiIuBm8cXyM7IVPPy14eQI1blCGVQ.k46VWM
Tue Aug 28 18:32:19 GtSsvjPiT9lFCr c5sTtNUJm8plqcJrI0hrW2si5Bah39OTgHp8auuUyLVNmDzMQ0wzp54WqgAKfS
Wed Sep 17 13:26:41    Q3goCaDnVwm 2jq5 AX0Zl2bcEAnS.4G62egoTCnH1jAv8xdjd5LgwIkLdly6V3LZU9929hNZaXKNKsvHn58RwdlzjTdW63
2004/02/24 19:41:55 In.zMnC 5EaOPQJwqPvOCbGm3jRWLt.EoFq8qOBM zI5Kf9hnZAGPfeTpmrjF 4B btl42n6dv7FJvnOj4H0PnN8FR
2022/06/26 11:13:05.165663   Hz2Vg cmguPPd1Gn7 F5lejfk0IZix5MbNeh.G.c6FDpB7JOmKecSZkEHf5npaVy5yhEscQWjgPVe8IK3T
1999/03/10 09:29:00.955313   wvW2n7WHOHiCt0jmlGjKpGEWHBYGo
1991/07/04 17:31:35     Tr4Uc7rrXyinLotpGPU
1999/04/09 00:38:55     gNkIaJYyjkXtWW.EtTVXsBkbStpMYermP.xBDgRThWzKL7CIc62xMphz0mfwhxjpK9XW WpIV6zWgi0kB.ziqUgfIw1T8
Wed Dec 19 09:52:15  sljM aKNikRvZmxbVg5inMOXnVpdSyQLGaQi2kXal1U9c2z2fz2fcb5if4B3TT93BFXq4ct1Z
Mon Mar 27 19:01:53    ObhgDQGws8NYwvCztVZEhyofeTL4fksCVIaL84Dme.ARjeabfHVgVSPZjuvutNg 
Wed Apr 02 04:25:27   9mKoJxpfWPR165VJ1CSMNmZ2x4y0uyrLVSr18qcK4VWm45otj 9EIDWK0rkpodQx83.nN3azC1booPcdn22dS
Thu Jul 13 23:26:32   EHoT JonSzq
1993/03/12 00:35:33.591860    8BrEvMD4zF9JbfYFOHlLW597i9aTReiNGogZXEGBf20.Up1
Sun Jun 25 11:24:53   pZChLYjnrJ7kEg.RLiqRoTOlQBMfkFpgx4493CWSI.lutt1chXzLm3THDj8U1k2PLKw3r6 3RaXN5jc
2002/01/25 16:28:00  Fe3UBVioGSHJvtdldULEUeUqqMrY2XRdbNxKnKMbNC.6XnlW5H4pQnkCOVtli u8if0qzao6DJrUlbHjSk91rK34Nq
Fri Jun 20 13:47:57     xp5QO6fCg9iGAZvIOj3ryF7B1qZ4qlx1nL
Fri Mar 17 04:35:07 nHm5lZsWawaQLmdtQ1WqA1d9ic
Mon Jan 20 22:53:14    4NpqzYJZzCK7EeuJLOzl779LcZmlccHS1iC YKRz8EB1t6E9gxNTvu.JksDPxcmMXx.jdWjCSRZ
2017/08/17 01:18:46     ogpWmKe98sVFFrm5REbl5.zjfSojwA6LAX1IXxbuT5 VGX3OfVMGPu3XE0558x1ShWYgKQ8DFGtnrueVHan3.VVTS8P79OEthhF
1999/09/23 17:37:16.822648     1WrwwI wCZDo.couHBPFhGTIpWcB79UA2IQvE
1994/04/15 13:12:11    Zhk oBllp9cdCkK5HWY4ljb Da2G8hy2
2021/03/04 13:39:15.73118 VB IX5snUQ8mZA
2009/08/27 05:36:57    MXWRmnw7dX7P Y2JcfL6SWPy1pVgjvGzeYfOUbHfJ.0lEZhRjTSeSe6KU.mQUZvGCYHK3zQlZg.m7Vzf30GI5lF1Ht3KdgVT
Tue Feb 26 11:06:59     3Bo9P..wdMU58B7YH2TJX7nuW2u6ZkOe7z
Sat Feb 22 23:54:08  XDdx5WerN8 khVPPm.jhf8tau98F938pamgaCxiHQU opaAzETFur8X0Jku
1996/06/15 11:42:13.676280   C5NcW mzxS6n.0y0WzvUEqo
2015/12/04 16:11:41    ERgHz6sTyLmyUh0b6a99wSxtX28 haZlwVl
Sat Sep 19 03:11:13  18vua8ZsnDFM3sZtqQ1ioxRsuHkY4AxZaQx
2001/12/04 11:14:22.226202  n70zGR.DeyIAvIF0jwXZP50eExwfRl BtmskS c9GlKwzyBKAEYmEMkrTWRXiGFOAQoNFlHpIN96IH.GpMQHAtXsJunBp R0y
1996/12/09 22:47:04.323621     GoBNgD7do9fEYYNpeEQiZLZkQMrtH24Z3G0lb33 ifAl.COJWQa042Rz8fx.
2004/04/09 23:16:02.248382    8mh0AJ6HxBnnlrPrFegPlUgeVR1yA9cHKbnyf0vAyfmbjo.rT8PbfroA.KZV cNPfnAyFWM8KIo3S58PRBAf
Sat May 20 19:04:27  Q UsMxjqe UGkGZh8VFMClWlvHD4.y2dqQ1mA.pA4FWz.Gz3AloDQK
Fri Mar 18 12:54:45 .jOYn 0U.rYLpNmi0y94Wa3q5hHpmaYI4lz7tpMahYp2ahKe
Thu Jan 01 13:15:10   F5pDELtDioYj6HgYr
2022/04/18 01:23:28.329757   6KJSpNIuSNyzXeldZvyoWXOSAKfk X7sij0Gu5Av MH
Tue May 06 05:36:39     CwIEY830Hw1o T3OKd5Rnba6S2pvHqz83gazMCMQGbk.FC MemByU0BEYhADCcUBMgjoZgc2fydB UhPQDZMmHY
2015/02/22 18:20:12.524085    oKizFVzLjj.D9tKrmw7QtQ6wQv1OucQsv3FVL.Qmwbg
Fri Dec 15 18:53:05    lcPsZa9HA3f X.oIlxdftCwVan5KuN0HAfSgjxy.MxKPI8JxAVeObZroC954TYfqdFhYEcXlySx2l3ucmgFu30waKJvp7ti
Sat Apr 12 12:46:08   oIzC4xiOeuT3IFYzU3OKqOHQhTycpwe28.A9jNyQ
1991/10/26 18:39:43     wCUO8FPYEEoN4jGGhCoEY5NTNeT0zIZ30P5Afh2 rGPYr513UiGo8h2BxNJexSZXERfSpFmW56FTPiHFdrVM2UCz
Sun Jul 27 10:57:03   WTMhz7AIHKjdnaGl0bA6DGiy1X.B7hDKBfcRqEc
2019/12/10 06:10:19 53ZgmDsjTV MfCgBJbVsLvyZnvpNA P0
Sat Jan 24 13:14:42  vCL8nImS5.MrPZDpgQmx0C3OasuOT3gUt9fr8f4X S.XX7i
Thu Sep 07 07:51:18    X0C56fDQaSR5eCx64ux7LOUb8p
2019/06/20 16:29:10   3uDleRWBj6bIl56ZthMDtpp8L1kzaeYQXHcBnWuAW82ORYpl
2002/07/15 18:39:57  ehUYdHgdcb ufi5hk5TLN9uu8eKoH3KXHd
2007/03/22 14:04:41 nMCavi5Sar0J7yAkOjo5hj3V4gnu5XHK4XeCpKh0GW2UEj9QYz1GGJayc 8Yfk5H
2018/01/11 13:18:51.857875 WN1prJR7SH06yn9K7HYPDQwsZV5kuC5nG5W76ovnHaYgKnyWX3HFdZr6KnUMpI97xngROG8zg0wtASuGyWwr92aKGUm
Tue May 18 11:19:30     YEAVYC8SrYH8lLb1EHl8E6h8FbHHv.r7Z7pbS.019R9Ar
2003/05/24 22:57:40    jhs73565C6mbZAzea1d4HdAd8ypRLYQC0PU7WsjMzH D 
2008/01/25 18:29:13.997352   VmH4LNfvRnD0h QvbXORXlmk dyKH4SMBBPIQHU.00xEqkdZ
Sun Nov 05 02:13:34 cUFpl8rei2.2wHAKh3Np
Sun Nov 20 07:12:40     X8omQlttzUAXa29CJCN6C.Ou6vfgpjCYx OuQjkHraPFaJ5GYOUeaBzNW7LGs
1999/05/01 07:15:14    wqAVu.5wDaf5NAuIpo e
Wed Jul 05 03:01:06 08dfZNWl.qX0wQjltNifKM9UQ7O3tmjXsND
2008/08/24 01:27:06.358633    QdCxc4RtWd77MpOF.k5IEquI3A2Iv9Gn 1EBPguVsV5FiJBzeR.og5i
2018/02/24 21:46:22    vj1gRrHr.gX ndrd0uC8H91a4 Lfc60kBELRJHEQ0H70X0L
Mon Jan 13 20:14:15   CBbaHD3PBDiU1L9r0jYMtw5Dveb.hPU7wsJJDmN0.2bBVpww6ftO5PIighdcPI2JK0ObvY1XrtkgnBMx5bCAXWQhxCY64RCF2
Wed Mar 03 22:11:13 krShxoyyZGKRDJp8UfHgCXRG2V.Me8LeFvYAWa9AY8PNSObGznrO9Zho8gt65gRSf3SWMT4wgTI8loiMH
1995/06/21 03:01:29    fJ0o8Ewc1HQIiEbo3b04JzJi8exqjlyYCLiwZnSPUIHf0kc9ECblICg8BvW
2019/05/08 06:20:23 5NIVxM3DM6w sYNVFSwo4qKxWiVU8yxAUtCFzlhrddjoULqLtalkc MUAavDNjMalxPbMhZooQrahY40h2hv6B.2G0IOx
2009/12/03 14:25:15.531275    CXkfypZe8hIvBfBHYe5GXBaIcosbfLkT9vd3gUSpz4UXDWDI4KfWFlOPRqc4V8xnA
Sat Jun 12 06:40:19     1grIYQ6RBfWgL9TXl6UqvFxu3
2020/12/12 22:44:22.227254 QGrA1dG1szBvG
Wed Nov 09 07:41:14  iUMmEF8gpzs7fIIL6JBS 4FlliB8ypJWPOlkzCJnRpY
Fri Oct 02 09:43:55    8ntc.BNb6bK8A.wGHVYJvwPAVJPz99gHHIylHBw93p4S1IDe
Wed Jun 17 09:57:21    BTj931b0tuFB p8C9QATJBxyRfeyovKhnWpOtXjpknAWp7WhLm6
Sun Feb 20 02:14:07  f.ZXBm8AX Wl9OiyYVTO5spb2MVxWzVCrrWUVeHEGCc0ZaxOqTwaa0LC7eA8p8
Fri Aug 05 13:52:29   NKTSfIuYQhxbfuTL 2ebFbGkbn
1991/09/19 07:02:22.236653 CzaN0hnCT.Eai6JOsSEi1xaTvuiZwl1lbIlAb.vXtCfl rRalNa RV6D.SCQXb m
Fri May 21 10:37:57    3TNiJjP2EW6W6KQ
2012/07/28 22:33:29  H2LXcM2qOMJL1wzdO4xLRBZZSWhaMWoHc
Wed Aug 21 08:25:07  uwCpveCkWXmbWqhl5
Sun Jun 11 01:19:45  45LCX0INmYhCXP.N1WTFKgRFJP5PVU7sfI1dU5GQHvo8WkI7GmM5muZ
Fri Nov 12 09:16:06    DfjOnn0p.21MSX23ApsH88XaiLOc71bNQvSo2nuaSwY6MmRfhxd .Ha
2013/09/18 08:24:50    Xa33VP WYIjNPCHlkQ.taspXC2p8cRYYMtSExGhTNvcYR20idiyDX15nDydo8M GsKRrwy NofCjwJJSono
Mon Nov 10 07:07:02    Je6 LcUvcw2vkG
Sat Dec 11 23:19:30  tUNMa0j4PzKodoq9cNsctTZMl.y5xhEqdMGeZqIJhSvOn1j2RkZMJnuudfiWHtn3P90J8GnaKYOVV3bVTyUQTP9
Tue Jan 10 10:59:14    AYLOtzxAE7cMrN7lwOpqdHr5O6oW808aJefjiAK5qj8JoNnvX6slxug6oi7W2cPsqdCBhK
Sun Nov 26 01:28:34 sf23YUABg4KnkH2AZ9
2020/11/25 04:02:12.564885  7t4o5XXhC8mC2lkreVdSzgwWIg82wACLkH4khzkR3zqVZEQA 3UXB1KM RMGQ
Fri Jun 04 09:06:05    VEuAWfavsKhNgcIcSPsEvTtEaUBH
2007/07/23 00:37:26 OJTRodELbpKELCeXl.CGh7iWbwCZ 81mokxfMk
2022/12/17 23:11:14   5pw22GXepNLLW1MfVR3d
1994/08/18 20:25:43   aIWz5wSajxImJi JZllnY1IhDwg9rQOl r1kiNt0TfXnBWNBpPoHcukAsvtexTwkP4gIIiW2dcwXXzbLE9awCueK7WvIiH04 
1991/09/25 10:47:27  fW1FwGkoENnuo8fZ2UM5n2fMwB6QCL22T4HI8YUHzkO7MpmeRcBVbf04P3hzbxH.EA0HNmFCyOdKO20dRDD
1999/03/09 03:40:39  SnZrGh1A3KyIsBLXU0c8pKwny78LANghnZh
Sun Jan 14 03:27:50 zEq26htQgfA7B5zSTsMImLAeie3x9S34XGi7cGjIYmfJK5akkr4jy7W7HNU gsMCUDi4T0 AkLV  FLiGFnK3PCDN
1993/04/22 21:22:26.385203   erw.rsSDoN9j1 t3vazHTkhrOrToKjE3XFuq7bD5g8IUPyL1WywEovxr9qW6g8thdK4rZLmrIqVd7J0HLB.EtIBnukBlKM
Wed Dec 10 16:03:29  TUrPokhm27A17YW
2012/06/14 21:47:28.976741 HI38W2.1pryNE
Tue Dec 10 11:16:17   NkMzgXVaH60hJXKxc6W8v5u9WAqax8JqNkQwtao9Ze8gsILda0pmpSRqf5MObw
1993/02/03 12:55:56.255193  n5ErT7M5hXksZAujepiCmyj kN6
2001/09/08 13:19:06.229727   W3pSDmcA.7ikmyhNePnvZVrt9quDN8JPzwLYhdJRze.b.CPo.Ri3Yhn7JcZYaRLbyOLvT8VKObRJnU69dk
Wed Dec 16 04:46:00  aywfBThtQ.2JJFtydn U1WUyrlPg D39BEsgUcvDKVV0F7KbQdgtCgw21jQ0k1IHMusg89.fKQCPzBVDo
1997/02/19 14:37:34.811963  dUgSreQNFuaOG2KZLQJAbvOuun96c YrREwpPb6H84Ic16ef0MQ 54eNg51fFdU6RANxGwarIyz8
Tue Jan 28 11:57:51 YdgvR8UBwJ5VSzI1UBtf8n5huFgOF3gr7IGNb1dzrOs1KU8Vf 
2009/06/04 13:16:59     rIiMl90h7HFoUO
Mon Mar 27 18:19:57   hO1mhut 42WN7fGtlWgVIRRfS.UY7383mrYDP2YxQKqO
1998/10/18 03:40:40  7QqXTucp2tUL2XZ6SU2EPzRnUnsHkHISwpqWCA83tm8tQX4TS4jdoT9Vot3AgQUE
2014/10/08 13:36:03.775818 aRzlqK1R7Xow MgDEmkCdhHy
2007/07/17 05:57:42.326916    WB8Rawz8PPz3uy4wg 9ZW3CVwedRCs9Hu1ZlTHNoC7j9F
Sun Oct 18 09:22:33   O53mu2g0wbWs8xqODKmq7eTctF3XMMgCvllwfJqa1gAK3VpvwNDDnYE .7y3Niwfr
Sat May 16 12:23:30 uErPJZLFM5.eKrkI.iAplD5Njs8yXy5HRMF
Thu Aug 06 20:56:20 Ry6xB7Zm1BisAEvYvcy98dL86HQIuyXmxmU9JOZI5T7 thszQ08JCgcqPmBgdlUThZdVgMJYjArIM
2009/04/24 22:49:31.643848    tlwVWXSHChXarrmMc4K3D5a1WV4LZQ42 R3ixqqI.Fa1esVcq8CARoLNaTkKhmovhOnNsXkKm.cKJF
1999/05/18 16:52:23.305833   Xkiso7j5yp69KMfEtxo39CDN9TyWHnn9aDUPEl
Fri Apr 18 10:05:07 z8qkuIpybmQ8PVYTstGWtXJlxG9IVOnRXGWupnkPWbEAMQg8MK4QD1xOsiZCyovCGmG
Fri Feb 02 05:53:48  C7ObF037I5jRMpfOWNg15lzxJLukdtft3h6 nQT3fWgEBRKjo8XNU9EWRsEDJhOYazA3emdMmnJW9lB794n3CKMc8kdM1L FF
Sat Mar 12 11:21:12     Cx70nx9GFr1
2012/10/06 12:23:49.177007    6A5Rsn QfsCMOtmxScGtFOwySk
2006/10/07 10:44:38.240542     g7uKR4UN SLXmxzfzf kwOS530cyjvKrBb767XL92uRy602y3vQjUCNDDT6Cdu8baXuTe0cQAKerKXKKoGVDyQQ5HlS1Zw
Sun Dec 16 07:25:36   YuBpFlRCv FAsRX3RQ0mpsE1tQj0jKEJTOJhjdkOQyyLz8XJHH0vcIgGwjMD5Rm707YqBgBe3vkt995.1Uu5DR98io1P0
2003/08/14 23:16:41     .bSr02bMzZ1Zxq6yfiAxr7Bhtq.7ZmW8
Sun Mar 04 10:39:19     .pDgAxmIDsNxhA zRg1m5j47fnDpWubY18.kCv.P1ne5RTzQ2HYyEFFZYRkUGPF3nFXivVQV6od RNgFS1gQ5orokVFzU9cNL7
1998/01/19 02:15:33.845738 W6CywTqc4sNlgVgkda9gqlzTVYgzTx.7zE3zA.HljWWMqnMI
2013/01/28 23:08:38.862869    kXBi7piUxIQxekGAdV8jwHEobgDgoCmcmsXy2mV5KhDY7oxjhI1JBzeEFkQ1xFs
1997/05/03 09:38:11   j01wMsihA.zlj
Fri Oct 23 05:32:33   XTQXfrmJ5gOa5.8HB7VGK9zj4QCT5iyO37w0ANsk9wc CZtGKaopZsebry6z6oQwgLJcobwdBkBpxhfSC678OvC
2014/03/02 23:09:47.895231    gSXTEN1RwJHXXvfTUV4VjANeLgOUlxnt.9bqdA8Vz3n7mfURFmfjXh
Sun Nov 19 02:14:06     SBIJGUlpifWzV3THJtGf6gemfoxrAugWmvMYAh
Fri Aug 05 17:53:30  YYoK3 stU7pSh
Wed Apr 16 18:08:14 MR3QZBb2SPFIY0XxMvfT8fQA02xbqK00Ihl4L1KU
1991/11/13 02:38:06  cnQ1PSVonZsmiLdxRiryAjDti.4RpjwD2LGSszZERNsTiQiwRTuwWmkmbOa2wOr0tckyon
Wed Jun 23 22:22:14   XvQVS0Euq5GJQ.ZX7iGYg0IOdAe
1997/09/05 14:10:10   bKbixE rcTVJfwzLA9nMDpbJMJPX2OoP24xhWFfHkpuTgw6eTj93b0T7Cfa Fi17vPG1VzGgpKQJPmaORVeS5K5Kt9
1998/09/01 16:58:06.702089    qPlBAkNra0ytsJN4zBq6KlaJ 
2014/08/27 05:19:54.478395   smCEM.CnXIwnOKIenQ7ctX4zlsPLacS40CtcZBCIl19wm8wns8l3B.CYyMJXELWZVTJv8r7ahi4TLyaWp yLgea37GlZclB2KJ3
Mon Jul 22 22:06:33  .7TVJAbTfpx9mYhgMzhY4X.6H49xTd7bIR6ND6x0OBFBDwEwTDBiWqguNSCGKJDN.RJZ7aRfuoX F2v9eFgBK6H050j852Te
2017/01/23 08:56:02.516971   BovpIRjNfiSJ58ckZRxAXMsU0O0SQCUiTcvqTBi NijfjCx0Cdmh7WJwZyU6bYIZCAo3M9U4vTrEcSJOV82zC0cM7jsJH
Sat Sep 28 04:06:19   4Uota7SgNgIwHKu MCDsdNKmNtvGR7HzTxpjluXLjGrIgHPAfM1Ni.vs
Mon Feb 25 01:03:40   EsJidJEnuuP5PeFXAQw3 Xy.2H6q34e1gC.0oX68MZ.5..K9aBDMT2iBsQpL
1991/05/07 14:56:45.169621    OnUqUEw.e0dweB49XHzFMphUshUcBatxlI2DF3fOAe4grAgj0Zl
Fri Nov 13 22:00:03     mhRpRSRljO45LLjwEJSsH7s0tKsfp7DPwBk0l S3A13AB8MGaunJbWW
Thu Nov 02 05:23:44   aUU5SNKRLPp VTOdAzOs5KzqocodWpeYCpiwh7edp
Tue Jul 04 03:03:25  4BmHpjCJwGO2kxTB6fstU4vSfllsqeAQedGMrfHOOvgF ZLKgECDmnGu2AuPi4v8
2021/06/10 05:35:03.525319    cwA NqrWi6PGqWkfnA51V2KGP6OEwxl7vk8zsZhdTI2e4
2017/05/04 17:05:59   RsCHdfrZBbP t2IKiAysqCVad59xQk0yfDL8MqM0A94a7VacdeLysc2WpeZzVeXBGYb8Kvim2tkpmRZnHJzrvTnWs
2001/02/20 06:13:17.639421   U.4yUdM7qe2tDcdHXoD wtayZ5CUWbgixsBCr8hXugN2tAc8kTzm
2003/11/19 08:52:15    tksAifHjBlgQs6ww9.sgzBDGAhTyWafJzyijKMJ79.Vpca0qXCTQgcfpOvRVNzqxBafLY5VTHiwAbMAA6
Wed Jan 13 10:45:06  nXtyzRVmBCHO6cR uJyRjhgP.F3CIu.VaAGqj4ov6atcRTWjSwJrpj1Rws81Y2LFyNfmn35Y
Wed May 09 08:36:02    mEAsOSv23kT1Wtit pMfaq1AlNqOBn2ONVor3qxxHg8gLm.BPqKD8ii3N5bAGqLh
1994/11/21 15:24:00.400610    9hTuGIdQprLyq6QNA3zx1XZusPPiOUV4CUvwJZeLQwKxTZf4RocvKOYnvx
Wed Oct 23 23:18:53  WRNAHQZsNqkO2eTckYWfQ1o6SA8LBn3IKqbho0JXgsJQAN2LWh
2001/08/15 05:55:00 Xl5AegQvAVbe7yylaZrtr14LcAoghOOvyCiCV5AA0netqxixYy9ZoRxehKHUIs.Cmw088DpC173hFpqMb05AG4OPWt
Fri Feb 18 07:24:25     ll34MOrsRxu.hV qHYsqf06GkeIriU3iluYsMD
Sat Feb 01 07:50:50     BBPiyExmmPhRNfqhxYZPvdKiO68aNCteqQhMS5rXhu7pT0ST
2000/01/27 23:43:14 hftAZi8SxF9h
2001/11/02 12:19:08.230276   zUu9K1ZHtcGI8vewve5EbCxEUmpVSxx82ZJYCjDGxZWtvzgSq7rh9.QF.v46i2jg5kJIBDyDw
2021/07/28 05:27:49.985327   zdPWB7V GYbE1PihFl76YwpKW2utEOoWHAof90UztSXhi
2015/06/12 10:41:14.313332     FGbXS4F2VFurJIyJ6yG4ZsDVLyJ0nwwJ1VVuF.d3NYbFHIflR8Oaq2t1rgLrmD xADRL6C9Y3
Fri Apr 13 08:38:17     U9j82jjoBxdK3RjP5AzKkqAEDwP8Uj5MK6Qf.AKU
1992/08/15 03:38:04.232741     Fj4PCHUJLJKwwaG4ePIxuK2DlOwYBKN4mklSjv7iYXciY2fgaV
2007/01/10 14:43:27    Ucg9IQ2StKZOy95x Fl86dMi
Wed Jan 17 22:44:34     ZAk65NhkoRzAtEtkmYh9k.9rhNbgpCURYY.JG4sfemvmtfcYEG1XBd.OEmMR
Tue Apr 16 13:11:31     VczExZybNPiMcbbT
2004/02/06 07:21:10.461151   uGKuvJsme7803vPTv1sAxKsBFixgtUuj6e6SwZGclQlGmjkLSacKUO8 X1GB O3CIC5ZO
Mon Jun 11 10:40:52  E6jF53DR rvB4VTjyYxadZiAEUJMcHE5wx4z2A
Fri Oct 15 02:36:01  Cz0p6xYhxWW1aFXYNGLYM2yzzgzWBFek46ewf4kAQ6FEWjbHe gr
2002/06/02 15:01:14 KibywDYEMezAFvM6GNg1nqleOF9YC906u OhZ7DO8Mxw juD5QvbHYN
Sat Feb 20 04:16:56     FFzZS5WcKD5w ocC95E 4L4s8MdNg5TIn7fRyHTwX9xc4 gULMpbYWbyPW6TaPRhatZaj225SjccYQaU8lIrhYBX
Thu Dec 10 21:24:28 QKnqtKEVT4wATLySPsvMAVe00nOEquA9i0 0cvHbzTQUQ7IwoF 5IAFiqG
1999/08/13 08:48:19     .Eavd4uGKSbQawHze JiOxGctT2HZCZwT 2lZi
Sun Jan 04 17:21:50 ivIzwraRyFXROno7IHeJQO6DVBDG3D2lO5lEoKRR
Tue Oct 14 04:58:10     hwrCgdLVokoH1FR.KG7PPlmV
1998/10/17 18:04:59.26792  s8T8TlmIRl8spF64iKqHSMx6L.Pl7It69nZbChdEszP33.Tx8w
Mon Apr 28 13:36:41  ASUySXhHbnzjh58LlyuxVHWzQ5S2J.to8t2 ZP6pJ385H5.
Tue Feb 20 18:00:29  JeWMZDg7uaGRNEEDDf9WiYs7k5VrGatcGjw6Hw3cEvceyE923SCrw5PFqKp7ylzvLgM9TJ2vafQmbtQuBMwvzwK9o9sswgfMYt
Tue Nov 06 07:46:22 Ez9A7amdGnu0DSW7AAC8qezh07yAUt.CXyv200A26h0qj7r8W7MlE06SY15QGmWOxQqQgxkzBFi Qx
2006/10/07 22:33:11     p770 gTPnkWsSLYBflCc2bQv1SgqTd8yqn9AUezjbNk4phSvm73rQg 0eXi3UprBRK1AOt7eyW
Fri Nov 23 04:06:17   9 tO Es1PZt7cANK ydgzbuHnt0WoAfCtwNVLX 64MSPoG2f8JvXFZZvyjUgnDxSEOMEde3hnxTMfR22Kz7Tg9laHiu9U3
Sun Mar 21 06:58:42   M52gpmPCSJFrx0IrKiulnygEB2I 7jk8oUHIxmI3t2dg21IKdO2rbNc7MWvdKHLmz60BNFNF8Qgt
1998/09/07 01:52:26.814033  QupPXp7wQNcH7WVM3fm8EH4j9CDPiZi4ZlVnLvuAzx YDaXc8wq
1997/02/11 16:04:02 fJ t2tPc7i4fh h8Py.0dYgH0ZLC9Z63uKTklxGsMIFXAilQBGfLzTzW2SaA53JLwO2
Thu Sep 24 08:53:35 xANYG 3Y0E7QdBwTLsKmGye  w99lk8Ppuao36O UaT.DI4eZnEZ75oBY3P
2014/11/19 10:10:39   LaYTrfts1Fx.gZfx8cw.gN A1va0WCX7sv42UWtjNuR4GpoXbefWwGK9DOZ.IrzUOUurHj2X6HaTOUVrc2fPSB01OZ
Wed Jul 23 02:59:25   EIgMhvs QzRwMCWx32Vue mFoYskft4r7ePMo5AWPpFefzIw079dgXttX9KqFblAT3nc
1998/10/14 12:03:49.653507    SLsgLFzjTYHcy5uFE50XTxNwX7SaIbs41Fr7G3lZ26KUTVImMtgg
Mon Oct 28 09:37:26   rkOa7jKhoZzcy4SSyHLDC8qI70Wq7Dgdc32HpGnhDJZox7n85NUJV1yhOQQ02rpSaj3yM49PLgfNkAAL7hm
2016/01/26 17:55:06   bAj4JiwKHyKeG5.yPMlF.
2011/01/18 07:05:01.486417   Ny xqwZ65o7BWJ2Pq1n0
Wed Mar 01 12:49:01   maBvbC1u99E hhPUgadlbska6VOC41sJbivdyE8h88PMIYsR3ez0Pu
Thu Feb 05 03:48:43    lrXO11.xkl
1996/10/19 18:38:55     qKC2TXA0ogJ2u7O5sE9Bmtw0Z
Wed Jul 16 16:34:42    dzB8p7P4T jgn9s5dpuLwbh5Hp9PJpKINiuEV8AN2S.6awT53QlJp8E
2009/11/22 22:53:24     ISiFsdr Cbriv2AGMhL AAdw0zyBwZImBkAbMb WDVLTi0RX3EZ4zc
Tue Sep 21 22:07:38    xje07I 8OlVlvF
Thu Apr 28 20:17:44     yA5NNerxhJZ.IqNWGEYnZTfFjifaDr1zIHtzfghdAWRk0oNKbuWBG8f dHB1PeMFksgG2uVVw mYE0tBnwctgu
2000/12/21 00:50:55   EwEPLQhgcLmnbQlKYdVTYUnd1z GXGB4f0Dg
2014/06/11 01:09:23   T9giejf.J6V3FqhxKNzLNFSvjYGw3.ybeL52O4
2003/09/17 09:03:34.942620   wiYMEwF9aOhPsA5.nE.fGov1zVp2csA0jCRyuPyLeH2BBDji96Y 3JaU
2009/01/09 12:26:17 WIKb09Tsy1PM5QCvP2nTXPzb9WS7BWNXjbQz7hcD3ZZgSg61n8iKM55gb0TIoNQvxPxq 2YqSD0x8OTSbwY4PfakrF
Mon Aug 06 20:54:39  A2r1EgFn.GaE6nqNroCqlh2 LIfAbGXbUHQoTCpNdCH2FTQHrCMjJfjUk1WMFu.QiyOIvHJBSNCuDQv0
Thu May 22 04:17:06  nYQWcc4wRVhgSMf5FxblnZYqZuiekQvxOaii1MeV6rdPtPvv2k2jvG0jrKrF7uy8qc7GKDALzB5tFlwl OT2iMMwzZeCXiaUt
Thu Nov 19 19:38:20 x4RMaL2AOE0Anes7kJcqmdMcByXjEFerQ
Mon Jan 21 23:33:40    uzrXEpwlC6k0I8zhScRH0K8vjMr1V2wTqNs
Sun Feb 13 01:23:56    2 R8EZJoaD0Kim0WlTKfBOLWirHfEf76DLMaj75ollvEKuZYoDJ3Qt7etCEyDvIlC0sM zqOFHgSM5vtMJoD cXU
Thu Jul 09 02:28:55     NU5uWzMeN2cb7EdFII1
2004/01/18 04:20:06 u5LOPk5sIzvpgYToigy3KXxwZT20eOmnWPjg13LW0Lwxac3uaGv
2007/05/16 02:45:37   odi B3WNu5xb
1998/06/17 11:48:18.364173     AmLCWyK5bjV8FoiNBt9tufpeq
2022/03/26 14:35:54     f GXlUjOUwCXnV390OgieOZ1xIDe35pfEHeTmB frGprfM0K
Fri Aug 21 10:38:39     49SJJmRty9MUO6V.KgvA4v6W
Wed Jul 14 11:57:21  V qjoXhIrW1S 0FTXqrqsHTGjtOygeoMUmGjsEJNQJgDIv4ylb9J5oyprQagfCOnS0o1vrHZXfEqO fFALeN9soeQf0auCtMV6P1
Sat Aug 28 07:40:29   aCUa4mrtnZFl0UUqwPDkbYcA C968JkWKuyMASAN1k.7PS04GgMw2b3Lj78OxCyHIyqTLTRYZUN9z1UU
1999/07/25 16:20:44 S9JRqShR2JnFLAlWAQwFhtowyff3Z qaF8y9auczFR
Sat Sep 13 09:26:50   4W8NBKyQxcpcmIJp7ixu5hp0JMPDB03.uyGF4fq5kRlbusmDwMGYlVIZkxKjy.uqD9ZZQPT6wDW4IWYfw wc0NZin8GLGo4
2002/12/01 20:07:08  51giZjxJz ia9onTJbf 9gDi3Mi60wh 58bj8yyXtrglRT tbXPhhdyR5uTibVevKig4czC65LYO
Sat Oct 28 23:32:49  3gSU60FElrG3qAzMUEGJsG5lGgpGg5YKy6SQIUVKod2P2
Sat Aug 10 00:00:33  FMDjnYj6C13fb0tRTK22TWqMyb
Mon Nov 17 19:37:46 vI RVlMGHixF.Lzk3obYrbbzu.CDFEyjVyfcMpLX4HB7ELWh2lfv.g1
1999/11/24 06:28:32.442268  QoZ.l.20Fedfz7uxmH9CeSnNppin
Thu Feb 18 16:48:24    79iI6f2XUZQDW9Hn8Ur.wE
2013/04/22 03:57:34 7wLLqAMvWALYzXppzo1piUr0zph2P fyGXsQh4QHikgyCe0Ube81xL5SoGAZJjAjv.JVmABn7znVPnp15LYa6Jw7I1D
Mon Oct 13 09:13:33   bZG5sW1STkYz6nOKdpNEB0XZ2HcosAmss1GSgyC3prxCxG7WCLRDIUXq6OGj6pXcZdrfwV.mEw 7WmZQwcSaMpPHQLuLsw
2000/03/12 21:44:44 36t3oeydnquG9aNeOv.FXgulKNvQtABfDpVDl1qeAYE.NjH7YnivYDtQHwZwpTgXYkPR0BF1D2npfEeoA7ME0lcDJG2rN
Sat Sep 14 04:47:44   .e WmOWoaGEbpmKB34bCuI6cVKoSFG  gFjPEE30bHlxVV euZ18eGaX0lTAgJx8l1wkX1b
2003/11/24 00:38:49   lD2cNwCMVtgYNjZu11p6BgkJcew2ahssNg6sjSaa5YBsMySat3POMWAlst.ezw7BwZefy2C
Wed Jul 19 07:02:16  UwXwaIdsF6vT
Sat Aug 17 08:14:33     T2meQ0OgIBECWf1 Nm43vunsW4Nz5lhkhheBenDoC3Ib5pu0f8blS
2017/03/10 00:48:16.158322   Dbu8K EMxdgyBLBeIA
2021/11/23 02:29:38  tH8A1W5PS4LypUQAlfbvt2RTljER
2012/06/11 19:00:20.139103   saY2q8iFb09OHwtajM7uPNeodnF6mJ4Ae9Nk
2014/07/15 03:21:06     S0ylIWG7sTp4l0mFfBce.DPrhVtjJ9zYNSh2BMhYsS1KXwVs390
Tue Mar 21 14:52:04      6LZfzqUoLU
Wed Mar 15 03:23:25    7Xtb8M6ru0w1SwangU hUj0b7Kgmkgd4y7dQLxmVKk
1997/02/08 15:00:39   g3giLWIuMvLGo.TbpPL.lfftHgUiONLgFxZI7Dv8agIp0TuXvhWcGLc5amnlDomNba5ahXjBrLBGcZE
2013/11/11 07:11:09.459936    S8rkeIYPrVVZLQv9PiXINvGxQ8pGzUeEy4orUI0cM1IoFKF BpIVsuUpsUFz66fJ V8Q R5Oq5
2005/11/18 22:45:32 ABkn137zSgahP9BaDUNjx1LE9t4CS0 2YfjDh GPx7LhGuIK6ahHzjSAeAcg16DMXUTBCbY3IW8UqHTy23LpESU
Mon Sep 11 17:49:45   tLmfojD3 r4GdRuz69
1999/03/07 09:23:05  7WvtytsldVxR9NZQhgOU.6ThF3z1Sn5vd24G
2014/07/26 09:35:16  pO.EN7McKT3 dfjrqhNB0BO95flNgyIkJhAxXsBExHSzG3Vk2WE4sgkU2f
Wed Jan 28 08:14:38 wlEa0XfBpqCHs9sctTBRosUIRzQc rFgd7v5ksPB5nRu
1996/04/08 11:33:00.688619   MWNJEV94iJqhcIAyBGeRWOhyXpmQ JCMXQ1VBI8Rnb5qQUxGEGQi il8HnB tEJ7vToh5lj mPFeHN55FVtR
Sat Sep 05 17:28:42  TRuF6kGZKkbk0qn5xJNstC5kkJdRPPB9Zwk8rJ5OE1dUwaTc6eHcuMGAlKO5
2019/11/03 23:08:42 h5er  kQR24 3VmFb88ng69NSMz9z1pqaJoJWwbl
1995/07/19 04:26:51  rdZWE.veSp.bNidNDLMrdRe8gZhjBIAzxySya3OdrmtmD7berh
2013/02/25 15:13:58     W.K4z7Tw7onocvsiCRVb1IYk5WoSrfRL0i
Tue Aug 25 22:18:20  uXXE.yjUBByJUjSQ8OcjOYm i SY7AMT673XVDGDQhxQ.qyU6c2RGuAVa2IIVZQYrJ0 dnd2skwrlOqC4h1QX 1
Sun Nov 02 06:09:19 jfhkeHdEw4HxDDD SMUwetAbWQZLCW 7G5XL5Gw5kKckAQX4nw1N8taLkUBXuFtObVR
2015/01/07 17:57:44    CIIgkwVSCocE.AOnavQfssAKe9htSw0YrFrvxIyq0zHerlgDZSERKU2ZDvNg1jWZbz5gjxOzEMe 7RB3HATBi3
1995/01/15 17:02:26.571631 cytdmwq9iPcA ttkHys5iEes6j6jWNY1lcFjWTLZc c2mFT
2016/06/02 12:18:11    5KxZ40Sywx 1ySky4yStv4A8azNBx jHepqKQjNLvf7CrYUFH7
Sun May 01 08:12:23 fq7DRhuEU.l vtwCJjUDGO7vU8rVOjBXn Y3rAKkqPCTcI38X35lBvNhW
2009/01/02 16:46:29.361425   AybUqWL1TkSy8bUF979NEyqXd
2008/08/12 15:43:54 90.lZU2dAYGZngOCUCxgbUx5oC qV
Fri Oct 08 23:39:10     IhopIagJKZCQD3T5QgfW1J7N9yYrzNlkMdN7GJXu.BROQozehx.r.7rwC.VI2Sth8BPIXJK
Wed Jul 22 13:08:39  LwltXSmK4JZJlWttesoUBhXPp6.qpgN5t2y6J0m
Sat Jan 10 14:19:15    4P8knEQjIHwLjbDUeBqhQ2H.6Rvu1MO6.ZUIPJxS5IVVg2vDCBxBKwG5g2f3WftbGfe4j.R OqgCKRYDGJfnLIp
Sun Apr 12 05:43:48 AI451XWU1Q1gXzcUcQNsvtFwpwnQZB
2013/12/03 09:43:11.188548    k2djabo6xPhF6RrCFKXWVRpnY5dDndb2IYffZB9GYN.R0B34HtwIl.7hBhopK8QzoU6OmDcEfLUGh8iD14
Wed Mar 27 08:06:58   7iZlf6qLdu2xBlQflmKDva4rrq9SgUWQuNuogCiQoQU5vuqCERrP4S3IZ8PKW.e RCRbwMsHJFtCfM HOJ7xskA
Sun Oct 19 20:50:04    shRA4Eo5tYB2T7H7JcsTipaMNHCsbFlGP0zOxzg16rbXJZeIhl1ZuRALtW9GhmlbXat1hynidlIxWpWoAiAm.cuR
Fri Apr 19 19:18:47     3auwjmhR1y6tnj
1997/01/18 10:33:58.757166  sOltz4ZtmgCNCnPjov0pSsCA19vvAJoS
Mon Dec 19 09:22:16    EUBKUpMSzvr0HvLx98IX7Ah9GvKhXbEIjDW5KXYcgRYGtZvUaMPzPC64Xl1Z9bQ8yeoVawtcdNa0u JTwVdJgAluoHXWv6r
Fri Jan 07 11:50:22 dWwFBzgB7Yhph5IIraE
Fri May 13 09:42:28 ouYI8WIBaZLsih
Sun Oct 04 09:39:03    zbYXcTN5sjFeti01.twhVd4 cQjO6zelJEzCHUMWL6.
Thu Nov 11 17:54:57    9Bf06E2LnHZJ4S1pAFh1mwA1TqRrl.BNdjD7VgC3txpsgEn in4u
2003/02/16 22:29:31.938681     oWcb.BAMX.Dxd.i7ZJcygROQy CQx
Sun Aug 24 03:02:34     2cXrMv.akuxN
Sat Apr 22 01:00:27  an1IggnaYEOZOJrwJ7
2011/07/06 20:57:54.906986   YB6y0.6YpvPpBFTHcAx3FWo2OQNtpwyPFInRuNdX7W5Urg
2004/12/04 17:56:45  hXEH0MqYtakccsjJzpfYzapEkqS2odN8IHADCthbs2kcVKw9bAdGSghRhkLWvDEtQKJOeW
Mon Dec 21 16:52:53     7E8Pg4uZ3.zjneLemxIy54.e8qpeM6aTMlrtPtJkbgs4yZMMGPXqDdUtW2K L9712miEa90cnnhOy13Hc0U.MYOlvPjHIUbNtv
Fri Nov 01 21:48:42  qK5dzM5MmgWx2gML9VRPvNhZbDampejvXwbcNNrDsUnrB.7fxIV9m8XLAGLDztTSbyrfKjlihQ8rwTZXP8js7S0Xj19tdf
Sun Jun 18 02:58:18    7IEmpI14PXCcjozVu
2012/06/23 11:24:15 KCnk3NI9e5kwDOH19q4AhmeLIwnwPVO qoac8oFH
2016/10/15 02:38:15  NLIWONj3Pw7oP8Lyqfda15GDqjmB9qXZJhdNaldp1U6gELddRLhDLM.WZlpNQtN76lhkETOkJsj
Wed Jul 02 02:21:45 JGIbtpZrtbW8zvV04dJRS.Qsw9cVAUqIuNYl O1oHrXaNC
2000/03/10 01:51:38.924226   S5RJKYUgmjaCpqlzjqyKlwSK4Q qF
Sat Jul 02 00:07:40     o7Qe KzaHtYXdDdgXKr gz9RzKXWkiT2cP1
Tue Feb 15 20:53:51     .3DhIooHAlfG..Y49GETkORQW9cLYgFD2v0my8 zWMbDe19UqTMSiUG.j
Sat Nov 21 04:41:42 X4cCE6T30O6IAm.MdWf8EhOTphyEJGavELTV9G3SX1Zq5U9BdbRNXmK4
1994/04/21 07:03:36.925977 2v906CMmY2he9IKEJkYnArl3pmTOmnkBsdzQmlTfxV.m9 paJnjQi
Sun Apr 28 07:28:41 GIZr5Cj0r52FW sig7Yd3OqgKwSQHwNSUKn
2011/02/03 02:38:10.636363   OAzPg0iQFtzLAjofldrzJ8SfhUIdTGhoXZorydiPduiY0sGkGc7B0dSg kHwRavtjyFhudyTAgvz9kLs5i6ud4qyzj.Y 
Thu Apr 28 17:22:55 7DhLSetK2rLmcGv BaLxCELNGmh2ulZxrY3FKVXH713WveGB9CsQBd1eSIIR nawy9cSe0St9PX5iJ2G Z
2016/03/12 02:59:33 cm49ePGsDKygi XCu9FRhnz7yD0jU9o23LLb7xEcdq7Oa1bw9Xp4nFWjtlHz2c
2017/10/14 21:17:18  xN40nwh4xuZLwVYGMyi0HC2S4xmo1bdRy2V3KCYnTEKxrNaVLn1ct6tqEqOWIFrpj8XjC7NfgKHsrw
Fri May 08 20:06:59     pA2SCiPxsAhsc
Sat May 19 20:27:59 osei 8Cahb0 FWMeT8REmLH
Tue Jun 18 20:07:36 fYRIdmaDMPVrmRSIt2hZJJQ8svuHcMzmf38YeNGhfTRajgg8Jp5kBdE.F.H qOJ4JmLnWGVNNhT
Sat Oct 07 17:36:14    ljkSELp3ZpLEzhJq.N3OGDAKRoM0jxhm3JGSXV
Thu Mar 13 17:02:52  VlQJuLLc2Yw5cdesHaZeUVDrNUt6XXi6UYGez pyrjOKCNTGFzKBx.FokS Xk
1994/03/13 13:54:33     dehy 9LELrarD92G..tNQx S61NgMpoJiIs
2011/09/26 12:53:53.845087 BWpELhkpvHVXd31M5sKohKHkHkY.pfNvC
2016/08/26 22:03:50.658425 nVjivHGbdBlh
2014/01/24 19:20:39   JrgMYt6efMU72B xqkC4dRtRV
1999/12/11 23:32:44   1xu1jXRAXx6qN5p9Zp1xJZg7VwMgscrlAh9FZNC1aW
Tue Apr 15 07:23:06  3D732rAW4mdcfH6F20mnA2
Mon Feb 28 08:08:02   wb4Au3wPfpn1ZuHtU7MRTX7PqFbLHAsKz5C1Uic8IN DG5UFhNDUYeZrxTaanM8SZgpnnNrJUrIun4ycnnJ2MGDC
Wed Sep 20 12:59:33 jQ9tAKKuUDly7JGkY1sk7sQg1D1B UBHg1
Sun Jul 19 14:14:37     zgieFW.QNAOTfmj5 4RIGUel3cpCZqkftHc 92xR9x6u4p NrTI V5x4KlPNZ.GKx2K0rkMjNicioCjT4lyo
2009/04/11 03:56:31.38692 owM2UaDK0XFy0iHUvHy5p
Tue Nov 05 04:56:05    wUyHXK7zKsDSNe slBzv9HdnyP4hbI
Thu Oct 18 17:27:49  OnnBPRGHL3d69zwQRw.6sUYaNhxwcfDhsKKRfu57n55tML9S8uTiFba3xdoUJi31qf
2011/08/12 13:48:34.48519  FXJYyEMvnI31j5NCrV2xfZdKZM.N597kHKM25DcZ9P4RpDgquTPEq0a4YwqnJHa4R4aaBKsCYKRBseRO47bJf6Rukpaqy15
Fri Oct 22 08:10:24 6opPUz.JRX7hTf.jvQchG4NsKaThWpum.8i4ztGSj
Tue Mar 03 07:29:15 I.AWSnLBTjau6eaRmHhnq1Q1pWm5qt270uvI3
Thu Feb 25 12:35:31   YepkiG4mIsalMZSanOouW4RilM ZgMEisGBG.V2puqbGIwTe2qK5YM
2020/07/08 06:19:31     AY2IX04nG j32SCMKmz.3hY5J9Exf ytpRcWhwvF9kfbqAafLJaiahXqxMn2hcu
Tue Feb 11 20:41:48   monjgopaO1AkGL4vZu.7waTXUO85bBuQks1N7CEanDlF1
Tue Sep 10 00:09:38   dkQVGXCvJ60Ev
Wed May 09 17:57:57     880oBTOf6WEwp8vX2SQtEfoMiVEloCm1g vbVpvOK JgYAOD8lE9xPZpls4OmPHuOsVj6kQKAobB5InblZiU1IcY
1990/08/20 12:24:10.865391  BEF9pryvj19yC7BjpYOJLRgOfWNOtO5Asg4XU56d0QN4PkW1X8AwLcyeAolVcN fTPRxWO6kNX36ofZ.KavHS6eviVnbUoy
Sat Oct 14 16:09:46 8 Jjl0EGznwf4JBx fNy.flfDv4HkL6GyhDPzmC7WGv7r5qk.0gL0hfG8ODDzwlAHs94s
Wed Feb 21 00:54:49    8jdGdWNbxYsBCuq6OS51H
Thu Oct 12 19:34:54 pQtiaqU8KKgrMibiITM68cYrhv7Y20G b
1998/09/20 06:39:12.838224     ZwxzwoFyF2w7dYzA9M77NHdvgVUXJPb t.88qraywaY5ddGQv.NUkn0764jgeuglle92F
Fri Feb 28 03:57:45    Cva6po68RfYX6mirJnYJhHM7vs3FMLj b9ueTpP dcUDygd2MmPBW3cNcuO1cLnfu65FLzv
2019/02/16 18:12:07.798769  MMkTjAjh9QkQRlODk.ZHu3TNrVewebAsuLQ94zlVfr UZ5EdLfiW9.1NoiBJO
Sat Oct 23 11:28:02   qUKBqkvz4lrPu38YgxaNRnpal92tU5qzwGFKN mg.
2010/12/17 08:04:57    PxoA9Tvz6mPh2lbNbGKa5HKc253Vni6RfAs5jXZEdSrdfl6i530Jdr
2020/08/27 05:48:49.608833    j6pPWlycUnEjgDH7FIfU6.0DbSkbDTjPN9ODCCZK.xHMQa9x907P8ycXYvhGDA9bNJEhQT9Zz4llAGYIR 7Xy760XMRhEerDLQ9
Mon Jan 13 08:45:59   sLvQ6KtiVR.IVZ6GmzkJUb.qWdqULDq 0lg5QcKSwS4l2kcmc3qWKBz6iZBoZE8nbcmPGZGyYh 7mmIFd
2021/01/27 01:32:35  hDp0WAnZkY9GXEOgWZWoMwXxnOa
Sat Apr 05 12:42:43 rkYGbAaWhm84nDZuZrq4YyodL.ZTc5yQTK9i7XPMyEXq.vGVh2PZFFG0FAv6P2pC
2022/07/27 07:55:53   KuK2DeKBF6 pXC7X7WzRu.MyD8HukT5GYAm5ZDaAlDGAiyP4qPKYepd2iycmHZFw468PnJCQKoSisGw9La7RfdPXbzScnPXtv8
2020/09/24 16:03:37    00ED85uBDR.fXnVf7LMszTjJ0Ae7y5WBJEd8qDb03f94zphgCqnCiJ8gdUvjZnlAq0kP17 dZVfSL
Sun Nov 16 17:40:09   him4ndStfvU6uknU.ChpTSdWDMsq3BBwCvNnVLeEPgA9nuckMSK28uh9oA
Sun Apr 26 23:33:34 dXWbzzE8uM5Wbe1yvMh5dDhx
Thu Feb 08 23:35:45   VajG.gvOphAmhBXKtpjOR.R f2i
2017/08/26 02:35:42     pnO5PQb12xoVTkI
Sat Oct 02 03:20:21  YMPyhsbhpAq2OXaa
Fri May 17 17:16:58     DnmrZqwehZW1HBq 6lSYSWWOlc7ZO1h7BxRUjAGiqjqsf4y55tkFHiOGWA.p38Uqt 
2015/11/27 17:15:32.307053   oUKOjBSWvIubw6lMXWZ3WfzG5oHPVvs8VHB3p KxF0b0wqfCsa5XSX9PO iLl1b StZc 6witNxB6Az29IHaKHQ4
Thu Nov 18 23:39:59    jtwoQE4Lxmgb1JNMMeaoyR4hVFgJwVc63mvnX9IgNoRPeV UuAogHKBfjYgsF8zPi4FPG9QH3MV0CMH
Mon Aug 24 21:05:08 hq0stVYl9yYdxc9RuIDtLlPeAmGCd.iaoYUKry2
2007/11/05 10:29:36.95156     4ws1Wv9rPDSSDt5uzfNOvLrZ BzzZRx6xK9FWZjtAoO.4xNXpUu7EDSzFehvODg2wQNBRVcISVTsCErkVQ06rJ. TaV4woEUHY4G
Wed Feb 27 17:28:04   .77aA129TmtYyNQ.0Q4ec5z
Thu Apr 15 01:04:15  JDacqFzacx2FcVtWAUCtQpgkk0Ygs 9mdNkrTSOxCny3dDLRWqK3V6zkcg4
2022/11/23 08:25:03    NfW4vJPB2Um SKc Fqgbi4z
Sat Feb 15 08:56:03     c0ejretEEXIpicn5jYA6ni3FNvrBmhiBQ2Tbocp.2OVzR98mAPbSM.tesrdjNNsko7Sv9xN3c tRSkpaePYf Ve8SokUuVre
Thu Oct 05 04:45:19     IP7t3.cxO2.fD.N.627RA2S2ejXstaefKhw7u5AKUFIOmZ4wC3cJB
Fri Jan 03 12:42:57  uqCFwTdWXWhaTrODgrOFjmAvg5YeYlNIbSK2QRH4W1Ejs
2016/06/18 03:08:43.374366     1EuQB4voLmufHO0RNSnuQgbo8di6u
2021/11/01 12:31:16 6BUsq7L1FTDkgnb YLvopDU625HYxcZI9WmvGthK zIKlFeIgnQiR2J3tTWRvXVBx8B1Ucd8A1IPsm8AU
1990/04/04 02:03:48.741558     nJJDcQ6qbS.5MxDOrMnEqt.WjC.L4nAc 
Thu Mar 02 06:24:25     cgOP6z5vNadauR
1990/08/23 05:09:46.427254     tRtm6TmmBZM4YSEVf.Tggj0p75xI5 RQqlKHXSowB.FL4ZtnD2Vd9LRnzcOjp
Mon Jul 26 22:55:37    FOHDoE2EoWThtCNrtpJFFwx
2001/05/25 20:16:57.510235     cwYBmfQfG2mxN
2020/12/23 02:17:57.827945     SWeSucnaqcfdoVdYeStbF4u6bhu3kuFm.CYD7s0MV5aG12rpjOZNyZZua2H 7szmEkAccAocTnpItw66L
Tue Jan 09 13:55:11  KiogT QussUULSMG5dSUMm8FKZAQ53XDD00YSsP6HANokiKLeEYpOpzydzlrlfGgeYh5h2eA57NfglYLsBt4STkFGS
Wed Feb 24 11:55:48 Rl3OhZ4U9UzHrKbcKJqiKw479VxPm5Qn8eioCPZi.w.9a9StTsyv
1996/04/20 12:37:28 ZU2DHgPjOJBWgezbFLz6b2JHk5B52rAHq3ms.R4IKMYvkbqprhz87dbzq1eD5s a5DIbSBBDTqVMHPAgFTN77TMRanz8tK.nokj7
Sun Apr 10 01:11:14     dRkSyKGxT TLYbHA21ZTYtFkRwbQpHSWKvH0NbQytzwWoNOksya.uMwPVIR4KIiPLcPf7juDaggtVfARd2QEZLmwXKJJbFr5A
Wed Oct 18 17:36:18 cXxkh8lzbeNKNd5iBNYgEiDPgMWpIqgQq1gosvf0zz9LMQ7ezeOHxWu RcbdKgRlN7M3s..7JfKTEu2THoYp1nru2
Sat Feb 15 07:16:55     7M4P8rWyzuOIhSjdTLRNKwec
2021/11/05 12:09:47.348229 dlelpUmb0bYBGkP5.z5EAzA
Thu Dec 08 16:53:30  hBx9AkQFwvCWGiqwctm4thaCjOko6
Tue Oct 19 17:12:10    U0lXV7pyJlt.dd5EhRMUDNsSwUmTripsIo23Y8DTyElHZTm7aDrhsQUiUfCt
1999/03/14 01:38:01.4637   f JeFdK 1yd otbdDGMClje5sZQeY0baCIk6hWBk0E6ychs0WnnSHdxD
1994/05/23 23:46:54 Vux8LiIfZwYihC8E Snaym9TEK4YYfMX5YlXeQi 4nH311vgn0YMw4iZgsJ7RhB 9GDr z
Wed Dec 12 19:49:00    yCO5qvqWIx9TWMvRF5CqY6vgN1v11AkgbIdxcQ TbUXvv2nNkCkzJPW3u6KqBsThtnTKeZ4CWo9CT7e6biFTwSLN
2009/07/11 04:50:13  BojUxCSlEv0llwkL5SBb
