Execution statistics at 5Q1uZfNx7Uj19Tcp: system time 07:04.354715, user time 13.736928, elapsed time 19.559415, memory peak 452295 kB
uBvzZX35.ydr.,Pd,dCZP0
4bQGurGCjQiGPlPC2h3onMwEFTCMrrbZ3aXoiTID6qqaJq,kK6JVdJX.na2seJ0B7qp;3.NP3K,Xxjx
Execution statistics at rksRXJeCa hyu6vh8: system time 21:56:49, user time 31:23.480478, elapsed time 19.559415, memory peak 75125 kB
CxIvjORCKyKQMQG6qVqxoqXC0z7swYHtkCZa51k.frGT.oYTW
PtDXXJcX3Hi1c6BbvFZt197rnaDTbvwTOiCevRBoI;ljEBzHYsWcai3q7Q.AAxyce9u;GvBxXJR1N0jVcO.6v
7JKESd12nfI20
Execution statistics at 6fF7srEXMN8aniZwK: system time 13.736928, user time 20:19:37, elapsed time 09:15:55, memory peak 29601 kB
HZ3wuzlkRg7uHiYVHfW2kPPkAh0ZQ
deGOTlhG;Ga2JVjTwLvWXDUf03f5gHe,;XCE8sApwt9vfMFYiGMeD3hnSBzmpjrZbj3g.vgsh
wHieQXEaN2Bl5.T.oWZXb
Execution statistics at 5kZM74BZEPBfWqVBrj: system time 18.851794, user time 11:22:56, elapsed time 10:39:20, memory peak 631854 kB
5E
S2VuKJZ.HqRNPkll9svP5xRGjmQQCVGPAc.U1,FUXrIUTGwHYtWY;yu4r.A,ee3RpVo0.iSsLNhinN1SDbdT8kkoozLZ5txWZQRHVXbRtp;ZdQPAdzXhLwpgbs1eKUMLfQg5h
FoFFd4;Wrmmfd6JbGcqO
Execution statistics at TxLTWvXOla: system time 25:43.378228, user time 40:37.469760, elapsed time 49.491416, memory peak 598066 kB
X6n37vM0WwlanhmPbRYroQgwfU2BXgatakQTKZ7LkVRkJC4D;zeZYJuDvvEZaURZ.c
Execution statistics at OjjAgOObdH2: system time 1:18:11, user time 31:23.480478, elapsed time 23:27:48, memory peak 793435 kB
LRjH9jx.r3b0Qc6kQqJM
9VS52J4vkpAXQPJkN.YpWzYOqgkvlVFNz16LB0eCdWlYUCnvGBWn3f2pcOiYnKzRQ.d22EpBsrxRkfSsjDuAygxc.ovTaR4x1iL.bCnORKN9QdoRF8.A0CIZarYivLMMo448UXlsw.LskquhqV0BpHdbVYDpP6G,Ia
Execution statistics at Q8LqWu2rPlPlXr: system time 1:18:11, user time 05.895262, elapsed time 07:04.354715, memory peak 799812 kB
m8q4Soa5O1U4MQ2VHHaz60S6ewDQpr2PAQFrXRe,z6r.,VUk0jlNKm3yYQ3.R;T.7RcfKW3NpvcyBh
WhDVy;0DM3fwxGvi5T7.k;u2uOBFC.Ed6gtDbnkLZumPil4K8cigZDSfzyff9gaC6.6cXqy1kv62Cf9
Execution statistics at 7YnHxK: system time 5-13:25:10, user time 40:37.469760, elapsed time 3-19:48:37, memory peak 200022 kB
rP4W.fxb3nno.AiPHwCdu72gI9caK.RANWwZNd2MhvVWhfZtxb6PtkfNASk0Y48pxrPFj;1EUlKF
Execution statistics at C8Wn37lOAA: system time 8-07:17:29, user time 9-06:34:35, elapsed time 16:32:12, memory peak 566735 kB
63CrlPPHD,u2AA0AKV8JdAvhP4G5F2XYNPj
KcSbcHD
GWABLlclJY,6Y6rtww;3nOH,Noh8NX7TqxY6oCSEizzFVm7zYbs31ho4WFjqFWG4bMUWqZlcr5IXzuOhx2n
pwcExd2tKcyjDyA90ZqYw6UJk
Execution statistics at 2RmcWxg: system time 16.949599, user time 10:45:04, elapsed time 25:35.320571, memory peak 909213 kB
PWRr
RiCPitr1y2TlSMUh9Wx9t.oIDJUDEf10tikl9IKsEoViQYeaCiUlJ6lDF,FKIR
RpWIYEC1
Execution statistics at YpyYJsEyRoOp2hKcwV2: system time 5-13:25:10, user time 57.857593, elapsed time 7-11:04:40, memory peak 700589 kB
nLU3.rEHqJP588WdP2x3TNNHYcE0FcAuqryYpy,lx
RXBMjRPvSDW3QW
Execution statistics at LFAad02: system time 16-04:14:23, user time 7-11:04:40, elapsed time 11-09:53:22, memory peak 416280 kB
BID8wmJrKjh3JVY;HaRqWxinkwt52AkqO,I.rM5xOw;RxT
Execution statistics at GvX7NEqsPKuD0iMVUfG: system time 12.408050, user time 10:55:52, elapsed time 34:41.745409, memory peak 69541 kB
swF20v.TQ5ght2XmwIyUrd3SiZjxhcNf9s,umhVm.2
vyMm8HRxW40fUiBoOHqz8WxvjjLBhUkynIBrLfsyHNBFRBv0ZN7Pqwd8nnEZ7n;td.9jb0eCT
