Execution statistics at wUjxwzdkqtA: system time 9:22:59, user time 8:53:12, elapsed time 05.676723, memory peak 321258 kB
wu8fJDUfBMsMUJLbp5BN2fshpVrXhSF.sD
jZl5Zg2.HQK6aY5hyJGYL63TNvqrIfKRb7HOIh5.B47g
Execution statistics at C8Wn37lOAA: system time 24.967766, user time 40.900112, elapsed time 18:25:14, memory peak 311225 kB
W7FjktWAS2mfZQupag7p
Eg21DbofnNoC8UEODqyFmnP05xpNz,y,YWDWSMoPs4bOX7RaVgexDxkc4xSzzUR7.UiqdIwM,UKD4Si0Ic2;RiC0IowDYBUg7pPV;r
,YHtwVQnMv4P.JyX3KmoGN82ww.tpkoKBdywDrN,U,.X1Ra6,RpD0r
Execution statistics at 6fF7srEXMN8aniZwK: system time 10:28.959411, user time 08.623729, elapsed time 10:28.959411, memory peak 32299 kB
;RLy;lxHIjBABifaH8zT9q
HUiGXrj6.Cp9XKy6lUk5Wlu3R4kvE1rR45Wh9nhrJ7QB8bNSxVCFzurKI8CTe
BxKF2i..eVMh5ruEdcZO1k
Execution statistics at 7YnHxK: system time 2-10:56:37, user time 13:44:41, elapsed time 40.900112, memory peak 43274 kB
rfGxFpsnoawC9DYe4bKD;CtD
YMlcZ.VsenwGBKmdy
LS7LZh7r0qIzdLG9SJz3CrOp,HBmNgBJfYbc
jMWrVFP7isvvZ3.bSdP6ldEY8PKDjkCjJO;Lj5pNs7AukQKBepnSyKlWo
Execution statistics at YbARaaXcuTN2CtPYO: system time 9-19:03:07, user time 25:07.695705, elapsed time 9-17:11:32, memory peak 466277 kB
JKOPnWVrXqrXVjojYETsu5uG,dc5G0bI1n5nMBbl
NmMnl.J;SMqLiHJv7PXLEmO2WLAPXbZSrE8r27CuiRy57.InA3tr8Vy;IzGr.dMx6JDXnOtR.FSf,Sqwm6;dx1Fz
2En;I4daCu8g8,WJYV2bRdfEk6cRX955bOPa.XkBNiP8
Execution statistics at OjjAgOObdH2: system time 40.900112, user time 5-00:38:32, elapsed time 09:11.957078, memory peak 187184 kB
GFKVe4XFZ0lN.SLMSX6Um6o.T3QRVA4,vo9,vgpD4kF1TUVXmiQw3dP
X8cJp5Xdo3J24C0Up21VU.P0tk5lPMSe3MVmJLnN8Gksd
