Execution statistics at JAiwZ: system time 13:45:01, user time 15:34:4, elapsed time 16:36.381473, memory peak 852864 kB
dosBryMGpWae5G7T
uACmu7t2Eocl3Tdk9yCnXYf97InozdAyyBYgzvsra
Execution statistics at Q8LqWu2rPlPlXr: system time 3:48:47, user time 18-16:14:20, elapsed time 06.574787, memory peak 934744 kB
87F2SLC.A,q,09geWHZACRbVtOMaJ0UqDpo2F7V;Fh7xaN3QzJ5Z;rXbawUKJTAF6ZiRp3cJ5r6y5lrnjE.aEosIQcaIOZV,
Execution statistics at 5Q1uZfNx7Uj19Tcp: system time 9:57:55, user time 7:26:48, elapsed time 14-06:57:48, memory peak 402613 kB
NogDekhOVk6p6v54TFbOJL;pjx1C.VyAnQMpoJOkfzUj
Execution statistics at axUFKgtu8TtJQn7: system time 16-11:12:42, user time 13-03:31:12, elapsed time 11:54.604510, memory peak 569655 kB
46VMQIiDOiZZ,Jo3u
Yeb,2c1
3of,PpFS1lhwsVEmh9Qkh1XtwjhDezwjz
Execution statistics at C8Wn37lOAA: system time 4:34:56, user time 10:27:46, elapsed time 4:34:56, memory peak 654597 kB
rs,0Y6GjF7NnIf1KTpI60vtiSLEIMViMoIFKSH69ee6X2,UlQzcZIbZ7OucNKhQaUAo
Execution statistics at OjjAgOObdH2: system time 9:57:55, user time 14:16.165757, elapsed time 19.234986, memory peak 273314 kB
Jo.y,8izAJVPykS8KEV6J2dYlFRTgAc2iEOY6doYdQkM2PsvQ6,RqQbs67JkS3
Execution statistics at 5kZM74BZEPBfWqVBrj: system time 11:02:19, user time 08:38.831698, elapsed time 38.628072, memory peak 660952 kB
Zz.fxv98Pet
Execution statistics at wUjxwzdkqtA: system time 4:34:56, user time 4:34:56, elapsed time 17:09:15, memory peak 170919 kB
P7F0XTpjqeHMFg03KiVQ0EAvRIMmo7.8ZsAa8sJ973QY5QLNQb8KzzxZD6RZQewU
Execution statistics at GvX7NEqsPKuD0iMVUfG: system time 10:1:57, user time 44.929336, elapsed time 21:54:50, memory peak 19570 kB
.vWaY4vkg32
Execution statistics at LFAad02: system time 3:48:47, user time 16:36.381473, elapsed time 11-12:03:40, memory peak 166108 kB
wd,N77ldsyZ0yZgaj1,7jL8msHWHWPKsx2NCGh,wburH;tGT6wE;i3WzFqwRQ0EnEg85VwiQD9bjXiIBPovuBEfoS4uUcpmY0p07Ax;iuY
Execution statistics at 6fF7srEXMN8aniZwK: system time 09.378538, user time 10.594680, elapsed time 13-03:31:12, memory peak 815125 kB
oRNWv2H2LfTkMJ,JBGV6X
HDzDd7pVqDe5hG9FQIYU2
jVdDt1AvMtyBrz;sgpcn;QxQ6aYgBR3SogM6q1WY
tQmsIvEHkqYxEvQmyqvcE1,L5xpHNf
308SLjD0KZnWLQVj
heo6Eo,wzlsJTcspHW1NBNsViY
Execution statistics at YpyYJsEyRoOp2hKcwV2: system time 07:11.305357, user time 10:48:50, elapsed time 15-21:17:35, memory peak 437085 kB
KrDqoN58XJFYTu8,ynaL.bB
fAB6UVBKvVx77PMrW3eXOC5SgoLR.
Execution statistics at YbARaaXcuTN2CtPYO: system time 11-12:03:40, user time 20-13:27:23, elapsed time 12:31:07, memory peak 988169 kB
4HI,WLtR4HYFdw6PXxSyHuA4YVuCikTKlh4iNvDHuBX4HM7s5hUbI;ZUH2v
Execution statistics at JToVIko01hMUaon: system time 21:36.66377, user time 14.339491, elapsed time 11:04:13, memory peak 631401 kB
8JXluROCAIfX1Y9iLTGbOdtZD655St
XXswSf,xG1;DJYxdvePjOdORdiJKVhbDpuPphoQGyXb4hRKQzTwtN1XYKLWpmC.twY8ATRTponloz5
lAvyXHJF20ECJghvKjr2OHLeW4Wgm
Execution statistics at TxLTWvXOla: system time 14-06:57:48, user time 2:13:51, elapsed time 07:11.305357, memory peak 771359 kB
Fexw7Ww2;yYQ88A6JEf2gIMOhxSEYcWC.XlTzlmy8MMwKA3R1P49lyndNoyUvob,HZNybJrlGtMrBWCKkud,F.X1rggU5pGSW2nYDrXz3DjQyuqo;XoBZjSxruiglSuIxskRDkPFFogTwX
1U.OiqWcq406b3jZ2mM9Dcu8I2dfkbrw
,0ptpxTJLLK1
UaynV
