Execution statistics at 7YnHxK: system time 11-08:29:04, user time 32.50781, elapsed time 20:35:38, memory peak 652873 kB
4AqHzMnW.9klxu.QNgty9IeBA.tqasjbo4hFjpUJOgqYTWnqlXikhp.hsJW0ejiJ59MMeAAjK
Execution statistics at rksRXJeCa hyu6vh8: system time 15-06:29:17, user time 57:02.563638, elapsed time 42:37.483373, memory peak 485528 kB
YZlLBrs752GHiM2Q;g0W0Brj7Xc6ULhQayn4;XzfkfPUMqffRDMpj16wh8Pt2Xo2giuBoigNkaUG1dFFR;7j
beqcg,Z
qejCspVnRJEx6FTflFtFlMwRHhWtgVfxw2awI4hlr.XfjvKm4
Execution statistics at 5Q1uZfNx7Uj19Tcp: system time 11.741132, user time 19:25:38, elapsed time 6-05:31:30, memory peak 407513 kB
E4x4kyQrwHYBXK;Ub;xqe,4g
Execution statistics at GvX7NEqsPKuD0iMVUfG: system time 11.741132, user time 49:45.420503, elapsed time 17:32:10, memory peak 70302 kB
jt
XCRGAg
aDreOW1TttAQBoJUQ3ABeytnW8gEC.l1fBudRlbecSDBB7c
Execution statistics at 6fF7srEXMN8aniZwK: system time 2:34:2, user time 13:40:59, elapsed time 1-15:02:08, memory peak 551461 kB
hfw8Bw;GohPjB1LmP6hxSjCt2kbgBW;iNPyYAl6u.Rxs1QFWARxepNZZlxCZFJbztxzOhQM7G0Ar20uMEZdtAQ2GCkXmOuSiGTb3g,;an3idX4JFFBYhvVN6p3ClJ9C5k
9C4
.qFCDc3Wg87
Execution statistics at OjjAgOObdH2: system time 41:24.34225, user time 04.818481, elapsed time 33.508842, memory peak 41622 kB
1vmQHh3ivb,Axzo
;Gnq2KuuNT.MfB
hRT5fu2Ge3p8WvVWO.C98g4coecIboeqgxN8AtqrtbH1Zw3ewcsrTprv.JlMu0I1xXkP1M2n3uXETG7eYtw.mUrkCO;CUcNcDL4c8Ib89BLvip
Execution statistics at KGy34: system time 18.425037, user time 11.741132, elapsed time 2:48:0, memory peak 954390 kB
88wLyt7aG6rsx50EOCmv09EBzoq9bLiuhSYaX6ofs,psMrKWzqIgz03;TsAHFkSV6h0QnWn4Lvu
Execution statistics at wUjxwzdkqtA: system time 12-12:59:12, user time 17-21:12:55, elapsed time 5:16:12, memory peak 186522 kB
w.B2W5NNyg6RDYe;lXex8q7bT.0kQ7WG;QGQ7NYxn;HQIceQb2gKtXrXEe9J4RZsUA1sJCspKaFUOtvVchq4DP0
