Execution statistics at xEuzuI3hM3cvvfcxu4LA: system time 21:18:39, user time 12:53:12, elapsed time 6:19:24, memory peak 360582 kB
CH8wRa0S2K3DziXt.c8w2ksI0Z9iza,G,XBcXDGRcJz
M8DpblNTlFmjvNm4qjx
Execution statistics at vBy1xr Rjb3: system time 34:41.69395, user time 15:01:24, elapsed time 10:48.160513, memory peak 493248 kB
YUgeNg6XtuM34I8MYkE,LDJFMFmen88F,KSYRgjo8Q87ihoB0kAHMsePo0IHfgV0ylcyp988kSOV,j0QDAStddCsV1ZEvlqyWrOv2thT
Execution statistics at HgwhduU : system time 15:48:33, user time 22:01:10, elapsed time 11:27.972546, memory peak 690840 kB
ubY.K8BE14
LYUZdaL55O.9Y0SM0lPSA1kcN..GOMx,RuzIluWGpLHfxJz;NpMDoSF6EWUEeK0cfMZU8qbqe;6TAjHGM
Execution statistics at lga52OuWEbzMr4GIRXpH: system time 2-05:38:17, user time 07.497954, elapsed time 23:53:24, memory peak 263956 kB
H.RdtPZF3KjE0.oTopVEb3OJmmyWQ3jTBL0TXKA92S96uJE4UX
hf8v4AXd
Execution statistics at 6dHbzhiTX7pWJTR: system time 12:53:12, user time 7-23:24:04, elapsed time 12.69749, memory peak 946426 kB
pu7mIA
rgSJZfTJIwAExN9ZUXH.Qn.X7Uw
Execution statistics at v1OqEpkz2OumLjLV: system time 03:43:30, user time 28:49.833728, elapsed time 11:19.10356, memory peak 967727 kB
G1TUIQlbWhuh7WtHlcdmAhZVfz3q4n6TIdjFtXHQr4,dDW0P3WiviZpc89NurGZBduRCN2R.k
;8YsKz572QeeLVDM.3rrWFRErN0VIbYFN2CDgj7De
AH
Execution statistics at zgJCleOaSAzWwzDUIfM: system time 07.497954, user time 28:05.179097, elapsed time 46:55.389503, memory peak 63739 kB
wP39W93M6
cpVBjCjQlTWdADQ56nmttCKQ
I2KXog83wv97e3mQ2IBOR8H.baaq
Execution statistics at 4vM8eoRQXSv: system time 15:01:24, user time 22:01:10, elapsed time 16:11:41, memory peak 48538 kB
oR;
Kh4qxjsmPO6
SJpC5Em7XzjpGg.YtdvLmEFx.2Zj5Xm3StSCWMk02OJ4cUmSpLosZDBFuKDrkkj2QKixYDe
2hhOLagjXLQmohessEkIBWcvdvI
MLCxspQOjXX,RwvhZ;NQJeqRmAl81BB0z446,4aYwCNCCoAWPbHtVGi2aOv6G
Execution statistics at 9hnPaIYJji OYLagLdg: system time 09.726198, user time 03:43:30, elapsed time 5-22:58:42, memory peak 15211 kB
8kH5itpV,lhh51
.6UBo;I0CyusLULQSZFQPsqxUZ00dBsL4pUVyD9v3huYQngdPOA.VpGcnbqG
