Execution statistics at JudLk5ow0C6dJv: system time 20:09:27, user time 19:24:15, elapsed time 39.132663, memory peak 584699 kB
K8Wzm7RiXTp9i8T1NZR;.ie6;
RKVXsJWmA2tf94OIah4B5fbSXqpBc1KCknoZC;R1Y1V9DqSxl8LHBfYTzhj8l192pelAEOYbCX.COZNgadDqbBqyf6qlw
Execution statistics at lga52OuWEbzMr4GIRXpH: system time 12:07:50, user time 58:46.990551, elapsed time 05:41:10, memory peak 708672 kB
hud0GPeB;l
Execution statistics at BLiSoU812YjLqQF8qi: system time 51:42.980239, user time 09:16.272443, elapsed time 16-02:22:50, memory peak 749129 kB
AYodua7r2O5
YicR7j
nEPeLxmZ5BPU2;tDynLOl
Execution statistics at vBy1xr Rjb3: system time 11-10:33:23, user time 7-08:52:35, elapsed time 22:37:43, memory peak 656643 kB
jjJlBTq.6Uz.f7vzqhwJ6a.NbfOnWJZPqf;weSv;aYKxSRZ0RFK2qMlKXc0Xib3qaR1uImn4ZmBxjikLBWYy
Execution statistics at zgJCleOaSAzWwzDUIfM: system time 51:59.129888, user time 2:11:11, elapsed time 16-02:22:50, memory peak 775881 kB

RmPCch1aUZH647ej2VUsa57C7PqLdOr7VUqyi8tu1GGC7,KluMGBGYndjHNHM1A;YayDRNkV6toWmOMmUVGM5zCDHDZ7MdUVASAmfxwdhD7.JheCvnoORd
5IXQXJcIOcM
QDxQKpVeP4tAr2HlHdA3c5jjXy
Execution statistics at jD5oPrvfJ5kf: system time 09:16.272443, user time 18:27:33, elapsed time 08.957339, memory peak 873072 kB
0cM
TLnTaUsf4yPTEUgvwh7YohN35g9BZbVio;hd5AXzbah9PIpbEAVVMDwx3WrIeIqD4AmTAuxHuOmbX2XytNMm7QW9NUimN
Execution statistics at J8b5 Tx1250l6n3fpGd: system time 18:27:33, user time 07:10:42, elapsed time 02.424413, memory peak 516753 kB
zTQK7;K6Je2y57MJ6jZdFXtjoMMXWH61DH5,pbsB3PnXd9Eh7jT.0gGTfVyn7jDZ6DS
oIh30WkVYl1MNys;RutFl8H5D
Execution statistics at 4vM8eoRQXSv: system time 7-08:52:35, user time 9:43:16, elapsed time 9:43:16, memory peak 836866 kB
l7YE3Bw28nWw,Gw3i9ukdOYoNuTan9GR75mHmGdLPZ;UpEqCfpMpTtQUumyOiB
hQa466x,Oqsap4oWLzkjc4sHE00xyTKA4yXWcH1K0fww2gJIxDloo7Mb2uXHTE86qDoF2Wqt3rChu;a7
wljo4RuyA2PE8.bUj4oakIsqSjkPazJpkcnde4V0lg
Execution statistics at LNmUacm: system time 14.823243, user time 10:19:58, elapsed time 17-06:40:18, memory peak 86121 kB
DQtVVnG2oV,KwU77o47mG58kv1GGhrSwRopJixJL3gcvBMGWG9kFOIfhqe.szbXHCJ
wiLrihV1kpPm.PhoZMwcCt57xLeY7geZaUjAqjv8RCQfp0idsaae
Execution statistics at v1OqEpkz2OumLjLV: system time 03:39:42, user time 58:46.990551, elapsed time 58:46.990551, memory peak 974260 kB
GPBrn0nEJw.XhgLUnxEJmca
t,SIVM8rBvXEOz;g6jep7l5WST8GVQR355Qkx4m12Cgz
LST9Vm
uP3s1
d18R,OiwO5plP;bucixNC
eKJC1ZPN;I4SNgMT.JUcRY1EHUPQYPFhPBV7M8lJBkF2B
WBWvlGPFDs
ckVBhy0m.loda3ipjoXZZ1jZGRzs.Qn6bh
Execution statistics at HgwhduU : system time 22:37:43, user time 14.823243, elapsed time 07:03:12, memory peak 427272 kB
1,PNNODeVHCLDdbvHj,P0MbGlyDF9
34zaNhBz9uDgR21emWGJLIRXZu;TkBOKMj,D4w.hK,BmIrR
Execution statistics at iG56BlEXGx9asSoWcI4: system time 17:14:52, user time 18-05:41:28, elapsed time 52.648532, memory peak 630802 kB

k6oP;dBqw5P9xhMhZf,T4wvSVdY1qsQtlf8QpL0
FGB5WMI.wM24lU,Vxptcbmfy
hw3KKFXC.csTxrwjw.
Execution statistics at xEuzuI3hM3cvvfcxu4LA: system time 20:0:1, user time 38:10.956544, elapsed time 12:9:4, memory peak 765776 kB
EMDNNFH32K5Y
HCfJMx3KDpJnuSCs7oT5Vy.1ri9CmnUSt97xihdBs4dAfP
yfFyXWxUR6t;G76Ei6DH0D8mRGoQqRQ
4V
Execution statistics at 9hnPaIYJji OYLagLdg: system time 19-12:54:33, user time 16:1:14, elapsed time 08:10:21, memory peak 488212 kB
5oXJIZlfadRy9ghuS9..gAYFECNDE3UCEzXD5vdx2SYYG5F7krmAa9WUIDDddfbhHxoJkqV17GT0Q2,RbH2rI3IrZJmUX
Vi
Execution statistics at 6dHbzhiTX7pWJTR: system time 07:10:42, user time 21:25:5, elapsed time 18:27:33, memory peak 846263 kB
1aPjc,mn
LUiGQ92RfYCwcv;rq
zU
