Execution statistics at iG56BlEXGx9asSoWcI4: system time 56.158545, user time 15-02:14:17, elapsed time 46.306537, memory peak 38675 kB
SnbXa.lsreTWAFUmCwS71uC5JdR84.UB4G,lWvyAOzIhPg27hvnF,SDwBgdqNGX
Execution statistics at J8b5 Tx1250l6n3fpGd: system time 16:8:26, user time 19:43:59, elapsed time 18:14:26, memory peak 269777 kB
87SDCU9FBPTh7Z7IcXkiJBholz2Fk9.xzbAzmbbWNowbU5lE4AUinpmBJ1Cj9ZnCHRbXDo
4S8bfZt6e

JS5dRN,QsNE;PSzgFVs;alej925e;SrDXCQlyz.LoVKByOCb5FhgrOKV,hhHlX
Execution statistics at BLiSoU812YjLqQF8qi: system time 59:29.326035, user time 11-15:59:47, elapsed time 58.246347, memory peak 201679 kB
itvw0p.BvCL,9;C980UmeA;R.w7KFGXDe.,ryfiWgu62MQflVOT5STVfD37cV0MYJf7x.gDKHe;yM44XO5jKPa82lQ9kg
eJYKYJb7N9.v5mZj3TzQCn66tWq,ylRMwL9z3nRlOMwv1bGOu5HqkDEtmTIiMDSbL3PReH1mZN3T204l37
Execution statistics at HgwhduU : system time 37:06.74738, user time 18:52.739159, elapsed time 23:09:50, memory peak 236318 kB
,AnrMwcq35fl,jCYVXNZUQT4G8KtyYph67;yh,9u8Em;vdA9FlYeAIGsKgg1Xk2kmMim0h92SWv7XWX5n6305qN21hCJqWhZ
Execution statistics at v1OqEpkz2OumLjLV: system time 8:2:39, user time 46.306537, elapsed time 09:12:14, memory peak 748227 kB
h
wk6KWbeV4BXVqRS,nTR0walzKctMbJur
Execution statistics at Z3xc6Uu: system time 03:55.133244, user time 46.306537, elapsed time 23:09:50, memory peak 370986 kB
jmQ4TzWyhTvik6m.f7OYmUMImw1eQOI,R.AiTesxdN.O;aZIzeeNWO9hhBH1QxCU1GiSqaYEFPR0lyYWwco5TR,Ck.Io9vT4wmFOKaxo4kyvHoAGMsGMWgy38Yn,xdxBZCIfs34xreH;2;r2
Execution statistics at 4vM8eoRQXSv: system time 15-04:36:16, user time 15:15:54, elapsed time 9:2:33, memory peak 115879 kB
6qP38HtVvw8,YkpcwtfnZeSIvmyLlFu2faDg2RyX8O1igX8R0lUv7n.kjgvMd
rgTP7Cs1ySk3p
YX2v1qUH7H1oGgoGNBb
lg6ecBAXwgIgycDGzP9CE5ofr9018gARICkQRdOh2FRWoxkn;iwaoZdtiQFY
Execution statistics at LNmUacm: system time 04:28.24517, user time 23:11:04, elapsed time 19:20:49, memory peak 424418 kB
2J7Zhxrj8KZ
0nkIB3slzcm9CKniA2G2VMY.JqpyVAOhUCTY3BupSPzosknOkqXuDGLy3b3Mrsl0D
Execution statistics at 9hnPaIYJji OYLagLdg: system time 46.306537, user time 5:50:20, elapsed time 00.174384, memory peak 185334 kB
WpTZUZbjlYB8WH1c.hr4rmYzESn4RN9u4gKdnw0g4hbWVVXA
Execution statistics at 6dHbzhiTX7pWJTR: system time 23:09:50, user time 51.167462, elapsed time 44:20.301634, memory peak 80676 kB
Ohz9i1TDvttsZM8TAJbcD8yxuNx;
i.QbJaQCzaDkFUqAUfVEYXoDHVPgLMkKjP;Ip1lhGFU;37NAu0ksjuL,sCb6CybF8g29cLA;uAu
Execution statistics at xEuzuI3hM3cvvfcxu4LA: system time 27.620546, user time 06:35:11, elapsed time 9:2:33, memory peak 926854 kB
yQTAu1E5VBx8fyQ8M2wxj9vMkjJKgTy59U
otZhi7cuUJNaVc9SHJmUcIdy;1QQxrHiivI,6fzdbF0rYA9miX4OS92Gv1Jks92mJ
Execution statistics at 41h63nfqq9G8pVGHd0rF: system time 8:2:39, user time 06:36.351133, elapsed time 00:44.207113, memory peak 732957 kB
A,.kzC6Ncj38h,W7vWuQur,cNJ4dsM5o1BpsEQ4wwpbAOB
5VLHH603ij5kxJ3h
86ueMAutU8O4gXl.h313hW9;1E5Zz0Abp,IkwITFdIsHoIhLJpb9Im3tJnpr9kojAsbHt;bu0;MbSwbDgf1
Execution statistics at zgJCleOaSAzWwzDUIfM: system time 9:2:33, user time 06:36.351133, elapsed time 04:28.24517, memory peak 814231 kB
k3YZKBDcQcwJuhDM2.q;cR8A
gPVGMs72ifh7vFnxbDBVy,1E,8G4WMKW6T57kHvxEp6
mxhqD9cUZt7eVsvSkHp6JJI89k4iLiOZQD0nHgA1E7bSjRDPlxNIVyrrvFcax;priJmOSvflPFgAJw8dCm6jwBl0xicLfPoG
dHP;DppW2JrNpmJdxyEkfON

Execution statistics at vBy1xr Rjb3: system time 3-16:38:16, user time 51.167462, elapsed time 3:6:42, memory peak 123864 kB
Wc;kuOf8wA,GijnBbjXsZWoRc4
T,R.
9ONZ5TXIpSOQ2bzz;RUsWbJlDLEa
wNl1,rIRjUoPv.YO0i9wCZKUG5ysDL6I7,xZ6G9ScPzfE3RiuzB9w;.98T89UM;m05lVMq39;HVdFu1fPffZ7Z
M0KyXxo.9O8oXrQ
Execution statistics at YHwc4s: system time 17:17:28, user time 02.610401, elapsed time 7:16:40, memory peak 717790 kB
ljNEotWZvfSqVC1.w6kz3BKK;6,zkRHGlHNpa8Bt89sPJ9lQs3XCXm
YrShcWwo8PVPk.cV6ILz1ZsLSaGYDl.V9Oq1yY;bxAm25QXL1I9WrkijTny,gyMnE,.F3.SKyjRKD
sh95c74792QFKR9K,rrQpLiIz2Js.Qzlalt4LQwKbg.5ZSJ
Execution statistics at TZygoDQ5HCu1BQu: system time 23.316543, user time 39:22.84047, elapsed time 15-04:36:16, memory peak 874366 kB
ZG.C4wjQmMFjg1ERmU6PF20zv9dvPc9R
iiDo
EycHBZf
yAgovpeDfLP3tu8meNxy6iYl4nThoe.Jnf
