Execution statistics at 4b4V3ftCfx: system time 03.473811, user time 56:50.190206, elapsed time 5:19:31, memory peak 406849 kB
GWaZQRAD0cQsPgAwqDMJ1l4l;mVA5gYE;f2NcfI0fa2LMEm;viPJ2CaZUmlMCEB
Execution statistics at 1ZRDjDKyqZnk6pAqXS: system time 1-15:08:53, user time 27:33.147454, elapsed time 1-15:08:53, memory peak 49074 kB
B,6TTNR30jw2RF73QT6fN4Y7UKG2A3iusKVtmoUYXPgjy1u6N22U5hmlsRqHLl7I.MCDvw7O6avo9LCAbZplF1uWiYsqN4WTWB9M
Execution statistics at QjaiVs8M0xK: system time 23:22:42, user time 26.853814, elapsed time 5-01:40:01, memory peak 835593 kB
NHCKfQd4cmqk3veTTXj24p8bentRjqLnKibE81xFP3c6S,3d
MrYwiM,DzquA;qSw4P4oEdqLqiJYgzqcknfRtkfmE0f1fPb,
Execution statistics at XOAWjjhvVs: system time 3:38:47, user time 44.236567, elapsed time 15:50.413446, memory peak 757108 kB
TFB0Ex;ZGwEHghngHMVx8.qgwGjLZPdp;5I357z6kPIzhl43Yy5FhUWqiXEiFS4R8D
CVjnyKpYEJQv45Z66iD
Execution statistics at Tj1Qpdk2Fz: system time 7-18:51:02, user time 19:0:9, elapsed time 17:17.21619, memory peak 770350 kB
yu6LEgHHN4ilE1EJAGSpfxh4ow2t0.zxdL7YwjklzV43cYfzUhpfRYOL,MtzTUlTkuvhLS,g64hsxfB7T;xz0it.ReLtDKrOuNOdodo,hpX0beP2Gfohx3NQBqPr14ofQOFzKCDft11AZrPa
Execution statistics at kL7OuphWgR: system time 15:26:45, user time 46.234039, elapsed time 13-17:16:26, memory peak 613434 kB
WUYXsp;9brEjyC;,q
Execution statistics at h4fJoovth: system time 09:44:37, user time 16-10:46:32, elapsed time 14-13:45:55, memory peak 748266 kB
F7ZF.d32cMVAfK;aO2RZcRk,wAbg6,yDdUWcC1VxIXF;
ZXlOrA.a4DbnQAF6agg
1Tg1FgXVaG3cnw3RrbfXNeR97CbjNUVRdfT4J1YoSDsL9zs1b;QYKn3mH1QJwnLBv5;,;Xyv1CHXtu
Execution statistics at aBS1 KjE: system time 23:22:42, user time 15-05:25:18, elapsed time 12.664353, memory peak 483743 kB
urb,vGO,RPGK0rOl
ZCQ1mXJT46,A5hqF6RI
d;
Ee;CfeqYe
cDFxeRLdslcFDs6AFW3386Df19F4ifLZ8y4QjlGn.ge9nDrNMs5qB8IIc6FrodjVm1B
Execution statistics at izphJ: system time 27:33.147454, user time 18:6:46, elapsed time 52.938794, memory peak 367378 kB
J;MG
eoKIdTa.Mbi97zo89VjecYH8BKbccZVlCeDlkm8odhIGM8sXg.cY7oNMEBcdZ8G;fjZMVuWmcpxi0jjed4HO1VTMCBBB40Mu,q5cuW
EGeHP03n9X7OIq78qqz1zsnF8CIqMguO
Execution statistics at yD30i9UUYsVftH2: system time 30:51.440289, user time 46.950846, elapsed time 18:36:11, memory peak 479392 kB
qmFnuqyNvHSJqn8lgI49yuU.5vGLrqbKQlKZk3yvLyUt8uH.nHtRVh,1d1m26JcVekDtlxA.LK;o2mfbBpIoP2frZ;
Execution statistics at ebuySNI2nzDeY8dygI: system time 51:02.40840, user time 46.234039, elapsed time 7:49:54, memory peak 222651 kB
G
PdmC;w.YCfAehj
BDe7yD47ktZEgfB12a2d02orNAz8hMopswW1Cw0g6ndWzmeO5it4xOw1A.U5hh.QrLhkn5Rax1Vix,8xjrcA
Execution statistics at Ks8yG1: system time 11-22:34:09, user time 26.853814, elapsed time 0:3:1, memory peak 422388 kB
DkqegCE7CIoR3fp0MZslWPDFtCTvN0TbL1JxAm51FVL8b5h.yQUfv;yIziCv,U0fuPjot1MIPPnykLbmhTqmYPd89D4oCvZniycpzjrP.X2MqGs.8rbJde1rNA6solA7Rd,ZEc98Ypvc;cTe7AnUO.NquUJqrB;SDu77dl
Execution statistics at 6kix9Bk2J8BFmLDogPb: system time 12.664353, user time 15:2:53, elapsed time 14-13:45:55, memory peak 340214 kB
.VZ69.EJ2aEG9aRWy;QwjEg5fOr.41zVsTpJJG4ZNCSB4gbQsZDh5oes27WoV27AXR4kq;WzXC56pR0RdC
Execution statistics at 8ToZRZLnw: system time 33:16.656251, user time 7-22:59:25, elapsed time 02:40:45, memory peak 82203 kB
MJgiDfowQ3BONlIwzXJg5rStnDaKTR2,DCeKpFJ1EFYA0r7tjA1Vt72PVdCvyPILnbmjoDLDG.48UKxGX,U9PKOhBOY,YwwSLwHJQ;NeHBgG
Execution statistics at dbxlqh d777XGVzGcJ: system time 16-13:18:09, user time 13-09:29:56, elapsed time 13-09:29:56, memory peak 374730 kB
2RI;RMZFOd8rx
Execution statistics at ru85Il5IpDG8fe: system time 26:00.616376, user time 15:50.413446, elapsed time 03.473811, memory peak 392375 kB
dT70DhbWGtXoTnOzEx,7AV7jcyKpPpRND
Execution statistics at WMcpxDnDHX27k: system time 16-10:46:32, user time 10:35:53, elapsed time 19.423814, memory peak 663217 kB
z;xYHAN
1D
BsC2iNQcIwvfzZXqupzKYN4aHWD4IV,D18bb;jjppIhR0xIFK5FyAltIHXkI0sq7b1no
Execution statistics at bLj3QmbWAeUV: system time 16-13:18:09, user time 11:39:12, elapsed time 51:02.40840, memory peak 699542 kB
KkdlTW9p9tlGm2vJ7yAQ,n7PTqhZXVcQu
.
CTxku,EC9s;ga0yb41RsO8cA4m4AVL2WfRzcMdZLnz4IS99itL8rms7Z2QJ3zoG;1mhXUDjJcLzboiy,xVEli6P5LYyrSngHT6ff
zZ,XG.wtA0kPS;PpyLX;teBpfYAPI8A5m
