Execution statistics at kL7OuphWgR: system time 8:8:28, user time 19-22:18:22, elapsed time 45.533662, memory peak 188037 kB
dk7f017tLsyUaj;1vvFTp7;f6.wmxUoORfyf1nXXnDjoT5ePwBE7omaPJG2Kt2wrJUlBu,FDSKapsQA.0onv1qygsagFQ5oU;S0vL4ehqt0jOB
Execution statistics at XOAWjjhvVs: system time 6-14:03:04, user time 13:47:50, elapsed time 15:09:49, memory peak 94994 kB
iJYdbzYLb.Lk5dy
QpsrkdAhE9g8PS8itm8oC5yhzQBLygY1IfTJV,MWWY70hDdG3Pvs54EOKSS2SXCmP73p984nLU8ooz;LK23o
5UsGbaVDq1cuXY1iGM2UerrlJ,G5NA0mZCpvdpLbftq.1Bc.k1uCxTlao5eHnCb
Execution statistics at ossChA2MVnfk: system time 11:38:00, user time 30:23.781486, elapsed time 2:12:5, memory peak 642171 kB
e9HLoMadTTOMYa,DH;v5DaB5iuQXKyLJXDO4jXBn3KdOJrZSo6Nm
Execution statistics at izphJ: system time 51:39.699517, user time 15:09:49, elapsed time 28.262164, memory peak 378990 kB

68i1vmmpdKgeBB,Rh0eRZxE5;rbpJqpxpb.,;2hWNI
U57AiY5Aj4znwuH
Execution statistics at h4fJoovth: system time 24:43.183155, user time 09:21:20, elapsed time 28.262164, memory peak 177618 kB
ytSTR6hrfxtilRQer1kX3sj08teyUySif
Execution statistics at yD30i9UUYsVftH2: system time 52:32.974207, user time 13:09:49, elapsed time 26.883097, memory peak 544530 kB
VDf.sExi8awD4F3Wk
lG,tS6P,95Q
nH9FlN7idon;qu4qzB4UzVJpNvk57K.L7dj,m4hXdyF3jrQT0pXbuPdA
Execution statistics at aBS1 KjE: system time 17:45:45, user time 22:23:42, elapsed time 13:47:50, memory peak 295986 kB
Z4U0nbEi,fMEXZeIiYKxlQzeu7
DeTrPiai4PyHSrPuqZWsjabQD7NG
gKRg
Execution statistics at bLj3QmbWAeUV: system time 5:28:17, user time 15-04:57:46, elapsed time 30:23.781486, memory peak 636566 kB
YiBivmp8BrOU1ppgEZb1UFy5j78FbkjX7vhlvZds
Execution statistics at EZtzX xWi: system time 30:23.781486, user time 22:23:42, elapsed time 52.487014, memory peak 608376 kB
EHtWD4;PO7G.bxO7lMdq9B8znJMosE.lUkVUgPT927frOq,0YyfEVGF0rAGXBw4KFO8NvlG2gAGJHygVddxxbFkOx;UeLZoSt1nB2t,0DK4PxVp2aG1t1lKqc5mzr;l8fgWcwSKMeN1o6ghqDV,S;z.Zko72m7sY6eEXOiULZ
Execution statistics at WMcpxDnDHX27k: system time 11:38:00, user time 16.794766, elapsed time 43:26.484948, memory peak 907182 kB
Zm,yGpyrdxeJC.OlVMquEhAUTTJsYm2K7RHxPqpp
P,TiD3UlIPPL8F3xvrtDZBxrCKeabri7Zee90TyUP0Z,b2zpwfZoxd0XNy9aJauByanXkWf0vIxLu0Vw;UWhwAUyUQDZoE0WeUS8zXm88Dc.WkTnizr
hZG0fnIwKiM.dbBbrz8BThlN0iuJaLB1s4
Execution statistics at Ks8yG1: system time 08:09:05, user time 1-09:40:46, elapsed time 10:47.635388, memory peak 783805 kB
Hbu
nXuDHFFPDuy6HNZgcao7wrQ2RUvYKaC8FuO5swguura2Nd6zrd4nfvA,kU.w1;gWcJQ0UAz1BeNrn4sTALT1SUBFMq3S50qrBPgOFFClmqPKFP5thah5nSy
9f
Execution statistics at ru85Il5IpDG8fe: system time 12:7:19, user time 52:32.974207, elapsed time 19-22:18:22, memory peak 950514 kB
xXVhMJBZMvDHplafLLjZAXHaRQRQ9f
U9KcQjkKxOBmXDlRtoQZIVoY
H,WBFR.R44bm
Execution statistics at 6kix9Bk2J8BFmLDogPb: system time 14-03:37:07, user time 15-10:49:39, elapsed time 5:28:17, memory peak 758958 kB
QDrerKhlQmhuYOL.sDzsFEL1a7Q5CmK6BA1jhfKg50jmr520VbBTEHpaL7T42W5p7i4hjsd7xbhn310pn9m4Src5swWPtrrS;x
2pT,mDvPdUFpPYcFnoBWbLy;oR0g5tsSDI2
Execution statistics at ebuySNI2nzDeY8dygI: system time 22:23:42, user time 30:23.781486, elapsed time 40:30.271397, memory peak 720125 kB
osm5BT7F6sotsF7lOF.egiShZdq5m,YtDxkPB7FC0keVAWyGfz9Qz9.CPBDAiqmib..VWpb2XsuUE4Ijdut5xKhrT8STP.ft8
Execution statistics at 8ToZRZLnw: system time 24:51.961438, user time 45.533662, elapsed time 15-04:57:46, memory peak 261036 kB
aCLARQRqgssLGeRD.XIaf6HPoWA42LEGg;R,HK,MPTvP40G.Xkpt7c6cI,Qd9fG7aVaD0
xZo27lnOngO5HitQbQHdR1WpAR6yO722SlImIM0B,.5B.oiP3NPPmh59ffGsYUenUBBeV8puCTxS0vPEHjZa;vOeU.eKgf3k8u69q
Execution statistics at Tj1Qpdk2Fz: system time 1-18:10:12, user time 50.388962, elapsed time 2:12:5, memory peak 985240 kB
QxDJTdiYJuJ51WZi0XYODFAwyydSni4gANuFwBuaME1hgql2.RrT

Execution statistics at QjaiVs8M0xK: system time 21:46:49, user time 15.103131, elapsed time 9:48:27, memory peak 518150 kB
Z6,lFFhIWIQ8SdqjXabzaTCXP3jWn3y
ODXAm,3EQvC6;9d
m6U0t3q5TR9xV93l;vVnAU.TP
E0fD9.CQLx
qONuGRY4.voLX2iL6dk8v8OXXwdMKJwv8NecQJARVn,Dn.D3ANGosu7Ikt.,FU8d
Execution statistics at dbxlqh d777XGVzGcJ: system time 48:14.951137, user time 2:3:26, elapsed time 19-22:18:22, memory peak 172385 kB
;QJGN4cPf4ce.96ljDLkG0W1Tjwaqxh.HouzH7IkAvxV3JZzmdyYdyJ
Execution statistics at 1ZRDjDKyqZnk6pAqXS: system time 2:3:26, user time 23:19:04, elapsed time 1-18:10:12, memory peak 792423 kB
37aQ0W,kzJ7y7gj7KW7vAQka78aTBeZher5KdPEG,wcevJE76u,ZFgtF7xogWHuU;V4DtohXsIvlShw21hPuNlfIaf5K;4k23pK1
8ITyAPENEVgGHB5207,NHMdeU
