Execution statistics at h4fJoovth: system time 42.789075, user time 17:15:13, elapsed time 01:32:03, memory peak 903038 kB
1bzDL00RGGJ5N7RcIE3gZKhg7mBvb88YDDP8ercfqfbJ307xNZNNbU70I,Rn3BAKqpf
Execution statistics at yD30i9UUYsVftH2: system time 57:29.662427, user time 18:54:34, elapsed time 18-07:37:08, memory peak 239566 kB
P.
;3KQieSU,f1qe2kMawbyPiwkgo,sz6dYXd1ZiKTr,NYIuZ7MnxvU0J;NjxvD1qU6lwBJ1Wzq8UkDO2a5b7IwUnvOe2HRd2bNrYh9fI
Execution statistics at ru85Il5IpDG8fe: system time 11:26:12, user time 23:41:11, elapsed time 01:12:18, memory peak 117268 kB
xI4,hZxD1b1YUJwoEwu
u,R,evFgcorXOVVrS4ny2NFS.WB9

Zqp90c8IU;wkgTcuyw,rjUwYTVtmwuMK4N3EsaPuzDaF3Iq1kdeRmSu8mGB
wfjw5RznQ4HU2gAqwahoxTaH3HKpe5NEEw,0ilorUpkysvHX225.q9Le2JcLnD5UvWWq;b3g.9UK9lSaTBvzbLf
Execution statistics at dbxlqh d777XGVzGcJ: system time 03:45:29, user time 5:55:0, elapsed time 00:23:37, memory peak 999226 kB
Y4.MPvF3Nm,2ncjXvB,qug.ssiYxfXfmAToXw8nFl
N5uHSKqd9asYauL1FInITA3gesC,xAApKLEeCQQlY;,RLRI06zxSxhazXUqQrZVrkI
8,b
Ft975eQk63UUGqHss.kkn72lsOvnpJUYZXNIZ;wI
Execution statistics at aBS1 KjE: system time 06:21:23, user time 16-09:40:44, elapsed time 32.256540, memory peak 30202 kB
1NtK
PKx5Fe,Zo7vZnWO;tGPVczjL6cZ2DKw28C2eXW.6PEQbrI0pF.jbCBOIBvNWi3;KpUGGw2T.0evsOhRjyhdx8BwioPzuzdHV4wLjCv;aqTYyJCC6R4nkjJTe2RJY
1EJNT3ZG2GxjIge8OvIbBUUcUYxwax;Hjc5F9x;.r0cTx
Execution statistics at EZtzX xWi: system time 53:15.228826, user time 14:8:5, elapsed time 8-19:51:41, memory peak 598687 kB
0XCFVqcGsHgBJrY67dQWrlRtbKD;,hxu9akciDyhVW1Pse
m9hkhuzWJrC;
PNG2LxeBnT7Jb0ucSuU5XyHfJ3ZVx7QJquzDiW6QmJm4RyyjWTgF24lMoe0ej7xT
nDSNu7DsTjhIv00Qy45M2nhxnCpd2plqKBv0xkpJVf8jSAZjubnj6uiHM
Execution statistics at Tj1Qpdk2Fz: system time 8:14:59, user time 29.932211, elapsed time 12:37:5, memory peak 377653 kB
piYLaEAn
1E7lc8g2bA1FzkD,ce0Zi7QEEEG464vBQc04qVbCV
