Execution statistics at vBy1xr Rjb3: system time 03:02.187102, user time 3:12:48, elapsed time 3-08:58:10, memory peak 445472 kB
8Wm8J0bkglDAt;QFN.na53S2ilvYTbqKSJY6K
U7j.HgH2vIOwp.q1LYtyzssPsuz505rh0lP008McJjpZlPSL84UtAymKroeMv8EpxxzohYvfAQdYMaHEKa0VU9W9NNn2IyKQ9
0dotFoXKumafXO
Execution statistics at jD5oPrvfJ5kf: system time 02:38.799315, user time 5-22:10:56, elapsed time 20:52:52, memory peak 407833 kB
aYSnsIe,Uhelr7QkIgzXHiAx0f3Mt,l7yTvlEKsBoBeNf2fawrM27QgM.;y1CwPE,2BDXfwRhxe.cj0nJ1uAU6
Execution statistics at TZygoDQ5HCu1BQu: system time 38:50.774594, user time 20:18:44, elapsed time 10:57:48, memory peak 869999 kB
tHNUdNfdX2TtilrKa
Execution statistics at v1OqEpkz2OumLjLV: system time 10:35.938762, user time 35:43.877342, elapsed time 03:36.12776, memory peak 158612 kB
fyNh,iJyFknTc48HpKkDDm00H7WyXZx7y0671Rbs17YFKldszqC7.RpuyfzEMeXfGsixlhsyXOB
MBFtAVulgmaFf4f7X01x,QIa.PQbw3lLScakHaXHkNczI6U,byohCsMb0TiIeJr2LuMhA2y7Iv4U
Execution statistics at zgJCleOaSAzWwzDUIfM: system time 01:58:53, user time 15.899954, elapsed time 2-20:45:06, memory peak 873739 kB
YKwGswusb6DPV9H.VoRaklJvXDpSajuZo9Itgi0TYMtTKFRyw
o9ais5FLvQx4;mGV6tan9JjWYfSTPce,XPHgeNAboWxJ9Y3ImOrqYobK.9zli8U
2F6fSXhA7k
ZZ0Zq6VfuMkk,ExyCuRpZIGdsE
Execution statistics at xEuzuI3hM3cvvfcxu4LA: system time 11:19:9, user time 20:52:52, elapsed time 02:36:29, memory peak 281720 kB
lldtkSL3nxP
nQYct5fBapor
Execution statistics at lga52OuWEbzMr4GIRXpH: system time 33.884868, user time 16:22:12, elapsed time 3:12:48, memory peak 581504 kB
SeP8SvmN
EsDJhPzYlQe9JNoqvcvRvyg,kEclME38Lg
Execution statistics at YHwc4s: system time 12:14:29, user time 47:46.687826, elapsed time 22:02:34, memory peak 193405 kB
b9XryhtNj;E3FCvOh1ax3WlspCHeq5qNpDXaoRNr.JPay2suNThVN
Execution statistics at 9hnPaIYJji OYLagLdg: system time 2:28:16, user time 21:33:48, elapsed time 1-09:05:56, memory peak 517907 kB
e4FmTSZLdKAtG4oAE0MHFyewBFfRDcCXnXQn3YdhcP,2Ob3Nx2X
CP3jtIC1mK6W2HcDIAatRUuKVIERHsunduFH
eA.5
Execution statistics at HgwhduU : system time 58.613411, user time 08:28:44, elapsed time 29:00.908162, memory peak 966213 kB
;4a72oxtofEtzA.iaXABN8,YuHYUAmiO3g740qcZBnFFIqFuiypVz
AKcQ7tUi;
xuY5349mDEv1PM8Jaohykzm7T8FsG2sEczT257SYFx5Tj34,mkAUC;qJdFRqe27gWgP4
Execution statistics at BLiSoU812YjLqQF8qi: system time 03:36.12776, user time 5-22:10:56, elapsed time 02:36:29, memory peak 270790 kB
uFeSf1MC
;Bb1J78uInsyRqCgLtPkqOGB.06n5Ta
iYiZVJxeJ01bPvOutRveWW5eu58OhFxzxhLI1
