Execution statistics at 6dHbzhiTX7pWJTR: system time 3:32:57, user time 09:08.738176, elapsed time 22:34:43, memory peak 786702 kB
zFPkHZUcsE.yLom.;,2K6RyWg83yGTPv3beCMzk3Re2n,SnD3PFJAvu;r18023iiNMYWAWyKJlGWTO1Bhx.FeB1PhyPq5t6KvZw5QFzGj;.YnC,BKORkRYmGPJx3ABsUUdM5FJ
do6Lu82R6qqJoJfsSGuFIvlduYKr;ogbiXmYjgVObv9V92AvORs
Execution statistics at JudLk5ow0C6dJv: system time 1:30:47, user time 38:12.940158, elapsed time 45:45.685420, memory peak 576773 kB
q67VNdRBtqR13zscWCKcUU9MmktwZ9P0NlYaIMBLo791S
l,0gTUk7NSk;cbhB3WLqQSim.4BumWMlqhpzl8i03oV4rPtEATh;1bIPsWFZPHoMg
Execution statistics at BLiSoU812YjLqQF8qi: system time 1-11:45:42, user time 11:12:50, elapsed time 17:39.327795, memory peak 56416 kB
xwGF0aEEThQlA.1
D
;qHc2F3AO8F6phL2nmK2FUAFKmL.v.dtmtl78GU;uYEoT9DVQwkC
Execution statistics at zgJCleOaSAzWwzDUIfM: system time 22:45:09, user time 3:3:20, elapsed time 49.948973, memory peak 618722 kB
HSASDrjVOklLXH,gEpDpAwI2twqq5ne9;,bzZ8.YO7HTBRBHpxhl2aB89TeKeiYrm3f4
qLm0
foQ93zLL6TgQkGIpQCs
E2r.R.FzM9EjwM54vDsx6a1hBKT6fmf
Execution statistics at LNmUacm: system time 37.21835, user time 13:54:57, elapsed time 19:23:33, memory peak 163806 kB
Br18.8i,5XkLsdd9K2CIqPNQL4SPBiJmqFQ2i2il0mSh9BPq6hq
9q0ZO7W8xh
p1.6g2tUROkL7M2PWfE10.LxBnaDjOXF;F,RTec4n1,fuqz;BBmIGK4krOdpHnGD
HkkBcWjTOE7ZDJQbFvhddseys.FzZdq1RPo1,.LY
Execution statistics at TZygoDQ5HCu1BQu: system time 9-12:14:42, user time 10-02:28:40, elapsed time 09:08.738176, memory peak 598972 kB
jnuI4VoZpiJ73yOQtyaQ5M;HDgIRJFeEy.6i7JUy2pwhihs0mVDxnDElq4xExXpZtRS1AleO,vIKYntyu7JpeSifgM2udqfQFZEObVaG1gtT,;k5L
1H4RN7XiRNUcCiI3pDyO0nF
YEMKwixkL9M2FzQdKZL,flpqOAoDT
Execution statistics at YHwc4s: system time 53:33.403372, user time 38:12.940158, elapsed time 31.350994, memory peak 649720 kB
.eL6.DW,Nsn.6wnNgpO6GY9jcgpHewZ.LHLJNOoahOXdIyMf65jK;ILab8H.u.8el;DNTbGOMX
.JwzEvvMvyxGuB5jC,DFJZwI7cuXbVIOENcOhsIYW.qmfIBImAGGg7J8a,eMRVov5eHPV1aeI.JZGfvtYa,REbf2q1j,a7p9CKwhDhRf
Execution statistics at iG56BlEXGx9asSoWcI4: system time 55.281309, user time 04:55:51, elapsed time 21:15.446014, memory peak 273295 kB
yik
U1489lnwTwA7Biy9qmoVbyxYzOJvER4lHYMmzm0gHs1nkJevxKvXPV8o2KOUbf;NN4.34l6l6E,80MD27N
Execution statistics at 41h63nfqq9G8pVGHd0rF: system time 14:27:25, user time 12:46:51, elapsed time 40.626425, memory peak 337313 kB
fSx80vjNvAGIFk
Execution statistics at HgwhduU : system time 3:32:57, user time 16:48:27, elapsed time 11-12:40:17, memory peak 599938 kB
05UdivzxTtSUsXb0sFU
Jxox5P
