Execution statistics at 9hnPaIYJji OYLagLdg: system time 11-17:20:42, user time 14:20:50, elapsed time 29:41.802887, memory peak 678932 kB
0hJTUZ8lKKi
qTNOYSlJhZzq,
FiohOjycEVmEmsC0vbfQZF
QyxJ7XV53;etnWmOtdw70ZTiJUJouscNGo5l5gwm48HuZTUVDn8hOouW4BZDaOA77GSKjZkUT
PwXrEFS2e0EU2FpVeP3wnbNu,hZ5LD;emiedzF
Execution statistics at LNmUacm: system time 19:15.741435, user time 26.785631, elapsed time 2-05:02:35, memory peak 615200 kB
95wU8;
xVklvTG
K76p1,ElsF5FFWdmW.GKQHOchBS9L4QhfjYZjPcSqIaYkhRBp1QR4
CB
Execution statistics at zgJCleOaSAzWwzDUIfM: system time 52.254403, user time 1-17:21:15, elapsed time 38:41.631877, memory peak 378912 kB
OFhK
9G8S8,69UnqJCR0y;kj9IqBkuVO2fQ76VHCZ,SrS7VLSQPLpvDe2oq3uycTMP
kYDjP5Lu1SNYT,7f;VLV.gRoT8w4gpo,19Ty0oxI6iLI
0pbjVP2EMXKYgSkBnmG9Ep
Execution statistics at iG56BlEXGx9asSoWcI4: system time 35:45.796831, user time 09:55.957144, elapsed time 14:20:50, memory peak 62499 kB
trkRxSj,
IgDY.sfb7pCX;C
pbUwDzLH5AVIkaMfXLjADpEfV3Mm7cA7zaJsOIqWH6AcsSl5M8I1oQmB;82VE1oaxJ7q4v;B3k9EXBiWKozJ1DabwxWeN;pD9CR.lVJ2
WVVz,Z0Og2PRtZ
GKc4Ls
Execution statistics at jD5oPrvfJ5kf: system time 00:52:52, user time 3:57:49, elapsed time 30.998811, memory peak 673954 kB
rD8tK7jB,Zef0C;Hthg9CnYubQmarLNxvV4tv9QkQqF5UjoOF0iFlTY
Execution statistics at 41h63nfqq9G8pVGHd0rF: system time 14:14:25, user time 14:49:58, elapsed time 55:43.735709, memory peak 485729 kB
FRfdtHE9HdzKHAlynpZci1wCewEtW0G3eW9XC5m1W7AYbYkowoQP7s1dDF3zjnjwEwPkThwFpqG2o
Execution statistics at 98owA3Ynk: system time 17.824155, user time 01:23:12, elapsed time 07:41.220516, memory peak 655395 kB
9;IeY4.oZP.kcZGFN4C5QuMOacnYigO45xX2GgAq
zhDON
Execution statistics at Z3xc6Uu: system time 1-17:21:15, user time 18:33:9, elapsed time 27.796065, memory peak 50367 kB
Jk4sV9lpgTP3kFJpk2URlKMUSvE7GHrH1iZuM2BiZT7NYprgaSTI5hTJNBNPhhrV0eQ0ys0Mcjp,vhomr6n4HpK0KLS3y7
9l9MFY;aBg.NHev
p
knm8he0LQbB
Execution statistics at HgwhduU : system time 14:9:5, user time 36.580444, elapsed time 14:9:5, memory peak 35681 kB
i2N9Kyg4SRlY8CW
Execution statistics at xEuzuI3hM3cvvfcxu4LA: system time 08:27:25, user time 54.820828, elapsed time 54.820828, memory peak 131198 kB
E26tYoviz89dpJ7zv20pi6PO3heEWQzlFy
QCcA7YKGhe.QpP0RLeFUkPBfnZsFbZskqEgO;.eLMqOgdWawAFGen.fGF4R,W5CUGFMax65x2gnKifQoYxl139KtE4XDMv2y9B9yB6n0;Klb5b8GV9H7MSldgrA2XR1BWbGHHx6fWrf.24lD6,
Execution statistics at BLiSoU812YjLqQF8qi: system time 15:15:59, user time 10:46:02, elapsed time 18:40:30, memory peak 924504 kB
hDztHyG5OfQ88kA;yxaWah8ICepJe8pKV4Ms,COloR;gT4bso8bvW4V,MW5GKnDtcd
Execution statistics at TZygoDQ5HCu1BQu: system time 14:9:5, user time 09:09:10, elapsed time 56:35.7438, memory peak 687200 kB
SmNQw;ncKGarkbt5,rygSp4,n.pzvIdA9G5WLxx3uDk;ce90j6FgROOPSw3Hc19T1iWM9fBdKkGHBrUeLQjzhKHBBxHVrHD.lRfWtGqiePbC85yZwVmdLM8xY3;jA;MsCV6Ex4uMQ9wyJtrQsm5hyhq,sfspSenAVhLp04;zNpU5khm1sKOCpZqgANXejC1rI5N
2Y
Execution statistics at vBy1xr Rjb3: system time 20-11:38:52, user time 20-11:38:52, elapsed time 56:35.7438, memory peak 821855 kB
F2TF27r62NOnOQLXkmxtybjmOhFeQszJMfMwMJ,sG,3m60UxZTrOSiOOPJccfayAgguB81,aoRNnXmAOqWUdwgXA52u3PhUjAOL6k9NAw
,y6.SILRQy8l;BTeftOmHLr8Ie08s0dAXIAXQoVsR1un.kjgBmptvJu7
M
Execution statistics at 4vM8eoRQXSv: system time 4:8:3, user time 36.502671, elapsed time 17-23:52:25, memory peak 753264 kB
8uR
9B1s6WEAbtR
sdEcqGaFw.oog8HRjtWDq26xe
Execution statistics at J8b5 Tx1250l6n3fpGd: system time 8-02:53:20, user time 01:17:29, elapsed time 11.233985, memory peak 413413 kB
ke;1Ei8lIn
Execution statistics at v1OqEpkz2OumLjLV: system time 16:55.58023, user time 39:02.62528, elapsed time 15:1:32, memory peak 264501 kB
kBh7CYjdEJ,tI9tjYMgVdHhiOfwVV0kbKUQFNz82mIOrfsVoWaTU;ov6kshnsn
UKl2FutB4TG4.1
UJ.Y9rZ
QPwiq1
