Execution statistics at 41h63nfqq9G8pVGHd0rF: system time 6:33:50, user time 21:59:53, elapsed time 08:20:56, memory peak 384121 kB
YJcF0RZHzWBjx0.qtTk1gD3;JOsCFkF1fGFoB251m9ze
SrEGA
Qwsjrnhschk9sr8XeJb8x
nth,EJlDL6Q0VTw7mzO
;S8d6vYTRxC
Execution statistics at iG56BlEXGx9asSoWcI4: system time 17:19.191272, user time 21:35.274620, elapsed time 18-11:02:00, memory peak 669784 kB
X
DnyB
swcqw;y1eVeT0gm57BSuA5PfwrO0h;R5OzWKvbZSqtl6yVXPFespXTNBOeSmbRm;HdqpaEVmyQXH3HAbBbIXUvK
DAN7kYMP908dQZ,6YSEAB0UF98NH8hkz5ycFmXKQV8
Execution statistics at jD5oPrvfJ5kf: system time 3-03:19:42, user time 15:18:44, elapsed time 19-07:53:00, memory peak 991422 kB
o,4hOmfZetpR0X9SDO0fM6EIaYdvq.hMISABHr2UMY077CZov1wbutae9gijuoXkmkyVvoe
z6
RKlvOTh9dfxxv8;rPxef6tDQDAb2Uz7rBAFcMFV44OKJAa6LDPZadqs66LcGDAJClZbwXAT1Idn5u45hcVCHmVRwXV4PrVe8
Execution statistics at BLiSoU812YjLqQF8qi: system time 9:42:26, user time 12-17:50:03, elapsed time 21.91410, memory peak 756573 kB
FY0OmU8IoAETUcP9NL94GSQkYJ3x.w3
kcP
1A6UgsBV9UBOzB4sbEgC0a8OMUguqeXHhEoUAbG4VzssxSJ;qYOEvzc
a
Execution statistics at YHwc4s: system time 12:13.561770, user time 14.306712, elapsed time 21:36:28, memory peak 247953 kB
F19OPUZCLnE0bM,VL4XdHsw,;.m12rJ
qvvKbGZPP3poh36UJpp31SXdKfUhBmOTfCJjXz7byzmcz51ADDIhR8;677wFLrhHOj
uhzAx7V,eXRCp4QB0qWPMuh.gWkX3ezH696Lxb;OL,xb1vc7EfTNg1bXe2QlI8nFX
Execution statistics at 6dHbzhiTX7pWJTR: system time 15-21:20:16, user time 52:49.916406, elapsed time 52:49.916406, memory peak 328271 kB
wgBAE4t9TNg.GS24QTj5iUK5Wkz9yv3SHIdF18TvqW.K.39sx4aYPVxPUPAnHo8Vx0a0iQM0B1XscFZ
J81qHN2jhgX
Execution statistics at 98owA3Ynk: system time 40.649731, user time 21:36:28, elapsed time 15.950939, memory peak 159475 kB
oVrN92LNhNMAu,Tuch6D5h5TBa9n7RvfC9tspgXHg6x5sCHY2soRbyCSYvBSK63H7QLTb;JFLbcqxEAGGAER
Execution statistics at vBy1xr Rjb3: system time 5-23:14:11, user time 20-13:13:09, elapsed time 7-17:54:53, memory peak 694282 kB
7WizX,z23V;BlA17shbz.UDl0e8G27aWDrIqHwI9uCN7GXLBiDAy8EY1NWA9fgXx
Execution statistics at J8b5 Tx1250l6n3fpGd: system time 12-12:15:03, user time 9-18:41:54, elapsed time 05.873374, memory peak 641397 kB
SoOwxbuH2y0Ht1dJCUVXGS8;vWZQIeIVEpyBgUFGIvYgo
;qbPyORw6j
Execution statistics at Z3xc6Uu: system time 34.395103, user time 18:34:17, elapsed time 44:39.502468, memory peak 224571 kB
Jt,1gsYuX;Cz,KQ;CqUm0W1WFv9D
ci2qLZuIJmd9ELGon9IqREoR7GwO,1AM8hzr1Qm8dwqlmLdQld0BqCrCNRHadgQCl,d3gmOTT
ZM;D9esUoNpPn
j3hf5cPFJjy55K,Bz
95bAqiwCOw
Execution statistics at JudLk5ow0C6dJv: system time 01:23:25, user time 37.808880, elapsed time 15-21:20:16, memory peak 505896 kB
EnKYC89qmKTVXX06co5MUjjcr0bXlJ9xya6VlhNVC4Ksz.;N24Jr,q7P1rxwvk
fp8NZuNBXsPQkLdFaHmZdB7KGf
4U4P7maxug;tHfQLLJq.T7KbiwV3AZ87eB,EzldQp0KEG.jsyUrTOM1onwU73LBZdbf9Sn8m4sAQmvuDEnc17uM1g;emw
Execution statistics at lga52OuWEbzMr4GIRXpH: system time 44:39.502468, user time 6-12:34:21, elapsed time 8:59:12, memory peak 273934 kB
cfrTkpIKkytIxJBWaNR
vor.3PIBwTboPc;Aoiz8ZHwc0K,NsILy0kK.LonburlvkptxX0lUn1cZm5UKl
qL49sr72W
Execution statistics at 9hnPaIYJji OYLagLdg: system time 44.974833, user time 01:23:25, elapsed time 04.641219, memory peak 897511 kB
kM9q89Sz1nedjMHaWq97JX4LnIkvGeoqDPuWq9isFv8ocW
Execution statistics at LNmUacm: system time 7:18:20, user time 20:56.450929, elapsed time 17:19.191272, memory peak 410627 kB
yr5nk8q06,0.9PLobXD.,iGQPTEHh1rmSGwWFY.UkwH6BNnUEYaAD4nwLkseiRifET3
Execution statistics at 4vM8eoRQXSv: system time 08:57:50, user time 15.950939, elapsed time 9-18:41:54, memory peak 264481 kB
8FsPCflpEC9GIoCku82pZ3Wh;hJ8vdqhTXpaltPvOMb
HIOsdnPALCy;ZQ
Execution statistics at xEuzuI3hM3cvvfcxu4LA: system time 9-18:41:54, user time 11:37:54, elapsed time 19:25:30, memory peak 231548 kB
8oB
L3M;t7IJJU
,;F35J;rj3coO7LWZNiV3
jDncld6mwi83hdwJOzHEdnOLQCtMpQ09QHsSPfYKa6CU1PSDn90LuP7E
