Execution statistics at J8b5 Tx1250l6n3fpGd: system time 00:18.675641, user time 8:27:36, elapsed time 08:36:14, memory peak 549484 kB
Y8wi9zbq4Ll4WJpJUU5AO0EwcTm4;YWUriO3xZju.QhrM5qs;7GH1PmGMPAZM3,wXref0bDxl5B9Urhix0NJXfz2QmKCQGINA7RQ2pRWgRZLWaWKwQs,gOT1A;R8VdJLPfVCH;dbh8MZ3FBJNk0kvgPsbD8x6jB;0WbI,.zTWwix9.hfJ7U
Execution statistics at HgwhduU : system time 16-06:25:12, user time 23:20:39, elapsed time 23:52:44, memory peak 313394 kB
ITk
g.c;dkyas
sit5CW.ow2M.eA2qlgF9b5jI.B7Fs;PeKkr.QGV798xUliiQjg7hPV68Yv465ZmbLl0lDnAiSWt17uSvZqP1kB5yTbBbCHP1zO.w4f
6q
MZ9XLmmSnJ
Execution statistics at BLiSoU812YjLqQF8qi: system time 06.987748, user time 16:15:9, elapsed time 15-04:16:31, memory peak 860267 kB
qEzJznBTXRqhSiQrcbLw0a2Gb4QnmgfI7aP2vOz4yQ9pKzbEBjomjTpCHmNT;21h
0HDLgfXFWVGG;75XJFlOBIpOwdMw
QVIcGeXeSY5w;jeZqnthtUifNW4,KWe.mK4oWiUZC,bMyp5QpU;i,x1GVILyT6QOMwNi36wztsKe19z9TLHB7k
Execution statistics at jD5oPrvfJ5kf: system time 3:38:19, user time 23.236148, elapsed time 09:41:21, memory peak 784427 kB
6WG4awdCHWaw9,qQt,Y5ZVSNyIqU55u.eYhw;qOmqZ
9mtblMkokRua1H5B7gmcErxdwpV2TzNi,ZtaesvuZeMc6lk,H
;JkFy2GZFCOeXmuBdujso.EwD07l6ygF4HIBS,pAzB9abjfWle
Execution statistics at xEuzuI3hM3cvvfcxu4LA: system time 7-08:14:48, user time 21:00.877262, elapsed time 7-08:14:48, memory peak 900261 kB
PLrtbkRJ4u4dxzf.k7U.eSnyE8Z;HhT1.zFtRTQpHqXZYwZdtnBPPTBwZ6ZkE19GZ,reK,868pEKVKRjdvfuBNXcswpxvc80cNDWWqpG9tXi8dyZUkI0jxSFCi2DVWcg0;jiP5a68xFX
Execution statistics at JudLk5ow0C6dJv: system time 5-06:30:28, user time 15-21:10:45, elapsed time 01:22:57, memory peak 936815 kB
Y19H8S42bOKxnvj
MMdWrkC1,MA9a
CYwc8qISte
ZQnme4QHG2qHWROC12pzK66Y33SNR4Ss9TSxwxntj.sOLz9JYZZhg
F9EQciRZgJ9rU9DvyT7EDGvKN9c2Cw3pY9WUHeLV1dfiunR4gMM5Veu6244v7ElPhemK
Execution statistics at TZygoDQ5HCu1BQu: system time 17:07.937695, user time 23:36:17, elapsed time 31.188001, memory peak 652694 kB
I3Tbtc9nN5NOGrNacY5.uwb5AXhRbiuvICG;C1BxwWfScvaXYDWp;nCTIt3cpcpZq6znREj2vr3TKBsPHh3GnmqvX.;A;QRzxAgC6blEVT.auF7zpv
tjFeG5dbWkubK.zM9.BQ1YdFMlfoUVp.DscUj
Execution statistics at v1OqEpkz2OumLjLV: system time 12-12:06:16, user time 12:49.573742, elapsed time 3:38:19, memory peak 247820 kB

w9aPbIhaZpO
Execution statistics at zgJCleOaSAzWwzDUIfM: system time 02.401604, user time 22:1:54, elapsed time 22:30:53, memory peak 672294 kB
2LUyxb5M8;lgMBvZNU2kX5GnAsjVtRc7vcitZjBjCjeENBzconD.4
ISU9txFwdv1M09u6lzbNP5LcDJ3zIH1iJNOPRY
Oay
