Execution statistics at xEuzuI3hM3cvvfcxu4LA: system time 2-20:29:22, user time 23:49:31, elapsed time 8-09:49:11, memory peak 908991 kB
Bk1OoMYmZLRE9L,TFDozI,GF3G01QtOPqySM9xgxcVuK.Mz;7VCxe6l2UbTpqNbQW19mpWrl6T
pyWjLqj7Scomfp
nQ8mkbNZ5
AmUgi0A.rzawk3hfzLLXmr.;Ne;QKVxd2Hj
MHBV8SehbT
mMgy9BsI4kZ3J6abeMUklRPL;PuEVUKew2LNV9JCobaiSE,
Execution statistics at vBy1xr Rjb3: system time 09.919100, user time 09.886979, elapsed time 3:35:46, memory peak 967997 kB

nQ;VUmIuIZFl5kbV
Execution statistics at TZygoDQ5HCu1BQu: system time 2:7:16, user time 10:22:53, elapsed time 6:7:23, memory peak 58979 kB
Qzc.3ydLvP.mf5iEQRYGrCfSj6sltMDIr
VzcfIzB4d1RJ9093FhmGMCGgYVC
Execution statistics at v1OqEpkz2OumLjLV: system time 11:24.755533, user time 20.982440, elapsed time 08:19:59, memory peak 357320 kB
AfjFuLhLB1BkW.j724Ht7nxAFC.shJXi5QJuROKUKPRZJ0HVP0W5Loz6;nVaRygBdQAYw.Ne8z7tKq,UEBgscMuE8VFsfFZlKqF9Q3;oGcy42R5L0u9omMkS2,NhPJJZYE7wZrgptJ5gXWcCuU9VRVPb7u5PQi9S76Q,6Q2RhEP2XTH3XfGTUUfsahBpFN
Execution statistics at 98owA3Ynk: system time 15:5:31, user time 58.732938, elapsed time 22:24:58, memory peak 658032 kB
zYG.tsYEZbdYAqcW,hJzJnz7sLbrYzjvJniur3a,.W..fp4I;LW;nRog
Nrd8jYkHjomFwGNFH8dInyhj
vPhFatkElcO3lrCDi55d10T4FcqxuBkgPVlCuFbTmA3fm5gaHnbZbz;1yOM
;J
Qq
yK,1s3B.sjzHvf5M.4X5ga2df1buT6,7R1
Execution statistics at BLiSoU812YjLqQF8qi: system time 23:35:5, user time 43:58.764901, elapsed time 23:45:25, memory peak 85937 kB
,YwTbgAYE8py

Execution statistics at Z3xc6Uu: system time 11:07:35, user time 43:58.764901, elapsed time 4-23:22:56, memory peak 476996 kB
oe6tJFz6EhP4VkXJnxz1VaGS0LW0Czmvxs
1864bp7c;Jd5v3cz.zieGCZqMgcKoHlrYuCtbmLts2wFWEUa,pt1wvTjHCJ
O3cNXNpSaaIhzXgcsswUNyPXTCsGeytH6jOmKr;xbHZ
SDO.PxMKlZ8nm8bIJIibOo5rl9zym5N
Execution statistics at 41h63nfqq9G8pVGHd0rF: system time 12:33:34, user time 02:23:07, elapsed time 09.886979, memory peak 401648 kB
kMAetu.QNd,UF2kR9Opu8
duaz4ZlOauG.n42wdbz;u4JBCkdGYqE1DybWd9KbCd5kfd;0V06h4nBe2uOycyXrhyffmNWvf9hm3nrDHg0Ly1LKQOor8zYX2yp1jj;88DlQ0rEL.dwgIpQruwJHPMfbz;5djKm.OMMEIjEXV4
wQMUw
Execution statistics at 9hnPaIYJji OYLagLdg: system time 20-13:24:07, user time 15-07:25:43, elapsed time 42:24.339138, memory peak 900393 kB
z2Ax0K.py,DE,AWLQ0VyN2oLGCUiBt3XwZyhjeKByMwpMCMc,UbqKEOeNnjvGD2DRukQUuh8BASxBqFIImX36
Execution statistics at 4vM8eoRQXSv: system time 02:23:07, user time 11:15:20, elapsed time 34.87130, memory peak 469688 kB
NhMB16k33Y,R2b.m6E,c
L1Gb2
Lul5gm78Mt1xpu4ATw,TN,TA8N,ZOFuzjsEjnnNs4fvBEGkDVzEGYCkaDgIKYgm76bBNTuemrP6d5mGlQB.5oI84m,ABZMJY;kUrV8jwZVCzZ,pQwSbV
Execution statistics at LNmUacm: system time 15:22.39968, user time 14:50:25, elapsed time 42:49.962804, memory peak 309510 kB
VqvZPklND0PFqm9RrLbYjhg5UN0onbflarLTOdBvJOi4BhqkVyFaKnPSa6b7LkCKLTuyisp7G3pGozJ9,.PMaBe66lfNip
SDozTZQdFwCjTFFouvLvEZX7hm7Zaux2lgFc5fRB;VMc.cIUrDAXuQ8BdldEpxhEGkZfZvKlud2FIDx2j.cBj50Ol
Execution statistics at J8b5 Tx1250l6n3fpGd: system time 00:56.615950, user time 0:56:12, elapsed time 00.255043, memory peak 507736 kB
j8awyBkV64b;eHBXKh4m0eKtUU4bBe9kTcIQQ;g2vKuBJcygg09ij3luz2tDbKAbeSvq.L
lPeF,CmnQRw
Execution statistics at YHwc4s: system time 14:55:16, user time 57.618950, elapsed time 00:56.615950, memory peak 805692 kB
8csI1ziZKIcehCaPu2DjoNUlQwuSefIkRjBKW3Z4UUtK.1m8tflyf0H7Om1rr,6;Lj
Execution statistics at iG56BlEXGx9asSoWcI4: system time 20.982440, user time 57.618950, elapsed time 10-13:25:18, memory peak 140711 kB
nfQodp9;B1qBfw8QGvrpFdHy
1QtOg0Zs
Execution statistics at jD5oPrvfJ5kf: system time 39.448348, user time 17:36:49, elapsed time 8-09:49:11, memory peak 210192 kB
yCCspj4Amz
Pmqml7DjYfeQesr7YMB2jPibq4
Execution statistics at lga52OuWEbzMr4GIRXpH: system time 23.877596, user time 20-13:24:07, elapsed time 15:7:32, memory peak 580043 kB
0Sh8V.ecmW7KTMml.iKBh4;R
gwxSZR8bdgtn7YDe
7aXbMYdOYiw5ox8Ibs2SSD,PjCG2NgHUypOTf.ryF5YQFZ,PHGsq6VO0;csCcGFx0mpUCgPd,t7U7Wo1jUhOCJW8I.P7inRBzTf0wi6X.QtRzdd
