Execution statistics at lga52OuWEbzMr4GIRXpH: system time 22:31.435724, user time 16:14:7, elapsed time 1-16:40:23, memory peak 366750 kB
NCeJY70.Ydgr,01;t6fGYDEqdMJMr.e.v1SDBfRtBVcXka9ZJ7C5W8x
fTWCSiMIAOG9
Execution statistics at Z3xc6Uu: system time 12:11:23, user time 6:9:9, elapsed time 22:13:34, memory peak 632210 kB
kOmc57RKwSZqOK9Gol1OXbcyVcPAz5JWLFa5PDav;Ex9K6aJCtmue1e2YbsaNWNvXDRWZc

o39sZHd5;RNmV6,BaB2H
7e;U2
Execution statistics at YHwc4s: system time 17:20:37, user time 17:20:37, elapsed time 10:44:45, memory peak 986307 kB
fLdCnfMTFjrfQYSAdU3bh3rjhnH2YhQddLO0Jnr9zKaFHHt;yw3,Nkf;Sgl5gX5jsL027dx3.97sdlEPmXBTuZxLZBLq8ct
8j0
Q60sGVCqUDpk
SUfB30yoV,EbyOnDyaJcqpw;e3WOLGYa8X4Vi05UN3RjAeX6;.NLgKTYIJPA6gN
Execution statistics at 6dHbzhiTX7pWJTR: system time 18:06:15, user time 09:54:55, elapsed time 1-16:40:23, memory peak 444652 kB
AmWgiSoei973VurWD9lpikW7emU26M7QxxlO6x8
b0dm,htmVLUW4YkYak.VPS8Z2k5H50ic4;m3;.XZnSq01S2n0gHBd4qLgM7ULWngEk7jfR
o5C.Ac6voQ7ShJNAOyzKS2cS,YP6gAwKdqdAvb7NYZPJZUVqqQ9
Execution statistics at xEuzuI3hM3cvvfcxu4LA: system time 23:56:49, user time 39.98205, elapsed time 4:42:23, memory peak 101741 kB
QVad7rlLG5sDRZ3w.q9u7nNHl4xEjDCaYbbNCVmiQpKXst
6smPr02bFUAa.ed9MwB0nVvP.WTcAIBT6e3u4q5GpCDojXYDF,jIrXzxOue9S,O4CFYOez
OxxWSJpfSI2I3h.Y
Execution statistics at JudLk5ow0C6dJv: system time 32:31.812045, user time 6:9:9, elapsed time 03:30:26, memory peak 598412 kB
cmsFjSYvD9.t3EB;h,nyOw2XqU;Yyzul1rHiqmbVg4QE30.y,tO0G2AWQlMA9cRSqOi8yO9WnFjqJf51T1eJD8yzYdp3pCWWKT7I6u,
ntq6j5xGT9jj4SJOr7Ka1GVdydw4FORWH7MCX8id34lDuNoG5JVjiWoCF6jXzbhzLaxc1Wobb
Execution statistics at 98owA3Ynk: system time 4:42:23, user time 12:11:23, elapsed time 42:18.684, memory peak 84887 kB
atT6SEpBiPsaxixTHwTdQTm07QVT,lnV5K
f5M7LxLHyPwhEN0;O6FkzKoG
f0n3w0K0Qf5,wZgVvxZKsixeG
q5st8X7oiMMVwdghEehpAq7TUHIJMEI29xIWjz,lPzZk.;gM
hDZzGaO
Execution statistics at J8b5 Tx1250l6n3fpGd: system time 01:54:40, user time 12-00:09:12, elapsed time 19:20:59, memory peak 496646 kB
S6rQUV
IClpHTVvGK35i04Jfzse42WJ8t5XmVQViAdl.edKx0r
WHJwmuANycjaUtun22L0KDe1TUn.Ydr8635nr60QIDwK0CQcOJoZToIjXb.BeNxhwAEn.6UGW.NFGYu39Gh0u;;6Jk1Qgr0CdP5Lp8u
G.MIZXs5bozB2gRrpSRLlLhuruN
Execution statistics at vBy1xr Rjb3: system time 02:05:12, user time 45:06.608122, elapsed time 22:47.432713, memory peak 668349 kB
O3l;6LnQn6ro4VwpIhky
264,6o5O.QEzVH.QxLyQFTlUtMBrFyFNWAAh0lt58Kvz
