Execution statistics at 2RmcWxg: system time 15:18:52, user time 59.484644, elapsed time 16:09:23, memory peak 360111 kB
HEGN;;kSUx9CdMwiSrxHnm;MGq.8uStRzGjvFjxZl8LoR8Cdf.JEpVmM7Awa1KRipbpKMgIK1
1P3tUFwRLDY7zKRTzTKlJ0UdPNju
b.VC25G;9.2OBZuyz77hm9KXQm9F.AcTmJlCM5S
o;I89
Execution statistics at KGy34: system time 18:43:33, user time 06.75016, elapsed time 3-17:27:19, memory peak 405790 kB
vl0c9MPGiSpm4oZMxurvogi0ofKWsrL.UIVRYQoYl3lZhWvCqhe.xalCUA
Execution statistics at JAiwZ: system time 3:11:45, user time 16:44.1731, elapsed time 3:49:39, memory peak 221456 kB
O8z98UN0GaZrfnU,aoktu;S
Execution statistics at W9U1 csd49wSA02A: system time 14.405572, user time 01.178743, elapsed time 21:28:36, memory peak 170349 kB
U9uT4g5XZlXAQsus6yz0wAJ72b0LnkhPUVtveZEcg.VbmLOBQEBGSHhgi;vs9lnqp9AD7b
sVCZGeAVJHinarC
Execution statistics at JToVIko01hMUaon: system time 8:23:23, user time 16:37:3, elapsed time 01.178743, memory peak 447579 kB
Z2Bdc8csvQ87T0NWun3yGA53.JJ,CTe.nXSZ6o4l490boR2aibBALwQyEqTFB2StAUFJY4UGIG
QXRCAZkIWiQ39Qz6e6
Q
wr
;H8qtfP0JKOlaklsFFYJeeseVI63TzKtI0
Execution statistics at 5kZM74BZEPBfWqVBrj: system time 07:19.214082, user time 27.149215, elapsed time 38:36.818150, memory peak 68430 kB
dWPhDYgA3LWCeT43aAR,
Xgw8b3xi2IGNaTNm,n5XCB9nE;8lt.7HNKi5xjXVWQBbyo2dIzxrX
Execution statistics at C8Wn37lOAA: system time 21:03:08, user time 1-09:10:15, elapsed time 5-09:00:46, memory peak 788092 kB
,K0dduiq..Ch.qUvPMZV623jvB0vFXM9h0kg0rWIGdHE,Pfi.AvnGYNXnBmF1tdpPYyrsGdVnTDP11Y9xk45v0sPosXu8WNYk6MDd;GX,
XehKP2r9E
Execution statistics at 5Q1uZfNx7Uj19Tcp: system time 23:29:44, user time 3-17:27:19, elapsed time 45:19.193023, memory peak 543411 kB
JPcHidIQWujIdh
Z0CUMoMuRwYDq7do,h;ESU7iXQURg0ETYPmPNgrbWNCIrwCO.uh3LZ406io6;wtRsI9oyh
e7jAdiRcZ2HLJgOhse
6CquO5jPCmGJAna5,pVCHD
