Execution statistics at OjjAgOObdH2: system time 3-09:19:54, user time 41.315186, elapsed time 44.318975, memory peak 638216 kB
5cPFtiH85,QvGuts04cy043JoM317JBwS1DCl1hQlc.dnnEJEeBB,RJge7lMqXNe;iB
vqXKXJ39Xs16YZRwdorCdDn.NfYq9gMvjiOZJfBAw.jboLWL.j;9sGD7745d3n5VGcz;jM.voq2jhXx0
Execution statistics at GvX7NEqsPKuD0iMVUfG: system time 29:16.345157, user time 21:15:11, elapsed time 12-04:12:30, memory peak 107249 kB
Fl15RhlPePo5SRC,.6lrV0rpzckP,jss,GburBoLze
Kal8Xiv1nVm0dmCUsO.nUU9NgPM6W5t2TI759t,eYDMD9KXX3rKrpy9xKxNpBbup7lxvH7dQs
BmarHToS3To0O

KdNMliK
Execution statistics at rksRXJeCa hyu6vh8: system time 29:16.345157, user time 54.413633, elapsed time 14-12:44:06, memory peak 561720 kB
1N3U6yf32PjRb5FdSmXL1aCsMrD7wFBE5UN9FG00o62ak1AHdA,8CgBcn2
Execution statistics at C8Wn37lOAA: system time 02:40:08, user time 12:27:27, elapsed time 2-04:04:57, memory peak 900519 kB
EuzBLl8Vam9x.3
j
Execution statistics at 5kZM74BZEPBfWqVBrj: system time 21:59:58, user time 16:29.703358, elapsed time 9:21:23, memory peak 65860 kB
ddz5dzi85jQizIwfC8IIdj;tHNoc,h;soc,e;EP3LyJwEksSEJk.OJR8;eivN6HuiN;Xpp48lWpN1POAKkjHrQPDxfFrpDtmgikI91cGbmmaOHvrwMFe
vefhB;q2eh7lH1xmzCxAq
ynb9P2
Execution statistics at 2RmcWxg: system time 10-18:21:53, user time 37:59.309814, elapsed time 20-16:26:03, memory peak 820689 kB
z8r
.68qt0WHKUT.gbROIcP9t7GvTn94G2TWcg.W2LCwxikuupgGHJzRG9LfBtCrDQJ9TM9UgucGImmkasFsaUFbkrH4f,xU;vGQdVOkghf,pY.HoVt3mvjXmt0SZgVFw46q1
Execution statistics at W9U1 csd49wSA02A: system time 2:48:49, user time 08:03:31, elapsed time 58:42.706035, memory peak 678118 kB
LOPOSRbq9Pod,o5v3DP5dlzm4DqKDUemjVZcMOhfKgl78GPKmMeVEYw1Zm2KVOqjQSdMbuNqCzd,jSTio36tbW3PCg3kuCN;BdmwB;gmQsjepz1aBtTk34qNylTjq0XMrXMbdGGJY3jiViF5acgXiGjIzfDjTurgl4RTVU9zjME
Execution statistics at YpyYJsEyRoOp2hKcwV2: system time 15:26:18, user time 20:07:41, elapsed time 15:26:18, memory peak 755601 kB
SQBtLHHmNEyBDR
