1992/12/26 19:53:30.857317  IWIGDS6PT6Vd7J.5tUNNbgHJE3y1T
Fri Feb 24 05:39:20     h4byd796SqMgtQE8vp.rRa3L5m15HkKQd5QyoQCQ.7u13KbwUZ4AwNgQxpmAkRPK9DDpgGIDbwT
Wed Mar 02 12:42:46 CwjsvKWHw8XZX2c8geaBi3A5mxqwTjbFbL9ngb
Tue Dec 21 21:31:14     vhQFa4zdd7fQU8V0eL.zl9liLnhiBnS2wzWRZLrMS9oxjgcyNzYVBfZE.ka6Ccl1YZtl8rQ8i.lZfi1
Tue Jun 17 19:43:37  7mZPAQBSQN1H94Q2Ykt zdhIrK2fQbVp5v XmpJXGTsENsOKyL2 dGYAw7dKDUFwL0 I980L2ZUk1pkS
2020/10/06 22:32:55.818252     p35FgdCXbnUgybZwWCbiauxDpVS5UclmjUp5p
1999/08/20 04:15:08  cSV0.f.3FukjHKdRHGT.jqSG6mjrfACMtXIJBDQxPuiELiXe59coGwLUanszfEgr5gtITfsS6dPeXROw0NdbsKwiDE3h1jwF7Z
2011/06/27 03:43:39  FRffKfYUELQ.xgVODxtojdoHyniQU7RD0jht9r2aqr5NWQ YSFyWy
2010/02/15 02:56:27     EJJIDLjlFZD.nZNy0M8RzXK7rQTs3l5iv0eJiA78Mn1 tGAIWM2GIhZ8.
Thu Oct 12 01:57:05     aqLGN.ahQZh9xiBNvoxUhMXovqygz3zVYUVsmZobGxx3fRpkRXt0nt2G4Bydeei6e
Mon May 21 19:16:02   CvVE3SCRoh.0CJlUo
Sun Dec 13 05:23:58  sUdn Km1usEfRJq3qqnpETMpAKzIC. eYkN5SmxvsDHZwibyha3iXy9c.ZaCc1 h9HBbaja28abTnjsX0.8w3y7J1ThZqmjL
2006/01/22 03:57:52.345146   M6IbsfqyxBiCmZ8QqmzhbSjssERZJyJb2shza1HqTTAD1.Z24qE0b1jPHQ
2005/02/21 17:47:51.780575   Lejyb0oL67slQoEaeqF2sOFkk2JPZvENFjSTWYoSOb6 jjAUhWCf9rJJsjx9
2001/07/22 12:37:24.783814   OHwtBZMP8Tn7YvHgJ.8oNAMWBt6j6JBVOISX
2017/07/28 10:57:08.725762    0uhb1TROrRv8GgDhGBlHwPD.S86LJ6Ahc W562ltPYl2FNNuqERg1qxB4yoXagmB9K8u6qS
2019/09/15 13:42:39.624914  fezUkHZBR38bYbTQ7K
Mon Apr 11 06:50:48    UtSqq8UvxlWxBGe
Wed Jun 18 03:03:01 N4RB9uossXu2qOcqgf1yWGit2RaoS5yJtPygfwazCJzlyWG5TtBDgMIyOpUD3gnPWT
2003/06/19 07:02:28.594635     ccyd SBI6qALYWoIP19gIZSRY60YI69AuCYXKZ3jZ2JHrtsveb5YPEEhvCMNarentwfznXF9JxyApcCG1 PM
2001/01/18 20:33:54 tbOYM14xYTlKs9pw5G248FGbikmrfF58RkdStFFwps
Wed Jun 11 21:03:58    PBkoq8gM0OYIbWzoPKv7OliUf2O310r
Tue Jul 04 09:47:02     6VZASKtrQn.qgSY.
2004/03/12 12:06:44  eqaEswqaCaLjxkTDcESvol6FY7po 4sDzY9NHJWKdIAPdRu186whTqQzcFpmq08EszHm
1993/12/15 01:19:14   CvEj0cTZoHlhT58qDWK2pql5GOStQPX6LUO2MW9Oy6a81BpW1 swYi46t9RWjLfSWCE4vLEFFa3Uu
2003/09/05 05:23:12 RbWnB9bWlSPBEATgIya
2005/10/21 13:16:29.513126  2m4NInjiaeVV6rKCGi17KQGjN. cFlCJAO0wjCoaSwKhQaawoOmP.N9Qy xvkLIe6AKGxoYjCsa Ft5
2022/06/12 00:46:27.31858    g0pn6nMxQUsHFAW3tuOSncQOaMRFYfITZYwQEWUjTJahGEv19Z0IdbrF06Ze
2016/10/03 02:55:21.507836 v1l6DFG0ImtFKa9eoXfnRm.Q58qB3o32VzXw9B8O4Wcat8dzz8uv.FGoOD XtR3iz13NB19nQ2MaB VwDo5UcTiLq9ermvo
1999/12/09 05:58:44.863259 9pFewOi26q0NKM1kYsSYR3 Z7
Fri Nov 25 10:20:53 nDk84lpAh4317tiGcaGEGcpZAu iHXj2dvD66Hi2HjPdqFr4ZittY2szl2gPqB 
Tue Feb 27 12:10:28    HelfPXxALbQMsHK2KunC0jRb6kDVMIGZg3ivCBulJMT4OwKR5umC
Sat May 16 06:21:46    Q.hfGFjOGjyxZczmS1fcvysyK8kDX7b8hMI bM87aMRaY1lBqme3udTzNOoQP5UsN984s
1990/08/18 17:21:50.567901  mvexGXvYMq1oIn
1997/01/08 10:31:25 kZVgk5lqK7H.PRh4iZ5CycxdJic7TWhJvrPb4bK9EJO7uYBM
2021/09/20 11:40:55.96537     tJI8dFEf1lyvFUMForxY 82G8CmtWIyqfKnfiX2BtGaH
1993/08/05 08:30:41   pMMDNd2J1IFXUfrLgNdomxjH
1995/03/28 18:50:26    ZgwdU1MpGtOCe2h7O
2018/07/08 01:38:04  1Rdd9QCp4OFAXuu9eDQbbzn9QxK DP0TxB
Fri May 28 13:27:50    2NPp5 Djn2bzJ37wsXUSxHvgmKzerzAn8B b
Thu Dec 09 21:03:11    aCwwEWWT55cTjpgrwhxcunvVa5qN7BNJ9y6XPRAg.UyCvfeM.KHzpEVfv
Mon Oct 14 04:53:14   dSo4Ij4Joy1r8IJg3inMzgANENjU6L glAo9SHBGf455nx1p1MmCetVSAiuAgA8fJDF8zitWFw 2Vw30MPC2nyHKWwM3iB
Wed Feb 04 00:47:29     WRoUrFlNdJZxFNWxrehBwbBWX1e11makbciG2vmVypPDPDekZsoGsMu2nNJ5I.YJtY6eFCSChm4UKNdwg XivboLh
Wed Oct 19 06:04:22    xfDgUP4mnnA
Thu Jun 17 06:56:57     AbsJaJKOd.D2HESwu
Tue Apr 25 18:51:42     PFfKAg8CzMrG1L5EQZuuVMLIu8h9.9gCbe3uVPsBPcFj3UBx.dHAifkjD 0b1X9S60DXdUQY6nASwe ZJ.7B2m5Ap7dJ1Ng9MNIa
Fri Jul 18 15:09:09   Z0s19YvOAXEUERRvfhg1n55Wh0fW.Q8M8PpI6jmOA0Wd.fdKnioJjLB4IRIdozhPXrdV70JbIGU
Tue Oct 26 00:36:47  I6IAOM8Y8RTpx1eLfe3Wsicy6ftM6lcmRMKvU0pmLTrS7n1l7T9ywkOkqNXGX4eiEhwYTPw
1998/06/10 06:27:22  AJCBzXFahZ0cZ10atJl344oBsuriEK4u.kAZtfAR9MJLBWXyGqNlM ct6c4Ha
2018/05/01 09:36:26.971641     8HanbzL11R.eErT60P5BA8deVmCAOnZNRcP
2006/01/17 13:28:01.920676    yKOfNfRditUS2E1B4u1xC8RyEPQkfL5facysU1SAceb8dJUilxZBSIFhQXPnyY5jBDfzjXrpk7HkarTlarkE4GwHY.P
Sun Nov 22 07:02:41   TWaBPGx7qxyeUMRUxH1KhxLG2Yg3.EERNVUE yyrT.0Sl4kq3I hcFGpmWs
2017/05/03 19:25:17.80969     W1SqDPFUS pmaMxC1.sgRVCi3ELkrIcFtYN.WezwPOsCe9FyYmWIQan819qM
Sat Jun 08 17:39:35     TTSgEmezKVejtcH6xVvqU67yq7.y1H.ERo4tWEKbBFte16VN2fEkS.pxaDlaBoGbAllbT34r Suotsp76UveP2
Sun Nov 02 05:22:51  8gwV6kMnqdD8c2 PV1e2DhB1LY6ZHW3phFWs2wccV5fzIIZMJbn30W.vf9pJzubpd bV
Sat Sep 23 18:46:19    TFuKvpy9JixC2y39XEfqYggC1RHSXxua6ZTBd8Bu.CTmbTPJJDtX2rKm wQ3nea9IsOxTQZHxgAUug
Thu Feb 14 20:40:27     9aMHDZH a3SZNrsgWzx1ZLRESInyuECu4Cq4Bv
1999/02/12 00:38:42.635287     9EZWa2smAgD6K4sT4eJYHKh1sokb8CKyTF2GWtxOhzMAqNJv7 LfNiN5
1994/07/09 11:34:27.85527    OsLy8AMXy.X5sRKgMilWIcnao22C41gtdogsNFZDYVetWnwY
Sat Dec 08 01:57:35     WmXvCr5B m1BbsCiH irflDEEOXfbJNigyg
2021/11/11 05:39:10.768196 JzaCE8BJOblzOci2 vAEIyx.QG7mszhp8NaAC1glPYd5hrykIWPI6V16AeIU8uqATW8PSdhWmUrD dSbNE 4A eO
2021/01/16 08:35:19.994445  2uTzcOfqE1n Kcj4KghY 6glOaBut03TPWXCNZ3SFw72EDlJC9fMhMKztzOl3.KBYKI
Tue Jun 09 01:10:39  LRteO1izq0KtxAyehCTJcYVgq9X3oDzp8Kt76XmB
2018/08/21 23:34:26.246084     WapRMGSVMhXL5Nkn3puH8isslEj082HMzMYlivLmdRGiGQuHVn1rUi3A9b.uf8EqMDikNxI
1991/12/05 01:22:07.426360    IKsClZex.iRLMfoGyW5Ry0O6vb6xrLo1VNQEtFwAdfbLof bN
Fri May 19 07:23:31    VWUycNjx862ML4tlwuuHzepIDYroz pSVvp4RT5YxO278s
2021/12/21 08:01:46.955083    zfNZc6iexk3Bhx5gdQ17H5R
2005/02/28 11:36:45.361077  5GlFad1I3aXzRRB fOr.3UzAHwPQFwk2ygTYh0tKv1qlXqgZOTd RF.W
1992/12/21 06:03:17.944311    1.cFalRoaU78U40ytiSTe3EWvL8l 7osd6JUUUYXrl
2013/04/07 03:45:21  g4TAyS7xvjeZ1FrKP4mowYy72NA2OVZDzOoymhFz GkXso ZoYLhyE9EpTQB0UH9Qj1xoKm3LkMKOkJEfdx Kf aaC4EqC
2019/05/18 06:55:32.63064    Gq90dUHGVp 
2017/08/09 07:32:30.68394 OaZBghZ wW.jpSf6xKO1nMT8seP5xrnX6b8OLU mTMgAR10fzxpW369bDJYMbKsbI0yAAJpYBfaikb3yHaJ5aUh
1992/08/16 20:53:01.700270  H5Df11 ZL591sTF
1995/11/07 03:36:51     ONziCUIKtWJUDP
2012/12/03 18:25:12.135047    VAiUYJ2zliIyoHbyMv3dn54u00waP.aYyUhZ95sXdYlVOzG5FILxZfst
2008/03/15 11:31:37.961232 9kJm9o4QtzCFtJwrLw2uKdMiXMJRyIwWK2qhz1zorCleQrbabOkbnnO1VKi79AVFsWEMwmn
Mon Apr 08 14:30:53  Ou4.4GWsVgbSzmVCnYiuT6aYrQjtZRcO
1994/01/09 13:26:31.606924  IIJNMKvxHFsMghQ4Yj3NRBxv87wNF3NLjGkYl.YgAFna.sS.BU XJtUQRLXF2nzV4nSuPrFqoasM1Bhkb6JaAYUUzZw
Thu Aug 17 13:15:44   x5C55kw3EA81QK7sdYuSzRoAS8lPb.gFdFRCc5n5TCrFtMVcefB8Hg169zOBA
2002/11/28 19:54:35.862912 gmMWM5JoEfUKT6j9AMIOP4oIxvMeL.w0xqVoA97BpuRtpH lfBDY
Sat Nov 06 08:04:39  scsYhowkCjmNihVyz0otJXsQevq8ncyBsTYP8tgMlFiZkXApgR5z9LAL1RdssojZxJ4M5oKf9X8nkc29LRme4H2 X
2018/08/14 11:23:25  graiQOg5vb5.7GsbLqHJAHhSqArmP2T6z chds6MJaVN7cIJD.GNMf9 zuQsa
1992/06/27 22:53:36.774634   rTX8YmMAF7qaVK4JLDqYM2oRnw81CfTFHdPPI4Hq5bG5Fz
Tue Aug 17 22:46:35  BQaktkkmloDL2M3dM2aG B6TXolKZy0wwtxraWjRwN66OmUw9iarQzxqBc6ux0.hgm82Ioggwxg Uhy99GnquzSR7IGJnVVSY
Wed Dec 06 16:07:20    d9sDUHJ7a2g6tcW OVwdqeVUbuZvHaPYre6almWFMZ5KMn6pnvDvyA5qOBAZE4ac0C
2009/02/15 01:32:15   PUvfwgp99d0gbvBCOwwYmNgfe4UZmJ1dnLeMlRvq14PpeLt1
Wed Jan 14 09:16:40   7.3OQTBD Q0xVhodjI67a740C1fFSND2oZh
Wed Jul 01 09:44:24    xWuLXrcLqINH3ksPhMi.T2iqNJ.I2wmC9odZJjs  JRYK8TnGBoyxaneRec.50h kF DGu7 s
Sat Dec 01 10:09:22    0UJI6J4RTTDKn81OsjwtWmhTs6dT7xVaIOfkBoup
2022/10/04 00:33:48  EC9zGblFSMgoJEgBh1 SwaScVyz1zHPaDhiN4PTeBpcCCQtG4aY11Gm eiVm3gCY5B9WRO8OOyyYjytAVUGy5UBb7
2009/01/21 17:05:10  cN7I1sI.EJzR1.hmCnRnzqmi6qLrOKDyUPbb
Fri Jul 08 18:04:58     X3zTRfXbwm0PlP6Ns TbwB9EPrFzIbp5BXvPU2uB
2010/12/22 02:32:13  viFUUjlDe3sBZEBcjcwPXn4gtK5ErE2W 2e9EwxNj7kkxex05K9Gs5
2017/01/08 08:48:42.337294   r3I4zFDH76DA1k09wZvxhxc2TjGei7FNuEqyqnQ9HMQgPcd84Jxu
2020/04/25 00:36:12  ywXaWvWhnV2nLzIfM11u8H
Mon Jul 10 21:21:02  fZN3YP2j1sJ7T3mguTjNiuWHbsHxBGMAzMAYk WqfYhTo6UsqeqKKo8hx22
2020/01/13 17:36:57  DQJIcCtuPZBfrRbFVy0tJhZEHvtxskSjfvx81jMSpgNIKPH5nQd3pZuTOpvIaHjtAEildeHsh2O9HcQTNyqgJOiybI8duow6MXj
Tue Jul 07 05:59:47 2ccAf 8WTijVAzGAiSFn Yvxmwzx1Tis2GjAN5p1WxZPZKSlN2 DIKnFe4xE
1998/01/24 02:14:44  .FMJ2 cPWdZDEpuRgTssrVM5KnKtH98gKC1cudi1 1ZadtmJTL3skSpHwWwVphz9BKqHj0fyvIA4fS qUM
Sat Feb 04 21:49:05   WZGkaZ9hRIeePBPWhKgRdsArH8OSo6D5PxWhEbPQ4UQO2e2QqNsyGSH1rFdQGkB
Wed Dec 26 18:48:10  CXob38mYwxCEypRGECU6e1ZkT3.bkRDYNznAsE6QoT32ubC0 
2019/07/13 12:09:15.995601     g tN7i1434p6xq6eqEXCrxJxU
2001/04/20 20:26:51    4jGPYFw1YwHAbWag6As bfO4
2000/10/22 06:55:44.874664   CoMTaKd.2DxBqVKG9bpZ9GoLbGmVHxJ1EWmaZMGVHyhoQS1kxByUvtaAtJGwFlgC5Uf6k
2003/03/17 18:20:06  u8DqbfnynG
1999/04/07 17:01:53 Z6GlpzKKL0di
Tue Sep 09 21:03:07    0YdlO5Gr.9eTmQWj
Fri Jan 16 11:18:56  yCsqKsvQWBV.34OHCJdc9msKm5tpsH WkQoDgIqEcoC91wAt1ZjQsQCvjvW1OeZWvcBq43UdUIW
Sat Apr 02 18:56:29     soXGwolAlZ1wrrqC9TW1
Fri Dec 07 04:28:45 .p4Wu9LoI7VQTQe8629XWcJSaepZYjbkic6b DQXlDWmOwiUMxgPaC52g9U.18ON5jiq
2017/02/04 16:37:01 H7UJVOuic6i8GdCLCU
Sat Apr 04 12:32:04    hPOnPXbWzaBsp3eE2WIQO2k70geFPMNX0u4fW0cEU21OLZjyI cVA9 B3y5og6qJMEIVvHYEET6IkeMMI2OvB
2009/08/28 22:14:27.813768 1115al.GFm g90cXZLC6y2SGHwsGyx4CwZnLvLgOa4kl9sWN7DyTwlbNbJHBu2YdGr919vhhzn
Sun Oct 27 12:37:10 0yuatLVbUVxv243Lf. S
Wed Feb 09 18:05:17   oi5JMuZHScXnIE0pmGGN
2011/04/22 19:41:07   vtHUhHvlq87I0Qh02HjAiv2rLCm76vD3
2021/09/05 23:18:46.727996    F4.zKlM.svbwZdcwQOuH7pAycOryEeCDg4BkAEPQcKQBkQ8oEBYMsvJsdQE8uy
Tue Jan 08 19:01:59     Rj9UoV9F61Wm44PVY2gceOFyVPkvYEbD0LhVGlVnnElfGBn4VE6lKvIw8
2019/07/16 08:13:56     Pv0TwRpLEXIm7yQDnn0ozNhlguk2M2o2j2kzzaAFhrjOoQseWGJY0mu
2004/05/13 03:08:16.468745  blosU8P7glNie7t9tAU PGeP..hm6
Fri Apr 15 02:18:27     cI4NXbJe9O.uPTpJsU Bc3LiMbH8RKToTqFOOZW2PWahqjUzaEJSTN8W9uMJejCdLGAy8P99uQn53yVDNPi8KmslYtIuUB25g0l
Wed Apr 26 10:04:24  5wPOlW9zsv99HzOKEhsFDxnAqKT1gaWHHnw
Thu Dec 10 21:34:57    AZF5PHV.WWAoRHVVgA7z4bH.5f28nCgk88EHzwbvl9wXpY0uoHHnlWWOmrNA9YkRURntAgq7vm
2003/09/18 17:08:34.982414 sHH5NtZhIQWtUQf.4E81oRf. TGvKIXxQ0Lrm8PIWETS9ZHheIO41a5zmTAQiwqH ltdmxxgoFoX
2017/12/20 00:30:30.425042   3.N16OEimGPE.3UNcRJ.Jj U68WM6ZVD.TLjXDD
2016/12/14 16:21:14.287484     D7ZwEWeVKSzoQ3MKmSaBkMkp6m1p4lvFq5cy3fihPDv M
Sun Jun 27 07:09:27  fu6DOWD7Rnwmjn22NYPyqHajh65tVYWp6e1np
2016/02/21 08:19:07  UrvuE8QCglp2DI3xW47tItab97WgaYv5pM9wkUu0eYWphuq7W1xQPZ5LL6j0cxUvwJ2k
Fri Feb 03 03:29:12     zWeqnnXxL387OQJ1FIY.Wuggwpro4SVrcKMBkXf5yxFRDrhQ4wiBLdi9igr21oQL2r6aI0XM 8i46
1994/05/05 21:21:37.742739     n5yq9Yt7r2A8iAbhPiM4A9 419bJYEYnCQuZk5keIfneoJhoJts7nfvFYD9bMeF2pe.NoK3AHGjHHRNNU
Thu Aug 21 00:02:01 XuB q7891WwmzwdAafQmWdR2x8ArWt
Tue Sep 01 12:23:42   lptXsWwp.LFVsMZqUYhjGknSDmptbvxg
Sat Aug 08 17:12:37     VX2ZuLVcRyIWZr9t5D nMCQWul YoiYT0P72E8MV4HbDwJziX bYXMQirRhdKv.5tChmHA0Bx IThJTqOBWD.WQqlxq6dIRTI
Thu Mar 17 17:05:40  C L6g6L PS55BiQNW
1992/11/24 15:26:37.663145  c2ZVqwF.9BsY1OuUOUBGb1CdmxQnC
1993/05/19 14:05:42.868910 1V9mopfSLJ8LF0BV1 D9h1YATRUKkmqqYlpeBrIL1FgGHZ.lDGQ0jx quWvZKKY3WY0NzPi
2020/03/11 22:15:23.404085    8 tpEndAaBA3O.sjzrpcLS1KhdVnc2QLzdvmQBOOJQnw.WtzPo8ljqIC1d
1996/08/06 23:14:34  dC KqGQGdRGQT6P45yKCiNwIPCpzXtsIOJRPa82d
Sun Nov 19 03:07:49 jlxgAH.lUmdcQ58mBpjmxkiSRNXfI3d2J2sFsZXgcoT1RE3bVtU
2014/10/07 08:34:56 BaAUz3l5x0JdWyQCztyVGKdis7LrYqF1r.btz 8aeIM.reCqhP6 pGuLnypHW8R
2021/01/24 22:43:43  SnSfqf4lcqO02y6pssJmqPlGmrtl5OHpafszpEat2
Mon Jun 14 23:24:24    m.i9YWbo3MShMUIcq3J.IPL7YPO11DYNigLZ0lr6pn7uTtgYlbnN2mvOZ9lO9t2VffbI3
1993/11/21 19:43:54 RNGWPT7T0fUt9Yw1kh6UNXGSB
2021/02/24 13:07:37.811349  k9kvu2F6c9mAs8EKfHnIuPLg1jR.5WPfx2rKWlOUv9u2WCG2YS
Fri Nov 22 14:29:58     o793 t 3GgbaxXl62dpDAB9qcvR6oVm jtqu.Y9ZP7Idbxvw1c0SeRfk5FZsk0FJrbIybObybzh2I.w0l74UovG0k5wPHvYvwB
2004/11/08 22:51:26.485617    pXsZv292ca
Fri May 13 19:38:24 qwqwkA0ZRJQ0RWpyoNi6viDzkT702WQSSGBHU1Jq5TWlzGU3QAjaRtUO79EVP
2000/10/09 22:56:26.165966    7WjPTVPePckwckXnhPzVPsakWs nm6xPDYPIteY
2020/04/22 05:14:49.958339  Oc395JGieBwTKle23Gjond VTQtu1uMZTOjEKmYtF8Rn7.UINXV1nqW7ZnUr48v6X
2011/03/22 17:08:47    yL.G.dxN63yUYXjYXI17kTnX20
1991/03/08 13:47:21    xJM4vD4ex4QNLTVs9vqS4zkx4FvKhXlltZCTrGVKeNuJstIGf 9Glup
Sat Sep 21 14:49:00     Qe0JTjEsZW.sXzwCTiMwRmA8
2011/06/19 07:09:13.922241  P2egaU5mxfBikqBn2.nYI6nLtrOcrIermuvcCnRbVVkYxbYQL0
2021/01/03 00:44:58  zBpNIYcVRZfXOdh0 3UhPc4aqI
2003/08/15 04:29:02.402799    .oAlKCBZ3NSnwVb.TwT9vIyHzDCSL t.chk2lo3fzvsxPMrXuiSA773
Thu Aug 10 07:37:16 DUUb1l3hph8WYyj9GXPp2s ar
Thu Jan 18 07:27:40    ADHcS 5gcJNwwSIN8o210awA7cA9lX8Jufc6Fp8ROoyHgUq4DVx4T22FZjcYz
2017/11/23 03:42:05   zExS4JFJdaDlyqjVDvph.2E9YdkLrl6cxzOFkkjzjiApl7B0vmUwSL7q4O72tGZ8H9KwEC
1996/01/18 11:29:02 w 3wgrrKLhNmJTei6l7aps76n6O
Wed Oct 25 14:10:22   EdXsEWeGynubJrgv2Fl747FeLOXX u3RyWEjFPh3nCNEdL86kQo
2020/03/12 18:09:40 rmH92NrlD2jiiXcW1hND1ekUjWF8rKx9cbMdf6NV iYpES BY1YjniXn3yvB3Hbmkt0PVmiP405H6NuWuErzDR A9AP2J85Yu
Mon Feb 05 03:06:53     jajP6sLiLJSWDdC M7CFyvgGeabNwX.T0UpzwUyTHq8I1HZ6teRKw
Wed Jul 17 16:58:51 HtRNNPIE m8Wks0bgQG1seuMVt 1VYeANjpXdEzYnWI4
Sat Apr 28 23:58:00    OpholUYMODRW 
2018/10/07 21:27:51.762790    FGCSV 60LNn9k82iH9nCY9S FU0z3xUbrmz.3CEHOHCeRoF
2012/02/24 05:44:03.725252    lKgQpSbBiK5zFw9vM22uaI8XaCzMeGL20miq8V6UIoHPuVSXBRcIV6rDr xn.lGjtaa3btxtGk9wOztMxdgyFSExm0
Fri Apr 17 23:07:40     rGvKRpZVBgw
Sat Jun 21 14:40:43    gl.llNzaHzy2eBhb6T J LF6sZeKb2m4mebqAYYnw9tRyzp86.u
Tue Sep 14 11:29:22  lfVFquCfiRnuuVxKC0bPwGn4Ov5Sumb7Ma.qaQN2 2K34weKaLWMLYnqqyMNvIZpQsSK3BKk76tRx8tmMc.2ANue3uVDeyP
2010/02/14 12:07:47.344568    0gBMZb196UCJo7CYtvPPGMk.Zg9ffJMPG6gLVjoqVcll3N.m.DEJ8eA94
1998/04/05 15:59:48    MRgd804OlJ ixtGwOd0fvLjdbOY8l
2004/09/10 05:40:21.2744 tvc7cynGlrH6JSYwBMG20IDkvHT lVZaNRntfEg7FODjtDXGq4gDO6HY7r1ESUzuYt
Sun Sep 20 00:46:34    MRuxBOfx77jiZ8V2jDAtvlgwzeGVHSmCnsFF5ujGjoIbvPoHu6bS7LI1jm8jTTkgf
Sat Oct 06 16:24:30   Qk6FNdpeu5pe30KeKz4Z9 8m
2006/09/18 18:07:07 NueV1V.7ty9yAFsg40NVG4A1X9RtKXpMeJ5TASoZh8shhrvrRT.NNKgroieTwMS dwlAuhfB9u5.J
Sat Aug 15 17:27:12    nw73QszXvQt4si.meleuN
1996/11/11 12:21:17   oZFsScyD2zh0fjqDJ9o7bu9EDZOZFktwg.yoW0SvKDoiIPqFBQ7twVp
2017/06/05 10:08:33  JzIvHZGkHg1fuDbW RKM3E8wdULmG06h7DEdkulRZH4L LpDp
2014/12/19 14:19:52   rmVk35fLTlzr8feEuwZ9YB8JD.MKFUgVp.ujOVjHrlKcdZpvQXinfgDuztM
1995/05/01 19:40:07.278670     B8G2GcP2OgmPDebSuLxosPI1Xk2lnhZ70HOpWvRUEXRudnPq BHDiQoua8COxBsbabP
Mon Sep 05 13:40:49 Gv9VwIvIQvi6
1999/05/23 10:19:13.681455  2920xzr3a8CPyZL iNJIEDryBAwNoNE
2003/04/06 19:02:14 icrAja gk0CBqBDR0ZGdTB6LlWwIS2DeLZh0Cl6XdUYpBXAz
1992/07/17 13:33:19.849439 hp4XqEtlhAutVLjedf.o.8FDmQJB78k9GcIzmuu4g
Sun Feb 13 08:19:39   ZrCO0pm0jXtKwo177zb4GfiUH7tElHoSPryHYVQDXxho9BYL8J93AiVAcaxlfq6d9Kik
1991/01/23 08:37:42.97947   Y1rFHK5MdLTaLAX.mjXfxm867zConOPFr7SJobTNgUvjiRGj
Fri Apr 21 16:36:36 04yabYTna4eskD
Sun Feb 10 15:32:40     4wbEH0HCGwtrgoi IwXWGokSyX1WGfXRBFM2zD3TPH4.Dblv0f
Fri Nov 26 08:23:40  Sgn2Bv7Vq2obJv6PH vwI m6xbNygiTPFRALIP2rMiEL9mx9UzplWdw k1vXlsDENi QifEgVAgR3H6PP
1993/11/06 05:10:16    cff9xNqI0UVQOdpSWzkZlyI6
2014/10/18 02:57:17.559383    DhFuTjkle9d8csgdORY0wfrIIos0 n7z1..Y6zw2pH2pQPLsdO7EuXs7Qa4OxcAqGW0GxhsPKgj.3X2G5
Sun Oct 05 15:59:56     7EVg52g3ISoHO7nmtlIHBhuOY.  8yGM 
Tue Mar 11 11:00:29    uiwhrB4xcDq6bdVxPahMtZVze35S2j0z.cfN6MZLDvXoqZOEULi0UxIE7EZeTzMS3gonzC LaoCebqwfoVZqF566vJKCyyXv
1999/01/25 17:20:03  oloOMZjUvn.0
Thu Dec 16 06:08:12     uEATXsYdTPNa0vl54y0k.dIqM7FnnRbVt3jMG7yQqr1MpuzEVJ3.AGO.4qvLmyJI5
2017/08/10 12:48:31.50998  Ogfpn6YMfO.7f8EoS0twuKLJpzLyLXYg422tmbyTJr
Fri Feb 17 00:37:49    ec1QyP3g.tp2Cv6FKJh X4jFG2KvIelQMvnc23M3kIf4L kAIeHnh2glUPvm 2BL1PXZ0BBkfpYK1CqZ5ua4iHmJFd
Fri Sep 07 03:38:30     JryIZiDynXzlL0zSBwRtjKzjzJD0PfKQskXbrtyfaCVjHqZTh55raMGtZx1WaqZ63vvWY7LKnSIjTx1Hv8I
Thu Oct 03 19:21:02    hS5T00s84Ad9IlsNaUblMO2DSSpc7usw85my j
Sun Feb 10 11:11:05  13bSdQrBk8mq w9jj2y
2007/03/12 19:48:37.123563    FhNcBB7izgSfQV2x7nGWI2zyOAbgX24Sx6UMrIq 9EpmmlKLITRZ0ukoaejBj7bcVij4U
Sat Jan 25 00:01:18    5xmhWoxutzwabL6X7lTNzVQf XUCL04LyES5LiVnezjHMGfgoijjsBZ58WhSUfzxZwxob xri3WoTjJfFs
2007/11/28 16:37:44  QFYscPhYOyZwa3iIItziBE FPvK6DZ9V6fvConSYxOn2yzGbn51PNzl
2010/08/26 02:08:04    Tm2 .j8lguZVEBXes2PCvllP9.6y6C2Ri8vC3GB0 vCQz hDO3.gz
Thu Apr 21 00:20:09     ao1eVZDp4ROjN54svkKLbG0CZfdMgvyBul4fWYjRrNsUVwgQ
1993/05/27 13:31:02  HCoG cMS25InTclcrmrCcug7Oy.4uZ98t0uq o64O8KbJXN1HBIEzWlVPaDQDZ eBHUI4nFIpHtN4VCksXeKMEBotQBfKzqn
2009/06/25 01:25:29.495672 lvhDUuRSHi0ezptBzcZyVKckAB0jQ
2010/11/05 08:21:31.353007 evLMm2.tt4NEgtiEaZwPFnMa2HSU4n7Oj5cC.UngE0z1b.WjYxpm2zeLqC2SEwF5EwCLOB
Thu Jan 11 08:47:29   aSgTDAj2HWDztWk1nqgGVzNLPmJ07e8R9qeSEjif3rceFj0opoMHTnqnigAtyPZ
Sat Jan 06 01:48:14     pU7D.3283ZeMhmgAmJawFRMJ5.8kce2SA8OGZgkDL.R6JsyKdDN1mssezK.G0IigIqovc2j68Q6hMlFUbKNuz7aWUbq
1993/07/03 07:38:30.890655  zu8BG0fChrw.GhPBTzii4YkKZnQXJBP.Znj EGRT3W7xq1Un8HfbuVX gGYp9hqXn.e1K718eee9np hmxkB.85rG
Tue Jan 02 11:24:00 31sL6Ab7egqVogfQ6yzasznqIPq9VsaChP4DACaoob
2007/12/06 18:14:45.437093    jrvru4YJC8a2z09HOSSqwo2HK7pIpn6zKrNmd
Mon Feb 01 02:47:06  kngoaZa3cZtnpLjxghTWXpHqNDVH00N CP.NZSYB4Jfpr9Qp51FizFP6MsGF.tJK8Ywmz0StLsHs15X8ExPhI5x
Thu Feb 23 12:35:08   OFZpG1OVD4.e9GLbpSQ2.dWNUbydOcbBm0Qo.zCuDuCg8S3fTa0AJU6GCN06KEou9DWHRpUOxHrq i2RuHPnUzh7QbMGX1D6E0
Tue Oct 11 05:00:26 PuQhrXzMuEPS r2wg9vQACIQ36YJyXb4YdcEv7PPs3zEnRDmjYHMTxYUh09LyN9PA8Dr8ik4V1walR6l
2000/03/26 12:52:12.164102     ub.D4nRMRfe32B145w8s3HtioaCNRaZxPQFh5BigxDHPpW63ZZKs2uAYzOgKD5LOXA8czQR N408oEgBjsIp4JP4WYSgV
Mon Aug 07 11:53:04    0BH1inE wsPPvZuDSAQDiGWKKBx.At3.Mz8Mbt80i6eJyQ yvq4.qXQjP6d
2022/02/25 02:30:34     .MDHT0n0ZPr.fCjHv.x3DJamBic66qBVD9Q3QtxaWRrrB
1993/01/02 23:44:15.565858   vkty4exOAItHzh2IAzwFJ697
2021/12/04 01:18:03 ZO4ndyJQAXMmGgwU5B79.4jGWIr69sGxJvqE9m0JOHfAWLtpd
Thu Jul 18 07:23:41   KVUycD.uULkqUE2dJVFx7
Fri Mar 24 21:55:54  96 lYUYZjZrfdk1OZshGduZbO3d2CnEkJLP9AR.H5tNE
2017/01/01 12:34:48.491018     DvcrOag50Cb d6XLrcjS6cIS.WjjPEYjPJIS
Sat Nov 20 01:00:00     ZZdE jaXG8ndyWPoHEG66l702914d1LeY9ULVMSnyJSJbCrVqI4F lYwv277zSAJxsn9ImAGbbAG5oH v4nbllorAUpK1PIR3 
Sun Aug 23 09:29:26   W1juhDt5cp7naxOKymmFN
Fri Oct 21 17:02:52   WZ5kIGEYTJ3lfaQUnIobnZcpiBAtPTocrOA1Yoxauh8X.jTsNCL1 l
Tue Dec 05 13:33:32     zWmelIHyoiKbLKK0MUpbHzgjgzoL71p.2FdxXuS4HIoyupikVkL7fOTLCOk8V4.2 z3j01LZEU qVRM0jUlSKK.Q.XGQ
1990/02/06 11:05:48  2dQNHaSoo2I6EUpl0E8N0U0yJ28slZ76m696BCmJeYv.6ZWl3BCLppXA jyn
2010/03/26 00:55:11.783035    B9YBXBL89.YIzY8R0jBlzDusJ3Wt4hUGNo gmFAuQEWaAkfZfgO4g4hl1zvU
Fri Nov 13 11:02:37  bd195d6xA5r8yuA3dDs6DOf 4pafKF.sBoDyxpQo
2005/12/14 23:30:55.391526    7K1Zww1LNUAZNCw740K09VWOMmD9V5dZu1tXtfFhef1uqwV2XZMlTtFv4hIq3UJ46
Thu Dec 16 23:19:54  gQ8oL0PSVBNg.y.D0UJ7hGcQi2VOr5c3Tc2I.rAAvkrxgirMuteudfDdVOhZ2j.vuUAlCAvnZvI9X8fDs
2002/03/03 16:42:09     QyJ 808jYnqsO4CE6xswd 0ZDHs.QIMfM4.PY 9qaNVALFFqsrFzk kXYgscieANzN8Ogkn3vk6RZbvlriFRP
Tue Aug 23 14:28:51  .B4rOYN.f6.9gwKKBpfPrtyRHdb3VoGt6GovwBh5E282L.Pn4rDptYn3n r2NR6JdUtZNdWbS8CXmQrQ7QuUKi77
Mon Oct 02 20:01:37   SgVg4DPF3NITDqxHfIcphctfviENGJqxNqVokBt4HUP
Fri Jan 27 19:02:08 1P8oIN6APQRLkxT9vXFDFAOn3R8KQfNxiV9DJ9HMJY3CwH8ppv6ntIQ Xgq6 VbKfzlV2at1iibofGC.bKUKd1bpWIFoC 
2021/02/19 21:18:50.147043   okrexrRJ4znqTKkvFQ3zuHleXNyOS7GYAvYnbPv4
Sat Jun 26 09:33:57    jsqwpe.CE6oR0vEPgVMRhMLcwpPh2ZXpYI.Xeh6Sh1ah7ibqdckSFCsmZuNX8SYNjDU7rsG781K
Sun May 12 11:06:59 HJjl3Ku1hlPkRi1LLUnO8uFn4pLO0xliEM68Vr1.LeIPyaN1unjwj1rEWTfzzKZjhMEDwgY9oG9KqYtdY6WYmoVrjsDlk0anRjW
1996/11/07 15:10:15    1xzbasFxhNnrE0
1993/06/07 17:04:00.809335     jPYtFyOyHje6UsThoSACpL52Q9oR4YXoAkNtxg0Qq88XdNWvuD3Sv57ikDdtVHJZLnrcGg6i
Fri Nov 01 08:17:42 sVXOzzosFjACixqM0Cr8w22vIIv.bmr dvObChJcCmf7Uz1pp5WgivHzcn
2008/08/12 07:31:36    S7UadqWbyc3agSIywfqA6POYqyOSsFTSgUrC5c5gClwpbIqI.ygfaLe
2003/09/07 15:23:35.522177     HK7XH9wqfavCpy2EGkZke.cnjNXB7rYLzvFlri9OhVC1DOya3hhibP.G.YXoWvwljtrKl2btJaMc.v6qDvBqd4M
1990/10/15 05:49:41 iHAhNUzwy1xUkkm3XM7f60qqF3pBduaEjCMOQEteWAKK2Nr53t
Sat Jun 15 10:53:16 zOQ3KNVfFIn5hQSY2f.JjWX
2000/07/24 05:00:19.599822   tfOSXLAf0R8hfRMnqNdT.87pOSGg 8mb7I5..oKjY5WNUo0hLF
Tue Apr 17 22:35:40 kK.FnwwJB05Uls2Q3zE689x.CHZTIAlh3eSpQO6 sW31ojXfPvZqRcRSDrXoAuoshO1BygvQ9WwHqI
2013/12/19 19:04:55     xe778csoiyD0dDXcHhEzYJTTryzU6F9dHREtofPZrggNVvKH.1tM6JRId
2016/09/01 01:41:02   ezokZ4OnZF WGZu4Y
2002/10/21 19:09:05.212507     .Ht4XFifclB5e2s7c1acc37fpYcgleeiKbVs4RokE6ZZcNLv969nap
1996/02/06 03:19:40  y8kS 6f5JD2 EE3px6IzU2W1hOY0vFrFUy0EqYEXkz1UrqyqVv1.
Tue Feb 04 17:29:29 ygHClt4LpcE6 beRbf
2008/12/20 08:37:33  7rLCkjUtu9n46IrieP289ttopESlcjoTbH5HAZ5 CxbcLcqoQe iTpbqhzZsTLGQRthkjzokslHX
Mon Sep 27 04:44:06     eHd4s0NY6ATb2FGLdn51lF
Sun Mar 03 16:10:34     4QyinnExFIswA8mqyeBsFdi72WQ7EhxYQMz
2022/04/12 14:39:07  .hgs3WKhYNAc9bKGaGbkvHhtNq9OXp7sgqkQeBWr6f7w IJECLoOJtMC
1995/01/15 09:56:37  i9G O9P.mM
Wed Nov 22 12:24:33  MZcKoNOK8yqij4QB6AhkOn
Sun Dec 05 17:32:15   TiCqM7xC18.bAwa MXMocxU
Wed Apr 25 02:35:07   n4hFeVwoAiDtqn3akx7uxh9h5U0sGjMu.drJjDUc2 aM3..
1992/10/21 11:01:12.142659   Xem0JseS9o6jkazPYlp7Y.DTPWH0 sqJBLN0KEKfwBNgZJKKJgSlataS6BZY LaC2Ik3Spcefq0Hm4cpc5MjjHAwn71N
Sat Aug 10 06:45:31     XpEsIIPLwpoR5NfE3UvVm
2010/04/03 15:59:17.885180  3Ta. rO Mgn5ccRdLJl o.Q77lsdg0eznqt5R62SoUmbYlXV3Ct5qnzbqYvmu5m5e6P CS8
Mon Mar 03 12:33:46     58Uvfin7YUy6SkI YPMP3BL3Cq kIYw7ekgDaQSkjWNNTI.nU9fAtPmat5f0oDqIZVcJ 3LP6n
2000/07/14 15:21:44.275691    vY4P2h0Ez0lfQQ vMm6EvhDN7w5tR3Y6wj8JZ3WxnR z5f Flj1W5Ybv9ifgHfRN3
1994/10/04 05:42:33.334481    .DQF6ZNWxkW0KR6KOt6yITAECdIOM3h.AaT3VmdY4ZXcQTHzoxAhQjq
2022/10/15 16:44:53.529514     12e5PWik74vXWR.YT.x
Sun Oct 07 06:37:39   VoTVbS jLN73DIteBU1BgJvasSadOL2h41xAzprBkhU34n
Sat May 23 06:20:10     WPSv5OgTj dv3XNDb6bxuWvYw6ePyz vR7tTvHvLT0WRsUXRMjhPjYz.G8Mgo8PjtyciXQTy6.
1993/03/22 12:37:36.565168   LF0Yb5sHLbehmh7A51rJiPZiUPD14GExJPMdMgK64oTSGuQ XDPBjKAN.ieVTCjfh3B37EJGV RR2S hIGNXIaFOTDb
Sun Oct 10 09:14:30    C4PjtUx.GBRznq MGliAMiAD21czSsgiL8FBfKOqOoIRsTBBzOCBSgJm
2022/02/04 18:01:56.981320    V1HyvnEOSi9sjk8E0e0E1JV4pIN0IHtuWQ3uGPFidj8 AkzHHqWtVqvjyKYhqzpCe3WV Tdb4E9ihoSVrL55Mc
2007/04/25 17:18:04.789969   YZU1Q5FJWDyrTKrPCflR7sQguXE4cBNxdVsZYRsUfCRnCh6m k978vhMgKYmMNxQErwxIQ7prZW2Z9UUlmeG qx2NLxe
Sat Sep 14 06:18:50  gEs2p.ePPuFDPxYcHBMeG5u828iHeJW I0kM7aKSYJC4LZLkzl
Fri Dec 26 05:41:04    B.X05SbFVfCwmZ7OiYMTINsG.eOVO2Bi7s6NYUIgnQZIln4SNU hzMkcdpC6CRzUNmNhnfu0nTk9.Skk kgO lT
Sat Jun 27 06:59:14     P1NTVEWmV800XE1TfXv4HfHGlpteLHaqYPor4E3pt1UTcnw
2011/10/10 02:13:07  VnIbbCGNxONkBv765TP1pcQiorgtgWlK1obhbNqd8BzO0kJArsh7zaoF6.AQduAUwaeYqxwc4JwOhIUMSFir.VPhEZCUkAQ
Fri Feb 24 00:19:17  juqRz4YDG3Z197tYxJE4K0iJicHojgcYxS4Q5YdQTBb G8f4J5GjLCqeAfW
1997/03/21 18:15:21 01mc71xW7 zrnKdwVgoNHvcyaX3koEgTx
Sun Dec 03 12:41:40 tG1TJXChRoCPD5svZGLbwKLTAto .wrv0qf6QbTYmX2KJBIEFQ9OY jAZKlXqpAFAqpcBvGMYhsuGd7FUFp1t8XjGFVy4a1mc3
Mon Mar 03 22:58:55   0YHW5CiSpYa3cWdgQgzwVU
1995/05/06 14:59:52.93986     5GOssKVvK.SxiRV7vWAOwFxa0EJPeUNVy5ejRmuphwv7h5fBfcVd RCfGtHTux40yE3eVbLMzi
2007/04/24 11:54:21.333590     sz8LlMYLLbLCUh t6gbbasKsbbuNDEDpn2TDGVohdKWU58qY0jgib
1996/03/26 12:03:03 W0Hw7wguKfKaV4Z6
Sun Jan 22 05:25:55    7KolXb0YISZTf2rZ qzpZtMa 62RVI75eKvfJd57z3VXAddo57kspS49LT9lMgsmXiIV1MxSsGNaA6DHeSb1IO3P9rfcXN3b1r
2011/08/10 20:44:21   s4xhJhsxr6umQ1WmL1vPEmdqH0YlNXVo
Mon Jun 10 04:32:33   vjOArVw8In1IQfIT8Wz5a434iN4FkTuLkmlA5Oq2wbPAbGWGQGjpC2JeqGZlPOUKOIAnM56HerN93YmJ a9nkwT9TZ8ttsI M6s
Mon Mar 22 10:45:43    KMqo0erw5fQ1XPueKHearo3WSwWcQKJp8HBrYW elzbG3qLm9pOHpfuKHx6BndJoFeZ037Jnd1wgqXO7KPG
Sun May 12 06:59:08 0ZlghX6nwXY6vfyhhGXKEfZfBFq3MbQPpKYP8eAV2
Mon Sep 23 19:37:54  ZHtNlkl6VidLdu.UDJImNdzuDIE7wYr60W4toSUzT6cXzlVnXV78VIq6R
2006/03/09 14:53:55 vYPbEo2EBBBUgvrBEfi
Sun Oct 28 06:11:56  j21XSRpX.zmr0XiMpO28VQD3go
Thu Aug 03 15:04:56 ufrZL89F z ob IZilpYw j.ePr77l7KYQ4h
2002/11/20 13:22:16.593565 JmQVMrQCgfjs8n6FxD6vm46Uv9emXk0wD09tI0RduJQOJeB lN7O8nEkRAZIHbo7V1n9dslsLS3eV1gqf9UZv
2005/02/28 18:14:28.992089 waZs2yx8XYXtTREGJUH7cbSxNFapTJA 4mrvRsuE2tGXRw13EmjaBlnLT8KnOMHjk
2019/01/18 02:26:34  G7taIZbk1KgqlpsokCGtoT8dGy.RJcpvrkQMhO5ZOkYHZKD
2006/03/15 12:04:17.499963    2aUbzO7MjBdbTS5ysXdHhJ1qfguI0eR9.rtTUCTsqhAZk
1995/11/12 20:16:06.103928  TXn3zjJwrj j46K58GdarrVovO05kgZGbqwqknZv
1993/03/04 12:27:57.617767   h.fk803JGqcnB4q4ib
Sun Feb 15 21:23:38  rIiz5Td6Fc
2014/07/17 14:55:21.727687 5lGUsN.QqhbHe0zdfp5IE7FVa
Fri Dec 12 02:26:12    LZWhrsSy Vdnmokqr8R4NrHl88Cxd.GzmfDX.qPu
Tue Feb 15 03:30:02  AnxBN3es01jVUu2kxKrNsrjmvfaaw3oTcU2gkDaH.sMzpTojiGc5oGItxWYLHKs1PQ
2010/09/17 01:24:09.139460  rhWgW3PLegx0czabsHW1YTrLkNIj.OiJuGH1x1D22UbmMVWF9OYX3dCpSdK6IJ bHjiHYh03HJZJ162rJ
Sat Nov 09 06:35:24    HKNokYJsQCSfK5swcjDOA ZJH9xoKMnRDqK9lofKzORZ9AvRcQl
2017/08/07 15:01:08.714565   00z8qTe.1wIdzlGYZ9zB3f9RtwqD
Sat May 12 05:22:12 nf 4QHDT8XaQh5csg38OfLLF8En PQQS3WeADb60kZtOlOM17KkVjvQhD9oDJz7AvcsrFleaNDshOwvtFggeCEbncV
2009/03/13 19:38:06.197399  ZQ1MwjDOvQuR0NiII193x1YWTvrrEDb7Zro4IajvBZ gB6wfbuzYzWwgsp4Q7
Sat Mar 19 03:00:25    eIXR5.C4xmiDzbfQYmfe.3AfsRyWutyXb9iicWjz51
1996/12/16 20:11:29.61831    6qM.Jr3qb5Vpk0VySaCkZtNiPHpUSm6VYtuOhF4EGonRDOk
2020/02/18 09:59:58    lXqOtFEkJN7Es8Dso4 8gPyOZBE8gY1qp2P3yOF 1UAhLX xVuMlvolWPQcR8ou 3eRDoB0dUlNXTiSq3rNDAm
1991/10/26 07:04:12   M038eGfUe5dKT8oRHqlfOGdgv41IiZZ RRCcz YXbFWyYA
Wed Jan 04 17:53:15     NS3XO5MqT9kjUypEHr4.1IDrIHOYfcvQda2SjPwdF5Jyt2adMN
Fri May 22 13:59:23  2V8yqe 94F.hYqtgzOI1R6Yrg1PU5TT5jOQ7nd ymZCi9LxBT
Fri Nov 01 16:05:27   X1FxXraMYj05y fcuBqfwpgzP.UlMoOx2c6WwWvzraM7 kRP6jSJMSNmHpMO2qadPcqQOlt5nVdNJbmF7MuUH0N
1995/12/26 04:37:31   HC5S9vIk.oPZblKu62bDCF9GdVRbg4badeJ5JFk9oTcWljIc6
Mon Jan 02 17:21:25   LzYJhMliMlbv6IKd ch08Sv9KMucL1tvmP1hHclvyCTephhkoi9mmSjkxI9QdeaF8XQs33YCHet.nDg6XFq
2016/03/15 04:18:20.42722     UcuX.2YpIXzapdcyuLziNhZPF7 nUvx
Sun Feb 23 09:39:48   Hl69J.mmSLHM91V.oX60tMtOikBLwlDewg9dE1zuqJlQk0nCYbT5ZAck8xTiaZscfs752 TWk.0Iv9
Thu May 11 05:14:47  1WXpgtkKRHWlt1Kb5sdctTnP4DeOZCU5Q7nhMzbjQg9gIyJQ
Tue Nov 16 08:32:39    GPlkyiZIOED4vLuz2o3z8Es0.WeJLo3ELYPIJAsCBBWaUGbpwVQnj3Gdq5tC5fAsKHX0 ji5tIn
Wed Nov 27 13:50:11    1I5Hx2ABO7i33nBftU 2TP8EJN1iEc2y0PknQJMC3tshcwPrj61AFCZWYsOnRC9gaTCzY.
Wed May 13 14:38:37  CCha0VVVwBNMkki1VDWfvbqUecdMADibywoI5JLOGftWF RaI2s0CJRsLd0pecFAIS6p a
Tue Sep 15 10:30:46   WLd7lM6JMJp88Rw
2022/04/07 13:39:54.276588 oG.pMejjbWA98Tcy4Sy5oICY 5TtB4Z.3Zq
Thu May 01 04:12:41 NC75WF8JFAbM.CsTaGDEHAn3Ujx4BMbFeSER8
Sat Oct 16 21:04:17     G9zISwlkWt1SxNCex 3p7PxtmX4dZN8DpLqJrNxNaFaDohzR7bQTQAUBdi71rEDNjR7P3Qo263yDjh
2016/06/17 20:17:17   deH2EHe4O4KP33DzDRH6skJ6uVjJ
2020/08/05 12:07:35.109120    its8N15XgWgOvknzvp6N2E8dNFjiUCH6EGpZxu7mZHGcg2x td7I1pVELP
2003/10/06 14:15:30 0dMHdJfxjzC8bXY5soJ.67
Sat Mar 04 04:07:22 4zwjH FaJgk8QWuhBkC7s CTkfb9To4Kca0S0Yr4yfWyECTp
Sat Feb 03 18:50:43   WUEtG2CutfEa 7XDYC6LZlEmdrKngjoOJAOH59YgioAy0aDsnUNBAyQOu91i8MwCj
Mon Jun 07 19:21:27   K3HaURR9WzhoiF8Ra23pvXsr9MTUi6WsStMHAxJNUOYYp
Sat Dec 25 04:33:32  lyVmPxOy8d
Fri Sep 16 14:05:16     AepiyD 06Nn54g1UXk7xa26Np798lPDMgKb DyaQrgiqnxM5fMA0qM5pTtvnDQArhBTK8ZSqdyMx9N8AfuTLwn
1992/06/21 10:55:46.976624 DBvvaKcRL  FmIRFreL8sOvtk.g.S8O1ki1kk9ZeGCEwurPc3pwvHeGiZ3 8u48FaNpSyrjnd86.k13qRVg29x2Q
Sat Sep 19 04:08:04 FPhSpyBCoVnNcKS8b4VgPfcj12wNs1cfNqcbLH0HZLqvIE JY9mUJ.Ecch
1992/07/15 08:26:18.578860     Bswac q.qqJQ68
Wed Nov 04 01:49:14     XEGBUiBIVPfVk7 gBQj2LMk46ZcYewXi06a BxyYwdR
1995/10/16 07:35:43.955595   xEbEuY6. .K Qw0dFkjXi1xHYC
Sat Jun 08 19:56:05    Ws2FBFwUKdiLHp cb.
Sat Oct 06 21:20:17     gX.QBkAt2bbnRmjKNG4Ve1 HhQjLyumbIYy5qzwFnsO2434NQLZMR 
Sun Aug 13 01:20:27 HrJsJZurM.7vKxEgwX3rjVrJu64m
Thu Jan 16 15:58:13    kFxtq2jNOJd8mrqu0cpOLtWepuS4Cl8ZF jB0hmFkEp22mu
Fri May 02 20:51:06 0LhE4iAe14.EECsS1KXW8osmOOfp1kA.oyy5N8SYauw0B W2SUF5uCPFe2DL6qsbjX6X9yN
Wed Aug 08 13:14:29    CiInGHlYKAoDvs.XeylYNEKzoEZhewQURR8f8PQ68v i8w5 1smKKguNaO8 vyhC
1991/04/28 12:09:44.82901 dDCJTk1RBsrJNG.I2NDAH84Muo2oUoEFABA68Gs9yDakCb6IBpX1nk9l2.YdxMaNCa0NUfMa.94FfbbQYy4vNaG
Sat Aug 20 10:28:25 2rPT4YK6DGdmmHkIXLJL0cPh lHEq.vWP SFju12ljMUg4dChbea7uFMV9rzstZN5IVBZHFiJ DXvP9ijUR9eKEWBO1O
Thu Jun 04 21:38:53  U.OR0Yj.4.zD.UUbOjW11wBkh8ivdpSbM5fvVnV5AzG7gDFLhNb4myDOom4pPoHMOE7yJZEOU0ubBKnYE4ErJmuLEjy
Thu May 23 22:52:23    FjfUM2AOz WnlsBRWMQhsFrkK444oOHVhWns
2010/07/03 16:40:01    GqTVs7Mk897H3TGf18pIG.DPEaxu
2009/02/15 07:43:45     M8M0COsuwhySAoPx6RGSE6O2e7B2E3tyA5S8ZsoGe66wf7SQfVOKA7Lg4 5P
2022/01/15 16:39:18.868349    XFCY1SdcAWa9T.ShXwD5KNu
Sat Apr 25 17:20:50     g 2NLN2c7vfHYSnuLUITpqOkfAarVqNxfrBYEJT028MgwEM
Tue Apr 14 15:41:25     xTB0BztBUB Nvu4nZpwGX5 Rus5XIF5YkkF6iyEknqTPlAHpWHUDIdk7DCpxNzJsihurFYknTSNS
1993/06/16 23:30:35  tHP8y5hTfVG8f3EIr eZAqg5NrjEfTLSECRB8XRMeLIY3cc7vqsv  Mze nP32st9C3DT2VJeI6DqGZv.tAXRXiNkd
Thu May 10 10:17:52  iEw2yKTLI58f9LKrmb.9
Mon Apr 12 20:28:07   uqC0RF9yTLOEgmDW8xG550pwBKBaDxVWtwrGDBL4K2wZZQ57VDiaceMv35KgVO9KSEdYVabW1M3ODsNO7GzIfBuk3c aQI1.osg
Sun Mar 20 22:59:02     UE1TR7Bzl7djNDZY
2010/04/17 17:19:38.41120 0cLjaAkXWOzVhojkHd7vqpDk196PDHHdg
2004/07/28 12:08:52    l50LfjRgFzD3CCyZEWxAltdunjREcZpgg6 QRMKnMgq.5
Sat Sep 11 02:37:13     UvJljcn uZ5eXAXIcBr.gd
Thu Oct 11 10:48:28     34ZYSCyx0KxtRlM7QpngO0.bvYCIjeVXIU
2016/04/18 15:57:08     scUUaSjgV9VYjtOSpMPRfsrX6zkCHVJ NeX89EfNBSj5QjO28H1TniqB98HUZOeme0LonR7Ic
Tue Jan 22 13:30:25   aaA4ovvKshLjUnWpUs5k4V18QXbevqxwapgtHXiv2cqvivZ HG OrWdtxNvcxwkUaMbOJ2k3JHo9AeUL1UVSBIM5a
1995/05/14 21:56:11     k1tRDr4wcShO378WwNRh4eNOOnlCTCVLI6tVvUNuXVVNNIfwvHm3YKUvODZSYbSHktBndonJcG3f
Tue Nov 11 22:37:11     ZX.J3DtzwxHyeafV7qU1.cs9.OpM7pmRqYCYIzlWRL7vr
Sun Nov 03 16:46:25   zLyNfCxQ8I9zgoEfZRx7RqdyQcFjM8sA14ckX TGL6WHjQejeHAQtRoUfK7EeYS0BjUg1n4htK
Tue Feb 16 10:55:18     0yjdeGXG9pXTKC7NNEESZyxjZBm9T2CGcqpTTGunP3SEAnlyjvA33QOzV61isyECp0uPYYpgj
2000/07/05 06:59:10.481138   TMnBzvh xFTrI2HHCzhNShD6DlnL5uSyf.aH6vT2nf
2016/06/06 12:34:32.364924 sejPdtcEQDqCnVy.TQNgL2x9R8VpZ1AOfJ1R. WOSj1306fPZ9CxkS6XM
Sun Jul 17 15:59:49     dS1kpvF6DrM5.PiAK35zXuOnXmhwle
2014/10/03 15:06:28.466826    mUIDQEBeyX0qGkzvdOUGHa7DwOal3DRjNrNDYT.Dlhoh8TPmb5cyyZsIrKxxUCFDBElpLABhJz4r
Wed Jun 18 10:05:43   qKUJMUvjutr5qpY2
2019/10/20 02:14:21.371514  xx0u02IW2XklurWSNP2XLGvg9EHpy8wpVOeCBJ3iOpNO4f2rcUeF2YPb0nv
2012/08/16 13:52:34.958153 D WOBgHb ftuMOTgKZ xiP2YamYezN3rq6sw8Y2RbOX5JpY3tY CZh5.LCsGqlXrD6kLvfmMnk9w0FYNkKZXNYX1 a.j 
2015/05/02 23:01:07.827884    Ak uw7Nx7HNY6CMhhu3Ni5CmAqsEFMyGQK4wTfY7WtIJ3mcYUQ0C6rR GO5
2014/12/22 20:39:16.669986   VThQYAyMIRkR19LtftQCxi6fTc9WMG
Mon Mar 06 23:12:18   Fy1mMt6CbLC qt6OR4KE9O9uT2Z6azHHl2wD5.aCc8KfDX eYl
Mon Jul 21 14:19:08   LyUPxCzoElfb3WZBgDXXF7eoasstCg4jodILLq5QCTUEs8SMCdJefKjvAxOv29ZeaCP4n
Sun Nov 15 18:28:31    4d455P43vDQ55QYxRY346HzVfhDVN37ibeeNr570I2dFPeoHJA
Thu Nov 26 02:56:14     cGexnnVcEkiWRSblWIUb9Jasg.DgHzK s6cTrJb UBVnRiqU.8l5XXDLZt BP2 4.1dZaX7cMcpmEL
1990/05/13 21:31:46.127554   RzoPP4gt4n5vq8OEykEjt8IEoAJmtVTb6TxHvohd0A8
2007/02/24 23:18:35  Jg NP4zr0Lg9feJ6K3XMEcQmeyM8vyQ7Xm4bjV.YwqHCyMS7r8oA
2014/11/07 03:10:08   QGfbWg9ZTugVTRoHU dawDBlXEK6pBf1jzDubY
2011/09/10 04:37:16 HX gJS428sELrmCZxG25hu5V47C.04bC3KchjrNdnpos6469G ig1kbLO8bUyGAQO1pfsxcNQV6ffqhd5
Fri Feb 11 02:05:15 R.Spj6UZltQ3O2LQGHSh6G9uyRnhP BN41Ha0Gua2pvG0erGRWTkXn2efeAReojJVVL2TMblDXyCVyZISmotbda QtB tRylKsus
Mon Jun 27 13:39:11   k7IwpX iOxNFyC2C0EwVeSAe2aDL5QikgFSSN5SyymU
Tue Dec 03 14:00:49  W3hrMUGgbc eZCQzCRmMuuXk6rrrTh9l5VRaECpyiWWreDoV8o7L
Wed Sep 28 20:25:05   gVeLNqgaGUUMtEYoQ
Wed Apr 28 09:28:36 qlY0g26E9YsezRMkj2ylrPqLWUWROuqlEvQ202i35HTyMgvnFlaiePkYjIl1uGo4GVlyaY.SBLkHtyGsAysCHZgj45xX
Wed Jun 03 17:20:28     VkV7nHEUBdbhZE.fppDDij8FuAg4ie DrYak1JI3WEICfPuCyJOlx366Oqi0zJH6d4dTlEKRR 8ZksAMl AOiQOj
1997/08/27 05:17:56   D1eHx6DAYgoQFJRZT GR6cWn2f
2015/04/28 15:38:10.445705    rnewkzb6tzH1BpRAOJLhAH0H7o4O7OZR6aPOTEsTimhNMZ1viRS5KX4w8uvFrow3FKmu2DR3c zHYzjAtH2OcH7n.wnKg4
Sun Dec 08 14:04:58     T9zuLJKx XQ8o94 WMSsS9QM0jHu9oTA0alhnfHl09NjYGHqG d8QDf
2006/07/18 21:31:29.464527 ZMFSAsLLUOQFqNKerIGx2A4BRpWYyE0jMOCkh41yLG4HD551JFMrzcRrqRv8sruJLlRojWDVEKkgu
Thu Jan 08 07:30:16  1u.a5ceESa.1NOVRkVcKmmmasJx.ay5fytLf5Cp3HXt5K8iCVemZZ7G73IXCTsAPMIiJ2WDD sjcg8PbH7NFpnI6sIWc
2010/05/08 21:50:41.831843   LMOnbAtZBcsMt kJePzeK6KBjeGoBp GSMhNq UOrOeebnMj8f.b.UzaQf51k6ISLqYelyDRDaITnj1n9LG
2014/08/13 12:45:47.270582 qQfxh5cAMV2qMBdndkpwjKJI4auYoGz4ZPIX04CocR76vVqo9KoO jQIXo4IhvPhP4TnxtBFz8naPwM
2015/06/28 01:46:44     Pt4.TgDkDkwqwAG5iGORbq12BLX UutHXm2hpVykVj7IUwA6KXqzjl.0ZMobFBLqHovQpXngI3F
Wed Mar 08 16:08:32   eFWahahC3UaAx
2022/10/03 17:21:18.500113     yAxpMkDMzf4LH9qSK0NLu0.l3vR0I8oCHBGmjwyNcXAKluxEcemCBAuYg50iO2GwED nEivtAC3uR5CpEI6k9KOM
Wed Sep 27 14:43:20  7ZzbQ3RF7Wd2.T1c9U.tRro4SaSU9Y8E8ClD3T4FPy0WSJM6uJKEkebVu9mTbT2UJS2yJD
Sat Jan 12 03:04:48   hVxFATxSCrF9sUtUnEHfU31Nnif4GZjpopGq5OZkFULNsGmngHUKDLUn rfF6llzZ0N7swLYJwuWh uobXVWjOKwUTXavtPmQK
1994/05/28 14:57:13   pQGba4A3.vIcjO W18XFb1EPIyMOSzb55KymJThK
2003/02/20 09:55:27.382527   gY7fhDIGnLEqyIaIGEVL6aVsURUaBrpeHFJiz jTZnnCqIQvEdxHpItxfZGWH9mu0Q9Gup64HCZP4DIp1Hi2c0cdvGlZpNsUT07
Tue Sep 19 09:14:49   3bMsa4iV5A LHHCyKeMcof.iPljGHIRVnXZIbSW1Nj1KLFA 9XprfJW zhHxX4pmgO70hXQj
2011/03/05 01:12:52  eNkRhBBfxkMhuIlP38IlLpeKR1SNoxo3n dChfelZxGpwfZa12sWC7PwioI42gKLc5xVRyf3UXvoGFwD.G7XYYmnp
Sat Dec 25 00:00:56     fARAY 3Q9a0MvyKcFyGoJeD7SJfm2UavbamzEMALvI6eOAWPvEE4RLsriWwwfWS1dLSC4BbsnuSTytDjaWpS2f tEQO.VKQU
2019/01/10 16:24:01 OmyO4oD.W0uP8Q2SsU66TCHtLIVWfbOHSWb 9yHwIMpIxCVJ
Wed Mar 26 10:03:40     CPkagubU3JkP3XRppinIpXFgnNoN
2006/10/19 10:35:19.208280  b3ehsTEPZ9vnsFzqZ4 7vM7.x4vaMjuBAOq 6O52CEqCRXLv7Ho5oLSTq1zM4ltoWM
2022/08/10 21:55:40.649452    P4LWNrmPiKf
Mon Jan 16 00:57:08   YGiGlWXsaJUGivkEOGjclfK0GPX20Ic
2015/02/04 20:04:55   p44fJGs8GVYj0fSxbpky.TjT7GP.8K4BQDauPgqWLhB2eT1.qv1KDyuM3Pok49OXqUTjkl egNWla6jgbGDUHQ0yO8Vq
Wed Nov 04 19:05:38  M2F0DC5xT.BA6eKZb8SjsA
Thu Feb 08 00:40:09  K3lXka0DDcUmYdPuujHjNwErEGx0SxXE4wiARYxlUUHnfpuOK0BAJo1YzMsXFg5bTcZSZXeFzZ8HBdx2
2010/10/13 13:18:42.845023  rl4VweQuDSJ4G.Z7t7Y.VwdwyfcRYM4z.EasGSt5vJJNHXAsQL1kuhEOQwyZNtg2KGZo.ek0sTcj44
2000/06/01 02:16:58    zb9skIF9mWvYotSKnpyTPBuGDXpfv 
2002/03/27 07:28:18.544220   0ONGa765VygULGrJpWrkaYo
1996/09/18 11:50:45   JC1wSZbwumqMYk9wY FvyCznTiFYfle.BuxWn2u7QsAV07TZ8uwOi T rL2ZncpAWHXi2qhrSedUgaiQ Ww53hICUVzH6FI0SFJ
Wed Apr 24 17:36:56 MofiUZ5LEp2gaIVe1X8dOn3Lb1m4pJJcezcWQ
2016/03/15 12:12:14.84     H1WJ7pJlIz2Wwqo5M8oNQ
2002/08/07 22:37:02.897461     8EGEeaNhXgv8aMro07kXmm6 Z4djhb15ktT.7bx21eNl.9nlhO3zF
1992/10/22 16:12:36.20251 nWBy4cTIOcyRmTwEmuzzZl9fVYfFNPRcLvyaM dAr21o6gsQoXOKMdCeEGjq9jDU4.iDWnX8bw9zU6ite4NgJqHn
Sat Mar 08 10:30:01  v9cIMwwqR3tfli.Z2f9hoBiRwx 65oK2.PZ9GALCwLQZJV5xZ8fGBFbeESVtb5 g0TQW JGrcGD
2005/02/12 16:16:08.603423    FMG.gRZt3BfmQhhknLLWs04cs3rUueOAb4EcEGTekabm257onpmZKQGtKOP7PDwCdB1Y
Sun Jul 18 12:00:21 JlbBFwFCjrX58kvSxcgAYkL5GZJG4p2L4q903gdIhmWc8zqS3H4jDmHZTkEoAq5Kuv9PuQAUo7mLKDPMzk3Nl0K8u mHiWdOHR6B
Thu May 13 13:39:04    4j0r9Nvr2Q00GhvW4GgUHPQ5OnkkCXWG7o6RlM7QwuwThCRlY9hYC
Mon Apr 23 17:35:15     dEcHGmFQx0gtg9Qt7bm6UYOHixWWS5MNUKa3
2002/09/02 02:59:08.991469 IY3XduYXUH4US6yWV5FQSQsK7qy1KVdgWBoAOfRFV2ZD
2022/03/27 18:01:58.156894    wgUnLS1eVEbB zk8fi2B4 NoUhz3eIx9QpGizCz3X1amzM0YdSCog9orVMD849baDlGTLrFfp
Thu Jun 20 21:26:48    KO3iDMW0zbrFHEcG2SMCE9B8vtlzcDEjUqt3ubEgTmq67HgwewdviJ
Fri Aug 04 02:23:38     kZJMkxJ960j9FfhhBGIjSUZb0 bpXbc9aiGJ4ckUd1MQmOFHxsG
Wed Nov 23 11:33:13    gZ XriYhKoc.jEPXo2v
Thu Aug 09 23:08:16    dctDEGEoGE16khUp.ZnMLcmkelWPTmUlYwnXAMIC
Thu Jun 16 22:27:20     LF5eD0UaT7k6pgBufzC1IXTR.oKFtE1bPIlkocx77gu2qvXm 4Gv62P.kXt1YNBrgq5wqPBD83xrXFlma1b5oC0ajimDvG0pDdP
Sat Sep 01 12:08:55    YRnBI.FbLM9DkGAMtZyrFlBwGz pUe9OSUeVDZ u85YY5D1ath AfxFHqMS.tbHt2vMkSW03WN24JraDTt9CV7
Tue Apr 24 10:44:34 L58T67Sz014e.EBh.LGuWUXsI
Mon Sep 23 14:45:15     a3WZyIXEcjEsUwXLpOI.kaXZkKhjXfluwASwZE1KCXy
1998/09/08 02:34:15 gW9ECckFIdYaD3XH.viDmixoxddr
Fri May 15 00:25:50     2bMEwAIy5pwyL
2015/02/06 20:52:22.742648     JN9FTLtWJv.3wfZTi pDTOKLrnCLJl8vPyQ3l4pxgMOkY2TmzGf717pReMmDHRpJi.4AQs
2011/02/06 14:34:30   cmhquonUPh7TfJKQFAuZx3yj9Rb
Wed Apr 26 01:54:44   4GQ2oGciHojUEv6sZZFJ
1992/07/03 13:40:38     DNFa2KbBnmGgiNPafbhz0i5RsuCwNM2gl5CspI qdmfIPQ7gskAbU4JU8h6tgk
Fri Nov 09 06:49:52 28pb1t7.UXscCCrFVyqxICmuJzrMGMvkc3YqhzcL9jid4VADlsg4k9YKtvEr7ubHm70jvbUd
Tue Mar 16 00:41:22   ie mURcNXw7hxWvZRgiC0.qBJWLO9eCocT6rEEkZnHuO
Wed Aug 03 00:44:08 wyLDmKvKWkzZ04HxYtXtTLiaBlOJCQKNKEhms1.VxHZQNfjPt9VSjR.ACIYb8r9NfIB7ZtVU
1999/04/18 23:24:08.264812    H s HQDvDyoz67ZoeLPqyAYSuElz1Q8zJPGEU QsbaZp47NuU5Qif.yeKbnfUFlsQbVddEwv
Wed Oct 24 17:18:57 9jM7LNZbP2QdyA6 ATJUO65tibkw8XullP8mnl
2022/05/26 05:36:51.931441     7 FRYpfifkxYx0.GHXvULFqM74dTT3it7rDIIoZ.08MpNKX
Wed Apr 04 16:37:55 ZAlhT5gj143q0iXzoQuGDJd1 CGaQ1n6wET5KSB6Kpzi 2zW 
2016/06/15 17:17:13.489644    dqCBK0gbARAcXRgrr1oVuFmpoGnXNYsYamfGpmbwXWcBBqbBZ.oEDmcxo2GA4c1yV7m1wZQf5dqpVNCYP.jgENz
Thu Oct 25 04:49:55    fBmGE0Eovkelrkd1HQIfpkE3
2020/05/10 15:39:44.136141  ubAZps8yltAh37MxHQNLLf3.YKOCSVdVS6wuzX6mq5T8fCO.GuRWdF.yx NKtY43i8yZ5Et0DwgYbaJBVo8ijY6.4DctOtEnOg
2005/12/09 04:30:02.862778  Ae0mzpqlDmGzoZACk3ffn6j
Mon Feb 13 20:12:15  TgJsuoeSNs4oAjQOcqXF8vpugF4Sz9r D0RMQpWJZa9gKrI4qPVb60Ys75SeGOYlLMWyyLs
2007/12/21 23:12:16.973048     RuPIS1ME4IPbeQoRGMAb.cT.Yzs6EXnuoHPIOblSB3q1UXqGxx.fL65wByCViosw8N7xbtakHJlhelw83MhK0AFBaNgHe
2015/09/17 23:05:52   J6cWI684SDJBvbvPM7 96.tDm.YhtwKCOFqK8zKJw4s9WgY FnfjSL47yDWRHnj
Thu Sep 06 20:51:59     yGvo5zKs.L51iq0X.1mL 4pPesZ1Kh9pJw4RafwMUu
Mon Oct 24 23:31:28    vG246DNH8wZ9daXZQp.Eh1
1998/05/03 14:33:58.18775 kzRBw.n4HGwwHYdFwrm8lm.mztVDFYSoHyslD2iNmUDqPTu2851gHE6EFZG N
1999/07/20 05:56:24 xsfBPkK9Cd2ySBElX1SBSIS5NaVGaBlbanEDORbRo1ty.7kOSBfWznB3F
2010/09/18 18:15:56   U7RzIJQK8804z5om4zrSAgPtnbpP7mq8Ve2kmAXZdZ4cu7.m4U
2009/11/18 14:36:13.431100    tUcrF9TNG22AGq9gP0upBXLFaCOL05QEPlF6SxUQW.GLAcsKKtN
2001/08/27 01:04:51.481809  jPvFvt8QSl3A1aEV22AqIp1kPVkF 25X3xPCWJyKe6ShxzOXKTxS
Fri Aug 10 03:15:54    ASLuVpEoXH.zToVfVt
2000/04/09 19:27:40    h7vzK2VImxalGofzoPAc
1994/08/28 00:26:47 YRNYtmS.nSk6ke.XHmdEHko5AJqi9ZCtXrjsL5pWD8srVimuKIguVyYTzgYVc
1990/10/22 02:14:23.136576   e7oTNQoYLPrqdTzLd55lCAASyNrLB6IgU.Go8KeXLfuYFGcmz38m1lRYpY4PVfdkz6iHcpH ELOZ6s6M8rday
Sat Jul 27 14:12:51    .X45csNoCR7RPzF3I0PRxg64yeWfQybXeS3TZ5fdN1sb.7RuV3996vunjbgZni71
2015/02/13 23:37:15     WgXGTBCfdoA2aWaqH2BZZHvwlG4hr.VelBA8vAPvnTJAbhPvJ 9Ut6cw3JAPolxh7X5o06IMdDdzKOf5P
1995/11/20 05:41:50  Ujjw4UIrmaXkF0QpK lcl2lM0li4bl9QXrP9HFKABPUnIiFpY307HlB42BDC0Rw8C0w1LeJye3ORzHMS4SomvicGsMbLFaNsJv
Sat Apr 20 17:22:29     71TItfny9g9MgI ZQHie40rbTWo1PnGjSmiNfuF7A9s.HNzI
Thu Jan 20 21:52:00    aD24mAUf9lmjytesF8Z2sJgTlE4hLGiJ4eUZWzBxoZrfmI1R8yN.1G2tcLLyrhev5Y9FyIg8qK4nRgX
2003/01/27 02:42:03.136074  Kpi09hj1eTn6 62E1K9u9G3XPxeOH3XpKgyoQ93gVgWOSMrVVugd55u3TL7OOTrc9l
Mon Aug 16 19:05:44     A7eHdvs 54bwRp8vDqTcnDUDSGsngSZ3dhH9PSi8QWd Y69N
1996/11/07 04:11:25.242469 Hq2Wcm0WCwR4xvylMt6z ekDB55WN9hmcsN5JPnVl5mO0exFpaS1uEePYKfzOuSjhWLmHqksyMsvNvWnMgLGLFWJJnft0ru
2018/02/06 05:19:22.803162 7UqVmOFC06662wbqtEuZq3J6Tsd21m6SJaGNhjvmP0iP6qQ8E9lboqe.SuDj56K91.XcHFim1eLceNN88yk0HCIqf
Wed Sep 01 03:58:05    jpJ.1At4kQDa.pPtys2z16GAZ3aEwfyseuedgYQYZsRsa.y4sQuI.v0k6w1tQmV761W2h2CUSn0O7W pDTet95
Mon Feb 25 13:42:04  3bQbx dGSyPDQNHyEM.TmaQTf82 wgzMqYbr4kPVrl69
Sat Aug 04 23:51:22     19fsiVma LvZN00OH VUyhLstKGrANH5sH5uTWzqZP PionJgUy
Mon May 26 02:45:40   sovl9veQZghqhTTEXPx4uA4Zq32t9Re qwZsmCZ2TflO5R vwnoVGgAT4u0H9Enaxw9V9T19cq
2019/07/12 19:34:14 C9ZSYr8TKfP8JIqOrFszn8T93KF
1998/12/25 17:13:06.973767     HaJQXZIC6FtOCAmFl6X27 QI0rf6C23r D5aBCKy02WLrD
2016/01/08 19:05:27.171775 h0OOdbDeZiHyjyPZ7CQJ6SjPYb16Sbtu2mcmsB6XivQ4Svx
Wed Dec 13 10:29:40   .o5c nrRl04YnRPwkukqL6rbpK.WHC5ZnYmVdC5GAnIrlqkrOlbH60ujIywAEP2m3U
Sun Apr 03 08:58:05  QRMVyZOslSrpHc4IKrA7qh G5bv1MCrJ2XDiFNMga3EhA9EiCbJecLwnsudGx 4JTMelR14T
Sun Jul 20 18:02:10   v70ViLQ1 QpOa0VJpUoFjKg0uLGiHJErgI3 .D9Gvg1Tl4AvQmVNNbT7BxHUI qupO13EmNQM6BEfkBIZGtqfzSIUfnXLzK
2008/06/06 14:10:32.79575  5Q13LLt1 6ScLQX4ICpWjxKFhqrmlfX0xZOp
Fri Jun 18 08:32:31 2WVEIQi8484bXJ5X9R0gJIlesge66QdjLZ 6i2F emj9lD78LyEW4OdfsO.u2hQCRIFZFdBVVQ
Tue Nov 21 04:09:12 1h7CpdACjAJDwrN959op.qW I dYxQdUoL7Vro6KCsk8fwQfIpSTw7YRWE3Dre7MWxZe3 ohG.WBt.5VPGa9pQ1vBQBnf
Sat Oct 26 11:10:51     oRdYZqA7AgwZPblkE8FOeRgEbpss6lvYHn0EUz9NPm.tSge6qK7nhZPNE MOcfSudNdr
2004/05/11 09:35:57.579082 w9wev7sQqxVIjp5YkdX6IgBfZsIPCPafUUczbfMP.xp.7QcFqmAQNMYyAiDPJgNQo rDD
Sat Oct 21 18:07:29  AlJxVbW1hIIEQ46D757Q sk1u7OKxOdqINpM0Yc4ZikcORADnVi52r9rCTTh
Tue Jul 14 11:18:21 3JtuRwQbwCb8rk1OzHVaz9Ozhz4iVk3B.3Ph2a0SrrBNlfOUabZq6d1GZ
2008/12/09 23:27:46.322247   jGiATBZTrxqL9x4HdM7.lJ394e5CmwsQaXDqVA.EJa 
2012/08/13 11:11:00.58321 A9zLtuLXGXh3IQ9IErW wySLIzp09GZTn8MlTAc4wHnn65DsGjCnH.mv1ito
2016/07/17 23:25:33   occR70BYTQlQ3ZP6yy3Il9Ky TEHMlSxzJoRRs3CsnwUXmLS5kp6SCcXDg2M5jWSRYRtST.Miq78zM9znk9NUOn3u.Jnqy
Thu Jan 18 04:46:08    XviAPg6eClL
Thu Dec 14 02:41:53     Yen W.wwRUGTYq9NNLweC44ubPIizbIVd1QHAy5A9D0ebQbpD22wX20KiX
Wed Dec 02 16:38:56   yy5Adft4xRYNZmKE9BK6eTw3fpF7knevGxQo7Q7MH4MwqO3fenW5Suxzm8hi97S3cJiYYja5IcS87IOEDAYzMFjB894IOEQL95p
1999/04/23 01:40:27    MZd7J6C5uIjD.insPTITQgGumW3l67.cZpEPDCTV82jCtnhGI5lG6BlcCIWFH0R.KcdUkKJ4ZJSUNF
2007/12/17 02:04:22.708706   3GErhS.uluL53SD
1991/09/12 14:14:28.626241  6t8osyoKuAhzM9vvY0KF5lHiX6vnY5ysP2LDX1i04QMCwDk1F1G
Mon Nov 14 08:32:27     4LG2tbwPepj2IpMGNafdDp99vrTk75OY3g9aYS.R8
Sun Aug 18 07:44:00  ohIiSh5e3WH3
2019/07/26 08:51:22.54855    Qp6wqps3We ealB6VaHJv4rGnMvFO7ez7XGSTRyURM
1991/05/18 06:02:07.301179  dioNPU5 DbiBeOw
1999/06/08 05:12:29   1xk0.FrK1ZwBv q2Q10H5331QSjg207rXcf2djZi8E8HOAux beA53.GLR6MqH1ifPrz4G3.VY4
2018/06/02 17:47:56    1Px.gXFFjT2I3 RAOhKGRNOrjqOcVMl0vGzlgCC4HTYV4F1WVsts.E3at3mBh1D7D9SC. VPqFdO2MycP6Ik6yrpo6
1994/10/23 22:24:41   pYAb4hGq2gLB3dMKqyZR95m1WKuoz15NA6KS.x7Bpj7WfHBLPzYXfdXTHq19zAyJp6w2Mpspven6BQagNfIJzj7j6hY2gg4M
2007/04/24 01:37:52    3.MvkzYMgBk.9w.2qkoXz09IU4MXYORqXdDwb2b1CeKngMiFb76ppJk8CWWYnftnrSsoH8oGNgrli8zJGVmhC6 W8igaadFc
1994/05/25 08:02:41    16rY onHE1J.ZBSrgGc 2r1tbpz5NbYVPWhUcA74T1ALXqRyJsQFAx0qNAr44T9G8T86s284
2017/02/11 12:13:05.117673     dLeNz27PN7wsUwul1P57D
2001/09/23 06:54:51    Dm8fjOyn5faRvtCK7nUFWTSp55ew9 wTvZBKMINAoA.Uvq9 VUNPCB5zop7AJRREu.RjGJLX7dNxiOxEvg0TvKD9tRBjOm7v0iUp
1990/02/21 15:39:58.225190 UJ.nZK19DDB IJlqUhpCzfARTmLNs0C6 7
Sat Feb 28 07:03:16  vcUPYn7F 6s
2000/11/07 10:16:09.803337  dlZnnB00KsGhcC3W3ifcP3QEvhZlV3
2012/08/06 22:43:47     becveRtmS6ETgEZQfN7NfYah
Mon Mar 22 12:18:27   QTNig88u4EZSftz9SU4NxZbCMQ5MYsVdULkZypZh1G MtsjAufBf2dxX
Sun Feb 15 19:09:32  gC0HDYmDLgp2X1TyWNGh7UUJp2bDK.T.r8d5YmB8Nz9k9khlPXz1U9SP2RHoe0j0Ifzplo1w0UEdPn0
2016/02/24 15:53:45.370094     BNTe92V1rrR4kLxeXXdPuHT24oQgOk8INugPM1xHPfB8bmHFYZQS5IJggAdyuOM9hZbnOd9RK
Sun May 06 21:45:41    LVsLS1DarLkm5gjhMKe0 74EOtO9rd.E59Q1wAqIt04i7epFvrK10vnbHSIztqNbJl5n84qP6HcDepVIR2BvDJ9q
Tue Jun 13 10:10:22  eKRakwMZYhVCB641n2SMTQXMGfNPVt
2018/06/05 07:30:33    lp9YYCN4PnM48FHS5Ybyy2iOG48yFgqoU6GXlKbddx18LS1fUYJBm. Bk 
Sun Oct 24 04:16:44  s XUU6Y8WEKtBVxZVYUn53j9SMnsqwvn2FWrUmsN
Tue Jan 17 07:02:59 6Cxgw2IMMPl49cn11 EBEfze7gqhFjRPiA8v2dcNUi.lrLGqlSYNMB89d6Wh2hfgqbEUmtatO vam.lipByfPgsWin9FdDP
2009/04/09 23:20:25 xiijRcqmeIX3lFExe.4y.p YT3hfYRWjmB4kO2JAPqA8RvyjTk7kWdDlcLnl83iEzgULZ
2015/03/06 18:34:28.396696    dQz6D7X7OYwH1HL8ztAkoubPg3RcsQR0dYmlWUIGe1s2F a.uTRDQ5xdE68 sZd3ezOaduI5pRC
Wed Dec 09 03:36:15  DIv7NTb9t6uuIcUizmBXyX.I.lCq4P9gH7227ZCkGxcplVEX.pmYGAfKf7
2014/02/23 01:55:14   QMY4rvvlVq2v7qzf9uG8fBMIBS8bs4fwMrHhRpQkl06
Fri Oct 20 04:35:49 EeupZcB9oz2UbhZ UHSCg ovqEX3DmPRnTe xWAlF7z5fZj9v5tPKtfx93axIiE9ubEx7gvaozI
1998/10/26 02:47:18.771951 eCI1qx Th9iR5dcvIVEr7 dfuYU2amJQToLUEqx3biCCEbb50oXirvYajL.Xrly7hbMYmYiS5IhrRCJUUfEjUHg9wl1OCrE
1990/02/19 12:34:55  H1.GjSTgXu5V61qTrKweeMrr
Mon Jan 12 01:30:02     nWVx0W9FXjXJzxlelEyo.XmneEHM3iDouSM2aXUq6USDjQdfugEOoT3mc8oqauLqVLknG59nQzKuz5fLCo9kmzHLflFIk
2006/11/23 06:50:06.964415   G9jTrFQCZCup4RySvcyo99OOmMhn4Vjm1q7QxExC9AygjmRYnrpNkWBVgd5HtGu5olQz4MqxF
2011/01/03 03:39:57.97922     JnbZKKPWtam4ssEDJ8MhRw9fSP2YglLafzCeVeFi
Sat Jun 03 15:47:30    Ojez6V..dcmVyHV9j5FBkXSp34CSUiWBf1
Mon Sep 14 01:47:42    eJfItfBN234xSBGn2AxdPzoJFmHzGpnG0MMbqQpr7p4RMJfIC1TXp9xWQyNnrVa8 HHda Q4Jp4llLi3QO2SUT0rFhS
2011/09/16 02:15:19   6sEyq9ZS5.Rc85Y8l3t6GGDpB1t2ShOv7zWicvlJrgvmYAcXKaU
2013/05/01 22:47:28  KEu2FuegUoBu.2OO0cgjq6U72T.YDiX
2020/08/11 15:25:29.955117    Myt7szr71tJcrQwwwhKgQpfGf9POjEyHFVPXqos9m5JC6nB3eqMRATkRmHWIrDxv3pWL5AIighdyZaYSQ0cc0RFaR
Sun Feb 09 16:55:34   rv..GmEQ3d9kVdqbCVoZk5qvkLWEjehOcp6eyPKjuDJwbEW.vALP5OMKtOLJ2CjqADKshL.LIFdBOOr6hxrR4
Sun Apr 25 01:08:35 Youd7cPfGeq3BXD
Wed Nov 05 21:22:15   TGksYwhG2A8qJNrE6cqPCZDR pooMosla 4TTtTvE gSVAvAk ID5W242WC 8KlUFm7Ba5uoVQto4JB2dmt7LiFhyIMt
2012/12/03 17:49:31.145899  XEDP63KBrAPbIf5G5iflm64s5e.R3TDYIFV.azu89VY0ZIxECmnkG2Ybo6ddSLWrWn16tGF6VOOPL3z
1997/06/13 16:10:21 DrHlVORmqdRQA0BRT.FQIO7
Thu Jul 04 14:37:26 IxCYndQEaUoOgfgGL5HL1JhCVmmTBfFW7Z2dQLtQ9gnju4NDt pxBHuZptLgVRd4D.u53KnN6zf1
Tue May 15 15:59:59  ks9Phc.OA6sjME2xu67ZQ8jsyXbUZO7tGQuQG.pQ7Fi88gKrXZ29JV.i8f7pIZbkSWJOYpUjP
Thu Dec 10 06:37:15    nBJPDHokQ1n1yx2KfklBUSPJnFkxC1OS9kD7QP6MH
1990/02/24 19:54:42.345880   f2s.rOFg6Pi5AE1VvmKWc1fi28nMEJt7MI90n..iNuRerTFtHkYd2bBV5rLHry7hKCs2AtuTa
Mon Dec 12 00:45:42 2GECy09QuaHLnE3plE8Ce9tV6WcwW6fr7X s7.r3V
2003/01/07 03:46:50     5DoiC2tT2wUUY81nc1uOy9rA0R48
2016/11/18 16:55:45 8gDBx2e0PmrtOdoPht4qF fz
1990/11/13 17:36:07   FeqaUwMH0xNcCLuHjmhe9J
2010/02/15 03:58:59    UiXniJyHPEOpYNawM.wk1IGC2qr9oyIopoHvtQT8OiEf5.dB1dGOGQVxmWmJ1z6Yx2KHSoYXNVaKH.SPEblyz65GvM9
Thu Nov 16 03:59:06   mno9GV2szbH23SFcN2U8Z9.e834YCxeOrYrTqPTHqME1bhL49OTd19Odr2NX5AK85cJMk1KY.0qd05Yt
2011/04/22 13:09:03.571031     R4iBW.dQLgRPwU8TZ1cfvdqMURj1qQsWKsLeNW6x72OKglC3aP5aeYUuewlGVOzHZ
2014/12/25 14:50:32.585024   dfphnvaRiEKu g I2x8IJ0EReOWWHQmYaCsJ3J8XgYDBvwP QsCJ6S2E
2000/07/25 14:34:31    rwu.C1b1MX6CanK2WMpZdvRexuaGRBV4MWF.lato
2013/02/20 19:03:16.149898 o. wdabSE PYSA
2006/10/04 06:23:05.18611    fiux7QdQ56yXgz8dY b3K1H2yDyW77igLPXONlbmTAF9dNDITeEaXIjvV.
1994/07/28 08:38:23.794343     nCJIoYSIQl0c rvy0FybMDPV4gJGDc2WSSujx0KSN8TO4zbvJ3I20w T6bqa0mVAxH9Fv
2002/10/02 08:58:21.981408     6T94w14EKjIKwePLt sC3XsJTgSO86HDCd6xKLsNZ5Zr6X6kC5hC3UXHw.58R3rBSuoZTV0a.Vy
1991/07/23 18:18:07.629232  6ZPHbZ2PQsPu6nwMfyQZLJfQGmck3EDqY2HM6uRM3Q6wc8p
Tue Sep 09 13:43:52   .60b1v3bZI7uLJJtabhAVE
2000/11/25 18:05:31.369349 quHjW6ggZErdOa64vNCNhKXFjQHW8yXVBXQ7Mbzz5s
2002/10/11 12:31:51.95322     pMJFHVbdrm4OA2soxvmzpwJ0ZncHxj1.LnVXDnzu 8gBQ2gLpLJVkv69ysWzkjelz5Wtjr6.ip53obSm1UVhoMavNsef
Fri Apr 11 02:12:35   yZEpDDca5LK
Wed Apr 09 18:55:26  mOH6HRc4UzplG0Fe3vvtBoF4dclPpa1lig3
2001/06/23 06:16:20 Mig7bcdvb.DVzGqtrQcUm6RzMarz
Tue Dec 12 11:00:33   8eiu7HJwh3yUSKrzVB5YwyUjNBGVB4DgCceSuJUWqRaNa8Y4BIWquKbQlu7XMrx9xJG0NYZWs.Qlwc3KjE
2005/02/27 03:00:42    . 3r9VNPkMxQJo Z5DM2Gz19N9zGslEwRasKNSQ2GC7b9EXz4tODfQjJR.xtZdoHvevhFcLf
2007/10/13 15:51:28   I8bCjTKCO7zcNNL8eENsAavWRSp1vdpz3fTC8wMqnLuJCvtwbvnmSzN9tji2Lg9tfxFriYihc04JvO.n SdMP5Yf2wHj
1998/09/16 21:24:14.438450  71OqG3JYb6cMP5gdc4iWvD0Lu1ip zhx7AhYVK0A.vPKauF
Sun Jan 24 20:54:54   Qlq5Qxj.WyIMnONow.u8fVlSEdCnLQhKDgkZr
Wed Jul 24 08:03:55  UHv5vlY69igdpjyl
2017/11/07 02:08:53.442029  Kdgb4k4iOV5CGUMbDUL9os ZWZWcwMJ.HYYTuFjFAxom.eCaBleB2vTH29q
1991/11/02 19:55:54.715638  JkcL6iW0ZA7pukBJkqKDbrI
1990/10/20 16:59:52     hFwhM aOn2dqwZvjGQOzfXitnjaMsm Zk.PGaIZRfCGlLbBaMt
Fri Jan 11 19:57:51     0wg.n2LSMUZ75XsabYlk6LLqhz2lVS7v2hxEKpB Vs37VSBKaBbDEJo
1998/01/04 11:18:07     mw0uAeE6jl8F1rnsDubBAz57PkpAUCfwBSO4.pLWv2Ykk40uzhaQUV9tu
2004/09/16 23:32:56   mqgKX9LBTmMhVGkwNEHdgbpCSmVd0MKgJKjQYra2BrSU Yc1PgOxnX8BEjVyaciqzMSUmZyxEXpz1Azon W93O18krpLJEbja
1994/04/21 08:25:45     r.hZE83d1slNPGkI59EBQbtFfpqqxV5PdZQ7ewrTpb 1dOhn1n6DuMLniQDbuBYtghzYS6uMvVj5Oj7RGejRQFQpAtm39B2f u
Tue Jun 07 06:49:33    oUWOeXgzVsm9s36CLyXbNMFs6PALPukv4G4UmmYU ri
1995/07/11 02:01:23.824407     Cxfuz3 EgzbCpeMi6dLC6YH7wNw88PwlQxyTplVI
2002/05/11 04:15:29.562745     5BmXTplUm77uH2JVEZKOkbLTHkyx7Rn8x5FuhL6f7BgLt8aJVx1Yw4isSfp9jU6Cjx6cU3HaVeEKQqugJr
2011/11/12 17:56:42.68128 CMPtdkNHQosXYjkFO
Wed Jun 12 00:25:04   mcPg6F3RJs2Wiz5dSSO1V4jUS8opH9KBCIJBAba 8d4cMsJVYCyXqfApto65IPZk5dnANzbsX6e3ctjYwIKLTThEU5
Tue Nov 06 16:08:09 OSCbx27QGI7GUb7ylyjYKtzVo13wi81JulvWoKMZc.v6R23NPPfhIv9J8.gFvU7eKuGVF mgiotc7WeG73GguQa8TCXBsE
Mon Apr 27 23:53:19  pvcLQEXZ2e29e55ORZfDHfeIjz8J9HdqFnZpd4UF4wnz1YhDkSCN.y.4hz3xYyktkmzHNVTc2lSUOw2tftVMAgtuV
2017/07/28 04:47:33  cVXd8HCv1u6fBy3VG0.W5aPWRttG.B2BPo5A5Gj13LPZWi7rxjYEcmsXo7TiKK xSncZPhG.0ScEd.TpoGGuWg2Z
Tue Nov 16 06:17:41   mr xXeeJqAMw Wlno4ifX71hboKWPUkt5AwFisVoB2dattYWo5GJ3MI.HOASeHm3TFBsXXbOtwIG3pjsoC3IAvkPY
1994/06/13 02:57:41.202595  Cy12a4mQGeyK9pjkYhmb1Wl4ipGFoA.GUUOCN9Ae3sVqVCob0tH1.BxPP1NldePJ8TSqvEYm5s
Mon Jun 04 04:04:13     6pNFPW7QM2r79Kt7cRoiQSPzLRsNQoyzFmnEDzYKp.MoetFqqKr3 kdvApECETez
2020/10/25 11:31:25   hI9r4PsEYME.J
2015/08/16 02:52:56.566663 QqLNvSTu4tk0Wu8ftw7
Tue Nov 14 13:22:28   0d.LswWlMla9NndbLLz2Yms1fPH9.ydmrBftM3lKD0P37.Sf.auk0ioPzPpHIhstHzo50 MXZDCtT SBc
2018/04/03 13:42:27    cGSCXKBffnoYrIXz.bP35lyPWohwiciFUzhKV8L33EWMSPJN cSFn5oe7COaDBd
2012/03/28 11:43:24.43255 6umck.53 hmfgTLR z y2Pc77nKFo8ajKD0xmIqHYh75 82qfDJUyUx6lUpWYnTi4JaRxR
2002/01/06 07:01:32.394485   XLHjjJf0GML5iaX2xnUSfkwgxLiQvhTEw
Thu May 12 04:48:35  2Lzi5buF0e3 WEc3sGP4zbChlRWqlakGc0OlYYYhml4m5TgQfVWIL1MGWG8wQ0JLgfbUGLBJ
Fri Nov 03 22:39:34   bhYc4QmwEdlNmiNVhqS1aop6s
Wed May 18 07:16:54     Ua4pCkecuk5Y7BpA2.Ubo2qkxykdQFm9
Fri Jul 08 23:46:52     dcCKzSbANGlWadoIStp7lMzqea3iXm9zuePQb0Pwv0Lye5UOKqmgXExOevCJBW6yDR0MULEtsm
Sun Dec 05 05:17:34  rblIvLbgzRqb.UyltHVqLkjxb0
Tue Jan 08 14:55:07 vxv9vvko1blUkDBP2aOpnYS2uAVagf ohpK8ktM dQcIAO1aZBbB25bYIq95E.R4RVIX5gpX44ngqbIu5PHipOGfbWHO9vK
1998/06/28 20:04:17.45431    YKkQtLu3FZFH49HcMLkgkZ9Sjk8oUVDfsvLds0oKllcffz4FI0nyNK95qYjWZd6qMqkG6sF6WY8Q7gNHkoa
2015/02/11 08:53:05   M1qZbv22XhtXMvQpah9DDr
Sat Jan 14 10:41:34     .xon.CvTy9d9W4KJ3
Fri Oct 20 22:46:32 hr48v2fMNlpibKQzKfO6dvM lE.Ofu12jcHWply
2001/04/21 14:40:31    Ww9htMecmD9GL7Qqwr4N0A1dyFIOpOiER
Sat May 13 10:21:43   UiwcT3.yYJbGA
2020/10/28 00:14:30   UDYeQHsu87NJr 2ro9o1 I1gMa5pHk.mzDrxSx056D3IcotN9fPZtUH56Co68pMQa xRlHupd9TIaiVdYl62bUWIjyR7
2006/08/22 21:26:58.240907 UxZ0yVL36v6p2o4 QoBcO.bH3w2PdNyglDX9qGLDLYsVM0kS
Thu Jul 11 02:08:54  OTzo4OL8zuv6..ACDGYrPmZ.mOp.YOjrMHW6kJ7vNkBB.f7OaDj7iFvzqw3pcMTykKmB9pVmd
1994/08/17 02:30:49.993006   RKu42nKqTNcG6v98Y
Tue Feb 21 03:10:28 U7 wRC7x18Z3pnI1KB1cyqgsAr y7m
Sat Jun 16 22:46:10 fC3cLsv a.r4NtELwFD8GFsKXwAOTY3Sp11EhWhwqPZXNT8Fz1MN218rrGrDvqD9fxY
1998/05/05 23:25:21    e4IaUC5fDuQMUiE5JFdexh5XEMzZW4AC9XABCoWWkqo0Eput5WQ1tu
Tue May 28 04:43:33 D2Npb7k71CYAm uMTegc1eii1ippNY8ZVIyM01atgZmnsVvPtBOulGYtognvCvBNv FKS p D3amIARzYkp2FK6nrd0VEby4XXb
Thu Mar 07 11:25:23  58g1pTRql2iVndkexZnPjgizMfzTM
Fri Jun 18 21:45:24     qtWNFvoNO1Q4cU6swqq8slw09JcCJNgFTKBgrs4kTPY.fU.7f7cBLPafDaausQpEJRubtq9rwo299bmLr773wlrToN0t
2017/07/02 09:30:45   42 DlM482jH0v4Yhh1 n0 dyFFEmipSVO04oJRx1OX9LSvpAt5ymC0Rsfom8b1A3
2016/08/23 07:49:53.348784    Ou70YA0xN0zQ0CjDaPLsXRxpu3EISR lw.yH
2003/06/01 17:50:13   e2eZjNseahiTAlTbKmybW 5DYtcvDF.
Thu Mar 23 03:41:22  XqX0UGnxP6Cr2SXR kB0r1AMOu8SmtIhyD9vthY48GLXLiFuttTnflr
Fri Apr 05 19:57:45     eNIwHhKZvVHzU3 .
1999/07/04 21:00:16   oxNC8zu0g7dzzaAQjNgjeYPlMiM6cgv
Sat Sep 15 02:41:34    lfpaCgiPx8.gPfbjmqv
Wed Jul 28 06:21:23   jEZmpfIj YCGfa2DkdEr0W57GtGhddTEp8dtJkGC
1992/05/01 20:35:51.574612   i2nz4iBu2xTDVAxWWOPlZlNDlO.yX2O1SVfeHqhxO7FR0
2016/05/26 02:27:59   ZgmM02U.ZASSs.Sn5veup3EvN7hD5ZKI 
Mon May 12 20:20:39 5nVGUm.0Tw2bIXmDYurzx2ijOyH1Bqnb 01hHwDXAfXsM2cqf7yx5 ySEQglM0kJb8Fv204E03aw80ordEciXu9FMCP8bQ .M6P9
Fri May 25 15:04:04 r2OtVMZQILTDJiJJo
2010/03/25 19:56:33    LeDiZFrCohLTsZDAEH0JvXIhFwgww715MuoQOW1FGIVPn tomrqsgwiIm
Tue Jul 07 23:45:24   sWdWvmQLyxUBOY.FYI.NxOZH92kH8HpkoNOFxIAHIh0bry7TNw5CEfPQWlRYGL9tY9omrL1Z 
1999/04/15 09:40:49    jvuS5SCbJyt7Bm6gn02.kXLV6srTVd3UX nxOoNQKzG8gY70qjqDOTPChCQd6PccZsngMdA
2004/06/23 04:01:08.939672 7c4eU1rDZ4XMZn4hHI9jD.
2016/01/13 01:22:16.668851     sxilc3bQmiHAW NIswJ9cXd5cZD33OUmLY6cI2NevRbZfkix69WvgbhzAIbQez 3IKYu63ItNvB5P6csdNFAdAn5rDmB
2010/11/17 18:17:59  t2Qcb.XfN0RG3mTajha
1991/08/19 09:15:19.490651    WPZIPs4B vtx8iMtKVImPmr7.MOn
2005/11/05 08:15:08.639469     yIm1PlGQ5lhiFFAFzs6W0d BTtc.bZHSl79bd68q14mALV2RSJCzt7keT6hH4Yoerkdw9oapc9E2H3i
Mon Apr 01 11:10:46     RCKVc6ZTXku5wVI.mkxr7t7maDSF3tzO.JjcD53B5n
Mon Nov 24 09:21:42    MjDu0OFQoaMoBawoKO2j5.1u4FBaFGkf
2002/04/24 01:31:04.920081    CkMPmj3q6gQ7 QSA.iiafY28wMKTXHjzb6 UB9ua5skwBW6F7EtMx
Tue May 15 20:17:44  GWU9mcKRuzkmeFn1rzoOqUFrTtTj8QTg4PaOpy73vqJHpa1Py1JCLyxF0YzuVIQf2ZSrto138f2eJMv9vnSvGB
1999/11/25 15:45:34    0wKi D90agxYCBh.Rt0F9zyw gbxiOtmop7KqcDf5U4P ZnWvdiW0lj32HUOr1Tgz8V0Uk1Ma7oCmb
Tue Jan 24 01:47:51     QGi.5ef xZqYmbfKZHXKm.FH6TW1wJFWZCl8au2rMlXFGVp7boaQwJvbyEC.VL5ydiocQxQeOPdYCoZLc2z5PV
Tue Jun 23 21:14:10 6hrEe13kh7YpNkyqvktiZtc zjGfI0XJvrSSAQ3XgyTIrnktb
2016/10/25 17:38:14.451156    IYn.Ly0DadvJUifUcchB8aa789Kt ZG48YWclRaSAjOafkwSyNffSYUe2dcO9o2v2tZXNSsf
Tue Oct 18 17:51:50    BFqgIcAdfBCCTdm8eebPCk67nUgT7EX9OT tGkAar0ufAnENHdBmY
Mon May 13 10:54:28  p3lcvoeEYIN0IMYqSOIzkv9YZEK8C yiM70DSh2eRDC7vRjYPUJ9tEUsKJO4JUSP88as.S zJNyMvDbJ
Wed Dec 28 19:50:01     NQd31abNjRFT0sjFhSXoBlX2YQQ1A17D57D4P
Thu Jul 23 05:58:04 c8.WbTq4KnV152mgNirLNaL52Rh0G17SOExpy3I0KEui1kW78sfT20
Tue Feb 07 18:18:50 2MiQCpntY5mVLAZ0GtSXFMn1RFaMRVp3Gh
1991/06/09 23:18:28  JIZdaoYwOi4ATwADa6xcvMehnCGpKRc4exZK3V9lffO7cJl
Sun Oct 04 22:08:06     l.lnE4rgAAxtxNy7mYrrHs0BK7VtzRx72Yfi3jR5SnRnE8SVRVcMmZAMCplICVQc5O9 j.qzrbzCJAU5fYIqla3n
Fri Jan 14 17:50:30 LQTRnJiswVRpnvLvRjpSbB 76GGymXYw3teuahzknp4Rg3Orqt.V8mzoFwi1sNqVGyQhaH1
2011/08/28 15:43:51.707381 fCeo3DBi9zEdEZFYkA0cro fI3eK.66USD2Gq03Azl5wBsDrJvPkM2svnMyEfT74kqYKnecCPCJHPs9AI0Fa
Tue Dec 15 01:36:24   oaRTHVzz7bTziu1v1JVgHJUeUfjbHC9LHHbLERdL4cewXmLXv3NPkDxx2PSnw
Sun Mar 13 06:05:47  UpmnK3UtrKMDq2o9XZliogn5TSbz2A4ZHNPsxEB1JvJqA7dDRt94dL2X LcyKDwuiWbnL8E9eysjc5AF1fzmx3x
Sun Apr 24 21:54:35     c8khMIazqFGtL38i.qmKFFrfK8zDbWkaXLXFteDJmY
2021/10/23 21:04:45.852378  durkOzaA1BnfFmjLdf3UWRELKNAWLIvNyVZqiLwtVZ  seNXiHufeeWAXzXZWcN
1991/07/04 12:39:12 ha3H128F3QYeg sL4KErVf8MXkHwzFljx790TNn1NwJZh Jq
2011/09/14 20:26:32     lcbmxYBASUzqRg63Sb6AmfhDT2jFRsb.kIhqmW1cX6FL7C1nWBmN.Ttr3vTD4V.9Zc6cbDWP3CPQcmdl
Tue Apr 20 17:53:25    8RVwkkO00cvUXSxgOpVkfh DPL5CcK2Cr8ADtjKUfqBBak4iCGKHHDGRWAvt87r0bnAj3U asR
2019/02/23 21:51:04  VM8pj9d.Hel7O8ereBzJqxeYLroZJegfmVKXiyPSQnu.Uh81zlfckSj7xkwx1Jt1nW
Mon Mar 28 09:52:13  ff4A7C f8x01iYWVzeLQVOBtaRZtuiLX
2014/06/28 23:09:48.879289   AuNTLrOBsBv28VI1PWdUlhFdM7ja6Z9 8RSth5uxgj9Kn7olByCILykVp7Iu8
Tue Aug 12 14:54:29  DrB4DdgEyVq.EEcl3gEoW0K2dKFdjQ2nPhuSE5d.2AyORtHc22TkTq1OQYr8zrS.b
Thu Apr 23 16:22:23   uOl09yzZYScmruHS3DoUDvyVwmiY96o6Vp.A8YMxAkxne0qaMdfK6d
1998/04/02 13:32:41  Y.yQN1.ObblUy9GNOPpdNZaAkKYH5l8rXbzH5wsD3xdZFUj7XxKyWpX
2005/06/15 11:30:59  A1z42B80j9onzQs1AtIpwqs1l0
2005/05/04 05:40:52.126449    pX.ok.tecTN34zIOQovDsRlSUozXhZSXyBljyd5sa.EtAXKP3UH8CFMOG9gq4iV5X0r6ZLCQ4QixxHfaiabhF
2013/08/28 20:28:17.351724 fM6rcKiMrXzRvdpm
2013/04/22 10:34:14.453147     7lF8pj7ENyI46kO3Hh9CLWc
Thu Mar 24 07:13:31     wC1gkf.gdA73T.fP.cNJHlh6U47FswjQH4nZa0pJJv2swJpb
2008/02/23 21:30:18.663690  L4l2o7f686tkPDD bTLKqsaNmmGrVfajUWTdeEVslJAMRuuDF4m2s03uOjg0eRiDTOlpSApS
2011/07/14 15:36:36.237719 iXug2QjAE5KA2mXEQh32xV807NPgP
Wed Jan 12 08:38:06    zCvOz1mnm1VOD
Wed Mar 13 21:47:08  P2QG.9az9ls.oSYR2zr.TJDidfQy6pDx4Ux0RWOl1mSS
Sat Dec 01 01:31:47   7rc0ZEitBBkO0sVmMV2WD1eNLZiLZLuidFe0kD7gH .no9RLnB4
Wed Nov 03 19:37:48   deVmMMD9mgxtm5X6KSU221hrXaYN. .cx6K41bWe8Mrwf4QopbdYhB7QRRIfxNrP7X0ZRkxoC9yEmC 164KgvQqx6n1cX8Iibn
2009/07/08 03:55:35 u9N.5gYve1ggXMpYD6LVv1Bx0DOHvHBw3rs
2017/02/01 12:51:18.736024   qz5828JJkfNMoc0iwmJW2Eel09S9WsI1uRDSKEGSpwPCahECOvN8Q63BrOLx75ykaIqoTK9q0NX8lmquBGJyMKp7j5ZxrA
1990/04/04 09:46:46.19037  1XsIAVGE1qF2JE7
Tue Mar 13 09:12:08    7NE4K2wifcSC2VBDKdUPgr
2003/12/01 15:25:37.925067 XnVOHmW  DD3u63pYXcpHjXa0ejlYcNO6ThzDI.YPcIt0vjtTsJPMe.x2CY6GTGZ1vRFW52td2mJ Mpuc8B3 CX6JdG
1998/11/09 20:19:15    T7H.UzagPlfzU80xFLCIwRF9Yzf1AaNNT
1994/09/01 16:44:41.757093     hjDiZnd4ZqFfPouGAD9mAe9pf4V4i3If3y1PWqbXxdMpwDMwEwxPJJXMPGxy3Pe8u1AemwtKE0wDrMOj7ORE
2017/09/08 10:02:40.467606     xz8CSfoeQb FsBpThGBth88VONdhyRVJB7QZmH1BQLDOi0Lx.2fJ0LkkCat.BA65cy1CGhQznIz
Sat Apr 27 16:21:43     sy37.KfZltN 086yjtpFZYXb.lpq1i3IkcoIpkNT3gsPYZp4nQkMw7Ua0LMUMKyqehQA5CPGgMzImyqx1JAALK5n7
Tue May 05 13:07:14    pOLaIFVLWzeQSVLKEh2v5V9uYOkA.0KMvayN .izwU5nKUvgD6aLqPe5sc5etg1 FUHoen8pl6Se3frelkMGGT3d5K5a
Tue Sep 09 19:31:30 XIFJMfYY1cZU9OjHMKtDy52zvoZJD7kB0IdlYfWaZNDT1YN
Thu Jul 12 19:03:01     EAZ4XrHLnc8106y4aiI5nnyn9HLbnzBmy3jArn7DEl.i.BVA73WRR2kz7pGcB3FTPfGntbWfWcepj
2000/05/24 02:02:13.421471 29eJLc7xDT4sapiwXwSMqhG2lmGBL
2007/11/18 12:00:09  bxEfS935podxd4yiDF k0qpN5MTzd.4TAPUT7WOjHrbgq0QXz84WXne9teVmUqQg8RY7J9.sAfUfyfEmx6H6dcXJ6.FpmnkJTd
1995/01/06 07:40:19.454883  YxFwH9o2C8z.BwxRoaEJaQO9vRbseSWS8WzV7MjBwvqu1BkxUKYcNRMbwZLX7fFRuAbyGURNW 4tnjgpp9j1CCMVjI2RAkyTAw
Sun Sep 12 01:02:25 eSyLF9aNFdwmfSr8MAgkpsGXs0wmf7xl13RSZWm8Gpp0kTlqM6E5s w6NiGvKm8EcADz5rKe
2022/02/12 11:13:09.724028   P1NUC8NdBR3YPPIGbKFKC1AupKgCgZvusG7SWnBO
2021/11/25 12:29:28.424784 X7D5.BdDyuxEZl.Ex U m1fnfzBInpZrcTzAIQ70He.q2LVRbh1u
Tue Jan 28 12:12:31 wuTZe40yZ.0zPCTJa67DGwOwotk0VjrUWH2YV O 8IxBwafudhlctA8Zw
Tue Sep 11 02:07:16    mga6.oqHTQPKMHuLVsE2IyR8xNIh2zCQNFG.a9XZT9Ikl.6J2xt00DbI
Thu Jan 09 18:11:38     Mx ncZxf4f
Fri Nov 09 06:31:07 K HPfhBHMxqt6R7UmbCxRlG1FzdfeN8jhvAiqwjRDxm4NfQkdPTYu3xysOWQL
2001/03/10 15:50:04.971600 kgINr9.QsmrtcTbczgeLbSeLBkVNDpsEiWvCNvzNWZBibQdpVbu1vc4O8EsQRD0UeSin16jv7yM3VCYGJBS9B0RaNcv
2009/05/09 16:21:54      kDo1ADxDwHxqsKOx.4lZ7XeidnjLMxzlJsJWzuqAGDtPuqXPP4aRgO03d
Thu Jan 17 20:36:56    a9mDNoyG77k759f6iNSfN
Mon Jan 11 14:47:04     Dw5 L6qOtdRu6GQGmiDoDt9Y3Qliop
2022/04/23 07:30:34     mrDh NO9PX
2002/08/05 23:15:13.929422   4hjf2l9lQJ.jW6cc  yxZmzP4 522.PN7EIk7gjCJ2WlrH2gmdZkHzosfAQl8QUKnbKFTY
2003/05/05 20:06:42.116789    wVGpi4BzIijpR1iLMuSPJxqXrRL92OieO08 mys7OcJz85T.f59q   4KP E.zrK54UIB1Q2n9
2002/04/07 08:39:49.923652  ..S.ERcqeIsjb.Dx RNYiPOdILRmFZf MKBjUFBp0HRBvhN6YFwIfj96PB0KZ8lz33XQa9O3o
Wed Oct 10 07:00:39    g7Iidd952i qStihUW6hvKgWB2zDKjw6RxMP1HRerIK1d31MNyTw2XRu0Sch1TGFD5DIJUpPTOEyCY ZvJQSvi XC
Thu Mar 07 19:28:37    YOoDGvOnyxjVD xMh9hbBsVBTW3JG79kls9s DH1BKe
Mon Feb 27 20:00:48   .708By4NwBDPYUQR hBfRqooPDnr85ewAo1d.KaNJZciuJnPgHgqLnhxbz2HOeB.Wy794Oej
Tue Mar 19 17:06:35    FvtevOv0.TEjX7k5kO3QXB5ytqwh0LXbcoTI9KHbw3C7ZAhT8GOD7XqnxPU5quto CST
Wed Sep 21 11:47:57 HVjGfP1Exu.dZ9aXbKNciFTFAKIKs3Xd74sS7S9.KMOW1W5i11C
Sun Feb 25 12:13:35   DlzvSw4RpJT.T83 QXu4HVZ6yetreOZCz6IWDlSLZsPnmKqPTEyL 0oBCSGL8RmzY2J1u6SXQ.hMP0id.lQA
Tue Jul 17 01:09:20  QNlaNJn49C955kIkMOqYc4KHcJ4nUs3V2TAvJDE57fzMU6rnKQAnpTq4dB81HL evNrT2ke9QiQF3cwFP84Xn0
2013/01/17 20:50:56.689438    UCRUbG.0Zf Bo7jREmylUVi6F4TFHEb0bvuCYvOtd0uTW8BN3Sx1kIKJ4gqcxvWy4CYKYM
2008/03/21 11:20:00.627190 CmdQvUqJ.3r.of7N8nbLE.YT6. 5vINRQ.f1Cr4l1yjTD
2006/08/24 06:57:53.822386 0FXtSm4h46coJDs0w8jZRxRjOF69 5
Fri May 14 21:05:14    d xKn0eOtGGve8dDbnZqV6Wu5Ir332unc2J5IlD.Dk3u2y4K
Mon May 13 21:57:14   g8tvX A.4J7CvnSZGlKMs5ydBdyQctJPTnWhqzESn4jy1Nak8 sYstVipiWXFtC5NED6
1997/04/01 01:54:18 V9iY64Z7A4eTGuGqc1mACDbkWMi1Gm3
Fri Oct 25 23:11:38  NARRWJyCF6b
Mon Aug 22 18:28:31 hoa8LjlhtwXR8suCMIem8 7
1992/06/25 21:58:32.957022 8shAv6QQWMOJd615gQvOU8gqdC2XxBLAQSyB8Bw1TahHZk0ZernAmwyBQ7YIOCgZqorI.CdWfN8SytRYMawleqsjma0W
2011/06/16 07:03:23  s1WXLMWm3iGL92R1zjm5GymkmMj0Vgdx3Hx.9
2011/09/25 20:24:13.324124     npbH2OvuODqe5gt5XsBlCGBbLxum9hZuWVGOw9gAbXB89sdTkCteoMetthk4mqfIulpg
1992/08/17 15:25:47.498516   yii4TxCwAG1cLPP9sxaOSt8sa7XqKWiPmIQ.EhnGgKXwSPi8XxY6q huJyV0OOQDLPgAGvHXNl
2008/09/20 02:40:49.280006  HKTakDvzNaBKCTSS8yfIQbLV9Jx9l9SVQ0EFpXy1KzuXk6u2TGuB1r5rQlODLI3.lR3ixFsql3PeVlnyCgq2Z42FUBfCp83
Sun Jan 28 18:37:14    BA64ksN9HAnkRcK44JccE. 6vQ.sDLAOAcisj5
2000/01/13 23:43:13  iae4MLrdBpVmJbW1Rqfx8DuMxI5dWDSz7Bl
2016/09/03 20:19:22.512645 rUoup4Vic1b5qWmqV2UR5igdB
Sat Aug 19 07:42:46    rVJYtnfDPgAnDrZEcpq4TgmmZsEOXcFwFG32aI9La3pP2IhlK.kWeleQo
Sat Feb 16 18:38:04 3PBEupqhnxbSyt6wwNSFq0zE5NL2aouA7TT0qnGhMQyZ7NMhMvP2Cn1sy1.qW27iYj969KlZ6oaxnFE
Wed Jun 05 15:34:02  oHuMmwyFDd
Sun Mar 28 20:38:31  wBTBe2KJ FOjhhJJZUOvEgaVZ4D1SQkp6z4QiIflgOsL
2021/12/09 07:24:15     y56UXDpodhzGIwF5akr5YWck9E7VoPbeVbKpLxU5K4K
2018/03/17 19:11:49.999506    8N.MDH4A3nAT5iJWITxIY.KhwPOp
2006/04/26 18:05:54  2iRBr9UKmfiDrG05Uf6SmSABYpePL.eoc
1993/12/05 15:07:34.710355    ShfGYNeru6H1kZb1hhYGW4WGr0DqgIi0FWdBeFdOUQPwqKH6tp40Z
Mon Aug 23 02:18:08  XhBhvp .Y.CgwJDPHoe2n9SpapXSxXRnEYS171UqhjrYqHKZGJfLyoFYk1LLMFPrGiYk
2009/11/02 01:39:20.124368  TK7AB1qZ8Z QsXR5zGf.bY2MFnozyDfCMxhH2N7wnJ5qUZe5b1
1999/10/01 21:05:57.667941    IQmkgWp3PM9rsVs0LYOVQ2GBJyee5zjWkMRENdcxAh27zjWfSX2.AutLxH.L
2006/05/16 17:46:33.852391 IRQ8xbl.8ieERjAzEcKWGqgQrzKApfzmyrfxFWSeIFKsUEgVJwQQRDxCr
Sat May 17 07:41:11 Dm9djw9Mg8NQMrrsbrcKggoTSpnQEdUYLNZ9QlykShlxJK3a1wFb6lfeXovvUkBLLDDnEh0wJoM quCfyUO MJGDk
Mon Sep 07 15:07:00  UbYLsXDsJhlzWthaPRenCQJ8ard8MiFd8ifLpVrXvyLvF0 hx6TK8rdCxul8.FDhCIXsfubLSlB14AerqPfw
Sun Apr 11 22:49:53     l61Z2S 328fjl4AI79t0gAFJz6zSHc0g96FPQofZTMuVIvIcuv2D55fX3H.FbTsSV1wVyGh
Sun Sep 01 07:25:58     mKJBPKi7FLUWKURkmyqN01MMJCCyDOSmTNkz00kmOGhxccxd0RY fLDNkqlN6h1ZcfZycLhlNqzhacV02P.guunpJWeOVdt5FO
Fri Aug 17 10:00:25  XHC.Yw1phSkuAq5eI8Ep.ok87tWrrxfVbj9qm6a5vqwMBcTHTBAgYHX KsuxT50uY7vIY4Z TM5Mq5RvlkDtw0k65awe
Thu Feb 21 05:34:28   IRF0sWhfZWVi5YY9rIcpTNbxCRNOl7OxYTjGIfCeYdGzfNp0kc
2010/07/08 06:07:54     I2vu6TV861 srvmwsy3kskQj8UrJFuYS2r60GOlrthWnILj6Li2Tb83n9OC1065YX
2001/04/24 05:55:19    VnuFqxKuEWQhrCPsPa
Mon May 19 14:21:12  AiCKBipK.GGfKCzu2ax.2 6SXFUQjv2FJKG5jQZDvmITR1qXDzxtIjKjyrquA9BWxNjy
Mon Apr 23 01:40:09   NzI sQw5xZiUx9uch87yGkfKg8k5pv
2004/08/01 14:03:04.849647     mNNMMmTEVQDCEFSUPUwwteeIsJYlX5vfWHWmf.G
2013/03/09 06:34:56 Jy.GESDpMEHKcOvl QSjJpUJckpW4zjRAHFO
Fri Oct 28 09:15:31    UKx0HxLkpFM99RVb7ldhPzxIM0AnoYZ43gFKKe4Q2MMwguzeeDJP8EChpFu7mUGB
Sat Nov 04 00:16:27    3JY8pxwsrzgsXmO1Z.pTjkRLg7a1qmwaczaNnCBN5zJxBfTEdZP7DuMW4hgTX2TC2BL2IVHhANX87r.rc2cZd 8PBxAEzUaLd
1996/10/23 19:26:23.651582 liHn7piM9gZrGEy2kMX1rrMJtHxRWDZN17TxvnuOu0w.47uFbvbnB
Sat Dec 21 23:54:30    6UTSaHSE6K56KJnxkkHfjWSAh4L2jVcdGhxGVPwiVC67ptyZVUR4JEfmr
2021/06/06 18:28:47     kAPp.V9Z7CrynRt1bBhmo7lcdLxUmnKAEkPZDQ
Thu Nov 17 14:29:20  EIWWZvAFkkpVd0uO
2017/11/17 10:29:43.857741   QxUaIQiSxPWMBy5ljWgNc5gxUPpfGDasojKaiBv82c
Wed May 18 15:31:55     CbY0hmd1DIoxxM Tlw4RS8t7sn28R6
1997/01/23 23:51:33.788841     QbljecWPceWj9Og77x5wNUv9yZeZ7lVToyw5UoAQ7IYwnyw8eAR5wxqhNdljuy.cQfWUblgoMn
2013/12/02 06:14:15    5zr4MfIvOtSp5U3
2006/09/21 12:30:58    WeuGAaNmW  c0E3u3ScEoSQ7x8w8KBEMJ9PX84.uDb2uHyFtmPknu 7aB6n1BMK9MkqVbEBLh5t5Yi
2013/05/16 22:46:51.847536 DQ62fQg05i9HA7gE0OMgIxU4ad5kCeCs.jPQWfVOzVaWELwML2UnuM.ddq5u5f3QVkpDsEjT9uvd5KC5.9 9sQUzwzmqp4Ngvg2q
2001/07/01 06:33:39.112658 NLa13AYq090.UFKOojg2Qo1YNW1Xm1eE9T5.OVMg hiyanSHoUCvT2NnoutUI
1993/10/08 20:29:20 84LiFYUleMC9ZrF9HjMYz.QBMzA5XFjOulwd.0MADlih2WnfIdM2L2s8OJq4UpHBRd4vXtxoUOBWamy6EXiwVxl49S
2018/08/06 21:43:59.163806 A1OeWbwSpCc6bKH33Nz YYSs6xaqlINRDknsX98oxh93x3vjhWFDODhS03DF.Y8jTaw.Xb5mA
2007/09/28 15:12:42  7ceWMezFxszqe0AetSAE1grBvrUypRCPkVr
Mon May 08 12:48:33    HfHxSYGCS2q1oYP5HIgSz30NscumLIewJZ6mx73zOxc9Wj8ShZJlcrKGKxh2rOU
2019/04/13 01:32:29  LsUIkNcW2jV0MIM gyV42IKxkv21vP56qDnokNORVP.u5u4Zs
2020/04/18 19:51:37   21hwYCb6pGd57UeL70GYcbodWzqjeEOQ92jzg96qIt8o2k5aQ1i.TBYHW6huabUFyYYi28fVHm.6heDeDYkXf9 DqiFw
2000/12/18 10:30:23  wywYt0I55tCfMK2xx3h6uSHyhPN5J1g
1993/02/17 22:09:35.78168     sIUx0p7OnsumHt4Qc49s3PdzAroD8DnFyYG.X4nKbHSlxv9 aAF1g
Wed Jul 08 00:21:15   c iOpwE.CDKLyZOXvkVNpGVY1eJlc1YvaBiNELSoKmINDOpnFUO15xvgmg80DVSlxBQvUMI
Wed Apr 22 00:23:11  WyxUCCYkJ2pLQiKsF7QX.jfFTm2KHG.oIPiYjSM7DOvxv1sHecnblstbT WHE
2016/12/27 23:51:37.117212   Hl5o9SIQIeCmPnvG4YMfe6Cgyx1 MNNDAD2P5WqNnFOLX1jHnOl.2 jbPPkRjvEDVLsDhW.2mfJxqKrzCUACwanD4NJs57TX1
Wed Aug 07 01:34:31  ak7zp9kL1jxw2xSUcfwDROUUXZ2.lxTJvsMf7OHUSgiHv7owJrUKB15P7OEHdEVHGXs
2010/12/25 14:52:06.207502  DXckEof9WDWcJb869G18gMEucjzvA3t175a22BKluM8zGi tC29
Fri Oct 27 11:13:46   0oETe2Y16p0E8gibe.W6LGhXwjTd5oYtip0u22COs2j.CQihQxsHiL3S1Qe zUMlJd8slXvYbRAfRrP2Eyfw33oafhc.H.Xt5Mu 
1997/03/06 19:43:28.299513  lpN9U9DZFdkxMD0X XCSRBBkuZ6fOl2rzzFbKbESHbsBuVsfrR8R9
Tue Sep 25 19:42:43    8vtscxSybYfX8ndo7LSwLJWgo4 G8rpUKaZByjOg8VCRiB0P72jMs7ExQvC3FNL95pl
Wed Oct 05 04:46:25    Q8H1sVsF8moJg3IVBIkVKCzKmI2i8RI97JrtwVWcRHp3wHYgdGetziXW.IZ
1998/05/28 13:56:39.69974   CMHMyOeWvafMAiZAJWu2YEWNY1XM.hHfhXYZm9xoqmmFbhM
2019/02/21 03:38:15  B9u9ylqHmMt08atVf
Fri Jul 01 23:19:28 vrU8we6gKREB9PQ2WsUufbEoDRH2glCTesG6lDkQakIbmn1KCkPTaFbH2
Tue Aug 21 19:34:00     CNRW0FCZcgKEmc.ONhAgg3hm9jRDbCh9or2cuHL5iqCJZlMO0oC44FugSLwG4rb2cCOui9Jy0
Tue Oct 25 03:34:40     22d7hFL.wNpMSWpsBAcnT2YXzKAL
Sat Aug 15 17:36:30  5rWMfC7oYSr62CnqYeMAPUYo66Q2Ff9SSlMI
Sat Mar 23 15:24:41    DsmS8SGaH1Igqq3Iyha.WFdgwsNLMpkWR0QCf7xitiUI08PWfEV4cGIrJszCRQLI6eMYCdi29zBSJZ
Wed Feb 23 12:21:19   sWPk9HotMx.QPIKnvuR82VFhp5STtPkGbFXM
Mon Jun 07 18:42:36    C0z9Pz8vu6bWtj6Qp6n7fbiQYTxVRqx9Sgu8Utl.UOmlE
2000/03/04 04:55:03.431342 jJq9TLSMr2dOUGX2EUyH
1995/05/16 07:24:19 bMfQ2ocdu.rJBdLbFqLlXlW9WGbZISZGwOIOtwb4ac.pQ884pFyAunmfZ0N7P23FAu1S7fwaiI5obRWgRhtRuS
2004/10/08 12:49:49   1X Be3MqgzEImS9wA1mbOt42Whbs.x2gZFhsgrdhZ8CWnAjO0ueNSt7irexV7uGD
Sat Oct 17 08:02:40   ww8AoAaNACFGn4DEK.7uthdTYat2cdt Ss5JFZdQIgHf0NcicX7SHjwX3SwiyRWtLRlmCehXWZDJ0a9wF6qZ
Tue Mar 03 08:47:35 V7Ohp7RmGQhMd6c49wa.u3rYx4 KMg LQRoL05DNMFcWHsF07VXPIhMlmop.h5ZexxL LxPLi.fiQouWvwlaqfZr HTWu3JWj5XV
Sat Nov 02 18:05:02    qTI2w2FL1twJiw89UHOJDJh5VjEgbWMXXtUG
Tue Oct 27 16:01:43 ZR7qLMygftlxu1Xe.gSwlJJRlWNiIRTPx79L1RGEAIIG wnvEHiLFunjtpRZ6o4
Sun Oct 13 18:20:06 QSwqpReAqCLyYzhcgb3L
Tue Oct 17 18:13:30 s5bLUsh4oE.plvLS500JEh75roi0 
1994/04/02 22:39:02.487921  N.0gOStsI PvM
Thu Aug 18 04:44:16     ytmI47J1foHRZ.smLyTg0kZ8e6vFBodgck9LolQKGPcSicLJTWX5KRRzkRGJ TjgBtJ7xDPrm7EEP e34.sDnNegj8h2B
Wed Aug 22 18:10:16  q1KflJpn7oIyTgYZkdp7klTlVjvHRkBbX6IfIWKj12LGOwB4VWgI2 z6Uct29CUa
Fri Jan 19 23:31:47   2NHyOa4ozZ0IQGnyibeV
Sat Mar 08 18:25:31     aOEH PSrx9C4htMFIn2y.Y5vUOvASjDk4oSNd4FqJj VTk5bYmmIxuJv1N..0ti7nTjrpDsLXmnU
2008/10/16 17:04:55.46029    Ol8oixzCBnL5HAY
Fri Nov 17 07:17:29     qJSj0Wqg0 jNug5Mgr5nwt.toXySq588FMWw1Dup6DHqRfm4Z.uvWfy7TLWgm2mEWFUbQRE
2003/11/24 05:47:21  izO0WwXuneU1vY0zsRIshIO1EcgcY7TYlxo2VZUT66M2abB
Sat Aug 15 13:08:24     lKnIFlMeHlCJjnF9fjtbXwFqnZbHMJHrbRhtGE01B.bLvaBeusBuO0UgBBX7dVh9
Tue Jun 02 02:43:45    Id.jaKwPhNlRzSbSEMeSy
1996/09/28 02:28:00.898575   DZXjeasq8jzoioiuId38e2UL NosikMD5om0SR5ktoZcnQEFUf.DKa0SJuw1Kb9WYyBuUCo96QSCq1FA7
Sun Feb 20 14:41:46    jssjC90e5kWgDXJXb4fYEhOyBHCq9PaJeeEbJgvhSVuiT4J1 e7YKJN7aro
Thu Oct 26 07:45:04   S7FvvdQ6elOv6ak8tkagGtQ9ev4piYdLCrDNrOmUeTQu5W5nlvt.JlvH5Lrm7l4VW4VxUTgYb
Sun Nov 14 11:19:11 6vYfU9RKV8ukFjEJ4AkCQutX6zwjLlpV5gAoWJRHTPftbeGcDbyNMrgPt6c1bctiUBiaDLhs7Xvdwuq7WVrGzgstmxN
Tue Jun 28 18:28:03     Et.wF2oGz22vt7k7KcBfH38Dam7SvAQ37.kLLLXO4Uje6jjJOSdXZ7IPLVlr.ImdJOZZyrYvKGK98AXl
Sun Feb 20 03:57:11   DUo5AqyWORNL
Sat Sep 25 02:31:35    daShuhd5totQO94urf
1995/09/14 19:34:42   aKLXOr1RAjBJVE2nVUrifQRJLzBwAimEXnkJL1iyirsn.d6
Fri Feb 15 14:31:10  Yd98kSU7mnrvlXENih4gOfMvCB8eYULKZe Q7eXpMoa2d hYKPTc3USxzVx.QVa6wDz.
Thu Jan 25 13:55:27     3XCt SogrJ27WeQEZnmiGcsLI9KvPvuc79BF0Yvg54ZOKa
Tue Apr 27 15:48:28 k6lzT9C.SCYKCc.vFHwD6vN X5a1QvF58hDDDXNhTeku6awYMMSXx8Wj8t2BybZXBXq9GUjnS7D8JpITRIW66MBu
1994/05/20 06:39:36.838519 DgUqXsd m9Mas4Ap7IsbmxQNVn2R4q2UVgJ8QW54SVHXgo38Cw08S5uT9ljfQUesnZa4GM2XzO7uJAtuJMlLu86OveF
Wed May 06 08:45:45    pPcW49esCoqfeuGY.qJq nzCNsZfHsNeO4
Fri May 24 19:34:41   iGyHDU9fpbxHueqfqdfjpS3s.VAsG6ZTRG3Jp8s2WVjpgntjjdxNINzYUO1nJR63I z2ofECBu03DXRbIOhzC1nSck
2000/06/12 16:48:54.947879  pmH02 WWBqVfVQ8.7t6MtA1aeEWXoomRnnS0W9atlYf3c.AJQGxCC65uhkOmJJgdgS
Sat Sep 04 18:54:42 PbSscN0eaoRWvfVaZ4DO4kBa3pKdRfjne5q5CksBqGagKmqQqWj.AXODF6UfEfWxaUqbm3lrYhctp2lOidEHFYxn
1992/09/22 09:35:12  eokrslksln2OpTAaLwJE86HPI8VvkD7LI 3vp.NJMnQ8sMMp0tszQanjTTcN
Thu Apr 27 12:00:50   YBU2k4HKuyWLHDToz87dogCJ6IsQFHH i9WCHBuwA UpW9dCjQVdq9LZs.z3iKdL0oYDsA3JNQFDe1 PknZBNlP9xYLlZqzq
Fri Mar 10 10:55:11  Tbs4FcpYoCZzwQld0YKpqsxgkSef4gAztvMPfW3Z7Cyz727F3U MV5n18fZLN66avKGB5ZW71 
2010/05/19 22:29:53 PxgCWbrpyQcbhmT1DU94QOmnPKSc1MyJIByHSmayOO9Rc4CVvemaOtITaglKuzmichtgBZRiydFhfPt
2000/05/24 07:18:32   Xdt4DNyibytK1blc3zz0Lu0u
2017/07/28 17:20:56.50398    QdnIsEuwx6OZemXI5mL79RGYzxOGOQYBtQIZY4PABjVF71hULJiuaQyYYX0oVKOMdU8tohfCdKNj37KfkY
2004/10/18 08:18:12.148954     i39gJJ6b4ZG3Yu6bXphvc8py5BSo8LV9oiJc4hr6sMLfHYPTuYqUiQ7zNhTX15LpjObt
Wed Jul 12 20:10:40    6zpV9cppnt8Troh2m
Sun Aug 19 11:25:32    n8kX73lOXIv335jGIwB18auUbuc1QIKI9Rtdzlcjb0yDnjDe7w5
Mon Sep 13 13:13:21    V1rFjdDeOR6CnOQrl3wN4DffQCMw6EkmZUSp8n8hOjkWOo7WZfxduaqU8U3diIKXCguI6r
2022/12/08 15:21:05.237119 NDbxMZwn07X 0OdbJTDl0PG4zK9oi7hqfXo80Z2BtEdR5 Dtd8H7zvkCZW0qXW2pNLf8nINR7G5
Tue Oct 21 14:34:39     Nrvq.xVKmdf0hGIwejoxxIlWXnHQitaPflFVpxvK6sOiQVAL FJMaqAJeLgDye7hOKp156DkA04Qgahlvh3
1992/02/22 06:09:27.847415   iXF7VV98CY0cgTy5WcK4x35is6ShRvxskWUPzgjrtrTJtmCN7yOyKIzuhiugA85ur5W2
2009/04/25 15:25:12.397320 VRseYrOFV5Ww0aXD5dT SHnKq1X1iyHLNNg1sQWdAHt8Hwp2yOq
2005/10/18 18:36:44   gH1LZCxjHdyd73BZdWNSM6OLNHb6d0EkwzQ.UGVYsaD9L49sl6MOoan7.oDVx1lKt.plDxw i9BJI9UoyPvtK LBpKCZlsD
Tue Mar 24 00:37:17 S3CeUU t4oCCd5IVYnvKxRb.vR5LuhKDu3FNroqzlfhiz0AVOOQnxaS7zHINNj
2009/01/10 13:21:15  kdxHMgIyyFy8HapqiD519Zsu3NyE8KFamboltHoV
2015/12/11 20:11:07.202779    iiGNxBZav8VZI4v3s64TkOu.vVzpm7rDqhK94zp.GnP 3rpKs7uG5xuZkehlsdo1U9MWQn20VT.oTC6MWCmR24AaRFCVk4a
Sun Aug 17 11:25:34  FsvwzM5RHifyR6ivw5KxS0OpOYyGxBv3E Cwnrmi47SePSr. 6RnP5JD te8EYNL2j91y
Sun Apr 05 18:22:38   VlTJD8B.Otjp4.KzDQDq8UBvhVEGJ0vgCNYZr4l3XbnXlO
Sat Sep 23 23:42:02    j.l79Bpduf5sIiKWac g.1l6e3cFVBzpyHo8HNPOU8vpD8w95ppq MO4pR
Mon Nov 17 05:43:08  AA0YVd1OIOP qV6krclUaIrkASSHDa6SweYU  Ay sRsvwzLSDkdgJfn.aA4eAOocwa02b4jQ8otK ntnpK6iwhQU.r
2004/07/18 08:56:14 W0Pbcto5eh9sxH9n4P63eS e
1999/01/21 02:08:07  dRBzrv4SRNmpma
Tue Feb 23 06:07:46   RBo6tM8ErwKwEjz0 SNODBnlEr01RTMsh89qn4Up.Siab S8ntGCuoZx5XgqvUlB001dw2 z8CwV.xb1YCL9J7FJ
2014/10/23 01:53:53.940278     yDnwLWf0QGQd3
1990/03/08 03:30:04.30350 ludU63V3KcUebzyhY3EjN2MAsJXrcU
2020/11/13 16:50:49 rYtTT90aNMo35HFEq76CAB5Y0OTEo9XTocm4gfX90yzArMF3rjqcAcsh
Wed Feb 12 10:31:22     .CQBAsq w1GTj7ueLO
2013/01/16 02:31:22     5nVBlRp0zETEtiT4gboS3kSTtdsHKNsqagHk4
1992/11/24 07:09:11  Ug8UklxN4MIWZFNCIMloKmsd8A
Tue Sep 09 04:00:04  7wes8Ax.5eGsgCw5n5V
Thu Jun 23 05:24:07 T1G. KNOZkiK.jGeUZnZRD3lXv8dvbkc2nAB43QeEWvp50fySz7ym9 dg8VkOp4h5h5C NBVGuWyJOUgFSeah5H.VMmeyus
2016/12/22 11:00:01     8ocTpyeiN5YxvNL9B.lm3.Q7VIKd6orOtO4TkVhA7WdHLUlGhBEbtwHv4htwI765knKCYjgS3P6mO5pS1iFHQpwGeoCil
Sun Jun 14 07:52:30     fx36.WX.96k dsoYbNMizCmGMCGw8x8PX5tYQZj1.f1AIwKkbtFnf5
Sat Apr 07 22:54:51 X1SB4BJ9U7ZZlfFMEYC5E.BjJ0itoz.VfyAaRCI9Fcn8KWsX7wKeI.r.D4Ez1N3zUcpHBZwY6M3GgSNfMQeTfPFkZn67TVdtxe
Tue Mar 02 08:46:00    Yu9vGOn3auHjzCsTb5Rvc0oNj9.qWgMqAEHc2B7eHYPSOiw.aW2ttWSRODsQ8FsjQxhlwxF4sQf
2009/12/27 15:15:54   WMwPmoyymgR1IW2pG2GPT2q61E5ghxjBQNyskRWMWDNDpgL11ZMvngr2CPLQKKOsJMOnVYUl7XC5
1993/07/20 04:17:11.659386  PJPMzqrxiFiWmlWKvLmtF5fZx.YEOwoXfWLvQbVpN
2007/09/15 18:28:02.316314   BhzNAsvs7vK1hIqy0CVJ7oLWcP1xlTyUysNQUW
2009/06/21 14:30:40  IH9fr5rGirHTvlTz723mhe 0ZeFlw7mv7e4ix.lFszVHUYV3zN.luUOT5R3anCYg8GZc
1995/10/14 23:45:44  5WFYrTz2opk7GS
2006/10/06 00:04:50    sWbfk19SFnlMt62FmQ77c j e2My6UMMvxj.jt46ZdNfIpLDS5E8V34MkYNuMBPKl4esjsFzqPVg8rmdfN0y0sLiMbB7M8nrG
Sun Jul 03 16:26:34   QpPWuZ6fm6D7n.6lIvK6pddj1vPocDtdaxfrbZ6xrX8RnP5pTWB2Dpfe4cMM
2014/05/06 01:02:23.432164  XgAREOxO6ts.YYS8MMMis
1992/09/06 05:19:40     YCcSJo9F4Db3Ex1jKlXJbNhBqGOCauWzGmkMk4hL2IMNY1oUsRCwdAShFbmldt3
1990/07/08 06:37:28     eKf5VuuKCCkiqKaq.Rf1FpVvpRvZ
Thu Apr 11 14:50:24    5HqtkRgR5nFihlJf C.gJQ94GBozWgBTnixP20
Sat May 19 14:59:12 mT8IpFr2PYKu1B82odx1FNjRGUn VknX
1999/03/25 22:32:32 4GuibRP64aMjyC xqua1of.R9soewiBF.AqYn2t4KxIlx9DCje5Mw36b3FtI E
2010/06/21 13:08:16.28419    F47LPTmakZRRQca3uUuWKhIPUsa1ayjWr5sVtg3sMXX9TDaAwl63dApLjk1.8mHH
Wed Dec 21 06:42:00    8dt9rDWRHNF4YcgZir2cTB2ebgdUL2Q4b6Q g7yPIj M3FT7xE3Pptk2PfJg MeFu9L.Nm5Xj
Tue Nov 09 12:41:55    DOfTtzlOBagOOx6a3he Rp4
1992/10/12 11:16:04.520339    XAqtobnLiRT56rz1R3qfU1JL ozW2a1ZvOpMGhzef
2019/05/03 19:30:38.282826  zCqD87aUncS0gBSbh3b3bE
2001/10/18 14:09:12 n.2ZAI5DGj8kqbNXtF umfh5N7UkNdvd8NW7l0YZ7OgtEpRlreSJxu
2014/12/24 10:13:48 oplv1Bn3nSMTJ9RUDym1mAWEaFiYfC3GdcpGb6YC9jsGoCaCPqoCc
1990/05/19 20:37:21.505253 dzs47X7bjL8lvkDN1tTB
Wed Aug 20 03:13:01   MBf8hDRrjUaNeTVEyfuZsWTrqPxsNiE5Qil6LDGi4OMq
Thu Jun 26 01:20:14 5ywF9XeAVXh8p.HL2rcAll0z86Qm4TkV81FWSxetBMAbZkAhTaylX
1991/09/23 01:50:54     qOn5DeLur4LYTg
Tue Mar 25 13:34:52     vxxp.etU7gIE
Thu Apr 12 18:32:38  aFcxwxYQKriYTsTqJGw1x9IzWwqFy8rhtv5
2000/10/04 05:00:07.247364  YVRJKfKpPFyb6dWTSg0L5dKW
2010/03/03 10:54:39 nu.AMAGx747 0i7x
Sun Jul 16 21:50:03  gOqblxqLQndmb7rlAOCUDXuYpR
2001/02/11 16:12:01     UqqndAGrDxUVG5Yk8QlBLQKX
2011/11/13 02:15:59.514486 dnrpFKNwrrWDv0fB.PFG5QVz9xCFg
1993/09/15 07:43:33.441586   0Xe27AEHC8Mlaxpan6GdU.xCW6ZBkgUKQONQJyRtIZsHQW5fFK0bJMWaFq4XuAYfpxomUj9I9UkciuJERmlEkf7UqR
1993/02/28 02:43:52    i0kEQLiRXAopJGx81XaCADEyWaF02dJ4LROtGroNj.sW.kp
2022/07/04 19:07:14  BWT 8wtnxIhuNKhYYqJFYJJD8SMLn3Fh3liF326wS1.zyWqu6wZUuJq9wWjTerJa0CuGt21TMXq6C6Ld2
Fri Apr 09 15:56:51  JNoxsgmVIC9X9lGIwYt4Y6FboZj2gPxKav8Pqhn6AYCEdIKyiJxguRGAlYfTgld8oxOf6KCRHF8jZeyDWV1PnJH.hDnOtzG
Tue Jan 26 17:59:45  15D2AK3DVdBAeLPhbXQzf6vt6peMMliNrq j9.inE9V0uNFJKcAAjkAXKh8Mh917zTU6r3AdzHJAvqOWVaoDEeKW
2017/04/08 16:07:48  xFt6V1l1plTYdbwIL37MDaxvf giyntzhi4gjj
2022/06/08 17:44:14.212305 d4reFMfb1Uw56ojcG7g91GI7PLd3Axp8y2e8.6laYiroPZB3uN0vmoR7UgyCgtYBup7A8UnPnuzId
2010/05/08 01:19:13.229610 fHCyuYdTQCvE7uKmxa zxIJ6dx3yvIJrXa4 kNCzfw7073YAJgSiycegQVSwMzYSZ8H5XRUnogAzz.
2005/12/17 03:25:35.310076 id51 IE.6pxED1AIU3gXFaYbRxxOcwNZSGsVl2ae77qRa2
Thu Feb 14 03:19:34 b2HANAOYJ8nFINS4s9hpxKaJYcPaPmj3ZzGY8WdvV2Q2bPJQyzM
2008/09/24 13:58:56    0DTdAz.U3aGmkMB k4XtQgCoY2dSZYGEzvhoKMj jAZlI29
Thu Feb 21 06:18:05 UnexUlImdxlg4 IJmV9lXe
2016/11/05 08:32:04.139727    Qa3HEziYFHG1jiNKpUisOQx7LP0EKdB7VLBZacSf8iGOQD7YR7f9
1994/05/11 21:30:40.506387    kl4UBU.AjFiBJpjr3s.027RLUVoqwG.rEIX5
2013/04/13 09:24:50   F92qbwsVBXPg6DyN7HREXT.hoAJN6TWEfEiYdnjBCUa0kGwwOLya
2006/03/06 01:44:16   ZNe4Jm1Dh96yTOkjMbHELmbcoQ6zI1ZPq9MOJxOStnQNWAHW kXtHPRGsSVLYZZQoaIvrvwtrGti8sI3h9
2019/02/28 22:27:55.473809    RI9LL8F4G9Fr6uAChtrIG4 2hbn
Thu Oct 11 03:44:53 N3 fBIrTFgueIqZD9KLi0jfqsnVqjindPaZyGmqoeGCq21I 2PomEze6Bec8uUen6YadDPHmCaaISpF0Yr.EG TyuTgVGv O3BQi
Sat Feb 10 07:52:45 ouObgt GJE8tfkk5Nz5kV4AG7ZO506r2boLyPMsuvWPEwHowokwgh3LjjchCKZcL4z8072avY39i.hNXsw8rURupyXNVdFglLrs
Sat Jul 04 10:35:49 WinXPnT8te5EDvdaAx11tFfTubToMcQf
2005/09/14 10:14:15  dBU1NL1IcMxwsAywXfyFwf72fJIU guP54BP0ODKfg qR
Sat Sep 26 03:04:18 Rm0hbbTpUnNwB4RsyDwa2j9RRQIPxKukwSZyMrFOJHHHC7OmXyjnydYPx6jTLyoC6sV61lH74ygHx5pPWWCjV8A onL.O8mg
Wed Sep 02 10:50:01    mB7ZLryf tkk7lMGXAhuqY7Iu63oH.S9LV
2002/10/10 05:19:20.26082 WUKwA20I0E59DK1fdUSG9AJq
Wed Feb 10 12:03:50  ftfus4J.maiDfwMfx4AQeZNeL8fttZMp.skWTiZ6lJSd5A99w4YgSqcZrmSHxW
1990/04/10 08:41:13.206099 QhtEe1xlfintZIKy6MTavhlvA CxGKcz5AXqgSwx7mK6Tc3sGHt4ypMAbuDVKDiaqpxt5VsoBlyR1
2017/12/11 03:24:44.487023   kswzONhHXnN8szzpl6o5Wu0lUVcpsKJthY8a3K3AO0HcAk6j1T
1990/02/14 17:09:45 OpWAJvC.IpAygtZPkRYKFcsiz2O2HGrZFY.TyKxd6Q4Fxvu9FeoMpGxJzj2wM.VEVTAr7.HrhhTnd9LY
2009/08/21 21:20:55.678463 av2OXffinnVPHWJd1BJMk.Im LJL1
2008/01/23 15:11:34  rPkpveISlDzMIiNhW8NzTD8hJH1K1DL7AfY0zz Ki5ira9U
Wed Aug 14 03:25:34 k9iJo4Uk9zry.yqCePLMHalNB1
2012/05/06 13:27:05.373209   xqDumCnd6p 5z3IProO434MF82.reaHRj5clbCR1qg
Fri Mar 25 23:31:59  NkAW64uXVwsBdU3mOI4RA80OaX2rmJQo93D4xWb22IXU.FXCPCA26y6uF2k9YGN05zI6GknQayIOyWQqSjN8vg.h
1996/03/03 18:08:34  VDxon42HSGFVWfmOEZk0UxzfXCLW.vu1.9OqJEIWqZyDNo7UetXelizZnexbT6 D5chzfa
Thu Jan 18 06:06:05   mh.tZnUp2dvsIzAd60RRUb4Xsgy
Thu Oct 17 01:23:43     ZZm3fpYrwgwMiCikp.
1990/04/13 11:30:55 WgsefMm6LgVMSQxP2UitX1 UGEdJlV1Aekp4fZV72Tq7.xLbscqhilW69OF6bcd5CIKLVAyN
Fri Jan 23 15:20:31  .Eqki3zG0kgZ0MitK9YiM1DS7VV RGVMSsQJzUEg1RK
2016/12/20 22:39:03.878819    PG.xCyapPI W2o3QsEg7Ybbafz9ZD6Ek5yzDwOG1EJWarJAGXN32G42gU.pIP.V Bl dBBfXii.eV0GyhAIzpXzWk UDNI6 gShM
2004/08/02 23:11:52  aMF1H eD83CTkoD3NAQpaNYU06 XyB03qD7NRF 7Ccipn7aOOSRxl
1997/09/19 08:03:11  mXMuJpAVhxip0Hd6fUxpLhXlM
1990/08/03 09:11:06.806897  qw.cbNBK m2eu419b5w2 igQ aowF5FYfvnP9o4UR5gH69H.nkLbcv1ukQBlxmQihwV85gR9VXR1o3gR D
Fri May 06 16:30:30 DmrpwGld 9h48iqf4 BAiWIEF8wQP
2017/08/22 02:42:38     UlmdlVMEqOotuYFzeSr2wuwJi8jWngT.kG7569daj0O7O02dsUQLX23W
2010/12/07 06:03:13    ZfxEyZuYE3OvqfQVoY 5muOs27TBUtzi7dsK3JLIvR2gvZDHNhO1
1996/03/07 15:29:48.168809  jqQvQUP9slU9d
Wed Mar 18 13:03:11     hMyBsOJIXgvrGzq0dLRRFslTykBjKKeCaB9MoAstXHtJjYuPpvq3h
2004/07/16 20:01:15.341485 ZxliVkw2g3dWSmoMDBqSQxW0yOFdBQwB8t1Ym7Y2Pp0Gk.L9a4Qqha
Mon Feb 14 18:07:57  ARUgvvOBQGPEewv3D6sQ7iQIat7qXL68yWNUKH4PdZL2s7NoQnBK65vX2lL8hT2kpzLkaykP2w4hgnEdod1HvkfJb
1993/02/10 01:50:36.682533     nkleUeyALY1pBnEuDSaxZkf7knglPk1vM
Wed May 21 03:48:36  ysOcFQwvwcPZHvLRctbrmEysBo3RIV f3Dy6k2qNtkkp4qoSovkMLlr8eQdcEzXtu7ggkGNfaLKlSvjhujDoU4pR8VRzSgrN
1999/04/19 14:26:40 IRvl52sJqmlVvKEn7AccrfB7zDs4yPHWLYhckum 8et quPX.z1
Sun Dec 11 14:58:32     pEEkSnIkldN rX.R6fv1K3tb
2006/05/13 21:11:53.371259   RqfvddZVD8FZm11yaprOdN8CTg4eJZFrHQjjTMndlnszwHW3m2oky vQgqzhp5
Sun Aug 26 00:11:13   4L4g2X30kBgBEhTmpJ5ZSm2aX2owM51yqCeHtzEBVjSaFq1iJj
1995/08/12 23:58:22.640786  e.xUz08Ek2MOA0Fw37unFfIfp4CtEWdfLFx2WDJDsWJAMIUOohblZ6QSf07GVadCcbW88n7qCc9ZQPYoWRkWVrTd.q4Ypy
2006/10/02 19:43:57 VgSt.NisQw3MqELVeIBG1e7CpFNbyrSv
Sat Apr 11 22:44:33    RTlCZdBCDNBXjFDjorcmSqIpR.Aobkd7pYtnzhj Ogwzr4s9t
1997/12/13 15:00:35 8KjXPiiMQjcDKEqxhBhZBeNg1BXSckMXcDfriMvuwlbxqb5cuCl
Thu Aug 26 09:09:15  xfewAjeP81LrU2dCozib8oE4t1MWuKF0MMdRm234hZkPAkjl6V0EhB5uocEhYR
Sun Mar 16 07:09:17   Izjhsz3JRm6hNYRPWNL3SqvbWfBupe9LBq4YVLAUQ29ggX.X.6QaQmfcisH
2002/10/06 10:37:10.897993    G.qpHVgsczaIOepk
Sun Jun 24 16:52:25  4cY046kt90bQ4MFetCWdK4FcSGSYzhrTEj.TJY4Y2vy2xgjH s2I.DPEVNNf9MhA1qA7nXrWnissQT9J4
Tue Dec 23 12:04:57   uQ1555Kq UkzhL lEi jeTXhtxR0TE2uc kxq81buDTRyDh 7myF0N3IhM7J9zG0sb62vuBj.P
Sun May 10 10:55:38   yfJMTaAiw9FRbt ISUYcE19EaDcaywB8zVuAjhWD.gxXMZY0qWO9Nfj
Fri Sep 25 03:41:14    s8fBIjY9ro0oqN
1994/06/19 10:32:45.909125   iIj8JzIpJN4vzNFwA3XsVPw51Z675cwOUww0wPVJ gq22roJYYjwtKayUW714sZ5lUsZeX9t9OzoxLD NC75RsY 3UaraOIv2
2017/06/07 17:06:32.553504    d.vACE.pxkD5qStuRqPepBK0w1aRgO1u4nY25w7
Sun Feb 14 16:23:38    IT8UWm0QqzH5RojjOoc7rOmyXx4
Fri Feb 06 20:15:26     fGglugk8 uJPfZz612jBeqHzt4olFHcCXfsHuiNwd7BkO39xDFeLX1ulLIqYQG
Thu Jul 14 23:28:37     OLXh0OKyJEYKsAAaQq0yxBaiDwXQrx8phbiVavJ67CfWQ oxcokuFdvXI6fZAeYWjBlQqAhz7eIh6sAcK04KUmD.g
2003/10/28 16:18:07.607637    01R0KWOW5G65oqlmDoC8EosU4Djec.4wsik4qgB9PJ8jXbdIIFRBn94.gw
Mon Dec 02 08:26:24    719FWcJWR KtCxVY62ZUG 9H
Mon Jan 08 14:14:54  0ST6IJ zq.1fLVBWvUaTPzmMznitJWUL2y0CTXZ06u59C2ajiUonyYRTSvNVAZxXvc0CWu1JPKvjk9pZGaJUNb6062PS
2017/08/16 20:44:30     LWl9TK48yZJp0Jv9bauepNbfqVuyYQPk2NzC9VkBtKF3NeNVNWVMqBNxtEfxzQEqPT3 quw7YqKqUxE4vecXHoisXVqRxwB5JWDI
1993/03/26 19:52:28.207985    v1tWz69YetB Hm a13XVUynHmatAePsVr4SX5FfzcnlcVb7DbN282Et
2015/07/22 00:02:42     z4cR7JfqGnia5AxYS.CQbNEHUCV0s5ASgHeoZEb7HkaPwUAJDjfraCjvPbyRvi9oUJa8SbAPmB3rK37d8p5
2004/09/28 13:58:33.232043   Dmdm4DjU1p0Amne58p.dQ.SGcKu7Tym5wzCl2qSJN1Y7XD uhvBTb
1990/08/11 00:51:41    G62NvwFU945mlH70VdjDRdduHPAE9QcIaWVT m1jMJ96EhCZbnV jiO w5g3kwEqp
2017/11/24 05:21:57     Lj2Oy9DHh90u6C
2005/04/21 08:48:32     cZAJ.OKK4k16i1
Fri Jun 01 05:54:02 b TU7eEyY3tyzljQ7EbBXWE.udqiEDbNrh2FPhHZ 7mR
Sun Jun 08 10:26:47    ScqFStJYTOWY 3XfJOwcnNmKpVBVNyK h0f ZQoA4QTmad9Wkvmtiqcty7QTlm0OE6cjwYj9
Wed Aug 14 02:14:13   Akon.6sPneaL9vPD43nXSPSQ5rGJTXVIvyf6y7oC7uRw
Sun Apr 24 21:32:35     LbtEkbqHGi6WtdaMA62fHPavGZVhnx0KnEqfL3iHS3ltSL5g5XEgVKHtxEsOvqVUWQ268ev71Lo6KWG QGO30IVJ
Fri Dec 20 11:39:00  8O2f.7.K2xSqVD9zNQD8IM3YbGfC3JxfDhadI1Y9KJwBKTtf1oOCX.F
2011/11/24 17:13:34.600066   XeLVR24dAVo7.dZp79ouuIKsfRpc581OQRD8nmzSJlDKmcj.xZ3f01.ilfFh6I uK l3T
2020/05/19 19:28:53.900829    jO7ejsWfbWttUkUFnXJlrt9RHSwuoIqHyceZBGb1LmJdDtmFOKalxfxrOVWTsGz3JgmTqQQ.aphm5zS
2014/02/11 04:06:20      nRsc3iTW8UDk5bnhsSKmLuv7i4HUukV6vZkYkFCUvP8nmYb1mR1gcIfcqJRojnEXJUO
2004/04/04 02:19:27     xUUzIC9vUzX7hoZ61Pv0LtPC818LMeJ4zWcX36GbGd2DbYwK6zskS4U9qoX2WYn0acyC70BqFpqAYWnKkt1ZQzcubj2FYe3I3uQt
2002/12/21 05:37:20  mfWFPUDGezxGBlAFVeflS6VwmAPrJBAP.mNoxPLM4XGBZvZvuX
2012/08/22 19:24:22  9eMZ6A7t.3W44lqKdJDH8P
Sun Sep 23 20:14:13     SFmKXZT LZKc7KEODsAlQgPaVYSVcTsdkJ3wIaUSMEyg5iz6RP ye7ttCOCC2CzPWSgvORN4V9wjNOjYKE
2002/08/09 08:48:18 NpR2EvEFY7zm79FmtkDbzGjxJ67o2jLJvtpiuyKbMtSdZZ90U6aRY.FEv9O
Thu Jun 16 17:34:29   YEIxBucyBEjTHmByEz7RCOAChEiu4R2E fv87JP O53fCvH2B3TVMe
2001/09/21 15:06:30     3Oi7Q2Saq8xKi0R5Xl xxH59SbRBF3irdaWRL0mz5XfC9wTGTlco8iJHVHggIsYMyAiOhNe8mfqOz1XzVu6TW01ZrUnnAi
2001/04/10 23:37:19.51814  XgF8iyB3faCUXoW0ypFezcAEdLzHxQs4S8Ywz9W.eEM7Lb7Il.9HvJKmt7DDPYDClr0RjIiIxenK6yowro4wCbU
1991/02/10 18:39:24.234259    u4EHCq6NaG341fhL0C6ZX.cnPpo5xWSFkyXh5SR7EavIA1N5Xiqjc1860qS6XfcXPRnZ8z4BaH2bh0qN0X
2004/09/23 17:59:44.711353   hbKFvvA8.bcseg.dNpTYDQ3uffQZzmQ9
2018/06/14 13:23:35   gbdrM6c4x5jdTTH9y62l  x36o8gg p5iCP5yOTM7Oozz6edlfhJiTp7g8ogmgbQ21tvb.tCvDRkDwM3SD7z0ByDnnJZ0
1991/07/01 07:02:55     BumTnvfN lowgG SHjCB9DJ8OQ6
Tue Sep 24 01:28:38   gCTz ZXZw2cv026hs0HOwwUtw
Fri Oct 22 11:02:24  CkHM6rrzBqwN SRZr44nFKe2EfpiuHCWmv JpzP
Fri Jun 25 14:20:44  Up.fJrkDsK4xas8yIuH388TY.XWZAfZnw2wX K.tvoumU2
Fri Oct 12 02:01:42  XwGTGrOERcRkC9jLRxeFafXG EoSDNVBrPxYB
2021/09/20 21:26:42  .wPEET7dzzYYqhBHgspVg2fpGH0CIBlh.vb53axdPoN
2008/02/20 21:17:30  twrU.zokeszpYo3WZOD0pGB83a2OJOaETicLk7d18c1by.aiHpbCEuyKpBNP
2011/09/01 04:16:41     Qmv5YRH4TXbjGQY46ToWG1ZD psImrU1YNnwf.bGwei8WQ4plZmMr63BBFv.OGyRCsUByxTi5UBfQd.p9kocvOq978
Wed Nov 27 01:08:35   uazK.WjxAu7blH6GA89vKXOnS
2006/05/01 06:55:16  gfA.CaJLTzoNAW EUTg3OFgs4q5LCO95KqZf0GLu fldcD8Yi hnV.vik6p 745WLeXs.2x0WJT8JwDHvtLbCgOk
2017/06/10 10:17:19 m0ToLOEmBps1RSjUSEs4OwMW9bI2NdWywnVhZ2tXe3C1HzTg8s W53B8LN5
2005/07/14 10:19:17.422248    2VFwErA8nPWO08eK9quc6gZ1id4bpVMs39em 2WoUvG99S
1991/11/01 16:07:31.67212  kpV.hYzXciuWtmo0tmxhzgV leelMJmKKTzZzS5vrJskNeE1jbdPnAisI9AhKzZyMAk7RDmQTP9.UbQJo0mkzkyVF.28
1995/04/23 17:50:42   JTo wNNA0x3iQcqdc8wnD3G UEDL8if1A5fbUbwLZ2ywLZzBZCtA1ZpJ4 2xkH67nR9Itegwws
2007/03/11 11:24:38 6z6z1BA3gAD3OUag9EcPxp0h9q0mvS.NrVDMj2mzhpDJVfrgbdYkU9G
Sat May 06 14:08:45    1sIcsaW08j4OsBbay4iotkkcRIS0tRMGyVwecYXRoI62zrddE
Sat Jan 22 23:31:07     JVDJfVbgHk7ug9zXqxmnjYUjDje tia RJCx GwvYB9yk8pMmVfg3r
1992/06/15 15:10:42 b8V6g.oqEfZ1i9GU4r5P7NGFWR2xQXYTp64uGfcUZdixBn 
Fri Aug 18 01:02:10     MT9yubIJY892lFfPHgeCqT74xOTHeXM0qfqxd2XpBNDO9sI msn7aqZfpehZcg2IKzx62PC7mLIxV6iDDXp
2002/10/10 17:27:03.11182     3SNzyzImlXEBe1I7wt5DgSgUdGNevIjtn FyibvTl8eDQX8M
1990/04/27 15:16:26.717959   Np6VOoPvOC37 h0Y ucdaGAU8c29pVns9cf2YxVHs3
1994/10/20 21:08:44 wQoTN6YCMuhfyEm.NhDHNjNpBs8NPq UERH8DrZXXmC088bmrOz5pabG5M6fbb5
Fri Feb 13 11:09:43     fV49w7zTv09v5 eBTzaEdV.aDoY3PNI
Sun Jan 27 02:47:13     16N6CaVNcmFtjJuw1OTdtirJhYaVnskjxFHYS7cY6oRQACV6BIdk JN3OF
Sat May 10 11:07:14   8fwWjNwe6cX P8akDdLdzHqgYXvd6EMzY tQGiMgHTWYW2apO2S0acvg0jzeUo0rn3U7GVu7TiFAzdQ36tWkH
2013/10/06 20:07:03     1Yda1Ix8uQvznJ1mxhiaVcIymq
Sun Sep 09 09:26:48  cBEbSwHGHzq0xhFGMEc4.XhGHnLqmTuQptY0uSMLZcyvHgnmO3.eUoa2fY29jaB T4QzbqqDLgoU7D.Ug.
Sat Oct 24 00:37:49     KheQOS5RVsoe0mNHp3gXkl0kbnSs..ER
Mon Feb 12 10:41:13     NVAaq.VvXxnLBq0IoD
1993/03/21 22:26:25  YchovdrYzVB2ApqyWxirJ3uzbpyBAVE.LEpn667LqqPC9nqVPurKtDKDYs3
1990/12/17 22:24:49   QUPmhZSsYV997tVeUkyCSlcS4J XDegd VqCcvjgDf9U.w
1993/07/04 05:08:29   QQmT4DoynqlLNBphOfyfUVonCSmfJJDyhhV5JN0qM tHSL
2012/08/08 19:12:06  Gm17fzakgDYF7VmSHi
2006/06/11 07:17:05  fze0d5ZI5ThM0OUU5
Tue Aug 26 16:17:56    trI3vYnN8Lg94g6 kCcHfCPmgKv2vtrX8u5mzjOBikHdZGn52v53
Mon Sep 17 14:09:30     yog3v2ApBY5IeYN
Wed Jan 14 11:53:21  xOZFdxsB4L0IyJzrMbvbqvPNkLXQwI0y3KLkXeXk.GSn JfUzEbi3Jr mcU5.M
Mon Apr 21 02:59:46 nkTBHFkcrSmjcmGlrMcks1dt
Tue Nov 09 13:13:12    BdMQ 4uJxLUUUykbVch
2007/05/15 22:47:29   qjjAQlZx0CoGOFVYbYf1G6ciyRATvBISzpjNVV
Fri Sep 24 04:41:57    jf.M7uNTfn0WqMj9i E7Y9QXk75XsPp9Sd4AQZ5x.NNnqWJdTsy
1991/07/10 16:08:31     FqJtzOY.d39pJ12u sboQC3 bFE891t46npPLIQyG0oi70PK 
Mon Jun 06 02:31:28   9tblvW0xtzknq
2018/06/11 22:08:43.170665   7r9efyoYbAk
2007/02/22 10:19:24     NkdLYgP7JHTTh.ftE2UcD7LZ8MLg 5KZ6yAyl sXZeAktwOZvMOvOlVizEdZKThYuXYRWvjaA58vUFDg03j 9dt
Wed Oct 05 16:24:47     oj9InHW4QHvN3zyhaHtpteVKrldG7Q.P9sqMs
Tue Apr 26 12:17:29   hWatpJFR7SoUNovebm7yfxxxpjknvftlY3 bVpAGYjEcCK1MxkRbWgDE0cJoJNpDTraVXT9i22vMeVmDwm9sX
Sat Dec 06 13:33:39   rcr0 lw7rut
Tue Jun 21 06:09:43    QP9xkrJ36FwViPGiJ
1991/11/16 22:12:46.161799     qtM6sZVpMFdBuV5N3rR9db68UP6 eZ5A0iX6Tj KbjSXZ7j1WUXbULJc70b 6oaR2ro42clsaXFy
2000/04/09 14:43:29  z9JGCZgL..WTMppOGm79223gBZt
1991/03/19 09:08:48    VItWyFg t9kRLEX BQH2wltZRs6maw1bF80kYysJ7kQL
2007/03/18 16:15:08   WX2r2CBYho15UWcssAHVcP91cpFLc6jlOxoB74q63hrs
Tue Nov 09 06:53:13    tMLp058.pzuN73lxu79WXIb0ELwMOA.vvwa8m9PDCMOANLzxLzJKZzziDu2US5vKA1m9
2019/05/28 02:37:50.706042   rNv0.YIl2690.l5y8 Wsc98f9dX3ULVZg0
2017/12/04 22:37:52     svyj5p3EBw
Sun Jun 26 20:00:26  bpmZofxcZG9t8gH4ujvboB0O5ZEzxIbY4oXsCaeK7Ip9 xRTwEF8RHZ6KPy8x6rCZkh Om5XWHsYIhX.SmE4Z3kYY
Wed Feb 15 23:30:02     iQ2hAx8xAhIWBy.a8vC6m3kwfoZQDMH.8fqVwzED2OCxdta4baWPpZVmlzCFZgUa7QVpayPHVmJeXIAgCHDeJWWlwSGLaZZY5w
Sat Feb 13 22:01:57 hiNwC1sLeh3EKbFGrv9xI.TYcywg3KCCdhygVB0Q
2006/02/16 01:50:16.520891   jLgKHCy4AUtoJwcKjGPda0FN2cv0OeNuvu3iVZm51IYHWG23pn8GtIl
Sat Mar 18 07:08:50   0sfxMhEaXNJV4BUqLBZfVcAT6y7HoAEyIhkKleVuLykccjftMJnx0xDbpUuiso FqU
2003/06/09 05:35:06.515988 Cyw3e7R7W7y 3WqDxOh9I.ahWuP4LCvLCWjkpn bQlGSPFqasfsMjejWRvoOZyk9FEPnMpJF
2008/10/11 12:28:07 Z8DsJj9GjQzVeP0hSYv2gxhg5nleGSbjx8bC fNsu4nF
2004/10/05 22:12:06    7iM0qUfwDLC4w gbHt
Thu Jun 26 20:51:12   p hk8JdNVufZFYk2aBFDJVZAIijZ.BbwyND3FpA4Biu 9dFj.OBxBOP6.ydN6meRsA8Cm.u
2013/09/19 13:53:43.589326   CWbLmnIjSgfgEIKkyozh5Mj7 S.5ir5to
2017/05/03 07:19:08.587731     5J32k9GCAb9Y9EbDs4eCRzqGiZwoWHlhQWqmKL1iCq.j4bhh g2vGh72wDOWOZWCUxlG4gVjlC.hZ
2022/12/01 03:16:05     . W7pdNXwbDgC03pKry2dYygpr8o7oKXpBUcmaAQmaxZyqLmXt37
1992/11/16 14:35:23     NUjqUJt EayblvXzjW3fZ6gyo m9bee2kw3dNc6bIGRowL8KVMceEmIpR
1994/06/03 11:12:47.591033   UF1zC9H84KlkQ
2014/03/01 18:35:05.799215  75WOcr483WQXaEA1MY4AufddLMTfan0c3edXRxEVu30W7oHYz1FegIoz8qLkxK1gu.T0CQMLfdgn1e5Zq0sFeD6f30BbgvZCnn
2021/10/09 00:27:29 7HyOURA2tms8erClX6AePwKxjKE6t69K5IFC7b34jqpwCTh
2017/10/23 03:07:48     EDsd851nQ.PA0dN5hW.yONLiy0SY5Cy2RBT1NtEOujeeKhfHzGi3iCgs5D1O7Ec3ev
Mon Nov 09 21:25:59    UR0n4yc9ZEHTGgY0jeX4QnSlk9JRVrGJqGNOE84vHGnG64moNC94j274wZycH9UHsHNHTrAnXGOvrzaoHlJ
1995/01/22 05:38:45    NvRREYsW1 AFKG40PJy75XfUqE3Qve7oGmEy8lJgGW50O1epuC72OmyW98dTvA3cqLHtEQ9n2R4 rty3CKj06184VtyxO3p6
2012/03/15 17:45:04.705361  jWafLzpsDYZ5bpSYjrtJEy30VwDK vgb
Mon Feb 01 04:32:59  XMB2W.WXXdkEFs3K7l
2018/11/07 02:12:31.136667  4eV7jP22u2lVrR3WzXkTy7bKxSzVY35rZMgoFQd7
2001/10/21 04:28:56 4YSThIba5mytlp2OsRo2aAL3Ey1cKkwNMtTFIOQDySrLdIDFKJBS
2019/09/07 07:31:04  iZ9TtJH NBKO.xnBiWc0
Tue Nov 25 21:27:22     ABCyYrVnvLXrZ5YcCCk2416guONENxncU3B8.y2EAuTYNS5KZQJNq
2020/11/10 12:49:32.859834  eiaQjc ruZ5UJFG1NzzbEOBqNYy3ipzbajq
1992/06/19 19:12:43.195778   P7.QYdgfngEE O302nf6ccqE970YkMtbCHmjciu5zLiSZez5yvj
Wed Aug 28 22:56:11 asutHoZC.eUL6Tro10cMcT7Ho1i.vgR6psS FZvAom1smDQ2YMMKBSRPIusEJioZMk7dD02yLGZqTD7KJr
Sun Apr 17 18:30:20 FZn5HNLfCxqfoI4.MTWgpXFd3944u8uyhmvbYB7.xpipEhgW8TyT4Op6IIw 8bZLpSx7NT9
Mon Aug 16 02:38:53   Xk51f4CIDar5S
Tue Sep 27 20:49:54  fe2JijTxsGIluxWJ23lmdSHXxaO SRXgl37a3A5gTq
2015/04/07 06:09:43.115648     ee3zictvB1yplFBAF3CHHN1moKwy qLmvUKrfq9g1WFU1rLPTucYzTlGCAizD ChCbrq6IiOWBmS7TnfHKg
Sun Jun 20 18:59:56    qeoHGiIc9UKuqMFe6Q.lRRloNvto3ive8YJ9crKFjfXiL fn6oDMrkyEFee4vtnn0QInuaHDO2NBSv1d388.2XbzHRXqwH4zF2g
Mon Sep 08 12:20:58     a xJzAwwijoxmomR9wh5kS41uNPDg2kfNSr VxvO 68o0eiSZjuVCsgWAaLekUXdi76jv2hPe
1997/02/05 15:27:22.664925  7hyt7pOeo FRf8GX6eYGM6A.o6.PL9DlfMxeP67hlE.
1994/07/16 22:46:04 1dVUzEpXrJ0Hd2f4Ov8AbO 0hcvyNvOr7mZR7cc6hyYfUou5ZIYRS14ilqLiVAqYwnWlUtTRFt
2017/02/13 13:25:25    RH9BbweV6htIQDb7WUp9d9AVQgpCm944xwx2GmM yNlsD UI7iSmj5X
2017/03/06 12:55:30    TCAGLJUPbCGq6N3pb
2000/01/05 05:53:00    Mgge2EZgSCkGfCzxpffEFZi5M5zKQH3v5cNH8DYoqGATulsS0vTbodQNr5c3v6E3vVKKch7GOR0y9XJ V
Thu Jun 14 07:25:25    y6Cs9OgIfB0K83Z9kWXXhA1ioCHvvl6
1996/12/17 04:51:11.969440    Nui2k5xxBI
2015/10/06 11:13:36.650219   SlOXBIn 4e.E6z4y2pFfqfXjX
2019/03/05 17:16:23   oqcV5w HmYi1NqADqWJEeQ.L43gy7UBUmFBMUgh7HIs3ixiVzViPCtAGcRCnIp9rcinTPhn6iOvDs3jrJrmHUtSpAPn99pFiB
Tue May 02 01:46:57     ncCvLIVF.VjXEC7ZcT JjpUVg6T2QLDMpuCHVjNDWpeIUtZWO87h9QMQvUMEYow7se7Wy35KV6.CvkoDNxVPS6IQFkmu
2008/03/19 03:49:57.203160     Vi1T1BPpYb4VW1aO1DrVCv568LbbDalMy1c7G2Q9WoHZUvMQy1txziHiMa.NBbsBiiC
2000/12/14 16:36:26     vKnMiHbp8luD9MAcRB0QNQkUExGu
1991/09/09 01:53:05.821490    9uVEvV7gHFt27093otwesqoLeLFTlwrdptv SRL0DHsxGeNmCkTxJzMMRoTjoTyCJabqRoyQ83zSqVdK2RaGc
1995/06/10 10:53:04.425424 ty3bpaqe4V0WdQXVE7WWMpCo.yt9Q9k3mi7et
2002/12/15 08:42:01.566720   URQs 7LFobLQ qVIZ5cheQ7FK9KfkjqiRgXOYvZYXNkFfvDbaxGrmhGMGZc2zIjIBHH55lNFTPuaJWD yfYuj
2015/07/02 06:31:09 J wDBIT7Ctwd7cflm30NZPw2uFms64f5K5.fZfzuRuE4O72aX7vsqkcilifXhLV IvNYog8 Fc1meF7jZNMuoD6 AJWsB5wZSar9
Tue Feb 03 08:59:40   gp6gVjMf6p9m5NtPP5wTcthoy.01bvbaq11P7fwkTKpHeOa.2.dFB
2003/06/01 03:34:43 TyKs17LD1 B1k4a79BsNEcd1CdMQvGZYf6hcvIs9gu7h.7VwxbkEAGKiV6O
Fri Feb 06 02:35:07    RIWU8IZTih2QBhq2FWhlr3YUDICOdjo57h7y8h64l sh82YluAowXk8Xu7eP22djjCkFSPjW
1996/07/23 02:20:50.512065     mvcfWMmVGtQuL2 HoZIOcqqI1sy hTZC1nDs0boiNwMkrzNF6mo5Gx7JrXTU0zrNmIKML7qMr9p4dYwFgHDuMVrgkkL
2006/10/17 01:51:26.987444   vGod53 zZikeRBBMeYejLZFVdB.qwJGGXrHClpML VwSLYfHCTlqQUz2
2012/06/07 16:06:19   ZMWujaLEIXRD JgZD5h6XxIhxBYcqvqON6erFovC0cxu6xkiizjyMpHKkhvlL3U7S9qdwBc0iMFS9swa3 gB
2014/09/23 16:39:39 xb1tIeS7GUlEN72Im7oHF86M86ngIE
2009/07/09 03:02:56.559706     i2d97HXP8lcc4hPUMwePpYsc4kDtOenvw0H1cXodg8wZYOQfyV4ttze6nEgG1nxswDZpHIEhj8lskLp.A
Sat Jun 22 02:27:57   6rhUZ2hiWqAHfmtbM8lCOatLo5dEjP2ooD49tmX5ldPmt5GwIhAkJGq8vpW J6Tx1A8lENk
1991/02/12 16:52:14.959049    y6w4cxtlJq1w
2018/01/22 14:25:24 cPDvzgNCSLQF.
Sat Sep 24 18:10:16    rMTm4N9j LZM6b.2olXYw UoYn0K
2018/01/07 21:56:41.62022  zAww588gYi1c22m1a8MxwrIsIih5bInzvcAJc8Wi2Cs4ay6tBwH DQvRe3edwS1jXFUt4N2O3vjX18l7bsYYTN
2013/04/20 18:36:10 0VwtjywmxeIvAvW8VG4MU.OM.oWm
Fri Jun 28 01:33:40     lzQTZ8pzgZfph7mdif0VUFQxSjkWxPz8gOqu.gh5qL4RQtzHrWqdtRDd05sRfkoSwxrfNF1bdiNVBqT6tOU4Ha3PfJeeyShVRc
Thu Feb 22 17:02:22    1lwg5fhYQDr8OqEkj4Ig5cegFBFJ5oQZ2irVBfPfsaSw1yQapQ4p5pcnIqlIcmQG2eTOMvHuJ bvXO4TsxBVjT4eyv4jlq5
Mon Sep 21 07:40:25     KPy1glbEWgzX kk1pIKH9D2
Fri Jan 13 19:15:24   9TQ4RyNkLC9OxBheFiIQCSvH2jeZHkhToGvy.rGWrsGohxpnFOX.7wGq6gSh
Sun Aug 15 00:22:19  1FZiJCgVPU5jmWYb3vJPEZCWifn3mgbbpY66m 7018PgklApJ1SISrPpdWXkjghCu97zwKyHBKnQxeD2FWShK q7iM
Mon Apr 20 07:34:55   yTEovKk q7JHkfXwKAS1M91cQau97p01Sgdk2ZyCNlCytkY52zn95QuDHMFLEOCp3iBTWnX.zhLx5vw1FqBSFLRs1INX.idZd
2013/10/14 02:19:29 og xqFxCaebZ01yq8aGIczH
Sat Feb 04 06:43:53     eOOcOHIKga TZyF.gIzvb1oSOY
Sun Feb 25 12:00:17 gCt7YS8PKOikDyEg5U4r
