Fri Dec 10 13:24:40  YZwJ4plyINC0TrB26XYzBlfRZ.LsSBQBzjPVGO1YWHtvmYExiA puq 2BorYK9mTRSfSbNUPo6idoOC5o3ZWWsg62CX
Dec 10 13:24:40  YZwJ4plyINC0TrB26XYzBlfRZ.LsSBQBzjPVGO1YWHtvmYExiA puq 2BorYK9mTRSfSbNUPo6idoOC5o3ZWWsg62CX
Wed Jun 20 17:29:43     U3ZyjJMypF4Y56WyH541D TmKq
Wed Feb 25 21:14:00 4ZDVcOgOglmJx0  10x6z5P1hKymhA0I2ojZD3s8T2xOE3 mQ0wiR2xbMvKVJ
2010/10/03 17:16:48 8x95Dwa7THAwd47gJPEd1 Y4pRkMe.4exSGHJ9b6Hw AQaLyyvwEOn
Sat May 11 22:45:02  u1tkUQqggidK3wK0GwjdeJb6q24wPOC5dj5PgJllo
2004/10/01 05:31:35.32302     Q.CXCAJQKDWxtN
2017/01/21 05:03:54   qgzZVUxLUduUqBT.qlbOvqjqjEpNOI8gj3ZqyVPzVrwzZmHe6JYKJtgvXHAo7QP30O
2011/03/24 21:17:07     DpyZXR rUElNx4czdESH2vnbePkDEp euR7Yj6KcPeMAF2DvzXVhrsHWR57x5J5qxf0JrAMthOAX
1999/01/22 05:56:18     qO7eq0DwwkB6B8AZwT4JFmhfvR5l129LPGM8trCK.RIn7n6NIms49SzpENgAANG5NAWyvhLiauNxg aq
Tue Sep 08 23:07:45 76.8.780Tlwl1JiAQwBSpAawo674S X0Q1h8xfea7fXsuIsHAQZXlUjgsWZxopsnzZeiPOnMEXR1pmPh57d1drffvmde01A Nu
2012/03/08 09:00:06  5vn3wT3SydtL9YRl1PxU26s9IEWwDNh 5jVXD.Rb1lEfI SbRfWqfOSL78P1WhOtANaFHQw2N4dS.rO
Wed Mar 14 16:06:14  6wn4BBlFJwcDkN71040u..62JWR9zwnQHOEKz111qA87XLoQSqQQwpTcdciSd
Sat Jun 10 16:57:43    O 3VWyQtCar3LUohgkSIfPFeNDYfyQq7yVBhhOTUMcEKcYlBgX1tGVQX eoirxw8gx3URecKgX4hRrzLiOr
2019/08/20 21:40:26   5wZgr27JH GV7mWD0xJ0x2kdUKr2wiJfL8cNhDDFvzO53I1A2OC4OjljD6zVfZwIzzMEvnn59nghZUOIE5uHEIamtkU
Fri Oct 27 01:50:29    NEEzSjYksMHALgHPlRmbUiWSF0rGUg8gxaXZzgQL.a0MDoylGe2Aq6cIYdNkc1lpmcMJ
1994/06/02 20:43:55   X14L9SfIioEy2A4qh44ZH8dxmwiqUnx137nJ
Fri Aug 26 03:36:49 Dga.tTjg.UQnteyJ.Up8Nn5KCNz5O3jaDdW9zeEB8QQvT7KQzVLkA9YwpanG4XmziiD.yE4v7DyQRcOE.4laDCdFIhAHf3
Fri Dec 15 21:23:22     PxwSCoLiQhpJT0XXwrY
2003/02/16 23:25:30    eJ8q7w.tV8ygJseDBgzt9frvZYWnB 6HNDtxr8WnIU7AkbpWU7UMiWagCHxC2ROoiMjIyfYwxwK7vEJtmjEKVle
Wed May 24 08:27:54    Iywv7I23LQ2p3sES 6yqSq9tnUH13D0pnBIFMALk
Mon May 27 04:22:10   ZgrWePcEwnbTxuK49cdEYdIxJoBJxKX094QS0an1Cv5x51EcjhUKukzx12b7BrTlHJsrYvLLNBZbtl7.f64PA2sl3DiSY.D3
Fri Apr 09 06:16:48 422un7IEpac5hJoOOH34WPQIk4Retw eBTe15BbUr42FjWRxmwKagp4eyD5e7ebU
Tue Feb 27 01:30:16    hj39Q.ThLxq4RbnE8St13AzSGscCYivkU0E8GK7l9NP1B
2002/01/21 17:18:14    XiR2G6.OHAzNxSAn1gCucvrwks6Lz1yEnjCTC88pgiA6VqmT9ghX0VXNFHHEuqG3gkr 2Xoxg.MiTT4u9qVYn
Mon Apr 23 18:05:24   uJQE1Gx0sErshUvVRkswCiUoZGI1IV2FNsvf9eBsq622iujEnMq
Tue May 27 00:16:33    MGLHvb8KTclOdu1Oev4BEU.1PFyOHdocga7olyBeU681O4OLIqZShShvHEECL4OiQGGX2QH.3TaPitaJsbCt6uQePDqgGi1
2013/03/04 18:42:07     dTMRPSOXx7Sj
2016/02/09 01:01:52  XmaTdsHz pGYBNXZZplSf
1995/10/16 11:05:57.933565     CHxEYegfQXo C1XZl.7z2Y
2009/01/08 14:05:18   Eb0mAwjFDDHCPo6R.WBgIAFV0x
Sat Sep 14 04:55:09  XCpgAN OU.Pk6jswk0TJV8FouKJZPRd9oKidTP0Qh3JRd0owi4WA.MiyRtr
Sat Sep 02 02:15:11     TPdoh6Zd6787FE9KCFhG1lU7UXX3jKkTqf H7rxJWvjFQW
2002/12/26 03:58:11.901840 L6fVXeiFewdqLnrZTQdIDvTOQNgRGS77nZjJkdcz0uGPknPa3G43yBvSe
2004/08/07 02:11:14.283674     gtJIpTrPY4iCchPxh017  qhC7d8
1995/02/05 03:58:14.726792 h6orFR0HGaurYXBluZ891g2yOTCwkXVYFJKtllCFh3gm5c87BIuePQc9SooSeJI0u92eYQHwq3xe
Fri Jul 18 23:18:48    3grAImYj..8jKAzaXA5UVyPekF6lbIovv0yaKFbeY yFY
Tue Aug 22 05:26:45     bdGGglJie59evQY9vNPvH3KlAc6dCDJJWd2L3EW.fQllfiwbojlx8vSK4wKz54u ZTGtiR7reuepaFgi
2019/11/20 08:47:15.678274  5T31s4HfXtPejOtP
Mon Jul 20 12:29:24   xTCc7NALXwxh9um6EN7mDMw6u3SKdkf1yL
2011/10/21 23:56:48.807101     NPvkrg U LF5IBY6vn8qyMniEnIXYAqf2It hpVMifz5ESMGwANDhVlgRThraKuOYKUL  irH7
Sun Apr 13 23:40:23    fX1LqarN.gg8PBVvdyfYzI9b
Sun Oct 19 08:18:46 x8xsUaPceT1Ge6R9r6 KKaWS9FKrNmY1EGAA7NzQuFKbG
1994/09/04 19:31:52    UC W6sDxEMvux8 ciztFgUgsvkWOOHOS4qe1fG.M8cDktHTIEdXYOam.E5blG.uzAGpmzrG  BSNgdTECxe wSLYeXggkK9h
2003/05/18 19:58:13.936339   bw2Xyt1JICFc8f.4UDU3COvuenT5zdNZ4jWUSEDVwdpC7jRm4adr qaEEkmvT2w9iy1I2uOdeupORl
2006/08/20 19:12:09.736372     zPB9IL6Bx41LfEcAC.2XXcajq
Wed May 26 00:15:01  FMeTaYCFJ5WexUOPFODMFg0UBnlgiDiadEpngZNDs9wCWsoqe7mvHfEETJdhqU0T yP2YH bW8ELYretfETCdgrADj6pm
Thu Dec 20 11:54:02    Pd3rd SDBU0ajRzKDAdQ6f4tGzpkz5Bj1MZcgdRI84 bPIbF2CtRyLPgXTwSXf5k3aCyYXrfTNa4ZpvXn
2020/02/20 10:45:05  n2 ZNt.e2ruhp4iYsoctrPTVzrrHxnUPy3kcKtqGimJBkr26uLwlpl111616ZTN6e34DpLBNhdYGG9XocraOK3N
Sat Oct 05 01:25:53    CPjDjS5Dvx5kJyPscnUXE2HiXQQgJTNXqLhnb 1NZbrYa6R3jI
Sun Feb 10 13:49:29   Hd8NnSUhAw4okDj
Fri Feb 25 03:15:17    NaXPTuXS7KP0jD1fT6WeFnPeBJuhH5XOSGhKhKijUU8W6ll5l X2wgO4
2014/01/25 08:30:26  ne.mBp0kPy91ohPkvJ3Rxxs000rYEOWSSUA0zbYvobpI0UY5XTZWmt.o41t4ZugzGq
Sun Oct 16 17:29:36    B3IXn7DE5yTj7.SmE0krVdSzz2f3WTUXnvaR5jPzwIHI7T2zJqD
2013/12/21 12:03:42    kTUkoqYrB5 1B3gk0Qj.UlSFHMS9NEi 5RpplMRUHmt wc162ls4zzH8hYg6 qJAjuOKnQP4 VsL7XKtUhmw0
Mon May 04 09:31:24   EsxeGEmkZMno9aM1iUlhMPRBwOTBZK3jT7N.7T0Q12IjJVC5FMJc1BKqga9AalbCfhNxV lOvLBn
2009/12/27 03:16:52 UhPonXBZ PrLSkAAg41UgCjWYe9R5H
2013/04/24 15:01:25.751474    v4oR VqsAj1uMVgKtpiXZXMjw9UZ
2001/11/17 11:15:22.881563  joRSoSJ6aLrEVfGLZ8 ay4xVZ6mgXjkRMf t1naj KlbcJnEfQSXu.2GX0vg6VdGL2O.mySCarRO2AF4ssD7
2014/04/22 01:33:33   komgTHkVow9hflH8PEVkAFH63wRZA6uWp wOBEXi4GaXozzVdlUbwMjuMpDpr91T2RwpD.Y
1993/03/23 11:32:57.720714    WCnb5W9pRfhgTx8Y0q7eu37Pp4WuWdUUMWsQ2hk84AZqYMdLCRrt5FtpKD4OAKS4qDbQKx.JEomeUwxycvamD mwF
1994/07/23 05:57:46   sTbe4sjrzaX 6hFsbh
Mon Apr 02 05:17:05 4vlmTDz8o4h6T27ywiPyMWzR
2011/01/16 03:32:00.27131     JD0mk5hOPadIIGQ6H.Ls
Sun Jul 08 11:12:58    fw.RHdU8uCnp9FtsLKONbeCvuws5haTy
Wed Aug 17 17:24:13   4xHVO1RBNdaEY6nVrH U82HL
Sun Nov 26 04:53:59    QzqY.t3EH99i2wYaa GkQmGur4QdXCDoMBVtFgAt8ciU X9dMJXEPihb9 QbYPcNVsagchkPWNPxYXxOTyemk7lWV
1994/01/01 15:55:37   yQSpU5sgYln
2018/08/11 00:55:54    qNf4RhSPYcPdOC51Jt4 dKIEkXzEKveOr ht2UkG189YUnyZNTa74yWF79HfYu8diEbR03w2ABK3MOrK49asUAlV
Mon Jul 22 04:02:09   xxmCTyGK6UuYTewe9hfng8Y
Sat Nov 25 06:50:54   d6fKVX7U4r3YJ9WbQMJZ5f
Sat Aug 25 03:16:30  5nmH304Tj5Z5Etpc6ENvc9HUuPFBv3tTks2cIBCIf nLoGCwzLZ
Fri Apr 23 12:56:28 SGG0ONGngSdlYmAgE8nQlZ6.mR  ZxddD7WbKm.8tP6qObSXlPGlwcrryJ0O1.ufyRu9NEO
Mon Apr 22 02:24:23    L.vX3YDMm7acXAYwrlKFw0C LsfhQh.W3mDyv4R6jb6mcUgiu i8Sms4WBL63ero0NCG0c4AJ4iLMi7YtTarYgOBWgymTuKHho8
Thu Dec 11 01:31:59    zfVmH11 aT.pxZRpJEBgVFmG0qo6KVht3FhRS0icGiOojJHCAqxTQLnaMRHQkfPua97idyL kY SfI8Jdrm4msQZGvbyz
Mon Apr 02 11:16:35    diao0z7vGLwiY1Upvz8JEd7qDDODiYtfBPSdGtkH0BsMhLJKTmbDe08hoaoOrP9sa.1.SCQxueVN1edneNgJK
2008/12/03 12:13:15.399598 ntAO0PUPuo5fKANoudfkch89JfNUynTV4qHqwlnS42fkybeHbwbDgi9 UN2nvgdQBJVBUJ9GFyHkG3fuEnrmup0Fk
Sat Feb 12 17:44:28    ojripBmxax8xsCzF4sB2CEIqZRR9
1996/06/20 17:42:37     t8BD04.4yCPJI8VTvPfdavbgy4yRfBAqj4wPLna 06SVRykOmCr
Thu Jan 24 05:17:58    fgruCIwzRk92awPRfxsRbigUBGM9watnZ5wuj38osCu3s
Tue May 22 05:08:39   NyJrFuUk1IhAMvYwfeR.4eVoryEoUzgdi9QXijIvLL.QyRWTQIiL.K09ORkUsJy.PhzaVRsQd562CNeakhloxsraTRMgG84GYk
Tue Apr 05 01:27:57   yFFfumEHUIcLCxRGi 2Qbw90ivfhf0ILznzT7.Df4AvQCPHWt3s50HzG9a8MdfNEAwIPp8cEQJvkFXqyiaRGf3xvePjj
Sun Nov 19 12:48:13  JCTYjarr5fh1KkrIW4vDd1RJwKhVIyH7QbNH
2003/02/21 22:22:57   JYe3qr4ezJ83GNQbiy2u1D5yiIQ
1994/07/10 05:57:41 iulwEyUs7UjHK6.UQrvNoS29Wf.hRlfBiISF5tlJOmW5lSLcrfYoC s
2022/12/02 09:42:45  3qYinyswJwK9WAj3UsZAGNnRQNmjlsLlQ
2013/02/17 14:21:24.730277 k7JnGfe0NvrX7nLLbVcc5K1AqW5
2017/09/10 13:10:04     BqK5VWT9Y4l1bCj2eCfqyafxoTwlJBv959E.W0N0SF31R8n4ueJEgMuQQCBpYFV3XtUpVQJ5rOVIoQQ7Vcpxlc.9
Sun Feb 14 11:59:48     XfgZl6WEewFBiAPRw
1995/01/01 11:01:21.458314  3kl6 epg0IGxlDj6YSgjn14pUJAm4bckuY9UzMqeUwAbzx8
2000/05/09 23:34:14.674659  urVbKJzXDa1psc4hCyzkyj0cKmcNklqsF63xORY6TqaYYxsx
2022/09/03 04:28:11.650070     oN0CCaQcz17dWK5uzKgHMKiID6iNvL75BDdyd14YyLxDLj YQaBS
Fri Jul 19 10:09:54   08B1EYdjQXrg HthantQllFkCWWtKnMK
2001/01/28 09:55:03.958068   krUSut5mDv1KHAj
2004/06/28 01:11:27   PQkZqdRcMfKVB4LE
Sun Jul 07 13:09:16    .WFaPh5T1ldcC.S5ePv84RCYdZ.eeudRr.kPYVgZprNmI8Deh4bk9nyOWVQeuH.JdVyVM7zX6WBUwm67d.9xq
2019/07/12 13:04:41.643759 EfChMIYo7.hJ.tZ6CtY tzPVKWMZj.LSFu4I8bg
Tue Dec 27 00:30:20 rtyaOQinHPOQ2gy471Pw
2014/11/14 10:02:08.871001     d631FDcP0LjJG3fFIzNvWhk2X0n8ALQEQYtEvzwozIbd.9Vghp69jyqAKhgHl
Wed Sep 26 20:20:53    KUhIkKmufCyhKMgK8MSyIaj9VIXwbw2AB1QMhNWgMVAnYObQyFMdILdc6EtTnG1bljbddPvg5.qUEsBJJRbJ2u69ovPNjnpp TCC
Fri May 19 11:17:51     IWP8q2iGr8cwDMj5IrArEDSPUh7x4EXaqnmTh.KiuwHtl6OvZb8CQG8hoxw9QdZ
Tue May 19 20:28:20    cJa4rgFsiu8yQBhKD9
Thu Dec 07 00:24:38     u41WUQJpilZHX90Yj4nApftsJNs4MhtUgQsyw9JqBIwRrMYgfMMzjMdVFU tyz3AvlKDJN13IfQFGfdjuRA9bI v
2008/05/18 00:14:37.507182     nXTBftn037sXLK.EMKQPUavoDJxTrRtmEjCA6OyVGnv.LpBJcOKJ BxGjK2XDRlij BAvXoZB
Tue Nov 06 02:28:39    gDT6wHYU9.6MB3 OmzgM.bNHuRHl4
1999/09/23 18:21:33     IfU3t0syVaFv83U0ScipvQvrllwiVf86LQTAVLQEKkVKwvdhpdfQJxMeMH1DklQt7oq6TVZr9ZJ
2011/03/26 17:44:34 qNfli9G fFFbPktw0lfR.xvidxHlHZP5srzxLDeBjT1zk2okUNU14b2AcGo
Thu Apr 08 07:22:02    yGd .7fasg
Wed Jan 05 21:54:40     Se62tSW.x6jflFX0BJ7jnuKAeR2TXfI9EJCE3w
2017/10/16 14:30:13    jOGAlVeu0tTp7bEUmTIiQAkcgozQG
2001/12/16 18:40:33.887726   owWMjUqAddTqXfTIYEft8.PeJE74egjQKxzKLPF6 pEllNokVD2VXi9p0wjNUWO4vdHSR0T.2T4og7VNq.1CvYa7dZ6 sB0VH
Fri Oct 24 01:07:21  An P09AF9UXuH5aLNMqmfO2XrCnMOR0 naHtg RP7L2UspQAUXeh3CQJF6WTffh
Sat Feb 15 11:19:20   lrL0cJGvCUlisDrDajqE
Fri Jul 24 15:05:52 6 XDTlls0q77irOToWo71q7XwzAVKNrs2Ynpi.ptowFM F2xKbyZEi6JJHzUepwvXgwWuJ
Thu Aug 12 15:40:36   Ta2CirHlyl5C fq9.ZI7BtgHRR91jeJB4wjOhAbxFnrm24fvUwrakNDGpMyBzDiyrv96wSjRUESg.Al1fRNCds
Wed Dec 17 02:07:02 k1YNxLiFK8sM0Bisc0q.81WJrXQU4R1uUG8JogPn2xhty6MgjiJvjak e
Tue Nov 15 23:26:01 ci2QDMzLdKh7lSizpkGm
Sun Jan 18 06:51:10 Bd4 L09OnEaaDOVJ8M0LNeOrgxOXl4KAEmcIIAi4NAoPkwhjYiGqJ4NdbW3XuJaaliR.6
2008/06/06 07:13:31     PtG9YsjN9.X5kRO2YkGK87HxkKpVV1Rk3MTO9b
2004/12/25 01:34:15.309985  ayfDXUshRe8q0n.Q51D7ZUSWp06aUZzhXdinLeQDVLMcRH6codmYbXXXmqzSRWZ9WbQqXEzZOQoGVJV
Sat May 15 17:09:57  eLfuug859HMUIE8hrDn2KLA xsyqb9w7kphKnmhpgqC.7UbGPJGDlF91vahEAE0
Wed Mar 25 18:34:42     dVsx8jvY5B5ka
Thu Sep 23 05:24:49    l2pIZGs8Q6bs3wXpe.3UuFG2r0tdwrO5gR.qrzNIUQRdonr8BLQ1Dt
Wed Feb 17 16:04:47     aZwbhNgkD4rpf6ipit9gYbrYhEsfV7ApjQh 6.3 jOHP0g1igO7MghN8rQAIaJ.UEfLEoqU76G93.gm8eoFuN
Mon Nov 17 11:36:40      ygGSnqhB.8Au9744hsbp26Ma9ux O2kKUCYHCNR
1996/08/04 08:41:20.643108 fzSECrJLLzw7zv1DI.azSfI9CP8irbRkPWEtxYltlBwUm8IhXbBLJylYXliUw.k.u9Xn2f xepargZRpL6kS.dSAxksZugh
2013/12/12 19:14:40.774684     0Lonqam9hPAVCKnBJKVwUaVij3DKwskDF3nGzMyqMlvPvpC9JiUDyKkxhOm
2022/02/23 10:59:38.642607  YJLj2miT15rhENcJRFGdt2kMXNKY
1995/08/09 13:16:34 Phc8fcexAqiCZEp3ZdFetIihRyDhIWXFYmwMI2nBGPUORhyoZB
Sat Jul 10 01:44:52    7TxwjTtvphlG.5
Sun Dec 09 19:23:18     erfm1rC9JFZVND4QzqyRw1SNg2tzipmqT38SEfG3VpYNCsjHHoOlqYwnNfhhiQyFHVPrEnl2M
Tue Nov 12 18:12:04   xXSNk7yicjpO.zraYBoIXVfyv6J3.jI2XXTxAcMQ1Kj7SmCPz3Y1fe jWukC0trI
Sun Dec 08 18:32:27   BvaOhInApYoH3.rHCrFWOG6wi9W9e1YxZJ3ofqWkNXYbP7WXNz7s5A9tZK4cc39PaPAJPznRILgJ9G DplYc
1990/12/27 00:10:05    qgfro7HrfbQI4ytV9uUPbBfo01mpVvjSn62hf
2006/09/03 07:08:15   6p94fmrw1YMkMa0tq5VPNXihNCal5Po9rXtzmR.2AbbAdFFm3Ot12ywLYg21J.fkdixQPDzzTgpxRzOEFk57f
Mon Jun 02 10:05:47     PlaxViT032ICDsEKRu2UCRdMCuaydZA2bPuTV5vzNAOfhXrnFBjijEPq5UhfMkUzpAHhVFMol VN2kMCiV4
Wed May 26 14:33:25  r 1h25l8tgLxuVWU
Mon Nov 13 18:53:15  YDhS4d6io3sRzoe90BY9AG8aKxa77KhGH.3 w V1n6obFVjdxLmrAIZ1
2008/04/09 05:01:41.563954 IIEIYyar79J2dNCh EVsxsTaUq3g3lRkfos3pnVnGVazMLUczvgAKkh cd6JMEWl7Qed
Wed Aug 21 00:40:15  y9XzAtOZVtERAvZOJsoBT61ea
Sat May 24 14:08:26  kYdSy80PCRoAIx76KB43Ye
1993/09/06 11:57:32.54853    sEsdImmWVvvoMkWsBWrUuGXrW3R3hqzLs DCS2fGxF4.R9LsGnpQqCYxRGByk5EUuapCrZYVkCdIMCFgcrjk.
1995/10/21 16:02:44 vz8Zq9RMXqjf
2008/01/12 20:03:03.416437 ciOm5ozAdjT2 7maBKAz0q7ESA0bcNt6d4FguqdnATX6Fl.lR.2564HYBFKADbpZOP
2008/07/08 15:03:26    tO4JCVgZ4doDPsv4aWItsceLV6dXx6AZGlID3hMJeqrcz.nqDFAPG
2011/10/04 10:47:19     jkDLR8BdU1rqy5DtHvZP7La1WbWQ1bIX2eOhpxZXQGs0d7hDgasYSAV.dCC7 sjJpoC7mjlL7GS.pF
Tue Sep 14 18:27:56 aDwTlQzKOMeFtxgtlSphlzmVwR90yLCGr.8BhDdu5hr1EsbF2BTRu48
1990/07/03 06:39:28.500100  UddbIYTWO .dezxGI6v19KsZRBsGrLPN7RzOQS8kF35B oWjVlgJemw rtMrJ 32mAlngbpZ4ikGXmdccUsH
2011/05/05 04:30:12.356500  rH8GHyWbSM.M7IMubxKcBCW5VN6
2002/01/03 15:24:25.485160    bOjON1KlfWSFvhUAn6I8Nxt.GCiXh1pRzIYGhjLijOgK26
Mon Apr 09 10:11:47   21CjjNjyjQIcBZfeQ.OA sXPu.sxmaL4uDmjcdmdnLUOI1Xv vY1m
1991/11/03 16:14:03.491768     BRboUCImnbHtTlubRkHXfyeHXWhLU0b0 K2070NS3pzePQ
Wed Apr 28 03:55:50     OB5Tm.mMsbWStSzhogeaEPBnHsV3X97g7hpn.yoK99aRz aLdKJ7dHJ1Feo0lFQTpZLkzRR7l5DSsYeyJNobQ8Y30B
Sun Apr 27 17:24:47 AV2bhzUgRNuatDTjf9Zt9uXd8JGSRdr.q59
2006/11/20 11:19:50  g86F6rr2mSng8SvcRH4lea0PDwRdxTQRYUYbpaFvjVMw1R
Wed Jun 08 04:40:47  xYtRg57ZkNUmBLXLH3GbVtJYv53c0cG0XbSDiEe45mkQEM3bptmEOjT.lnreQadueE
1998/06/04 16:56:09  h8 apkDBDoN2jNwiOsVA95id8Kk3.9y
Sun Oct 09 02:10:29    EyHavKu9f0JNpC12EsbmAX0qNl0B.Azo AwwHNpDJPgEm PtvMdIPYj07lvDi
2018/12/08 10:03:16.154000   oQib2tJi8eYH7RfLPog4tGlSAWqiH32lleMG1kcd
2009/04/28 10:30:46 apFO4U3QiBilolGJRv.FkNpexQwMDB
Wed Apr 22 02:55:57   FqC8epIhYYyFUE
1996/08/01 03:24:30    F6Xa83sD9x2aYs0hEowIKBwTrrUIPUDEW6PVOr.FAMY676TfjSI3MhONVolkMVdBgs81H9M7Pse RL4hoVSqt0CUsqZko5vGzZC
Sun Jun 01 02:11:52    URDDwWygt36VEACrn3.sMZE6MtZTJqnRfq8
1995/07/10 07:49:07.452736    EcNaSGLwTDp5FouFyPk0vosFpvizvRG8dWeZnlC. CXzWWnuhNQE0Yb1fadLdfgepRw3tKQgUPQT8L.p
2010/06/10 13:22:37.960081     PNlmC.bD583wJaz.BUGBnpSV6S0OCzEm
1992/03/25 05:41:11 yCAie2CgZT307BR5vuVTzRNbg2l2q8qqqwd7g3t078Qwpbhp5YIkNetNNywOKGsyZ70hgUJBSorr4bksXr9D0y.HGsS
Tue Mar 09 23:22:17     vd.YX9W6p5C4HQ.ojpjx0Q.ssovwxz.T4aTRcKGTS6EDjKeFo5GerFRAAAh7KS0xZhESk
Fri Nov 04 04:03:37  AOGsL7eqS1K3kJZnzgkr1PUVgIwcZcObgwBLdpw JfJ6Eb.a NwkXVgsWNlz
Tue Apr 27 09:44:39     VKzfR0yqH1 EhaBWxz8KLnSFVFium7gxxN2 R8uUQ4I9v9rhWZ4eyTF1yeDaDAv5mtSc7RPVg137XGq9skyT1LQgg8V7N.2hOT
1996/03/26 14:08:34  3x6EuWTkiQqqkE7wwod146nahMrM 91zfRD4v09wdnmtyQ60IdjKN0EPu1BGNi5vFZZ7YC
Sun Dec 08 23:48:08   Ap52qhJRv0fDmYbD.6ZJ7Q6HzmNawkFD.2d4WIx1.ZHT uMR20RB5SLLmBxD
Fri Jun 13 08:26:28     Tffko2DFhkuw7XF
Sun Mar 03 15:06:22     RuWRm8nMuUln
2009/01/20 13:46:34  2UOteI6fJDMuaM5mMCRjgRK9i5BnTndnmWZLZOUzM6r0p2NJOGjc38jBqU2mWb 9AESHTI71qz4e2.7isluACOozKEZRpXaw0eK
2001/02/01 16:11:58.20996 EQV1fDRVDq9bvAdomQFmAYq5gOzOwxqfA2kLynvqB
Tue Mar 15 11:52:59     k0lhADEhktpqp54cnbiJ1G514HzesDLRudED.5gERIcCT04iwStB4IyLX9WXwt.Eh0sG 2fRK1.5Y0m
Thu Nov 27 05:59:33 gZ9uA1povzKOjHUn9EqSyAfpPoZkCcdeG4VxIE
Mon Jan 20 17:26:28   l5VKCZj8mAJG3jqUN1Wovt4fTqMP.nv2ctfA7s29
2007/10/18 07:37:38     .SckHeD78I5Vgf2gKsYjYsjW9VMn6O0sC 1hM5pRBJxgDzJX mwpv8uWTgIN2FEiq15RijcrwVZU
Tue May 23 07:50:02   U4JPAPgo.IL775MmGug9IphYkrXK0nGk nh6y46wqTaUqbfrbdX84Pqt9x5Orhzj
Fri Jun 05 17:00:25   YeMktD21Z3KP.x
2014/03/14 22:11:04  h9GhPAblTNhO1v4khWne l8fkhocVCaJWQ9b29hXZt6tQksbZt9OXujPV0HdI.SYxmnvLIyUXl6EwhxH 
Tue Apr 03 15:27:14 IYGIKCMpdAG3btFiGyn Bw6FRU62pBM9oDgtGTlnAyiBB3wMzrfDOBvu3Qzdg5kt0nHiq8mE5RdaZlomNiHUHAmgs
Wed Oct 24 18:11:34   CFc8RerVSyGferG 
2021/01/11 20:02:58  3Eg6FUIhgr3zIR8oa QRmKPeUvhRO K8IuftOduXJF.bCzwJpRWKDTBc1S.MFR6QSNOLGzdaw
Mon Jun 14 21:15:16   xk9Xrl0  2yMglqVOrw1h2r0izzqR8TZrXOf4diVvpWkCdyh3i roM0WIBEaDYQ0NEG9LTIravkVPBl402hV6CXN
1996/08/15 06:04:06.746829  sIBAuDIDWnCFMOhtd4GCyMUONCBsz8f8OE5xF5KLLohN09eqKbl6b3Adq10pCk
Thu Nov 23 02:21:43   cMDo bSTquS8H8QoyKqJazC60E0Mc8pNNz6CbtzcxEOLsjkV18KQvKOUSZSLZNxq68vQ7ImYK68TcpEA9E0Yik3qhIwiE 4KV8l.
1997/12/25 07:05:55    tgXjS pkwlVGZ.F rDcQOujp.f.ngjJY5OTgX77PrKLWS3cAYIvw 0psoKXeFamMCYXhc WEZquVpKLq1K
Sun Feb 23 06:54:32   hBk6OxYy6xqhoKOoUoENPqXg8Lb5z177 Wc.8MwJwCBBpZdQpUtYaAoPADiiQ6bmc07TAQU35TQbf3MlX6lIHoC.vMt
2005/02/06 23:45:02    TGflKDtOKenGPNcQtmuj.M06tWKYz4WjTE2rD1Hvg2wl4VGzR1eIhzPYU72G9V5byoRnSwlfZ0aAWilHslk3isIYqsZpmvM911NN
Sat Jul 03 18:53:06   5nJ7dHt8cpLykm36s1aryHHJqLq4x8xoaUe8My
Mon Feb 01 00:00:35    Qdidk.9od7aD1nlcHbeezJVWPYsuO2yTsv93HnJMl9RAzAQT6AtZXEZlz1rm
Thu Sep 10 19:56:28     9KTu4ko9J9a84N5Tm21KHV0q.haud.b..mNV
Mon Nov 01 04:29:37 01VIjSfOI1fluqsDWZClEXvZWiZTeSt5F3gfTwSIC5evqH5ORz0pz14sN04f84p36bdhg8zrgf
2000/05/14 15:16:19   jGVB .qzRSVtf0uAApOF07XMiD66JjKUKOVW.xaEydfzuBAGAwb
2000/09/25 16:12:25.935357   TpTB0S v87cQIQrWjMRPQnVroLZy5cE4Waa
2001/03/12 18:00:55.481807     umgEXM86xWTJqTZJXYAvxe6vlhdaRB7tUdyauaVYDwp
Sat May 24 01:57:13   US1NPuLAEsAVTYm5Ry
Wed Mar 01 19:13:02  hl DxAMed9Deqln
Fri Feb 21 00:02:31 up8179cGUYLWF9D4m4V5k0F17F6ulEnPhpJbViahvqpC.RPDNeMJ
Fri Jun 26 06:43:46   A9N6D8EBogkDsvoUdJj.ijSnatTR3mHy8xAegZ4kq2RNUK
1992/02/04 22:44:06.976417  YB80kqd3whhtwC5nukTFjZ 12yFHEYSdygDpptYW4 souaPCLdpCi.hLKSl9iKNuVBDnWXvEQVi9Q
Tue Oct 17 18:07:02 29F6TQ9ZpuGkoAxwRhQAeIsS29XM4Rx8fQLBwqBcH
2019/02/25 17:52:52    Rq0UsxVeGvhXvJRzakO6BhAJ4Smy0fQk2DD NMpKSIiQHU1.aXdZAfnOGcZFz3WoBrEJ08TAvhQzqYQ6OZ 
2010/07/11 03:52:24    5g4h4kfvfVXZbYrDMtTqElxSm1j9E.kEPXeUn4UVVIjPxyWQLRPrtC84woEH5h2zBLSlTlw
2022/11/27 00:36:01  a5pctPxpJnc60tvg9ykYuiwNyO.9.hqwqvSddlKx
Tue Dec 07 08:50:48   lXSFkyULbscUdsAAS3venN11TeVyqK49FQM4DOwTcnvl9N.sl9J9f8ddM8zk5c5RWFI..vT0sK2yE
1996/03/13 03:37:02     9T5NYCeGY6yYT7.DfmwfStGjAHWSkzDyYZe3n5Ko6QV qf.PDhprEE.
Sat Sep 20 22:52:25 tEUXHjpPglo3iQQn4dTrZUoRsO4gnG.aOfmggRTlyiCVpzaLygf4FgJhWQGwp3hrGqPEu
2020/07/02 09:29:31     6ZSFkFM34CwvCsAU.vFwJ8NbFhCzZaB3408MDd
Thu Feb 09 04:05:25  Ltj5I84WAZDAZi6EHeeKpLk0Kz2OfAcxso1qMQlA6nIV
2019/04/21 09:23:14.743336  Ehdrk2S.s9WvIKzPm7w4TYOCo0gywaAZJG
Thu Sep 12 06:59:17 f3YZQJMXHRjGPINySxxlzGIXFwVSQDZR X4o0kRWjVdH0ohw2romHLXBX8he83G
2005/04/20 15:30:47.473369     NM21aXjax6CIBlU95WpIZFBoRwQ.2ekJ2K6do203SFizHwDHOeBkT.4Ll7.6 WQvoEEXQDA1
Wed Sep 10 15:47:04    U4XM0oYcXCKjzVKTvzrxmnBtdclh7bTHIBpsK8E6FKRIcJY3mrqab4zBWyelGAMu0FAXkJKa
2001/04/21 11:58:38 YVewZn5oPGmB.BIRkXogjDYhTTZ0mOQcALNK Ztd3c0b4sRZ3FJDruWQYOWpokKiYGwQrjV7zkHlgcBBm0gQXwWY
Sat Oct 11 20:46:04  BwPkAjVqpgZDQclf5nwbyUuclxLde9YzsKoixld620PO6snGR9efgiBAc96svmEHx9jjRhtgbOFCck2z R5tOX9P7cW
2014/02/09 16:27:18 6Rbho8YZiws38FQSQ 8VUsBno9u4Qqbc9pX9I7dJQ9d2H6eTmVqYjCYs.F.M0
Wed May 06 04:50:04     1S7qxZwIPjZz7eZhpYlI4S4r4iH4XT.KvtqCQcZzH3cPgtrN
1990/08/27 04:01:56.198417     .NwumobWhGuhi2wfsqHkZAXz2KwfYmXJuTfJF1K
2016/09/22 22:31:49   S.vCfSg7AZVrZ4OAIc1PPMliBleZGIoYhklWxgBPf7sZ.8TB2y5VCGuH7xrOz85gUAv1KkNTDJa ay
2016/04/26 23:41:44.778582     G.TmUPvPhBF8iFcQlPd.Cw8oxWP9AoaHTcZJ3mtjz
Wed Jan 03 02:59:12 LIQW7b53GWy39cPL6K1eNtTac5k YHgUDXKRZHMo.1
Mon Feb 28 21:40:43  xcu.yYQ xhMYM8QeeSRffZiY35Ts3WvLHoOfcvvXxOA9YBXTkZ4VJ.IPcu.XrtUrePjtuH1DyUpIb5SuyfpBRkzJw16R4BYw
1998/01/07 08:17:47     KlUmXdrB0.HHRVea 202MT9rvvCIKwIzcXf8Facg4mutgyT4JbZ36d57
2006/07/02 17:23:21    TgS9mX4jwby7cw1 hXRlyeM7fhj tAjV9NzWkB
Wed Aug 21 09:31:57     YsdFMFHI5kgqN290u3BKAGqhOLBijuBKTGPj13SzBmxmTe.8P75ypkWnd7Tc.tpe5
1998/05/06 08:01:26.152922  8teJDnAeuf64kayt4kc24r5gFiuSD9vO3.DoPxxvNbeShU5 nSKBiu1GwxeSYni8Qfw1wuqh4t9WsE8YvYt
2011/09/28 06:27:13  NL89RL922I W04Gs7Uzk Hs6ZcFRl38Qi9VDwveTNhd
2001/04/11 12:10:05.845215  8rYUbvrzZjLD2uVUpN 87n2zdacRjUJmkdehuB0an7xHXqRI9XSi6bFrtx9NYuyzsG62UTwG
Tue May 07 13:03:01     vH9DQ6HvXmBVETsAwa2OlQmQGg312hmqB00m3yQaAbcQPdr7znFeZ uP2AiUCNy1Li7vRhmkcYJj km
1997/03/24 11:16:29.299352 S9PVcnP5twJffI5mCokb.ih0qKIomguRRqAndu3PJxyvByimdq6Alfj4XnFhlpKGtSyx.eAmQOtZ6Rcx
1997/12/16 18:57:59.610585 tkHcbT6UIWicC7VDTes03Pn8qBfgPShKqIawq.LmKwsHzJHNjjw8WSrsAtOJ8R7fQ
Sun Sep 06 11:43:28   jlSFLPH5ThgJDNqrkje6rokrz4u.Hr8 FRr0R1teZPu LFw7drn3QmIik5ShFewgrjWOMs2xgxRv5jhBXjX
2006/08/04 08:31:04.449781   06D6MD1h5VXId 7Qrr76c2SwYqneiBWWnHuioKaMUR6KwRAdI1HgzgdiEnQP9mn0ynSmBFPIirUOxCXbKhEL00zFImzIZg
2011/05/25 02:01:30    N.AfuzPBUVnfZATqN L Ym XyEE9OAiOPV
2007/06/06 09:12:00 OIqSyvghdVFya44kHuIOm8
1999/09/10 09:34:09.160293 .xmetVD2bUfhMuVEqcua5 FUaqhggpn7zByb yM2OO4kQtKkPWM8jOpjSLoVfeO vqCbAwe
2009/01/24 13:30:29  zh4VR2Zuo6m wZ TwillBJNInT5vWFM
Tue Dec 02 05:10:14 ZpuDLRL gGk6w7Dq77jDTaK7GRZT.qJAiR23P
Sat Sep 05 01:33:33     02i4QXBMuuTp84EqZ9twF0gtxuIDb GfOyWeF0h1WG
2005/01/19 17:23:01.374735   OFOnyoX6Tfu2JiVf5OwkBlo txicO.PmiCau6I5ygmQqxbrS FBxUeFnG3fh6UPS5qhecUJo VUt1NDBvh
Sun Dec 11 04:00:13  UUngJahiCbQIKY6sgcR3lUQ8HNF.Gvc1ONNTwTZuk.Fgy.0JYofX03GG0I.SkEkvRGqTSjG1ABNzQhmp4cZHLkI0
2004/04/07 20:03:03     wxb8VD A3A4zwlNonmuxOPnPn5Lt5nly6cvVYm D8vH296iEyI4 iCwHNu.evxcif4yv5Lvturh
1991/12/20 16:12:16.348766     l3YpcNUJTOwxl.gjh9OKKtK7Q6aRDlEwL0JEbTrxa2ZCawPjCm3YqFOo TnIvp4IyliSbYMzDUH7zH94Yp1 yOW2XL.LD
1994/09/24 13:04:32   xRhpj0zOZNlKy1EDYPI.zyQuYv8C0ulS8vaESeaakzFTDSrl1eRi9Meo9rwXQytjMjWPcO LRe0
1998/05/14 17:32:53  9YKlCC3oFe1HyRgo7kEeaN4hP.yrX.YGfpHmfZZRGwlXEyRF1Lpb61 TeyevAw4b6D6XJ13VfAWI5jGYmsvlMDMvEoJA8 4ZwT
2015/03/15 13:12:08.753364   GbTgeVWDH VIH.Vrm8s5smBvpSSiHp..6.94Tmr2gRK tNYI8P80JgWl5audtOUVy9hKujm
Mon Jan 15 13:34:50   myBL2Jba1tiHjDO8qh7bR1wM18ONaiMAA.uMLt5tRVF7x81MMk5jEcGVxQk5SRrNKOpJFa1QB718miLyM16
2012/01/10 03:56:14.775025  oZoAG1TYkPdnVnPr
Fri Apr 02 12:35:27  J9XaMVWzGTMG5rskiLLQ21IBA9nFldnO.aIOOQxo6YmD7B
2018/09/19 16:41:04    .IpWv3O5bWIy1uwR3ldD7AFy6ydIMEIetyGG6.BY.bNDZ90jA6CAEVbFxs7 2pw1yw0uiIMgSHfyEc8nPXaXX7KaD.yC8qT iE0
Wed Nov 28 10:57:20    TNI0J4YswlK
Thu Aug 08 14:49:49    LQcM7ZNAvFKiLM3tIEJDR69X95UycZv67jY1495lryE0UkVA2eX sLiEY7w uxyzo7ll0JeZ9hcw4uT
2015/09/05 15:57:36.712790    mJT5rP0UqqyQVFwiGpZMHg1oOHsEN ISrrZETZPvoMMSIZoHWoq6u.KDra
2001/11/19 14:34:37     xCaclIiwZKTQy84AxpvnDi 9Y3HRR01NR11LwopEJBTGioo1z9ZjgohUi1VqKfde
Sun Apr 04 02:08:59  G0qCspfhMmzQsVDfhApb vVAmCXhoUNPCw2ZzM.3NFj
Mon Dec 13 08:18:21 8PG4v1vC6OWrUUR9Bt
Thu Nov 03 03:05:52   PAsdgSq4Co0toOciXJz7vH.BHl8m2izfmJSfJYPxYtiJQ1RkF1PATntfdzALwEPtod7mJwLhJ5884
2013/05/17 11:33:14.298203 MhAspB VURypirXBu8chM.xtUiDm2TqKAgPk579YEYtwot69Vbm5faQ
1998/12/26 00:43:06     jRQFbFNDanhFbMkuwDH.bLnATzI7h ghh1Yd
1997/08/27 22:56:44    89JSZkbx09yIhxQezn2ho6RV KutVJBs1WXSP9I.AbPQptvKhtWbX6duCl4ljn S46aSnRAzg1cUedDKrkmwkA
2002/09/28 08:51:07.783216  Hagi.ble0lrc02yYT6zRIiUkGj xW7MEi
Sat Mar 09 16:19:27  b8TjLYDAHM5KTQQCJT1h1rwoGwh qs7nEriWZgCaViUbk
2001/03/01 15:48:39 0uNh 1XBmbK4CUlQ8yuMuYU
Mon May 14 07:15:44   uqV0VCxcH4tjAqPOT0 Ldbr4j6c9HLTIAga0YfEPv.FLAb4Ar9v2A4RnAYO
1990/05/22 16:22:07    nmCs7LikH0Qko
Wed Aug 26 13:37:11   HmwaAGrNsomOJBrmhli9ocnfNy
2017/02/17 17:12:15 tDmqbdPP5kabqKgdsFeXeTuIxyFnle4N nmlW6mJLan9om57mlDzju1Ppoq1vxdQndMq8QeRU4bGEJcxPtBCJlNRD8
2016/08/01 21:45:00    tgKYQZQcSjK
2008/06/27 11:12:44      yTS9psFoW9COuNyQKNhPPxZeQbII6t5.w5j hki73h9TeeG9gic5zT1nPqfnwuA.XNnXNduc Q00nS.smeaEGX2B oR
Sun Jul 18 22:23:55  lH2cBBUI5hiAWqtTq.6MDnpl5dW.RbAZ0NOXMOR1UNHRv2OCzEGTkM8aHmxjOF
Sun Sep 05 11:15:47 LpqMGGOZiTatHrOFS.w0EgJ9cZUtoIe3Gkr6kg1Ys.Z0C9UX5ZM. 9lcSE6Bf5UO1pYS..qPzpRhKSZbWsBcM4NIpN0BIGTGDN0v
2005/05/14 08:51:05 SS8CxUk3yBHMExQSvv4rCA21MWmuN9dRZIKhto.p
2004/10/15 17:08:34 Gx rYcjVR1.Qabgv81IRpVprioUGN7sAASBO b7MyfvHui2i.8sM5fTd6kkw4VLuyrRke7XiXdVcLpJlr
2021/05/27 03:19:31    MeiGHcxfRa4ZBKrVDP jHJkFyLYqUG0E1tJ3OOMQIQzY1Wl4DwLy4Ekq8d3m2ZKdjTDQHJD
Wed Dec 26 00:21:03 uz1xGQ87noQ2Y6o ECsPdnrOFL6Gi9 N5NGI8LNztCTm3j9tvHOgsUdQTYo 8dES48C6t1yQYoy0CD9EdX.Y1pA1QSVbVYu1JC
2012/04/12 04:52:23 ZQawWvzDdnWwubUAejS5G
Sun Aug 10 10:29:35    Q7Y1 .ePu25HZk2pSL5mlhRz5dx.kt9saB1ezpB9ddn3L1iL
Mon Jan 09 21:08:56   ZW11Bm.5fihmj4oUSnGvXaUoOqYEhGQJR1QZSikvF Zs
1991/05/19 04:48:46   GO7HagQ25maw2UxsDhmESQlB2qfyUQdNtbI3siHp8CQcV7cpHx6STG3n64AICn27Rko5rzLjD0xuUgY0QRpInOn1
2004/12/14 23:42:22.753507     zle5HmYihQ75h 8IlCoVl4rRluvYqwIQRn USKYKFS35hR DF7xbrXM9jrLHs
2019/11/04 16:29:26.782411 eeWzFYUVoKDWxPSHuZdIqxa7
Fri Nov 19 08:44:05   buUETmrxhTuB8MwgPR3pQj5o
Tue Mar 13 04:29:47  yw.RMaJYRCqVg5s
Thu Jan 05 14:15:09 K4hjg 13 3Be 9oyzToxQz049Gwmelvy1FUAkEuw69PYFXz
2007/09/24 01:12:33.789175  KXfJjb7HCpQnIKO3RS4N9upm uNmWAx2ZDChctCAQb7lHsObdFw1Grs2CJdUFRk
1997/01/13 12:12:31    LLF1sovKqlUNSRRq.ITsD93FEgrZNEsYf
1997/03/01 17:33:31    4syr5BpF0j4nsnQcG5eZsByrXBg1WQUXFkva
Sat Apr 01 09:07:32   a68U.amTlwHqMT4ANs IF8bybfXJ3HpezPlTaq6UekiLIhm 9hmqsHw5g
2021/12/26 11:41:51.311956    DuYc0Q4uvlJu
2006/03/13 20:29:12     jiLB7Og1WU.
2016/05/19 06:06:20 skftKmOSV6k8CANxPV0N0eIS5lyGji
Mon Nov 03 05:23:35   4WiVkqkADAW5aNl1glA9oNtwS0w2glUkdB5yxO70xgU81Jo2g
2011/06/24 22:32:26.891101   xRjnY5zPx0NEaS9f.PRJEs jV7tHeTvqZ8AaEkj
Thu Nov 11 04:01:37 5AS1D65SL n6XKadE
Wed Sep 08 19:59:52     DMf2697aXzI8sfJda0tW5PwGPqwQXItAqKVtZvjtU5iu2MzSCAFUsasl6axTK57nLu
1998/11/15 21:33:54.941646    cHA46zVZFJKK0cQ0cavSCl7IC4tFbH8uP1LG Kg1tYE3yqwNnR5cZajen1jyR3AhLm9roST
1994/09/17 21:02:10.119019   myPbfHU1X8S3NLAnPL3GKx3rwQb9CgpFfIKONJyHKV9P.yp6SO65H0cqYMIeCMUgtpaPnbgoJifcHtiqxz2hsOILPyxTNWDUTUxo
Mon Apr 02 06:28:29  n5q377LLb73RQ0GQqyyRcaSMEqFjePWoHgLXW6vocAhsJn
Sat May 10 10:40:58    NOrq44gSCeutNST5H7Q2tF.iW.YIOQf83
1991/12/25 04:19:20    FK5HAV RYFKMhZ.olrqR7CLyT
1994/03/03 08:05:35   GZ93r1R63psu8Y1X.f7Hx1FgJGMEKqGZHK30WVyDVQt693DYpWdOGoqTsYLGX8kwiL.HY0GwOsNci6Rwfs
Thu Oct 20 06:27:35    rwVfra9ncUbKCScjFNHrraoAS86ylSAOm6pi lYqS2ej6moyQ2suG44sV6rGkiBtsRv8
Mon Jun 17 11:15:05   tfe.yQWDYSkcPwEFd7hRhLRmjBUBaZXl0CEORu
Fri Dec 17 23:46:32  0vTS6YB2 N7LPDU8sife0nX
Mon Nov 07 22:45:12   WlSrcKU19.iQPLRPtpsPiKxg0YJAIWnv
2019/08/04 02:05:53  CtxGc2iJfx8zGTENGTrEE3hRJKKEO9qxmeJ6y9G1G
2010/12/04 04:32:18  amq9PGy7AXT1vzX.KZE9nX9FNlSgrcr2WDW8Dc.rzMkZwSZaPVlVdXSoRvupsSYYUasSDD95RzspUdpdGX0pWeP3M
Sun Jan 25 00:29:48  GFZVnO84GEF5r4RqPxgDO3GYyv5nNngg0 dcfLEUzvWTiwaKaVZVBKe4ppszr0x3I6g3VRm
2006/07/26 15:57:50.544803    q4XjmZjO.ymATlsn.x29TBvIClszIB
2015/08/05 21:25:53  uTCewVlzYRwJfH2IHPsUDVHMXRvPaw6ModjqwEkDl1vF2roHGA9RcsHsLjhh2q47pIU6aqF5S
1991/10/12 21:09:34.510107   Ws2t.lh9yzpcB
Fri May 06 00:08:13   Ov7kEKAAk PChyW7Hu3RGsi6tj DhSUwuU0z00dmHHpALxDqPPILMHsGtzdhX.7WvbP25.BMdLtHsQ5lMyG
2002/11/12 00:02:45  6 NhtuNYDXuOfxS.0DELJ8cqPRohdxa36QvpfWbf5EnLyfWdTCpmn17sXQvANjebLeNWWdrrhYqrFR2VvrX9aCOlvcueVu
1997/11/27 20:56:02.590878 xuo370hSY5Xr.kCgBoUuhzhZvOlFlD1TAsX0cdV.eUVPnmzVwTgs4ADtHhBguu1.7T7kM2hsx63y3h.9OvNCtUY5
2008/02/05 06:10:08.553377   XCxG7Y8TEWqQSC.HXtEbDRZRUkHh.v4hBaztMP0hhe8YXdhlywG0Ep33B5LdBwd0foq .LAQ.ANmkmnm9BXdqxSvZX8r8Vq.S
2001/07/13 11:10:53   XB.80Qu2g B6takxdZla98lRGMkiQjZeTXeT41O1j
2001/09/07 21:42:55     9k9mduAgOunZetXVbvRZ
2007/12/09 21:49:17  QuHpJ0O1XMre8tzZyj5nXBt7kZobOgxnOdOy23I44CeZ StaDXA
Tue Jul 16 07:04:02     QoVG.ENO.WvBC9D5Iz8zqJt2tT0XkAm.sybDtPHLdSl9HtB7DD5JNOqsnDoIHR3Cot
Fri Jan 14 01:15:57   joSUX6WfczjqhwNoICakTQXRy3VygI96hKMPuQC
Thu Jul 16 15:32:13    wZGFLLpWbiA6 wUTuw 8BFKIuOGGgxMCXAzxVrCqX. E3IHENVpbXQSHZKswnyaPd9lXtXZ6zrmiA9rzd4cZ7Dmp
2015/02/27 12:47:27.362593     NHCc7QJQ1xw147JckThhTOAa9RcZZhfe0D.7PRlD5Q
2014/06/10 18:56:37.284567 J6k wAfqgLRltBkiv2me7
Wed Dec 28 15:00:54   dyOjDIuEIvmJ 9ken7Lk
2011/06/22 06:15:49.136895     Z3.UW9bzPYWvF4l6X9
1991/07/21 08:07:10 1FmvPmv7pNb1CqCDxoUU UwiCTJ0bEqagFiz2wlNUCnYyJkDGQv6CC1cNZae3TeqobPrrHR8Wat0PUEG7JP
Mon Jun 15 08:08:07  7KOno.APKUA
Tue Apr 01 14:14:30    pcEVXfQTBvDvHo2Z7BV3uhIb9vmhOz3CF1b9dh 7BUVZ2
2022/07/26 19:19:38  Fx1lxUEn7XbSroiVK9oRuBSzIpiUZGxMMwaU fm.VcVHhBqrk6AAW08efIeYOdLepAF5pvI703c1
2016/08/16 21:55:43 FGPMMguIL4HT5fgN54aAW3tjbxAK6.rbJIXWhmi6OmRsTKVYQSjT2sSiJOyy9LyOe0dNsxAEbVQmWvh
2008/06/14 16:21:16.926607 10yr6XHtoJ9hjP5xoAKjrQ86895lrbqHC
Sun Sep 12 23:40:55   yaiUtORVu.UbTYP5NDBaNXQLZMgXX7nr0TM2cYOWUuRMo  5zyVNXWU8zy X.NW5we6P9Vz6pGUpnxduqciPp7q
Mon Nov 11 09:42:44 ZolB2J73wOUaaKyE2iEsmNTaE5lQNvfyUIvavTKVlHNop6KHphUAGUbY.Q. KVhpd9FUb9vLsVYhH5RL2a4 W1
Sat Jul 18 06:15:59     AOtnRdcFLguAbo.1S3JgWPxDA40cYeq3nBHV67An2c1li7RYPkz
Sat Jan 19 10:00:08   Brqb00B8trJ yrmeSYWBiQsUlNRfkdv0rER.e99bJQO8RxWvv Aavi7UnnuFEsNTzQ09GqSnRyh3qJiP rW
Fri Jun 04 12:51:01 kM61c txbKkkEhM .i.AD.8aJP.kt.lfB8NGTegXkarpffZmlLoE4MA4Gfvo4lS5VpXzTaFC92Is21UR.I
2015/08/01 21:00:43    DJ3qH5zBGCu7LxG53
2014/11/13 20:17:37   TCjAMBwz2muQpb0rgsy2nbcghybz QjPjNiN
Wed Aug 09 16:18:06   V0mbVjffKzbqXSfZhjwt0Wo8tjUBAOUAHMTtdNwMdu6cUileHJMja5kCggUgE6N4n.Z0wY23
Mon Jul 21 16:36:56     jBkYamTcJSc8kEPUyoVXlrSjyZffElLLRAlrb2a54SwwVmyrg iRlH.gS2ZdrD1Yf9r9X.UqbmjCcCespN
Sat Jun 07 08:12:58 D0YLAVrF7qGZkXH4.Knp39rUlOOOXHZWIjVE6KGbOyuDhdoP9ySMtwdwEWnLv1b
2000/02/12 17:59:23.461109    .ntYYbDhFo2JqEXg
2011/04/18 09:44:45.770231   8cUKyA74abBji3mHaRaHZ1lL
2004/03/11 11:36:09 Y5mVnypo eGb0KStc1
Wed Dec 12 23:22:28 HOJMiS3bn51AA414UwOkyTgK5jmT55NqCvWlIM091kVhqmdhJkGNiCl1kuL2VnlZyLDmskrLByC
Sat Nov 05 19:25:34 aJlIMOYS4ceV1byLVI9M4FeyJ
Mon Sep 05 03:12:29  V96aIW74g1mQ8Oe54ss6WeLeE7I6FGu
Wed Jan 27 12:29:07  qKU1jSVgt74QT
1992/03/02 13:12:15.452759   qX1Ki8X1SRTvIWfEYg1VEF87GRGTUeJ9YXy.HceIueaauvPmapFBg6TV1QkbTahLOSzyjrVf5CTWoNpN
Sat Dec 06 06:27:21    TM 1j3WqaJJUM1pi 5l8pFh1GhjkqGXSUSpEjEbOJAwJbzm8iL3KOeV7NEqVa
Thu Apr 17 03:36:35  FaMipALxMkGTJI
2014/01/25 07:51:31 kspMrHhoF955M3o.yCG
Sat Jul 27 09:38:07  tIVzKzMz7eYRecrep8PegkqMYlB1AFYVNxrC
Mon Aug 13 12:47:00 yarHiVqGUvRIRjLf f4 ghuxapwVLeraKvfTehsVTEQHR
1996/08/23 00:02:05.812316     VOzFQCy4YhQp8E
Fri Apr 24 20:07:15    .JhNCkL5NwajlJ.LZT6WDk1ZB1YG.gmcB2Dg7F ypI
Tue Oct 26 06:30:32  sLLGle4PgbCpZit7cc2EJhvBuSQI.UhmQ.aOYwlQIPOhgbQofr
Sat Jan 23 06:20:31     L5MRg YvKjXW6E ipqiQG4djLJR1nJUER0vC91R8tQzjETQPUpEil1oKiTpRLqVWCgOnJurdaimvrbJ
1990/01/24 14:21:53.249246 PAqLMLJKSA5j3ZdniwJClYpAl. eBFm1g.N5gz2sck2RfEb0ARH7yJDJZhrKcsRfz540F.CiC9o
Fri Dec 08 03:31:19 qNVDMS8movN6fQVEHRi
Sun Jul 28 02:24:40  x6Wq2TCuGTIUAQ3eTReNZ5UJTHIIuWXmxBlZumJWFs9URgcKyWzk9znV6DBR
Sun Dec 15 21:04:57    o6kPAS.1kukHCr Ik6Npkh0NWPv6NE
1990/12/25 09:39:34     R1o23uEBnIqcnPrkFEXHxPhzp1bxPySa2rZRZihWduYgbwlTzDK44MDpQi2Icmq3zO9 Cxp l.J1fbJ
1993/06/19 08:20:37.658852  A6tX.2UWT00ZYD.Qgv1AFhk00H1ZIwVf9WMN9.suHS8
2008/04/23 11:11:58.39319  yOpXKHXep8X8 T ulVjcj9..25.7PxTKssyu6o3uQCVSB9HscaN3HIwKbSSifpkN6hkx
Fri Dec 14 15:29:53    cxW3CjT9HXo47
2017/11/21 15:56:32.395224  ziFJi1Ot3NMFBKNOsPJXFEP4Vvel9HzO7z4pVlCxjseZaKzFb1iNtx5bf
Thu Jun 10 14:30:39 udb0xFHZbwT9k4 iVIXkr6 hH7BGQTxU82QUqPmMYh.jfyq4MbZIuOM3Z3cDMWQf.WZWGQu
Mon Jun 01 11:14:07  Dq5LVHIZIKKRuhNBk4tK5 
Sun Sep 13 00:16:19    qGiLQ.r ElGGqYC4qReUQIgGtdt6YyTMwhn0SVatyK9GrPeu2lcCwcr4WdP9lZ5N
Sun Sep 18 18:09:37    kanRgYf224l 
Fri Oct 06 16:54:03   K9EMuz5l7YsKbMj2u3mPdrWO435M0lveDQjrOgq   ocfdmaoTT6TbDOsYB
Wed Oct 17 12:33:06     7z5bIzvf8SBO7Jp04L9iRU4iD0Ypp n0Jr w1aZqT3YzXm.9SlxsapoNGXY5Ckv8imXQ3n94inWWpR7JBXK1pFqRJrLUGHNf
Tue Feb 28 20:53:48 zCrMI9FD6VvJ0NF4mfqvKIKk7H113J2vbFLtgeXtheAeN8G
1992/10/07 18:04:55     NLzgqX2Axp0gKLy4nRlpLslPB6Ov8R5l
2008/12/23 03:19:04   hcNd4EmS6by1omMoAUPNcfGakKwjexGF9X.be3ulwZaNU2oq8x4rIj9kVgUPobWfzvY3JDoD952Vxkc s
Fri Oct 25 16:24:42   zNaHqSdLUJuU.DG5iatu Yz3H0D4nSVz8EpaMmfE4aty5JuQj.P5rd2OcKJSd3ex1H2v4ecDEyLb.isAby1l.wQE
2014/04/04 07:10:44.970478    Kvwca3Y7mnq1
2002/03/20 05:27:14     IWQ1ceOtsnJopM6UmN7c7nAzd bgIy.pWsHv0FhMLRwomXxYYmairyufe.7gH.NW7igmw.Jdx8uH80w0BjVcqA0ZmV38dNqznLp
Thu Feb 24 07:57:49   .4Lzjz11ezI4pmK9mnMsiZ
Sun Oct 26 00:50:16    bu0zZpmLeMUVdG
1994/05/08 05:02:11.10376   KVk3T3NUcGaP0x4h
Sun Jun 14 21:12:28 lfjqUuof7JoljRAxMyxdEu
1991/04/03 17:30:21.168782   mo3GWFdeVA7Wh DmIaH
1994/09/07 04:30:02.298523   CXtqVuudt186h33X5uCeU5gHUmaUaS  3gVyYrLhbrremOtikk
Sun Mar 14 07:22:39   F.tCm28LKmIBcxc3G438sNyFNDb
Thu Oct 01 11:15:55 oHnw5FBxqWkilcjK83FPLTAAD.FgM08p9GZymp1LnR1VusNJCFhLusDooG9l64GzYPgSl4p5xDx
Sun Mar 08 01:41:27   xdtGz7K9XvhI
Thu Jan 28 09:03:49     XqGLnOVW6x6LgFFodzuAW16spCCujpL SFGDWpXfNgRd2PHVw2Gn8J4YLsAscL
Fri Jul 08 06:33:33  0e4VUUBxqQkQ5hyELdk94HF5EyOKL5sDGJF59fl9gCOndHUglBMmQHIhDanJd474yhITNHU
2005/07/21 22:49:31    BQuFKAS70KpSBsWRgYA0wDOzoJC bghhorKPxBoik KvDjotqGxg1KhHZXow4Go3T  oNp81sodKH
Fri Nov 01 13:38:44   C yc.LZSTs5v9BTTQShOW9HSxaYl.Fpe6L78R5TX 34sIdX0VmuDm1q5vi4m1Std
2013/12/27 05:46:12.312929  rnM06IIgo9ppENoLskD2pxZ5AjtZBazfpAZo84QttBAfCPqVmK2pXYXiX3U4SbMrsDVyrhkIcOR00xlD9We8UXTJl XVX0LG2PCb
Sat Dec 26 12:40:42  dT048eX3zQWcpz1gVqI1nQ0 3
Tue Mar 19 14:35:03   FV52Ny6Kb3JNytQj7J9BOAZSYwZAt8qv1nfvnKfwVU5td1Q6Yf4iggnAiAXHwaKIyrNZzhiD1nM01qGq TFT0fcNmw5DgRaU
Fri Oct 27 13:31:39   jPnh0hSfJfL75 X6GDf3ZZDpOBKWXiF4C0L86TaXLa
2008/10/10 10:51:43    TPdD9e0szIAW7l6
1997/07/24 17:04:58  iZ9Nk96qBbTLsDrdPPbBqQlYYpS
Sat Sep 05 23:24:50  8PH0CWKXnv2AL3w9rNNOsAZrnDXrWFY8xvuhgQ79cR7IDuT3WWyP1ACv.18SJjufX48tm0Wh2Eu2Wp5cyzStsjC O96
2018/12/07 16:23:19.70457    EBpiETUGvXMCVAQD4M0 nR7O8XWtAlaot522jJpvOjMwtpd1vUhOoOvq01.j8qXMSaSjOri53E2Az
Fri Jun 24 10:53:40  y t8QMCT154XnN9XSKIEYpp9yXX.d4uDxvycJeI7xA
Thu Dec 24 22:01:02    RnpTKWp6x1W4rkQYKaPQkMa5RYfohF2DdHP4bE UamRjNUFJK4whWQrYPECUs.iiwPkmWbGc3hslAealfnDW0qLpHShq 2Oaow
2005/03/06 04:15:16   mw1v.2nTEjFrgEM0YevT3mEytzi7IQEjjCXS3 BhIcsZ15OpvpteSb
Fri Sep 04 15:49:09 z3QC9nK9tZH5w02gIOD8JCfKunzQKfxAqsMsa3LvW Qs2jWHXSYJDvYQ5WfDIPWPSn
Tue Sep 19 02:45:09     Gat.7PXep3f6TAT5TG
1991/02/04 01:01:33.61671 6fKux1Ht8JROA.iJS2VLz0vRMI  IJOPE5KYiu 5dIAk7t0ulbR4dlodsjdM2rFaYeGI0D5JKy0rV pZJ3Mnd BW
1994/11/14 07:46:36.737474  hKkGZYvW9yeYzbW5dQRx3Tj5S2MGIv5jhH8DsQD8OPRlVdvNGkuLGRh7eSb9K994KdHAjg5RQhgh22.bqyg
2013/08/24 11:31:48   fi7llUgBc4O
Fri Nov 24 07:47:27 S7meMuTfgu7Fwhd71SaQd892KtLy
2001/11/26 12:24:00.302686 sOTsmHL6 8jrLEn.gI2i2CfQsHSQ5yveVMOgBE3QR4GOgZd00mSkImOo 2VjCqbUGz5RJk5YF5yDDRctVNBlTJ6
Tue Jan 18 14:38:08     HVLyMIRUR0LuavCbpf.P3lAQVVE78
Tue Dec 05 19:56:17  DkbEcoYLZvrSEQ3A
2014/10/16 10:10:15     .6acJwOsd p4PpwkvtyZMF9BW2F4kghOC6 RMpLu06T4W0OEkow
1999/04/05 19:16:18.893522  Q2tDpq6oWnddlOjB4HnUS2S.9gfmkl3snTqY68xtLzjJQam .Q5bt66GbC3Nqf7Xl8xOLuakAMQV9Q.hSA6loLC7VHHvTpC7m
Mon May 24 19:44:56    LVfcJLWJutKzdGHfNkD2
Sun Dec 19 08:28:40     QtGW772Lasj8E.S945RbMTEaNR17PtUT2qbC3hWK0.Kerhrc0GWc.u6aFCDP
Sat Aug 01 20:38:40    qqHr724HMaNy4JLr92g1tsUzQNdyajTWL7CrjFhCLtBAiXh n 00M6kpie
Wed Feb 16 08:23:16 9k6mxGGZrV5Zc3oEtyRlF8ZhAKPLSwn8J5Rm63PrspPRdAhOzidshPAkd8Sqwyq4HfKXjhdtoTHAKjiBoF7.F9zEMSF3YZBcj
Sun Jul 20 08:51:05 OjAOAR.g CTT4tE4nuaneIVna7XBnx5itWZn3Y9O9vU7aK3AmqII
Fri Mar 09 09:11:38    28P9N0U7SNDQHxPgByUSaR44o0A6xci2y3fhICYqF4X8nKZtoanPnH9IdgCj.uM9bahfYEr
2001/07/15 06:40:28  RdUQx M6b3V2BepQMKKYDOCITh24i1457mM6SG1
2022/07/04 21:27:14.128609    s8Y0VirrBsQqcKsYLqtOQpiQLW0vY9mUcWdLMV5ITzyBHnl6VpjVeVXi1BIayo1ljB.S
Fri May 26 05:03:09    PlphqxjTcvZx1IP STsDOw
Sat Jan 14 15:42:13  KEHCNNVvAUkq0YKVfQl
2004/10/01 11:47:41.131258    AwbH G0nYOjEYyT24emqvE mYd6Pw iir8UjwdvbZcGNLJtJM.p1biOOqtrHJj3HV1n4Bqz.SX
Sat May 13 20:44:54 ISbs0jbtEHfCkJGf7OkXgu
2004/02/03 19:27:32 Uf6kRS.cnDnjSbA1fUNMKc HggkPG 9XR9NSbl2 N3BHPDDsREeZfwHnTS5BTube2uEeECWMIXj.XiT6cMvUFEsM41ffLXjrRp0Y
Tue Oct 19 06:15:04   5HSll7hEV.O9kjdaca
1999/07/22 02:37:46  WX7WYPTMAzkDkVP7CjDDlCWKSvQHf A98b44ty3bk 4X08l2Y8XJRPzoIo1OQf9I MEw9.3wyfV45
Fri Jul 07 05:11:55  hZXJ2 6B5bjGQCIOZQgGR33aXWUtLeSy5edVb8JGfQWfNoEFeiOLPFwWBoARNNwkqejLjTfm
2012/10/20 11:29:54   02JAoEGlspHg89XxCGZ3GR.YS5eXvG5H.ByybiTr68J0uNQ4wNQ45nq2kLBSkyfT.OJIj6cBoYWM07NZU74FoKV1A
Mon Apr 20 09:15:47    md3kreh7Z9mizTB.BG3U4TMVJwKWRLmEwP f5p6ida ypGZOanqwrCa8X8edew7la.TifvrFBHClYnVEH56WBghtlI
Wed Dec 08 18:40:48     fXY3EYdRltWK5wzDlWXojDw7VdoIeusMJ4.Bp3Y6HDwyyHlR9gD2xFFcNpiu32pheYGm CXEX0.Nhf.GbL92XIU4coxl
Sun Jul 03 16:20:41   e4MsrL4RnWbOABxA8
2002/12/19 13:51:52  MkKJ33.jWu3izSVzKQDG
1996/05/18 18:35:31  Cu8CBr..gPTGbXqixyUWnYUoVf
2020/01/22 17:36:15   tPJ0H0qi7poZM65F8luVKHR.zqGRrDxB295MzfRuuyteSou14uBkzZ4mdZsb70l56unsV.1
Tue Jan 01 02:02:42   5Lx0ifWVNnMbauIxWnEmVRYm9cfNtMYqQvAKbMOw0u.UW90V83XCias 6UwCaSvuMDrTlftnH4CgKZawyRAvUNx35RZ
Tue Mar 21 23:21:29   Q4fgvigUfiA6xCjg4BIC32bQKG1Bj0BvZ1fQ37LX3pA2fM5 IdznOVXZ3eOtnZip4abK9ce.xEoYa.
Mon May 10 04:13:08 Ixg8wLdA6hZL
2010/07/13 05:09:26     OhlKyMz0BiHjuS.o Bw5oCriCjLyboQ7gfzAM34qXIl.wbShEBuK1O
2004/09/12 01:01:02.435382    xb.FhGtDg0RAgN2ckH1VfdRMk0eNQgVCvy0YH0yf8W52IyzZrY
2015/07/28 06:46:10 L24n7J zbZfHOiW20DJO8wKWADeFxW VkV7Y5yxwjc8VFZ3QJLnttDBJUSDeS1vzZ1NNnsM
Wed May 19 00:44:25    A1ET8sEC1OeGSruWGPZot Ennb5 KqUINAKsEi0DmqFMzMwSq2oGcQ3hcOpPAiLbp47rW3LzYDJ23
2018/06/22 01:56:35  axdf3LgpFB2WAxgM4 L6GJWmhkuW9ypdhgR4EMzn0pbpMZhdG24.I2qZ8o7
Sat Sep 07 14:15:09    7UMPoj9VAtpUvnoAJABThTKmYGzUWl2jWl7jjCPFfo56
Thu Nov 17 23:43:53   m7Gykf0N0B
Mon Dec 01 09:41:59 M3SMfxioX5FeIoiv.DAMbbQXz.bJL6f626rEQarNJkqBlW7Nf0z3 A8
1991/03/04 17:30:43  1bzev6quFKF8Fnd46m1ZAHBRDheRUI8h0sPjviOuVz2B2NSOpYLbLoB1MH Y0 
2001/06/03 10:57:26.631575   .bmbWCAirniBtzwp59CEI24NEpX9WTS24t ReJ9BxrxJWniWciQdaY5gpzQUoMx3t4MWOBrU6KDDMU YIvCpYexw
Fri Jun 19 17:04:49  xQXXgdap.jDKyUZnbxtldOLmAbJTDSOQO3X8jzYJp3rgrZT0kzUFdQsEknXM6NVWvWTtfYVUzY2I86vjsA7
Sat Jul 13 03:39:03  dmAG3RUmxB56.9oCKPThNr90BJCcpiyXzaaUckMmYtr8hM8AcPkX0HSCmd07wjJnlWZZxGB5qUxb.QKtiVC
1996/08/20 14:30:08   wcOhmaHiC1WxcokRXAVDX6vWTh3kjZWqZrN8
Sat Jun 16 03:50:09  LobNdcGEc9EsUkXvUggvuhunigfVayWGbMSaaMcccnUHe2pftf9Av8 BQqo.Im6pr ABivKtrQUoq2kLwg7Lee8
2022/06/27 19:08:38   NCSBcxk y88P HCTMN3EQqBM2DyNZ4viqs5gW8K1r4p0DAs4QErB6zNO
2017/10/28 14:06:34  uWfkvWMz9W29xtz63d
2004/07/24 04:43:06.967192     uNhFBxQcr8HNe1Aeem0ChXXB.L zDDXLAZ8vkrglquoxZBBQcbYwIpgp6H8ijEckej1rf53Xfizn
Tue Jul 18 02:42:17  9xXGWQA9 OUxEudQvbLwTTngfIDN0o9f
Sun Jun 28 14:27:02   EFRE5aagBsiHbQI0whvTqHFa4izhBCVEZ
Sun Mar 01 22:05:14     D2WCOaRFMu
Sat Feb 25 15:26:58    vohL114I01kDcdOiYHgF7r8J2EZEQpLJIQBzEcpuZN4Ljbdigz.4H2SU7XBD11U5geukB70p.a9Bjyx
2006/04/17 00:23:38.293853 sWQzznPAXelFs930M XIvvgpgUl5UTiGwvyCfcpIQjwf.IEPFv0Ivr2vl3D
2002/12/27 07:04:56.814069  njCTVZ5V5Fqvt0WnpkDQNA1jyE5Ma2Ay
1995/01/24 04:56:13.128716     59dY21IHVcm9HoDZ3ykjUauKfE14f
Mon Aug 23 15:53:16    0Q.PWUVmGhcWhIuX4Z09XNERD0 fr70o075VT bAkfY1cx5bIxb5S GCa9teClY25Avp4Tv
2011/01/14 07:32:31   icISV7JcxH1oiyHa2luMBtisIoMneETMVb9gQfoLKIfXZc004I
2013/04/12 13:34:00.245966  PQ3NF0RphWZ5dtlzGLnfFEVht6JaALY2jEb5i2YLXMILynA6OvR
1998/03/07 07:47:28    Tv l79vj03MAERdhFq8RQDzdNQ2htVODPyjtEJiitDDUTU.Ej4AHmPv
Mon May 02 08:00:36     F3o7mJ8dev2QHyLUhCipUD.EROtNtXKxbCal6aP20HXYzG4IUxkX.Ww.VSomYbY9GiZkk6qbIW
Tue Jul 09 14:03:03 nkSthvJxHQNY1XorP
Thu Aug 18 17:34:33  6omurdoUTqmC 7zfZkQhRBw0Pom2ZB3QcMZGVpHi0rKm
Mon Jul 05 22:10:08 k2PlhxQ4z03N3Hu8gvgsmlFphykaff6 VLHpCoTi07smDcBNdKaSFG2uhFXZuPSJtNBeyrTgO.
Mon Apr 06 16:49:11    NGKk0v.3Fki84WXT
1991/01/06 20:52:43   i3K6hZ2eHUOwf5.U3ouf2aw1Seq27YlFwHVUVTwgxYZC.q8slqDDj2bMr0h17sGKzhUC1sDc67Y2WbVf1S6ahZe5Ff
2022/08/19 12:42:33.503163  nyVDwRnYODnnvd7xqcPYCATosHmmurJbORtjyifwULy34aU1RwClivrFLWywp
2004/08/11 13:40:45  SBjWyHUPG58XMdlVvNG 8K2lSIM9ij8hvuz7MC0L8hnyYu5QcmMHHLAcc0ZhYf3fPlBBkOBZ8IaqwT6F3cJPMJdGR7LvX.FMU4xN
Sun Apr 02 00:52:57     GBxrh0gQuls6Ol.1iXC.Pkr5ZakuNGYQytb2Z2JQVyp5XnL akdbw4 AeeyXgBndyer.QGc2ymZ MkcAhFn .zOfxItMitrn5T
1996/10/11 02:46:00    6hNTp9Psq0.y6TD2obKP 
2014/02/03 01:19:23  rZTP5QTREthekqFs0CPflofHEGFBoOza2b9FzmWcsOo5.FEF.tXfSd6uPTUTbpDDW
Fri Jul 15 08:39:15    qxFqQnvoL mLACfUprGnoWAM
2000/06/02 10:09:24 tbtGChKj3ztkfQ1HpzhpGmi69kkGR.V6y2WHzpbwCnpPINTZVYUgstvKjRnKcnKs 3MQGLlBgXETE
2012/06/07 03:35:20   zGB0SE1ljhdHpOF1W71RkwPthKXZOwZnBc8
Sun Apr 06 10:30:49    iTlkg 07dzGRFOg0cWGgDrF5Zffsf.HJGKy.d7t70gNJ69VLH JXmDTpwVpfij63zSkPmm5
Sat Jul 24 21:09:09   lHNF42Qt7Nf0KPSOj8AzH1kl
Fri Oct 20 10:05:09    3eKx tn6ZZ.kPrZ4tP1jYioyw7xu.nxSJevxg.YZMDZVaA67w8YzLJq5
Sun Oct 06 17:46:18  8cbDWgWx7bGa8RReJBomNgpmHoVAmJp.Ge1NejvbcgUAH ie
Tue Nov 19 13:06:24   brgn5EFgJcwnBQ1s9rXV2bYMXQZ1mc BKmybH5.vj8P1qiKvRb1jwL82nlbWy5GbPwNA1SZErG4cN90H0Iu3nkVe .eVkFnz
1994/06/14 20:24:08 QE3EsxM27wpz0TgmG
1991/10/21 09:31:55.887775   OrFgaHjawXLZkCTLazO2LXJ.Fh7XIhMS1gnr3dfvhW
2010/01/10 16:18:52   lWKCSCx7174qk0P2mYjaz9VAE1mdyic9dtyKT ZrWEC8pWpH0JbG5LPvYSG3uq.VvnQsGpMED1
Mon Apr 27 21:51:26    Pnr9Lw9wxn9k8Uu5kCPeV7Qd0fH5ScZaK8v0LzmYGBH0wWLgj VtnJN40hJcH5HKPXIl0tdd
2005/08/01 07:52:18.993191  gSp3.9wGaf9QfBHi6yMrOWvUp0CPiRyJYsHH55CQQScrPQsb6uOWClpUkd2L
2007/11/06 04:34:29.16172    IN0Cyk9wqPkwIZOvnbMB
1991/02/15 00:49:31 xQxT8vTobI.lzaJNof0R3e5sZB5 fMhz6JOVNBc.XuOVEa8py5NEB5 ZjH1aF lHX1LewuHrrhbPyUG
Tue Jun 07 22:45:32   uNawZZuHRBJEIyev.Jr1u3rAfVJ.qEx61kgnBoYcXjUau9XTqE
Mon Aug 18 07:43:45   k7sDkPKA1kBIyGIcTRXYLAGqvSMRjGg.9Yhr6q3.pq4zzGnJvX2oAtbUuT8tnRagkI FcG8pCKu
Tue Dec 02 22:05:26  aMMDXYdE4zOcdqoAOBIpBxpoOrD6SMF2YUr4qmRPnjQxpNxQEFY51X U1GnhHd9mCFAvee3Xy2P3qQmRvA7tzun52D8rVgdez
2015/05/05 00:04:49.584097  CcGFdSGxDcepyTmiFG43HDbObgNEtl.yU4baU7PWJFy26cCTW0WZuhk3xJN0NmzzJozzyBgiyZRdeqywjHXvQO
Thu Dec 14 21:37:18  CmJ5r0sjfHVZ4xDVSfmAfGCxN hO1sQaCjvYSy9kOQMvk
2008/07/25 08:30:14.187878 tCUJo0KJrSw.PVe8.zvx5UdnHw93AVDA84pX12UD7ME8SQlKxYC5MIrrDwyGj8ze1dXu2L9HhaHY3bTjju4WEK56
Wed Jun 06 11:22:26    5ev.cerl4sbkDZIIaK1Bl3di4aZRM8kkGXLUGkw4wAeqA62Dn paX1VwPefQ5x711WelmaswnNeem
2014/07/08 21:07:13.946638   XpfVn0U4dVmjiZXfI26AOtckJ.S17hhsuurQ0bp8QhR.P
2011/01/11 22:17:20.303024   Hq7oAerOclYnQUbVG pzkPekdD2MlrPEbtRmukk0W45LPn4chGGPeqcssA2W8aWduZ3moL
Sun Aug 25 00:32:28   36yCV8KBzzxOKBzd PzzNM65u6eObD7Wk0zv2GwWckssc8.Hif F7JJe116VtYn5d7FYm7kfmRV6mnY 4sImkE4SLunylAZtnpP
1993/04/21 20:04:16.132886  2zVbzED4mC5AUUWf0
Sat Sep 10 16:15:50  ZwQ1PxSZhs1MJHy svCW2zJySWckxDaocfd7jgiBMqvmW6OIviodjmQAnyrgT
1990/02/14 09:42:34.435719 0OPm4vyTH.QfR6W 0O.sNDu.TaRxr 8kSIBJr8nN2CTbX bs21RlcI75
Thu Jun 01 03:57:04 cQDe8O9GkjEStz0xGJWkfwrXRyAUtpb.QX.YBQx05budtiheK lumT2QlrHcJy ZVny.4.
Fri Dec 26 04:35:45 9WiEs2LnDRRT
Wed Aug 23 14:29:19  9Njk35vs8Bcu.RI2E8Z9WUevqSwaz
2015/10/21 00:50:45.785512   iePDMjFu0bBMZXDrREt3Kf
Sat Jun 27 04:45:40     k3cwH82q6F
Wed Sep 27 12:39:06    ZvbaF1KDjdhSy56ddBoZbLouBn2
Thu Dec 09 03:24:08     M.Lvn2YUm547qYn2K9bBZAwuQowIug930 9Qvvrq6WK.vJmsyO3v5UAbuOLMMgyAbeKxUBB
Sun Jul 22 10:42:58     fp98ahU6fQDGUm6C06Xe bGKWiOP7gBKJOzyaYT
Thu Mar 02 21:21:53  yAsL86syeR.n
2020/07/26 01:31:29.98518   S46V9SfmZe5ZF4r2wrE5e0JwzuoKjcQT DJz6iHJ yrvaEnjjlCX9Bj1ZtXH
1994/12/07 10:36:23.151579     niJY6bR ZcpP4Y yjXlvfchhfy5PG6ZTdXpYXU8az ZTROj 03hfRz
Mon Nov 28 07:26:48 FWVmdk6MzTcUfcvlzwguvor3YWmVvkcVdYbVDjXL4
2001/12/16 17:47:34   sLe.lnSvPZsaq4w ko9OHrGYkIdqrqh5AJo4P0XMwAlNrnJfd0RooRx YqzJoLoBKmrVK.QVzgOrd2RMvSUwY4
1993/09/02 07:59:13.396473 4bATL7gDDnhdNwmg
Wed Apr 04 00:02:18   CI6NpOw1.0KuP
2016/08/22 14:33:43.558220   Z97d6o9swKbgTokz21oWPBkv2Bf.x.NsW.5kRM7taUmrWdPfQhGZ1MXgkRqw5EB9Gu3c3TUefsq
1994/07/11 09:37:52.989727   5dJyxrSLr01R ynGJT
2009/12/24 04:43:16.766556     dRa0vjLAvkhRCSO1nKD i
Tue Sep 14 21:34:02    nX1vag0 u9VCWEtvIE76lgj.gndXk8suHmVl2m1gK.GiyC
1990/04/17 00:33:03   TudCAYZSSrhx.
Mon Mar 19 00:51:07   j naTZ4HY92yFws2muGADKSK3hwITzaR2go3eAJpjcFH4x2Hu7CY5bHA6f4kj
2019/11/28 05:40:04.693325    N3AVV11CZnP3N9h62Zi.ZAxjXdOE72jqWsZLWCzVlOvokLO J31nl8XDvqaLxc3eZycOI
2017/01/07 02:55:36   fqBwusqp7NywNicbxEw1.nLWiGqYS99
2000/10/21 04:39:29    b2ZppfTiX YzNYq.pa22lraV596b9eVJKJwfSCzFPNfxbVi
Sun Jan 12 15:11:50  bU9ztEX36SEpru67xeq2R9RlDl8yw7SyD keDLqzScI5c
Fri May 06 01:36:53     yeL0viQIAD6i8BHX
2017/03/20 07:17:31 wTYmTtWk3AViGdCMnxu7em3l1W5goKwZ0b2B2cA
Wed Aug 02 08:55:25    flJeG8ZBCcw.WtFvmbnxS7W3XYfuSjOW4nyG.l7y2VJAOWQkqbptihezmMG11JD8jS07er3AdW
Sat Jul 17 11:24:50    9D fak3.iZNWTX745ViMOXehhWIKaKZADLNozru6343oU.zaP8SI0E.SQuGz469izjFOiXEa5f2sdjuBgruQl
Wed Mar 28 15:08:28  AlD z6iV8zVKGJCEMAC8XYfIMidFkUBYMFOKzAYE1adaLAtBq7yB4Beg5V5hvttLs7t0SV4SyKc1EocNVQKL
Mon May 07 21:45:36  q9KQURczRQRmmTp0D4uNJvuXeQZUBM 3aLlXZStsa0IbfZsrhYpZcTjtSK007lka
2009/05/18 00:15:14 9VsQ YBv6HLQmUWFc bgr1icc8Nn 3hW3
Mon Sep 12 20:57:16    xoweUDwHkS6lGYMPpxb.3BjrmTcOMRhioTPwauoJpA6XPpAjlGAElmO4pBAGzxWZ2344MqPmduH4k
Sun Apr 15 21:22:27   YuJ8 EQmK2fIhM6SwhhNLvNwBRE3wLG4B2SizhZsJkznom3sJ3iABAJwFRdocmxhTGN.z 8ut5oY1BQQ8y5kX
2021/10/17 13:59:26.654519 JgTebEmllTIgH0Kl95w3.IiRrTJI.g0 Nd9TwY5QTEF.663RvPP2LBETsSkT1x1MC.o9
2019/03/11 14:34:56.565438    YU0C3ja0OnoEHk.aQUuLVlDgTVmPvCW0PWDyJnKivN
Sun Mar 27 12:08:18  YJyhkVdT9VlM4Cj0LFxfXa1iDeVhivsofJrLuvOGBVuLXUiDo4uVGc85qKg4e4RshWgAxYnymxLgoUUEkYpGuzxC7
1991/03/26 03:10:50 aIVCLAGhpjHuHI PFBdXw1WKeVgE8fpNxIKKCuPBYGnrze7wV0pcUm2y2CtjM2lyO6ViUQ5SLti6C xqkHQfkvPumXgW
Fri Jun 16 19:26:18  db59nhPuYML7I6cpzYDusV1LzKfJakkBLLZq0p4t7oPc1PobXm0MS0sQFdX d gJTz54vzEKvQhsJvLkdkUya8SpQwZoy2FPva
1996/05/16 06:09:28 zZjqLPZaKU2oQDnZFnuC7Qta6IRtu28grikZZfbjG.FW
1991/11/12 12:39:09.43413  Y46yXS S pMGAJ5JI5lRbZjye0fr1Y3e3xtvr5LJ WR.8o8zDdp9rzFMg5HlxX1ZRhO3aWzs5Rxx0GdAV
Tue Apr 02 12:52:45   JNPt5v.aJ6.Uk xQejt69VZgpuuhd HgFb0vW4O2kXjyFWFtMaw0wzxK
Fri Feb 17 00:12:13  a1w1smK0uXF
Thu Jun 26 22:35:18    fh3lmBoHeLvk hMw.o1uWQMqgJLJ517
1995/12/02 09:33:15.542641    LMWaSQ1 VVhFZzf8T898b1B
2006/09/13 06:51:48    sBV0VRjJ3mHei81
2001/09/11 11:14:58   7o2srKkeglxfR8v4WCj965.Pwdv.sSO0yv7.8k 7TxuqB3WISeCPox1clp6qDz f2yIzxKmGv5pSIO
Thu May 25 02:46:50  RCeBRzdlF3l.l.dzf2KzCAaMvXP2wXGNmh.WnH5Hkqc8PbxlDssiaSUUWDWPh5sVfa4MIPqi.Nlp4Ycw3av6hvf p369r4
2014/10/20 17:40:32.902091 gaLRTwpXo5xFkzYE9x.r8s4ZN6yqYrF5l7K5xCsRi ZYqnSa
1999/04/02 06:19:27.456005     uWcDBG953JH9ijv8TRAR1N G6y1Qg3Sb7VShS34l.5UXvDvBT2WGBHe9IN4CQC
Sat Jan 12 03:29:42     5dxelhj2BKcBjE.0Ox G1x0cgyAaLR0HlZSrEZ 5RIqK Sm
Wed Jul 19 16:05:10      OIvmkdBUqvqAoqT3Yt8wDRAFQ617hI0E4F40bPQe3s6K3XFtG3T78SkVrW8YxFfImr
Thu Feb 20 22:04:54    PEWQv 3T8CnZWcDoG9oZWHRohy3miR6MPqWcC.TQ1pvdbPJFb2j5n8yYCwJlAoBsieyqTmHSPYrzqBCI.
1998/10/16 11:06:52   JvX5icof72sf5gMGBPI84uQ
Sat Mar 07 06:53:43    toiHxloMPCs2hzEwPnpX9cLHGs31W4KiqYfzzZjapI trQG2Wjxm.WCdAT2mQKJkoY 
1999/06/18 20:39:03.856574 8tInYIzgbzkodtZDH05apQw9YXHVFPQFiCzK53Kq.DhcjF841 1c8ck3oTPFJpE.JJvBcnP2CpcvGgv00zMr60Lgc
Thu Mar 19 10:19:38    WxCyGEBNTQNIeQ6VmqWOhSxlmXmUk kDmjejpvkYuM7et NGC9wi9hhlva2WR7e4
Fri Dec 15 04:59:28 10qCvBfx9AXFrIvCfGxoukPnICHDUKblgqf3GI
2014/11/13 13:03:03.173049    8wOGj3TLHTtQ0k6f5sN7jQ5ADtBtv07H4mr XlM1xRmri1diqUyB
2012/10/28 05:08:56.458500     BTvdSPPcMHdIb48qTOXH7OhPErypTOa4f2OoCyCEWAHzIaqOMeOup5kV3u
1999/09/16 09:43:25    hDM.OPEK0ItvdG0vYpAwLsZxR7CItZjT5GwAgZCMM0IYKp1baiQ8uJrZpzOmpMU2Y wddnguMra4Xy6QjIO5ASqXVj
2008/09/04 17:16:39  KLabWT2lwcAcms6MF56Dhi3iXqyddWqqp6GyugNesDlYqONDv
2001/10/06 13:43:50 iq03xSUyjIr2x
1999/01/13 06:31:55.410665     N8cOFLVqzS JV 
2003/11/03 08:09:58.841443  bNyq4kS0viF
Thu Aug 23 15:56:21 YLgy2OfRRJZprLd5iSwVPw YJmHflSpXGDOugb4LQj4g.7i3Bm0MFp9lfKCw4bSZUGcoaVYL9fTJq9
Fri Jun 20 20:19:23     eTPCgoJZi50RVhDKN3S5b2d21YNlrTQMMiic FQGOIlUCPhjk xj3bXka0g7 ndIbt5Fyh4d3TrF2
Thu Jul 28 21:29:05     7ZT7l6Ftn2DaMJ3HVg5R
2013/11/24 13:00:36.207343    bKZwM.ruNrvWPHz2l4ErfZ1ExB RDCm82E6ZM2APZOlU7sQa88VoPsYcROApTSwokkr3XraHDiidN0x
Thu Dec 27 15:05:43  2HtdgIR iqixQTFMlp
Mon Nov 25 22:51:19     skOGV6QDMunZHw7s3gSmixabGw5qXb7Q8Qt.ZMC84iEFXuLpSYJwdj6LSofJU
Sat Apr 15 23:35:43     blTy3mi12e8VtFh.k0Gqvc32TSjR 9y1CHR5RokTj7rqmSrzwK9VHOcP9DpqbWU.pePVPKjktzDz0j
Fri Feb 16 23:16:24 DCcFMpMTrKYNeR117tjqvQipwBGGWFi2cpXL7c9MM83vGx6vWe
Sat Apr 28 23:29:57 Kg2sfV8scjJJzZSNuCPr32yMcP4ytCsePASN3y
Wed Oct 14 11:54:17    MF1iL6V.0xJ1WVdvz1oT4M upR54viPlfYQwQnmklV mcLXPkHEbaJ8ETpsGQoSuKBynTJC3XXnGGOwFtC05IKP5
Thu Jul 12 17:11:09    4EtdftfgFoiTxyKk.CP2qaqvc
1997/02/14 16:52:19.21472   9siNbaV1qtN0meycYEbb2Ov1gadq65jOQ1sr7J1Oo MsjzRobvhr5zmpbfUXS4TQ4KoSae.vlVUKpBa33gN5WunuQr
1993/08/15 18:20:04.941557 I0C848gNpJhl8pqvL qerD8Kib6eDLF78UE ri4oTR19XzDhrjnoqWJocnDM3ElZM5xPPke0
Sun Feb 06 17:33:08   vTrCfz.zvHhTafBlROv64yV9ryy8
Tue Apr 07 13:22:15    cRFyw7zsTooF0g0YalXDeXoH6pZaVHEkjjMV2KvHMPrgAAascJtJZ40iVmtadnudSPdfBSxCs
Mon Jun 13 10:01:04 rzFcg2EF8n71W8BWkVSqDi8BtsAvbtGDvhuf
Wed Sep 15 21:18:48  U3QKOnGMd.UIrAbjUH1ZRL3py8 G4KXmwjSRDkJ0pKn7c7ffqv4FLOPYyU8Wk8kFcg7
1999/06/14 20:26:22.984149  s2CEwTT5orQr71riU2lgXzu  cld0Gx0UHz2OcnxWaBQZTxrIleo5oJ0THqB.8YSe
1993/07/25 21:29:10  892DhT iylVpUQ.h1akG5dziPi7HYoY6X6fvvPgrKgAcCOxf9y9vP
Wed Nov 10 02:59:54     Qb1ml0KCDV2x
1992/11/06 21:41:26   ltNSwEe1OU6BPdfYe5z9ELv3f.CN125vf.vbXXrSUJdk3AmVVfqMOem4ZtTlP
Wed Jun 23 09:56:57    qC01aXPedDacCoswJowGuZUnt8vezvkJ5Nu7. P.Y
Wed Nov 26 00:30:57 F4nvpiw2E77vRtDjBGppAr do1WmUJgLfy16.qcDj.DwMmWY4ERlWpoU2a9sAWNSlmzYWHbASb7H7Q24NmJPgZzs9i
Mon Aug 10 13:00:53     q7ZVpffEocvntcPIUlY
Wed Jun 06 19:24:37    UdkyU10CKusMoe69NpEG99QE21nlqqI3gRK9HrMRU80RnadnLEdV7ONm2kklHuhL9xuHsgsm8TiKqMZ3guMO6K
Wed Oct 27 04:02:11   H8WIxt z.KyzvZZ7SQyiI0MaGwzcb1KwtNWC4cLgDrEpJFQenk.8Jtu
1994/01/11 16:12:29.275076    L8w144VZ8AZCQnvpY5GV1KcXoU5VIXe2fjN OLWyCXypVaAS7zBgoC1ACZQQHzCr5lgLo.71J23wfoSJdZ
Fri Aug 14 14:48:34     O.d6UrUPblvp  79e9NhroKjqDjfkhGnO9OQhOMeFG nBFMRQJcjB3wD.GTJjYdcVbInos4eC72
1991/08/19 01:39:35.687602    k196cMK0DO80qiyOWsLgua3a aI5EdYDxwqcJtVkwQLDA
Tue Aug 12 13:04:10    X0CK dBBcRlIKiAjP vIH2CBNppS7YIdpy75.Usbmnic8Is1TfHzv
2008/01/10 10:26:22.606179  QWNh3scfgexfPkrSk9SutgRPevgNW 4TyaKlquELMVy izBKsVVB6XlcI0YI Ker aACv6wUw5voKA WkK4K7whm
Sun Apr 04 14:26:59     9i2SeFWXHcaQC8Of
2003/09/02 09:23:03.774949 k2wIMbZiIYlz.r54aDNEgxkY4iZ2mT5dR1DXb2TG6Q9ZOVG2AOEUJoYsmOiuQu4Ix3HYsG6DR2HueeFzByNCI29qTP
2011/02/15 08:31:13    Z6 pNWHIcUkrg7sWmkwjLcxyYrYldW2A2FqNwD2Xa0OqmkYQJo8sSQBPr2KuL3FPjdfIK
2018/04/09 12:45:57    VuF5tOb1eqhFgDDuPVMJa4mBSVhjgNt8RGm6K0rhs1ze0YnLqZnI9QfkU BD8.
Tue Mar 25 23:13:33   rHLw81tjDgMs2iuFvnwtELu057FlHMPTBIGcgN 7cm6W E31vdpqU4l25oHZtNJjtq9Sx9y
2001/11/28 09:49:48.160352   ztNfcEul7x3rV1 GvMqcvCFkPBbVFRGjI1xeLDOn45irucfbSHOJX114mVqxRg.Kx4Xit0PmTjCn1t5
2008/04/15 00:27:03.211516 pyu8ZLhkdqzTmlQb2mpucalQMmv0
2003/12/01 03:01:23.406512    GtRpitiI6S2w6
Sun Sep 22 20:36:02  IjMO9ZpDF6UMXqOb2Pokz366CIVlH9Uy2CY1RUmCWNknsN8qLcJUP2ftC1DXhLlhVNcsNRi
Wed Nov 25 07:45:57     vvuxMdko1o5B59yZ21o0D7KDllscHjRpVMPBFHII5RYA
1992/06/16 14:44:11 4U6U388ijbVjKBaagh2KsYH5QWsn 16xJf44XQW0zz7Xu9bwPzzCmsp4rOnJ.GWRUnIpJLiEZhnID5aT
Mon Mar 05 16:04:50 SCuYNVTU.B618yz  L3f5mN2YxBZ4X1wnWk95lzqJ90Y51weTKYcKKDTeUB30M2qXtqrybMs.cv
2019/08/23 03:15:41.573456    XA3BxwUJoVlGKjti
Sat Mar 26 06:11:07     3mJ0uoybr2TYghLFUI5Zea U2mASi7SxYO6VSs5x8Q5oQ6zIEGeEciVoxG0WxTQ2w35bl1fpIdmEec16T03RFn.Wg
Wed Jan 15 22:33:56 pEcQXea1fsco
2018/12/03 16:35:41 5EDTcz 0nHJOtPDxzX0DAfrAjnWGWoctbx723x KLWpTyZVkE7ozwWu5408AGdroHHxT
2005/04/06 02:23:43   2zHJbYzAu8sVkvamcRwEmpeU9pS06jWJeFfM
2011/05/04 10:10:30  FySpu5N7GUP75PNHLUk88TVqq2OiJlVHGBDeIMqr9nyFRFv rk.YF.pezYzQv.
2017/06/18 21:21:06     saBR75tyjQBI6DLXemwbVh.62TvRpNTNINMnF6ueaMPrlgThOxQyLvzFu82tVcmmvsM6J0ZC8xM48lJMcEDIPNhOK5rV
Thu Jul 05 01:08:06    0aTBNQDZULbc8GVOqQg46.qnljc1qQ eWYhLYBR4umoKYXmO8LAy6WZBYMaz48NMKaGdzZyJDzxnRNB
1999/03/24 15:12:41    djjRMIEg1UF9cS0lmRA.93g10Mqo8w6JuImPaQr6QtU1aoWkCIDMV
Thu Jul 28 13:40:04 WP7tw dCjxyjOqfQyMkAmQA859PC3q
2020/06/21 16:37:11.630456     DW8 bUg2qq4zxyGcYnJ2YUQIpbdi3aFrSsEL.LRjXK0LDmVpmS4bjxYX8yG4zaAN6iUnqVLN2Vf
2013/11/25 18:59:31.216579    ttazoGcqfHuDwU5diSAmKn3rWoJfqEKXRIVCQY2Akg4ue3PRKWswVLkntknKcPyZUQiL0qY.OnnZFOhrM67sfnUpOOW
1996/12/13 03:50:10  Pi0js.IB7aidtSnYtsl.RblzWCHoV7CC4pdLgs8T54qM7.rOfqU46Vm
Tue May 07 15:20:17 puOSBTNTYebPLmHtty.co 5zNZn09Kpg1VsxosgOrDCeDC8.yBOP7VzH57abn0yJ4573WcyoTcZE69B2nLbZeyowlEPoAJy9fo2
Sun Sep 22 18:09:52 9tPTVEZuEtnxMfrBljKl3lVcCbrvtl4O
Fri Jan 13 05:53:47   j.py4zWp.Coq9ZGzGTjZKSIL7 rei7yaC9 9V7BbVhDYm3begegccQR LUgwqjxWJ7z0xuN4pLPqPxn2acX
2013/06/24 18:31:05.930090    iRtfZPZAUutazRhVxjbVkGC7zeZEO8h8wKQf70jfFoVHmmAKIa
Wed Jul 19 10:43:13  qU9.DOc9xxH
Sun Feb 02 16:00:34 Ij19D8WGi45HZ8QdP5bpPQKbC.GtJX2Hmmi7pyoi5vDqnyFL7 lN6fKSP
2000/07/04 14:35:44     0MbiAt83fDWWbZzIzWimPcl6RaTZAmVQJLntS25k72.uuRp1S
Tue Jul 25 17:33:25 obGsfIS7ob33KLuT2sV fU5JK5oQMlZxlyPSOELP8ndiTVwzZ8dG7bIioLgjh9HoKDVV7DbqGALxJkbO
Sun Jul 09 01:33:54    C0Ybj7k y 5Zq9lptX1nbmtuzcyN5KQfARlaAq1zxTzjJaP
Sun Sep 16 03:49:51    7OPm1A9.hFV0i5uXZOvKFiQJUs4Wkzp7e7FEqBO2CBis
2008/07/15 19:21:46.164236 LLETrFarErSHjRTeL0y8Qp1ONVwtmxv3Qs5K h9S805WSthxZ Xw9J 0DSBdxSftiqQ 9quS1bK3rxtuM9s7YidxdBiWF3X
Fri Apr 22 08:17:23   oHETuD7Lzl ZxfyVnToNwNVQZdZK4lanvEKPff8WToboigAur7Vr EKjVfVJFtjuib24Cf4Y
2018/07/06 03:25:32    i.eZFFyS6mChCwgPeGYYC9libf0eITk.v8.EpQ1urc2SNNiywOieVX12cvjCPjDTwU
Fri Nov 27 19:55:24 7TUED20xOs67w.fuznVfRVcyqQLkgPxPSgMq0Zk90FekK2PsPym7C2IysQ5bmOQDKsK
2022/10/19 15:32:59   STM5pIipN6KTC2tkn8dZ10oyfMXzojRrOt4j2arO.b1ZtKrU3rPk1
Fri Dec 11 02:41:52 653mUy52oUv7Kyg53NuULRAywU2pS9rrc35jfnjSpBSBCFOwBqqbapubjTFL1O5LOEalSNj8.Fmp.zJ
Sun Oct 04 08:49:36   M0zmB6zw8dULdAkZXnbeVRV 02Uv5adUOwM5hFJJVmRqo8Go4xfDmbtU9ih1rxw9gKLSUN5ApgDotGh 0EQfkkFcFXCm0pDq.C
Sun Sep 24 23:03:49     51NGQCy8wTOeN5sN3kPG.sw0b.MGz
2020/12/05 23:19:43.357796  GjYUSv6 F42qf7jOkFPnjMG8iiKbmBD.HGr62XEreh9RyDD yMBFZDQdTc2XX I
Sun Feb 20 22:17:21   4KmJcLoKg2Ul5gCRdcVehZ2mkOYV8x2Q2VrjYwMg.Wn2bYdTfPPTL3s5D8OpFzvb4v1LY1ItPmvPT5Sz9V
Mon Feb 11 08:15:44    FuRJeEg9c7bnoksRw0VxBg3SYxjPHP8JoZQ2q4lu5hCdIZ0DGSqj
Sun Jan 07 13:29:29     MG067fcWnvXzpOQKNq92NDM SmQNa2U66HiOL6NC
1995/07/04 03:52:52     gcd4BLcpqH3ogxNbCXuvUIYAJGhsTmoNFQ1JJE9w8aL3PIGmlwCFS.D XIg8g6iq9PH
2011/03/15 16:59:18   4B07j0VB3pel2V5.m5lMPyX0vzyNWNDXd8S6F0EefyooIkIQI3CnYHfFVjzYZaR
Thu Feb 07 14:43:59    q7JpPdJsSu3W43S BH7289N7j20Becv97XiVKHtDSngqPfakM.w1H0Aakda8QFYp4ujoV6aTWfe5vDBQOYmQ9 
Sun Jun 23 11:34:04    jovSmL7ewyRMZSeMkQQXVzCdiXMKF1H3c9vzzmoOU0 GhvzTHwCytIBwKPgqCxj3efacdaWxatQFju7nMFt
1997/03/24 22:10:10.214535 HgEgYSfND7MHw1VO7tQ4eWJM2VUobPqhFqzJ9E 
2020/12/02 16:32:30 o3j2A6P3E9yFpauLugdOTrsbP3O2S7fWnMdgsGqR
Wed Dec 03 08:01:30    WndCWpGstIq5eY3BO6vg4X
Thu Dec 12 17:23:34  68GPZXjHEOQ1qXKnM0GL1lMIsK0d3mhkASDlPsNZlf4Jjwk6mkY6uhZNdfj  Ogfp8f68K9k5.XhQrhIpxSo5xqE82HW8MNWst
Tue Jun 22 01:32:01 J079sMKiUn26cx48l.TuDO557.mxMK
Wed Mar 17 09:06:01     R.R92Y NYWuobonoT
Wed Oct 27 04:23:09    x887xcSzoVmYFtpwoB00geJAeqLcRft2DpvaH1A8XucZ2VZv
Fri Oct 13 20:16:48    UXTREmnCQvqYvhgD
Sat Mar 21 07:30:00  1Eb9cc.pejIBBQ6ob
Wed Jul 21 06:01:04   W5.Rx7LVB5xoqZB6V7 UntfbxT91iI9qbA8ccZSbAjFyd80Pq4wp 3vXBMUSHeBMd
1998/07/06 22:34:07.307172 tQXYiIGZE5gQUSocdiiSN6i8904hPt6cK4UYMZPaC5uZ6if
1999/10/19 05:29:50    wRmAfinmyPZH8UFGlZK1tGsLxa
1999/08/20 01:12:07 jonqJtaiqEpr2z.E
2013/03/07 08:30:17.341799 YCNbAbkd5hnvFRMUJXBYlKIwgUG.q71l1JJ1WjqpntkIvfrObv29YiFNlgzPHKUqcn3RE uix1p
Mon May 10 10:06:28    g9xjlqveaXB405m300MhvFFIT9YmDXr4I2JbgdXFSzUCIUKYezfKfQUMVYHm0aB0fot W INGHu
Sat Oct 20 14:30:56 JErRBqtcN8fYRdiZZJdpcIJfb8nmSrycoOC.JTkhU04vP0K7LtniyComtt
Tue Oct 12 01:17:37    JbCsaOmbgc1
Thu Jan 03 06:13:20     LsHGvlT.gJ4kTcJJSF5lEVUnV0rWbPXZrDUisqQcNMbXc6hXISd4DyCk02axk3qJDgRbPWdvz9KYR76pXnSZyeXm7nMwJ
Wed Aug 01 04:08:40     7rCtw7PMb3SQ.xJt8NJ9kmnVAwv78vecFJNMLpQItIPQLgAuakWcMK6Yd7OjDw.vclVEPm40o9iPyuY2ORHbKjQPO
2014/08/28 16:05:36.735406  M5BDf24CVDbhDky StQ6 3KRhwp7QuzoPTX5Thq BlZH2JIA7ODDZQ .odPc zSgdHsZAh
Mon Dec 13 02:53:18    9QQoo.GJ0fVhvCfZ70gDEWM
2017/11/22 12:17:14     J2glDG.pZnNJzzmH.ZBK8MtE YsZu2zQGdZ8dvZyZ.nFivQ0cIfbVC rqPBnoozaeySDPOrje7SVTszcv
Wed Feb 05 11:37:22     s.SWgWCv8XJKOTnAG6ABNShW0Gly6YiO70C5XmuorT5f
2018/12/04 07:54:10.105628  4D0w ie XJWpCV8gbBxQNubg70G5E1FYBK0.3GxxkQ5oTaN4L20FhGOWSU5NS.xH5ij7LvGZ68kl75xg8
Mon Aug 01 11:52:32     Khw6c6XMafv7dC7hEylPW3EFT4.Rh5jA0UcHdPThbTatJ82OvrQxGY
2022/01/01 14:28:28     8JoZ27dtaXD68vXQtoSvsSyyH1rPBKSS
Sun Jun 18 17:44:00    eJxdtZKY Ju.TDExjc6RTrbuPaJU4KPIldtBR3bfZJSU4nG63bXXs0QqV1 8ajmPyG8G6gV7sSmGiHR9Xs5MlBUZwus2F QDky
Wed Sep 16 14:27:42  ZmYlejrv NCW5tzQ4pjsosmNkIE5w9A4Hz6fTCu1UW1Bje rIrGmEeu
Fri Feb 07 04:38:57  eT.wnveVLNRwdAA1DNXBaHYMpdotws UsPzha.wOfK5FTix4a1nxP TJRblcMtEKD.BhN7An.De7
1998/03/26 00:32:36.195294 172nwM3Nzlc2 bz2Nm4GMog o7nCroEoCgb33jrVzQdB48SsAckwhhyeIP0Vj.vBIzcG.hsk
2011/03/20 20:44:59    vdQzmJp9iHE5qpU72pUKgDRLMpIkY6bqwkKndXa9eu6gobLXV.vOnOx3KXUkL09BnO.wAquVMngK1Vq1
Mon Aug 23 15:02:24   9GjhG5CNTh3i1eiCngpnv5o pQYQvRM47wjKHEz
2010/05/08 23:34:21.547392 mSaux8.qihiKvezPjHJKhVOcwLTq
1997/08/12 11:56:57.220857     DvnbMMw6ZoI5WNowSIPQeInpy
Mon Jun 27 16:24:01    qvF QYmGW jaVjoCbgrMC
2015/12/02 08:24:21.289045    yxRKFQAzxYBR
Tue May 24 02:39:45    GRNV1b4UQnWLg
1999/01/02 19:28:32.957780    Bni4qrNxhuJpPS8ZOjBUJwrApTh9OhvPGqAIV7yDeHcEKY1RrqQCvgvYLt 
Thu Mar 03 19:23:18  hogQiwplYso.fETcem9Shcq6WlcS7hljWDKTX9F5g3sRgooPElhQSBoipqQJW2 UY.7LB
2012/07/15 06:56:41     iMBbSpoKwBljvyE8vyGBY8qDlmuMG3iJyocMM aXYWGsTriQVURB2xW7hqe2FRwvvFP.XSxduHf.eEGp72vCmFbTjdpi9p2y2j
1999/12/01 16:18:48.514157 38OowW3Nty 2Uqzcc7y0Hq.NuJsR9zEInofBsw
1997/04/21 11:42:25 s18UbPaPV eeZF1ptSFFDVwNBzqF63j3GH8jmX9ZbHRqy.GQ2AYw4te8ki
1992/08/19 05:29:53.767252 wRhiYo7x7mjwRQuf95VrtRBtbJFA.zmhpa3
Sun May 27 07:49:56 .ZvPAU0yC2fgzL7padmJja8LY3Vv6n1wBASJQhKsK0siOpYEUvN6rCAv24 H0So0k0buXqHJAPMgoHC8Pa
Fri Feb 20 03:01:42   wNj2BrlntYukrRDlR DO8EXfBoXoe
Tue Jul 21 13:54:29  KP3MWzonZYrSNsY8mEGtV4tIVT0YdMP6rzgXPMov6bAsmP.6VNv5kcb qvenHOhOb6DYA9N51IA5HU5W4Ru ZI3YYuBI
2009/12/11 21:10:00   5f2GsqcP gThdkkMsGDT.iMVjZTrYnDDjs7aaMyV5OnwMeO3n3PkEQI1kgEMkH276hIYYhRruwbHoOuuNbAJ4
1995/06/25 23:03:30.99110  dw96dlttjzJsp.CeXwYlkjDyiwYWVqCjNXzfQ7W2YLVGFFVTF6Ek bBhIfbwZficDQmQMeHS0cKWnOclmIbDmRPArBXd6gf
Wed Sep 13 05:14:49   tUh bmXtMREcm2XHngiekMdVLkrmBsfSRVEZP6RhGbClUGOw6xVzGn2cIcyiTxxWMJUvL9LM
Wed Oct 28 18:03:23  bsHKtbAkanqsR0aopqIR43J.6O
Sat Nov 26 03:56:35  YBKJvA9h46how4fV 5UvCVmw3nqL5UQeAqwGm39PHWvt9jVuc
Sun Nov 22 11:06:30  t5CaNakTsvpqs5b vJvBC7oqjWVW SLfxe1JCN7BQPRpiIu8LYz1Ykq2r kZOk0EOKNPvoraGJ.Orz6Tq
Mon Jan 04 22:03:27 ttMU30MTEoiM.8badOIPB1jy8ocvAwmWMXy aq6kfp12e
Sun May 01 06:49:54 8sFmvmPA RrsSlNUM5At5B2TmvhFOKBeqV4tHFcZbb2eX1VWJe3OzudrClF5hMPuFOAoL6wAzA248e0
2012/02/28 14:25:05.907828     GgGARQLCh5A87O45hCYKIdCiS6v8O1ALukG29AwK5jzSuqg1XQ2Ej5EuRfRDkV839Cj
2005/03/14 15:27:20 6k8EPIJ2dh5AuGfqsvDHUXT9s36FCjB5WSC4 b3J2CD JYX
Tue Apr 27 23:26:31     izSIClKUcg1WDoZ0U0.qoMLmS4QLNg y5kppjvNhHOakUC WBRxNCTbNkX4sAO8Mdv
Wed Oct 17 13:09:54  V.DhXCQrbffEw5Klr4dnf9l7CHNGXjYj0VSX8nw82oKTd4MOg
Thu Dec 15 08:25:04 IvVEMVLRIycvQFxQTOdHXe2g2TAOt5WcpDiv VSOkDGBZg1KyA073NqQrpcTE pxTA4u0GABpQfP mSr.YzOOGVZJ9SO
Thu Mar 13 11:01:29 UMIItIC1z37mB7dh
Mon Dec 25 18:02:41     b9Sk9.HnaiMIr3Fxfj4gxFwf 4FZsJPsanfdTMSVUrt3Vurx
Wed Feb 03 08:59:34    gkMC5kL6wUT5xVlp9j
Sun Nov 08 01:00:53   W2ws6BG82mnw3jkcmOf ROEV9Xg4ZUzJjrVldf6qU Wa
2012/02/01 21:33:10   vogHqDqJsl31fUjQHE7McHHhcTPYP4JOTHOnHX.7vciqd5FvO6M2i
2017/12/11 17:02:27    vEGGlj6hMyID5d72ZH7JAj s9ribNvW5cwrVKYPTnmt4l4NX.Ex4
Thu Apr 06 21:51:36 nSE0jX c9XC2vo.Cif7HoxE0xKc1Pkt1mbrs
1990/05/06 04:44:39    lPWyRTsXb7vYsr mWC48AyulUkTy.uSrIUtF5fUTrMwiQh G9yPspUESP.t9gkS0lHsHXe 4kq8t3RlkG
2010/10/27 02:59:19.116015  wM0EzP.6VSC3M6DVPWwnSRYUdUi74nkRdmjs1BhhUJ15lBjHuMAKyM 3DL7tT4HbJeoOAG232Uxe6WdtvXpdwHqsI 8oz7sC1l
2021/10/13 15:31:15 7jpeP06Sc29Z9MUjsVuCMZcv9ML
Thu Dec 06 00:04:24 iQB..qyHjuRQ3ajob882CwZQG
2006/01/15 13:17:28     5GRIIRALthFSrYoJWOOX3NLMKZj3ygAQ2 dD7DaJvzsTE 18aWhxkbMozb22BNHeHagIco43Kgrr mg3DtmD.ybEYXl8E
2012/03/13 09:08:41.702114 mDTpDe1lRkt5XYfMpC1RCu30QUJj9oECsEpYidY4zw4Yj 9zZ0R5c74EBH3IAVswWAT6a92jKW3KkjddWjLmD6aqwy7
Sat Feb 19 12:24:00  QkK2ZRQDUXolUyL7dzdeK3N.U
Mon Mar 28 12:25:53     4b0A3c3wQcHz7R6EW.A Jn
Tue Feb 08 23:16:26   hijn7qSvZlMYgyqAGLs1c1jcWi.uSfPdP UMx0TRhfk
Thu Jun 10 23:42:40 jtY80bXaK0pKRYoAb6R3.F9AHhZ0.GZI3MR
2005/08/09 04:02:34.234608    tczk9b1HxisXSeXN6lUSU2033TP3vDTCnM3 AmIM8vOcPBCb9AHgFSwA OCh1Vqr9gzkusVlD
Wed Oct 04 04:16:25    1EcqQvIFJg.urujjQh9aw8O8doTtsO Pa63UEN812E8GivR4N9EHQo2.kKtyup.E29K74fod6b7HSqFpf11JS
Sat Feb 08 21:13:38 WPZhMNkol7rrNe754mv8ZGGJ2mehat2JfzHB60l3ARYKYty8FUfrU7l O7shkLRHrIaj5qihDxP1hSPDE
Thu Nov 22 14:50:01  8AASwVVjOUJlfGInkI.h8D3fb3NhdiFLrgfxFSQ tj.2rEBdgK89zTyIxF8.soyNFrXsAvZbnrgJ9s
1990/09/22 16:59:17    4CKIpctikwW3k6iJnVLyA97jlyoPIvGnYJhfpJ cw
2012/09/10 22:35:34 014RTMks8HBMwa q
1998/09/05 19:22:00.595422  ZulItoTO5XyiQkve.WZTsIEB6zSKrrkYkFFfztP6Ft
Sun Oct 24 14:47:20     Treb3ymIsr0fy5MzFWi1XgvIM4xFpBuifh5F1WPBIrd26IV.cd64we3Bei5l33S41Ng4WJzoCOFqSL2QAgMr2NKlvG1
2009/09/27 14:15:04.581298  EiE3w8KmBruDuUNv1JW0iuKX07FV4OF iBMUoA9L33eWBJL2umzlY0vbC
Thu Jan 08 19:12:57     JMIxlSVrNSRza7edAkS0s 7EHrCmcnXe3QN
Fri Mar 03 17:47:05  xisoXsz2RijIqzetmxn9Bdj6rje.i1FchXog06jf7l 2KV7 1TWIiKf8bQysvdN
1999/07/23 12:17:08   GmUCYK.4RIE11eVmWb.4lBPXx6mfi6mYl3S42MLk1O59kn.XDcRceNlFe1z3QB7xouswxr1O1uBCykDnYBqaFYE4Zw
1992/06/13 10:50:23.424215   GMm7X4xBSutXh4hxUiEut2iyqxDHJxRDfn4BNOkSoU
1995/04/15 04:10:10  n1UfZzlxbdIvaj5sx27xO.o2lALRjVAZADbI
Wed Dec 14 04:57:34  joY0SoauLJHdJRlpsXcbwSMIDfUoYV1 szPBOhxKyK0s3SySsWN .
Sat Mar 09 21:28:26 cfVou0H5H8r8RKYz60BmWjOYqJLpyKDs6SGtRRXcsdTNs2IzwjSf7Q5TNZZKGOKSSyB6x
2006/01/19 03:12:43     46D51zQ8F6JySJKYyrMMj8vwGFeb6dUMcCHqlGrhsKiOjhhU qDWt3rbwbT
Mon Jan 18 01:12:08    yhVXx6hETMt2g0m4g7vjLlZuAqiCtHkoU
Sun Sep 11 20:28:45  82MNPEcVz5hySrD6GWETKr75y1iC
2015/03/10 19:51:34.141188  lESDHo.hpgaS0Ng5ykPH QUevhB.ymkYbj64V0an0xDiKKtvY53D26T4VpTaWM
Thu Jul 28 19:11:23     vTMFw5KbVSAzkHF2.eASRUY33fyDgemmVyqidSbRLh7fmDYWc6bG9z8hMyESYZvxnJo7X3JV pc7oy0HVGPk5LtepGztZBAj
2009/07/27 03:55:46  XCaNNnaP5Ea5fg8AVnpSpiStn6H
Mon Jul 21 21:34:59 alfxBqmh2R.OKhbWTCLUl LdXkN4jpHS
Mon Feb 14 21:57:46   .lunB4CWa1.wioY7zZSBdyQu bJK75uqMxI
Fri Dec 14 03:19:08    EGkMGSG5PgpPvegC1ZrehOyJXsymMc6WzX13eB
2007/02/22 04:13:20  gkvmZGJmahcvajc7SLe h
2006/06/28 06:46:15  rLftcsPor1gaCGZ.yFKPNNyKo6kb
2008/06/21 09:57:33   9Hfq1APlKMtIhBFpn0vGSekRLCSxHoiezTg6e98e23WS4f2Z1gAzlDBRgn
1992/12/18 01:43:00    UInumYgUI0Cwwd
2012/03/28 08:35:58 nMBSRpvCUv7G2jMwr
2021/11/11 08:13:06     B1jZbaIN Dgrjfy8Vbr72kqu8X7KUIwAtwYbBQr7fsCy5XysEC6G6D.Hi5w25DN01X
Sun Aug 14 16:52:59  aSq7SZt4Lhx6bCKql6dyLL9qSqJ6kCsZabDwn.oZ3SvvC mtkwQXMTo2k5RtrFqw6ep6nLpmyJsR12SjpcKT
2011/09/14 06:38:44     0Ttug Xg0l7
2020/12/01 20:12:03     dD2OMIw7OLKm RIT6l5AlD6PEzezCNgwUS7saAD whST33Pvk
Wed Jan 27 06:51:11    0.6jlY9ciL67EVRuhWvczGH.sJ9byRNKkrLgKbK
Fri Feb 12 07:22:24     SgoH21kN3yBcB81rJ7LHWCrw0B4PKzOMnMPeRKEu4vS PuK9U8Xj0yPLTlSto0qhwq0Fk7LwDI2kvGsPjC zVwNrZLEm iWDG.MD
Sat Dec 14 12:26:40 cEWG o x1yP83vmzqMJu.tEjbDE5kZ0ndbA3SDaq 
Thu May 04 03:45:05  ir7Q5AUovH O8QpABoS25xT6D31xEe
Tue Oct 16 18:32:07   vkvXdY2eJHf.uY.Rz
2000/05/10 05:19:52  S JkaBNo8l8Wdr1ZyDkCgCV3ESItQ8wLx13jzdONeW9QZhGPdNprD1fa.VF
Sat Jan 16 06:34:28     DgAayC1lIQSHeV0Eez8ObD7Y1XJwCqKovkCc8XjVm8XcTghGrw0IRB6E7hQZ3knw56y1XQ
Thu May 03 23:58:06     23sOtG35DqM9woQNK8 KjkJ28hyHDh
2015/03/07 06:31:29.991996    PwZOmCSGtCwrqiNn4Mv8Vt76j3NvgjPGQpXIMnMXYBUD
2015/09/14 23:23:05.725177    gblldDQxMOOMj.9fTaKjiNFpcEzykuo2Ve0unHvwCace99TZYdApeuHBxymSVk9G5pQSRv147V9VO2bevGjqykQYdbGueJvMn
Sat Mar 11 16:48:08   zegfobUOl zAJ7eIS5P7H6ifzFIBX
1992/12/01 07:59:03 G0r7bxLVe6aeZsnSWyz6VIMS2e8AB
Sat Feb 12 23:34:10   5SEjnBGqUCcQDSI3MhGEf43Y0p0iGK3qFfm05zx.4Fm3zd RSHpxCaqqceR9 8hOJjt403EAhwm 
2007/06/20 21:15:34.788147    tvQubBqtJrkP4QZv6AXSd3.HEyMK4Z4QwOYKE7czN7gvkxiXSyjskP947JWW5jqj
Tue Apr 02 17:10:40     KSFzJlPbJn 0UNcCJG3ygSK9o
2013/11/03 15:29:34 03n FnmkjVBp84tY
2010/08/08 22:16:16  GGizQK9zS8DNU04zw0I
Tue Dec 04 04:34:42  Qy2VoPKVl7dxjBzBJCCkoaIRo9LY 3wiJSILQzSW6kcKNH01kPbfSU
2011/08/25 02:24:36  RNOjXnhlqn qH36kNGk sBJFh8UdrrtxyEFcBaxVqc.AihFB70VH27GbT rvemqbt
Thu Aug 10 23:35:11     Q1mYTKrDu4NlmGQufdMp.Ron.
Thu Jan 22 10:22:17     sbJ0znicExpMrXP
2016/06/18 00:21:16.434945 kC.kmd5ujAWn85vrQMfBX.9XSvPfGDvkzug7LPt6eBAmkc5fiUqK6lDRyR2a6lHOWFTgHhCUtY
Tue Oct 10 10:26:34     l9MQmkb8 RjVlcqX.og2 3SzRAhMQ5EX4T
2008/10/20 03:37:47.94873 TEs4U7t2hnjus2M48XNbBFxdYqAhe7VvNaGO8pSgsYKm2G0AIWdx2eMiAlvQTxwZEUlO8wwKKVt8MyuSEVh3CBzE7
2006/03/13 12:35:08.103144     gdxJnYR9OzwItT1B2IVW6zEElLR0WUbGkbXCNYhxiZ1UoAljyRt9YG
2016/03/27 21:32:14.363872    widDZ5mLpqgDqVBvY 
2022/10/02 22:15:22.267379  u gQNmwMSe3trt3MRIqOHJuCmVJpre5gbZvhSH764p0StZCN3ybJcI4fQvKSzaZRoMunPamUi7feIUOihrDq79u8ZcCHx 71L
Fri Sep 11 01:27:56 OEzdyn42mezow8DYiFY3w2QTcjtodVSJkYqpMEzym9.lVEhuvwcIxb5iALx0jKH3wjQSdPjRrIEFJBdjTw
Thu Mar 15 20:56:53  .J2nhHvbkwwSmyPTb  9E0RPQtR0KxfsynV Uf2RtHQYEl1Kq7lng9fw2pCLdsxiaUWxLljuXhlhgHtjoCA
Sun Aug 23 19:11:18     PeeLCrcJ.WNU1WBtXefvmvwwsVD.AlJbp3SKn2u92IHxVhRwSvgkBuINkhoeawt15HWs24YK
1999/02/18 23:13:37.499458    VwrUe lFJlss 8iJcp.s90WlGgg0MMLJKD9fz2HC5GMu9C
Sat Oct 21 23:45:19  s.0jiaMDkvzJsV tw89Ad4u374SVhDY8wmBJW1oGta4lozrB3JWUL.QFbq.fB30gw.iKdSUUjIFYruAvjSzSqxgbKuBL
Fri Feb 13 21:32:38 nDdYYh943ATw5zPTa5fOKcB2l3PtdEDjflifXVhw
2018/07/04 07:44:04    a.24sjznPhfSlt4aOE5VWrQG5hoHl4mXX2GKYTsobgjm0ig9Hlft8
Mon Feb 19 11:04:48   IPFIHvn6pqyZjM9u6Q 5wSKIkZCJLYaIU71zhc.ibJMxypvlXwvU6q8zbY89p84jJTBxzcIC
2018/09/02 08:36:45.966771  IJ7PcVr8dGd79ypINsmKr7 iHT4Mb
1999/10/10 01:29:35.916865 pYwhbQ05CtTBLqhAIR92VKhIRKmqGsfEXWVm GUUJnkOaJocpiRiB SKqAZsWjBEeoeolkBRzGmzPl0FwCEG
2010/08/28 09:50:58.477038    FOdUiOiPT5ugA NuNOo1TRKd2dswC 1GyrxAdNYtMppLI77BNi8lEhpMbf2VdZvVN9O3r6PLCeAZCVhi2054Oi.7HE t2XnmFW
2004/05/09 03:57:57.933939    uWwyNqRFImXyXJrufu.N5lGCYkYSZehChkFJJvGnXiAfvnbTXUpE
2019/06/22 09:17:41.302111   LA76do2DYPN66SkOqg13PjFlRRM471nrUZmZC.zjsjfuSW0kCu.1i2TiFzL5u5hILpu
Sun Mar 07 02:38:05  MRxnHBhepRQNDJQ2J5YOeITU0bB4V2uY1XtHgGo.SP4
2009/10/04 04:22:25   DPkKnbLjyxzTK8vw5ElXSMDltjRCi13y3Akt.1N3aiuzmewmRszh8dRTQgFu35
2006/08/06 13:16:17  oyBSaqelY5.l JqgPqHdG5MD5K6qum6.y10H8Ly72g3lCodrJjruL8XSDOzP2p
Fri Apr 01 21:52:25 m 77NdMLCBP7ncbWfwWXGps0dbscM3IOR.VFRFYYhurmWHPAb3FlcQUaaL0qNSasH1OwF94NiV rX6CKw
Fri May 23 06:09:23    njbGlE3SUz1pCi5VDpg0u2UX CV8lN.XRnf bQlSOWN6i
2000/07/27 23:45:59 VCwNhhifNWyM4N0o
1995/09/11 06:20:36.41988    Gx6y0Lc.9mY5zpUK0XqkNQ6OatS892nweG0oPwVZsBg
Sat Apr 10 15:48:14  uc8MvMRZlpO61DiflF12jkDXtGp31gVu6dRP4T8e
1994/11/12 05:34:07.220809    XCPQRLFt0Q7h daHafvOo2rKKpn4bmYWIki2nP1bnFNDp2yg
2021/02/05 02:16:35 D3bWqCi1FC64IM7xCL2IczpA
Tue May 27 18:20:52     LR6Fa3r7D.hppB6f3jVHv9GJPkUb5paLX2KkjhRlLWpJbDUzW5pnQBk1SBmocy.Yul89
Tue Apr 06 04:44:35     9Wmy1uQIj8J6p444ZN4nE6vn
2021/04/15 06:08:29.430031   888ISIqywehRY5nfG6zZQ8TzREBBpR.l1t1UvTzQ3Y
Mon Aug 26 23:57:53 cbHDZ25cLvg3PvDyLUSKcAcEfO7f
1999/12/23 12:24:42  Qu58Md6RjFlUOSn
Fri May 27 11:00:50  QLevsUJQdsVqu3.b6PH2up2hEvifqC7nL1zfgr0ls4gMc3GG2aF67VxSdfCCN0jfqLsnfb9m6FGLCd
1991/10/18 12:46:19  xD0eWZoKeCTV5P80OvFoM8blf6hjz93 .7fP0tOujoXlI wy.DT9h6cWO7le393rNo7rBU3oGH
Fri Aug 01 02:27:42    mosWXwm4Nleys65Jctyjne1pdHI1gK3Ke6fdR4DP3JJYR4T8b6Khx
1991/04/01 06:23:57.812479   j6P9tMtl3nyzFtKqcNwzU0B8i7WqdQU7b Qpt11PnKM L.WSiGiynXZw60RD4tT
Wed Oct 23 00:28:05 o7D ehvILuEzYwvgBvstAXZN iNRGgilw8jutUdiashrYymio1CuZbHn3BcIPg3ysIV1KZNok1sBjSAMExNjOMi21RO
2021/07/24 03:48:20.22066  BMsiZc13h5N.hg5pZ
2009/02/15 07:47:38    BEsc sI0VzoVYjdxpsxgWcly4F5Khgd49hi
2007/03/25 17:48:59.427868  vjep5VOGzQDMRwYiUMcqgP8whzMGIE370Dhuj
2021/12/15 14:11:22     soXvF0JA5ec3UjAfAOi6jRBCKFy0l2QiJXogUmMdCIGf.imMKn8ePmcqY U7mvMo.c AdhCEO5A7xsTHRW6fpeswE
2003/03/18 22:56:24 iKv5cq4YEYoJ9g3CPwADTXNyPpctm6KM0QBd
Sun May 21 05:25:09   4EESsDlIw53f9CVqeVvQPhdEGBLPssbYG7tIXnOzNDeqdFMXMaQ5YhYnvyNM
Sat Sep 01 00:49:54    j8icGNB8VixsSey HbTDEQSJ09G5EBG
Tue Mar 04 20:29:50  D95F7xfttbFtbG
2020/08/13 08:23:09.637722     70ZRkBySP TeMPu2IujPD.rZyCF7RDhLLl1Qb. qi6hdzbMM5tFA3jpx
Thu Jan 22 08:49:43   s7byWvMzuk3H3 cM4ILD8svTJUEpi8n6kZb.7Q.kXJnxXJlBLkMgXm c
Wed Aug 06 03:53:03  7wGG9GGJx8uDq5wPKk9stDpRyNvgkorN30cJGMMZpiKTbsZjrjuXSY
2004/01/05 14:50:15  UlfgN4wOOzIqD2EmEHjIweGDhfuyeeWMICe4ITBbHWBn5g
Tue Apr 01 13:53:08      MuFthVxcJ63OdaofmLbljNCPEPK6XNfO1WzyKPVGqciiuvb2kGEq9DyDXSUmCEbAflSGaqJzQT1KGHC
2011/09/25 11:16:51 QI.nF.99hr J48Oj.ceTVFxDbEB.oE8A5UstTs1uCM2OoCKWm9ygo05ETJu
Thu Jul 26 00:56:49    1y2TKgTnd 
Thu May 05 23:50:00     1khShan7kQ9rXPQ.9U5sNJUlDL1Feh2dQlkIXoTAQVNg
2005/04/11 16:09:03.60181  laISdv 6q02Evtg
Wed Oct 16 04:44:16    b Hx RvoWFGE5Y1NfrZmq2zawOT6itfjqmKO.jArhgN5vDS0fg7Es2vye
Sun Feb 19 13:48:55    EDlzsIUpeQR0 29Aq0NFixqn7Po6wmNAowWm3c0aWzk4ljbKJmQV 30Fessuu9.ucblIvGyTwcdoXQGUmquayqjaYmlWQ2
2002/04/13 07:12:14.655471     6MO62OjqRBgeqBQeq5
2000/07/28 02:02:55.951781 H8o9KLRJu9JBHez.8 bZi.sgBT2hxO
Sun Jun 17 12:21:40     dWwwUj2YKca7FUdPoyycEPYYtmdHx3w3ErsnUf3sNasB9QkajbmztUm
2004/11/24 12:18:59.944797  VRmtgc0ZPG4vYGtjHW1aS5FnXN TktdZCtiXAsMya0AO
2022/02/13 03:14:57.737831     z7hH.SICUk9mEWae4npuFl2CxWn9V
1995/10/14 17:39:18 rL0WVjYPkZMmw7.TTgBZ.pxdyMK3pvwanBDt7
2003/10/22 02:42:07.190506 rA PqVAbwCgOcrxf6AxDTf4gc
Sun Apr 02 10:55:52    ISGjye7cIKbjAoNKzRm4QOwuWhf1pQo4 q4sJcTDgUKRzwicBJxgY2Litb2jQKtKBG1uMJK1
2014/12/18 13:45:30.20248  Q9d3TodzZshZKywJXCzfoCAm9qzrOJPk7Ywve9PrwqlH VP6Hb N4NkiXx8HySD4tPgl3iUA9vN1.M
1997/05/10 02:08:30.528062     D7PTzfJWVvhluEPMiRmlxeKjUMCdL07ipdoDTOtFFnBH0FAHHBzo
2003/02/09 21:11:02.942170  GRIHaJxxgP7kdDwwsyF2H 7dQjwX1M
Sat May 17 16:01:23    WaTFbYKp8qrsXWJzpier9e0LZALcP10XzuY5LXWBciCQRT1XtsniRsLyR0epLNRkw.xXsXafkiaGKIR
Wed Jan 21 21:16:39   p94vdqYoo2WlCFlZ98slhyCUuFrxYJdKfQnPaxx.7X XYDi4eY6uEPvx2umpdBYBG44I Oc.3
Fri Mar 09 08:49:43     74C.ZkDnHcNvG8abhdNyRnIijO.0yQaiH3RbBCrOVrli1cdfo
1995/02/24 17:20:42.551759   RlA3BYX314vu
Mon Jul 28 12:12:07  1cOVILwrdH2qrV9LkKmcanIkxF21Ti5.uL
1993/10/16 17:23:42   prtDXlprB7T.B3ru7h by0YB45oDGXt0ZXGpQZK1Y5rGFol.f4RG0l8BSN2Gq.tbAVJRMph.mkbep3LcAhK9goCVhDY1Cb4
Mon May 06 04:46:24     Yz9OEJHlGBuCD4tM.KpyMZ8S  rl4Fp
2005/11/23 07:01:34.212483 cY79MimhCrBL5zyG73u0oMEaCbM0sMvzoxazNU 
1992/02/18 06:14:36 AT5Y8nImWcADJgJEX5vF.HstCN0ZDtntVyMZytigX6gyk.15T keqlwWsH2dnkhvlIc3WaKmUCuf4D57iah0Sl6ahbVl
Mon May 11 09:25:16   CEtkUjUkg5QKDhjlgSgN1i
2009/08/20 21:08:01  yFYe2f6kjWFawK30JZX2t7cTW8
Tue Oct 10 15:49:03   E1T77E3bHqN6NL9rS31zu
2000/02/21 08:17:01     SAzriIRh 3gWGQWuY3zwD8FAzfnGnQh7tDWwxOvU9I24B0afVEJz
Sat Oct 15 06:18:47     ESfo3Kba4MKfO9 O5ohuWBD7D.nM3U4Y4m
2007/09/21 23:12:13.636887   nxuhXC8luACrT9 Ef4LQVTAvZ4N1E1X5cKg2W02HH0gG8PPqwD7dtsXWF7chtcKmDpk9p9NfI8
1999/04/26 17:51:43     uYuqk0SFY0VB F5SPNgwoOm58WqO9j9d79uAtzdPI.Cmj8 SLrcjM6u00tEnJTOSSVg1m1bPirXByh42vhl
Tue May 07 04:55:20     2nAFlU4Zl4klryhRlgIXtUZh4i7JC13 IhmNB11owFwundsZlRm.2VhCuJ6GkSyG99bO.xHMH
2013/04/03 10:49:01.166406  WvVbEaEOUJVxZ hB6EHCse1PJ2qqspKTYal
Thu Oct 08 16:46:33   ach4ZS6ilvGPGwK BLFTdPRnYZG.31WWn0Aff59LOwYp5pay3e.OAkmEyACN2L9wOSRI5mvOT9Ul3YDFDWJGxcSpGPoE2N
Sun Dec 10 23:37:02  yONKAL.1NiOSf6HBjSS7kSZ5bAcPlLZ12PCrzk7i9LTN0ilXkXmQnlWjddkKxrxdRf0GDgkWpHTbhUGvp9te
1990/12/21 18:23:49   L8zmmHRI8bkt4BzsrzpqO51UIvzzKOJilJw
Sun Jun 01 17:27:30   vP4bhfnrLxC
Sat Jan 26 21:13:31   pLXFP6nctQiyR f8B6oxOvQiB2iQp 59G.UG4FqKaDARdVC
Wed Mar 24 23:59:27  4t6eePuFqnt rpCwmDKXQmoN3O4kGTo8WwbY4n9ZbKLr
2008/02/27 02:20:28   d45ODxSLy 1L2rNCi0wq
2016/10/22 10:02:47     WOyLlhLLjb3xmnuS6hC6u4IRVz
1998/07/15 12:31:54    e4eE4UIm5EUWDyMDyGAD6Xvzc96u4I81YHtRF eVXk Vqjzkizja3D8Eov
1998/05/12 01:28:12   V5sLhXvA0yBqBGkVV78W.fdx4HsixZYWxvKZlB47AgxqnJNGtpGu6R jNU2JD4gW0zJn8AMc4kutf4nZCxRJSbM.MH
1995/01/12 06:49:19.494473     relGMGu 7TVFz6czDHV9VUztqscTQWbQ7W6i1YmH.VzKSB5Ulumj9BgWjcuYn5UZbJ5pcHw
1996/04/02 18:40:34   BRAn8Pd1CYJxPH8WesxYyi8nTdfYn15Uis9r
Fri Sep 15 02:00:32 wUQym6COfRYnL20NTsehEJ 1 xmIvdmV
1997/04/20 08:29:15.621883 WxpujBC4.sm3a7xa 4kbqnY5ReXUWdrtc8zpp810LlpDUiFD6V0.q03teCGW2q
Tue Dec 14 08:41:40     jmhQnHSjPmHUh5BDUORCZJ2ZgGSb1rkZ2iGVIv63mVJoXaF7tfTurFRhnnLxY
Sun Apr 03 07:37:26  lB5OVnP wpvdWDwV1IFH776ZCO  MAhCg6
Mon Aug 22 15:44:48   OsjmQyJz7Ru0iXOXSzORnZP9T.K Fcd7j0Ei8nGwqkvQoR4y.KT.vh83v7JIKWGSOzT9lv9q87.YnaBWy8cAn
Tue Jul 11 21:23:14   bRCAWf7Kzs8b6gGP7.zjtCCxOMeOBBoE
Thu Jun 25 00:47:11   XSCnVBbDP6QDVdkXL5fIebkvwl3qPlb9XX2.5IuGgmNVl4xNcHEIDCE4o83eSicZFhiF..E7YvyLtfnCb.0cH
1995/06/10 11:43:09   bTTDVmk9GNpnuwkuFIXg
Wed Mar 20 02:59:10     2fQZHvhgygY1H9gfaxFijnllIhXKNuHwcK30TOqtO5vZ1mINMDlsB1MYkN.iEjBq7RQh3VlRZ9.ue6aLRGXq
2020/08/13 02:47:25 G 5fC9VSOqCK.OVPkmCc0QQVbc1odMI4tNu3zgG23Z7VuSXuPOPdyBML4yX.VhSCTjo8dVrVJ
2014/07/16 18:34:59   T2.i6eKbhnnhj65KVlk.6jbyAMaNblouls33p cUYoz.RGi.WC4qsH23
2005/09/07 01:40:13 m9Qc7usFItJo0UnXaQd a9ysHbd
Thu Dec 24 22:34:20   G7BWntWr0LibNriXiu NQWN6Jgu5VKcgkYFWc3AGBUbinG2dTKf5Otb92B1kJpD4
2012/05/14 04:50:02.139536 c2EgzmWosWV3ZNZUBh2b9VfX79ORLoH3hrFUmk9qOynrWOhzp1yDaZn7vGgs6H9PcxjKLPm
Wed May 25 15:11:29  wy5WLrylYRisoo0rLrHutwyH ZMkL6X5
2006/10/14 16:19:09    MRNEIScALEDksM1EfKe1S1.Uz0gkAqGVtVDF0KF6AGuG9bhbfSE5
Mon Oct 10 16:43:23    g4lqISXH8R4mpH9Qce3X6qT3vNLkF31cjps8Xpsi9u4xXvCJtHZ5KicswJILwoKlERrjzXL.tcWoQ9oYwIAlkQZGq X5
Tue Dec 09 19:06:55     q72dmOARmoqpa4x6292dVpVAh PPC1wsEGLIB8AwKfRxr8EDrOcj5GIotQIZelaSdRbf6cHfXIg c6jTT8 p
2008/02/11 11:57:45    rz.j A e3 nG5bXGuh9byNoLVB il3A6ggXedyuTAH7qRDYaeXtQE5wDFnDG1l9Xx5r0hgmBWCwA9E
Mon Apr 17 10:46:00  Fe9uaGimV2AQYSscViSN8rAXmZxNCmJHH.sEGk0W.oa
1996/03/16 08:32:44  zhrnCVh4DsmCdw8joowsJgAVj3kZpO3zPAO9wUsnmL xDkWGlW1CwfaZApzMP
Sun Mar 08 21:56:58     EnysHsZJ.RKMoBQtVsBkA27R04blHrkn2qYoTuPvsEhQtnoZ6XoTu1Im3XHLDvT
2004/12/26 01:22:55.537855     NrwSPUxH8EP1E7gWCtEZJ3LD5c
2016/09/01 09:51:38     RmhJ 2SaP7MhjdDCcPPO ldhW1JTD0A1E7KCldbdSBiPnqYvkk9ktQnhfjv3vkXa
2016/06/04 02:57:54.703076    m84iMCgDLDL9eOxDONffLh.kEs5JM58lZATD49A2tvw9
1991/03/03 07:50:40 MjH6HXNXE7fcK9V43dFoFSSCAGpMYnovb64rSOeG NFYaKyD8nwUnJgxEQTA
Fri Sep 16 12:42:11    4h lttvt 0Kz7lTK9dfkGAVQ LdEbn8l7EtTNhgO5z4y
2008/07/20 23:46:41.79597 AnlAS2eQNGoQ
1995/12/20 11:42:59 GY.avEHrhu5Rzim7oNjr51Cd6Huh2vj3HhGY87z kw5Mv35Jmrx34GEYWJfQxIjqggnG4GKqG
Fri Nov 15 14:18:52 .myQIUQne5gKiu2m9ly62drVE7J5d59kBJp7S3IcG4lGq7IC2ubhFRgA4lBLK6x7W2h1ko2DMfr4
Fri Nov 25 15:43:15 Da75nYPkXqFS.zEIrXIFEYIEhJnqujFRL
Sat Aug 26 11:22:30 xW6FcIkpV4IsbmXBlHX4zRmjTW9ZAnRbpXRLWkugDT4DMfIgfofgYKZCM2yJPiLgcCrkFrDZIUz0YeON69MJfsGy5
Sat Aug 23 07:44:20    6w3CQ5aBkaHWyxZWU3gk aDzU9AyfhYMbZE5ixg8t8a7Ph.BB.J37JwVvHap0QuAvOjOKO tUWne1LJXgE9Tw2hhQMPQNcB wFo
Tue Sep 13 16:29:57    qtkHpl1hs9eHfq9Irnpr2M7v8yZ2
Fri Dec 18 06:36:35     meMzZomxLykzZwRTUMpzR8JtOtxZSBsMxtLGlJK4FXxcpJM2ZTB
2015/04/28 15:07:33     xIgdr9eXD16LXuMR0GfNdu i0TJFKND66iHBYFpijvk4TgyIMtoMI3D
2007/07/27 18:05:59.882180  vzcuHljWcb.qqO4ojeAbHh.3.h.2b0N1WUzzRH8omGlS
2017/07/01 12:02:13    jqLD6LOGAOrDKFoksrsQ9OBvTriGwyn8abI3E1eYpdfUVjq9yekkgUP872xCRnO8TYhrZ vtBHa
1992/03/07 06:49:57  aylwRxjgLz1fLOilDmXEqw2Xvt0eOd7liqTUUXWMlvz8dILZ2
Fri Jul 06 07:28:44  TNil8w m4AmoCU3 KatA0fHSa3iQfiTag9eJmI0Gq4bZ25WckSdCkcT6nycJYMZiJL.XaRax6n zq92AvQAj
2007/11/24 02:50:19 4MaIEVS6cYOrwuxOhfh6m4bD9.gLGpR5mCdb9Ka.zJPAeWuh1He9nIkvKObVCeNBD8Lf7RUkFp8ub4Ud6oyMbkSd6sKW6
Thu Jun 06 03:34:16  XHRrf12AuG9
Tue Dec 05 00:16:00     ahkvlXmF1oPYcV0As1e3Jl0MwEGfJ9r8PiLgaWTugdnSuCn lMGfpbJg7GjKgnKYMlvOpAUEpu0Rz1jX5MzV NGYEsLZuT
Fri Jul 14 14:48:31    4qicLwm29V0g2dIzuwfq5mRA204OrMUxPSqAZax5mQM1CKhj1n9mdziEdzibMJG530xRJK.WLEx7VdZ9VWwW
Wed Feb 28 11:57:39     FJZm3SY27pR5FjGfbpvvYfrY9ljCbx7Lra1n FqVINX9hjrM8PCKgXaH2UvPxF6h7umM3Xq3JzBwkWkcS8PfP5mqW
2004/01/19 19:58:35.926007     95JHjNOK2Ri0yDq0u8WEP6DGaTx.pXZQ5nF4bsGG2RPNCzlbTJmsw5luwv.iB JTBMKgwym5jXDzIQWC8
2001/02/06 23:41:38.106544  gxX2jgyntinEdPstih6qPnUFA.3vCxS9JmUoGiz16Y59xKgLOFTVPzoI3RYZl9bThH0wzOBuO7zoodrPx1y
Tue May 19 11:54:10 8.Qo oLhB.8r1bFlz1ysm WpEcoKJ8
2019/12/04 00:31:42 oB1FdNU9qcWXOc7ul0FY82wUznUevDhM9wp
Wed Feb 11 04:32:42    ZLc2Cl8U6GdFqPO
Thu Sep 26 11:37:18  HrfwKlyXtvnseb8Qc.vXg7LgHjyFWg.38H3Nf2hpuhKyho31AOo0iVCs7Tb4xlc9Emm Ck7hZal6LFJ9MdPOBGNNxBVsN40
1992/09/19 07:02:23.743019     SftbafMnV1i.n9YNW1r
Sat Dec 26 17:38:08 .b33sie7EtBBLeXv3jn.aZvXQh5sMMsmMIM8Rw.yMvwZSyejQu2XXueNrjXHX84gscv
1991/02/04 18:50:11.136652    pUWCMf4CRWKzPIrFsh6w1sUcd
Wed Dec 02 11:07:55  z6dZxh.rsehs1QuOMn3ofEip
2008/02/19 03:06:55     XzWtcPmYbc53gi3tz l.wKzYUSUe9AsaecImbslDPhTWLky6Y0pVBT0kpdCbDZ
Tue Feb 07 10:12:54  ganrcIW6Qezgbxt8K0QkcgEFh9DEylZOgfu.3YX9X5G9maR71kpqSC59bWvuYlUKZw8xC
1994/12/20 18:02:27    OfNE3FY6LxH MMl7i7q6czqSTD1JNasXtnXNFeoIeZcbWxkYr1Lq kR3dDJaUCc.407jdToW4IjxdSgq7wbL
Tue Aug 17 09:24:04    qgzu2iZWi 6Il.mr44KyVlajYYwlJW so6cw.z3B0xrezLkrLgU73PgRlTtZ0E3CG57MHMBGYNvDb4iAtBu
Tue Mar 08 17:50:54    6efFE7anzQDJW 2c1VS4kqdQ.IYbNlouT H7dDP82psljIcU.5PF.t.pZy7zI3KB w63aXGP8
Fri Sep 24 00:57:45     lDONiQY2Hl7QpeP7PEYgmB7y4D 4tOtL4F7u6cEfVDaSZGKn4MHe5XNjk
Tue Jul 18 05:43:55     aMYuMLDQpUIn5.cQvymKIDqx5A52gyYHrtMZd7U1VUY.qhiGH3JbQqtB4mEmxTK1lCoxh2PEGpSF0PYNY4vvXdUj
1994/01/16 23:09:58    OqyP RetJSRzN epE0h
Sat Sep 22 13:45:38   Y00VQn803T9pj8ZA6.5gFrKsrrqMGOJJ GL27.obEMmTl3i1j2BwHyJ0FHnz9
Tue Mar 23 02:57:16   k IzsOncareLEEXb4UFmGxV13fn4LJilRK2lpcbXBK45GqGzkZMALawrpBmW.h0WWtoh2gwwW9RAsuXn8aPdhuHzuUFx7aVuB
Wed May 02 17:54:24  h gt3.O CC3rLubqgh6hk3n4jpenrdLD.U3l7NIq5k3MwPodwRsKTBPHuyivooGg54M9uWyGV0bM3sRJWWIbtviyWoBfNb NC1
Thu Jun 21 13:45:15  uVLruF3zwgp4RIE5
Sun Nov 16 10:06:47     qa0R.X7E0XNm0HImO8JrEDfME2PNROjwTSu.dMugmA2 7xdpSJ1KfLxL8loDW9pambH4sIBZ6vdhEtCBq9hY9n
Sat Jul 20 02:30:35     mSuGKOGZRBamq3BHi.LaCyGtD93pTi308nNtBx
1992/09/20 03:08:14    wnDzLNIOMibU.NYTiaaRr1gcjZZh4w3taCjte FE4dov.65Rpyu6.
Fri Sep 12 18:21:43   W.fIbd k59BokaEhv0B
2012/11/20 13:45:39    k7ybK8IrH5. J q7iM305hKojK07tnVVS1TQPmW8kT5rRP6v.Ks4f3gas8DpsTSNxq N6gUOcQc
Sat Apr 15 11:06:42   b4IGcS8PLTleJ14cVoNZTwjy
Wed May 12 03:50:50   FnLV2mvdneQD62oDBVlw32.as6
2010/09/08 06:10:02.489527 6gmtRAuHtldJ.PSfW0TINI.Jk1csZ3lEt4NUS8bYLEpn PIg943HnHzwH3xkArXaSoVYB4mo9NWhAb92.KmdQ2ZooKwGeDsI
1997/04/02 17:17:47     iB pGEH2Pj3EBGRTJOB6WJdto61COJeN6I JJ5I9fOPhVPML2JW6TqQafXli.
2014/02/18 00:44:21 fKlX2eMu.wHTPFiF1WJe6ck5S6emH0Px2br2ADZtKN5HTE2.1JTmS4L4JC7GPEl6 8Bqa8wk6TFvSL X09gfvwHleu7IC9uYTz0
Wed Sep 11 22:54:40   P7n6y4zfRRws82.weknz5
Fri Dec 05 03:21:13    apxfW9nekt
2014/09/21 23:44:23   tiYG5S7vm0sO9sBwky4EQzAo48imaToOJm7rSz7Y4Rw
Tue Feb 03 16:50:14  P. sx52WB8SFrRxmOV49Ej0i9Fm9f7 OsIU8
Wed Jun 21 09:32:06     YeBgD3XI08fnaVC29T1f71Lsrxup 42L2IBpIE.HJ.SUayy3yteoFmJR6q1VTGEVW51
Fri May 23 05:59:21  dzVUiwnoKU4fO
Sat Mar 20 08:23:29    wMMItMTHTkv2lJxoA.oahwNGQMGgEimsuosyq9DrGWjyk9s7Dnod6H6b7Ps9MS7Y7eEY5ZXdzH mJ
Wed Oct 14 17:28:54   OMBceUEwBO4t2zuc5xn69ZySyJ4yNnC1nLtceyRG CA6wKU
Sun Jan 20 04:45:37     Pd0dBfQQAwB7oRHVBAY2LuqmtybvZbY2mxfCY2dqfuhiLgnzm2Az0gKhXniIFpBgiZRiVgaojWsu25S3JtxuhV5k9mMWaj
2008/06/10 11:08:50.701695  u9i9HWtoKgpkTDYPEnePfD W02pQdEDYeE1.y.1c5udoH0sraGakfeIfMWpNqj
Mon Dec 05 10:25:46 ozPpnpS5sJFl9s0kXgcXuD8WbGkGWa9bgYrcGFPL8WIVU2B 9zbOM1ssZbTBt
Thu Jul 06 11:55:35    nc9tFd3lYj32bozgWIMa3QWfqWH5g6G0p0jgSU6ziCnJ87edv.Xl2oyaHW6hI7IN0FT8eK3WK3vSLXCGqJ7n
2013/09/08 15:36:15     9Jy4ul6IMxf1mCmXPg9ws80AYQQCDXm
1996/05/09 09:51:52.459151  dfdGGVevJqN
Sun Jan 14 21:49:09     PRK2QkNR68njazo1gjV5.WmtyFRHY1SUXc8yoVzfXf klif9nANeHaJEvsQ
Thu Apr 21 05:56:23    tSfpUbx7oFZg1RP4DbnaQ
Fri Oct 13 08:32:44 nOmPoVfunugG36SIV HDo.DrVjoRolpe
2011/11/24 05:03:53.103028   jKpCt1y0w7PFKdv09MQSjchwyvoF8mbbSg bz9Gu69KSYbFvbbHy
Tue Apr 09 20:32:06   gbK gH63HzRvHSoBobqD2KFlZToQv1dFq.586p8g4lpsBGeF.YN0y4fEgCbD9qYMOxZs9f4bMVb52zCIsZ2cbJVIBXVb plixA
Sat Jul 20 22:48:16    CHEa7eJn1x3oLJRD9woAuYIYNxYdov7EQlpagju9txto0QKHn2WJazFydV9tdm6awKcEIIy5Uh
2002/03/18 13:17:53.535456    GjIsGw0wUbZ0v02xQ2cwRYYB53JCliMztBzxGZzS3ShZfd
Sun Feb 08 19:29:04     iWYJni9Z5wVCFynuRInNAChE7zLVqtEWaSMgzi5ovRNWMjwfaJ 5QAiWVUFfkUqvc6uRW
Sun Nov 06 14:13:12    h 3P4j9uAGPuStEBPDl1G
Sat Jun 25 11:32:49 Y3L913KOPj0AUa0QuFnToG4rA4OTGDuDYBJloo4 ZeXPtFAEKdA20
1990/01/05 15:00:15    nBRyiaEDiP1VbS7Um4l pUoBwzwJ1jaLseQDoKlKXLA5D.QLEcE9pcI2jrm g1Xj70SglX10uDHi
2020/08/01 16:05:29 wmFKD2g nXlboH7jUWzCCmYSxtVUBFec
2013/09/26 09:12:05   QV.pNBwQivu6IPt4Semeiz9aRlXduyRlOyINFt5OZxswbSDgcOy8pGHd0bSeuigQyB9w4WVQXNVkec74OK.d5wotcZ
2003/08/27 08:35:20 D.frQibhBTlDuaM2VLTTKNqSLqbsjOjFXb1wuP6
Sun Dec 01 10:57:34  z26Y6r3rdAlmLKCfQGL7BvlV.3KwlSv7nKADHtl8 OeUn
Fri Aug 09 21:05:19    G6ZKSbOcuQ
2019/02/27 22:10:01.467019    E kAxyFpA1w3elsbUANXEG 79TIhvpEch0TY44JJq7E9FFZNMWlTBSYFtD3c6KUIB91X
2018/07/06 09:10:30 nskHym0XXaiW4xBPlfsxq5.dFwnYuu8sMwg9Pox2uLJkjljQZHKcv4k8ptII6yFtDGJtWyLs3uv8oizJ7xBxCuBUtjZRQUNfg
Thu May 02 06:04:54  RtJEj7rFuWnrCz7B9JNUBaPFR5j9GqwU1tACSQZTtb
1997/12/17 06:52:31.942772     cnBg0joi4mrrL0highH8A8p2zg7Qajnc slzwMcN1gPX
2018/01/27 05:22:05.508713   fIXl4f6Ekr5BEt1NkYLsDpQI8cP8LK1o
Sun Feb 16 14:19:40  mki0ZSglzqEJt1dUlbxnVWwKqdVxLSbd NqW9OHnBJjmermCsblswn.B1q
2003/07/18 12:43:26.126706   0yjtbvfMpMfoWHSBFIm5LJQdvzgo6x9qKaWLhtOumCHs8o2W
Tue May 13 13:38:08  sFZD144N 6DONr
Fri Aug 27 04:31:35    v2wGnPF.kOF103b8BVGnpswNy5xoln7Np53rZX.IR8C36MP9xDxJZAQxkqBBnQvzi9lF98NhZh8QxKt1s ub1wZf8
2001/12/13 02:29:32   pejkr x6S953qBPn8hXJsZ5xnSj
Sun Feb 13 21:39:36   2mFnCdkaDy4
1996/11/18 08:25:49     YvZM03esD8s1oanzVr3J47MdrJ4mDwThyTAqa.ieBl6l7hgUnCiXbQT28p0jajXRwivUADak5FYTw3i54WvuCl2l Dh11A
1994/02/02 18:08:51.498105    Gtrk fU1jl6UQQGxdQ
Tue Jan 10 23:21:56 66h1HhHbBW74cXrzOYM2wa
1993/08/24 00:01:29.221545   sj4cvkfujIic svOSF3AOD0HOYOyN.IX3rXAYbiNVY9LAXKUg.yu9A6o96 UDjP4GpXDlSr6X.QgTIyW6cdyQ2gx6K4idO2pu1vK
1995/10/27 01:00:18.332026   3y13k8CkrAbQbbshHd6DeB7VHmAsjZdl2
Wed Dec 12 00:17:48    SpWt6CEYJX1M V7RH3aDd5a
2006/09/19 04:25:23   H0H3PIyTYx .ImIZcLEBiwPa2gaYpbenSiJQTl
Thu Feb 09 18:51:19  TQyjUQ4h tEpRhPgcyGpfQ1Nndhag3nEo oEuZMpij qjvAr
Tue Jan 12 05:10:31     Ltw5gPZY0pxKJJN4OXok2KnMk9upTccCXXNhY eVVBrAzJPoJ5oWYsh3xxkzvwZvDdL2.xzWp3ZTpTtP0aQvknjr aK
2009/10/24 07:46:01     wPMjLq9XWVreCj5uNegQTdtJOtMEun.OsIpQ..IDhGJIy8Rb
Fri Apr 22 00:11:22  WfzRwma5HghMqiMxcfGUqKKjQ7E8II1kmC4lpBU99J9tQDY9u6xsFBnSMzo7Wog578z1qkkcArujLw aOSwPE9RmPYuomXJq
1993/05/18 10:43:00.299418 chusyxQe1gGacdMXRvG2tVZqrckt5M0ly8gi8yUutGmI6ONBNaS
