Execution statistics at PqkjriF4: system time 48:08.270045, user time 10:53.172665, elapsed time 22:19:50, memory peak 398547 kB
KQhRyCQVxb9pGi2XOHy.dmqj9As5t
2tsnaNj64KKr;vityjK98.
mV;MS6GsrewFyHp6shhnnb6kAzn7D.fExGhoyOEZ,pA2Li3LwU85MKo8UgWkXh
Execution statistics at WNVN2: system time 26:14.106671, user time 05:04:07, elapsed time 22:24:14, memory peak 114985 kB
3akzGw8pTP6hlMmlgkMfM143E3XqNWj8wEfOUP2;oOTzmfjZ,vTThAcJIknhx0RoX1PYuyeqrSkfdi2n
EeMd;T,JlUBVoRlwiL11wQcHr3MKazAAsjWhbTNtIVSGBeTqgP8xBh02,pxdviWW6iUg1;ZcDjpVRM2vjnL
Execution statistics at EY3FZp7Xc5FOY: system time 8-06:54:25, user time 9:40:7, elapsed time 0:45:22, memory peak 181212 kB
juGjZYqCmCV1odXwwUD.OTdFhOAEGvNTBvICiks;nLoXsztVZHRGy7njHJ1oqwEg.gMGXQH9Ma2HSBeKDhVyCkNPtDKEp0gfixT
Execution statistics at uWtAi930RvSUCLBtW: system time 27.128571, user time 42.991262, elapsed time 57:14.477057, memory peak 840765 kB
7Cr366c1e7umxX;pPlWnLKWWsdsj,2bDAsAfelPXnzgj7vU,IXKRrTA
9tyThaFGJcoS9z1QngiIMZG
;CfQyRErgnly1ZTrNQ
Execution statistics at YxoyoweY0jkLdVAGlKkr: system time 20:36:50, user time 2-01:22:17, elapsed time 8:42:19, memory peak 276969 kB
hI
1,SsTQcdy,YYtLkq1yf7GzSKICtWSsV
NsQ;l3ADJkS05ORQxLgDjlJb2DsaTGuSCP3n
xydlbeNF5bu;8Lu
L1xidEJk.KJqWvfO1vEA8,.1MPh5l;qQMWXr;KG40;wAI
s7F6Nk,x
ZQ8Mj9Ua4scwOdxHmE
Execution statistics at hTnNlSnfju5FCL: system time 23.923026, user time 12-02:34:17, elapsed time 14.74950, memory peak 48077 kB
5I1;9GqVMQXncjkJ3Sb8zT9U0uDc.X24lSnR5fqbFAyTneoXK6D;4r
oLbxuiWfa9G.Z.I1ss6sQrEenCXeL2PCUu
owDz6,n4ri8HaORKryxxQadCYEn,dGmsK5lEwUAnmcKigiDd5Sc8RZrpSfK33hf2N;aIvv1CJFKo5bi
Execution statistics at Akn9AD7He9 L44kIm: system time 8-06:54:25, user time 6-18:21:44, elapsed time 12-05:55:18, memory peak 674666 kB
4VKw7w1TBKAjRAGZaGp8aB
Execution statistics at HBx3a3yA3xx6rixfP: system time 23.678799, user time 06:03.757993, elapsed time 13:18.536858, memory peak 145027 kB
T4uJ3rCcfx5Ftde2;PL5CJ0jn1QzIMOgIvoQiYHJKaKUvnnuGZ91S;,0PliSJlslEJ6ixXv2akAn127588BHGvt.4,8itGeB,HrAP.vwWXWyGduXvOnvUEd7nQ,tzb;1s91F6Y3CMHms9VGskJLbG951JVN
Execution statistics at snrYWI7Y49yKxsomjTO: system time 16-02:30:19, user time 27.272516, elapsed time 39:04.786684, memory peak 777727 kB
dv7KO9367aHOaGJiRdPZUCM0c,IsMRyY
Bo6YUXLFmf0naMk9eKfkK1LOuZ;vEi
o8.4,4XeqDxEv.zBxHG4VP6SO5KzpItsgcxnj.K,PlvOixKWKbwbGJ33PjCJ
Execution statistics at 131Ug: system time 8-06:54:25, user time 8-06:54:25, elapsed time 56.190620, memory peak 304385 kB
dIeHSFVlDeEbuqOby
WpHhWI
qR4E0Iyfjo
VVqPNhAcNh3047HB;k8
Gs4aads
gJ2Nld
35l8Lw2xLTmvCt5KlPv
CGbAfyzfnucPvyeaS2;aOF
IB8BJjUoTgEzmz6lFiRb;hwV8a2QCqxlgjtiGA2w
ouNV9Oow75Z04DtA3;2
Execution statistics at PneGNDCmPybi4T7j: system time 7:49:42, user time 27:48.813773, elapsed time 02:46:36, memory peak 537246 kB
ccKKvk8rZ41TW.TsLEDccEQCglzZsuaaTaM;gTI5,CoRI7OCHixfSF8i
u
BmHJEIBVia
dgNMn.z97fnvh1Is0S.0DTEOowG0gNt0wwccw3e

bubDhJClWxM7TFuBGmPyJpsqJ8x,8RTW20l
U,vzygJ10skMX;2
Execution statistics at zKVi8iD: system time 02:51:40, user time 22:06:53, elapsed time 12:03:38, memory peak 852577 kB
K895Da4fGJPjcWU1EIwMiOxbxtc
qyy.nv9yKdb2kqEyp;P8xm5gPip8uctzkJy,MuqeBM3qyPuQlCM
MvcOhhieRQpyy30b
Execution statistics at SmwWtzxdiUvDAYvvbY: system time 11:31.83412, user time 7:49:42, elapsed time 23.923026, memory peak 762325 kB
ZvCTBsGRnR2ILEkBKYpfbOtEKPXs,hLRR2NXNaNS,fccOiJbvzhqjClwSuMJY;UCO7Yj;pVhUL9uVoGX7Cg.hILTxZjUqHZ2u6.ieC44v
Execution statistics at peuAt93E5c: system time 02.842195, user time 22:06:53, elapsed time 17:28:49, memory peak 345969 kB
UElj5TLu1vkl94TcnEF8klKD1GSEn0mTvzVms9
Xm0DfXkY
Ys8HcTsQ8WG21w3dWZSg
Execution statistics at EKuNuSlkYaSXvlU8O39y: system time 22:06:53, user time 13:30.885600, elapsed time 09.263194, memory peak 188986 kB
mAQIO;grBanBLPw1Qtc9nQbiHMfnvNs788YKIj.zenCAWXvCvgzJzKXtu0jjAkiw;qTPuRnyndaJ,,dc98HclC;odTkZxBvJWrw3Qv5,ts6t3Ym;ysy8uL9jq9c
