Execution statistics at 4zhooV: system time 02.531432, user time 13:38:40, elapsed time 10:39.955795, memory peak 425662 kB
tDFiE6TKx6;KRcUXzrhhN2vBVV;EPX8NiyQB5X
Execution statistics at QpxBKxVS mNgSfj: system time 4-20:22:08, user time 13:45:33, elapsed time 17-07:21:16, memory peak 794725 kB
YPAEKqreek6mgKzeh35uRGWvupPl8A4cAOtj32vJHBXtIyEOb4TChEm;BAanwIJOGtqn7SFcvwS4ZnWTGFVWWAdOWuNeFZBvwQP
Execution statistics at zYrFh4: system time 3-19:54:42, user time 1:0:5, elapsed time 12:1:55, memory peak 480038 kB
mEsAsq,uL95ZDfE5yDnVa7HBdPqSi;RnAzmUadsmDoXZ7Rsc.CEuWm2rroIBapxcM
.jOexhIiqsrIbNnOZeb0mztS4KPZc.N,TKDgNJOL23VZxmXy0Vp6WKbTKFq1a;sJt6Ad7K8ZAOxLToni7NBo
Execution statistics at lekTu5h5RBT6JPwd: system time 15:20.905824, user time 45.54727, elapsed time 17.914335, memory peak 298805 kB
80Aevn9ZxcZ;j13TTg3ZkggWzwf;WtA4sImwn9uihC9AhiAtG5tTijhqsu5t8grAn2pZM;oCHzNIeYoMn5
6QbDyuO5
zlWtdgIVG.IS
jv9DSWkDtmL9q0QqutAYQXi3Pxrgpf4Y
Execution statistics at o5j1wjTIpBTUQ: system time 11:54.34577, user time 1:0:5, elapsed time 28:19.193836, memory peak 29232 kB
9HDzf1O8.wJN4a5dhF027yFtEs8WBnIbNFQ8mKxbs5;yIJBWtQXnsUUAMLyeG9tWObrrvjDM,8TN5bA
eRWRX,wdY78x6jq1WCeIp76RXpfNDYD1mXrNehDQUZ7ladzaxiGMK,blyVu7XhaJgAn9LwIpgH.oX5gnys8YYzfw9dlvE2QqPRjdrSsW4dZlNlyomfFK,zc
Execution statistics at aPwYwosY03i1B4: system time 20.403439, user time 7-13:03:14, elapsed time 06:42.506572, memory peak 803069 kB
ywGHLZiXrCaeRgLZLr;b3,FM47q0oiY.wZq4RYbdeKwXiqbajDWPsyhmuOMgQFVHD9l4yjdggUl999uIPuZUL21FeblqdwhLtHqOl1m6
unMG7Jz9,CVhBxPkIoVXqvRF8cp
xAfAkkSn5FoLO7w86fM1haRlaNEmJ
Execution statistics at rJQ6Wjk2g2: system time 42.838348, user time 29:47.554922, elapsed time 03:04:13, memory peak 486638 kB
jTWEMFm0QU
Execution statistics at fxDsAxndtJrsZ1: system time 18:50:52, user time 13:38:40, elapsed time 11.770304, memory peak 114957 kB
2rscp0p1fQfzerxt3j9r1yPVA.DGBnXSygQbGj.Umpo0TnggwA.8j1Bdhtb1ucwbs9uCDnMY0Jj3akvuA4UXnJaWAdKL4F41CZLGX5YTlZyeMR,rFg,Fj,
Execution statistics at EPsj6: system time 23:21:08, user time 11:29:32, elapsed time 08:38:04, memory peak 339975 kB
cFBzvTFC7LqXtY57WyN9wIUp9ZP9i;yvR
;aaMJrWgKs,tbW1h4ym7s.K.uCh4Uf.2YjlVFtbr9hswUApZk3lEkdYn5
XMP0
,5xV0OdrnlFBcV72Lh97oCtn
Execution statistics at 8GCbtGC9slyjCm: system time 08:38:04, user time 22:42:08, elapsed time 5:39:33, memory peak 968795 kB
6GFSmypHq8
5AC57
Execution statistics at utsW7J tv9FjY4R: system time 00.462830, user time 21:26:46, elapsed time 23:12:35, memory peak 286300 kB
BHHUtaoERSJlk4tO6Et09UrJuq19Bt6ORg2446x3a9I
lIGcaDMeEyQnle0Itcenep3BEAvTPqSV6pQ
oP3ac3o63BPNkFnLxMCQWXMf9HS;kh2xfHJiRp0osRho3g
AAXCwwDbHiA.vVc3
8FeZM.RYy9yyb31U;q8twwB9IDTx
u8pYqzWYLnPQmksVD.3RwYx
Execution statistics at cUQdnap7aQUswWI: system time 51:16.267527, user time 17:39:1, elapsed time 3-19:54:42, memory peak 930536 kB
93ZG5qTrYpnxoUKVBgfRhO6rLZ5nEjd;6Kp37IQBGoBv87gYdqClrhRjbmVlFkX;QZK3Taa
ENDu.zNE2,WtU.3Vd;YoegwKDmt13GysOU5HS0i3VDxp0Rs39ddATbsqHUvV7UPrHeabKGgoTeFZoOLGrVjdWFCJix
Execution statistics at WUhS4ZQvmCVc: system time 02.531432, user time 12-05:32:54, elapsed time 00.462830, memory peak 207155 kB
1WqtousXOWuCVq0qkTZ4
Execution statistics at QzfOhZ uywytRLg: system time 21:26:46, user time 37.992392, elapsed time 28:19.193836, memory peak 139610 kB
M59d
gZpPa6eNeIL2v9p2jfr8bBuWjcMKwiA;jVrtJFIqK9VKP9wWr8R.aKLX5uwEzfAiKXrCE3YF9krxu2jrasKOaZW1Ex1kfHr8Ik347OzxbOw

;hO
Execution statistics at LiEzVKq06VSx4ZE7: system time 18:50:52, user time 28:19.193836, elapsed time 12:1:55, memory peak 348465 kB
v,kJBMXF9NY23ExpdoLFQaZRmX3LntBDIXh15hFhr6BnzcHL.u1SIzyu,HCPvp1rNWwi
W
5;vfKWbA2jOdJh
PwUJIT3zSokJuo5UUHTW.JF,c57612hK,YWgfRnWXJ6iHHVwUvUvBsIpOJiUQp;ghm0XwCFCO2ITUfxgr
Execution statistics at kfWTe: system time 03:04:13, user time 11:54.34577, elapsed time 29:47.554922, memory peak 152449 kB
Aluzcd4
S9G
XLeb1.JXC
K.p;CLMoOTfck3TnugYur9OefU2hrBg0jYcS,U0AIW7kvk,xanqBfPp
7Y9zCB2DH9mRK5EBpoHkXsWPckaO
Execution statistics at E5V5qDivA9RH19XqfJRs: system time 09:26:33, user time 08:38:04, elapsed time 4:54:8, memory peak 676347 kB
AyX
CsX6ydwjwpd7CtzbnHLReeqv4fU,stbb,TBrjD0C8UqPaBua4eE5mf9NDVBkd2KmQ3q1DaN7sOeV.WyCXuJclxNHNtqlJKUJcCiYjbMzTQoFLqHX3H.Uo7ogw7qofcfYVGbdE0Cg
LU,0CrNk2niyUuLEcrJIA
Yftub
