Execution statistics at v1OqEpkz2OumLjLV: system time 19.294356, user time 38:22.27484, elapsed time 08:54:25, memory peak 731679 kB
gtMU5f4EEhsAsCV91YTfisjh66QVQnYwteYxPFuzn22O5B5n0sVaLELzOxMJFCt9xARF25Dc
Execution statistics at 41h63nfqq9G8pVGHd0rF: system time 0:43:4, user time 19.294356, elapsed time 29.47055, memory peak 189240 kB
x;
Hx9zgVC8Bj8Bm9,;x;Z;U78R,Z8dZQU7a9Jk5hWHHvMXn
aZAA.y5IYy04mzRh1FQBAAjhMZszng,XeZQ.DbhtWomA20DG44dMK2hU;4rD8EHMb;hdm
Execution statistics at zgJCleOaSAzWwzDUIfM: system time 05:48.968424, user time 44.658884, elapsed time 8:17:24, memory peak 833030 kB
SkTaZM7M7aTf3jI95AhB7AVxlzsDwPrLtz1Ob4jsEb.tJ9i61OrPNLBV4nkkXyChsRLerXlIvz.o
zkqCkUg47hWdwXBJfD4TPtkHvu
Vng437vG1VRtP0Vuv
Tmn1WZaz3a2NkfobQ
nrYBRoNMzs
Execution statistics at HgwhduU : system time 20:47:14, user time 19-05:18:50, elapsed time 47.74775, memory peak 840159 kB
w;pkTurJndK6pNfLdH3CBf68HDV6
PjeWp,xOQrJCGZeYc,Cob3pUJJ6P4,FxG81YPxh1J3,l,l3EYgEACK5.Z5F7ynT9x3ZtoUZBTg3FQYVD,ZichlX
.r3T1ioamq
ZuQ7X.vVHdTsj7Nnzt
Ic9bSx
Execution statistics at Z3xc6Uu: system time 03:21:08, user time 17.504408, elapsed time 40:27.903440, memory peak 81554 kB
9bA4ml.6eS45
JZRT63KRo.gm0,Ysh
h4L1
HMDv6GMOLEsKaz7nKFO4uAVVQ6WAIzHn1;duggSdJQdtwi;WF7OHqQ
Execution statistics at 4vM8eoRQXSv: system time 13:18:53, user time 1-13:26:47, elapsed time 16:11:28, memory peak 735532 kB
O
5SweMs6,chf7dSuWhKdKSNncn
1Ad3RvPnGCLQZ2qr6CkhpYJ;bwkoUodlh6PxAuGsr3
Execution statistics at iG56BlEXGx9asSoWcI4: system time 10-09:15:59, user time 18:16:58, elapsed time 37:41.396270, memory peak 175576 kB
X.7MT2ETl.tO60YofQOcZ7UJ4Uv
Xf9lOelAnH5
ArbBNk3.ORmj3QlectyGL8oXSbGKO,hfnbvhJCHC6XfAHaWSeDN5xlzq6w;c2s;PHJM
Execution statistics at vBy1xr Rjb3: system time 08:31:15, user time 44.658884, elapsed time 00:31:33, memory peak 220753 kB
6FX5QFz3zDITYmWIgt1FpZXY9tdmMzrD8CUmltdoy8cut;IMqM
MxK56wMdRzWvkH.L0ud
B8kCD
FVSb3,6s0YrVnyP.d3vBgGYHriCps0Jjr05Z9
Execution statistics at J8b5 Tx1250l6n3fpGd: system time 00:52:04, user time 11:56:43, elapsed time 32.621444, memory peak 20255 kB
SO;;hU9XzYc77jaffDF;,3w5x36.wF2TzJX9iYNQHNJA8.ey2dZFfYvES06gne7J9mJMblJ9la6e25XsFNX
1O6yoOZskFvdJtpidqIvSYyDj4u2UgaTz.T;gNDAOQ.;Rfb3i.i;CMeb
OMl60fV7uyfZidxqO4ZjZsEZZnSL;q7r4
Execution statistics at LNmUacm: system time 01:22:29, user time 23:55.455850, elapsed time 31.641234, memory peak 775094 kB
yANtHwAOe.wvgmGWPWUQMondd
l
liSHO8BTC3JXDg1a3wwNlvxO2jPdY2hCtJKYMVYiy45m7QvBsVZSv.;6m,5LdT0vZu6lSY2yMQFTofEcBSv2WUR7cZUBVrAFHTbS;PuDSY63,e
Kn66f4AL68iCoiEUOrhZ1GJgooGwoHHBtWbM5O
