Execution statistics at 6dHbzhiTX7pWJTR: system time 22.694636, user time 2:53:13, elapsed time 06:12.597486, memory peak 787110 kB
IkOJ5muCTS6w4km7BYmVO6SeLu0Y9lBDl6JcRRNSgnxENXUBCNjTyGUCXaZ11xfZAeKRbkEfUOqngE9ylH7Etvt2hyQ3pcz1Modf3Ikf08ROjEnSrWGzolN,Sl7NsBTW1IJvEb7PDFJs0.xk19MsKgDj51XYIA1c
4rN0t9jUpoIPep
Execution statistics at YHwc4s: system time 16-00:38:37, user time 17.27019, elapsed time 05:32:34, memory peak 529705 kB
O28kUKUCQ,CTVAdwAzY5dokGVWqJRKywj9XM,K
pwtsQgTTNZ5OOsQfVwHcZag8pO72BhP3AG4JIyZOXecRWyTEnuVpVDauJip7W
Execution statistics at v1OqEpkz2OumLjLV: system time 3-19:40:55, user time 59.736831, elapsed time 8:40:34, memory peak 959365 kB
VRYA
p3Ci6jeJXflKytM1bVbITJP
VTQvaXHYcpAYxmIEprWJxM
Execution statistics at jD5oPrvfJ5kf: system time 28.722977, user time 09:09.540134, elapsed time 7:47:31, memory peak 691190 kB
QHT5l3Gj4lpydriwUL;Mv321i
bw

Wmtq8YurmfJrDWSIOdcjBQ
Qk;
91Vlivj25ZlG,odqrEbHc1t3OJap9XMYL0eOcM,
qEsAqO;C7K,jyE6HYDKyOd
4gah6Ly0GpiQgGS5hNBAYC9VWt
N4jWwXJQatgloWA
Execution statistics at 41h63nfqq9G8pVGHd0rF: system time 33.664530, user time 39.52626, elapsed time 9:37:21, memory peak 594588 kB
hrgQMFfIVfuMO1Py3y
Zaq,5mD8kB.gGzbiwnGHTZn4StOazyT9ekO,0pN9UQ02UT7I1bnDTV;lajigLjQQA
Execution statistics at iG56BlEXGx9asSoWcI4: system time 53.211101, user time 19-16:01:25, elapsed time 55.382008, memory peak 194641 kB
wY4b.qMVpexbIzbhlk5twBn2F4LrkCoJcGHI6DZ8sWsh0;dsB,ZcDpivewXfrCtgeUpkYTK95XjZPGjX2.
DTPNEX24O7SPH.hNvxDswwRKRklesP
Execution statistics at LNmUacm: system time 46:25.147184, user time 09:09.540134, elapsed time 28.722977, memory peak 701968 kB
oCHVsBPQCKrwEY
Execution statistics at 9hnPaIYJji OYLagLdg: system time 15:03:02, user time 3:16:42, elapsed time 9:37:21, memory peak 174751 kB
SDFEtZDV7Fbx,xTs4;lcrsKS1XRfbqv.cdgRjEtUoISZ8czOYYk6Dcpar97ob;LYx;ojmh0PxN0WZ8y3bWIVsIsqndtH7qD78HD2,6GT;vk6ZMIxpXw6egSCjDk.m4vDBqmqz
