Execution statistics at zgJCleOaSAzWwzDUIfM: system time 1:18:7, user time 18.544363, elapsed time 7-12:18:51, memory peak 922442 kB
BAloo9YuwtCmYHl;HriSw.,,zYSpB5GmzW7;rA8aNtOSgX8ECOSdzkDE8wGXyH6xyMWoq
z2HeGDNXdaRB1Zl8ueT59Rfpl08e4i2Y3gcft9yBNJPnEA5FDu5AIaDTm3;NtV
x.EOisxrfRnhDrAm4QeRQ0gLjnhmysKGGUjnvUHC9OUlVdICDedx2tMw;I;N
Execution statistics at BLiSoU812YjLqQF8qi: system time 19-18:13:04, user time 10:13:32, elapsed time 23:34.202087, memory peak 433608 kB
Pji2Wl0kxsRYFhDH.bmBrhPxJeR7XyCAqErKuHP4aPi16OqGpxMPLzdPCHVI9SADMeh
Execution statistics at 41h63nfqq9G8pVGHd0rF: system time 53:53.312386, user time 8-16:06:32, elapsed time 00:23:48, memory peak 470546 kB
oEC4fBY280Kt2z5DaJzqkMfwceFm7oIL4j8ze0MGnhHfsB9nn1Xe9c5yJwoWVYYpgyh2y.tjH9ptwNkzWWoi
xHYECCNxs1sKDPF;rgXY36HmGMPHe1mpVg6kLDagh,UHC.
Execution statistics at LNmUacm: system time 08:36.525833, user time 12-04:51:40, elapsed time 6-22:54:51, memory peak 802923 kB
Awx62bvg2QLDmzOzqoi2DK3Agm,JNl6fbyDckem5ecqHr2KQ7Z7HN2dmv

WcXA.EaGd;fq7N
Execution statistics at HgwhduU : system time 01.184397, user time 13:41:36, elapsed time 49:09.322804, memory peak 412751 kB
iAffZa6ks;E3RlxnqQKdS
Execution statistics at JudLk5ow0C6dJv: system time 49:09.322804, user time 05.330080, elapsed time 50:06.620334, memory peak 397885 kB
CLm4OuJ
GBogdbg
Execution statistics at vBy1xr Rjb3: system time 18-19:23:49, user time 34.921844, elapsed time 14:19:31, memory peak 163847 kB
roPfwflkm7yMZYbSLyuTmEzGFJ3e9bnX8Ta4SiW3426sSGRMiT0BgUvF82,sYVs;GcK62q1SotfZsq91ksgcADKLfGTigk1WgwY
0
ZhPF0pFFQzkB,h8uVNQ7vG
Execution statistics at jD5oPrvfJ5kf: system time 35.483160, user time 19:22:45, elapsed time 8-16:06:32, memory peak 383558 kB
q1ggD66XO5e8
i8B;Ljvq21k5Jr32W1L,pQYFmwYNZc7AGY4lZ6lr1UsNB5UPJIzIJ.G7HoaL3xcxKxRMPvWwlWAd,JfvjqWqLZ.eKNzJY1iE47nKFEohpL
Execution statistics at J8b5 Tx1250l6n3fpGd: system time 13:19:05, user time 2-21:20:59, elapsed time 1-06:27:44, memory peak 492379 kB
HGwJ.4tuXYB,,aNdiRUlUUHU;
