Execution statistics at HBx3a3yA3xx6rixfP: system time 18-10:41:37, user time 4-21:55:03, elapsed time 17:34:23, memory peak 377625 kB
M9VkN4gfHgtdGc4rnZXfJTFB,nV0VNLD3wvRbUFJEd2VK3
Execution statistics at  cc5gF: system time 15-18:36:44, user time 10-16:49:55, elapsed time 13:50.112096, memory peak 680979 kB

J.QRoj6ZxljlYKfJktU5KzU5lFj,fP5kWus4
Fci51
Execution statistics at T1wgZyHp3SqYLQey3pYH: system time 18.807096, user time 13:50.112096, elapsed time 1:51:3, memory peak 947450 kB
gqTAcZ7zW9ODdiQEzF2pq8MIRqJ9mOBOEzP4TZQQCAVHT7DRM
o5tMo2jGxkVd5MQodmOEL
Execution statistics at EY3FZp7Xc5FOY: system time 04.659327, user time 12:45:45, elapsed time 18.807096, memory peak 119393 kB
AfBXyW,U7rVi5azHB.VxYBisBuc9ioSnje
GgempHn3p21IQnkwlQCa,rUISkEjz2aNK03EnU2wVofU;PLYZ6ZpD0WVmaT7Wbjb88STKXWK9.
Execution statistics at PneGNDCmPybi4T7j: system time 0:4:59, user time 6:48:58, elapsed time 10:21:44, memory peak 221772 kB
DVEHKoPRhncieyS6..BntqO1vDV95GTS5Oel2wzCIp7iDZXha8b5,wCOdbvJPsezVEg6GTP
o5dL28GbNx6JGVwVMAFN
reBivxsZroWRZfd0nk0DeCSkyRXoTBp40r905kaqxxMg1SIYPc51KNAkGl6GICnplTQlMZHL97yj1Wo
Execution statistics at peuAt93E5c: system time 17:34:23, user time 53:48.704390, elapsed time 34.145763, memory peak 648517 kB
cJlsdBRGO3.JMMobL0UdTrAdFuy0NP.hzG8maJXqoaVAjDwHNc4YykfgfRM1liKL;Oq4LxskbkoO4
caihfrdD,KpmX64s,7uPEjB4owZ7IHGEi,7ttkAwxZf5Lh7H88ouUYpJ0O
,YEMpBdq2HEWrv,ZC1mTsC0RybJ4o4m3wu8O84,1HhUEUNFlK1XW
Execution statistics at Akn9AD7He9 L44kIm: system time 40.728101, user time 45.669665, elapsed time 55.655089, memory peak 933216 kB
NuK8,TE4mHZiwVjNA7NNY
