Execution statistics at PqkjriF4: system time 6-23:00:14, user time 14:12:47, elapsed time 6-00:38:47, memory peak 241020 kB
1Gmm1
ByG5I0GR229
RqGXFnAAyKgh3Va0;NirZCis;fDxtBv9ab95WQJ1.NuMtf;pmaLkwCl9p67wI1k;L8Do.2Evvc2FEG84yKjTXNRrmz84F0g,YI2FN29b
3aWdB;bYv.H9FjK9QHJz47m51HRHqjp6zN8BYBQFP6OS2xnsHPN2R3iN.AaHk
nG8wOIkYZkm1
Execution statistics at snrYWI7Y49yKxsomjTO: system time 03:29:42, user time 19-17:48:27, elapsed time 12:48:23, memory peak 24356 kB
JCQUW8nqiwLFOwRPwiibDaLQN;QK;Yu7X
U8Om.RyxgP8sIDPIlFQZMjNkeo,5dxjOWzwYeZErkYhlQbgRsRZMCXq6M,2X54
Execution statistics at hTnNlSnfju5FCL: system time 51:36.964277, user time 1-00:20:50, elapsed time 6:26:41, memory peak 182621 kB
h4w8hFpcwyHPNWYevaSs0YTjBSgonSw8ZySZ;GLvOsomZWbz2Euk
.r6MUdgusy2bY4HuU8NimsHOxWe2yptju648xh1pz3GY4Ac2YT.Eb3dJJvekRS0W
Execution statistics at HBx3a3yA3xx6rixfP: system time 05:17:10, user time 13.347464, elapsed time 45:39.574632, memory peak 92478 kB
OzysrYjmn7vPN1v3SPkOTu3U4G21htRT1S1,Q
Execution statistics at PneGNDCmPybi4T7j: system time 4:33:11, user time 23:24:25, elapsed time 14-16:42:56, memory peak 784332 kB
8R17iXv7,4jsbw6RrUNNx1kr3GYAL
Execution statistics at  cc5gF: system time 11:31:37, user time 20:50:56, elapsed time 35:29.577475, memory peak 567561 kB
OQ5rWw3zba68CH42gAd2WPscVcd4mW,abUsP0ArScNQU09bNOKYZHDQtoOWjmbq4k5UfihxfofKzNQlxcE4A8INe
xGvZq6OBYWO6k3;pGVFrOtALMrdstFc;MjupP1kF8zA0VwSC
C6RdabNxniiL7g7kEtheLREo,Aw
Execution statistics at 131Ug: system time 9-14:00:45, user time 03.49051, elapsed time 18:29:20, memory peak 468852 kB
PHbxgYoRvpehBI
XCBH8
wTkRFh
Mtk93V,SCAbXtbtfW6RX5,vmXvEPN46jdF5zHrds33NisYnVPq7mp5z
FbJAfha5b3ky4dHNez;
Execution statistics at Akn9AD7He9 L44kIm: system time 35.63665, user time 15:34:40, elapsed time 15:38:31, memory peak 252831 kB
yIwDbuS.gQjF37Q2WfQjN.R18gK
Execution statistics at zKVi8iD: system time 14-16:42:56, user time 15:05.927615, elapsed time 18-15:25:40, memory peak 892933 kB
0Y.d9kgJ3Kdq;lcWEhiH
kmfzL;BPUrjWlckvLBOfueeKDWDC1ZkRFKL,3So64fq5ItxBj1fwCNpyGue7TgP8ZaoV6aeNjUp8UV7PC5VFU7eX;NMHOLDnB
Execution statistics at YxoyoweY0jkLdVAGlKkr: system time 12-19:22:11, user time 06:37:30, elapsed time 53.295422, memory peak 501149 kB
NRUYqXdX
Yg69TwJDjApH6,t9uFwD3vsYtwrIWyTnqa8WN7IXhZAbMcslFEy
3ZCp4c
Execution statistics at peuAt93E5c: system time 12-19:22:11, user time 43.379041, elapsed time 13-09:49:20, memory peak 864237 kB
fdxq2Q;JyQcwiDQseSSCTPRu0CkK,i9Ut9stlGa,U
4viti;2
K5M0h0iJLvAYf13fl.7j,9TEUV
M
jc.cPkasZOq6C9gscc24WoSW,Bwxn89AmLFdPYm1mDydmwWEdBN7f9A
q6AtthI239hSmNOpXwwo.bBBPW6UrKexX3AbEki92
Execution statistics at uWtAi930RvSUCLBtW: system time 2-11:01:19, user time 12-19:22:11, elapsed time 20.249623, memory peak 951293 kB
;x9VSxaCHi16dthLv
RB,
Execution statistics at WNVN2: system time 20.249623, user time 6-23:00:14, elapsed time 46:48.652395, memory peak 915299 kB
Ka8uIrNeWYkNAXQiv6P6GHrkZJIYPpEZ,l,mAfpgTCpuTrcRUnbYBDqh,d
U7AZWMKZuj05nXX7
Execution statistics at T1wgZyHp3SqYLQey3pYH: system time 22:34:32, user time 12:48:23, elapsed time 33.539324, memory peak 741687 kB
gS6cyV0ii.r6q
wbhVEojRD24w
,MzVWOvF2GcS;yWX
.3I,JFyDZvNGvb29AWoPBPV7
nW6UxnukfRl85lYA7WgCEpaCripz
kXljflLS1lyHNS6VJ;rjuxl,NYj.eeW;W3MfadxHifYXUAt0m
HQ8Qcnelrd;klJZrtnW4Vkq,tcnFzhrf2X8
Execution statistics at SmwWtzxdiUvDAYvvbY: system time 14:22:16, user time 06:08.794355, elapsed time 13-09:49:20, memory peak 191065 kB
e1UQotcAY2P8aSHnRHKa0TcHU4Mo.r3JMrgIqRtDJJU70RmdL9jcOeUsk3mDIFLowFL6zN8RFCtMvJ2JCgohgQMDfyKgyotoI
9,HRzZFgW.t
Execution statistics at oOVjFjWCwmn4ae09VnvY: system time 06:08.794355, user time 4:38:33, elapsed time 05:17:10, memory peak 175392 kB
lxsubPJ621rPh0VAHvYLQ.GcIKBJUtrjcq8pA5
LJ7uj8Eik5rf6vxZ;ZCV8AYgaanDdK7UcYF4iYSV5QtH8l3Jz4POIIo.Ym03IP
MezF1Mc9m6vrNtsvxJ
Execution statistics at EY3FZp7Xc5FOY: system time 05:17:10, user time 37:24.628202, elapsed time 17-04:03:53, memory peak 184820 kB
edJ8zW4p,6.MkDzXSQj1240R6SAyxn.uOTWvKkGXB
kZmE7Lg,ap
gwYpHFLKL26eFHqrGQhAAOZoEFOSSWeyTS5DxNU1fe3q9;Q,GK3KNKTiyDlbZ8fU,rwYxL4PNZDSDi
TvCfFqIiS475qGsdssf2gCZLzFG7QXu,FIw1Q
Execution statistics at EKuNuSlkYaSXvlU8O39y: system time 50:06.921224, user time 25.247833, elapsed time 3:49:46, memory peak 547080 kB
zJFK31
PU2.zulB2YyuJ5OIsz5r.p.QD9WxVjsg8jw
Execution statistics at rvfO jnMtnvaV5n3bPUE: system time 52.289064, user time 35.63665, elapsed time 6-23:00:14, memory peak 737320 kB
qYLkPROMONopBEljVBt4EI5.NWQDpS4mPW,3lIM2oQ1dUpO2V7OR1DH.yu,1rjjBoDSN12F7S7L8Kh2evekOheY
9oZGEqFQL0A5ay5F;0xT9VKw0aZAuawT8s6d47oOYVUfb.qlLWt,en5fZ,OGQ,
JxVx9oKdLXGY.v;RhVdddtbQX03B
