Execution statistics at peuAt93E5c: system time 02.873176, user time 43:58.440309, elapsed time 13-20:29:29, memory peak 222483 kB
324eLfGrBuqG76cPgXdMPriSYQ;yhiX4IaIza.4H2gLwNy9
cXNdz;2e
Execution statistics at EKuNuSlkYaSXvlU8O39y: system time 14-05:12:51, user time 18.696846, elapsed time 19:25:37, memory peak 960231 kB
tHrXUYykhpA9wztvi625Mz9FjrH60vp3AP,u.,dsN1Y9iiIbZ90YTW3Z
Execution statistics at SmwWtzxdiUvDAYvvbY: system time 3-21:23:26, user time 4:30:14, elapsed time 12:28.62701, memory peak 655667 kB
dFTLz0NpcbKNq
Execution statistics at PneGNDCmPybi4T7j: system time 33.611430, user time 12-12:16:33, elapsed time 8-23:11:03, memory peak 93659 kB
JQC6,0sXY4FPW6w.
rdvB8McqmtsWWL6R9kp8fpUAzRGMbfqcQUno7aHN4D,cbJuRU6rydAjQA840KbFAQ2WjDFHwPRN
A
rNnzBw8RhMz;tymPYI1Iec1g;38mpSHx;eUsTdTxZuC.eUD.Lp
qHaQLHSAY9
Execution statistics at hTnNlSnfju5FCL: system time 21:54:38, user time 8-04:27:16, elapsed time 2:29:5, memory peak 735047 kB
BuV
yXd.AutBa5x7,Gfg2gYnn
z25QVnGtVz1uTQLKbIQThIrru7ylGODmB8VriCEqsBV715Dlivm8yskSBpf
gqce
HUeO6netIJKQxzN8kp3VBJ6YEPmQequHX
Execution statistics at uWtAi930RvSUCLBtW: system time 25:29.672396, user time 15.290886, elapsed time 28.280332, memory peak 743323 kB
BAOwMCKKxUt0a2b7SVuYlxAhg5iV1xb9uL7
IHnaXNAF3K6;mX;X;kidt5owbSLSY6N72
np;FAS56qN3lA
Y4Oy7,Ar0ADgXjIVaog03W,dLBBFopGiv7uS4U
Execution statistics at oOVjFjWCwmn4ae09VnvY: system time 14-05:12:51, user time 3-10:47:25, elapsed time 33.611430, memory peak 786605 kB

xOPCPLO2Cz
gPOFmnxqawUnvIAp0GDBRxtWh9A.0W8tm
DBwFtopV6kapxmS0wnT.l
GiNGwam3OzMyuvGvf17wzxYdJa4B
qVElN08euN3.4evkQksTKEnZdu0uUBpWYq.mLkeoTq8;Ej4N2Fb,SFB65QRd5UTSbb0Lo0fpSz3Eu51Bc6
Execution statistics at T1wgZyHp3SqYLQey3pYH: system time 37:27.664135, user time 3-21:23:26, elapsed time 15:2:19, memory peak 343607 kB
sXQ7BdCGDaD1t8WXYqgna9,okmqF,qUcrVqK7NsI7hMN1dtirT
eer0bb4beNadNRQKZwX,fYXy8zBuwBwRyt0TFbHPDCJDBmstxIIUVXvXjpM2nMY39CJ4zozoHioeepLYqOYmOyfy260M1ZrcKHDK8DYmhvi.C8wy,IjTxgKr4z3s;25dy10GmAfTUnJATem
Execution statistics at Akn9AD7He9 L44kIm: system time 48.315745, user time 18.696846, elapsed time 4:30:14, memory peak 890185 kB
c
Jzfem,C5qnkUG.nwhVhieDOdV
aFv9Rmhk,aLZ
dIcgWksFeiztu1wHxLA64s
Execution statistics at snrYWI7Y49yKxsomjTO: system time 3-21:23:26, user time 2:14:6, elapsed time 14.345495, memory peak 536943 kB
xMFvgdnDAQiePf
SuguHnysqt45DTK0AdvzWwxSJTyRpcwSK5G8kY4FS0crtLrV3AlqY9lCFO0;Unn;Ug0Qip2VhrgkF6yvD9VP8uUBHTh;LltrIyCdLvvmR0Vwvwr
Execution statistics at WNVN2: system time 02:47:55, user time 49:44.772556, elapsed time 28.280332, memory peak 603866 kB
sCVGEEmeo6uzGDnQjkubfLjDYupn9Vfv7Rh2T6r;0CwwpMXDNkjEhEJreGK3SKD7lGqLcKiJOvQKiwR5w9GTb6;q7C2peBwD7IZI.dmC6Vz5xCqBO09jkc2fNo4uksswvejgQcYuS6JZmHjaM;S1PqoiVOyscZ6rS1m
zj
Execution statistics at  cc5gF: system time 21:55:43, user time 21:20.128778, elapsed time 25:29.672396, memory peak 574506 kB
ow
rNrm7OEGvAWoO
Execution statistics at PqkjriF4: system time 42:03.770203, user time 14.345495, elapsed time 10:6:49, memory peak 708872 kB
bw5LumEaNYmrsTRrvtaz08bSi;DmQIH46
Execution statistics at rvfO jnMtnvaV5n3bPUE: system time 2:29:5, user time 53.343988, elapsed time 3-12:09:16, memory peak 151688 kB
4TlldW.jFDcWohYB0J9fjtj5rC01dvq;OFpRbhnnSb8Jqlt8K5B7WOtdXR.ITcpk;,Wu2TKxzzn320CUF,Le0MW2jdWjYR4JVHQU;SueJJjxd
