Execution statistics at EY3FZp7Xc5FOY: system time 13-16:15:22, user time 10-14:52:07, elapsed time 14-12:30:43, memory peak 780023 kB
O16VmebYnatlTZd25hgFj6hjtiWozLn,8qQ;092;xnGQssvBQRFCJL
,.vK7depyl755;0r9uNjRh
i
Execution statistics at uWtAi930RvSUCLBtW: system time 09:06:58, user time 25.687772, elapsed time 15:54:36, memory peak 711773 kB
olpW988pm2,.rHkfGYFT2qziuUfJAXVraHZMSXJm7kXOExTr0DBeZqrsFCIy3XXyYQEAdkRgYKxdJ.D5bYBtIB0zLIvWKzyWv0wq;4xyNaheIYvhuK2fZ
vWdqVdpRVtiL8wXYhOpgv8WHdYJ,V3dZKIG59jPnTYHbg.1p9r

2VZ
Execution statistics at PqkjriF4: system time 9-23:04:30, user time 31:39.952604, elapsed time 23:6:7, memory peak 319457 kB
zcU7bDor73PVY2QoefoYJPGVbItMHYQxXUOIY5kt3xTDdDsW9tpYduDgm,2Dg2Ohz..H166MnTfNpr3fBHl1LttrwX4II8qzKkahpAh5EwyTQrD
Llq6RYbRMA9cn
TDU66M3bP
Execution statistics at oOVjFjWCwmn4ae09VnvY: system time 35.632823, user time 10-14:52:07, elapsed time 32:50.52385, memory peak 970695 kB
ibcERaY55Cfot0pgQpIv;qqKqTH9lK5.W3m7oJaXgUbsa8LyapAzKOkYqUtpEWIaJD335Ucjx3iwItM5Cx;T
JBdgAHU5K.FBQ7yZypG2ioxw2wnS73.q8ym3DMPjzyC2dFNhVVjm6
Execution statistics at WNVN2: system time 23:38:06, user time 33.457472, elapsed time 4:57:18, memory peak 452380 kB
hxF7t2HGGY7AIDRiLvN0dm1RtBLOQ,HBFoT9uhMYm,7jfqzZRVd0;5J7nnu5iAFEE74.rn1qoTiGR4b,VlU;xftx5UQvYEs7h4bap6fMUmDPE,DFikB9P4V
Execution statistics at peuAt93E5c: system time 10:36:40, user time 04:09:52, elapsed time 29.884649, memory peak 181327 kB
p3TFeb1nu.I9pUGPXHm785Yn51Fix4kazGbVXjI19rLJGN8G15KJNSzh2FOl1iw5Yp;mp8dVWMOX4
Execution statistics at HBx3a3yA3xx6rixfP: system time 20-21:16:49, user time 0:15:28, elapsed time 09:06:58, memory peak 155471 kB

.3afZ6U6yIkH,mW2UIRx12Zlq1R9fcmcb5pIVLpwC;;Cnc12VchcXD4DrMVv
3UW;XTry8ibGjF5JrfWAHYUBwbRL
54F.knvKCL.2cprRmz,.ZVSiEaVTnW
Execution statistics at hTnNlSnfju5FCL: system time 53:48.921404, user time 13-16:15:22, elapsed time 17-23:52:15, memory peak 52677 kB
1.DQaE3qclPaH9H.c,yOwBjZykSEHkeoBwbgoBGpFsbD69GEwDZi1s,VjR9,bW9KjOWbXyh5wCLVfrTojd5M1ZI.WdnwNWyjYvKe6VcO.3SoJ
5b9FH4
gN.3mxpF
Execution statistics at E4Gg83SIF0: system time 18:31:29, user time 00.924436, elapsed time 06:46.57633, memory peak 81019 kB
HCUxgvZYKvvH;K;d
Execution statistics at zKVi8iD: system time 14:44:41, user time 20-21:16:49, elapsed time 18:31:29, memory peak 876069 kB
50zn8,WrN,P5IOVvGj,EqYtkCtUGpKH5AGLq
MFvNk2DhP1ryGffwUauQqGE4.0P11XHd5pMo,Zc7TPYw8VXhvREJx5sd6.bBxF6R6;k0rRl.My0JUaTyHys6XWyJOwXYAnVwMWpPa9p.xs8fDH;RoRVnKY1FIP.J3diko;H,RgnYR50Gq1fC,WZOXNrlTScC,89sAb2
Execution statistics at PneGNDCmPybi4T7j: system time 32:50.52385, user time 21.623583, elapsed time 00:18:06, memory peak 709450 kB
IrG3dTv,mLcm4XxcJHnh7TilAe6L5zIxE0nWwh4D9XNROxLiMqWDUCPNq.Xzf9F3eU0hoN2mns3fDm,ZImElCiqWlTQkMZjbo60nyxxQDOZInc
upwzcSAG4X2YUeg0OO,dDU8VEoxW0fH6esMUVyt
Execution statistics at EKuNuSlkYaSXvlU8O39y: system time 21:25:25, user time 45:52.348905, elapsed time 55.501385, memory peak 810196 kB

vSrCKzUizKximCVsDdYvvCS28wswXDZkQGMZWifG5ySapRfw;qYBUfXPQ
KvXFMaTLrkNAngaCreSLXZ56zsZgoXrQZfiDx1;2AXK9w6eAe,mN3Ii1X90kw,AGWRUdNN0jsgh9qJhXv616zdkvXa0EIIXIoA0DotJ436ln5k
Execution statistics at 131Ug: system time 9-03:17:40, user time 9-04:43:06, elapsed time 23:38:06, memory peak 886104 kB
x0aM9TotY0TG8NfbSyAsrEliPjNldl,avoAaQW4kyL0KoRwipIOoiVrQIIRO3LSDCgHBK6WTiz2;I5k5f
eyk7mOhuUrPFptHHw61uUd5VP
Execution statistics at YxoyoweY0jkLdVAGlKkr: system time 3-07:19:14, user time 55.501385, elapsed time 14:17:57, memory peak 52061 kB
7D.FZxnV;A.0SHz32R
Xtxlcbat;PmFW76F8zq4ASS
DBjU4Wj.JQ
Execution statistics at snrYWI7Y49yKxsomjTO: system time 44:30.241268, user time 23:21:06, elapsed time 33.457472, memory peak 510606 kB
aGrHR;
keDsFUH64ir,apz5Lszq2HQqgbame281ims0AVCNe;V22o
L2lajCSRo0gDSkMnASv31kExs

kSYMzqWgx5AKykHj8.QL,Q44zqBzlr6fKIttGWy1TrX4nPT.AVti5GGro2SQ
Execution statistics at rvfO jnMtnvaV5n3bPUE: system time 10-14:52:07, user time 18:48:21, elapsed time 00:56.961295, memory peak 753702 kB
dfpCZ
d7tc53Y8
,YfnV5
6QNjEpfXHtjJk;JWtbjxElovj2APiIv9GFInBJJ4L6PKj,A7S7nh3Xvy77.9bo7rf367GHM;oBCJjdBSAYrEy9jLsA7zT5k5Bp5,tQfRQHWkC36YaN
