Execution statistics at  cc5gF: system time 18:39:15, user time 42:19.763064, elapsed time 07:05.894445, memory peak 111070 kB
Q;fkJW8HBJeFDyusQfhY3YLawAh9G93sFnPYBqy3c;,Ql1Gd2F8Jf2I1HmS674Jk2xArhVHwgTNaEb.mBBjUh9QRu2733kYQHg9qSNu;HyrqFuBx,igKeHEn
7M
Execution statistics at uWtAi930RvSUCLBtW: system time 23:45:30, user time 00:33:19, elapsed time 50:53.53667, memory peak 494188 kB
hIl02lmQlHZ.J7;uogPCFZE
A.ULKg6Cg7nA
m8Im5fVCaNRL0nh
xAm9XGyfw8wnQOrGLWiMcP4rtmB4R0cgVfilG9a;jJS5u.ZjPhlK;
Execution statistics at SmwWtzxdiUvDAYvvbY: system time 18.647014, user time 16:28.84013, elapsed time 23:36:9, memory peak 789356 kB
qMHyOoEELbUXQoxYHML3vGK
Execution statistics at peuAt93E5c: system time 5-06:44:40, user time 21:57:22, elapsed time 16:31:22, memory peak 895867 kB
tMNAhsTdUUYg
Execution statistics at 131Ug: system time 5:24:29, user time 23:45:30, elapsed time 03:55:49, memory peak 262757 kB
uxbMaZ;mTMUuH,JbFP.RSte7nspqjgeNKJhTbKzgG;kf;JfhwkZSR30naD
Execution statistics at oOVjFjWCwmn4ae09VnvY: system time 10-09:04:27, user time 1-00:47:28, elapsed time 47:13.103536, memory peak 784329 kB

IBvtT1crW
1KHlzhRe7QrTx;qhKxCEDC3Ea6jnN.H3oLt9mxcXagOp2cuenel1yfMZX6En8SX;98d4od8A0OhfDb4mjDb1;v
,Igjz2n9T3Df5c,gBXpG3l19y
Execution statistics at EKuNuSlkYaSXvlU8O39y: system time 17-22:03:20, user time 19:43:24, elapsed time 16-07:25:36, memory peak 820299 kB
MvC.tRf.NgAWtb89MP67A.4Gu5UDoVNd5ZRT6l
c;z6cOMNnoh8JttExXOmqWqkk1Y;ss7jxPVWnpYOMUFHufOAXuuRScO1fDqu2SBw51nPeuS16wWljCM0UA1FuBDl
NuwhASIBm5wUnBJPhGVeDRaUtUPN9Uy,28n7.JToPTfwmq33iVkTM69awk,r0dG
Execution statistics at EY3FZp7Xc5FOY: system time 1:5:56, user time 20.343739, elapsed time 29:33.651637, memory peak 572857 kB
UTd3Jx74pCnmN2TENMCkx.3zlGZKX.CYe7Aoxa
znsnR24y7ohw9uXhOGO;L1jqCkZLpDes2M6ovTsEVOoEFjOPuPfD4VjB3Qxrc1QTVTUQ4UHKhCAo,5.5Owud1jzLrz;cgO28
Execution statistics at zKVi8iD: system time 46.562603, user time 50:53.53667, elapsed time 17-22:03:20, memory peak 236231 kB
865xgohCAklTr2cW1rOzC70jdbCipiDHURqkeSxGyRcq3rh
tq2W.TmjkIzZVMFP43blLNk5HtE6,9i;fz4FBsFNtoudt3XVFnoefsd4Lz
Execution statistics at YxoyoweY0jkLdVAGlKkr: system time 49.948200, user time 19:43:57, elapsed time 49.41583, memory peak 59686 kB
0hJBci,n4I1sGP9fNPwLV6DH1fMZQUikiMGMxkpAz
bMM6rW,YaVgzdeLGM2fA;Jy7wMT1o8eqOZ0YlQMDEdCjH7FFnlITC3IcH2Gy5k;2JOBrp5PZCqMe88QPwMRG5sy69A34uao40HdZB
29F1k
Execution statistics at T1wgZyHp3SqYLQey3pYH: system time 21:22:42, user time 5-03:49:17, elapsed time 01.4672, memory peak 764181 kB
g2pmClm,,IYk7MlsjuaVhWjSxagxSiFjjlGofzc;0VYxAioRXOSF6HRgdbJT1c6v25heKOel7kSIxbV0o
3zu45NrKiqwF0emMzypMd8gG.L1ezhNY4E7;.kq3rC,vx.wAYygeUaoroY83ZQ6nLULVxOOUhIW.fnhgVszMKR9B8
