Execution statistics at 7YnHxK: system time 14.768645, user time 44.681356, elapsed time 16:54:40, memory peak 81698 kB
Vu4hZoCsyDxz1BBrwZCLCconF;ISYz919iucGHLnMHCYZOt4Co6BOemPloB1tedSfQhRHVeOxxMvn;9N6KkAz5lTSs1mYyumuuhmN,p,ENREdvhU1v1gcolAWuP;S;sWbU.7ExmkU
Execution statistics at LFAad02: system time 11:36:18, user time 05:12:50, elapsed time 11-19:58:29, memory peak 90914 kB
N;T;.4UGshXP7,,H83zl2q
x;ObS9ZpRJG6C167ryDUR6ze3VcvLUK2N
iF04gMdYKvNwgZ;A7q3XV3Gf23Usx5N;svb7Klf9,BXoalLTFwVOFWn8jvLknDeP6;0lkX.
V1c4HM1QXqbx4HnF3Zj,tW7PGgqgH4KXTuj1vveqiDO3eQGJpzgG
Execution statistics at 6fF7srEXMN8aniZwK: system time 00:42.251446, user time 0:43:30, elapsed time 12.141471, memory peak 17940 kB
t7g
aO.VxqqQsRNs24Gwc
tMhYaMiyRME3XDs6Wgsuevf8stInAs,XqpKoPBm7SOJ2cUCKtqUfDx,9kcRJb2A
Eu,
Execution statistics at OjjAgOObdH2: system time 24:53.860272, user time 08:50:52, elapsed time 54.225668, memory peak 655323 kB
DsLSQJXjfDLa0twwYbI8Ig.0ukIsSOJJZZo6Kbs7d7wmQC5vT89GtE,B.E,1um,cMpfrnMv7VqsXwZEvZfQcMBNx5PsN2KAz99AcEnJb,
QfSMG4SKBuF4WpSguY3WrBcvO7ObyMHZTFk8RpzQC9hluymQLR2v8FQP,wgihu5RscnhJ,tRIUbmR2Dvbe4m
Execution statistics at KGy34: system time 27.735010, user time 00:28:58, elapsed time 57:18.210652, memory peak 381197 kB
,1jqYw4QZK5zI3L4ad.h7
SadZnjwWSIoEW.MdZWlCzTHOc
Execution statistics at C8Wn37lOAA: system time 3:45:18, user time 7:16:59, elapsed time 19:14:51, memory peak 901370 kB
P55np
,vocde70,H4wmfCP8VTB3GanuMJXkH84QXD8yYp5Za.hzfJkse;U;473PLvIrBgbWX9klamcYLsMpK7G1MgdAOnexfYbejPQR0m0;4
Execution statistics at 5Q1uZfNx7Uj19Tcp: system time 19-00:35:19, user time 27.420537, elapsed time 00:42.251446, memory peak 776558 kB
Kvt
BOnmtzBAHQGKw8IEfFnLqBtpiifVwZjadtykiqDqNuU5T
lxQwTSNlXgfLNcFo5Kbk.wf
Qr.sARpbc7
Gw2Y17vnazSvBZK7D
OjNrj
Execution statistics at 5kZM74BZEPBfWqVBrj: system time 14:46:57, user time 14-08:54:16, elapsed time 33.593996, memory peak 997237 kB
fE920pquRArBXoF3FhlO20ogc.pkJAI5p75Di5V319Fpcm2
Z0RYODco2QDPMiAeF2zOQSjwU2C;X03GRJ10wJb5ReT;DSE5sMHxmU0u
Execution statistics at 2RmcWxg: system time 1-21:21:43, user time 5:33:2, elapsed time 59:07.780953, memory peak 36566 kB
WPbbsZlIE.4K2n8RzQL1;NUH4ws7R4IDwf7sDrSlBzPouYFZ7sSvh7J,vuSlN.kr8WqUODjpg,GieuvXD.hK
Execution statistics at JToVIko01hMUaon: system time 16-01:26:31, user time 26.665037, elapsed time 14-19:15:25, memory peak 547597 kB
bqLj4av8F.crk0,byIcL9nh;r6BsTKnraEH0npPktlRnReHj5Fq.eOxkWaf5GqpKvbxmmEsrTEhFe,V0.pIn4twkjuD5QD1GYl
Execution statistics at Q8LqWu2rPlPlXr: system time 6:43:9, user time 18:47:15, elapsed time 15:03:27, memory peak 238418 kB
0KwbVObiXniwe;Pc.nrEsS
O1u.vBAzvfVPIuUY3KrpN7hunWleHV784YMbodkyT9dVbpKY
Execution statistics at YbARaaXcuTN2CtPYO: system time 32.542677, user time 10:39:29, elapsed time 57.160808, memory peak 457967 kB
x4hTUiJRFcI1zaa;hb4Xj4Dctntb6zfurggnm.LXZgSCGSSIVwB0aLQo4
52f6tEJV2
UOZa0QG34jZBOnwU.LYQY1xWgEs2ZUTs9iM39EDk;fCV3rPjXJ7.NxU6Jrv74g;78iU
Execution statistics at W9U1 csd49wSA02A: system time 8-01:31:25, user time 13:21:49, elapsed time 23:07:47, memory peak 312899 kB
nOjH
8YaY;u,quuRebVXMzkvpA8HgnaIR5dQkTxi
Execution statistics at TxLTWvXOla: system time 1-02:12:25, user time 16:54:40, elapsed time 44.335735, memory peak 863757 kB
OLj8j8mz0cZMH86bLpqt5AEDuVRwRklS8mTDJEDMgJF0lNY0yi0Oj;KNJ
rzfaCKF7WiFuJqJBI9rbwpyQ0JI5h3HhkzNgFZBFVyPu4QbRr;UMbtxRGXruKUkRtdmD;ib1y6LLw8r4MEw4eDEyc4pprLz
