Execution statistics at YHwc4s: system time 13.87762, user time 10:05.739320, elapsed time 18:16:19, memory peak 745919 kB
3XGX3eGj0a6nmHaPBZIXDbFvccP5LpLcFdTJBXouAjr4,ZToEONTfm,w5C,Kgz;7U;DGc5VQw88Z0MGZRStGwO7793,5J5fM
eU;FYTRqArl5TE6MAZfa.4KUx8MhkAxF94,Od38.;Lm7aENPjiMShoBp;5Ad,zY0zkh7W;f499w
JZXUwqv1ZbzTLqJn5TdWCNsi;;D
Execution statistics at 6dHbzhiTX7pWJTR: system time 10-12:01:52, user time 10-15:02:09, elapsed time 7:47:14, memory peak 106779 kB
5D.muJydiovGhCansfrh6wp6XgIPlDDZFkeJRIsuOmZtWaN;f44AcF,e5Ko;gGytCx00XWwT5qsEs7Of0uXb5vsygIJPNHbFSKr,WW5PcVGkzlMpU;gkcytd6L5N5zmY8qd
Execution statistics at LNmUacm: system time 54:53.112929, user time 7:47:14, elapsed time 10:35:10, memory peak 389175 kB
0H56.mcD013C5Hn8PucIR
YWwYAyK192xT2UCG7VQ44nvse6ofxdsnyNWWAHucjiC9QzfsTt8Jgj,uiLzPszinI0K3n9;mb0JIwN
pm0.4DbcKF9GcXOMrTyiKsysN1qq89AO.95
Execution statistics at zgJCleOaSAzWwzDUIfM: system time 14-06:13:23, user time 11:01:30, elapsed time 00:52:58, memory peak 478615 kB
J
dnzRihHjZpna1Aj9QKusMAk5s5rxiPSshx
TDARoVTJKLD4n
Execution statistics at jD5oPrvfJ5kf: system time 58.543561, user time 47:10.386186, elapsed time 34.669495, memory peak 900526 kB
ZQ;b
,YO0KOJF2vOr2v.bheMLwu6SIFJHF
Execution statistics at 41h63nfqq9G8pVGHd0rF: system time 38:41.271252, user time 28:28.99857, elapsed time 20:43.794725, memory peak 136739 kB
ot7dOwI;iqZfJQXs0WXat6IDTwAdeAA20etz9
MG4Wi.RbKKqFmKHllNj4z;D5w4a74iYBrelnRdPfr0tPj6qz57m;kCW6Uu8TmAgo3orYHmOHJ34PdqmXbUfmoJ
Execution statistics at TZygoDQ5HCu1BQu: system time 18:16:19, user time 03:03:31, elapsed time 03:03:31, memory peak 160613 kB
basbxaewLTX3Rv7JPtdHRUqSV5NYo;5,kqB5fi2TlSkuU5,B3gUPLQt,5kaK15c42P;XIQ1GGlYfwyIxGOmQbrxYdnpFIh23
uquY6Y2afRj7;MCKkZ
pNUQBgjMB6uilyOvkMZZHPZWWCA2YdHMI6jD.SaMBvUM8,N35QRyQvUd4Pr
7oiJeDMxLPXQU7
Execution statistics at JudLk5ow0C6dJv: system time 19-06:53:24, user time 10-14:42:22, elapsed time 20-19:25:04, memory peak 265443 kB
eEKYZ3aNjjrbeUt1NqdnvtQyhYFqbAKmDwpgSj0nPxEuH4EsHbiGUQoi;kX0TQ4OpBoKxbLKAf,VS7wNE
Execution statistics at vBy1xr Rjb3: system time 10.784491, user time 54:53.112929, elapsed time 3-14:14:50, memory peak 61955 kB
oy;1tv6eILjSixKAglNQocdC1AvIdIYTPB
Execution statistics at 9hnPaIYJji OYLagLdg: system time 58.543561, user time 10.784491, elapsed time 20:47.289159, memory peak 84219 kB
RmEvi4PERKRd,JEwDvh2nUIf;HuNbHd9oTQe;EI2F5ssSYYXkvFjlW;b;.rdHsNnhAAJKvbSqC;Nd4VvUTrOJDC;vVa7dq,Kde81RLMC5He,o4fUxJd,JwP4QkP;Bh87nZEaiBgGKxv7Ys5CWpuBduFRrhLvIXrm9m
QPxOOyI7JaF
b2qrwUlsnMwyoT;lI
Execution statistics at Z3xc6Uu: system time 10:35:10, user time 20.117858, elapsed time 20-04:28:47, memory peak 923590 kB
3kfV2xCXSTGUk
Execution statistics at lga52OuWEbzMr4GIRXpH: system time 20:43.794725, user time 13.87762, elapsed time 1-05:09:39, memory peak 145544 kB
8i28xG4,bBAM6tGoYHQfuikpx9JepzSorBLBBEhSQjWZ.zLe1OjrCE02jXS
.9V2iLw0yzzbouQFrnM
E7PnxydPwUa
F7FzTLJpu4J5WsnStmFoEdr;7eGdHI,pkIGq,xhl4h0WiRkNNrZrQX4H
Execution statistics at BLiSoU812YjLqQF8qi: system time 14:51:13, user time 9-09:29:33, elapsed time 57.148579, memory peak 473054 kB
DyP;SbJ0x
3PL3FlJtWbrmYSY4UOb3Uuc8
WUSsWH0I7hy3YsmWCa.,HZ24GGyNbJ6MB8F0JMfEP9
TceZzoQGJX3tSCdAFU5KJ6TIx40iuUMJR
in5L8X2FmY,vnETxLqO,KabDBzm6jO
Execution statistics at J8b5 Tx1250l6n3fpGd: system time 4-19:47:39, user time 10-12:01:52, elapsed time 4-19:47:39, memory peak 699822 kB
lVNS2G6TrfZRbs.mXQfFOUVXv0Fto6sXT9gN1ml8bBn9nM;vwlN0Ufazsp;pZ68bTtYaWuoyp3vppK8Yzm3GqW4DFr2bnLcP2
Execution statistics at HgwhduU : system time 4-19:47:39, user time 10.836757, elapsed time 20:47:21, memory peak 393473 kB
jTp0bqc6UHGocbdRFcFBz,HVCPf10KvlmyGGiSE0v9WMmAZ3MG7.wKPn4HFjJJdunZkI,;hx8oY4Xie0b1tewi
Execution statistics at 4vM8eoRQXSv: system time 04:05.147879, user time 16:47:22, elapsed time 01:24:27, memory peak 879095 kB
creTxCDJ
54foirJuMWEQDEL94sChDvL,CqX,;OMGNUOtqZbUVoKIG.lKZOuOJJ3yAp5qqs5m
QIdRdfEFnEQ1CePr0a7XbrVxnNJ2DOcrs8
HqRAx,H2bUzENHJ,Q.2lWqfkQfyYpco0ITQ.GqdXQU
,rlmcaOGsHRaiRaKGkCMaoIsksF.A
Execution statistics at 98owA3Ynk: system time 54:53.112929, user time 12:13:53, elapsed time 21:46:58, memory peak 236244 kB
Z4WOgkDmti0752XMcy8zPIzgN5EpKn5dbUCc9basFBPbyoiz
tO0VD4l1rhq9Pbx1tK,CrtP1B8f.TwHxqEPVNY8hHRdEQ5UWjIpIiwRdSiEOs9EYe9TVZsRIm
w,pJeOn6aDUg8HZvYD2Hzj88Ka34i;ygvGf,Z;uLrJpnr2X
Execution statistics at v1OqEpkz2OumLjLV: system time 04:05.147879, user time 18:03:54, elapsed time 10-18:38:10, memory peak 771428 kB
vf2HpEf
fy
DPCH6JLx
o9aVF.QSKSpDPPQgzJgR3Ucyh,hbfNw
Execution statistics at iG56BlEXGx9asSoWcI4: system time 20:2:44, user time 14:48:18, elapsed time 18:20:55, memory peak 89535 kB
5o6FHx1K29RtC70fyNM2x9
XdQXP20kzTMHtFABU0Ttby6
ejQwp8iF6jW
