Execution statistics at J8b5 Tx1250l6n3fpGd: system time 5:31:53, user time 43.170088, elapsed time 14-14:38:23, memory peak 820604 kB
hT8F
EtTcgT3c0Og3x3J2nzCaR4
BQ0XE0vtyOJ.XAx1.GxFcZB
63Jna,Ptit;4;8uKqpfx57FEQc3xl75iOcgnXWAb8CuFs6aAkxaGkyqiv9Q7Mxow
A4QRMKw,0;axMREe8XfOo2sP6SLsQU4JP2VxOzDjsiccWDICcVT0jVYYuxJyZ3
Execution statistics at YHwc4s: system time 28:44.859522, user time 4:19:1, elapsed time 10:29:10, memory peak 646010 kB
B4cmEaaQ3WFLwa5sYy,uQs8j;CirgwQp2z9oI3RiWM0jRmmTJWjWG1E5BOhS2F38HpKBL3X7FdxJQGFLBqVFO
DnyM5
39T13
Execution statistics at 41h63nfqq9G8pVGHd0rF: system time 2-11:36:16, user time 05.96668, elapsed time 20:04:16, memory peak 579126 kB
xeBKoZsJlAEErHBz,WlzoNf;k4qxNDWC70Sl1fEHroOv4GyR1pTsZU3Jq.mGD5eHUIyh4gF9qv2j9tQmvF7UkRe
Execution statistics at zgJCleOaSAzWwzDUIfM: system time 22:50.943086, user time 10:48:6, elapsed time 00:19.599375, memory peak 943219 kB
9QZDWqV0K8p
Vr3l5Sxy1q.kSyh0Dnm,8Wpu0y20wPtBlyGrKldPREwVZn4p1NXQMsz8NEYHO382pGemCDyxGdCV3FeDcPo6SH7kxNsjv9N,qLruJkiM3Ksclsh.XIqXqoeQWogn1qaoB893dWry3RllZ8B8mD
7YOoYMFQdWnKNO97cBd0xgM
Execution statistics at JudLk5ow0C6dJv: system time 38.186010, user time 01:40.264704, elapsed time 30.958641, memory peak 80765 kB
yH9A75592N2,wiPHXd2BX,9
Execution statistics at iG56BlEXGx9asSoWcI4: system time 10:29:10, user time 08:54:32, elapsed time 20.943702, memory peak 860613 kB
.9qfJ8A1T;Dx.e7l0.YSAF50BEMk,50YvWhWTW83.yK
Execution statistics at HgwhduU : system time 05:11:00, user time 10:42:26, elapsed time 12-23:03:58, memory peak 165404 kB
iypeArvtVxBciD8HO1B06OLXnBBh6MElQf3sRrE2zc0adGOA25LEKVc919ClhA.snfY4J0M2bjwMJj
uiQUYdM
VMh43RVl;4qlQ.hIGpl;F4vemEXMZ2vEZlRhBJ4QaKqqciJ1vKJdXlS4c;atK,Lb.YnHC2Chu7nFXQr4Oz31VZlTGwo;Fc8X;
Execution statistics at v1OqEpkz2OumLjLV: system time 2-11:07:35, user time 45:46.62859, elapsed time 19:05:55, memory peak 624339 kB
6Mj
n8vkIeJZENEoBr8,F;kFe8naV1VmEt9F,PgDa1fSMVWu
B2cK7QobeXDjFjto73Vd3rMNcbNEeQVziIBqwP20p03e6;mBmaASJPb3,r2yvtaWOhawlQE.PEoMZaWQbC80AbVzRSyK.SISy5OOAtwB.iGhi
Execution statistics at 98owA3Ynk: system time 13-03:17:22, user time 13:35.917164, elapsed time 25:12.288075, memory peak 457778 kB
49oSfGtZJF2JzWrcWIBLCDzq3xoXvVjpAQ8K032RF9lSKTcLNRrzgMR5HldhXBlSt
9CzV92xsEYWCCDbwNUnExMN0CN431GmNd2dgoGcNVeyTnJOw;yIAkjiF1,AG2fujNIcvcwoaVc4jPzUYwPEMeH4GeJj.LQY42MBqxm
Execution statistics at LNmUacm: system time 12-09:24:37, user time 56:16.387299, elapsed time 16:29:42, memory peak 734158 kB
QX
3
;SvUx7meT0UJTm
2fVTq2N77j
sQWL629HgP
7V4vIKnK0AZXEVlINGiV;W,fIZOUq6SkLpn8477UIRwm03R7htMxT0jSxaejEzxBJx7e8SUtMQFKhN.iNa
Execution statistics at 6dHbzhiTX7pWJTR: system time 30.958641, user time 21:50.621735, elapsed time 15-20:54:37, memory peak 696048 kB
tnRW8qlqKACWjq5JPgL5sjqXepsh;Pt2X5a,zbdF7Oy5IR0yR6pPOv
IRT87;f2dBJrZ0EZICMqMYkG0Nt;8GQi2mXTfRWZD
Execution statistics at lga52OuWEbzMr4GIRXpH: system time 5:31:53, user time 18:10:20, elapsed time 13:35.917164, memory peak 946601 kB

Q6gmml60yLbblF;VltxBBVIzkE4ZLd
Execution statistics at 4vM8eoRQXSv: system time 26:16.60470, user time 02:59:14, elapsed time 10:42:26, memory peak 890069 kB
aL;4SmCSxPcrv,xltK4dGlEl
PbUz.p1UYl,ZnW7XJhV2LQcTidMf8pjPvTZe1J;lg5UWDhSJbH11
Execution statistics at BLiSoU812YjLqQF8qi: system time 6-08:39:43, user time 6-08:39:43, elapsed time 38.186010, memory peak 390167 kB
Q.VR70B9Sre35eLXV
Je
Execution statistics at vBy1xr Rjb3: system time 18:07:20, user time 6-08:39:43, elapsed time 08:54:32, memory peak 252343 kB
6QSCpr9xC3n;eYp44,ck,Xl3.aMXa2ba0aC
iEDfKndAU8AbJr.w4AOTefy.UDHfbM4s0xjYyGRejvcIqVBO3ucVQT
z30Wpb
n1WBK3k4ZVoE;daTiJjJ,f7jGPHgwxXmASlyH51ye8hmRqrQ6GBry,kI;IC2cudUGhmfIET02D4;GlY.6.p4V3mzK1
Execution statistics at TZygoDQ5HCu1BQu: system time 05.96668, user time 10:29:10, elapsed time 23:59:15, memory peak 268332 kB
4Z067vbkp2RfE5XE66xKqw6,GH84Zrh23Xil8J;92mFnRUlBIB2hbRL.H8aYlxWY,0ocaNJk9vkaFmc0xVJLYDN95A3jUetYAWvVWWTPxncfk4XLCTHbx.f8X7NfNRC,BaekMg5il.RxdoNMkKl
Execution statistics at Z3xc6Uu: system time 06.445785, user time 48.416674, elapsed time 07:44:54, memory peak 501768 kB
.SD;UKmcZYhKE9Gvo
gxixx3;N8E0r
LQU8Pc2gipMtvFsdLPRbwSAjD3fF
cNPdX9.j1tJtFDOCGY9tBwxt,vw68NLDrDEbTtG2mC0gKEOy1VHaogLyUBls
Execution statistics at jD5oPrvfJ5kf: system time 12-20:40:23, user time 26:16.60470, elapsed time 2-11:36:16, memory peak 406903 kB
mbKUPVwUAPHAX70nbIEFZ
osKCw8vNBp8wbUC2tEge24i;D4pM;9FptNEDsrj3VKHMN4,h1VxC8RxwckbXjHOCjtIW3mCtI0SaRP.wAub8bGPvYSGGHcLDXJ1
oxF
Execution statistics at 9hnPaIYJji OYLagLdg: system time 12-23:03:58, user time 13-03:17:22, elapsed time 19-19:53:37, memory peak 47807 kB
8tkxkieYokEAWGTQzFGLbTuZ,IJbL8Kujjf8iGMdIg,AlDMm9fy86AQNs7MzKE34z3zXauNqL3I4NiWrJ2oT8ZNE,OotYR4GE1DFavSMYnwx3rqj
CMOXdBj88bh;TSA
wIVSMsVRlKV7;a6s2W
Z7EnnO;4DsekfuWwk
