Execution statistics at iG56BlEXGx9asSoWcI4: system time 08:08:20, user time 15:36:30, elapsed time 19:57:58, memory peak 296759 kB
1pOPeaQuchK6IMj5eJD11DekyhQ,WymO1UDK,W6h
Execution statistics at 41h63nfqq9G8pVGHd0rF: system time 2:53:34, user time 03.686159, elapsed time 16:58:55, memory peak 414809 kB
UUt3QEg5PYEj3hfsrYL;6Xu6G34d0Y2E6uT988v.n25E1
w1UBhrv0E610
LB.by47kBiC66Ri8FAsN
9jk7GNlTQlyWo9abi1atxB;ep6KTLE
Execution statistics at lga52OuWEbzMr4GIRXpH: system time 13:6:15, user time 12-00:06:57, elapsed time 17-09:22:20, memory peak 919524 kB
t9v.RLC;22S9SiuowaZsKrWj
um1UZD10Uj6ZgDl1PQs.KPdRu6A1,wKUNk3nN4yIbWYhRZUOs220RZRLMpu42u;Fn,hSsB5ja2Grof3f26rneRFxLj
T4RiwUBPkKTUfTWE
Execution statistics at J8b5 Tx1250l6n3fpGd: system time 8:57:0, user time 50:29.243074, elapsed time 12:27.577283, memory peak 949458 kB
RmNBqFJ2FJyzhqmm
Mnp0yjZ;AD0HosJ
Execution statistics at vBy1xr Rjb3: system time 11-01:56:26, user time 07:12:33, elapsed time 22:38:32, memory peak 353069 kB
4q0wuzeY7mE13HSjpHLu
yJ9nDv6WusDnGBDBF7GjJUG;fbo2LL.cINf
UdNgRS6NiIN5,qCbj
Execution statistics at 4vM8eoRQXSv: system time 18:24:44, user time 03.686159, elapsed time 19:14.143741, memory peak 678179 kB
DPkGjNtSdj54pxXrFw.6rcJBD09lGZItN5eBEnJl,I2U58ulTay3RZ.t9j2tmnU9,cojdT1mU8,QrxTbW2M1nCRViG3WqwKRxjj4P;ZtlLFJ
Execution statistics at xEuzuI3hM3cvvfcxu4LA: system time 03:09:50, user time 01:48:43, elapsed time 54.707141, memory peak 644568 kB
3x,FRRjvnK6ZYS8YzcftQMw1.WtZ1YDTcx0sVJ,ZOzlVtYg0C,WUif2zZmFI3Sa
Oe5re837lrWKU4nvSrfvGJsIrwbfUkHve8hzhse4
Execution statistics at JudLk5ow0C6dJv: system time 15.545381, user time 47.280956, elapsed time 20-18:53:23, memory peak 877204 kB
ty0
QtojCEWpY7Cx92gpvpC;PClWQ9E3R9ZLaAMigsrisokjgffX6C91xe1VhRt1YLiiFVWoUoMpKgKhHrKXpAcIkdPw
GVeRoJeqIuxY,GPwCCDQ5Wt8nI4y
Execution statistics at jD5oPrvfJ5kf: system time 9:41:15, user time 10-08:51:23, elapsed time 01:07.512747, memory peak 71991 kB
LBq
bM0dD1CQC0s2yG
LZIee7ZDXIUOWAoc5pUaBtB7OP5FnIST65lQ,uMUxEIr3hEiyjsYNexwjLKUl1cxI7DHPONZ,cEI5wq.2B.NuIvdrE30Y27LWZXrOnpC9AxwA,0fS8P5qjcf7O4ePCopD
Execution statistics at LNmUacm: system time 12:01.683488, user time 54.707141, elapsed time 26.662322, memory peak 662730 kB
ttiMEIPbn4R2DwIr8Q61uQcRgcGqmf.96KY0AQJgeTAh10A8ljjbtMRtjJOSS,k;H5TKXRqEsr5hUy
,yHjaFOxRetrFJxIh1;u6E
QvySSxFEWgVW,AXBE3N.NcECZODP6FGMZ0dl5XykShtS,7Y8toqLj
Execution statistics at v1OqEpkz2OumLjLV: system time 13.517089, user time 19:14.143741, elapsed time 40.946299, memory peak 822182 kB
bS6
6.FVTqmpwjMiJUjKlJVHINC1UJm4x0QNZ
,ZC2C7TUbMLqXpcx5
MD5yBaDBBSdL99;cO,qQkQIzEPs9hXM8F1.4B6Lfu2InS9HGCyA04FVvUD0RfQBPkJDV0daQ,cVlXzFLN
Execution statistics at TZygoDQ5HCu1BQu: system time 20:47:53, user time 42.609406, elapsed time 11-13:06:33, memory peak 45250 kB
UlGFcEiTpi3zi5B5rRRfiYtu1bJBdVcB5UgFtePHa;BsSgELLF7TFruZ3FFd2zi;sQdXA7HVcd7nEyic
Execution statistics at BLiSoU812YjLqQF8qi: system time 40.946299, user time 31:01.206813, elapsed time 17-02:06:06, memory peak 383371 kB
JsdkjHZSjz3f9uuthiHdP1i5eN1Vrq;WLN7gHlobClpGP31wCT
YyVWFvq3BqCjTmnRAv9j5qT,RhNTIa4b
Execution statistics at zgJCleOaSAzWwzDUIfM: system time 04.453462, user time 54.707141, elapsed time 19:14.143741, memory peak 145433 kB
.YbKw5ZUyi8pBYT
RA7jdnffnAeU2BOQIzJ1U8XkOhWTCoyw7poIVsiRi5PdbrsDFA1BfjMHUDn
vqK
dJt.Eno2lh,USGaZtUCjRbokGlWMtK7iBnhtrr5EYLu3s2zg,3lqEX94Xxw3k5QswpzS;rjstgMUC580e8P0;h4.Fz
Execution statistics at 6dHbzhiTX7pWJTR: system time 59.711832, user time 11-13:06:33, elapsed time 11-13:06:33, memory peak 177840 kB
pvbdvNKbf0etMXtY;SRyaEoehQHWYRYcq9WynPLEtt
Execution statistics at YHwc4s: system time 08:00:42, user time 38.106259, elapsed time 03:39.832263, memory peak 709135 kB
jK9S0
eYnPDB3COj3DL3M
gKs9k.ilBL5GbGXW5HH9swfV
