Execution statistics at BLiSoU812YjLqQF8qi: system time 03:06.425710, user time 21:52:57, elapsed time 03:06.425710, memory peak 355982 kB
qBhKnOnqtqu6yERqs3Elj1
i3eO1p18g6ibhfx
VN3xi31oQs
Execution statistics at JudLk5ow0C6dJv: system time 19:32:33, user time 18:12:07, elapsed time 06:32:27, memory peak 609393 kB
o6GQlL
RcSw9m8u2XDkF9lF6
M5IpXs4O8
Execution statistics at 9hnPaIYJji OYLagLdg: system time 19:32:33, user time 18:54.756016, elapsed time 01:14:17, memory peak 561366 kB
9WP8P
eqB2Em4Fe1JkSBLDfJ53rSFOGWqx3As1WFKvFPTtsrcHK.GF9JiwHaV95ugaXRH.n4wah4XpHlTotLRJEmLvq2W2xhhUwTLQ4,rEJ.Ayn71qaM5.Ab.1TiI;0B1
qXHzq9Qzfhpd7nVKa7VbvYxml6f
Execution statistics at Z3xc6Uu: system time 21:52:57, user time 9-07:30:04, elapsed time 37:50.411447, memory peak 54113 kB
otGQWQD9F
EJ3Iq5jBhFSP4K;HiA,Jz7j2Cyqqe33BTTbptxBvIJd6QoHQH7GWRLJg5RDleBT4pb.70Vovz
Q
vV78h9jJnnEVPiHs6P8W3vSV
hab3If6g
Execution statistics at jD5oPrvfJ5kf: system time 20:06:34, user time 17:51:24, elapsed time 4-17:43:12, memory peak 716762 kB
hU
X;4FoCaLoylmtzmNNRZnTgRjzMJsa72,RuOcqeTh6T9UaQ9dJD8pmmFg
1Z9v2JoMjedxApwVnoD,Hz8zf1T0BjmhymUdb,EWppRKtKayFG4IlsxfDdOrkp7llvxQNEbsQpQOJR3eLKZL2CE
Dnz5epevpxyl7BjI
Execution statistics at J8b5 Tx1250l6n3fpGd: system time 37:50.411447, user time 00:07.289889, elapsed time 18:54.756016, memory peak 771744 kB
l43Q84ZB9so6LQzu9211h808ufOj2.t5AVxlvhKARx2E71pt7,CSPxB3q3dsiG6pIQ99
H
5zaXQDnBC011wRsknMZCjiIRRaWDFGK;
Execution statistics at v1OqEpkz2OumLjLV: system time 20-09:30:41, user time 11-01:38:56, elapsed time 13:57:44, memory peak 647609 kB
ZMh6zpdjpgKRI2ZqlCiTeWiNpJ10sgTDIJkDmdCPIOfEGdn2,RnlBcpmI69SE1K6pbL;lT7Ck2xCJ68fpQJJb;kf31NRTtQaTgiUY7SWZUnGTLVBM4oOAOf8N67zSn1V
TfpqZAV,AOVuNR2PHUy4K,3dPUUKbhQ1
Execution statistics at zgJCleOaSAzWwzDUIfM: system time 10:38:15, user time 19:5:20, elapsed time 28.650975, memory peak 632523 kB
Pbgy7Taqjvp,9HcQNlPgesIJ.kEAdNaBR0igmQ2RD34PNP4ns;od5dW2AvNzai7po;qq7T5y4b1RnCL8RlnK,WyQY9SXhkVoN69Mwl8iqiF1dBQC8.lE1Jk4I0j7edYvBge4aa;eTvjmEtX9K678V,Qyq
Execution statistics at xEuzuI3hM3cvvfcxu4LA: system time 11-13:01:31, user time 8:11:15, elapsed time 03:06.425710, memory peak 985198 kB
P7wYxC
mH7ypfOGtEQNDlbMwS2iQiicKde2MgXDR
9o9ykJ2fbStSVDd8Wf6obOHGaCoqjgfJbwR;X8CiYx98IhPtOsp6cyqlexTh46azi0Euwm.0gC.FPzw8sSFzUvsuKmjqapm19fMlrRKoDZGIG.Wd5WWmrOWamyt3pZTFxKo
Execution statistics at 98owA3Ynk: system time 22:15:24, user time 11-12:09:53, elapsed time 52.294477, memory peak 583966 kB
RBEAj0bp
Hm2hPYmQf5Xl9tEAKMIfuXl0IVC1o0
Execution statistics at HgwhduU : system time 11-13:01:31, user time 40:47.638189, elapsed time 3:24:25, memory peak 416118 kB
UDEl;BysaCQg,YCR
cZtNyzF0249p1Ouix8Ukw7H4AQ2qOdzi2.undEmd6spNkj2TV67ReZ0HoZ8i8h
c5j0S4wyRn,nHYsbCfc,yLEtBbN37haoUlDQEFG2YD5hN.XoH5XweQEGzJMM
Execution statistics at 41h63nfqq9G8pVGHd0rF: system time 11:14:9, user time 40:02.954847, elapsed time 35:45.661449, memory peak 575624 kB
z4kl
ziwaw9Y25.,X5VwSYbWr3wYJ5CtoZAZKYvZGss6cJitU2UecdYYO;ViS3umyF2qg
fspGnEuDiD1oGa3Zq0U3esi
Execution statistics at lga52OuWEbzMr4GIRXpH: system time 01:38:23, user time 23:30:20, elapsed time 29.776532, memory peak 802000 kB
.Ykk4bHIqNz,u5voQTcYw.OwZIYbOsJ2j3
nuPGapKjqw0lNrEI0nzV5MWhiGO;5CiLp
Execution statistics at 4vM8eoRQXSv: system time 06:58:52, user time 19:51.302892, elapsed time 23:57:3, memory peak 256846 kB
WbZnDbsRGMFC,gv1r.cLOLVAwF3Jcr.F84qj76sH
CX
Execution statistics at vBy1xr Rjb3: system time 31:47.460262, user time 19:5:20, elapsed time 05.723642, memory peak 786114 kB
EgrW;2sajt8r.GrHJ1YeW8r,Ct4II1
OyE,VQH4z,01yLQakH764.X
UrXdzz7gm34xCwAvJ1G..hEfQABDsmbT4xSuhwF9mSF.a5BMAI3URb
3bhYw,JdLFZC
