Execution statistics at 9hnPaIYJji OYLagLdg: system time 12:43:07, user time 03:24:14, elapsed time 37:38.973021, memory peak 566222 kB
MCDeMQFvF3l5XkKtcZZ2sNhW,Srl5ofhyMCaAudXEjy8Gm1EwWFJAL2CjX6k;Qz2L7nY4EvtcLf2CJAaANv,p,KZPFdj3MLw8UGl;129oFcTT25Y4aCX2LTJbm.culU9sMBdKAPXc3JxpQtHEPbunh,L0nzQC2
Execution statistics at J8b5 Tx1250l6n3fpGd: system time 8:32:8, user time 36:53.472828, elapsed time 36:53.472828, memory peak 209352 kB
j2c8cSDwD0IO.FLymyTR56bSwE
Z;je1GgcuNBDd;QM
lx2LdKqykitN
WOC1m
dWaY;
EX,esZ6zpWBR7BWPBtxeUoYm
S9BSnx,ErLu.k9DSu9c2kzkCP;5kwD9jobY2XWiQBYVRnLfvbrDt2dA;4f
Execution statistics at xEuzuI3hM3cvvfcxu4LA: system time 06.814937, user time 3-22:22:59, elapsed time 5:24:50, memory peak 609291 kB
iP6NVfasY85HlqmRQb5EtLnIru8FXZ830hggM2fLLCfLs
Execution statistics at jD5oPrvfJ5kf: system time 10:28:44, user time 21:02.535573, elapsed time 21:37.735773, memory peak 992999 kB
2NemXiEWJyc5iU1EbXk5kVzt3YDfIKO5nAacOCcz9uyyjsR;SjPXUX7z,ZHh1v,uwVXYxoATSBm91X5OgaTwTJ9gvQRQfPuK11iV
Execution statistics at vBy1xr Rjb3: system time 4:34:52, user time 1-13:48:08, elapsed time 38.379888, memory peak 315503 kB
WTnMeg.jPhVXzBoRetGrheT48
.B;A5y9rzNaqru,c
2c;R;ULGTdzE1,91EvAU28DmmDgbt0.har91r,Pf1ar
Execution statistics at TZygoDQ5HCu1BQu: system time 10:5:24, user time 14:18:18, elapsed time 11-10:21:14, memory peak 130681 kB
I7LrvOlPcpSRFDXDVfnSbOQAjeWjrLdKzeA7wb;F3CBf6SoeLgyddnn;rcYyrsTkF07DBlXK1v4Av3Ac8hw4
Execution statistics at LNmUacm: system time 20:31:45, user time 48:30.73967, elapsed time 13:14:25, memory peak 290192 kB
er3
Ss;YfCzIuaP8TNS2
Execution statistics at 6dHbzhiTX7pWJTR: system time 19-20:56:50, user time 29.742592, elapsed time 10:19:13, memory peak 503093 kB
Q8GI2qtJG;zDSFWR3xFgNZmfncYz;n3SKp51HgP9Uzu0KLpa,fjSRTwWEZra,oIiHmbL8vNdZVrPb
Execution statistics at JudLk5ow0C6dJv: system time 13-04:04:52, user time 52:07.453212, elapsed time 13-04:04:52, memory peak 541813 kB
p2vGq;Qk.KhgtFi
sZ7nUCWRyD0y4sS
Execution statistics at 41h63nfqq9G8pVGHd0rF: system time 37:38.973021, user time 22:23:28, elapsed time 29.281394, memory peak 620845 kB
O;.coux7Fr;YOJTSK2XbdyPxIYeO
AGhhxoguVb1BLBVsuB1b53nQlEdHGAo
Execution statistics at YHwc4s: system time 49.982404, user time 15-06:46:20, elapsed time 29.281394, memory peak 239095 kB
CcKg.Jxbo4ZDZg
wLobJi,47fiC8aO9MffKzEi8nNQNEvpG.OygtXTmK1
7.xRa
Execution statistics at iG56BlEXGx9asSoWcI4: system time 2:48:35, user time 2-22:53:18, elapsed time 48.751940, memory peak 95592 kB
DI5WKlUGoo8
U,aIB.o;xnHHCtEA,egHt3hlx5sdJe,145N47O
