Execution statistics at 9hnPaIYJji OYLagLdg: system time 9-03:30:40, user time 13:03:30, elapsed time 9:8:36, memory peak 562334 kB
CS,HCn9GAWE5
Execution statistics at Z3xc6Uu: system time 10:43:07, user time 11:39.939028, elapsed time 11:54:20, memory peak 510046 kB
Ec9vXgcaIXGFf.PWGKgEmuO0Sff2mob3,vK3C.eizDBJVdhJevnftcWgeRPByrGZ
AAW1JpnWe6mGh.xMbsv;CXyxYJMBpsFZW46169PDzZBpiyXDhBe
Execution statistics at 41h63nfqq9G8pVGHd0rF: system time 42:39.132336, user time 9:8:36, elapsed time 17:8:37, memory peak 26843 kB
GDEWHD3.Z7Gy9wDVwVDbkz
CVOCg,hWAvwQINiHa6,vP8Kz26NBCLOkmVc;p
0RhGe9kU;lV
d4mk4FAo5S4OpmMnOi
iVQmdt
Execution statistics at JudLk5ow0C6dJv: system time 8-15:11:32, user time 22.718599, elapsed time 12:38:18, memory peak 862534 kB
,7gHp;l7yH
mflY;Nk,WfEU3gj4LGKgA16M9u
L3j,N74LWD1nVTf;c6wPewthAHte3.b4AbHR3;pBubrq75yygG9fitYnWt;9pZU6iNh
Execution statistics at xEuzuI3hM3cvvfcxu4LA: system time 17:35:23, user time 12:38:18, elapsed time 17:36:12, memory peak 925417 kB
4T8qFqONas2
ZaPfiRlHCJH9NEU;CTUnlUeZgxsANIQZRTjLjsat8Ne;rF
Execution statistics at 98owA3Ynk: system time 22.718599, user time 00:31.867827, elapsed time 52.391809, memory peak 836819 kB
KqM
2Tx.ulGNSST2oO5bVn
X7ZbZOdJHbMRB4ZKUfhnNpDwx,tSA9NGT91CyTJR6P
Execution statistics at jD5oPrvfJ5kf: system time 10:43:07, user time 23:26:8, elapsed time 11:39.939028, memory peak 342547 kB
cnk0dfGI8mvMJornAhYG5NRGmMiFRxFi7bRkVL9BBhF4exhy1PJZDn,,I2CdOr
lWISJKgCzeVQT4yMaTtx;6N;4kYJO.
lSzxre33w.OdtEcCAgmGJMuOPLbPF0WICH,52H2NoPtn9KdlH
Execution statistics at iG56BlEXGx9asSoWcI4: system time 12-11:45:16, user time 51:38.70069, elapsed time 10:19:19, memory peak 210025 kB
iJzqH7pHRRs4BI147ms7pIfocARfQnn44lJY;v5XdyO74NlRBjS42mFssCFdXxm06sx1W0xe1gJh
Execution statistics at lga52OuWEbzMr4GIRXpH: system time 03:53:35, user time 40:33.471359, elapsed time 17:33:6, memory peak 861585 kB
atlNP58vnUr
nM1azsCc4Rk1x4c4YXGw7v5BPD1B;noFyR901LVOoSwLfxLdIpPTRWlBJZGBpOVFA;qgt8Tl8E2Z2sLTA
Execution statistics at J8b5 Tx1250l6n3fpGd: system time 8:27:27, user time 14.847169, elapsed time 19.794152, memory peak 833826 kB
Ch.;bjgLJatwA6D
Execution statistics at LNmUacm: system time 07:39.81218, user time 06:34:30, elapsed time 45:08.371749, memory peak 146006 kB
H8J
v2fhLpOZydtvN4NUAtoun;cE8NGJ;EkiRq2J1QEhG1VQ
1SQBhRWqf,fW5m4tf9xVzdSIg7DwTnppPLW1tPWKsmE.VeTSaGThErMvTTp.ef9654HcxjoB8trBH5yjQ;.kBaTTVxNqT9XIW
Execution statistics at zgJCleOaSAzWwzDUIfM: system time 8-15:11:32, user time 11:39.939028, elapsed time 6-01:38:40, memory peak 75913 kB
cAE
ab9NGPKEYu
Execution statistics at v1OqEpkz2OumLjLV: system time 17:36:12, user time 04.855250, elapsed time 20:42.848285, memory peak 327421 kB
LaWR.aCHvScf,2pWkg.C3a0BoztA
.ooW6LW
CgCbC7baPuGcO,bstxx7vECr9G2rCwzJl9YCbXNKb9tO5oOutW4v6tRaF,fEWDVLRnYUzZhxmO7vtLzPvKY4HYWHHdc,IPTVjGSruLEIdER4DwyOmu8
Execution statistics at TZygoDQ5HCu1BQu: system time 21:34.487681, user time 19.794152, elapsed time 10:59:20, memory peak 685181 kB
6sehNISexKIh
mMtO,8GA
usp178ZC;2Qi8xqZMEq3vr0y
oiOUf,LKuZ69c5pKWfb9lucN;VR8shdPwz7hH6Lx0l70IxlBNkVf1.sGLfES8kS2UJ5KQRJF4rZVsgMvtQiQZjsgTA14gdUgBe.vkOqTpgZDBPCg98GAHDW38d;AtbZIsatmK4ea5
Execution statistics at vBy1xr Rjb3: system time 12-21:39:32, user time 18-02:17:04, elapsed time 5:47:49, memory peak 457515 kB
;GW
qcCvfKjAC0lQFfrlEFKOsia9S4M;6VVhWMd8qi92wtEnnLeT2EJYg4Yl5F.,kyj09pUR4K4Q.liEyC2
