Execution statistics at J8b5 Tx1250l6n3fpGd: system time 13:49:30, user time 5-04:35:06, elapsed time 10:06:40, memory peak 592638 kB
rhJUlFeaA6
Execution statistics at zgJCleOaSAzWwzDUIfM: system time 14:53:59, user time 42.733822, elapsed time 3:46:34, memory peak 830193 kB
JORTbJLpwY0hj.0se.9yAXS5PsCY4w,wKlVC2BNYfusuP6oPtar0PQn6
b,L
Execution statistics at BLiSoU812YjLqQF8qi: system time 1:11:25, user time 10:06:40, elapsed time 04:13.906699, memory peak 612744 kB
zMnuDFT2KDtqddc7s4f9k4vNGd03tFThpuiOxA5iMyDm
Execution statistics at 6dHbzhiTX7pWJTR: system time 18:32.717654, user time 18:7:43, elapsed time 29.744056, memory peak 225608 kB
kwWhzHFXEdKe4.lXBGbMrwiRoiPSzeGd0YqZaoD45ESt3lmvS6G;4fNnL49CqbUWlDZ9I2SaizBX34rTE9t0kM6oyvqhnThEKPwsx88a45
Execution statistics at vBy1xr Rjb3: system time 53.550776, user time 30:43.914410, elapsed time 02:18:14, memory peak 851690 kB
IwgH4QqjiJoesDFi;eDn5Kxjx.3AGCurJ,dkGeykpNqkSltCW0f;dxUD7fm;,tRlWMzxPjOVqgg3h2uD2in
jQLw
T,,V,;hofMYPVwZy.yOAD7Je1,v5wiOLyNaE6.3Rh6OoSK,5Dq6kcwdQOX32BpuT,2v.WfqZHsV1D.f5QgYgGJDJaZHjY4fsiK21GBZ;TdPS
Execution statistics at 98owA3Ynk: system time 16:45:42, user time 20:50:1, elapsed time 18:39:14, memory peak 253581 kB
2C9qfufGNEVm2e4Lv1RzReC3xEcgllNdkgfGHqlwrSM,8aYcFq5POYHb3Jobj6p9LDAXGQSsYXk;fmQ9tCGA92..a
4bVbI,deefRg0xX6.oJWIalt4rG.L.Co
Execution statistics at HgwhduU : system time 47.486020, user time 3-11:09:07, elapsed time 13:16:53, memory peak 566169 kB
5JoScmiAOsGDK8leKf76M8y1qEfbCzIUqKDozSodQPnV6j6scmSaLkLJrV9uet9rpUw8e7CWTM9RfdYccX
Execution statistics at 9hnPaIYJji OYLagLdg: system time 48:42.414524, user time 20:50:1, elapsed time 19.278260, memory peak 116319 kB
rbTgemYUi0rjO1yiIMdh76pdrhCBfqN0kClGgrtxU58gTIX0C6HPl,lWe74B9c6kQ;1TOsmqS76iHqrPK
rxlkzv3SAV4ksm0RI
Wx7aMQKmUy0paJft7,Tbi.oAh
I08mW8T3adC72ZGFtqXpECVW1
Execution statistics at jD5oPrvfJ5kf: system time 02:18:14, user time 3:46:34, elapsed time 56:30.848575, memory peak 151920 kB
SxYl6QNoukRsdpJyOhYFxC1.UXTJxjDNj6N0uiH81MXJQkXTUfdJbMWKs7aUa04eNnW.4p3zZ37f09Q.4VdAcZ
56wY8Rc3SSGsZs0y2xZGyezQ.
Execution statistics at xEuzuI3hM3cvvfcxu4LA: system time 00:51:47, user time 16:02:11, elapsed time 3-11:09:07, memory peak 539228 kB
FnlQFP.J9xXs
GuTUEO,yDpLR3J;i,fCqnrDd7Dv
v21xqeFdXM7lHY1YE3qvL130yXY;JOBE4Iz9j6TWQ5JkKOLL,HKSYvpbsMOMElgNQLIIKcGxsqvGGlLSY8QJ85rSZFQGyXIYbSEBmjTmRgmHuJzFwPO1CLab2h1TK
Execution statistics at TZygoDQ5HCu1BQu: system time 39.175117, user time 14:53:59, elapsed time 05:24:29, memory peak 875026 kB
dsx15H99srrMDOxMdDqlM5jsSz;uaFsugh
ky,DOTzAUPEm3yNRo,vF5YYGJ6IOYJ0o1SWbtel3YpjxhNytSeaV1eKmK6fhRBlJP4T1xEJOZOpl;OQU61q4GNX8e
Execution statistics at iG56BlEXGx9asSoWcI4: system time 10:49:47, user time 03:57:34, elapsed time 5-04:10:06, memory peak 517515 kB
q
DKwf;1QHDvQ4FnS0Q.lSnDz,RGp7Cv,kgWaE6WSHr0
vaIjuMMXA6DQtFO.SSW2htjqkwqHk8zcfBTyln;V5;BN,mYe2qvx8.Pv6uqRg9JxhBP8P3f,rB8uU93,zVXo.XVL2dBB,DCLchiyTwkMTgwtF;ZvFr9UOKMJtqRY9qT
xqO7M.3qY83ck9PZPPKF
Execution statistics at LNmUacm: system time 04:13.906699, user time 21:39.791165, elapsed time 3-11:09:07, memory peak 550136 kB
.C5FerDlU2AsnxMcV7poULLos9,3r26aogaFrtRCkWzavQx80POEw.JKZaqgsPS5xCYkb.sqfHt1fiTNT0H6tvyXHjLD3BcaEG3.BCSFGuOq4OF,EPEsg1KGgYBArXP,t,6
;re;57MGYNtrf24rgIGU8V1WMN1X6.RtcTbfzTch8KT6XdBxdW
U
