Execution statistics at vBy1xr Rjb3: system time 2:5:58, user time 28.776626, elapsed time 14-15:54:48, memory peak 214917 kB
qtJhe;pSy5hLzdO1DRHMoDGYFtgFxbBrbTCzLt.11liSwWHeT6
Yvj1CNwJsYVxxjf4,akJYMcJNoXy,M9WKaQIflgD4RYYkhYul0rLb
Execution statistics at Z3xc6Uu: system time 7:21:28, user time 21:26:40, elapsed time 03:57.286077, memory peak 948937 kB

GjLSrfAnMxCog1Ua21
v.H0t3hwFQECjPa3XSAN9hmgE;j1xxa03KhgMb2obQBQ8qNP9BkhNbIDm4xvx1DX;rBY.PX1w6EevKn0OB5LhlxOfXdulfm
Execution statistics at J8b5 Tx1250l6n3fpGd: system time 1:2:31, user time 1:9:20, elapsed time 46.995106, memory peak 769789 kB
R.fnWOqnLy1t8z;1zFu2KlVGxKZHGyLf
Execution statistics at TZygoDQ5HCu1BQu: system time 9:9:37, user time 10:2:57, elapsed time 9-14:09:03, memory peak 296220 kB
cdoSnZl29.p;5j5.FYFexR;cea1jXlhKHpHluIs6KtoNCu.b92U

PPlnl,rIJr2Lgv
dBw3rgJj
Execution statistics at v1OqEpkz2OumLjLV: system time 00:38:40, user time 21:47:58, elapsed time 22.315875, memory peak 682581 kB
cxf5sn8RQz4HlFR6be8oelqTx2uxAmhKiWDwaRlWyOH.6XYX5sDuZL;9YpcpvgfnI
EzRfluLNYVWHh6hxzwvy7bNsUSoiIGYZWDirlHybZWaqz,T6T.tAxpiY;6fF6wK;Rc,HedfstB2xGQqHHYNiNMrBh
2LnGr,xdl
Execution statistics at 9hnPaIYJji OYLagLdg: system time 21.779542, user time 8:9:27, elapsed time 22:14:13, memory peak 88238 kB
NymU9EoQ1oQPmkhr0dPW9q.mc.BvgUyjOXMMzvbRWrZ.AMJ8O5mahm,b6L2azcMUwUzYBGx.MecbSu,ARlqYCJ5lsiWCCC,A;Z2mYyq1X6NXSZH.dA5bO
c
7
h7aVohDpxCxJpdGGsJhN.ACJpd4kRGD2
Execution statistics at lga52OuWEbzMr4GIRXpH: system time 23:35:9, user time 2-05:13:14, elapsed time 35.636799, memory peak 481487 kB
mgfN
,PWcMBr0TY5KW2Nyk0b3VaJEX3mlY2ONlTE1t9XTr0QBGzOI36qWMQzIjqcEv
Execution statistics at zgJCleOaSAzWwzDUIfM: system time 15:39:10, user time 17-16:12:05, elapsed time 27:18.725849, memory peak 839048 kB
vbVMRe,vSFOv
C0ARUslMvFSmyE7oPvegBbNgfgJbkHQYaHJO2yr
27onjhbuFvgj.0Qy
Execution statistics at xEuzuI3hM3cvvfcxu4LA: system time 08:03:43, user time 29.293355, elapsed time 20-05:42:22, memory peak 332751 kB
3bz40ouAXdH6rlyLMxIVjIdhiR
luASHHJr3o.cogq3
lq
3TXmod0ihMom;72QAD81ShurRAclelp9d2NLaGijZ2s,KQuG0d,CiO;SONmcFyMWme38NIGK2N5uKP3L5GhfbzCf67AWNo.sy4
Execution statistics at 4vM8eoRQXSv: system time 21:40:41, user time 12:41.884861, elapsed time 1:2:31, memory peak 42268 kB
g2rtFkx9trlMkpGjsE0Cr7TOxgLwvo5.nKSXlK2uPqUZS
mXNAmPhDh5
4aVRE7BZvM
ypcHOtVHvM2.xI0hU9VwmTiX
eLpWWtzNYS;Ig.CbPy1.y5Grayv
Execution statistics at LNmUacm: system time 02:28:13, user time 14-17:21:46, elapsed time 33.617854, memory peak 914627 kB
j2KlKjUxBwVMgH6SlwJDyyagTeN
2LLouqfajqPjI3v1JDt7MO2uqLN6IOP6scdFIZJXT,FYndnEh0L4lZJFRN
