Execution statistics at JudLk5ow0C6dJv: system time 10.854405, user time 53.238303, elapsed time 42:08.778286, memory peak 750265 kB
j1U
yZ.Y06bSAA,
Execution statistics at 6dHbzhiTX7pWJTR: system time 14:43:16, user time 14:43:16, elapsed time 17-05:27:02, memory peak 262290 kB
6qhH2ebvJcX1tUD6s9fpvr5MMQPl
O9v6pDf3Mo,zF021DENLdYHDBFaXK5a.7c1dHdvPd5STlRQe,t4UbVton6hQiFlRidkhksbktqxJWQc8LDTlVgy75lbHtfrtZr1I0bsn,HMsAKrujQcVAG2eoPtOCxx
Execution statistics at J8b5 Tx1250l6n3fpGd: system time 19:58.371152, user time 27.726832, elapsed time 18:7:25, memory peak 757713 kB
eEydoQVFKFqlexQqS5z4Mj91eZuAFcZ
Execution statistics at 41h63nfqq9G8pVGHd0rF: system time 13:19:18, user time 22:16.757369, elapsed time 14:43:16, memory peak 442895 kB
pV4fwDf6ri3acZYTEMx.x3zcW3iAYHC7VO;yH4WCSOdRlHCXHuZGVSAHVHrNuPEqJlPCxNYd1Eve8eE5
bb8RMDLDM.qSp3g9CQv1PdH.IprE1z7n2e3h
l.7BvVpIf,USj.70jgm2XZL,Vde93qQv,XjiW.7s7E0OD6sRTgHjmm4O9NFf
Execution statistics at 4vM8eoRQXSv: system time 21:00:47, user time 29:27.998566, elapsed time 17:27:33, memory peak 395317 kB
vOEWhfu3rTH7ybLy,xKq046XedNfk47xxPaQLvOkvSIyH7fnO2WA70Eot1V6,;Inw,2Q
UqCGPLwj
Execution statistics at 9hnPaIYJji OYLagLdg: system time 04.616110, user time 14-05:01:45, elapsed time 18-18:52:58, memory peak 894383 kB
d5hVhLaSrzaaXt4a97n4oSY3Hya2714UUcg3k0WBch4XBqAVgAKZMhkj;J,wUNdeJ
Execution statistics at 98owA3Ynk: system time 5-08:16:42, user time 02:08.722761, elapsed time 16:07.200918, memory peak 317885 kB
5IpgqtP3vkHboY
f0V0rrMSXCZzsPEhdptT,J,L7Z
c57ZiJ51cKX9be
Execution statistics at lga52OuWEbzMr4GIRXpH: system time 13:19:18, user time 02:08.722761, elapsed time 21:00:47, memory peak 321631 kB
KWqz;FDHlVVG1gfhTJglivyq2,8ymx5A8lyD6b2lSzfVrw4mdNoHujVxwAF20Q5iGt0cGsSYU,akw6St1oidsp13IjOtS92iLrB0D5gigkLkHJyXGh.x7hYd.z;oQM4K;w4GusSd6.WocGB5TQDH1
,.AwaKpGPI1
Execution statistics at HgwhduU : system time 12-03:51:28, user time 54.286798, elapsed time 01:38.245424, memory peak 975568 kB
XBHG2z9QgHZ6zIgKg;8XUkje4zW6JeF4iRx1CUJOAeDlbKvUIh30zkTdsW.xZkr,qArl5OodzIy
Mi7upZpl
Execution statistics at BLiSoU812YjLqQF8qi: system time 21:8:55, user time 02:08.722761, elapsed time 49.812855, memory peak 512166 kB
cbf,yc;faAJeREkWuKxQY2xYp0JYNGF4Z,btM;h.oNYd.TqQ2pAJztxz5h8kLaKrKQu;HBQXeHWLC,ChPu4jTHqjvc.ePETQZVGFsKcq;0DcD,BIfFVG7RzgGeUHvUU9Xudx33zJ0Ps5uXjP1ybxKEszAVVkOc8Dz4hDb4k
