Execution statistics at 6dHbzhiTX7pWJTR: system time 47:43.949158, user time 58:11.315609, elapsed time 06:59:14, memory peak 119395 kB
08t91RGOflXuPOkFlXdJCHqOyd5NK5TA3cKID2Rhm3PUQfuH8VB8kjgMwEFqbS.nIZXV9JN9QV3ydT3Ab8uwppov0KU0SXp1JXjOgC9CNaYlGpjDBYuqpT,B4BGeCEuEqpucsGI4oMej7,cPOrRw
5;YPrdUr0,e8mA,HPOcWBp0
Execution statistics at zgJCleOaSAzWwzDUIfM: system time 10-11:23:42, user time 42.857424, elapsed time 9-00:49:46, memory peak 633843 kB
5jT7BEqapOJSofLAPBIuDPniVmsw59
LkEbKq1BPZe5SDWYSMSD9ahi
Execution statistics at lga52OuWEbzMr4GIRXpH: system time 15:11:7, user time 36:41.145309, elapsed time 46:34.935654, memory peak 81726 kB
gv.VuNku3KPVe4
z89Zn87ivqtgdu0thR21XXM2YsqOtbooYPU3m,nhwmky4AOuntyh6aRAryo5y2OHST0O6ik267COSf3pWIjrB7NAsbiAx4VkdAOS;9
Execution statistics at JudLk5ow0C6dJv: system time 09:05:55, user time 47:43.949158, elapsed time 20-01:34:23, memory peak 465144 kB
omdzK5k4txpMvlwkdnSOtZ
KRjHqHEe
ild5Yione9FzJNkqWU7aCKR6uHSPjeGqM1S;uofBRlrBKMDBF,FMdhnEKDj1X,9yx7P7L1NpLV8qkp2RHUP7ECCgDbk6BPKOLrZ;pgmMpwdO12
Execution statistics at BLiSoU812YjLqQF8qi: system time 11:45:22, user time 0:56:44, elapsed time 18-15:35:47, memory peak 68187 kB
T44brrbA41OJJ16q1R700rNofcK30KOmE0FzwW;5Abd8sPec8fWhWX5kYoHcEM
ijIXebCB
Y
Execution statistics at 98owA3Ynk: system time 8:33:9, user time 0:56:44, elapsed time 58:11.315609, memory peak 531616 kB
nhOsjDUK30
bOExmIR54y2n;JOjNW3dVOyGm7uMvuJmsrhbVo2apEdCNc97NeUA1T4Oo7.k8pCD0IuTirKf6Gxjt40i
fogl828IWHlp0d;1Z;l80H6194itO4Fu
,CrlKTcmn8y;hW.NLdg5aKLzM8D.0hceUEPbmmugcm0E
eA8x4STJBBaOXijshv
Execution statistics at J8b5 Tx1250l6n3fpGd: system time 4-22:23:00, user time 27.598474, elapsed time 2-05:21:12, memory peak 699086 kB
EZK,Qs6dQO0WEwIy6TyYya7fY8sFf60,hOYIq.u,XzYEzl79Dd5WTCqmlhObESZrG9PZG;XovaRv81C.hKbGcQpb7
Xn2TvoZ
4rJZswJbbhKrp26sdjhc0wo
CuSOJ
Execution statistics at Z3xc6Uu: system time 38:47.732613, user time 22:08:50, elapsed time 39:15.170246, memory peak 128821 kB
U12bd0jw8uXVeTo1c
d
Gm1nA7eHq
1ftjIHaY3d1X5oE7U4DM,a;,
2p0S;sVe16c0r9BBLbzeRYB2RDlsc6.B4UrGkhKkez,WjwGL,ya
GRFK5YQJ
Execution statistics at 4vM8eoRQXSv: system time 13:02:36, user time 48:01.338150, elapsed time 04:27.685370, memory peak 859525 kB
9XvTF8X.c.EHD7LL8bOfWNLW8hfzexs,SbMRcKuLg7sFyy0xv;prqptdrj4wBUhPIhCzq,PdmqzGAvA;MOp4535v,2w2
Execution statistics at 9hnPaIYJji OYLagLdg: system time 18:16:22, user time 2:37:2, elapsed time 18:27:55, memory peak 987145 kB
q,JypP9L8B1fOEr7dsh8cF6Vm.aaR3NHHyOMQK9lmQgnyxLOCtjd3,m5O1XVA
Execution statistics at TZygoDQ5HCu1BQu: system time 22:25:46, user time 48:01.338150, elapsed time 13:02:36, memory peak 373657 kB
A5p1wKstVPuRgQdQPGA9SgvQ3P46USxy2QCREUeKTZe0MwY0aEH7xodneadpOq3amVHrGpb6SKEqfjOJrq1oVSGC8uRP1u2dgvKUZfQDIlldFAVRFC1viCndzjvIrCFkL9Q4Lhjv4,0Hz;cYr9j,7hu;A4wKE
Execution statistics at HgwhduU : system time 10.490799, user time 2-05:21:12, elapsed time 23:43:56, memory peak 424067 kB
qVYhtWIFV1gZW6WMJM38AGbHt0UAr
Execution statistics at xEuzuI3hM3cvvfcxu4LA: system time 20:0:18, user time 13-12:53:40, elapsed time 27.598474, memory peak 498208 kB
R7IT1m9Y95Yt1CU3NO
GwIR30cSfb2mtyMDrX6RiB,R5iY3T
Execution statistics at jD5oPrvfJ5kf: system time 18:16:22, user time 48:01.338150, elapsed time 58.336768, memory peak 123985 kB
QVeq4KLssmNRDu3SsCTlqbduQ1PETDbOi5aHPNGGUsoiX;5loJgzLFy2ZIYjsfw
H2l3GcGdUe0FpYYdLmnuYCGb7Y8DQOff1E.31AOsl6,sG,j5vheg616V9,Hky8l.
c
1BqKE0q5uHZ1LDBEJ1PR4IeSt7Q3u27cby5TJO0sX4MZ,W8V
Execution statistics at 41h63nfqq9G8pVGHd0rF: system time 39:15.170246, user time 16-16:40:15, elapsed time 03.316864, memory peak 958159 kB
buL
o7zV4aBu8P;sD23W;BsqX8YhbB8agp.tb8PF5bE8igbOitASnkAwtfmdQKzhf5Io;vGVvLrUtkR7LKD
cGLsnGvOlD4HJVHv8Ajx3IKdXw;SzCoOAf7ItxL9xhSnLE21Ii0KUwZneym0J4HQ.mo
pMNnD7
