Execution statistics at 4vM8eoRQXSv: system time 45:17.620092, user time 10:16:28, elapsed time 42:44.141023, memory peak 462001 kB
Q8wThYWukrrD7d;i5l4i0YzaAxuVqg
AS4JRtKlzgTXtZt1V1eQ
,NJ7GfTWfGfIN
U1CkiS.j7
z3oK2pOCOC
TJ8GiDIZqq6GgX1lJmxACxpuRUQFpn5zfKqCfDORfNkQcnrwVXqw.ArcKaLp1RdtrU
Execution statistics at YHwc4s: system time 5:19:30, user time 13:38:28, elapsed time 12.489386, memory peak 266334 kB
Jf;1kbJ0fp19g57716nOUQwy6QidLijj.P71zhz8QYKpCUNDJPrUj8mgvidit6GH7pZY.toGY87k1hfhu
2G3b5.Xzj
Execution statistics at 41h63nfqq9G8pVGHd0rF: system time 10:16:28, user time 37.772121, elapsed time 13:38:28, memory peak 133700 kB
MVgsDm3b0n,4EMr3M,mTo;PPn3
3PRfN6oYfWRrveR0N8r,ATGW8E.IZRFQqRdnwGRGZC82tu
Execution statistics at 6dHbzhiTX7pWJTR: system time 15-20:17:47, user time 11.188182, elapsed time 7:11:52, memory peak 727498 kB
V
hon0edQiuF6JLH4jxYJYwfAx8WB.28suK8OBg0gh,Sz8q8lgE6n2lXX9.LLlGazrbi.RYvRrS5mh8psYgjEtYfrgN3ZWDEH9F7EEPPFKgIn5Hf6QUK7z52SkdoRuwZaupbBt3BaVYhxEpd;a8yPW.e0FHriUuSAKkOnvUPgf9Cj;OtMY7rfOSWKXtcjVUz
Execution statistics at HgwhduU : system time 7:11:52, user time 4:33:56, elapsed time 50:56.851624, memory peak 490078 kB
6lV69FcNvTlSAwIu3X.V7mHViUC,40SUfLKuEMJo;iV
ovuNZw.iCedW461QR;,2UyM5rYEyHVGEAl;ji
vfpU3UobqNNHtuEcd1a;r5Oi2RrITQlIQM1z2g
aczg4GtUtFAM,t1y
Execution statistics at xEuzuI3hM3cvvfcxu4LA: system time 34:51.469102, user time 57:30.291880, elapsed time 43.761693, memory peak 767796 kB
fRYz0X08VALXB
Execution statistics at LNmUacm: system time 23:24:16, user time 25:35.127727, elapsed time 13:57:58, memory peak 353230 kB
W9Ebkd;LHLrfeqrf3zktcVdH6
0XIrq3,2
6wVgUPgq0;DudpaXiZ56wuhPgf9qBJZjhX5EZ1qoboVKXCkre0tW,2E7xuZLfcsMRvYD
Nm,WWd6totLRameksRnP,X23Zu;pXO1SwJ2Oy8gqIoZm.oPZzco9p6
Execution statistics at iG56BlEXGx9asSoWcI4: system time 4:33:56, user time 57:30.291880, elapsed time 04:47:32, memory peak 419446 kB
yNOBc6.LPJLcF3KYtBkmV5zOgcPTMhMFd3xVRy3smYeiMsuGKVVS.vWLwV7nAkWOfdzowxxpLnaUm8jBLgithwHKhc4fBCZSFB9qZKvXCQKAgMdpRMX4,ebldzBhnxWvbaua46
Execution statistics at zgJCleOaSAzWwzDUIfM: system time 15:32:43, user time 13:13:4, elapsed time 14-13:31:58, memory peak 844255 kB
Y7H3h,cxBNg1qRuakNkbvB1HYhRR
QhBjjA9ny5S.qT
Execution statistics at 9hnPaIYJji OYLagLdg: system time 06:29:56, user time 41.119599, elapsed time 3-03:09:57, memory peak 924227 kB
AlphAhyXETLhSmZwnORvpHl0y3,XAcNcv.VHN2EVT7EOCvWsCOku;xYL7mR;3fC
Execution statistics at Z3xc6Uu: system time 25.675631, user time 23:24:16, elapsed time 11:57:29, memory peak 685550 kB
,
sExv80;S6P.
2SSqsIRFykkF,bvMnMMRH2biizIKEWlxLXVn0Rl,X3FTsGTOjjkGyczLcNPz1UXbN;8dYX.fWWa7VM6kGQmMhM9NBCpsuIxg1oXn6wF.
M1y
Execution statistics at vBy1xr Rjb3: system time 13.303265, user time 01:52:02, elapsed time 15-20:17:47, memory peak 707653 kB
FmtSBBi
qQp97IuLI.2l,nX.1HpWPkjIlZaYzdJuKSA2I4P5
QWKCAWO3NQ
k2VY9KlSlpt
cncwpk
Execution statistics at jD5oPrvfJ5kf: system time 00:55.166466, user time 25.675631, elapsed time 31:52.540461, memory peak 619653 kB
crh4uAXYPMVYx3tkseXw;UsxLMPqFSLaQ1UfhX
Q6L.V,MSdnb09CIN,lFlGhZw3rh6duGGeT5EMzzWZEKOhxYG
zY;TpTjcw5HX4FZ5MyyC4UFOqjMMOUGHg0X1GVUi2l03pZlSy5tjMqsh.9LFGNsLAHSLS5PsIPlkc68X1NZTj;82CTBuvc02jlCvrwmoG
wN3SNW
Execution statistics at JudLk5ow0C6dJv: system time 25:35.127727, user time 22:14:9, elapsed time 4:40:39, memory peak 49757 kB
lgwBqp4JIy6TqxwJr,SRLzyvvGGs0f8S
3173BB15
QxpM71
