Execution statistics at 6GFecyaLxVw9: system time 08.716256, user time 4-20:07:53, elapsed time 23:34.396382, memory peak 873133 kB
eodb47YyfvtdLQ.CGkIXSMPL
Execution statistics at yu2UGs: system time 17.974479, user time 10:54:52, elapsed time 9-23:05:05, memory peak 749941 kB
Kt;KHY.eev7j8NcpmewucSo6fQdBlfF3oJgVtwg7MiFPytX05EdHSS8a
Execution statistics at BDcmg: system time 5:50:35, user time 26.707048, elapsed time 35:00.49174, memory peak 58719 kB
3h8Nq0T6S8l53QFnHOLKWbNfOYjcC
P8JNrMv;XjPmCCzxnt96t0ySYffqRgZMDo6TeW1S,ZUHOv;V7CyzNJc6H2jPC4VcGfGc0TXjWKAkP,3hOKk1rCc.ph2jSlBYfXcVjYylaNiz2fAW5GVjpOECQ;BDNQM
z1t6eaEzKtpwmzF

Execution statistics at Yzhy8Exe: system time 3-15:59:47, user time 11:57:27, elapsed time 01:01:07, memory peak 334451 kB
i5
WwgO7EeO7XLeBo0JMrpNy,
b8U
6adjfuiLbfDi5nwkxuC8hM.F.ac2NssLFvzGDnm7dUyuWkKPXRlh5r4BU04WSjpuNmjrfos9EUvU

Execution statistics at  9v0wZvvP: system time 20-20:14:27, user time 13-19:45:14, elapsed time 23:34.396382, memory peak 271058 kB
GcMVguflPl9DXXOFm5cmoTygndlhqz2,UBvVbfCl1jG.fVf1kd3Nyd9mwk7Fgmwmq5D7
GPfUb,,obczKVOKBSgfnavwm,TbPQmAxEUD
N;XGPDB9KYtDvs6We.,2vaFy,Am
Execution statistics at Md8Ap0eVr1n8IR3: system time 19-15:50:14, user time 39.576284, elapsed time 23:16:34, memory peak 124329 kB

5CyPPNr5WDZM2cc,aEoo71BnPWSIvLWsNY4cY6joIimt7b9rQ3n43YrZyirGgmiccelsA1ZMnzAmBrrCSYtasDouQfZDwVfxYa;Sls3WiD6Sk54XsQ6qhtkTeCUxuuqNAwKy5M3f.Zz.I9r7VA.E99935hlRUzabUPD
Execution statistics at ZeH5OkvAOUt1RHumo: system time 18:54.602054, user time 8-06:58:04, elapsed time 3-15:59:47, memory peak 84057 kB
QJJ1AI0,RP
;lM5KWQ;
J0seRoJyIfIsmEIhJb32uJWrbMhiVEznC7z,85rdp45rySz,.n6UAPVKC;y7Ip
;Y6NV,,uffBirJTnHTV5;xy.Jy7WnX.L56ZWF5i
Execution statistics at LfwK3ND5Z2: system time 48.716353, user time 22:50:54, elapsed time 17:59:20, memory peak 972224 kB
ZgvN3ZNQDsXSpvV5uJ3D4Jn
iAmRT23ASv0VAqwno89shzFl6rRkN.nQijG
Rojo10
Execution statistics at yru2YA: system time 17.565253, user time 43.804532, elapsed time 8-13:42:47, memory peak 454545 kB
liZ4qQasrXpL..kD3nz6b36OxBkGVm.K0S9lRZEpZk5srkSRWCND6rIWfMH7OAxd,d6xRGXRNqVb0SrPS8wyV6GVDqO
