Execution statistics at TZygoDQ5HCu1BQu: system time 31:05.764371, user time 01:34.905397, elapsed time 04.567212, memory peak 673889 kB
Tw8NZ31Nb1GoKu8abuh4QfyI;0LIlAklXEXWJscpCRMKXABTs5o5xQwRN67ZKvQibHCr5DKJmy9CbGZeo7W3VJBgWQ13RNzB3mhMYd
lHf
t
Execution statistics at HgwhduU : system time 21:31:16, user time 10.702288, elapsed time 30:32.743296, memory peak 924429 kB
cl7KD15iV7daOn2oZ4dVpBGE3fHtMBgwk7P2jk8kaLDt0tKeH1roLGM2K5Wm6aG
9.sMc2YSUhdBs.F9GmMLA1IpM6iOyAhh9,NTXMwrA
Execution statistics at LNmUacm: system time 0:30:30, user time 11-05:59:24, elapsed time 6:58:35, memory peak 199872 kB
PNWPD1Ffz4uLGbLwFSvaB4fT8wXxBBbXPUGKzYEsVUH044d.sMWkBOrdYO7li
69mEVUpGpRJENaYzYnP.pbKal7g3
Execution statistics at BLiSoU812YjLqQF8qi: system time 11:26:19, user time 05:12:24, elapsed time 04.33411, memory peak 350225 kB
FyfmwMS0gcF.
rVstLTJQD
e6XrRosLGxHMoLTCXe7eDWJcn93eJBt1vI3QgIrh8
TDIm4i4UH;jhk5nxVl.9fib
Zm31pUqC,mqxZCGD,8Dwh5YPzj
Execution statistics at vBy1xr Rjb3: system time 14-17:42:39, user time 13-11:37:43, elapsed time 0:44:50, memory peak 635271 kB
olmNJfcsXiMhIvOMPoQ
Execution statistics at 41h63nfqq9G8pVGHd0rF: system time 05.228858, user time 37:25.409468, elapsed time 14:46:58, memory peak 810733 kB
WTZm;uCjXdAM04MfcJM
Y16gJcsbl8f8W3LMaxjds9sP2RtyK4OdOdSRN.ROet7n1bjRf;cwV3upTejtstOsaduFAhLD3IWAO
;Pr4ZD5TRNr,p80E7FgOFmH
QwbkUthenZ4NrjHy2vm
pBt1sAmTNPWvhgyVJBlWgx6YdCLHRP6
Execution statistics at xEuzuI3hM3cvvfcxu4LA: system time 12:33:17, user time 54.811317, elapsed time 5-22:41:10, memory peak 437670 kB
83UTqFVLz1UBqK05XBSlpIPn9MPoicm
MD6GD2O1H3,L;
K3QTbsdyOhdl.qz,Z3,lhiMLW5d0HZD,ZOlgVm;YD
edLspi51.F
ySyrF,J0x0r0iXA51Xcbe2XB6x2jKM7tJT3WeQSBM,h,ufBPPJaiY7xH0HaPGHJj3m7
