Execution statistics at TZygoDQ5HCu1BQu: system time 23:39:50, user time 18-20:50:00, elapsed time 04:21.263061, memory peak 463113 kB
.At1dmFCAHjWyAGeqr,CeJEnpVd1gt8hE2;eCYIdoX3yd.OGV
acDjYuDhKvwCR7r1bv71bUmbi0f5YdAtv8bu7m41,kvPiL3vXaub4;cbAXlOE9LMj9L;lYNXW4KpcBatwKgJa3GJanRRhkH81AI
Execution statistics at jD5oPrvfJ5kf: system time 16-23:36:40, user time 2-06:06:34, elapsed time 39.266553, memory peak 788918 kB
qvAg;JCwZFiXKwTzHU9gH;IHYeT7SXtL128MGK,Ag0DOYSlpiUeNPpcrytJxn
mLlEVgchty.PHWQxxU
Execution statistics at 6dHbzhiTX7pWJTR: system time 18:40:46, user time 11-17:59:41, elapsed time 53:30.202124, memory peak 385147 kB
abAZtc5bA0q
Execution statistics at 98owA3Ynk: system time 8:20:10, user time 10:36:48, elapsed time 49.912703, memory peak 315527 kB
fDOV38PaQXnqv69cHG1unylOGa1;rtogv;Ix
QWci6u8J4A2A3fdYqBUHLgH6QX7mXeK,6,zGWtDfhLtC
qDuDuu
3VPSvC
Execution statistics at zgJCleOaSAzWwzDUIfM: system time 02:56.731149, user time 10:37:4, elapsed time 13-02:49:57, memory peak 10138 kB
exR,KwufzJju
INMwro51C6XNGa3LylvcDDbyNYC
7fSNWqHNX7Y3SAM0EtgT;I2
Execution statistics at BLiSoU812YjLqQF8qi: system time 17:13:26, user time 00:48:02, elapsed time 44:16.306834, memory peak 474752 kB
0vLIurR34QP,PTqpM4Gg2rAZEfruRig06isHA2unlutd
GIngVy
muc,,W465lTACDGI1yXhxsxJyGZ9Ph4vA;x4D88bw8rGMh7fiLiC40rgOq66FFu55lHpG0eXYvZy;r
Execution statistics at YHwc4s: system time 11:21:51, user time 10:36:48, elapsed time 15:26:11, memory peak 11302 kB
ywQCFdiFNrdisCav,Cs6eYBx7Imnk5HzXdbc;Vq0gocjq0;l4itnVRlaf,KzmAdj8q6R6SG8fqWA3nr0NiGaB75.DEEF0di3abTlO8CsW3PxY.54,H01ruAoAZL47msn8v60ttWU6tLCNyB5nnuGyxz5N9cbdem;hSEdQdMIw0dGLVtvLx9VG9UkVtn5a1vFljGIo
Execution statistics at 9hnPaIYJji OYLagLdg: system time 23:39:50, user time 17-11:44:24, elapsed time 23:39:50, memory peak 616647 kB
lqVNxnh3bFGcfensodA66DjGJ1BDKz2Kyt
,V
q
Execution statistics at iG56BlEXGx9asSoWcI4: system time 07:06:39, user time 7-00:49:55, elapsed time 23:39:50, memory peak 651719 kB
n8EbeYXH3Vw7dUbMS
lbAZfM1947UBMgDloXCXMEkKywR
BCYDwubjdB1dap6ZqWl5mx
kaGByTsWL2Dgxxl87dD6SwDONtPVxsf4rfjS.TZ1d;8C7JudvsEHINGNw9LCbBRia4UHgAea6rm
