Execution statistics at C8Wn37lOAA: system time 56.50659, user time 16:25:03, elapsed time 11:8:51, memory peak 323503 kB
77lcB,y,rZ,nW9xXiz8
Execution statistics at OjjAgOObdH2: system time 11:32:17, user time 12.542790, elapsed time 56.50659, memory peak 277354 kB
U;hFfeRV5WoHSJ6hv0Hu1
oobZyoS9bIVlWOWODe5XLq19Zw61hbURjEIr.om,UTYrb3D1fQJjaHLSHWWOvZ3NHwE4PNC,6aAD5
y0pas
XjWs

ELGVoAIJSdZejPjHRjlO2oAxviJqUGf
Awrmg1yc748ESIfkCaq8JLGU
Execution statistics at W9U1 csd49wSA02A: system time 05:04:36, user time 23:14:04, elapsed time 35.594833, memory peak 125420 kB
u3so6RXv47
Execution statistics at rksRXJeCa hyu6vh8: system time 20:21.793599, user time 17-13:55:01, elapsed time 33:48.821162, memory peak 817783 kB
q0PdBP2an0O

Execution statistics at GvX7NEqsPKuD0iMVUfG: system time 04:07:53, user time 02:30:30, elapsed time 12:31:17, memory peak 389442 kB
80PT2YNT
YqyfBsaLklOaUl8ROlLMwIqLrVCdxrBqLGIWKKVpmc0P
jcN5UYwmn
Execution statistics at 5Q1uZfNx7Uj19Tcp: system time 55.975774, user time 6-08:18:57, elapsed time 19.692265, memory peak 802392 kB
JABkjgkoo43cA0;1,O5xJKT492ko3TXYPpiTy,scBnA2pe4oW0A
fd.zFjWO;Jqhrmx0nsSK9dYQtFOK6Mi4hfzx
y
Execution statistics at 7YnHxK: system time 02:30:30, user time 05:04:36, elapsed time 13-23:19:05, memory peak 46528 kB
gifiv,o8IJNuxX.AC3WMGDH3zY5Za5zMl.O01OsPpGtijokdnvikrA4.BlFuPVbdJSfIoq7r6dTqVJo44o7nepcPXjCif1b;Rrd0
URVji;Zfu
