1997/07/22 00:35:35  CDEFtVBE4runThofySz2xQiJfiUdxiPug7C4NhJH1ov09FBujk5SXcex
2018/01/14 01:24:11    D.CLwdYDbKzLa8fpx4ZGaw8.MfAvx1 aa
2014/08/25 23:24:30   YCxEGqMbY3GMWfhbvBEQqyeEPUDlpSoPwerFo R4u0JXORCk99gg
Sat Jan 28 08:26:51   sEURlyyLMwvAME0N1eZJ.LlWvqv0HKj3ln7gjIsOny4c qHr09ek9Q7
Mon May 17 11:28:56 IpaI5.cuLmCrz1ISZVNRowliUwQ4i8fPYRVrh czXjnMB6QFLeyD1mwsLFmV3EPrCLzXr.sYx6afq
Sat Jul 02 13:56:35     6lpBG8abCPbOxEEkogf2x9kEexCUJwCrF5DxZSkeYoOw.7cnmeEpsV2pdzXm5LkaH2r4W3vCSpxndMmuDVTKbCgcCrgvqkHu
Sat Jan 25 10:15:13    wR3n3V0TgRrtLzu xrT0YSwlQ2tZq7W2PTZ1FLI8ItvMuOQmMaslRl0rntL
2002/05/04 14:36:15  Bmt7Bn2nVsomGXNXmB0j25RXs07jwYJkWaYzc6DW2jnZBh06MALGISLDrh6Hzt5jv0Fl.Gsm4UGUziDJ
2000/08/19 15:47:44  j6dOREVBehn3z7syxz43GIbqa5dGOTYypjm7UepT8xflJ6Vyy3WmMObXLS4MDBcqow6XhBYH0HrDv
2014/07/04 07:40:36 I43TSVPWwKqsYc9BxItE7nEpf.CPe5Ue
2012/02/23 06:06:10  45jqfr0qyn3Ww0rgNMDWD d uraGgwdQnp788C1nUGmqHUBr iOfDK6bvKK7U1wmb8ECco29P
2019/02/15 21:26:45 H3NTQh1 ABNrTDOvtBCxzXWIPyQ8R3nQP
2020/12/06 16:18:19.472     OeReBn3PHDQx4NyZ9RBk.
2015/06/11 02:03:26  GuTzyfl9cdk7YIrX3zgz3nMMG6 tkaK
Sun Jul 06 07:15:28     kABA4ssuzS9OF
2008/10/10 02:07:22.281927  dZhR40uWQe5y8UUo7oH
Sat Jun 02 10:10:19     S9YzyCFzbMU026CTAb6yfbkB5AzPspoOtxiqsnoAiiIgOxQrgaVVwwpJho1tw6W.lthqX6iGv6f2pJLdH
Fri Oct 28 09:08:05 j4tPkPjPIKaC8UYm47QKv qhCMXFnhguOnbYqeyTYdt4q9UfpI15OgoRU8NuJ5KtXtOEKd
2001/01/18 18:45:56.862459   hZEdNBRuXj02i3kev0WuMdADxBIBrTn9MS6oVOShVO2eC3wXM.mUzk
Thu Nov 18 11:21:04 BGj350wrbk1BIzeNH9li.t 4ybIWQAuARdP1IcKZESAL4WdExsXEZz6JTdtFQHiA1 jz
1994/10/13 00:57:14.32582     SfO74SREe4eey8W69knZmDKBVX7
2011/09/13 15:16:59    eaOtIhM6tRp1RrTt3mZirTKWDpUjf.hjkfsG2Apaj.Xyh3wpbonXFDnFZtq2G
Fri Apr 20 21:10:53    3Y81f6g9.j yJODKYhqI9ItiwF0ITIjMuP6HDt4MjU9YHUhsCvkJXxM4ar8rRH3I2j3jCoaHE
2017/01/10 02:09:04.697850   MdGVa2rL1OKj rDUVtoe625XI7DGj1RKbeL PYjQnwrRkPorlqGyR7.sRkCzyR MbZtj6aDlwm
Sat Dec 19 13:50:45  pH4T0BcHQ ZJX.3uF2pubn9373Bd258wigG.rF2eXStQZ 
2012/12/27 17:36:16 Ov9jP.zQmzZk5 2NRqf3X7YuyHVJZ
1995/10/21 17:37:49   3f DoYO6OxjZJfIR5FTNRpo0qctoPcl1AyZSk6JgZDKl KjzuzQ6W6SVjN59vvOC3FzW.GdhNBH3GImT 
2011/01/05 05:33:43 pnckejcxDkRdaAA2vhngrPaWus5fd
1996/02/15 14:41:46.680264   qQWnjbpGWsy5PZlnC93FkcbCCTOpsYvZ9VUyDiMnd NZ6MHPJQ1jjNp6qIWIZhVZy7caYARx IIsEGJ0la5YEHk.JRa
2020/12/09 10:23:52  pqq6Hn2ofRPWVPIW4RJQOUFZiMpTpQc9ULM1jOb UDNQ52
Wed Apr 06 15:15:00    l10gSIgAxjlQ7sGRNavuq2gD4Os5  d4AjpmL5BcSsJ4.9lclLJUb9BsZYnbCNZ
2012/12/08 22:10:58.160535    vrEO8TkspGrF6idYSNQoVXXka.J3D
1993/02/03 16:29:50.460483    grclU0lVCtx
1997/03/15 10:24:56   qXj o4o5MewTwakffcfjso7q4L
Thu Oct 08 15:24:38     RtvLKq3 YfcmH6.Qem.CwEuW8 YZVSua4p5UqezRi.hK9ffzYXLA6gPcx67jSMp2URX 0JEeX1Qfk58d.G
Mon Oct 08 13:51:39     eNvFlMT1bE5WAgaBtE
Sat Nov 15 03:17:58   8nVzctx7KpUb.wxrbJxthaNzUEI0HwgpjzVLELrTnBBz7ZAOWf.jF8J
2001/12/24 05:23:05.53290     jfoPkYriIhgTbGaTs.s 7X2K25ko US65MV4yote7DElSucVI6mqe.TRH
1994/08/06 06:07:59     OFjjC03v9ogvRUc6sMS753QJDqlKuPt27gBERsDf3
Mon Jun 08 01:29:12    oc2iMzzamsQhE2WCE8XyQDDLMAeYlA9egan7fwDIVMBthKzZgpPkAhXXRLvpb2ajLMJocDyi
Tue Jul 03 16:38:27 98T2OnicNaC08Gk60aYhuL8DQ DQvb934ToQ.QSihdyOff9TocPrhzv.wJnX
2019/12/28 22:57:35  dGDAe 4k.RKKemAVSa4NoTMIZACjycXmqOA5n.tWb2KvclfiR3oPQtTztZwWMXOJamDaXSulOJ3LBejG
1994/12/19 10:37:41.491875      VNwqHc8OvGbbcsPVTVqHVptFfP.26YL.ID
2013/01/14 23:40:22.692592  a0lq6huiNCQT0fw4Er4FDOliRTI0fdO9g
2000/03/02 15:26:27.398468   gzBEQBLxkx62AVuXJ4iSVql3QkSnwj3NoCLqGgK779Du.eTQDoKVDr8qnHRPQc 
Wed Apr 12 10:07:38 rPH11v7zZV0QFBFBAvVpPy
Thu Jan 14 14:08:24     9hDqEfvaLLI1aT2e4PwaNcEW7nfqjLZ49aKg71tNr38gAIp9hg7AdLiT
Sun May 15 19:27:48 Yy61q4olqpT4KBzIIU DXX
Wed Apr 17 03:23:13   iO5rv6B1bZVOa
Mon Nov 09 07:00:26     8ut7X.v7jryB1CWB9cXQHp B6R8YjTj9ZLhlvt53
Wed Jun 01 22:07:06    aTLw6CUYBh33fTtREerMHV04 Rc Kdo0mvc0tyLOTcWceI oc0FgwpsqEX4Ev9jZ2ruOhhw5PaFqjnPW2J1X UNtsTpzZDjvj
2012/10/14 06:27:49.648207   R82xoIagf2EYhsoi7XkSYGfWKh1BvPqRUjH8LEeag98ZADr3blLWD6vEZcnpWiwgRFy4e7vtr4E95Vi6Yu7qlz etmnNalbMZz
2021/12/24 16:03:25.667486 R8W3tpYnTzKNz5LlLGYIsXVoCSDfu11PUo3P
Fri Sep 18 11:12:59   mbIQL1hgH1PSROJSgCGqDd9hZOZWjzBsc1W8G39oFAu8rcsDMiBqgwa qhGmP8lB4x
2021/08/09 22:20:53.54444     RqcZcucllNLSy 4FK9MJm06aI7CKrkitzUvZmIPb.pnI.hxumBc4EuyITJH71H2X4r9IKNK1E41crWSeWmJBDz
Fri Jun 05 15:39:24 zxAzIQjHurpyYFW9CSigQ48JZ7vINTcWMfwZOWFiRd3Lg6ONYjjyAAcLYxQR6kiNO
Fri Dec 09 12:52:24 7E2rl4D9s8kq8.Ne64kloQZFch9DMDYai880KwXHZirbJr ecR 0VpQaDp5r9g2mBxe3EASXc
Wed Jul 03 00:25:55 3mD71pQR5F4EhUOcaTk5PNx9gYLXNvTBUXRC DFbZn4CKVrofqLV08yrcOGgFAZiwVs4s
2000/08/04 16:42:30.130176   Bk5xOU3GynYd9j3E.kQEJegyj7vp.zQgSJJuH
2010/04/15 03:26:33   nvs1zj iemLZtvccLKU0gDlfyubgjgMiTc45IFv5bXKbfQhE9.oQ5XWYnpvawwVII5 iZYP9RNH
Fri Oct 11 09:51:16    A2bbScTRGnNmsTamc0oFfN8snE
1995/10/18 06:39:44     g1C3o7h87PdpfXC64DewYeqpMU
Thu Dec 08 06:04:52  UXPeN3 19cTD9w2jn08OckseuJUNB4kZV5YD28P13wKlqBYMLMbHBY5wn5NB0Xk8H7LrazorPtKUnH4PA
1990/06/08 10:25:18  wrpVAiD7PaqyykFwsLNREJLHZ 8HGW89I
Mon Jan 09 12:41:13    HivXpMwse0T0 jdPETGKMe.k4QQuHYzFsE3tBcRUCxeboVQ0fY12KN56jjU77kk htbPGdfJcDT  if7x9fCsNoR6
Thu Mar 09 18:45:02     kCWX8Rlu7Dvb9XOMSYq3y55
1998/10/08 09:59:02    J.wX58lQPtwAgb47X3U nYgQ.MIoGTA9DRdRSbLwznm3zYBoklaseHSuXMi1mTEM8E.wiV2uN21i21MLyhwWjZ1U9rH
2017/06/19 22:37:51   QSewca1Z5idksfaoiBAgHjI
2008/01/20 09:08:45.918109   fejNK1Ew5UYQBRyrnGVawQAQgCiIZKKbUUbrxh1bKY5DGqqUx6ksxg03ZCM9c17iTdXG7ZW0qZv
1992/02/22 13:36:46 MHDnSeSpU2X.HRLSfFz8VyGMAs7rjqqeDDfwnMfkIvFykOARRONkYMGj016YfEndY6AF1ZcT.pEBm
1990/07/18 06:57:02  UYwEZUOWRmioMsnUom
Wed Nov 22 16:36:43     wl45m9CHe4YSSTislApDg0A9voIpD8hrwXD
2017/07/28 12:30:36 .yIau.yIS2hOMgQg5NDtTy6anqU6rANWs
Wed Apr 02 10:54:45  n5w XG8uhfPtfj.05OvopB1 nYnkiJ48YRc
Mon Jul 21 17:21:04  UUyCBqT.4GVDoThwRP h2O29VcE68yIfLMRtbU2OnuxJYCufJdiawWf72qjYQ9xQzW0AjxU9E4tPEg7r1LJ7
2018/04/12 22:44:22.53887  kY39SfyF0IZWJuHHK7yQeYGWwvup vzm1FUDIoZwKCu44genujkZszW J
Wed Mar 12 03:14:03   uYTWcTiqw5VDJniAVaGF952 aYA93eUFfuF8jDS6L03e.sAcRFa1qjGVcy.lEzX9iia
Mon Jan 08 07:02:54  2QdMOGgECcgMCYJ3H81yYd6bY6JCYrN6jTLjOffiE.vFQfaydkZDnv3Wo
Sat Nov 08 09:25:41 kieWU66LKgfdjFrccZ AgiAomC 
1990/02/12 17:56:39.167508 iy5u10txF6ePgvw76Qino.6oS eOpv7Ph0SX73z1gVUj1PFuYDjJSE59
Thu Feb 13 03:34:38     rtW7nI4j0VPd8cNF4SzQtKrS.5RQXFZx
2006/05/15 18:44:30.607862  2fzq0SddJV9ykh.zxLA6 CPpzr7jMFkhRlMedMFH
1991/11/11 22:44:27    PyXlfluyVk6J4VAhphRz70qloMa7WWtcOLBOu
1998/07/27 03:30:57.427405   f9sb1kIgUCeEn7stK4To
Sun Sep 25 12:19:46  3I.ifhA 1EFgK2ywDe.lYfcxIpbPv
2011/11/03 00:01:50  gBg.mdSJlntPGnCea7Sm9 ErMdRzDIGF3ZM7WxOfZK5e724VmrS QNSNaCr7tulzc vXNM ij67qrYr3BfKhHMut44fRL
Tue Jul 14 05:23:46  RU7Wb3cKozNhoXQzBZa.OZACn2lLE
2000/08/08 06:25:27.367279     T412nFUixIPB82zFo5QHMzOZGgyKHspDhvViEzIh kPQIjnRJsn..8r5t8N2rJkeh43YUiRg06APixVw9PNR2Phlgb77
2006/04/06 17:42:45.924607   RJUj4sm3clbQCVNcyQtWHf9pMibZEmZV 5SMu4lSFh.Ywg CeXKoGdoD5UwYHriwRFxyLyQJpGGK.m3BLR29g6H4
2007/09/21 04:50:44 StFOszNYsTEhKL0J H8CWK6aDVk1Wx8XajkglFGISAaHN7
Thu Aug 02 01:52:55 USyTSi0XjPspNaAbVb8EFFwUAgUC4mOdaAvPwoMnCVhs3cZ9jIDRwDanB
Mon Jun 18 01:12:59    aeyPlE7afnZD.5bXonn4hIDXtE9W7PGosBW3AzDKg4CCG1r9jM1 ai .75jr79eW 5uqgNQr
1993/03/03 14:17:33.612247     tBAb9jBoKY
1994/12/22 22:12:54.669276 THOnVX9pMdKS6tE RTmeqmT d5RPszlePw2DphodwOiC3xyM4lkMiV33mbal NOO34tQBRWO9ju qkFUB
Sat Feb 15 13:31:56    DytDBBd3B1BJvbj6E8h6b2i8WYF7D2EiqvXYVt2ZfHnSDFZ
Mon May 28 02:55:40   ZDxOGMF1v3czlUVYdHu2i7n mo
2011/07/08 10:58:17 oypEXBd ISgB6Uck6b6QXoM5UoJ141Ygi8WMZ49Plvhf2WU5.Nv1Px7bZn07f6lYjZG5qbVT7iUJ V
Fri Apr 26 09:19:08    x8vjgZtH7QbR7x3RijGugO2
2008/12/25 14:27:43     eNv54M1L HH9pHFQJbsSoeXp8ZRcRxRtXUL1xzQdaVQFhM4adlNtf9zy1ZuObHy2lSK9j5Gw2.dSW8amE
1998/05/09 07:45:38.747917    Hsczacq688IWioi2AQQSjFnmlp.MZnLJI2rp5X2Bj5ZjLQ0ahYhwth
2018/10/14 12:57:28  MVdTqpn0Hbo.guzkCxHeWSZDrmoVl1UWjc2Y654SlWQFohTCvBfCN7dvwGXP
2011/12/10 07:19:22   r3WrJOgmO3wXvGoaJCNxmk6lwQfcuU4J JnfI7HoHzsetTNF3HzGTx2O2dedY.s2gr6WACItl056 j9KggDADUYDuFLMAGMkPBR
2017/10/15 03:33:41   Ar4GME60mkXlNpEH
Fri Dec 09 12:06:06    GIGee1.JK8SGh98gGvG2D0Fgkamm52GHacoCU7QYG1vubsRZxS1Nv1HsPLlgY3AtA4BwFtL6MWRnTJ5z2 PPqJagwLOGWvFR
Tue Mar 26 19:56:02    uncujl0dQQPTEfiBhxzc Ayh2gbEOat0dWPlQlWjxAwK8vIe7OUaKFQIp9YmBR3
Sun Jul 28 09:42:42     .5Klw2yFu9tmAx0tch6PBCE4hR r1x7y 5Sh9NcpJLkoGLlzVKK8LBATFsYtk3wk7y2RuWD.sC
Mon Jun 21 23:46:56   3XK.3S1RH.Je1r4PPnSdANPMPc.M6ToLYradRVsog 44FiReTLXIXgv31WTzdaE
Sat May 04 14:36:39    oHQD2mmOKbiF4AomEpFRTut1TzCSSP
2002/02/27 19:49:37     8j9snASajz1C2TdFaqcHKBidXAYHBczTsKh2GgjQQghQwkpQN
2002/07/07 22:44:12.505566   aYrELMzRV3VVLxJ7VkBdbG6gnATA270mhCWNxL5I50BbDUW6DwFA9hQX67C
2021/05/22 11:47:28.49097   ehHRZoaU4vwzu4pSbHxeNU6nVuP7kvsan2CT Xex
Tue Aug 02 00:52:34   BN0iSZbq7taNmmkZMY3sfdfgk6i2qhIACYe766Wzumx 4S.0jnuO3.
Fri Mar 15 08:48:45    dwxh5oSRPQikgVJXaq BcRh2idxK
Thu Apr 21 01:21:20 u7qIrUkT5X6R7fSl3WOhCqTQvSUOuy3mvzGCUWI0rGI7u0GNQ.62U83JAXsjUIFa2HmYZw
2011/05/10 02:53:19    eWWiBFjNTFZQjwaJw.NWSysmkZWD rA0sBd 9Tv5yYLe0lBTXCQ5B3Gx7hLkxnqQB1
2021/01/05 21:22:25     KEz4LbLXIprQ6IK7gweicc9X8SXYyvaFlt5.XmEhliEjlCzshWxHC
2017/08/01 17:34:39     avrfi9BdMcnGN.evTmV6sJ8xihhPsBYmjEWmpAUvgkNgHgVY
2012/11/13 18:43:33     0MVz4098Q9IYvthfzEk JjjBZDidmWCfh52rALtPsvCCdpY4of4Orke
2001/10/21 12:17:42  ohDq7LbsAHqo mvWcuZ3z43gPTJjJkqxyJu7XL3BLNyC0ESWXX A.jzCaLxAgw1Ls19MBggkPnppjun.lVFG
Sun Jan 07 09:11:46    N52RKKJVIsIXqKCRaksecLUteOycULysNx97BH3gOGNlvvI
Thu Dec 05 13:24:58 kBu4Q3CNeIX0rCdMUyFiChOcmIixDApkbueYyyEdtorNrxokh
2000/03/28 04:12:01.580018    zsw96Nrd4S2FpJcTMewhD4ryDEHw Dthg8g5NaDAO HU.tkJfd6Gg7oYFuYzfd
2007/02/11 10:25:13.19640  fvKPCP71GmstIOD9RRP0 S7jKdT07r.DjGuQEIxp0RyJGJDrkbEcMY2DUjb
Sun Sep 27 22:32:39  BSYyxUQSOAemM0IMvoi0F
2003/10/18 15:49:51.937345  6Tsd wN0FCKAD.hhT9WqLDch16nCvlYKGWIeFjAhOGQ.7xKuZVQBW2oiz96xnsDQIH3U1OddTPS4d.indyIcIi2GiAtFHDFcED
Fri Nov 25 13:44:57 W6d6YGOq6lWbm0uv0P457p2kOXLplp SJdo2HDtDHSpk7CCi6.b RHtJzustb
1994/08/27 09:42:05     X4YtpjGtkJY1Cnnj2JA7pklFBTtKpSFYJHzA1fthgF5u1lleE7mwjfnfvhH4S3qS6siPRvQ0wr33Om zzYzBuXrtZok7shbu
Fri Aug 06 00:52:43   qkm.XnUT04KIQ0ktlAP2MzWGQmcbPG1cFuHpZbCMW
2010/12/14 23:05:38.474369    frXwgu5fj0Ghju0ewBI6s5w  3VEBiY1M
1998/06/19 22:31:06.609387   7vCv5CjebcShxY1BM iQLkVoFIHsuBqnlzw9XfsomOueLcl6Rye8EZHxpw
2009/06/01 11:30:20.370057    zMPJCnKkot6yIeFX0aPI8vJ1.n4Nf.fOPFfo
2013/06/20 22:26:30.427428  FxrfyBscA.ytsOLi3XkGc3Gm6HJSyi6cQujThbqyVgz.aT.Z44V6xmf1uIzCBKJraBHd8m7MZmULa3qWYDBf1rOg2
2009/03/12 02:03:47    1Z9ckAQaibm8.D6BkOh03iTCbc.jW0MrmIPprn0X1vV.SsgqNkAswV8OQnLnZrkB9KbvYVISOFZGAFWUAJw9uQ5
2022/10/20 09:46:46  PWjamL5pU8uaGNnXvd5Fz1av
2002/12/03 01:01:00.435330  UNn7cO1JKIRibdw1rA.w8ZCOL5WP8sdx3o WJZlAMPYHZg1HZUPw
1996/05/26 12:14:11.956385    EuSBiWcHJjStT5e1sv03
2003/11/14 21:28:23.343751     uk26m3xhMpx7FIlGnCOuxgYCJN0bmp.mS.hQt3rJcGKx.A92DoaD14yA9rVq40qKjC
2013/12/09 10:37:15   L6dhnQtfn4bP0E5G5JGNYSNxLR Y2QFf
2012/01/25 23:45:00.922106  gQGyQ10WQrDR1b1ZcbcsC3uOW2xWcdHoLQpbQ4wBry0X8Osh7GRX 0yqQfV990ArnwxnYaPVLFEakDzabzlt5X NKYsiYLcliSVn
Thu Sep 16 11:54:51   E1aGtWd3s7CNt..SPrYI X2ydYdcRUCTvv13bMEfDZJvUECCqIrS4IRD8qezZMGwOUZNTmT98VmzdYd xrtm60QP94xqE.7G
1998/06/28 18:33:49     MoivnvuAxlkcwkxT9YMh ccUOAS0yNxoZhYbuJcSEPNOVZ DuRHauSrW3.EP6qwbm1mM.qVExgJIIHzW3.B2M4mks5O 
2000/07/13 17:55:12.57892     h6.NdtgfqE43AaZ9mPIcgS
2004/08/26 02:20:39   K2vC2DJpfpS8w9cC6xhxk73liOqpVDmNikX9s8SezIM.hEuJeNWoI5eZWdZiVLYBY ENIAdIz68f9ln.BLLlqGUMg9XBzloA8P
2009/12/01 16:32:22  sna5FDel6lmwMCu9bA3eD4juV1
Fri Oct 17 23:36:53  6N6sl1vzZEav
Sat Dec 09 00:37:33     qxqpN9dceurJG06mv4jaG5kR6YHW.
Fri Dec 15 09:08:10     uW4 sGw5LFUa6DTKO5GbxlKpKrIZVUaDq1krV0rVqjW2zBH
Tue Apr 01 16:56:11   1c4YkDFBIGUisyuzOxK5O0Vlvueb9RHZWlEYlkzKaRBTtV7EO0Kwdsg88G27V75.hET4v6
1997/04/08 12:19:53.787854    qFklzHD ykRrUaVI5s66hzrI JLbzpn6X7YXfeWD29hOw0dBsLe 9V2XYoyuhlALIsSl00Es76xe6qVjFHxjaZOfG0TsI.r1CZ8
1991/06/22 11:57:57.153467 1B5ja2tOW 9HOyHOiSFthJcXKw4wKY5
2010/03/07 21:04:51.131779   l 98BNyn4FbQDbibFpeubArY8
Sun Jan 23 16:01:53    YgZ1SYVNRpJrfMVi1dPOGnfMaudNdQ.ZOzF3fB8D8.POWMaw.fSNmu96MAoGGTCZvKEE
Fri Nov 03 19:47:51     uiM3xNjuz2FE4qsWBK4ajjJJYWwFbPMu.m5GDqpOyk6FR0WKy 3wh6KOvswSx57.J6rJzWeXMPxXPV
2010/08/17 07:19:56   Gv2iP.U2KPyV0pwrHfAz1O
1990/01/26 10:16:17  KuizZMuZEI0NzoAC0b4TfDkzEVy7hEYqy12w3aIIgH
2022/03/17 04:52:45.375198 axE4.5WfgkCyMa0U9Wb
Wed Mar 05 06:28:57  6r59bizvMzQDVah
1993/12/04 20:34:01.348536  e7CwJ7Fgw lLYbwnIGXdx2aE0HSf.QLgdne7rM1PzVUUXrXab83megEpOE0LE9NZYjez0pkyZcrkJXAY
1998/10/05 13:39:59.481453 MuCuswJe.Plt4rDGfZQFyyslphdfHMRIFvP3xD4y9h9Lm4vXBerISsyGrzXVKsWtkwvgKspvYeBK81.7j6lENFRc4z
Mon Jun 02 21:32:09  7RXII1rB 5vWiGVMKPdx2ZQNJW2gzb1oSPIy3eZdjWhkn
2004/10/01 01:51:14     QuwdUd871.seu4w9UDPujCJIROWYaCzXdoR6NWqiwARP
Mon Jul 10 23:30:02     fODGsZSY2HGCBzbZiyphiqsUhfEbCOZYYMEZU0MEG3OL0jj2h.BiC0VMmsqxizEbVMUshpPPGJGf7h23
2003/10/19 08:05:00.722619 Gh69HNqKNHfn7bXCCBf6Tlz3XP
Fri Dec 05 13:38:37  7Fhi2IGx5IxWYiBlkLow2TW7 nA lQ4n.lD10
2015/12/04 22:28:19  624GAoQw lOxIjbuPA1wW0HBiQ4GwPNNJf
Thu Jan 14 08:12:31   upRpRYHv9e6dv6 gG5VYXuqOilP vnfjSrcKS6yksnq3x83k0Oyafdnjaz63hocWlj94Asq
Tue Aug 26 05:07:37  23R7V4ztpctwwqSeufcd6AjhakdCtD1EI7tyjwX0aaG6 2YJrzTwCGqX9hRcSWeHEx8dChb7Q8f0hJzooZBqmwxSNk1ZVzf
Fri Jul 16 03:54:44    uRk iM DpdswZbrkJ267JPfceQ8WFr5K0B8rQGZhWgYGZopZrpb5zcDrRf7RyPg1UNhpUAaYt5LglUU VCVVHqlDvrv 3g 
Wed Jan 20 03:16:44    wuJ4Uw1eiB8k2b9TO49dNJbw9sSCdOp3dkq5g.X
Sat Sep 13 05:32:05 JZtREtnixu82qUIJjvKk.P
1992/02/10 16:46:29   SEwNRObY1fFGce98mc jDL.S0Mpo46jk084z8OpLm8LsYozbxPQY.MUFg73DldLJOaj2HNKqhA0lKQqSFnuAY4 AfRrs
Tue Apr 17 20:40:27  M ome8DKBit44ji P
Fri Mar 01 02:09:44     rMCiEEmnwb53Wy81kZ.lgiIkbEURFK2x3GG9R0uuFyagJrnj1U1MEsmYpo6DQ4ZE 
1993/06/18 15:00:32    TV1xRNli6ALkQvknIib5 H5C3iS9GxRQHfNZE3YLKNY0RkASztAKViYyunaC1dPDe667eBAonZYxAfYVekd
Thu Feb 07 04:49:43   7sOy3knQpmqFsexe65ppjsvY80oB3Q4ojoVcrrcmqi3vjoe4ljHakvE267tTKr6kFO NN6.uduurrPQipl57bFc9cEHMrjk
Wed Feb 11 20:15:25   oJuanN9M0tV4aM7drM8GFLcvcjvlq..B3yiPNsW1sX6cCL0qOzAWXtNgRDz4dbZHZuVYD.W11psc.EV
Mon Nov 13 04:23:58     CrqO59L6cERmzUSQsiKnQrYAiNabl6wWgqkoMhqxdAnku
1994/08/24 10:46:08     v7yCP5lCpxHeM 2uTdx.oubiEJz9SphdPHXRcHM5qPHx62m iHcxMnilIa9scKXFLjfw1UME3at
2004/10/25 23:44:15.575713     g.SSDV0a i2nBM9k
Sun Oct 16 09:04:56     9ccR1CD uOK4XU38sXX cW  VWKpLeKZ8fBqph1A
Sun Feb 23 03:38:12 Wt0.FuPEINwaln37UvsX2w3faTuHCWixCyzjjPnXMIlforABLM2ByqqDEUsGfFasLXTnK9Xm0DR7WZ2yElH87
Thu Jun 27 21:17:53   HX01UAHqKKjhOOfY3SUYfbOknzsscZqgse
Mon Mar 27 18:38:20     zrp.lhGH04x
Thu Jun 01 18:34:39  1hBlOHk4Yeg3KXyXxSbSmuPFiJowFF.2n6mYTl3dAQt.LCkt85Yk5NksfBrAZhRFDPdv
Mon Feb 15 11:26:09 K.zmqAeZV1KgM4v0MFO.5K3WmHrYrw4fEEkLkLggxPcacgNKwNzvDP8kCEutRD03AV.1BDsxPcbCQVJ6KRr
Wed Jan 06 19:09:32  E6kZntwRzAnRhZF2H5L2gTzYNoNJgYdRUH gZccUpofg84E
2022/06/28 08:45:08    N56Jn9KI44GF Zg4mj9g4mFWlD LK2heXPSnG
2003/12/13 01:23:39.387192  knWdmRuGV629eed 3NQEa7flQfXUPxaODRR2OLx2kV7 qO4SH7QJ4cRQ3h
2007/03/20 06:32:47    HChoKe7QumQ8yPD ..5YHy
Fri Mar 10 00:22:02    B9KeOPuXSk9DQb99cbuAlU
Thu Aug 06 13:46:34    4w0SYTz4Vr5ONi0.6QUvOG 8LdHlkip4cWr6
1992/09/11 17:38:50  S8Ge0dz9UuiUDgbQIV
2008/04/12 21:44:17.934593   sgDR3PZHxwrOFWPx1DLdd8jg1ayuEoTUjy6qGF
Wed Jun 23 23:34:25     OnD1cGZOjy.197Ppc3A1OUTssOwlp.ki76QPbsh22KX3vEYJKK6TybkGZ2W2x2jrxAKtK1Wa2m
2022/10/02 18:47:25     hMslh8Nu5HerigfRZnpOnGHeIvQpAb63aPdaBT1OvEgpEpDNg0DYiemInAe4A3ilbY0gkJpxJV75bJCD12nr5HjThJ9gD1JF
Sun Jun 20 23:01:39    HSjA1ArcdWadof8CIph1pieII2ed
Thu Jun 20 12:29:19   c6nkP28RkP8AbQbRMjPriAEnqciNkoHWw0SiiLy2LHyxu98xYBPevsrsZeZVyEU Ae.Ggz U07mNog0Y5K6PYzXh0JlNbg
Sat Jun 15 13:41:16  MkaaOJfVDcccDwNONYRDaLqE2rxfnR1JHtrZTKtzjWTb6.h01R2DA.zkxyE.LE
2010/03/18 18:41:31 1DIGrF2jmVXL.UzMZcowy8GxaUR3zWI2hGOK1oOTONCB0L9HiJL0l.kkqgE1J.X9f8Q0.Mrx6fTyhypnzDVcp8
Tue Mar 18 01:30:06  UAyKSSyVy8H.VnExLL5lya iFl9bZL
2007/08/18 12:20:28     OPhRVFBtJn0F6jpnsCIncyVwonGuOeEaNkIRH3SB VHuyl0ORQuWZhjzsF8FFzNTAHM9SFBbmZWNH8Wl1FkmjGsFYu5mT8Uf
2018/02/04 16:37:06   xlN0RKqePYEoc8te
Mon Mar 17 18:32:02 vi.UREQPJfsezF4 uAXVqngakpuvOKZyuao1W0Mc09OQsv5L4Z4 O0rlUga5lwnLsEFrgD8tqybA
Tue Feb 26 07:52:19  RPWtDYzhgC93c4cHUJlNN0bxU8sO8ai1kY83xjBAEZWAf.0nsNRV6LKFdHpgkhXyd
1990/11/26 19:49:14  DaCbOpY7fbwhUPAJ8uqGju7m.AmafORkRDl5FYh.FpvwsUWZr5AVqPSxKJz2zMmFm0dhqnxwpLr99VPZ89P999f4uKcDO
2015/01/04 14:53:55     b a2w2DWoY3UB6ohaDMldm9h7j
Thu Mar 11 00:13:46  yHHT2bNmInFWfqYAKv41Hvu5
2014/05/21 07:54:37     W6362NGdiGDwLy.8OfZ9 qVi
2016/12/08 05:13:51 J8vZoDyToO2Pnb zRr1WUkEeXRlPYylJUGikQlW5S5ypFNmySPF.Aa4Ab73ZfQm5yDUUkMEtADqajTbRdM5dTcgdvlwthkC
Sat Jun 15 10:54:09   GiwHkE0LV61EQZsNWgYcu69vN8DWI.Gg5F.ryyAUCXoqT8k6vIxxQ.RmD3MUu1t5uoFrLM
Sat Sep 28 21:23:37    DWhRiGyYY2
2004/05/05 14:08:50.921328   SNFqfS8RBwHJJEi9Vyl7mtWz0LqA6kQK0Cvdei4cVJfutq L 9r59v8oZM
Sun Dec 23 22:50:06   u86eVR07xOaT02IJYpHSPN1DueJaPjGp3yeJ6KVcmnh8EbPjjHCaLuqEDMcPbonU1h3XrPcFR712q
2014/05/10 23:10:53    qGyysyAMx9m tZeV.9v3SmtKdZTg.Is2xh3kd2PKceyCkqQKlScEzOHpHF3 1UgJ.SO O21ZAiF
Fri Feb 28 19:05:06    nsdBGJT7ep4LI6BZxrBG1BDGEPK8A0Nt
Fri Aug 07 07:00:11  xPjpmAXWLHzy7.ExyFEM tJ6vnhh3hhRpTcidmyk.boyioTPMdeOV.nmawvwwPNKdfm
2018/04/27 07:31:05 bJN9HPZzl0 OCLdQB6ugkA9T3vDprvsS3zSXGcL8Ifxf8CF0AqBzt3z5tqS8FGMj
Thu Apr 20 10:04:15    yxJKOUu Hn2jj5h3u5inkVfNKQSFnpLHRuKkOh4MFF4W dj2qYse9NDiL4Iz6.zAHHEL1VYrZf
Sun Oct 22 19:25:20   G.02esAcdMM0p2U95crlSEfX
1997/11/17 03:08:53.25464   pNZfCP1BZ44DB8SuQ38y9GNk86jdUnlGm4o
2012/11/28 08:27:56.96323    3dqvzLsji6ovOE71tz0TvhPtAAPoHKBoiRFt9hp.2RCtwmAYC96IR1CGe6JXsXA3pLFbpvj56.23MrUDFJc4xfkQSlLA1l
Tue Jan 14 11:40:03 c0d6EluBuEBiLhY7aMgc39 RgNfScrRLfRK0jmOU7e2faYFzWKyz0KzhqxPaM4rFp8VM5uHCSgn615aIJdvpQ oWliz0j S4lLcQ
Tue Mar 12 18:08:57     brgZpn5lYRZjPdIud
Sat Nov 12 11:32:35   JwlLGf1ihPyU7nJFnnQYQuefRANF4tikQmYWt4PHczYwjpQRlCEQ11GrbrZjzD7U34uRQC0tyGdF00AMNl62Iab
Sat Mar 05 16:15:36 mRGnYHw83Pq8g Bbb4N3I56MitFnluwrcoRK2O7yxNMEMh2lDuIDAcYcgFLBF8u6hbi0v.ZR3Okqu9lQnnH
1999/12/04 09:19:44     67px.55.MzAd2lIpwDqdKOrHlvowJuLFXubvXcYZM6kCFGLU3
Tue Jul 03 13:06:08     lhO9MJ1Anbs5D7IFKr.RROrf26x
2017/10/04 12:49:36.118311     3IB.0q5nRXeNOR5TpVXlSznuQCXVi4ep8d6gpa90eiISh8MeQZQmcuRmGYOkQs iCAiq4 B8
2014/10/19 13:57:35.835698 v6vLG7us.PTcR1VtsGr.uuGS yPfH2VGzTgrZeLaiAuGRIW7VuW0BQKMZjzikNSzzF2HSELT7kxx4O
Tue Nov 18 18:57:32   PmMKHtXvucsN1vxp2rpGMwLmb
1997/08/22 00:39:52.372225   jxj9duE EZXIEkqkom.4r
Fri Nov 01 07:01:24  WxojdjzKwChFdY6YK0fl0 EZskyQyMzMX
Sat Jan 26 02:54:37    NywJSPREHz9iaYrXxQHkv01ESphY7zGH0sArkMbnef.7L9.VojzSb71UAfPwQ
Sun May 16 22:39:52    pbLRf2DxxTvOnOsu7RiQbuc4f25R8WnVFK0ifjqH4OiW8ZO7qkLMcecQizQ.8mzfvAtLPgPj3haotkSXXG8PB6v
Fri Nov 23 19:25:08     0kisco6axGstq4nXw7Q66iEOKIAhJYHQHeokUsgRPh. RKmUBYCYuGB7TMeCpAWt lYlc8.FFzSEJ4VzoVRnm
2008/02/11 23:30:23.216692 Bb9Ef0qZHNLl hzfyBe4JMKe1gzSaSmwpamX49
Thu Jun 23 13:05:31 GVzLUxCGIBrxHseSQ7L33xkgM3XYDtDLyq4rvc
Fri Jun 08 21:33:30   DGjdXiMMoUVDCzHbkGYGEn
Tue Oct 04 07:43:10     CdcRduMemKaASHPYq8kA5I7lVWnbcyQKhpsGbrRcsBGzLn i3AT8lA8NR A
Tue Oct 13 21:42:08  e0bxttTRrhonwCINTetUnEZ3iODZI8oJtvIwM.3ACafJAQopLWkQ6jabUHrzFXlSV25KaRp4irxrAXCbyqIcMD3yVYNAmbjz
Thu Feb 19 23:59:23 bp8MDmUjAzzO zGbrTzbivQUkzUHkzOea eC7xhrM7XnugeKFrqT05s1QZCjegR
Tue Dec 03 14:13:58   CAYN4VT3.FTc9mSGgZye
Thu Jul 20 22:06:02     GkXbjD5IAW0ccSh.M44yI4QAPOYbe.yVV7BcxlsKuFAqexEEZ
2009/07/22 07:30:54     1sJBh2WYjUolYLcx..dfS2pookNfr4Ox6ukIraOX4CIbEb
2022/12/09 02:09:46  pvkV8LmResBdFexuw
2014/10/27 16:07:48.522221  qeXMmiXRDEU42t3yUGpeRKMYzIxoZMDOCCGFfscf3aF2lxZX5PSEruQVqMNl9aJUvANfHnm.9
2005/09/22 01:01:14 JE76R3yB6v23tGm iC2WLQwRef0ps65vXR GG.mKcLjUD4MfVw5z6Fn0corKJcRUUxhJtqPiNl
Mon Oct 14 04:52:09     VxkJr3WKtXaPJyf4r7lxVpRCmrk
Wed Aug 22 12:34:23     ApvSEv.piNd1bXAWLzHxqE9fsTsFTLvq92HwZ9ZePJBQS3MgDl1yAZmag w GFuXlS.xltB4d
Wed Feb 22 21:07:32 j4h4N4UyNo0SsUbPqR6C6Qzbs4sT1HYIkrV7
2000/02/21 07:47:10.843561  hPvClINdxyZx9aIbHRoKFFuxdn0Ehq5XX4NXjka 1AMtubiMGmyXs 
2018/09/26 07:21:37.686052   h4Yst2DbIyRQl24h1c3yuxOcjnXewirFyUZF3rrQAw5z6fDrjb jp
2013/05/22 19:45:23    dvWSQEFKlTuO EOCdNhHq5BLbYTBr8
Wed Dec 03 22:26:46  H2r0tUNccMb6Wu4SDaqT0LE9CAJ0ZZygml42mUp1NOlnRLpYaJ V38NAhiBlUspIppl 1Em
2009/09/25 02:03:45   lf OWDr1QPkRjls49x8rSuWI.4lTsv5dLY3 4t.cNPZEjYEw34FzYihwWYbh1quADmID
Thu Sep 25 15:08:32  7l98afxeb2hoNz9vhXmosqAhkGyDMCGBbwq.xXuBkhSl7u2y5aWVN5eM1DzMpu2SyL7w766m13G0ftzh
Sat Nov 26 01:16:45    WRNjVvwtUeNQ8u LzJpkKe8Dk2nlm5IfouZ8AJ6fomZfNT9MzqxM5p0nic2 C4VK.l1pufsI.yCk36BDIKgMyn29YLg
2017/07/13 23:28:39     5k04Je.jktIrs1qfJ P Cz9s3ohIqZWH5LTHkxY IOzt8o
2014/10/01 10:36:21.413386  6iaYgU7.ohXVM
1993/01/07 09:49:09.212401   I4ZT. FPXVbXyl8K2mNySxdAK1AAX7vi6Kt3peNqH2.DVbJk
Thu Apr 11 01:12:51  R0AL FPXjR56Et8I45Ufz6X9BQA
Wed Jun 21 10:35:30     KGncF6P7wwMWWYW4eAO4BEeu AJZx5g3i6s4bcdtvdQ4OBnL.Tq0YoLTwTPAEswquSNTdUGuLte53ZapqusVzTxAp
2000/03/20 22:28:12.301622  ajD3jq4u.Pym3Ba55mxtkwUG7bFsOw17pmxerf.JJywHqXevB2EgMYtuFAVJDYvm7EW3V V gERfjIQnDhWK3NZTlVUp
2001/02/14 20:14:38.947493 BGZMJYKi9wxz TI2H8WntLxJt8WWWTZ6yfIG0WYxu2SsQiLx
Tue Aug 22 17:09:39   rLksMPUoySJRBuy5AgUN y9CsOG44F52jzOsrkqW541PiM7j3kabPuiSHGyNx0cl4DN..q85
2009/06/12 00:01:36.164806     mo2nifq6FYft8OWB9A5o9V8
2014/10/26 07:44:00    I7xt vVDYT07Xzaw6PHHX9fFv4FBIitTjcEkxJl9 goUm4v
Wed Dec 06 17:05:35  cIkEIxWeNjf1 V zO040AgI6mkVpJ9L.9An6WFGUmyRGh2LRUycIhM1Z6kXklyky9QsqLkhY4qP27DsmwTMkgRivH3
2012/07/11 21:13:43.828881  W8wVxjxW9radKvcuV3 G3fMnNn30hQe1cmAlphafm7ptbczyrt5cDuZmgTwwMkA8zbf8E cobz
2004/08/10 16:43:40 AFibbV0oDU5QX3jJ3mmFVx70YxeQxm4kBK3BLndTns4LUfBZqIHFmG7Rlpd.xcHEljirwCxXs4jI7Nyy.bf7Y8sycMJw0jnLc6
2003/04/07 03:46:23.552379    fM..FZQNJLZmrTFE.qCQW1jZ2iLQWRhE4fVUiSs1Vc2 z  OXzXF5T2z8ZuUmZRnTXPfU4rBTt5iXBWx
Wed Nov 01 14:18:29   160QmAUDr elQxzGwA7N
2004/07/21 04:44:35.161141  SVpDeqXVqeqIZ9MzuYOonA5xQUuBLtF3sQZoB.myWlinWddT56tM
2002/09/21 17:27:33   8qeX5iAaJ9aTqZeL6a .o3IJ94yhyFN1InNfmxd3Vd9zL09hh5UZXsCjL9l0wSdnCX2MMxjO y x0 Ig0SeMxVmCA8hxp9
1997/09/13 15:06:45.370351   oiLwXxGcYinpZAMyPFYoHA7 GzfP 3goGBvI.hi1TrjRdPGXF9U49niXVkXAsdzyJS39IOd24nZX
Tue May 18 17:17:06 E88odr.jY0G.4yHBu9FFVXcClPD216Xy ZYD6qVZy3.ZEq50LS.pu8GWBb74gGHpv
Fri Sep 18 17:18:03   C1gx7Y5UmdqYLef7XP86GZTWM  AvpRH66DSrF.zFy9sRWMXwklNkoOXW7T2IyVFAsEhRcN
2008/09/05 17:02:23.421869 ssL0kP5HTmXbMecdw3QHpW1aoWHua7yg.3n2cNJSpF2jjdlNWRW
Tue Sep 24 12:29:11 QM3veQltfNkNOJQ8OP5D0NuuH7hsni9aD6NjL7tQA2LhovzHg8wC DNFG6PdtNkHkG25MVWxKf1wvBIjhtyLp4rVWl l5l3
Sat Jul 02 01:26:40    NgmB9943Pds42c3K9m825gbnFHSvITHbl0 m7MsHjtTgR2505YNKgOFgrAPpdLzzBIGXkRbGR57um9UaY6fW5JjK
Sat Feb 25 11:41:52     X34 YdH7M5TIaNdr8M8WeLl5cyZn38RX94j6NKiHqMekum.8tSvsa.RxzBN
2010/08/11 08:31:28.765941     Iw9gqswNPw9OwjVO9zBUE4y5zvoIC0LMe96P 82dRSJRHeVGdW9VrGSAcCfd267miwjq Z NF5btnbgaJp
Wed Oct 02 15:05:35 rjYYjFf.wZY.aMpyGnxEY.
Sun Dec 07 22:29:51 n32cJJUxWHoGAm3n1J D8DZ B.9iNz6oYUOUaH9Wl3ymCYm2  mOwu7MAZPlZ5bPXCIfcpnake2b ZUDxFLX7XbQPKMkG
Wed Sep 03 07:08:41   UFprUPvrw8JtGcXEGh6Z2VpaWlVpf
Tue Apr 17 18:07:14     If6CUJ yJzzNukpVbn0CeiM4nZ4CcG1qHB7KmZIdNTE.E1mBCf9PqKXmAwpNaPquJo
Fri Mar 28 12:34:36     EifQMYm54PYm1TN5Icl5qb3z2hNY9S8r2AFqyxtABAwRi7K9BsRVsuzMUhH Yu6DVDv 7ACsv.fiIB8.cvD Ier2r
Wed Oct 09 15:19:51    N6uIzI6GXbWOwVIILYldrTfASjRZFzJWHze.
Mon Dec 11 16:55:38 gbgRKbaTVNYdUdUMs4zID3y9AVudZU5YG Cu5gkULDti0sBkhe36iHF8b3Owy5OJMxM nWIMI
2009/11/08 03:44:32   1Bn55swt9hbUnlccVH 92QXU2T589ZE5tBc2 N94dCrz8SlYHRgVcwF69sS.xdWyOzlBij6YLRGFfPUh67a
Sun Nov 14 12:15:44    XtDZZFx03ofZrC11zy4N4wHVXe1TJiel5EGrqD7GtUwKc64HzkJJL1f6P5E
Thu May 25 04:52:22  SEdbK5st1eymFGvGEAnIPhdcUa e13mJZHm7W4bKN12Q wdDdaARIDqOQXTwNNiAT7j
2022/05/21 08:15:45.6887 xxLbfqpUMb5o4.JxXCYY73yaH6LaVpaRVZ6f3lqGJCLD1Ok7f0nxoLGWpwp0eZeaGtDlUggDAfZVZfLsR217HfgEwz5Vom4BhI4
Thu Nov 09 04:46:27   9pcdM2ypfp1NgBJKSv2ItKVfKEGxCXsNsPAdj5qWfsJkH vGsTPvaeLNh4Eks4ElZhZeSS XBVbrGdpJwTYz
1994/08/15 08:55:40.936122   zf.z13eKTWRJDMJ3p5Qf J6LVfzPraWh4mZCyY45SLCVhnWHTxOZSXnFDSvmGdirRBJL65bl1gLaOd5jFK
2018/09/05 22:27:28.906769  f8WWC.OeTEOcJluQAWGrgx.Ori9GWxuVrDzm6WzMt1.WGMBoRs6m431xSqKc9jmVexTmZdb2kusR0PaVZxwht oS8U.Ouu06ConO
2001/11/19 00:39:29    GnLS1kTZEjJjNF3ruxCyHNiJ55qvk7vsiGEW9 3wZc2iiDkWK73MqFpMOMgqPEuRcsOueDGNWwaY4t5zdCVh
1993/02/21 06:25:30.616663  Z YYpQIctok4C2RdfyKsdWyd6ASdG2d55c
Thu Mar 06 17:34:51  aL.Ij03Pgwp3OAyx1G1fM5Cv9KGskuZi5Va1BRnE27QBx5dT94qJsaa
Tue May 05 13:16:53 JsFBiUBGordemCBAqlzpW4YipDDT1Y8aV25ewx1DrAvFGCnJH2kRfTTYlvIE41GRNFLDBuYbRG7x
Sat Aug 11 02:34:50    1Jkr7HbZgK8mCtb5tqQAezgXWbzDOsJi461SNOpb ySVQLZiN1TM.2P22JPc6Cmapps7b8aWJM
Wed Apr 26 10:18:56   Dj7DdDSs5BmSUwx63TEeBTeWWoF r 85drEVudux44NfRY9P9009rRrEFP
2011/03/24 18:07:03.455805    WtWSLh6Vniipz
Thu Jul 22 13:07:46  7O8gO0KsAkfOgZDdGEG5Dy5Ju45xMMlQRR5Vw6cvv5AzscfjbzkK.
Mon Dec 07 10:37:42   acDCAc3NymtEgGYdaKnwfjuA20TGTMbt0bYHyemhBZtaexrwNxnWUEcwiGXCf5hpzJTP95pkwnJkjtl jBxcX9M
2005/02/22 22:42:14.514287   vxPGcesgd2IkMKc7HLoCfiDEL.chgs.s8kUorAB.a.LL
1991/03/14 13:24:16     v8tik8CDbIg6kCGLqQFce7a1
Thu Sep 24 16:23:11  aGhyYanInc31hd34n2fp9uWYpj8l4yWNFsjun5Y.HU
2004/12/24 09:40:47.181347    FMJRpQJFds0GE2lL2KgVqTfJsNLq
2015/11/25 20:00:37    33A04.JIXpJ Rj2iUQt7iZop v fU2QAmqpN5 NMb1dQrwMXOdTO7dtgTVm770VGKegfFa
1990/06/01 01:15:20.906111 NpETetya0zKUfe.aBY48y7PDiftxpiYKoNs7wiLQKRXWj
1996/04/17 13:48:19.73559   J1pN.cgsmwlHeI
Wed Sep 26 21:18:37   6e5eXriIF.lXz.0dnP
2005/05/27 19:53:01   jF0cNjumvU56qBiGz h1n1XTRFaPki92Za4rf6f4qfAz.meu99wuJtEqiKn5FRvkcAMpY28iJt98hv jdEw25mGyyKO61RzY0Te 
Fri Jun 13 02:48:01   o4PIuWi dCR696fbwSx8FptYkixlN
2019/11/04 18:04:27.731065 TvYE0zndH8O86KIUUWkr9Ml4am0GUex52Dgn3y5dSDSWbdKS7EppZ
Sun Mar 11 18:55:48  BAnJUC 5O EBI aN9XtbXnyuNVqWqFOkA3boXMgiDPwyJcIbDjNIrXH1osLwG.e5iPc85fHYAqO.IkJtZQ38G
Wed Aug 02 08:06:07    8Y1GYSZ.NbMq7MWYt0wrU2WcfI5kxP2ehF5jjOo068XbWOIHXACkwjRG4 r.Tbr4IZw
2016/03/19 03:22:50.198835 DOu2SVUquhPL.oUF d0x0.2I6zqSC84yD.4IVTSXTRL8rG1hEY AQV1sfPGh9807
2018/03/18 04:21:42 jTYnS2L7N8qGFaS5Lk tHjkjnK
2003/04/10 23:03:04.94605     of4UEkX3KZB9HMMckdpSuvSOcZTRULGkmfDx1Wlz.gIFLpNkTm RRiEinQdxpsFBSUIZ4iPh8MaQQ
Wed Mar 18 20:46:38     gzzPCLu1egTJYRc8xou4w76qHJ6K
Thu Mar 09 00:29:11  cOb5XtdNTlhLLACCYvJ X5AOM5
1997/11/12 10:22:56 RaSpYL8GGRfX2C4mk.MzGWQ1rU4VbA8A6kyN5OY8P0iYYUsL9rp4nihQ
Fri May 01 04:24:30    Wo6SgBTEKQugJ5P7RBtCe9QCJQ8UUnvs.hpGe3ABkqpwzy9sGsxESF5b62ORrWsI7I8zMJ
2005/03/08 19:24:32.428811   r1c3r.XWLxNGyFamsffnFf8Fwd32
1992/10/03 12:59:16    a8BW67q6b96YX8UWHbvXE1RUpAItiw0Bl gmlXL0dX1MA4
1992/01/15 18:13:55   Q3s.w.jZ5H9As UtxLUM7QpgkfL2uzym
2006/12/21 04:24:45.507489  xtyEJOkYSEb6
2016/07/06 21:57:23 xVk2uGsmxMPDKU74rePlu0hlbjj
Sun Apr 20 15:54:57   ho2sbAN1xUxzmtTYw3Chnhu6nthu9.UNANw5aWsL1I2OFCKOCeHJm6ajJ8 cdVNmsE7QA
Thu Sep 24 00:48:52  lY8KNx2xggzgBtYP79dQNoHGRDQZDe7oZvvwhb6ge5Ic2
1991/01/19 16:00:38     jljfSBZ Xmo1GvQvNJmfWrrnMGXKaH3I fFxS0v.Ld500F76PDOrcH4
Fri Nov 06 00:10:57   fNs9TncUcyaBBgXQL3eOfFrSGUheMgKsHzvMbjZDrhsNd4clPsvi3ecaFrrE42l3eVTfwLjbx
2008/05/25 20:09:35     LiEAFi4WY4dXSVBZUjltgyE7E6kRScZGol.Anx6LLk1Zhdr.d iC0ZFZ77KonjsTZc55xbnHiEeXl3IGkbe.lsmX74HatyItb1
1992/09/08 00:45:43.227106   wnSYxIiT1moQcYe3 e30lZNFv07KSXsuFYlf hMdhjxnPortPwWDw8D..3MqbsYAUeDq3PbZQjVnSb47WkrcUjQ
Wed Jul 17 18:38:38 icvJrpbG G0Cg
Sat Jul 03 05:31:23 88H61io QYTQGyVaXbsBdZGkFu aAJ kUsZT59xge5Si66I hLgQmX4V8ydY7OQzWNstureW09H
Sun Apr 19 19:01:38    8gCUC0XNVv3k.SCSF5WbxdBqmatmCT4x4mqsrKK87
2013/06/28 23:50:54 jh10539LaCuWIASnI09ZXtYRNRcZ1bw6N5rlsZv5UdvcxbcKPN
Sun Dec 22 09:45:04   kD2unfl1gjYKYBAHpiuUnfh1bb5pX5
Sat Dec 23 08:35:10    UK1HpZH24e69Rh0HKH22p1v6tSccTDTH sq3HtzEyN1cJE.oeVNKgYOH4h5ic44koi3V2v0i4u
Wed Feb 15 19:04:06  vIo8IFIIkAhLRa0kOQu9pmUFTGuG8 74ryP4t2BeFRNln35TbBdrQOE2Dnsei lDl4mdlfLKgUPbQ1Eb.7
Fri Sep 03 17:47:49   q1OLS4jucAz70rQdd432QxqCEBL0v8PFpo.1yo.ao6vjykWCptfAFK85J0 dBnAzYzlBggk8d
Thu Jul 20 03:59:24  0.oLSNZyUL9v8gNmkU0ZnaeiysyzU6YXTRZx2PAaKOAzUddFbmrYLQu67ksRQAwamJ
Thu Aug 27 07:15:12  wLWQax34qUFwiCqCeKvEB4vMnXz0D7QGL7chffANiXZaaKYtLbUgG 
Thu Aug 09 03:31:10 vVbTj0tb5pV1rY2M1 
Fri Apr 26 23:26:13    Np 6A11c dXycQ8DZxsZWVosJINpTQQX EH6lXmeH2DJHO2aTO6cHt.sT.Q94SZHfyTTqooGFSp7KsJUP0iZ60
1991/11/05 08:58:46  J3eR69RXVfMpZdr1BG4X6vxFiqtP5rmOiYzFouwRoJwACVvCUtM1lFO9q0VlWeruAwbL.LJ
Wed Apr 20 16:34:43  TYtYghZaO1FwqJtgjylzpXA59FNVeE5c7
Fri Oct 13 03:53:10 RTuK0rby93uTj7HgMVv43Jwbd05TgNtz9NaxZCUs8z.509fVVTYEw40A cFJHbk2yP8YHVLyMi7m5m1Y kn8sqOWUtMG
Mon Oct 10 00:06:25   al2Rh16rE3h0Wr07d9Icfib7.H5n37ZF43TdLeA9qfqSMzzu
1997/05/02 21:49:30.699803     mx n77d8om..TC6YKPvpb1oDpj0GP6Sow5Gzex4cTtT9fVe6Qv706.qZZWNDz14PkmQhkfygQ0DImodLtVDARh
2019/06/22 14:17:49 0zfN5kmpNAXOLkm2o8kHtazORQ1uhhN
2022/03/25 00:05:20.13599   IULzUv5aC45Aj2HqzbraF
Mon Jun 19 05:56:02     nWfi3e52RPvDe08XKwedMG2I6STiM8kTWiMJjmwBANUPeipyum3aXeTOZLfT3CuIfK
1993/12/09 02:31:15.892370 396..SACGsZ5 6XiJI1AjCXP3e22FXL0EtRzqjv6S2Jfz3c0dOC3LLmecOuvf22xFiw2wZCnDj9SIw
2004/09/08 07:17:39   rnW7McCC IyeCkGA8ynbFlOZMKKNk5GZMMqgcaTpvbDYcYvr4D2mvMp0KSPsocrj6MsiOqzkr
Mon Feb 04 00:11:32    Ge7xwK5W2c23PSTI32l4gc45NS wVZbZUYn.
1994/03/19 08:45:04.162274 WrlWyG4oQDmrwtm91JrdHc fC6AGSXGI4DA
2021/08/11 21:11:54    4NPb.tEZOJBeBloFD8JzEaye3AL7923gsQty9GA6xHrpfTWTSgtwdT1FZPpqNwDmWaoZDi O41ML2guyG
2002/11/18 01:38:27   aToLeRwkXbVmBt9s3rdPoFOp0t7qJjmFXKz83gDBkXenWoJ0HYF7Zf2Ss2t
2000/12/28 01:12:29  1Hxs8vd Qsjp2GxV8LEV4LpxWZ2VYDbQT.mOFl00gghLcF1Z9gZ Hn
2019/11/02 03:07:12  HQyM3SxksJ6 Evldss5irPTQkYCVXlnAWXIKEhdAAUY7TFFEgrJkDC8N4j5Sp.o0uHm1bYedEQbxXR3WHK48m5JX5nxeR
2000/08/04 04:35:23.310947    q4dNZSLadKyUWn0H69NnXcq unzACwNHdZJHI5AVqH.7bd6x1l
2006/11/26 13:01:55.148333  kWwgSL7VoUbF87kFDcGfGBh
2021/09/09 17:48:05.546268   8k.MLQC8GfYLfI1meuloMP1KkNw3AED3bivdmpXaSzewoowYeZw.
1990/06/14 12:26:21.921506  iEggw24KMWyQflMd
2019/12/10 18:41:13   FwHdIgAwtfIDTYzL4n0.iZb3Tu 4xPmwUI70d2vzlxmFwRf6 rlxIGuMXdFDClEhRVhqGeGcBPxr
2011/01/27 14:31:15 4oqXWteBipehTmu6eYzopeuxakdHaQNxxYvTaWE07DQMcBLxZX
1998/06/11 08:49:25     cfc0Kvh opP2103jHiAMK
2022/05/18 01:34:02.301738     B91pYOA6VUOwphWb4tMuvRTsHacZpOAPstBkECIHaZ5VE r0SzUlpeAYEhETuZh2DhmS56KC79V1zD3pSlRdO3pC YU
2000/12/08 04:17:56.693180  .9o0iT559Vdni.mnq7sdTOnuyRVRufJXikogzWx5RRb4qt84cfi G
2015/06/05 15:16:13.362275  Y6zsdla7KQzYt8q 1OVwsHqjE7ZSk
Sun Mar 15 09:34:11   ukL4w7tcpblQxaCpGL14HxzCL1hd
Mon Jan 04 19:14:46 BcCKT9llUMqIR1
Wed Jun 13 03:47:44     JshKVtq313zQt88Y5idl5je0ou2AHKTaXLs1MI
2018/07/23 07:12:27.532377 qB6KgHn.FKkrTiizzliFg9ebZv
1992/11/11 04:00:22   TmljKSw5aanm61ZxEYvsLLYIb
1998/10/08 00:18:04 rR7CRAmdRswxOvV
Thu Jul 21 16:30:07 pEQVKuLo.O2qWFctxhD.0xTduBcFb8Sqh
2005/07/09 21:39:48    AAcxIR PUoqYeOIjoVgsK5CQAh0vMIXD.U0jttnh3UktL.4ifAi2 M1QVDmYEcMskGW6GOKgKdcTb37MZ6.uwQSIbQZCCerS
2000/04/13 22:52:43   950KT 1tDmUeXBl HqgieRkWHKujKROR7m7CLnrDMctBlYdhQlA9ytAvnW7coGCQgYafQeDtCy
Thu Oct 08 15:23:19    WZbQaONT.S2JvEXJn2OwI4g4KwlQOItBCY.8ILsZh240mXvRYkks7OiUX0Gu i5bqxNkZ7RNqQ1MQklHHpsPhAZ
2009/03/28 15:01:07.321554    QkIXGu2G4csa1iD4gS7 KiAyFJrxeSRK.p4kL3miOrkDDkqDveF4d2wS4bCN
Fri Apr 27 23:10:57    bVcKKURozEYXk.VjS4LFkqfCK8XfQz0WYF4FECXy.aCN6SOX8cXfQ3xN vxt7dW3uQTrXQj1jQmZeM97zCekhE1npa4nmq6ZWb
1995/04/02 13:31:41.638737 w7bUVxnisie5TF7IiiD JH5jBOanaLksQxhKtep2czgYI2xdiPQ8oFN0n6wqHuy7s7xHnSqY
Wed Jul 01 23:05:18 uUmc6n.RrPqvmWxDov7bXvb5aLuvMy4G2qIauCLCTKKAB0b.eEYJJyHjgnpFvs6UISEZCbDhQkKdJ2EeFYP.iJYIglwO08lfbnfB
Mon Jun 05 15:54:27   yWisLaE5T8RCJBXEvZVYEQm41MUJfwlAewLY
Wed May 11 22:34:25     3uQ4ivlg85hqCYtMLf03Ru2hzLllsGKnYRo
Mon Feb 10 08:38:27   xvROhlpmtIqzCFZMfXIOphQEnM7WdyoKm2XDAjy6nrcPnOpRCcLmrF0
2014/08/10 02:26:41     szCOUWxeSwLBWp4GnVjWEhLm2AREY87ZhdREU5OJHn2wjYiayra.dbyFhoqyvKMuZm2.j1AX
Sun Nov 13 19:41:49     DuU4hyIUBnqfoMAF8OM7UaYCxVvq3ujDFf4dwb4ovTExFl6eoJBa
Sat Aug 28 12:24:23   T0iLkw8vpMUYln0TY1GOWxpfAktGLBzxNZHoxmKhJPondVf MJdGxuaf8RTYiizJwNqd2TIMvON6mJ2Mp
Mon Oct 16 05:16:56    Avqm TszD4wzEhpNRRD8482qBEHMIODTn21KJm1TH7ydJb4LsTPVI59ODWuRReRd.rNrCzgGGWEYmgWFaVsISvEjbF8g 
Thu Mar 17 02:31:56    pr ZXHiCXFVMdHlmOTDPFH.2mZIFLNSxUaiGzVHH94qRfhEMShvvCpyuoEABqA9hm88NZJxJ48nHMu8L5sWAfVJF
Thu Dec 27 11:46:57  g6nMcE9ILq95LXyg3EkJAqevDyXaHs8UUZLL3JeSbCa.kk34lJqccvW5A6vkvBRwESDmB1UCgV2xKroTCawNEg4.wSIN2Q
1995/08/05 16:34:24.549547  cDbNqT0z7SIyYxaqA1nc.QrxhWFxwOIrxKfwIuIcrP.4aJK6zY903mHgAjA8wdD9pa35Q1HUQeu4CI.JBm
Sun Mar 12 23:50:41    FVqTcXHkAKw
2010/02/12 06:19:17.302146 UswbSqDdExu8cBbkv.ImBut9PTW.70mFqiIbzHtd9.WW yz5Z32QHFyS0uX7XspnZWxrw03zWMcGNCzNqJp3mdBVq
2005/05/28 05:01:35 nRgFL47vtuMoJ6plDSH3pXMU3bV3yXAH9AE.h1JH2ZIPU9A1nUt4JUONvjOWfqj
2002/12/10 15:23:10.691324 uKGEhjwxI6m1OK. 5ucH6i8nNuKAZNoEVL
1997/12/05 01:01:49.82893  ketVmfQs94xPS1whhV
2005/09/21 17:11:33  n2IiNIbB6glXuVkt.OrlAzq.XRm2WKwPNc5Cnr4TE7lAKT6USttvys44dwxrsweTDuWs
Thu Apr 14 22:34:32  J9usDx7cyPJmIL1SzqxUwYf5.stu2mGXfeuGUT7DX00s t5wlbmUu3tHtGsx6cOVuE.luC7eKj7o1 QolU
Sun Jun 28 05:18:41   2s663yXTaW4FnbpcRdHl
Tue Apr 25 02:26:17 ccUA9FAUVWo8fG7MUTCqJwVw9ZVABo qIRasgYTAflmpg6GsmqZ.AHA7aYz39Xa6AOli7EhaH70obGh2mTE 7ThTwVyVa.EMUN3
Thu Sep 20 16:06:33 pVNkp4Lu9q3uM1V0oEDL1mruXz9ZxMMF4OIQ.6b59RQ6a3FdXIK3RLW4.ocHguvvlhcThK6mU8MSD0RwxysIR.OxypfvW
1991/07/24 18:19:03.255559     eS8Uz1ov7jF2jWHIItRCqtRTYs1XsMJrqT.DlwukyhwocIrnDV68sGKFX6C7805SvNyrRhc
1997/05/28 19:45:19  Yjloo jEeFLttzY5JYyFqDWzM1WrQ29AUZiSK.YI
Wed Jan 16 11:15:51   6Si2HprNzKzfjlmTCzPK4FmIZkyUgyRnI2UKBMsKyR86sNZMQ ymYzsOBv6obN5 4
Thu Aug 17 05:45:26   lB94VVK0Mrh
2004/12/04 01:37:05.730493  CLSSHTLNlgRlBlgbMdXQ4Rkl1HVjQlSqGM2mNL4m9rr9
Wed Dec 01 12:14:30 Q4Qr5N5i L8ZFRIvEDhmq7nWcDAtvHHVAoireX8DFPY1z9f3OLAt3ma6wOWGZ5z7
Fri May 19 17:32:30  5TZ5Dtj8cFHBOP7UP4IoRxpyGXN8B6HnlZzjuFyW.aVJLUKYPBvAoVcTrQeyin
2001/06/04 10:44:48    ScU8IpPGxxBoIILyVglF2UVVDPDAC wy4wfyXFO9tSXP05fScA80L68O1zxDNKMu2KTKAZf3Sfja
Sat Jan 25 15:34:49     J9cKzA6BsvPcVo
1992/02/26 17:44:04 ULw8Jdlu7Xs7zIFzW4Rwd VNLkihI7aW
Sat Feb 16 21:37:40 jiXNlWMlhniSxriMXNGb6PSbdB4ssZJB24F8lmAKNlwwF
Thu Nov 08 05:11:18  UxYM3u0j9eS4h.x90OsTU6H7Jh4SY0tYkM q
Wed Jun 23 18:28:07     Rwhr3rxh1oDK6.592CGVBR9KSS9QvsAzJcSMlIu rZSrzyUF13FLoa
Sun Jun 13 16:34:06     IxnJ8VlWfEQvEWpqtJvFQS
2010/07/09 23:50:40    Bk3k4LfDRvUYRjyqbym8VIOXPePZDRzIhuiJ WHSK7vQCRLaoQd2V48ESjsWr6Eh8LDOqvZcRftbErNv
Fri May 12 21:30:43  cxpLrhUeAbOlJBg6AyOCYNHfWCk2YfQ9lv2D
2020/06/08 17:24:55.777074 vgPiOybCZdQPFR7RR.lF4jXKJ4Rpfg0FzG3pfMAnixml6P
2012/07/02 18:31:49.489616     3Pq.daxUGbU4h.CrqoS8vd3R WhzATb3oM5SY6cDsxUO
1995/02/02 14:00:05.386768     4kIiYkiDTsu.7VmJl9uOmpJxmifS0fdViumxI5pakh VRNAnfdYCXMYOTKAhgUqV9jYI3DiOF.RjluXL4yi.ooHhq9fxlqsom2w
Mon Jul 18 11:59:51   3uIcI9sSlulbx GAvFBgqkNjfFfQ .gcsubaYb.s V7leBpvdzALgxxYU cqB
2019/05/12 11:45:49.868085  FfA2rZNQgC7BjOa
2001/09/02 23:22:44    XVqFjhFYWkfu3ee41xyrHKzD.
Sat Jan 21 20:49:51    UmReyP1Zm2GNGewc8w YPIENl0.gqjcZSPESsny4V6wHGftkHD1aghQEz21OmLbDoSf03LU Es oo9LCB2BIuxeLxa
Wed May 21 04:56:03 sZp8VpaCzgzQL3ITNdU3OoSR5ND2t5yHfMTOQJog 4sZxJPLLMbdW KTHRciYfEKx
Sat Oct 08 17:52:26     PUYGTZtfmXcjePzLnBpThkMn2tdanBpbih6dHz
2000/04/09 14:30:19.93640 8MxKWgqy0u8iOYVotdtDncd9cDheBqcanvbmNdX7 GFD4qZrfJCGCD5zmsuo4t03hviR18iODb2YY d
1990/01/15 06:24:12 8Wet8PraIrcfqhMepFo.ySKp.ERIMVd
2007/02/14 15:32:02.400323   e1j2BHR01LQa8M0J2TV1of
Mon Dec 25 02:39:28  kZ0ANldUZjloDcVGinpYyfsfAf32htRttZhgDbXer5Oh qr.Gop8VTA1NsRDWvT
2011/01/26 10:41:40.17636     9OsaEkfQ8KiOf3mYwctU0UNLl6SngbOZAqVYs7QHSaaJWCPim8JXKnsiyeG4TF3mrG2iPfvk2U0mGVSX6VM 
Tue Jun 23 10:11:11  rAskspbIa150sTR1BDANkYaHdMBSTK39u0x.Q8Y6mCqllH40Az6heuM75.axoxC8YOwfC1
Thu Feb 01 03:19:52    Mpg8SDUjz3ZfpXXWGsGPU9p4G3RBry8qjXCmLFY6ApEJZc9ZBZKVvOD1 Og5bBNxtc1wGIuQLSoVbg1ICHNOYzBGdMYnghXFl
2010/03/12 14:14:04    3EC9tUE7orrY0kxuDHEZU3RWhvxBw01ou6qOc wohGOOk7fzl.c1j8FO82MfsnHk2XFFRitUa3GfGVitXzbgJhL13mAMitHU
Tue Jul 15 04:41:03  adWCKzKNqmIhTOq6ThoA66Yk.T3sYN02b 5yyLDf sEWievtYS94Fcz5NFlVCX8D8er4jNQ
Mon Jul 15 09:52:46     JbX4d3FmLjPJU.OnaGh5CE84PG.RcwQ9vsvUQPSysQNPJ94c4VVH3Rqd8LMIC4AYZTdSLEDZ8eLBe8B6NeWS 
Wed Dec 28 08:15:37  CjqKCMl jifwR4GJ 2TZHQgl6aLR8
Sun Mar 15 06:13:13   t6PeItbot0GiqVrDr84MiJOIZxmoxS1j5J EgRL
Fri Feb 10 01:42:13     SYWx3LVMWsXFlVAETqyslhVOtC
Mon Jan 23 13:56:22 jOPgbc4G.a2PLQ0rwJrUtpzSXl7MW1.DYWiic
Mon Jul 23 09:13:12     6 gZuE3op4at1fQqhk7 1QvgPAG5w8.K492rMtvQSIAhwkUKzyb4EzrvHhVqkkVCiMEOj7EihMLD4jKmKVXiaCfWN4C.
Wed Sep 20 17:02:55  XT52dYJz5X2J6DCe9MO
2001/10/21 05:16:52     FakEaWYtWYu6XEx4.auifvXkJra 4dZ9WsopOry3w.VUp
2001/09/14 12:22:29.293398 5M1m23vB5h4s1sfwhJZfLFGG3urkXUA31zbg.PUv1OBDG0nmXSt5auGgR56xaz4b301GVMGbuQSzDNkCwZUYvND1E
2001/10/01 16:44:08.800657    542c67QFxol9uBowjClJYwYXZjDcbkn.db4gwplBpnWjjPoCcntt
1991/08/12 04:23:03  VIZQD0T95navsBOdXYPqOtI 7jC7Ajhio2S4RLADWs23T0n
Fri Feb 26 21:38:04     eo.1wFhqTIg05myjlEf.qhV4Esbd1PH6ufBRJ4yIxj8W4jVPw9esM3CYXrbEdXhuMOs2RbVP8 lbK.a2qoB8LyWanLCZoAJECzF
1992/05/26 01:29:54.834858  vyefHjVx5ZsWHLgB4
2012/08/19 19:39:41.123236   Y0UzCkJ6.TUtps1cCIsAUVO5PyzIe67GBf3aatp6caG5ikMXpR
2009/02/23 16:53:37.314945    jsGW7xsd DNrdsx h7KgS9BQDQVjR9tzFSDiuOaAfwMJsypGA3zOQuk6o5Uat7YI K0T9a4ObGeTNwu0irASjXq71sW6g06AC
Wed Mar 02 13:19:25 0i9cXA 1WZ.
2001/04/12 23:56:14 Ru5kTkhd2 V1ZumtuqOL87UGtAdGANedyl
Sun Sep 10 15:34:07  GQ70f2vtzU3ub9AJFI98pLLA42AUeUQjqY.b4MTRA7eW.f5wX6OliqxaYa3Bbp71BwnpyYH98DChGQt
2013/09/07 20:14:24.347263    zS89dvGHTn9zH9I9iU7BWsKExZG. JmvXCoIEQG
2000/12/07 00:52:29 PoprQqjOpVZwmN9B9JnhPTMLvbws53qpldm5vAgqDFO.s8QlkFhWMlZFZ7xPAS7Trlo9SkKIkMSmq5zR
Tue Jul 04 12:53:15   lX4uq9JX1gjH HsAXezf3LToMFO3ISRaMQpOjl8kJrqIEJcJuBEM1vp0pBQciZceVS1G25eNeQ0onEIh0
2009/12/24 13:37:42.988459  rGxiTicPjtMcJ0T9UPG8XlouQKddwUtzjFWGaUYf.mViwRLHLa5qY.vyOwEkngES.ik TPj1HSkKRCzBVAKtG8v
Wed Oct 01 16:42:55 tgKOddcJTH.cIsO ZZQEnX8BBVDkQJXTpaGBdEyclYdnIcrR0jj50Zdk4FFmkYI441dZDM2mUGSH
2022/05/14 01:50:55.585966  gAqX.ENzJkdDnhGI
2019/03/06 13:43:00.193156  EmiEXCZ5HE28SsJX.iVDBGUXaHs2CYR 7kxF7w6Zh9pUfuTLhxE2PZpPOq4zEZW
Sat Dec 27 19:24:02 FUEhpTpXh3Srkq0Rx6rYSjkZLPAUnz x.J0 N4STZT8Ut9HHBOymINHudY8m663MzNyTtP1lh2PGfuJPqZniX9XT.mR4lb
Thu Jun 28 15:11:22 4wiuGhpxcn2GdxK8op.I4WbFMFZMZzVCX6i1bJLmlGXm1 VYZJuj9QxJdVYC8nmXGF 8
2013/05/01 08:20:15     .eQHOYpaR5JSFml7vz1bsnDKCFcrlPvLdQyBsfbzGIkLJ dnvxWq
Sat Jul 12 17:30:08   .tz6bhP8OfzG2gqbH8MoOqhjGADm2CUxscd6GbbxQPtjctqHb3m8Tu8QqfOuoILePkjS5HoN8u1JiDYFYt
2019/12/27 11:52:26.728130   sN.JmE8XFSoszMq9ww xcIIir6hDYXYw41nZaRtF9NcjNSjWT4StmQLOL2wVnmffWf.
2022/06/16 19:46:07.137025    7NPhtcI1HVS
Sun Oct 07 19:58:06  P8wV0jNUJXTZ Y9bOwBo8hXbgZ1kLTXBnBwOjzvY8YTS2lYMy9QdhxhIMD
2004/08/19 04:00:52.494529   LaJzIJ5tx0VQ5MoxC90y8fXlZyXf6Ep8rW
1994/09/23 09:32:39   8RcthRv6SjsFguJR8UgbntL16BnknswiRj4HI2eFUmWru7jGoJelq89zEI.hYCCTSz8kiQY3Sr6gVZzDy
2006/12/09 03:50:37.448566    SO21k.GukELCoGuiyG6KMk7elJC4YxKsKpUI Emo sZzAePa61uYY7GpQCJ1pgHekbnBVe
Fri Nov 05 19:10:58    zAGYrgYyiqwIDS S BvXrKMIcwoa4VMRvcLDRN6j.a3qegpzqMHPlG
1997/12/10 19:38:11.950390  gdbpqfT0Kd0.Vq2HxsqienQayKKyAH 2qbEkg5JhriRxNUKZ0K2jvb6zdA
Thu Oct 04 11:26:59     XQcldL g82DrJUMgs4S00xrP8Be.O8A1yskSFKAWNEwrKXLSlnIBvXhoKUD 6pztMPiYtrjpdyqVbO9SgyH3wl gqL8vmXYkb9
Mon May 22 12:56:16    crTaO.tIvINg3wX61Kx1QMNejqbWOHWkBZ7y82wk5AcvWCY0m2a85T9Z
Sat Aug 20 01:34:46     BhV5A4UEtSVViWLa7mvy mIJ4V2Yx
2012/03/10 00:09:38     TiH.vQTH3MXjM tdJzneb3tp6yYhxVicOQZC1i465F7J
Sun Jun 02 20:38:06    LkydKptNcUhVC7MrJQCxuBPKanDz.a8NlaWKwLG87TSTbioTPsFueHap1MoK4
Fri Nov 21 22:44:20    YSLVZh65tlwsCJmJsGTzm.lvCCTP6CJpW6U4JGA5e4jemlnbp1 MMtVpZ5hh.H9z
1996/01/02 23:11:14.374746 pW8X a5U2WK6KX0YPSgWvmSnPbooUXARWSIlN
2015/02/16 12:30:56.636844 liljnA8Zifut5.Ks4KSgdvGCn5cqmyOKrIkF9q0X5KRD7QejdC
Sat Oct 13 14:09:43  uubSRK1dNP8aEhqpoPjK31V9izqqR8
Sat May 04 04:33:40    onTD1BxEeuIymy1H.BUL4ae Gi2rzvERljf0
2012/11/15 03:15:34.462688  EmhtugTKxcCMr
Tue Jul 10 13:48:24  R66E6lToYI bxT1zeqyh61vKEsa4amNv0IS9wftx4P6dvM5mzfrnEw33lGwC84FakvYxWg2d14huL
2004/02/17 08:33:45  A102HVD1VWSFW1gB3wT3EmL7l0Zq1ZdQy.OVqgKN1e3
2011/01/24 19:05:21.19580 8rWZnYLiTTc64YsdHvlLkdSkWoz2XYYNLwFeLkyx1vQKOoVYygJLM 6SnIKVPLaJqJ.q4Iw2m7FISN3p.n
Tue Jun 10 06:07:01   r96JsEJEzrIjvrdp6mCHlhj4gutC5bI49C 3B 1SMr8eCSBFpjrPOWyl.4ks4k9x.74yM.LkMAa4zZ.BRGSYG
Sat Jun 25 15:11:48   CKNM9166F9gRD6eC4IfI1PNVpIjF .7WCIQIAUI4WLd7XkSp7ngCqZXFUYgQNRHsW lbJZdh86UgabDnesFxaUyztkbdr2UJqD
Mon Jan 06 23:29:34   knXPO0Wd6BT8CMqB5JZ6SEgT5e1uLkgykCHuZOSetS6c q
2000/05/19 15:11:33.747729    jIPZ36Qiuu5XJNyCJWyAHax2siZaMBQU
1990/06/09 16:39:59.197253    RwRFFZop8O0t0vBF2dJotE.E.8ojOPDLaeI0wgODIW3EwSs
1992/12/09 00:03:23   uw4jH78GPCwVMH7Z.MPKIK QJKVsNiiFTe84B6AtWfpEPeH7doXr6Y1dyCHHicp
2007/04/11 17:00:31     fZAARmC4lDjoWL0skpbhCrQfh.yFp8fV9pZc3hWnaZjHuR6aereRdSC3Xgg1Bc8aMkWQiRXl3d.wbu1X71DyJJ1yZ7nvR
Fri Aug 14 19:33:58     rBbgOe0bWPE1Yf5pqSyFDZdC4LMrLz6ywXd8fYTCjC7vSLXzS79haJmqOu
Thu Nov 03 12:06:45 epiRiyNNMansAOB6HMB99UcI9Szb9frP3XqspgtuuCwlXB2JtIV2mLlfTE9lejzU.RovuOr
Thu May 04 00:01:26  0hFcuowSG8UivJOQfja7GHbqPA0SrMEeUc6dtXlEk
Sun Dec 21 16:06:36  rK iUIAXhUXMyACN0rq5xt0r.DcB 7OjYAmvbSkOdL8P2KHYwQiKIozHvU3piuxAcgwBbY8HsGxRomZqZv0SXf8
Fri Mar 22 07:09:27   LUMzrS5ZE25UUvGcxpVmN6kRnTfLQeT80 fOnj2KGbIiQNKTUG7n0uBc1HbPP1cO6kb9NsFYPntMoa.C9yXPRaCYqYnYP3vQvx
2006/01/13 14:09:54.281670   dBbYHkCvd2403ELTqCq8
Sun Jan 27 03:30:11 U1rJfccAweK3FbgdbV3D52Ib6ZCeJlL8.fvAa6.xA
Wed May 07 21:43:56  iVeqmJEmeJ70RHe uhNmiKOtEeLyYuDTBmcvM8XU0vc4jMZvjiRnpQvGO0 K4yuWaWx7Y CPwuQMxGk
1997/11/04 04:47:02     52VSg2FcLBN5BKKQdRe1H5NeakXPM1Q9p0QzLnmT3ATCDJ4ovUCl24idX5VCTQT3KvL L3ZKIeG 0z7w0.uC4sYbapBMn5
2018/03/18 00:21:19.213681   rPFlXiIRltRjqbOa3ekZiCq4EbKTLkKMO4JO8QbTfDyPcvNEja8aZ.TGb
Thu May 24 17:37:27   2UJo4DdRsrUAviPWYg.Pl00iYulIEttawHYnqL4USRpNzYdmCqH5m.4ytBtYzdfMpv 3c0hvRA8YdodOskAdzbM.gRa
1994/08/16 16:39:12.652395    eYl 7plZejDKQI4
1998/08/25 01:44:26   f7W31YuAZI3JIvdR7gPw9mXG7AHfq
Sat Apr 09 03:23:23   QH7iJ95Ifp0DBPNd20VZLCpk4B
2008/12/04 15:10:10 kc9ACNxY1K4thcKLTtwHQBqb47.KcEvYy4kg5PJGelqBCCm71Z3J9J9ZkndL6b9Gy28np7Ou8hjE7gGuvkVK5tPVaO6R
Sun Apr 05 11:32:05     ZEfPwL k3oFjsXokQNQlk
Sun Apr 19 12:53:37   SmDaQy8cIo
Thu May 27 06:30:38  wCuIDnC BORdoJ9e0 cy0sLPxfHdESwdL7sk50zaQ0.NLQsOYc1pqDpZerVGwS6FhkHGvMEXboU1bLsAmJ1pWjzltzvGTSpal4n
2020/12/13 20:59:34   vBSNNmw 89pEhCF
2016/10/07 08:49:10.898027  k4iecObM8mbnWEK6oUuHevdggrc5E6aZ46ewNj3HDrq9flg
2004/11/23 20:06:51     enxTtcMqwkEZznudWl0Mq2gnnIWPEjJrPWLR3WgtTU6SpLc  tOHBalhrTNVFP4dseCtm0VdQSrhZT4
Sun Oct 28 12:13:49  pGUty6v2C5EDecLdI.SXv1f63BuvebTOHfcrM2UuVYEg
Fri Mar 20 20:19:47 2ehPOQ6jx2sE6bI2AjvfTpRQPRBEmracbPk1wGdkw2Kh7kLlzOKFKis
Fri Aug 05 15:57:49  YqSBgiyueODQfQcbm1gwTjorHXe0BwdnBmhJmiSdU9SRrpfSZU41MxXry2FxS84zZ30oWhMomwx87sh.NKlPl
Sat Jun 11 14:33:08     CE0QniXNYxLj2GtYCu1mUlHeTnZOa3lmpkHojyyZ5q7Rcg8QL3HEhepcG.S8N68K8e98FktDJ7Njrrd0uHra7K3TckZ0Uj6iB
Sat Jul 07 20:45:46 lKEVbxGnzcSr in2m4ma1D0aUTcfHmI 8FAhf
2001/10/25 12:47:37.233607   ODc nhzr0jiW1QGjst2vzkZdUjVKOdUGet3XA4hUGQW0x lFN O45rrBGrzfkxejuC
2011/12/09 05:15:44.881410   FjBKMpq8ZIDMhZmomQTtjOD4OtWyrmg
Tue May 22 02:00:07   mYkTjeDN8Vb36vMLDEI8NWaOGrOrLKlPVno9atEcMuyay DqSp9nns0j1I89ZTU jWTn8oTvPos
2008/08/03 01:30:37  UAV547VlGItuXwq4Bk7VaRkgScoiK0OWxCf1ZWFzIFkioLGe5nd5fg946BXMhD9WAG 8t9kPHfVT2dMRi0M4X.K7
Sun Apr 26 12:21:36    g7UmAMEtdACW11vzkgNK7 3cmKtpQu5ju1w.dZ9ZApCUfQXggI NB51B4zQr5p 3DNztTVjc
Fri Aug 15 22:54:33   6gdWNomG52fBljmtu4TmvVZN1feLbZjhqrLmTXr
2002/02/26 16:36:15.270335  .Y6 mHmshrLgsZ5ad8wUuxvCfFyf5uGbkyxCU2STVGNW10o84l8Lm
Fri Apr 05 04:01:13     7g6 gmg1ozccux8MIMJnk9xgfJGF4HWH.N
2008/03/17 10:34:03.899489    XnNTvL0i9TQIsgn5Pyf3KgXEnMbL.LeFRYqk.Hw8M
1994/06/11 05:13:14.379610    i9c85HAZF5D2b.NpFJRsvyJ.HARgloQ4hFyAr1I A4 
2000/04/02 11:07:51.709383   SLAWZCdJZtVGwtay3lS1RHzg5pe.aFHtR
2002/09/27 05:26:11    k82diJ2dad P6ge2g3gvd6fr 6VCzYuCJS6hduCNsJ
Mon Sep 19 17:50:32    WFE5S7N3zi7yhBVtykzxVehTlPBggaJNJaidysnoQKv8u7mhT9d3RBbc 8JGGcvowpMl1
2013/10/06 01:13:42.723140  9a cxGsTmRdNIhbojNXvzU4KbWqdq0a8wYBuVp8l 
1997/12/13 11:35:30   Dyz CrxW3Y JFF7gFCc
2013/06/08 01:18:51.697720  pj0APg7mWrL1MyBG7X3B5K cZoNkXm3C
2016/04/13 01:01:05.347019  C4s7yHguL9Wr0bxeq. Q9trsRatQ6 8Kg7c9XGGUyjBLZ8nxs3GrCGbF8kaz3Xe.mDj0m3QgTPhtJJyehifXFy1Yicn
2010/03/14 09:08:40    GJqu Th1nt23IgVOS.cMGUA39JL6FLeQzf3UxB8yuYqs5y lPFDxu3eRsHeCqm24L
Sun Apr 17 16:28:15    6nLGItLAg6vVbX0YYiBXFwNudVOjZsGddh1zwgwC d1dE078CDQPmlYuAmsc
1999/05/09 07:10:22     je6BgjK6QQlqaQ0wQIFF
Thu Dec 03 12:57:43 NB0QV34xBlh3esAeW68J5gpmFFyK.rWZdp X7ldoeWzUYQd vUMfGujqTKze4q2i0CWXOOMmnCdRwC6Ax214oNRfeGvtf3SEpl
2015/10/10 22:52:14.232590  9JKX8FKV edDywdPtWTrukeRgfrg321M8r4RQZhH6hyKwnS7acd.rbcFHjAkPjslMZCeic6LjXFyWDTAjGGC7e6VghvgaQls01ZP
2007/02/09 19:54:42    ONyP7dseH2jm33mwu vdFS.Fb.f1dkVv5MDYHhnPtmBMJRPsw2M0kW4QNu9ngGb8PcqFwlvmQIenObJgKUtL7NhFg5EUrXcaBV
Fri Sep 23 03:40:20  KmGOddUwuA7tTQjEsgWIjMc6bCWgvoAgMRND4dqCeH8RBoh0AcHXmfxsqFE5qOZWUkdvEFYyBSZeKfU2XCrhYHKgwUx
2002/04/04 00:58:01  q2FjilwLRzyqqjSrOS
2002/02/11 20:22:04  P3ZrlkVMtuyIhvR2 c5Yf7k6i3fTViRRpbliolvUWY
Thu Jun 19 06:29:40     5ZSRhuv1Bfqil uJX8tBVaAl.LOpwo.9u3brrjmPA yBg.wva
Sun Dec 11 05:37:50     CPkHZdKiYiwhoQnOcRJZwCAT24oFfvVVOOgXAs7MxOdSPDAEUKD3MLmKXJxtq1snFpxyadg0
Wed Jun 11 19:42:39    PZdTNCULgk 6CyMcm94T8DEmhv1ZAgsep0.JUefb 
1993/10/02 05:13:21   mq6n36w0fBk.S
2014/03/10 12:39:41.243661  BcPaG2taRdp.653nZfFcypFUBWN6v5aD916kNE6w2bMGoK eIyxmt9hFr.N1iT1ygHA1ib3cO7vxvahO5
2011/02/21 16:36:03.134148     HcCqCg8WwtxAu
Wed Feb 02 20:29:39 mVnh8apH8LHumW8SEsWIWokRtf2wo3rWnBw9EJaH6MyOe.2Wjvq3wGUZI8vrtX.bDZaWnCKpj7ZgMx3
2005/02/19 10:13:32.305777  TqFP2WQBh4GHT0Y7lsoNIdR5g3O4cMMs4o5L
1990/09/06 05:29:22.209637   irOPnGTLSLzw8jCnDhOoYX7YqY23.TtW9Edw7ArQdGGDXkaigDTvhmENTHEsEt0yKgWoZLGWsj1rV5I
Thu Apr 07 13:05:11  VWZXgosvqtKi5BSzTHAwDb
2006/08/21 07:53:52.153048   6Nae8wMaHoLGINSUPmYFW5j k2pI2OcXBkQh8qrVqf
Fri Oct 07 17:00:00  r1rhcOw4KfaQ MPP4YPsiYhZ64YRpbaMxexpTtVZqMpESUPBPzXNiz BTt7OXxs6MtWviwc6TXu6Ey
Sat May 03 12:11:53   Wha6DlxAzDcnk
1992/03/01 05:47:10.953866 TM5oLq.UHHr0 rtYngoJb
1997/08/25 21:42:16.148500 JZ9BzRLOmqq0zIo7
1990/04/12 00:02:50    UL0mzssrMs05djwNYF9TA ZRTbjggGZQzXgOYRXtfCI
2008/03/12 12:58:24.652340  Xf QuymLa5z.vG3HvhVHuUe26.mdm1MkklHwa9hkgM46AgBi0ZNTG520UdnUwEcipG7WTz8Z1
Sat Mar 17 19:29:00 yxx1Dd1p5noMCS09BpBSaUjqCMFGqin.3bJ1j9NKi15frNtw5E4R0HJ2OfIO
2005/11/21 11:39:36 8mq0ilRrFJ9U3I1EaPx4 aLCvDaSbX2.WKBEwNRZPbxZIivmByckjb
Thu Jun 19 20:14:09    44NM0HwxKJ0Bc3gdFij3i.RpDy6017dg1ezMF4J4LA.EaQcHeb31 faVLI3P0IYzna xcsR7A.pBE1jKICBLRuYmALmHOKFmt
2000/01/21 17:43:56.793803  k31v.hTIMOILiHohg0BD9VN6l4.O. 9GhNYEvnmCkJIHEy6LqKygBxR9rO7h
1990/12/13 00:49:09.81274 jZbGzIOXLKR81Cwf LvSjlf9qQGmcYLU8p3nVIr9O L2pEECZhYcH2lcf21oJeMiDMHqXXchHRFh11q2
Sun Jan 20 07:35:20 hIuJvr1F4RB0r4Yu27PHmAGdE X0tXxbyljyZyMwUJl8RUvhLeFBB.zHFhDv4nxbQf
2014/01/18 07:00:43     CRjnPbXdb5LaahalIoeOAUYp8FqaKhpBwewbeeYDFsFzh
Thu Jan 16 14:12:50   7BRhypoNY2ru6uY25WKvI6hzhAvw02gVfk6898
1998/06/20 13:15:32  7lHbgsp1ctVadktYIG0FSkxQue3sEd9jBrDZJuCC4218nsBt5jN49NFqtQPDXzG64Srrrpf.3esQac7emEXRyMpUfEMOIIaet
Wed Dec 17 19:29:33    r25UafIwnmkyPPjwPjYqQbIDKIbiNWvKz4YiV7RJWgyPzqh6EHap.Z 83WzRas3oWZlX
Wed Feb 12 16:59:48  rJ509bLjl.ni2BgzTxEOgdbm
Sun Dec 20 08:14:52    4molCsUsldhrN6Nb6pnED5
1995/08/21 14:52:56.631390 JqHztK.Nwp1Ss6hV 2gbR2RtN5N3wkOr.234M6sEJXxtn.bOlxm4Y4lluxn3LWvQpYtsSTmlCbz koCRHO PhD.up2QpAbzqQfSE
Wed Jun 17 03:29:16  Qtve6IBR1fWA5lNUwIcy6s2.F0BVrgprTi6cyuXaR HzoxRhoPyTkDfN
Sat Nov 11 22:39:50    QHuoQeitN7832W8oqeRNNUnPrFQR.zs qF 8XL5YQhZNh3
2015/03/08 05:27:28     lgMk6R26phoOvY2A4xycNpxtCQhxKu4B4g76pWTfT
Sat Mar 18 08:41:28    KIMH9ZURkIa1dM6VA5il4rjj5O8qUcx87ra 0UxGcBQ7iy7t7oSUYStp70DJB6nX2gxEZbhwwFTBTb9gJcKqZBU4jb1v7oif5xL
Sat Nov 13 15:28:14  TZLV9EBXHUCK5TDsOkFMApghiQd2wkuX2N4tlgDYACWl.RvV
Thu Jan 10 05:47:48     rGv.uAkt1y0lwusS4E11fAn0SbaBYBoXSI1vGxmZWIXKfcIz.X5bE1D3WaJpGrbhYuqtS2kBjubcnNe2yfpwGBhCN3dwbD49wH
1997/09/02 13:11:56    BNvh592iTltYQA.flRNy5mccud9GUv5ZHEeYKBeJywHF9TzsFaCtTvvkmMhHyT.R
Sat Feb 10 20:32:57 2t ju4.lxxYQnRC5oCbq3KPccNh73PRYTuuuFnM1xSeOMcy7QX2C11vu9mAPWaRSYz.wO2mp5jctLct9 kzfuF1Kaf2tHbJZv
2001/02/23 13:41:20.708359   YEWCgJtt5sFWhYkdAB3TGUYKCwNZzg0gAbGnLte.S0Q1f0 e5kheHwzUX5HRW.F062C01 E28s 0YO40YemcpR
2005/10/22 06:54:51     f6RZWMahxYCvButF293CVGjFkWKoizUP298ih
Wed Jan 27 08:48:47   993gSsvd06xEAu6ed0BN7IJSPb74n1g1JyDkhJfLixkib4Z
Tue Mar 06 18:21:49     FleT9ExEmicN5i9.O0CIE0.YpAt7pvDV0BagxE0jQ4Uf .
2003/10/13 16:13:07.115618   I Ecwgo5r9eLLrY4j6oFE58ypYjz3AZ1mOgMrHZ9b6WXPY1RtEr3H8rrm8wZ54fWBG7QIeeM1g82HUfQdDcVOmAq9uUU
2009/07/02 21:15:47  yFCJ.WdJ3x1f0vanGIhPoCLPidKzGi
2010/08/05 07:40:22     .pmp5 QhMdk
2009/10/07 01:54:25  0PMevPLNnZPJTyYrhrGKmaiQbb
2016/08/27 01:23:17.626107 kr.pY1wAqNk7x85bGkIchvWfP1Bn2R 1xJHIGJbCcpMPHxT5
2001/02/20 06:11:46    MY2KiVjC5Iw1jehs8edvcx6u1WBHOn bGq4hpn7uaGqv
2021/04/13 17:45:10 sMuX5xVYvxpwYKm0AdF66sgDU8RnPm1
2013/07/26 22:15:57    G EiG l4Y314ubaY1V3vkwYn5 X4SUDtItmXWgVGWW uewvzlw4Ugu4io6UA9qVMW FvHcG wkIye
2009/04/07 20:41:28    UwOjIS.7SsOuyVtbwrnLjQaMWmRcDwXyuDhdIhhPvjeeZdFixqoaeJhPfx5TGZGXWQR0fdzlxrVi BvK7hb LAb
Wed Jun 24 20:51:49   9zaUtJVFvMcw1Y95ofHkvAIaVu7g7fs msr5u1DDElqCm2cPNw2VDei
Sat May 03 18:21:01    eWMCw4dWynPgCteO2Y0BDkvRV E7RQN4zM9szvgrx4NviXQes1.cq0c2L
2010/03/18 15:14:05.478624     7kzgBjPULItircwfif4IldDcWXpr1k4OwCGDVFeSyTkVN6 D 8wbvot9tLp20m286iZscy
1994/02/27 20:14:08.723599   FNMWTCwE9OgcqEI7w vQoFmavtxLngKrcSU0fz98.WK mLb.4EE64xuNygjCGzIjrFHF X.fAha
Mon Mar 19 03:35:31    chqURurKihocGNsXN9EOPp
Sat Jul 16 05:13:34   t7b0XyOwIaUyDrQ5aihuq3GX5nVLD6UfJ9WS RWK3F4E
Tue May 27 12:05:00     69IeuiboV1SGrGWxNlJKUlp2hjrolo2DFnvr1OZGcHOPl.0EdKVmnorxjPKsZv3p55a2FxhSI8 xbWKYC2vjygV6InC
1995/02/09 02:51:34.137459 LtzTXDkCcHcG2OSsVUftBothEolqWR5orTjIQUXPGb6rGyARmUyibnFm5 FldJ8mPX.i o2E RgJUvtvS17Zo9otZJUFvPoOKr
Sun Oct 19 00:53:22 Ign0GoUeKaIuuyPw57EkC
2014/03/24 20:05:19.833830 nCDm4hBAdLY1 9pxc nK
Tue Dec 27 06:35:57 TfRK.hgiTeZeadlf2cDhklubYNZnmXlt7XMfhEf131kaiWnXiDNlmjX
Sun Jul 20 03:27:47 10p eWJXxnfr9PL2k
Wed Apr 23 21:06:00     YB.855OWv9IzZBoEo5QKo7gppl5L7rFd2tJLFWXOXkFfni7fY7auLhQPE h
2006/03/03 04:28:20    WM5TFJyTFaocEeaGT.LUCJ2xJ5N6oYmW b5Lb9c7FcVU.EkijeTCgsryFmQhTFbmIVG0BSbCE2w
2022/01/24 05:22:21.864199 fJ9DAtyGanaOeMCHZR8027muj4cfTp7oSpyHiz1
1992/11/28 06:37:22    jfhE4JqpbvG3B38vp7B6z82gBRYLTqdCx8cvFk5WqSYfqBVbJ ArczvkO2JdCAWQl7ABh5
1998/04/07 07:07:09.870216  tO6cziIf WVOAv 0u7iaaNPxPr.lN7YNvQmS4Ya8WXXSBn4qu0nSnJU5wt RQZEYH4MsCC0Ocnll.NrY58
2013/01/16 22:25:33  aSHicuc5jDzF 4D71 f
Sat May 27 23:06:12  5htvSxIl8SsofsmcuSeL8AuTichqyvbXn02WD.N uot66dMQ7M48XMfQxx11GS6lT2CTu.olA68ovlswR4gFJIalbcJ5
2016/02/01 23:33:56.190680     yYXHrjA12AyCo25zrMu0ifVjigmtz3OBezCfe WWSp
2014/12/06 00:44:00.509999   .EUgqQJ4nQ1th
Mon Jan 01 07:03:31 3m59WbEo3 CT71QbJ.l1EIGEcWXs2vGPcWYy9Xf.JvTprE97
1995/09/05 10:10:18     jrlUfIjJ31EfamtUqXH T1Ex3Fd.zIfaL.r89wO4BX5fkpDQpYD6XAOTiA9CZlA9.j
2017/05/07 07:43:13.311526  nceBTY8WMWewML
Tue Nov 07 14:49:01    BDRJophmiH0 oLWyXNe Ncy.wonXPpkfG1Dh1EhyvPpFowji5XZf5gKmMF9xY3S6cWV AfWcN41tdqZQxPwN7h
1997/04/07 13:55:09  3bILqcA ErOD85 7LPVxb5WCEoHazLePBTDwEK6iiGf6olthFHU9rr3YvPP
Fri Jul 26 21:02:49   2Bpu6J nNi9k9 Rm
1994/02/11 12:54:12.497198 YAr0NMsqUkIvI5pxrVr5ltRedB6G2osLGO6zpp6FzurITaeaqG
2005/12/09 01:42:04     QS12oIPOytHJAYNvz5bPh8nOPcAgTHbP8C9PnjfV2sXqz8vGBW1k9OwQBMtYDOAnxOY04YFLLVTyj6YgLOBqqq d15YWYr
2020/08/23 01:14:03 TND ZldulhouV2nNQWSJWjh89o4WfBvz9kq.uNMHunQ7vf6RDhyU0Zmwt7zgJWsn2tF.
1998/07/18 20:32:58     VP6.ikh7TDTB.NYN4YrVjrEOfmlRr5i8GgoJuP7rhruoMvnYdGM4 qRiVB
Wed Dec 26 09:09:50    6UG8R6hRXpDG8KBbNqKHvnljom5uF8LXnY
Mon Jun 06 10:31:14   hn Qyjn8vSsskrlbBjVea98brws9t8ReRh9 Ktwcm4EGqZBNkQRlfMbArlxC86. my9dKyamWj0SiCsB
1996/08/28 06:45:06   7tbHpLTqgQ1hAbwbyxrMrvYPA6UquAaBvxrgadBZkKkRhSk93yQUApmZFP8ByREPXGDcVhwYKIA3DnBvUsdRp98Sq8q7nAHm0cP
2017/04/01 01:26:53  ROGmKzQ7dPCBI 
2010/08/14 02:47:04.641338    wj jB3zadz3NGNQzVihaXOz pLQrMAQpZD9.h3iEgMaCC wqMGuQQWCc4AjELr6VLsArSVy..z
Fri Dec 17 00:05:14    dWNXQpNEQslRBouI1HJZj1DEynn8jozHTfKJLfYGyNqAgzpLLbJQoL0K
1997/11/23 18:53:19.103247   pYe0UcIPvgXJnMkk7ujbalLUSE9PWCXCbLfMiUjqpKuPjNIHyIPKEh1tgukj1sQMN
2018/12/11 09:56:12.69761    XrB1xQ1adOiexPzW2VdK1k2dSRArpk1p
Fri Feb 11 19:28:05  H5ZONGltSoncfdmJhG26PNYSwyBTonA4DAmJ2TXHjLuh6nnU96.wmZN4GjTfMMKpAQz
2007/04/04 16:31:20    BGZ4N44 L0Pi
Wed Mar 22 13:29:58    cn6.8lGVLVU5bL4 it1I1oC1x0dKcDyGSF2wZApvSpfx 0 rJYkLsCFITSl4sAy6a.rz
Mon May 27 04:57:01     XI K2CmXpqhf4CzS3z1BpY.agz60Gs8P76ksYaPm0.F202ttcp6zBwsKsp6sP1X.
Wed Nov 19 17:39:38    HFVeRdupRx0934MS9m74rRgIfomVYqz7336WEB8czz4WKbUBydu7MLjDK8UzfNYkCaCtzgaF2R ud4YSC32oXlk
2019/01/10 12:14:04  yO5TydzhBmfhtbYLJt9m1Goc34bj4.
1994/04/02 21:02:58     g8SgKAyoNysy5eqccQICq5pSPzMxleQo2wEUDYo4W7NWZbaay0gedS20GNdUQ7zRM43zjr4j3uQJZYQ.8
Sun Dec 27 10:59:20    Q.69C6u bRbqy6rpgP7lHHZfdlVrbybzR7Iam hF4oZRgquPLhxsxEOluq6v7A1yC9n4lx9VPEWa.Ug
2007/02/01 07:03:44     jCi9lQcvsssFyHuBAp.htamuB71
1994/05/10 05:57:34     ei9.yqYcNqagtM7nTBmYkZXMXP8796TleEC0PtB4a8KL
Sat Nov 25 20:09:17     byBC1YYdA2c7e0Xddx34CKibKFaOG8g4YJg5G1zTdi9wBBqwmwarv.Cv4ZEmWcBn61ABNaQURJwIQRxwo1OymPjBrT1wmqdOSz
Thu Dec 12 15:03:05 kvW6xoj3r5HYggfG4SuSLqgBMXUK7Rjr 2G3whgH89XZjPTowfpZVyYKxHsI2
Sat May 28 17:50:44    Cdy3ZlsjheUKTG 4ds5N8UtoKMsvVq121153omf3eSBPtFkfEGiwcD.te4.ydfx7W4DqNGt6t EyqQnIKCQFQ
Sun Nov 04 14:51:55  1RnGZKUY91r Bm
1995/05/12 14:25:52.829751   8AwaX9YxsZU8jTY2ny62qBku
2009/02/07 19:21:05.830953 gK1Zetg U8kYFtd
Wed Jan 10 11:59:34  5noq T2e 7ZHbjhI.rSi40jE8v48CWlFlCqwtnFY5Xsc
Fri Dec 01 00:35:07     ZUMMsn 9Q ru12kkq1sS
2022/06/08 09:33:18 XGdOE09tHX5T2mDNjjeHOLcwm OYKUCZfsObVmICuTYIJqdivyNruj.7kai
Sun Nov 27 01:59:36     V8UZcOu7siPhm0Z3fYI7y4aLmO2BqbIjjElXQK8BHcnr
2004/12/02 23:18:48     gjAvGPPCcWq1iCoblpyOOqd2Njp4EIqGdid.dOhKHlmch8kFI7Z
Thu Mar 06 04:29:13    xf7PMP.NTyhvJpnksg63f4U
2001/12/07 07:49:49.860774  QcEjklUAGctpVgcgtD6ipT4QdCAoLxCOXo72NqPWOSGBi0pTAj7HkC pNbqLWm6Z4D8M7potOIIFUcnlbWEVs18oJ164x0d
2006/02/15 23:57:14.697346    2Xw4NoTT5e3hiXUFVss7t9TDcu83PTLqY2UdZ7Un34BxnuA86Fu1VuujfTf7jnUvAYRAzxp
2000/07/17 06:43:04.156971    Hsxk5.VJ34. 9Nxr
Tue May 23 19:29:59    IXJNaNkzo1k XuaykS4eHqbhvoE8BftN1MVIlmk8eFOASCTXnyMIIj3sDYQwfkWABqSMS8CpTTbV5YuO6 9x1jQDaDeA9p
Mon Apr 15 15:08:19  i2z1j0RlIyZ6veZB4jEynoZZLXnyReFA2ZDh5V1.3E92cH8Z91uc0efBl
Mon Jan 20 04:57:00    pg5epmVGCjyr4.gPTq4lAF
2010/12/15 08:56:58.893313     PqP8KM5VToIzn3vSO
2002/01/09 08:01:23.437093 gq69Yfe2dwPSfrqtwGKaOfJm QUeZ1tSsedfJZj9dydlFrz12U6B8pZUWRO
Fri Feb 08 14:44:52  5Fsryr42F Jj1sUOGAx6AyaqhI5I8PuUsJ3nEyD7BVOM5Z1
Thu Nov 13 20:22:22   286cVdoc0SNU
Fri Oct 26 18:34:37    fU9JD1dL5DPG0No3SMOVxxDTyqUBtxjKV4zzsJUMYibOA.IFX5AF3arABnKLYlaRKuvoyGwMpfUS5xSbx.BQ
2008/12/03 18:26:13.884676     GdKjoE1SGyGbPIxywCE0NKKwz.XCX 1RuY.wgStl6O4fXB
2003/01/21 20:25:27.939544   JKZ FqPvNFha
Thu Feb 27 11:00:08    hv9rFnql687Akru.ATIzUAr9XHCmPpGHVa.fKCKKaU3TylfsyAJM5qjdUgw19j67vFu1
Thu Aug 09 01:36:19    XPyRtyIpPTYIyOtz4TWXnIr1FgcG 6TKXYiHz.HuRTmc2WUIuPj 4KGbNsfVoJs1rmUh1ccec6gr21mZwp2KbzgmURiA1KG6lSH
2008/08/14 05:37:44     cYjE84jdsg0lpb.lZsoS5cFAVEY7xP8uJ4c yAwGdpsugXkI6OAzG.
2002/11/16 10:05:54.660818  nVvqqnXt5t6LeD8J0L3Y FhQ 
Tue Jan 26 09:41:04 TG4UqX8PjV7uZ0je6 bp8K4Gbcawf10B0CghwTJYeFO2vupsd7
1993/08/24 22:49:52.972376  USk0UWMleM1Ff8RfX2Wlhp8q43BOO6P9nOWdUOvv3
Thu Oct 24 00:18:02  sy kVcbNiYAGzAFrvb3.EcWgkuV6On3jQx2ShzmROeX2gM69hSWvCvkssu
Mon Sep 03 04:57:18     RGPXs3I4ZH2qO44wh4cH5UhSUrtMYioFFL8B7oTGK1DiNzFW
Sat Jan 23 19:18:46      mHu8vJvUdAwmmHv9
Fri Nov 07 07:50:43    myRgx.PCpP43.nADrSDIQFYKQ4LBNgHEV89m. W
2016/03/14 07:38:07    iTUgxXY6Kb3A5yHN3m2WiV7xacpBMP3vFksXgZb4.QAAZQ084zv5AbycH8O.qD
Fri Oct 28 22:53:40 zEt5TQKptGTx17hULY6aFTVWb4XAvqEO.YwRUmuVVawVNqXJBaw7yfdlLLlq3nustGs 9Fwb
2013/02/15 18:00:06.341407  2qBVoDpA1Y2Hp.2Higkkb4UgI6VSs.F7KtUYHCHYo
Sat May 01 20:09:58 FLsoP5Ds95mrW.JKP
Thu May 20 05:43:56 lawQQFJQRJHt1tT2ZMfSCPEOix57Ww7btKJX.Y8XLTHGj49.fgUS2M
Thu Sep 17 10:19:50    vCDDeLqNCuh..guMR tB36o3Oac9Pa9LFvj9FoZxPSUX6SvvrfdE14OCr2g5fr93xZ
Sat Jul 16 16:40:16    MGXOFQ3vZGbN1U0jv
2016/01/26 01:21:36.18995 gMuz4 0Soe2fzfG
2001/09/05 04:30:25.805439    CNQ0GDhfNAop.KjDB8f7VAjIE8
1999/05/08 18:43:55   YyhEW1GsGS4xojRnM2AIQTMDun.DbMAcRyA6gl qmak
2014/09/25 17:48:41    CGNEX6hGIz8Qh
Sun May 28 19:43:52     mwwSSX .mKeDt6 C8gQ.bt7Xg
Fri Nov 28 14:59:07   R3ie3tZxfF4YGN9oKmK.DztH8BFoFIqouwMcJIDiQnaSOLNj
2001/02/22 23:20:43   j4EnwBGWaGpGswQCrOT4wg1Ga5iEOCbz
2009/09/16 12:48:13.878196     vn UZa0r6h83VvbBV67PsDAV2oX5LSRVGkbryU5k 8U1Itvoq19qb0pRTgeX
Wed Nov 03 00:16:53    pySEzgzU47133Cb9awpyruM
Thu Nov 04 03:21:44     ErWoqYw57n6KYaw03D1NgbIZRXSODC9U9n9aWcuXKUY62NFX0W1OVRiY9G7VY.acVdP
2005/12/06 02:48:09 x 4R4yXmlIW5 l TpuojOJDl4bQnVWrXcZ.NFzpymPRtvQs.2aA637
2020/12/02 15:25:31     771PPK0MLe7X5UKGADaKwAAzEOe.VYbfsyxf3 ZK54SNok7NQWiYt8FiH7iGyi
Thu Oct 06 12:18:52  Ja7zQVpG26lDBPkNe.ImQtKdNaYUTWrgHhFpplx9mYJYFVpHCxTAfZMXxKKJT1jS2
2011/05/01 18:25:42     AyxD0J2ctPI90TY6M1i09h0NQwbjd5yG2luFCPeXvsM
2020/04/04 09:16:08     dmjLfFD7RPCA265Bb 0Nw.JJnX2SZ
2022/01/08 04:56:25.173798  v1rUys0ETWxdHpVUPlPuJJvWuQSF9XGVwd5l8KZkcaF94xj1O9cIKf
2000/08/04 05:55:27.183313    kTnWg fkD7 dZeu0jY2m4mlrxtuN7
Tue Sep 08 10:27:22 TFJcAXR4Ri3pHBpi6uMJYUTYYvC4iiYdjniZiBBugUGYmuc9UoXQ
Sun Oct 21 19:26:03    irzrgQTC4c9
Wed May 03 08:10:40  5Fvzx8uZb3VedpuuwceRv58AyGepCxEliyEQY EDtlRC8TfpFB06ZmtbuD.V9M
1995/09/27 09:14:24.679037     eleSSH9 c2e5uDBXCtZx
2016/09/03 20:47:43.618405 ZOK46V fDn4dHTDKwnjXs28f
Mon Apr 02 16:26:11   RZYvFNhbOoaFrvCZgfKkjOnF0
Wed May 17 09:33:12     Bvoqs1V0pPU6rmCpcmnenLl1ysvtL6A1y6vm bAYfpToNC1YHInpcu3dm9q2HgLv7VTlo3aNUd.H0OWG
2017/10/16 05:16:19.585067    NV8lxYYxXGnpVfKHu8jhmJQ7XYYYCK.YB3M8XFNgKbVC6kgKpbc1oHjB8C3rBE2vL5y
2005/03/21 06:22:24  DgJHH9u5Br1T2eu39gg8ftwoazM7j44VjdSsv 
Tue Feb 28 17:37:38 ozCaCUCcN38kq.GbYIwFUj0cZUc KFfKQUVkJrwzWtfF4z uqUIiI5edGe3Uw8KLPZ64NIkdjPATfVnJK
2013/10/24 04:07:20  B7KmhBLSvSUEc
Wed Feb 14 03:54:56     pBFfuWntsGr7JgO.jaolwJZG6lUpONxfMgffoG
Sun Jan 25 11:18:47     bgJXXN4GYF9VULHE283
Sat May 03 14:33:04   wS.R4EgcgFnz9vrMkOdTZNh936pq SEWO3pKzfivsc31s2FwlnVE5ITqSRc9MbMV3A4rtVn9W9Ib
1994/02/07 03:16:13.307966 sgiQJOm09Bq 18nDM4ZspHQW wq1iY5EK2Z1camCV0wGgRaVDyipILSeDbGtTBvadJ5F87dnSpKsZyPp1QS8i0PiDxn
Mon Mar 14 12:39:00    B1xD7Pbpw8onYhquQq7enK2xRdeSsKqeZ1v PInXPLyluxwrJt.vbwSaQjwxVBaGfgaf
Wed Mar 23 12:30:35  nu02nbFTqXkjM20IhfIsKbiWOOvqvQRw.nVAPkQmxtMMD7jAR4j.B375XT4C1YIB lM
Thu Oct 09 19:37:27 Nf1 fkhNc9IwfDLVQY5CbLdgausvOgMZeDp6DH NZ4FN3gWUAttZzcXHhugJIW72Ziz
Sun Jul 22 00:13:22    dGJF35dG.ITQ7cAmSAx7Ag8b e9Q9vyG714QPO3qzPgxmBXDKmEWUzEEfMl34rqkZZy S
2001/07/06 07:45:24 Y019NlCC5Wxroe4Ef7w1.E1X8QHcJslTbcKmETwRFtElPLI5cVyfADSf6OBz7nK.
1993/09/25 03:34:27  bXk1YJPgxlq1ZCspkZRzu.b1oFeK8ISBPgbn70tgZFb9n6SgA hKo
1997/08/26 16:08:43 wIanEP95l1r .7HeBRJPehp1Fhk3zILWgHFftRuBtUnmnKzmjGRIbleCYmyDEW1WVG3IdwElBlpGA5Yke73bmkl2j4 h.Y11
Wed May 26 12:11:52     J344ymHgRiBgTf.wszfIdh0F0gnhNp8mtDzpzHEJwA4G0Vpqrhyz64XZz 7JeFBNOxsUWcqhOZ85QB2N75h
1997/07/10 05:13:13.889458   v9zzGtUyypyTnM2UeLRrbYJd.s0EGT8vlubBOhpQqYDOuFvnWV58xZfsuwxxUKtdIW5bIO7VZgf1 ygSQMly
Thu Jun 15 18:37:39    PCszjOZ6iiftwLiKA0qJAF3rxondDwmWtBv4f
1993/01/14 12:46:43.438473   F6c.gOZjeBMPX.WLcJe5Xz0kwYALJ3znG
2020/12/19 02:22:28.45070    kHC.ukY37VWLYedXcNBtfG9vV5w4514k3ZXz1fMGOwnEqEEhV5XpGeKxTd2Wi tTIDVZLkPIcZAutQmBHHJ
2004/06/20 17:24:01.139538  m3bCd H65atIuXSvCTqf1hu.aPv8wsv6i6E3F7ycfkKX6RA738hrgOEd.G1HBPTmW5sXReGFSV p2THQlHJRSolbz1B35bNStQ
2007/08/16 00:07:43  9e34DSKs8TkU6zAyRxuDT155TlI8l7O3K3YbfIOR XUG0AvXHB0lXZkJ
1996/10/05 05:13:06  Yt4n9apw9IFGEu7WCaau2BY
1999/04/13 07:03:23   en5RVTayOKFG26PzJlPrZTU4y15Q5j8GC4imoFmfYMhHKVYWUuUdHPuMvcLWU7sFZ7bCtQCnf iXzgQAe
1997/02/26 00:16:35    MAtAaG5VXvYZuRISUSncNQDAiHkx3FsXnIIKxQXKCMpkXJ XB
Tue Oct 11 02:45:28 2009RUS tFdG9gNer77m9hiHU2QxrYZYzxuHRFbrWbW1UDmx4Tf9WoTR5yvZXw
Thu Aug 26 09:07:43     2oy4nWkNF 1Ozaxa
2007/12/02 20:48:27.258117     N2ft7sxNT DCsDx.qbpMJ2zA BFEmQDZ4HAR5sq95L92
1990/09/02 09:45:06    5dFLwmwKRgIgeBlKkClmXXUeIh2pMl5.8 ceusKuBH2KxPyQcY5jQp8QBDsfDBxjv6f59ZOE5gh4carx 
2002/11/22 21:23:13.434391  080V1JUUv8fJ2ku9zuVdi0sYjBpMHRmInbBw4VHqWEkvYhxr4VqJO5I5eWrg5rHvRCdF 
2019/12/07 12:34:27.616261     YpCkruX5P5z0sP EUGsis2ixl4LCYzC
2008/12/25 10:15:09.367763     ePUpNIs2ejLwZELhC4BK5XiIoFqab4E3yVLY 5lQ8w2so8XON0yTz1Ua7OMw2
Thu Dec 28 21:02:29   QFBSnNU8Dsevd6 m CsE nI7Peaxzc.n.yghlIkRtsrVckf9mdOhblyzAtqZVX5vFDq 
1999/10/16 10:26:13 fmRrfVgMvY7rgedwGIO 7FlbrV.eXsBaarkwkOANa9urNByrBwT
2015/02/04 06:37:51 tRJILPgyUopTJRVRVfmUtwaOYMnka8rCWcvrgxP2ZiF6RLA99JA96cAZaohgLPTdBfH9pqoxjGri QMsuZ
2006/10/01 01:57:20  rv7zhw6Uf4CMsh8h31PMBjISVAaC W4kh
Thu Jul 16 16:19:14    HswRsHvzPPia42gMio4h36
2013/01/09 01:18:08.376502     ftu0eg44G4uuPHzVbyfzoXd rAO djEI6GmZkDhayw JWnEngk3OQ1yLXUxLxSQtXFcpZy0BkiXjeStoMuPMvi5vFQf3
2009/01/20 17:00:51  eOrRFehad h.o9qOTZXDk6iym2B6t8aBihPcVB
Thu Jun 28 05:26:07     gjZvBvvsIwWOsR1Nw1NqA5kdA9EHDNs1.WOwWxGvLha3iIwXm7ETv7yydKje0a.1eSstpzCwDHWQ.jHTJNgcH8dO2TTF 9w
Mon May 11 17:56:01    EbB1Q7wXexcZETeejndZGrJqmudGw.ZdBNx6DOnAxvANvmJtmhQ4
Fri Oct 15 13:18:03   .VfbFhabMW7onuh6qnYD1Ll1vgi4eT1U6NofOm4dZly0Cl9HtSGTavnS
Thu Mar 17 15:01:24 sYWYQVqe RCAeyyP pgrITG45Bo0cGO.WOP8mzJnY6L3hO5SQU0Hmm
2000/03/15 07:34:13  Z3R1aAay8vdvWSLXX5qKOv4Uq7A7
Mon Mar 04 09:32:04   eUX4OXV0.1wvvGtOSyQHypUCupFjy7rc5dWVuSOIpQm.mj5ftSnqgf.M.1mUC EOqZBLuG7CiRNlpr3W
Thu Nov 10 05:24:22    lrzBNPrseF5eLble91 kpmBf5Am92990jYvxz1DGaMYEAUnk.mjr1UQgPI QLw8iKw9puSpXb 
Mon Jul 11 23:21:01  ZfkNFE2aNwvZfMLW5Qh56Pr84jUO0MkSEFTSvq.cAjJ6fIr3I13rxFRsCY1gcOIejHEXLjJepbfxya2WUegPaXbrHL78ell oY
Tue Feb 22 22:53:53   H9yFkZh37M5H70el0kA0NjWe.cmd6wh VBHJHQ8ntkFoCDui32Xpf sv
Fri Feb 26 01:58:31   LZnVCaxL2lHOqa0K UqfnweRAhyi3fAeDEcUh6RMpYFk
1996/03/17 18:52:18    LlUbrCkXrRX.EJQx8 DumE.NE7b24hrPyaXII0v
Thu Oct 10 19:01:11  zGBnDqdk2H5TKPypo3JGnVxG3L0jMEUTMYQSwl.q05CtZDgckP0TkrStPWhfWnRKH yt9y
2016/05/13 18:29:51.899693    YPQJYMsRvQT4
2018/04/23 02:19:53.833089     tuZ7AZg4wvdyGlBp1x5jGXpAoZsQvIKmgwNRY8cS1IrQ7OWTZMZp2vD2Pi6qkViCVjG5z36xA
2017/04/16 00:56:33.892008   exDBCIdOKLhJX7G1P8P.v.Te4YCknjh2
Wed Jan 12 19:35:43  akCoWvv4g4mycFiYxtzGneQom3I1FZZ2lpIUinnrZ7Q2ZC1gVdQUv00G98REQjg0yU2aT91HdTkTTZig
Sat Nov 28 21:14:40   k7RUy4WYApBfLIfVRgS72bkwtSo.nEU48klIWW9HtLO44ji2pigHfVbwtJ61aRCPo
Thu Sep 18 04:06:36   eZHbLcFJpU4V.mzHs3i
Tue Sep 06 16:15:33    JuokNG8w1IJpySjftnZKeg 4gSci4KsKoviW9x2 Vhltd.Kh38bYPKAY0mW2vaiW9L609
2015/02/03 18:22:46.371055     1i.vz1TxBRZFCM1xEuVLtuNsgzqXZdkTXH2B6DKQSDO3KoRFO
Sun Feb 26 00:10:21   5OHJvaeLwz4CJCnItvHKrtM
Tue Dec 13 21:31:45    Vq0OLUwhofygvl4KLDfwXSkNx9O8RJ1gizDsh8p1zxyXKLETyQbhD5uCxk9
Sun Jul 03 14:37:15    Isiwq3G0SQ1x5GuBJ.ZlBT8aV.sKX7ihtbkW.oqLNcsS6yeP7L10FRYZjWMQkp
Fri Jan 04 03:38:09  Oi.KDwfnks6SxaKeZHteumZINL8pMAMWItCtw48pj1GeaoYt9aXSXeFOV4VVZ8jS5
2004/08/26 00:31:35  07LbLo9yxctq2 EbUrz QtBuE.jlpXhioVF1TBL9deVYW2ROHJsCg
Thu Dec 20 18:12:31  68YZSOZBSKehwbWhIvFo7tH3Oy1RurHqqqNYHJofXi4LLH7O9IpGo7Qch
1990/07/09 20:40:04.339822   tzyttrgweq12DQ5kb9ORMSAF.RXw1q4.3cfiLwPxw EBWU1ujZTqup8bP1ARld2XIgU
Fri Oct 12 01:45:57 eqxSoU9psMoQ03sFHLduA 9ORFCc AhFGdGXa7JTn 71nhRLoLmv3uX2zkF4TgU868dDrQ3vnbbisuE3WAPHUC0RXsAwg
2022/09/01 01:05:11     AwU4 TWOWJJUTBNp36 dc4ErbiavofczVnC0XGUdzsoSIC70nSW0ZnoItVYRCFGjH27Y50ROaGFfdIjv9be1r7OrmT5P
Sun Feb 25 18:14:03   9kTiICdK6wnGowNSR6GAnUwHGzhac H6YkVCKc0u9vEYQ5uauQb s9eVH83N pfCgHP
Sun Jul 27 13:38:38  qgFgwAj6cA WhIvkWYqMT186XRT7iW 
2004/08/25 06:49:11   prEa5t6L5os7bz1Bk.ktjeO6veBkl8kWilW816HRa1afl El XMuqdH cwlEOkfEg9m6T.WiJ8YubGQJ.uawQc6G.J.iH0fW
2016/12/27 21:58:11.361024     A2ZO4S79vuCL7SIlRt.0Zd6FP8r KAYMwTOv8jrFN7V71wG6
1997/10/26 13:32:01.159760     zALHJNPwbeFuk dRYA u0q AWj3cXPXZIjtzSD4mmMozo0Ae ZAlAp2UsVru81OMGcvf3r44dmfs09Q
Sat Apr 13 10:15:50    JfT6yrLWBfDdQ1jQdAuvyVwwrNurfghVtneGQK7taFAeIIX7h2WDxnJU8u0aUJXxpK9WhqL.mvH0nStmwJJsOTLHv
1996/12/08 08:25:51.997891  9pGH8D7sNDhg5BYbV7NQA29FsTKty.9LBXM4F6.S4u2US9qwlnbrBBgeDcYlBkdawtYx71T3ec4GU2019lgv6eR34EdlSq
2010/08/11 17:20:40.893354 TotWatoVo4syMs856MrlS2PfV4p4mSWeSIQuLlwSLKRnxFHoarDpdDyCP2gFO
1990/02/25 12:02:23.795150 ZtZKSoQMxdoV962oA5Kj2G9gw9ziMCW2.Fp3twNQKFwEq6ftJbrEgdsIBVYLi2oN2UmSTPmlRzlfliGoZr2HQPfjf12K
Mon Apr 26 22:11:44 q8DLUIknyPu3UKabzZqcWgoeCg.4upF2vagpYRcqPiajPQTVz5baBGZLiNqsb0vq9aPOACvmYIaod
Wed Dec 11 15:12:33  Pcsf83yC1NC0Je4su7MknjU9PA1LFw3 TO.qXSL 47XQmH.MhT2HAG0XrnAMMRQwmFq9Il pvjZ02nwnK.i3I2mTb0AU5TUd
2020/07/15 23:13:04.637489 qBZSyxaI0xvSf53eQ8Yl3rJp1sX85uK9DM9RBX4hT.IuXtGZcLVv3DjFqJ0rW24mWE.qN6xcxG5v0QdffvtXUokjcz
2021/01/03 06:38:02 fAOw8xG6pCsbDneW1bZKFBIGATXb7TsRUgmq0Vx0tWx8F7Xd4E3XlAbzp t4OcIQceirYl3dYfXEqLYlLA3
Tue Aug 12 07:34:27    EXtclEzheqkCOfttxuLJ3T
2001/04/02 10:11:02.877898 RAU2enTUpQY.mNw0PrtypKCN.WPvFrF5HihiU8gClBnWBLRgMdMDK7.eUL3G iRQlqDz7oOw3
Fri Nov 11 12:13:48   Vdw2MdnEsQI3svXoEjEZ21Kq6k NoDQm8dWOZqQkJ
Sat Jun 17 23:04:16   EQd9j6qYPFj QT
Mon May 13 12:04:34     te5bNmacI2xyWRvk0ChLD8IGJxENHx64ZXy.5WO
2018/09/11 12:06:58   yeFm3sGkaPyxY5uk0KuR2wl6zsZn9srCh6.1T3R9NL2oo334BdDu3fDCsmAJNmCQqn8
1991/03/16 23:35:16 Xz4CBjcrqAsH.zHGvNhY WdE4zkHHNC5pYsnq
2003/09/19 03:13:37     K06WpU2Id C2DNvBnqbcboUUjLCpC.Hm0BapK2
2012/01/16 18:47:37  RXJOkUef7r9qSufuNUO Z83T ZJB
1999/04/21 15:29:15.415197 50AK3vaRYASraPF0cOcodeRXgM7a5uX
Tue Sep 25 04:36:31    U1rWCF.ry42kCJvBBSW0SiOmd0TvAF
2021/12/20 04:13:42   wkeoiX8yFYbJZb.s wA8l9F0pzM5W48XlzFFZtvaLeBVkQHu1.XOApk4Ns9RAtd..1lcncEqVbiH3wh5WGpBkZN8zbnTtJdqL
2021/12/18 13:11:28.376240 Xlz1jSyAw90QxWL
Wed Oct 08 07:51:46   wSCdpRsQpnP1kZHXzdBSArXx7j.kUcq4cF
2010/10/07 22:48:57.312524     fQaEZMp.39tBKxX188YjS5Xh 
1990/11/20 05:08:17.32626    wVah1P6QjR Lvxurg15ED2qu8Vey1nbBobxYDHntzZCaYqSeUVmfM9ymg7J
Tue Feb 08 14:11:27 AUMv3xM bIdiWeTdIHwcMMrn
Fri Oct 02 06:12:03     6dkHc7ao.6opWcyHUReqGc lEf2xtdR9rN jz7
2022/10/27 23:07:19  3NxDvfaHejkCjRmRA6E4tqDIqVI 2sP
2013/11/20 18:04:20     HwRAV4wEcgVZHy3QBYv4yf1BaQ
Tue Jun 18 19:36:26   V45GLWeXPZtJ2X6L5zpGJujSYyRbOfAPYiGqU3SmzQvXXjd6p5hvC4ZDAGDpn6wOdyR2SrUA
Thu May 01 02:15:11  RawH3wEir EgzEFg0Hzmr2iWNG8W
2021/02/13 19:50:00.109506 ycUwE0Xb5uSgYTztM1 MQVHJLHrMKAe2pcdddYLF9HZz9JS3C
Thu Feb 09 01:24:11   gNZcWmjZsvRjEyTkiF5M xa8A2pOl
Sun Nov 11 10:07:01   JHF M QvPJhZfzrn9K5hbcPdO7pT9tLkc12377Ku ShlIMhIUF5ORZ9QkSVE1xK0RcF.Ci8dKc
Fri Nov 17 08:26:03    N5SnjTmpD1UAcD8PZkAj.RZX3NHvIurbla2780oOVOThpk9wBlDyvs07ZjAlmUErv
Mon Jul 07 06:47:32    f32QutYCUFGg0eg9I.9dTi.KyCy6jhnz90AFZPP5wjyPCRj IJ3yXXIc056nJDrTC791mskducTnqIyGwKDSwUE9.yz
Sun Aug 26 10:58:49 NO67iBqAS5JdDajE7dHiONkRbVOveXDKu0o0x3psuJLcMoq
Mon Jun 04 15:21:42   REXfNp UnzpMB3RaO7SZ8k3.Pn0pWktzRCTdB7IrXFm3iGvf03 TArBJ eTw.WN2c5jj9odABsn5WCBR0FR1aFD4a9td0Dy9F8
2018/11/20 07:44:56.362941     whl5C9fuHstyrNsmaZWFUHcIM1hve2F tVHTrpcfNFb14OeyKbK25fa
2018/12/13 08:05:22.258501  yzWppvO3Oe5qVE1BMPSJoxlGTPsaw3rtHIJeQlahPOaIu3HNyU9rY21ql 6vT0xZfdCZ2ctZJodLnrPoxz798v39tH
Thu Jul 26 15:58:34 QT3dX 0U9E4EvpXHM3 Mxvi1 tWIJwyp7I1EAtrnXy4OzBTJZ.waPjDA1Xabmkr6h
Sun Jan 15 13:44:59    mVfrdzt8rkcrMLd
2016/06/13 09:32:15.598124  uoU4WYU7BluSW923PtXNSg2iC8qKXOj6
2003/01/01 12:39:38.745008 UQmfzlSDNcICU0R56REiXzL5g.FMANCLwseWNQQnEzJI5SZ6HMHaRkOhfk82rKaq8e
2015/04/25 19:51:09.136560     66jGrKb0Fd OrzbZmr4paYG1rYssPORgcKd7NPfxCIctN5WNABUIFJnaj67fO6 i
1990/07/16 05:07:14.74227  uBlFci9L WjC1qgSITFw0G5gcWhzhUM0KPfVArmIp95tk5foqDv0wqx7VDWxiT5PVe3FVm1XWcnBARO5Ye
Thu Apr 12 12:12:51     osyvW3z4K24fjq02qwj5Zw9phDyE
Tue Jul 04 09:25:01 HpSBOucKTUIl0mZH0c5t28GlnYqKo8OSuEWQGlo80pq0wrUmr7PcZ1yZ70.we8Z 9CC2IHCDLpKBiuCi
Fri May 28 10:56:02  vquIY4xwueKLNUiZZty42XfV1vVYi5GeuL3Jk8MwwFIJjZgj4 xiZxWupmyHvUMGVY9T9c5ptS126P
2001/04/26 20:47:22.156519   Jvl9ia.YiDac6G7aVgXO8yOBVXXPnkQU5bNpR8Cl6a
2016/05/07 05:42:31.557506     fkUYaomJM6jL1zgn3bH1uwtiRYXRFN6xUZPd32EeTfSIAx zAqpTNriYOmeitH2fcmoha3iy.yL
Fri Aug 06 10:43:37  w e9ORE.dJVWEv
2019/03/08 05:11:04  0.T3sxU7 EmOR91BSJFhxOraNjUrm2M F99V2PzAAPzfBAQ1.8ZmGmklHjeKSPoMuoODBzKDF
1997/01/18 23:28:54    eSLyg O8Hexr62IsMaArsu84ylcYTE8zT5Egd6Z1vGKnT
Fri Dec 25 15:35:02    qoLLo0KiTLR1MhAQ8LlDeyO
Fri Dec 05 15:31:32    mLzJapL0G3SsODaEO3AlicPcnFPzdHG4heAsQDP.FV7CWZ17Mm0P0N
2011/06/20 06:15:05.214631  XM6sDKN5hP0uX1EtTw3S3BHaQa78gBonvkF97q0E3sL9alqsnHodmcSOSl.0UelCz7uOpjD3YCwbsCOkUI2K1M
1993/08/02 11:11:44.417953 T6LHWNwx 2Th.BtHPFfTgFiJm52UU5P7ggP GmV5DmfFBkaIurvXmssHej
2011/03/05 06:48:15    VC9psbBUZ6iaMPFzWPiX2Xqu4R0Aoax0T4pE4DBXv1HE C LG3CKP
Sun Feb 14 09:48:55 925lSaZKFoEAJY13MI4rq s3VdS1SEkLWv5dkWDpwccxcTJdPcfkp8gXEBCbunc3AsB7wOPFT84VhYe4qu3A
1990/09/09 19:23:59.487623   f5NsxlmRsIXjUQINxTpl16DUCNhyeFRz
2018/11/21 13:05:48.183414 CoY.rpDOlV0KtZwKjqyKHmf5ZptBCgfPxO rzOv Mup6hLFeJ7VITGsH3KHoqNnkL
1996/02/18 12:25:42.542923 7gWvSykAR 3xlTtoGEVsK7nOnDIpgXC9Y6W17f6EFSReHNxCja45317ns ijjl3YqVWAecQ7.kJf54QXKcxMlkidd 3uJZ3T
Sat Oct 08 12:37:34   iw6ZAcBU4CDh0O6A8EynFB BJerCX4gwNBjj4rDUfIipmsNfJMG0N2wG
Tue Jul 20 13:43:38  eKo8blfkwXXI5LO jIcd7CajeWQNMdixNM
Mon Aug 13 16:16:27    q8nnKmfQpyFZYNKwsFC6qH4BSqgGkxfPmsbJw0klJCVYT5FTbWZSQt1ZHhY6Om2JxOmZjBz5Tar.XcWYtnXSg8BApuiEzvB81EWq
1997/08/16 17:06:39.186424 pGxn2We0S67 d.B8UV8qazCgWHv9jLWs8DXrX.2zgCoIJn5SCvbtv
Wed Apr 10 05:59:56    jbrMiNDGlRF3Oacq3bQdeGI5nPr.SjSQNVjo.pOvLJ 32wr.9VWjWucldXuT oau1zXa
Tue Nov 04 13:50:17    MFxUfvWsE80g2.
2011/06/25 17:51:57.867226    44jkhG6VaS
Tue Jan 04 15:38:06   RhkJBIQebx3jL9pLKMcqMIC8ZUQBRwRGGpWWQrPK 0MdBqpZGa lxjp4owzSMQf
2008/01/09 00:40:58.764503  s5j3GxRol0YkOR8W1KRJNkv1FbfT..TU 0
2006/06/25 13:45:55 p.XGnpPjLbRNBFIw42uBbE1u0ThqyKNIbDa.BoK11FO4pZeN3 3BjvAOXudsuqtsFlmZgo3zluMQrEM07q
Thu Mar 01 10:32:02     u5PwdCZHrDKY8mEOMoymig
2015/01/11 14:15:57   A.Gm8WXbVACvKwDQ28c chBzANiXchWTEbkOGPrQrWR2crtGIZHRc
Mon Sep 22 03:00:38    i3FhY7rZQh0oe6T5sCscdb1LKfTZR2dFqmkLuN6n9Ii.pHfOCBUW fGjor KaeWMMRSgkSaKqUPaiO0uyKzrhIL
2014/02/06 20:27:58.272221 HIsfkoFCt1wrnHb4wpkY2ozyNta8MoF q8anVLnKeOzmxwiWhfHq
Tue Aug 27 02:43:39     T47t3k 4jvZur1nhtix  jL
Sun Aug 25 21:44:27   o.pYzwrGaVQvcjvrIubuXG73KzoF1kW1rqGip g9Aa8FCrXnRmEtV62RUc4R
Sun Oct 24 09:29:21  U6tr6f4KDHtKwQarVkd
Sun Sep 18 22:52:53 wRRRuuyssEMeLR8qo.0ylzIgKF5xpQlZgG B v1KHb0eCj7tsFfXazkOv4sgsvcRu36F.Fktf8cly
Sat Aug 22 21:39:13     CZdtFycOKAPN6aFuGb3Oh9mw4t8mZWKq2YZh 73zpqKeMV7prBNt3HoThdG7KYeHsRBT6OFLWy7R
1993/04/16 19:08:27   5MNGzxufWIN2hiLrQoKGgaQMkYQh20V2RTv
Sun Aug 17 04:52:52   C1Tc3FlqU88e2AAL38VFOeR3RRUwF6XLPjIlFhWPiBZlCDwvNn4 T 71uPj4uKJoFL0ww4h2WxrRY0mY9jd TfLa
Sat Jun 05 10:02:38 cC.FLhX4MUE9ijFn7PFHzte
1999/07/19 19:58:22    Ys1MIhwQczytwGW9wkWTfL5DpO W36NI
2004/06/01 16:12:49.346690 Yh69m8U4OOTIKhAg3CaUmX2OCBOcZV8FvfNfN7BxLsxIf Fvc
2022/08/27 20:32:48    ggHB xHFsxFDEeo
Sat Sep 15 02:59:14 xP2AqmEGzXEDrmhc2OlzYrCN
Fri Jan 09 18:53:55 sndw8fonCw18Mp
Sun Nov 05 11:00:46   kSfeuobuOtYJmABkFdIyfRtYW0j.ps2eldc00Lt63bHtL4BbPyJ8TAY81cfYHg1Y2EsgEOTklFZN97no.eKaYG2
2012/04/18 03:51:46.161981     eK6HJmPHdMsCtukNb66MiEMXi2wLkezN Pzfq0yA80EotA7yHohQ3Sfw8IXZeDY4mtH2544tX8nll7hAXA40Yu0Hj7Lbh
2018/11/12 14:57:14.9796 Oa.RWYfNr88JbS4k5AcdFHVMkYiL CO1l43lcennqUqMaAFS8QIN64TBBfz
Tue Mar 13 10:02:54     bHzynP41C3Dwvh3f7jYaoHGDWN3 Gu0AegGyPlhqSG4tMIRznjsn0smfFiQGv6zVYvdcf3m5 xDMG0L..LOAt8bTyQJauEYDRl6
Sat Jan 06 12:49:40     vd9mw4mNKmp6Gol
Fri Nov 09 03:22:47 WLobjL43kNjQ
Thu Mar 06 14:00:43    7vQtdVJCZMOynsCYsLA5Xk3oGidK7zjKXf0PXaSSz85NbkbV2yEZfNdFMryVxw.eeuuYlsSsB4 Kr
Wed Jul 19 10:00:16     Ubss3AenvA.AgfsfpzWJCb5r kcPdrWVneZQFOXWSt2YOeJiDDnxG
Tue Sep 04 08:54:57   tfLMdD.7cZYWm51wbjAyEgHejsjovYJ4DfSv26XWhtbttW oXObObN
Thu Jul 27 06:54:37     XQeu.Sw7RYVk4hYH29LlV.e0Kcbdx1tTwxWi.iVXEQuBLSjMIxATg51HHxwsL YmbCRwIQQ6jUXXDlqZBo5aQV7CiW
Mon Oct 25 07:28:38  H66J.yyecxHvgzx8k2VOUal2DkSWybCejsp1.GbKFAZyJ3 dj1SdkD
2012/04/08 17:14:40 ozbaiBPmJ8 mMZywzszl6sAVV3EE4sh 1hkzxRH0oSWgekO  PGvelPsFZJCT4885WqFN8cz4LXNJY0k
2020/05/08 19:25:29  KXR8Fei8mMeDD3MDxHRL9KhsdY8iM0cc46KxOQhY.DDDYXGN9kzT9OaIds0dJ AJjU2Q8M
1993/04/21 05:47:44     3HYw65whxa.Gqyrlq0w20tQ4ZOV66O
Sun Jul 08 11:51:26    cdHo7eB6QjZ139hKTAonTMNnvq8O5ozAza8f02HZhHnN9M2rjwhWCsLU1d0DbVg.oQzTjuRHP
1996/07/02 18:26:15.115175     t EWprrjJcJwSNgDb3jq4wyFD7CrLw.OwoRrCjwloAK0UXX
1995/06/16 09:15:05.663809 VPlvDE1MRrdEiGn7kpXZj7VI1vnb5Bryn
2016/08/07 09:09:07.703780 MOk8OTDIIO9HS3hnHW3.RLKx53dHN0XH1YkA6gXeAG1RpoyfCil6QaYur582ZaZ
Sun Dec 15 23:10:03  OQQK4cOg1vjgUjBn8OYCqgNNQJN9.nRI8kHqaAtj1AB4LqlvpV2j8PdLiVO7IK17LPNPXBMby5O4TM4CvGb
1993/02/01 10:01:23.732731    PX8VPfxxCMa40u
1990/10/27 02:25:43.572336  GWbWJexXEyOi8bIuClYNjnj1euFCDq ZzxP5679qf82dHpi2QrFcfPO77h
1995/07/26 06:53:51.979842  tuvO9RV5srWcTxKhU4frJ.3aU RTpH9.ko zLpnVeLMK2k3MpG
Mon Sep 08 22:17:04   Lsg5S9kPQuXqvqDH0ymLc FExMfEd ci.0OYNz WCDBYHF0.yCmMwXAgL71 26
Sat Mar 10 11:23:14  sXf8e1gG3AueX0t63UBWWK.NQb3n.1uNkFHTyirPpSBOcYhAz6 u13bkdkBEnmuTfr
2015/04/28 04:51:28.793036 ZCNr8 X5qaz7qOAC7H7VhXz0MHA0nz.VLIBRITVi95lA
Sat Nov 23 00:55:09  EkA2Aa7B.IR0
1999/04/17 12:39:03 jfhp5Kd2Y2xJMKBt4Ph5q5N u7U1rk5GIeHTrV3.3WK4yf24Athz9JK9F15Fo8HjNt0na3xVB43M.jCluKLKvKhd7
Thu Sep 26 21:41:47     bw880JlSLIYM5OVrn HTD2cDm2T0z8Iq5RHP3BBhtT oFKRs4xiwTW8JjKhKZb9vYzxZ64yCjAWnEv
2005/09/13 07:58:19.636504    vumj9AvcWsZhMCJljE9R0DE19gtP 
Sat Jan 08 22:49:53  0ygnn7BMjrnP6yRAleLfhtlKu6iIIcYCPogzTUqfGO6GN62cUJC8YBOwmlRIw
2004/07/25 01:24:45.869380     iMywOQuMbZk6QVnkK2ZI4ExjMSQBq7
Tue Sep 04 20:15:33   .JJXKiggXUQ5ltLImvp9rf3URmUvhbGbV.n TUN1YetYunam8p8
1992/12/13 16:50:14.46423   Hw39.mwVLhEsGvI.kdF8Yjz7yv06BQhhpvM g5u uNfZsCPR4tlhwHij6BH6E2KfdNntWjMQE06tmQQWX8bTTkxISQ8HCk
Sat Nov 22 09:21:24   Qq7jwUIcNO8CXYy2jGMupte4Jp75
Mon Jul 16 11:46:14 8tcffzDBji1k2lKEe58REY5gM4AXViNCuWpg
Thu Jul 06 01:29:45  nkvJ5iGqYPJJp1H2ewHfUTV LSpv.SpVhu07.7rWaWy5n3NGBg2a8vsNRjgwdwGMm1 kkqkUlW2fX0dx7404Yg3hXkVK3iJPZJ
Thu Apr 16 01:45:42 kf ag4IDjA8.NKct3a6LfQydO.KItAmvj13ccc60Kz.OA6wrnZqqkw3O6GGYy r9H3cNlstfCC1owdz5U
Sun Mar 17 15:29:21  GNUl 0PyL9
2015/01/23 19:28:36.839511 VEaTuJnfdFW5bDpPTHonT8NZkLgvbnMNNAywmIdRlRmpaeHFh9nGHHsOnVN.I 1Gm4p.5yI
Tue Aug 27 10:00:44    cpQTuyOz9Ngc9aJt6kwy5pF9dOwS.u EWoVWiYLKOaVb9F2vx sNDCL2.I.la6kxmhn4iB5td01MKR01yo8iy2c
2022/01/14 05:26:38.855444     WfHAWurAyyxsupEK8er7tHm8JNlekQmEKcds9
Tue Jan 16 01:33:31    c7HbgFZcsN.hVE65qN3LiZeccsscVBY.OjgTeRNVb.vkEZfSQI OBROKWPJ2JZDhwlCTMBocUr3.Pkkqxap
Sun Feb 01 20:53:58  rJoPp9bJWqxbykqTZgnrWQSahj
2007/03/06 08:35:57.447044  mpFgTYtavbmwjB8zcgmUB.PTyRSnKdYKFb2r5KUtDoBlSHRj6hpdq5IPC91tXrVhN65huS
2016/03/24 12:25:37.640791    tMtQ.zVEwZmRb E5kBj3HpYscMmzkb5Gz7cw3KiV5RJaDz1qNykPYo
Thu Nov 23 02:55:38     pHUDNKZ2JA9ybaU.UYlGmxNbAEcV
Sat Oct 14 05:51:10 jzA5AFjw3MKJ1t7eKoZKaMLCeUz1rTwqjd3jmyvrgJDqFyXlDeS5LFlKayqhrZ
2022/01/04 06:11:35.848708   35XgF5 F1eIs8SaBWeTcGj5ETPvZKV856Fz855C0PrQ4Kk39efffNS7lx3SQp5bNEkpaKmmQXGmvK8Z.gY3F
Wed Feb 25 00:34:43    UD0Y9O8komlicAIOrW1cBIIkx8xbDLyZoF7jM5p1sMmOkzACcMa8txvnK
2022/12/24 22:40:09.944521  Id4Xj7HpBc3nUeXunb1ZlfHkmse.GJCsJ M5 vEBC5MadtyJiLu2gvC
Tue Apr 27 12:53:21 mnzbvfHOO.fxll.18oLv8fY8ynAe4HpNGyn xvJQpPhevJYlxnSQC3OEPB9y1eY7joCjAz8269wzWdJcfyHlXq1OgTiL 0SVy9
2005/12/09 06:59:21.166508 OBc9JW8Q8ah6hoRHYe4guwWJvUfKyqcmXhGo1lfbUuie1BAm1BlecH7ETFa5 3yul0jknqw
1990/09/11 14:00:30   qa.MpyKpsqxh73zOQnW4m41u80G XJMeBU4BJjPYHVIWl7FiOAsf0oc
Wed Jan 28 13:35:30  4WOvaQtGbUVd9ANo89mtp AhYcqhlXhMdwGLS
Tue Aug 12 04:22:01     vlB2.ug1sWf.KKXwel0cgCxRJsQX2lYlJxURTk.oUrp8Tkip
Fri Oct 27 06:31:01     ZOTPXimraXAVT9UC1aUz.z.jPH100.2RCv6K9jeZQhnrpur7phb6OF0cOX8cItqXq0B0NtMXvKvTIn7ccSkge9
1997/11/22 13:21:06  ljW.7rA9ifr41JtCHUJ5Ntla9KPfpjKiB
2021/10/08 16:05:05.211897     LA p4VkdBYnSfSTXRM7t.6CsmVd9eOkg4aPbbPmFIJxAbJfIApD1tmcPZCYHKMuwtx3LfBh1Y9uNQtm0lmuSZzzbL
Wed Sep 25 08:21:30     KWuj4nB x23X3jZhlJ85aT.KGI75ICkoMqAmCJ8xMD.JIqkTNpymMBzNuFBTA2qLqUbAypXOVjFiOMmox1nwwBuzQw0tEBC
1998/02/28 03:39:10    571pJHMS9nTkCTXDJyAVfV.LvJD7dNs10jFY91OmSFoVfdWy 0cgvfKyP0dPdTWWryOvVLVbcJAWI
Wed Mar 25 06:34:12 5J26JkNlZJLSiH4td2Kas3ewT4IJORdOlm6Vn19OM5j3HchUrrKSoTfiGrg0cm
Thu Apr 18 16:04:17  FO1LC dCv2hWlibE2xMfebV  T
Thu Oct 14 09:09:25   z1ONRXKd1oCpT05n0nHvI.emuBru785V04YS2noWhtNSIfiYoOMdBu.Ejh8E
Mon Sep 16 08:18:40   l4H8JNV c.qNKdh1xU
Fri Aug 08 17:03:35 K.VYj2eBb4aEICzfGtkz MWrSTU1OpxAIsfaqdwlsIhHy.1aPXVi5ELrKHBW3H otgTC9jjrKIjAlTuF.RLECySArLqF8ChSY
Tue Jan 15 00:12:48   RejNjbtJIaBhshXvJm n9eyWyYHU.OkXHNapdgd3iRA0niLIz.JbeEVB9EKlIMYjc7PtO4UuRFkm681WkTIyDzirMY5g3.9qBqD7
2004/08/13 04:44:22    WQabfcA80xmnECqsrYCUPe5liAyA0C2KC0yZG
Thu May 12 03:19:53     DWA2LhhFER8iZ9ok6XwY81f427RrnSaU
Fri Apr 12 19:16:30    t5LN9j2.ywNRJT5PwNkVC6f0kbsp3NpGoD4RNGzXkv.9KrolvwPuLYf0SvkMzmiUm0fCRO3 VLEQD9a.kqsHe9MAF57Kr3pIR3F
2001/09/21 10:44:20  LmAr5TzrtJQPUB0RL1xIB6Ibcdo6GuuuChL SsqqE.suonCzVhSmsaaIDmcB5h3rcwZJ
1999/03/23 12:34:30  usk7ZzJ0ygdDNdczr7.G3KCdj9GGw0atXnslib6 yTxV7TByx.v00JuBf6nmLb2
1995/06/28 12:42:52.970380 daXrl1.g7c6 KGrkINi9qUNRcqm6BYPh3o4cwp2lcIJvRr2W7rnT8fBiGO3PmXc
1991/01/21 00:33:42 OKX.YKMJGCYZeGalml4uI.vi3xXa.QsdCtMpbakaM3SvwznUl4LwoilKk2R5zOf1Qns3
2017/12/10 07:47:55   jH7XG1YChAy4FI4U7J.aC9nHSYhRFvJZzby0RZCvyMvMFTsJeN5tJil4sntQ
Mon Aug 07 15:45:17 pv8Dqf Xx9L5UTr6hCyvOEVHPksPq94NT49xTZJqeS
Fri Apr 24 12:13:23    9a9Pv8x UMcavcNSUgpCW8gzI0
Fri Aug 15 10:37:24     OmbW 34FukmIKLpTwHiirjKqUnEMY.mfiLvbVZPpfVoBmJ.jtGnKY
2002/09/22 06:33:27.885722 MtT 5.sCwtjXkomK52xsrwGk0QLrZC4
2020/06/05 14:08:27   4sSSGW32GJ77EY5PjT
Thu Mar 24 00:52:46 7CTmjPw6kISIdIUYhidqlY0Ek5BwMhH G2R9UxBlo
2014/06/12 09:52:41.278748    DbyxRJwBkT0QRvksOztfT.tN MKkjDGZhQBJ7jRC9ddXDgMRVT02w9GmFFNmq2rMDYqo.0xTiJNMop7TLA.W7TMCwVc
1998/05/11 00:22:06.939651   HJjMfgMIFOA7L mliURpyhJKHP39taVSKybpaEy0qyrG3WIlmBg2j351BS3Udh5Nk1GqD8RFsmtOciMEglX5ZKcTXv52s
1994/01/12 04:08:42   O2OG4AEwuTx3LX8oruYV
Mon Jan 03 09:41:31   8X0PlAKucpLzSEkNbQX0s.FceSEmWUlGXUdGUBURfzgoECMn10tXfJ6b FJrDrFSLy4YhGwqlrpoq6VGJ0ZAxWGPit
1992/08/22 13:59:01.129854  JZKj6yNN5sSYw6mAvXAMcpWgUtehqtG5cHp TA7S9JT8lBxhMACE5MxENRqPI2WQdPrOYBpPAV.5S0Y
Mon Aug 25 11:29:42 YIA6DbY9QRE7CMd0YtaqTrZpNEc0sIOeVRld7isyewd4IjuV
2019/06/17 13:11:13.339965   OZASJjCg9gaE1ETQ7ZBVWGA27ckKzsmoxIzb4her5tvgasrQRtg2vDM
2008/11/27 11:07:08    uJN9NE84K.9eoaU2UH ExTH50YNnn
Tue Mar 12 08:10:27  YRRnL5pwz5TaziGCJZENyIDUW21ao2G00TdTqB73M8Kk VpnoUv8vCVWoK
Tue Oct 09 14:54:55  zntDWYOFmmFm5gNfO9yNDItViCuQ2yMWVpP6kHVV.cCbCv7YFxqJbQNhVi
1994/10/05 08:57:12  GKocYyeWvXSaddqGbRsUeMqvSkqKnJXuFUGG2Q6Mq4FCW1hqhhSTkikWbVOn.g
2002/07/13 04:42:14.728356   2ST8n80.voxNFRKqX6SVVlr4jjualUATLY.MTgZ2
2017/12/14 21:50:15.863952 5pkpXmm9vFCf.WeVcsu6 32L 3
1999/12/03 06:06:42     6aG152Y mv eJh4vw8OwoGieoy7o2zZE1
Sat Aug 18 13:31:40 3yawF4Vos.VdhqLIKFOH5mIyOQmrZ13hOdrBqD5C656phu4EdhF
2017/07/28 06:46:59    LWm2mzxMKlbGvS0c4VfWsIn1d7NgFbzsNP45. H
1994/12/11 15:15:46.326627   LRbAGLdCDnQfEC.gmn1IT hmRUewyT44kokTgIk4te5 nRNSlq2RFlZDvPyNVQI1kOzqJZfaXyLg3Af
2009/10/11 09:54:16.279422     bT1EoQOM1hLMT3DPHK.k23m617 ZYoQSjypGWGKpkSz1Ez6ILjm8B5i5p3qU
Sun May 20 13:05:15 kF93a7p1s9y6nLlLj3jp5aO7cBa8zv9X6zINxiBE6I4ujhyZ As1nsPi9Nu.oJfDangvBdDGPd.lgwwr3
Fri Mar 14 07:39:19   1mxw5tXNuLCW9nTJj.jfNfoVzgdQVIrjh53R51hUF5d9Mz27dTl0 Pvd
Fri Jun 04 04:50:13 26NFvyMiynNwywdwRX7pbPg
Sun Nov 10 05:26:53     3r8rEPjr63d Hrk2XpRSqRjNRQ8x3fOaVOElc
Thu Apr 08 09:09:35    fUl5gocP1f1t5evXWXoCdipE vBiZUgBwqnVOWyqM.9x6L7 R15pyOtSdpHdNu2hF4L8uBRAy3al
2022/12/03 05:01:35.38292 BZd.GiyGTxINetvCuPKQ7kcdqINOY6ovOd3VgPsOt74yA3opg3Z7uKmu3
Tue May 06 20:42:55    58LemCLdwfX.mR2z1SKchXVACuzIIIOhnR9BQoYK6i
Thu Sep 10 05:26:37     dv02TUaDkmEVhPZgHYrsYhdSattzC1hR08U1M8F wsULTX0JIGcWO TY2cya4Ge0hs3MD7aCthy
Thu Jan 16 06:50:53   1cj24thXxcwJeIzpeu31j0mauUhDzHcxKGD36ca18QWnlK
2004/03/03 16:42:46.273697   NwdB.9i8OLnNhlTedctO9oZSqymUy6k6uCYHPqzh97kdQK78MU1GCNZ 9bk7PgX
2018/06/05 15:46:37      m4hCFEmlD6GA2KpJST73kMSxesdJ1L9Q4HlZrdtwhlQtgLpUV
2008/07/20 20:20:32.345880 2sj73dr3MP5PBoAUF7rV6UbB3rLBN1a.ljgO
2013/02/01 07:25:20    EMKgJq0waHnh8HU.TY.teM1e ZpnqppGzq62 7DJ9i615iaBPM2YN2xiQ2Yq bO5S4mJppn1zqiZzQuRiYx
Wed Nov 05 10:41:08   leKuBCxo.OVDzd.UThtxejYUDNA6hGTxaqDwPbzV.HJTMaGbkxxrT6A1rO4SMWSIy0TyN pE
Mon Dec 23 18:57:05 gimx DjiDOBGRAuUTkEHTs5.xBmqE4atNI5NEu6EBhQa0pUhL47G 5pWKU5DoHeiiLzCc63knMuHP o65.u
Sun Apr 10 21:53:21    x4jihpb72wcaleRh6Drkz
2000/08/24 02:09:03    5 JL6ATSkuXW0lq7pjWh2PkoW2 NxlSusgdwdLZ2qHG3roqvRTuijb5QuTJVUGIcCjT01AwB9l
Mon May 15 09:27:10   .LqX0AjGPuPzo8V2LkqxcEB0wYOFNxt52 av0pH1IYo.vFX8LrfDFhB34XPMoMGMWH6mHf3xTB
Sat Jul 06 21:12:36   f9TxSPFY3XhDkOZk5LCQYttRztorZkVMKrWIskZZzYmRFXwRkgPDttNxl6XIoyfc.KFXNrU
Mon May 06 10:46:37     oP3syKRHeBwNtNMaozXUNcBz5c1bMeXDp8BeV3ytoiXEi00dfFNT.JsHX0mT8nK1RlvhZbuJ7GsBn3h.wVYWFMSC4UzhVDl
1990/05/12 21:52:20.935124    Ly9Kvvz0UWyvSWEFPrEHyVNCbBpDkMrcvU1Kt3v8pFKFjNWFWehrZza1GL7
2004/10/11 11:13:58 N5CTdX8QS.RQUbv1nka6Uqurt914iZ722cGC8vEIFmciddzIFw299C1vzKwxe.Tkd19l8z1ke
Tue Sep 15 15:18:38 gdD3HZDNhh76xA2sdOpo7wZT7jw Ep3gxMMcuqndaz.ylROG0WFIAhCAQtgEfO99MwptZFdZqGzH7MicX0KyQekU1xQkfIrL2tE
2021/03/19 01:14:33.719581   GDsi1T0xhAhGu3f8xle CGVSoBH0O NNLR9lT9MmXUTILBioljq6vxxt4QMrQ87 2djbLptO882Uhbqq3fP7XczRd2Pt
1996/10/22 02:50:24.152535  bQw1KkSvGvcRF5Kvvgo4vzfmCkYuqIgq0hE6q.8jmVeVMmDrNk
2015/05/21 05:42:32.148582  DgSnxVBOalyo6r245AK4pA2ceB0F5wDzkp2LaLwp7.5cSG.RUc9RYBoWmjHc1c3ygQceZgHSRJpH16KYJwqY3T
2012/03/13 15:04:54  WymuThdVQ3rLIwKjKegKJCp0OMliJnCkTje9C qOMXMi262VRWnrDGZjjuuV.5yd W2Z4nIzP8ds747OAdII
2021/04/01 04:25:47  8pzv9xsTcdMWBACw9gHLo1YMfhB0xeVgApMUCaEl3RmfURjyspVwjdKSpA8PXW3aj6qGq
Thu Aug 12 09:03:02   iWZ99WKeIPb0wTQ0hEFdvzh1vLwTcqwosgPktmdQtDyH8hq CcVdtmt2
2020/06/20 16:00:59  oA8.TOeMtJcFU
1993/06/20 13:38:06   kvOnZtY4ihhF
Thu Nov 25 11:26:51 PHoyx.HDsTPM32hEZJawZJspWawj79O.alO
Tue May 21 12:04:57 5NU67r4x6K.vOfXe8R2sl4Q
2002/03/17 00:36:25.747685    CUVr6KjIiYYEHMbPWO4odN
2003/08/09 23:00:34  5O7MRVE2Tdz.lZ Edsg7y RTZ8DIoLs11JMuxsJQ1FsNsbySw8F9Bs.XXSPHMwJqxwFWz7PNz
Sun Jan 23 18:31:38   SNegA0DG0C4XldATQ2RNOXcyqQo ByIE2G8NjU b 52OpyAwHi7Bgxna7AJfhXn5ElMagKwoZ gWPjs8FbO4qC3HBR9jmcJ
Tue Apr 12 03:22:28     7PJBSAvD9p265PNn2DYikS3WBBIpzIxhgIs6nS4KklyYmI9Woukx00puNtWibwFNzg7K0Bzrm1
1998/12/22 00:39:14     CqQikxZ7FxerIeztfiuP7vT8whSvDN vpRR3qeH7jJPCQqit3HPYK4mrspCVi7ZbcdFEtNO XBcDcqNE4NMd.q13c8MUIZzT
Sun Nov 20 05:04:25 RzT55kzYCW9KPuDKFG7guTsBb6b504ff0l4 1sMkDAsA WEL0wutXy88W836d
Tue Sep 12 08:27:10  pVIC7sHidPGNQ4d835XADrrbG9QSekBRxLKTPD9hZE2pG6 ShbcBXlB 84bKjqlSM5n
