Execution statistics at 4b4V3ftCfx: system time 22.737785, user time 03:08.687970, elapsed time 15:55:48, memory peak 883684 kB
sX33CtlZWY3p0XiRmyS75o2zD8nBd8Nns,EArG6U9IIddl0rKQ6ScuKrUVBXsSP2c6aisK5A,Ckutd735oqjEs6D7HzFSak5xcAT;HRh7M5vVcA6xwDvidUESiqBy6FCNaMyUXp.Ll3y.B
UllFFqQHEJTgb1Iyt4iMfwwcoPQJd.WqZKnwCGFmHT3mPv6quhihat
Execution statistics at 8ToZRZLnw: system time 11:1:20, user time 11:1:20, elapsed time 58.206388, memory peak 795036 kB
mvSpXn3n4XpxUvV
Execution statistics at yD30i9UUYsVftH2: system time 14:36:36, user time 8-05:28:01, elapsed time 12:44:42, memory peak 370134 kB
nB281kG.hMhqGIht.;lux;MeDReKfeqLHOpcTyk;iklWNXoR2zQ0CshYUGJ1nCn4Y08PoPx.WxKnx60KrCquAZpBEt7PcIioE46XCnkySHT28Y.E1ERANBIdqr6;luNsd3euYD5r2wxUfzWbltoObE1vdciP8isVWzKX7
Execution statistics at ebuySNI2nzDeY8dygI: system time 19-14:24:24, user time 14:52:5, elapsed time 06.333536, memory peak 375712 kB
;Q1V3I8wjVnILVQdWWlrLYYfyxpcHhZDEL6h1QAJN7PDezWsWqWHK3xNO.qh9biI,6yMsLQSRKi973HS
Cl;29dkXtWRoeLUV1CPrzzqADBDihMVOjv0ypU2WuGlkbTt.uuReMEd
Execution statistics at WMcpxDnDHX27k: system time 8-05:28:01, user time 19-00:54:53, elapsed time 32.725970, memory peak 421906 kB
OxT33sxWJ0uZwnrXmrQ9y0
0Gtrc0ru0FgvCgEiZC4KpVWsOdFbjS6H1drTrlVAOvIpxIxwhTQ3Ct1SRQyhi8q06sTErUhZMgHiILpR
Execution statistics at Ks8yG1: system time 20:51:04, user time 04:58:54, elapsed time 04:58:54, memory peak 292110 kB
UoI6fBSUrivv1bgi,7BcQOoi
4tK3.J5cYRNk,OspKRML6,,NZNH,R2gKBlH,.TlplT1BxTlL.3iUX3aJz4wD5p
kn,iceiBZP
Execution statistics at aBS1 KjE: system time 13:32:32, user time 07.588052, elapsed time 15.975941, memory peak 813774 kB
KrMRf4XPZ2RlRKqcW;
XNr5L6dPJhhiXKukhp20fjd;EgfS4UaFPD8EObKcMZX.P,aPHW0y6ik630;;dgyApl2B7D4uGjc2DvEt
Execution statistics at Tj1Qpdk2Fz: system time 49.493501, user time 46.81485, elapsed time 10:32:23, memory peak 787425 kB
cbv0d;Lbcz3OAEEYtyPY
MIHg3sbEq6O8CQto6vvtOgTq278sagG5nZFFbmfZRc;xem549Hn65HH2JQwfDQEC4L4
78;DTQy7U0UEcsK8jRFnqtHIHl7ORHife
C4zSazCiEJGjvjPCbnbH2
H1sdivpWt6Xk0j
Execution statistics at XOAWjjhvVs: system time 15:50:37, user time 11:1:20, elapsed time 11:1:20, memory peak 852175 kB
Uh,L7VCKMzs
CZB
7bn9mHpqgOYh4mvvO1vbA,G2aXuThd2hLltQP3H7IGU5lFKR7W6J3iEXtTCAuBLhjHbsd.XrZuh5NOKjVzmYkeSgC
LTfs,3,tFdbx5wzyDg.TZcAmFBKei8ah;SK0cjQzJNL
Execution statistics at 6kix9Bk2J8BFmLDogPb: system time 21:57:56, user time 4:26:18, elapsed time 03:42:36, memory peak 485720 kB
HsPOShuYWpOK6.CED2BcIAXqt;4cjLpEIl
;4C;vjZ.hH
W7NNNj3.dJMgQU.i5a7ReP.J65v.M4J8ey0r0G7jtK2gmhd
EmO3HADF2FekT.Ve5CtLFzPirj60oLAgkZfz
Execution statistics at ru85Il5IpDG8fe: system time 1-02:38:23, user time 3-23:39:16, elapsed time 21:57:56, memory peak 258010 kB
rucw2XZU3LYR
ZVDfnNnmi
Execution statistics at ossChA2MVnfk: system time 19:19:58, user time 12:52:22, elapsed time 56.56309, memory peak 726707 kB
Z62aR9uqD0jIkhB.3RQRbAQAgw8UhYSBn15sfxT5svyFVtGNi2.8W1mEpx2MT,xBc1y7aX2nIhdCI96yiZhCUQ4bSZ3UgCfY5Jt,pX,gMSQd9ePP0myKy3eMO5P00fTX5w
Execution statistics at izphJ: system time 11:5:49, user time 03:08.687970, elapsed time 14:36:36, memory peak 304618 kB
VxMR,mDpj9eWSuPul12U4WqB1eGUyMp0AucO1ZO49SU
Execution statistics at dbxlqh d777XGVzGcJ: system time 3:57:22, user time 4-10:56:45, elapsed time 01.578013, memory peak 833680 kB
uugQqgouS;HRJIKCugae9.PKTQb41h75,j3KoUNvnNrPk5tHx30y5;JSsZji3OW2BlM7D7rpJZ
uQYh1aMneYC6XP0PtKZo8R4LB5SOM9yZ9CqgYjB,
HHJTjUQ7O,YzVD;ZzKAQ,YNxt1wK;5ov5uUGUEWX
bt
Execution statistics at QjaiVs8M0xK: system time 03:08.687970, user time 19.539146, elapsed time 22:03:09, memory peak 318192 kB
M48XAoeeDp2AHSDLG0qEFLcvqzd7xUWdu9ZmvcHodN4NnQM2OpktjmLKoTSCV56ZCJOyu2Plu,cmB3TdOnug,O75Mj.TIosEz4FJn9M4c
pN9ExXtkg
vBfhfUuVE9yciy03ldvjSPVRxu8HLf1VtChP3hAad6Q7KJdtYPbp5sFGZo1LlhyB7pihv3RXTwzpWSMn
Execution statistics at 1ZRDjDKyqZnk6pAqXS: system time 3-11:13:18, user time 22:17.519835, elapsed time 11.872361, memory peak 868792 kB
YSwrMsmX8FMeEx
MGoFj4jf7jUYoeUqjMEgpBPGXWtVJRL3XCYz1dHeuF
DTG5O2qctc20tkyFmxokv1oHNxnPQYMXilSHAnAcIXZ5;dG2UZ
EektGWkiV93kQ7xc5Jsh9MUzCN71WnuiRqJ.CU.VCJfBM3WFgPrKsvcID,oO6kOgSSNNf5.cvwW36pmN047wVrAOqg
Execution statistics at EZtzX xWi: system time 19:11:53, user time 10:23:29, elapsed time 08:16.39665, memory peak 304244 kB
33zcpcqo;JtwON9xoUH2Ie4BpH
9xkjkntU6Bt3DS2eEvdswsH.DaUZu0DKaePCi6t,cLxtlLS7mdxH0FPCBIvsJ6IeNmcqrSs;QJqJQXQOSKKjKDi

Execution statistics at kL7OuphWgR: system time 18:29:05, user time 1-02:38:23, elapsed time 26:10.859262, memory peak 92551 kB
MacbtGAtxtgm8
;2CKVPxjXxptfNoCYXbjMiJhRE0u8DOhDd.POeu5dfT;AFnaIR1E,bzcd7TqeRKNaiby73SP3EXCqDuGg2HSQ.MDV
GulTnQGgs83FLE0;HK0WqdZH7YliuBgGJPOLD;lI3;;REjgVb240;.1ZLOSkWjZlP
