Execution statistics at izphJ: system time 35.429481, user time 21:13:51, elapsed time 33:12.659823, memory peak 294077 kB
dm,jHh
F5TyEUJUo;9prvxhQpDqnTefceI,bbxg,;S.,IRsasujwJjXFxfKCNSP4gXPrCazY
Execution statistics at QjaiVs8M0xK: system time 2-04:49:45, user time 59.926736, elapsed time 15:29:47, memory peak 687214 kB
wpwB4pL5t25HH8jbtlIJz3zn,ShZB.K;0v0zcyrX
wYIP1
gsHEk
Execution statistics at EZtzX xWi: system time 03.309701, user time 15:28.71436, elapsed time 05:06:48, memory peak 846149 kB
wP8aaxDofDTN
HJZhrRaI79
I6HGHRgeZb
ihSmp0d;MZlu5Dduxt2QfgcZN8YvZS5T4,VvnK0nZLB4zyU2pIeQei6I;bCI9SL16l9a0DPvU3W5.9IoZ17ERMxXcj
iXoV
Execution statistics at 1ZRDjDKyqZnk6pAqXS: system time 22:51:9, user time 5:33:28, elapsed time 12:50:59, memory peak 48211 kB
FkT3941IvLqAKKBDtKKMUAYzvON2rUICrieV0hTsSUoYFKqfkSVArjhYd
KZb5IarQ25wx1Ym9G6uHx09FIZl0qPeYxy,ssrpN.seUc9JLxxw,d0YkwsmtpDYC;9eSijQawsvWZuy5

4kNGNwW..vY
.iC7VdW
Execution statistics at ossChA2MVnfk: system time 40:29.753670, user time 01:07:48, elapsed time 51.626758, memory peak 397987 kB
t,3xOncQ,KHKTNruDASnuJW0oW2RZMA2QS1f2pIPzBC8x0mSVHCdeQZFe1Q,us1,
xo,6XogbGLxwqsoLeCH4ohyKew661OjM9eMdAjnxWoStjp.xePf8;CZn1ACFb
Execution statistics at aBS1 KjE: system time 10.271163, user time 59.926736, elapsed time 7:57:25, memory peak 788984 kB
XpG;lyFOA6.0t72v.mOTeMwJTtywjs4LKQHB
0mYJaqPO2u2V87c,3HPKFkVwxG9rrlgiCEmHIrONfATstudFH4hmxlZpXzTe.I2P6Pofgc9aO1YN.eS
po9HZ,bNajlLy,cftO;mBnsJ3,9RaQexQnQKkT
Execution statistics at WMcpxDnDHX27k: system time 2:23:3, user time 2-10:26:56, elapsed time 13-18:09:50, memory peak 158154 kB
tds;TBgCxdn
ssm,461RlTcJu9
PxZScBNOdvU61qbe
I95yEWa2RN7QHFl6k5LgIJUJD8CdRpjFJGIMos4R4xh6uRvW5AhS,1GpjRi;hKnf.GQaSfgiYeCCwMHoyvfmYhzWpIww;ymE
Execution statistics at Tj1Qpdk2Fz: system time 1:46:16, user time 06.847214, elapsed time 12:34:06, memory peak 563762 kB
RzjeyWtR41a2jQAM9AKLbm29rFdtodz;1t7
