Execution statistics at HBx3a3yA3xx6rixfP: system time 1:35:13, user time 11-02:33:32, elapsed time 10:49:20, memory peak 191821 kB
8g7vckm.GPpBsEgM;p
wYaco5pCB2FjQrc42,YioXS5U;cAy;S31b93mB.UCj01F14aF.Oii1DDlFITVcJ.KeKLLd0Z2ofl
Execution statistics at peuAt93E5c: system time 15:8:7, user time 6:36:52, elapsed time 49.19581, memory peak 101854 kB
gq7SXF
FXdr8qvsFRDbsZNltNwZYn7nHXJidkQhDThcitAGN,YSm4fOGBI
8fh52oGaLVjHD7WWojlvL6PXQKzETh
AUHiGffacEOtCZBEHVXsl66G9TyzlB3NJRwQu5J7b7Dk.
8aRP4Np51;N
Execution statistics at zKVi8iD: system time 19:09:02, user time 11-02:33:32, elapsed time 9-00:57:20, memory peak 225214 kB
eW9f
rMQTJC6dv2mDNFxdvqHuCqf6coEOrMyvjbrl;,,D0glWEV8y3Peo
Lj7mCKn;vK3ph9k54TaTbQLFe
qF5BprJ0.bKIpWjRc48EzS5r,QT4mz5eSB0ThG5;QdaXJyu7YTH1qHsokkLd;f4WRBTBQRsba.6N.W3OrY
MTq
Execution statistics at uWtAi930RvSUCLBtW: system time 5-17:31:51, user time 51.868361, elapsed time 12:41:23, memory peak 727221 kB
tsd1wDp;YYRk;S
Execution statistics at SmwWtzxdiUvDAYvvbY: system time 29.932687, user time 20:48:41, elapsed time 11:31:36, memory peak 178056 kB
djn0k77NYGR281LDWKI7aq7PdvMJrBq1z1sD4LMq6Arq775h8BsdSg;FaiGaLndhPQWhyuGSf.U3TLx2sXPrLztbJfEsvwC1BK1eT4ZD1bquZKcgRKJp9;GdCm8bjtjhY4rGAf1Eaz4p0pI00TiGr4sa2m4D0yL7l7xBpqvHE,
2
Execution statistics at EKuNuSlkYaSXvlU8O39y: system time 16:14:0, user time 17:45:56, elapsed time 9-00:57:20, memory peak 653093 kB
FlhM;dy3XDGuuIhDeqXA6.ScNLGop6KpwzmvjTNAgiBoN63PjbNaXYEaOg2brT,RwMqSGxT16XODbF5urx74nsESSTksOoyaQpe66cMbwTRwbDvnzK60.nFc8ChjbWZLM4nv5G0wlbqVTHsZKw,ol5DGZSikZWr2eP
Execution statistics at Akn9AD7He9 L44kIm: system time 22:33:6, user time 12:41:23, elapsed time 2:37:22, memory peak 513809 kB
DYzn5c43p2a.Lh72wLwTd
v09iiDHHZJfwLPsvxXd
Execution statistics at T1wgZyHp3SqYLQey3pYH: system time 43.88111, user time 3-03:42:54, elapsed time 10:49:57, memory peak 99003 kB
QKAc0.JadWv45Q7LQ5waWcYvhLovloOX5T4XXC5N6HvQ55krOtG.My3Burk3H67Tne,9.Vce0;wf1GbmW,hwUaObD8pUen,a,8zNZcnq6gUNbxH5m
