2008/12/25 15:17:13.328248 qohKZHW.q51sb2k8tNeB9eIlHzDy1.tUhCWmifiMi8AqN
Sat Nov 03 16:23:28   it8QZ4lwPN6oMxtfh2FyqxlZ GNeTLlYxM5lqozo3bkafknx9q1quzc
Fri Aug 28 15:30:04  E7oZBbXWx5R527Atml9AENOYmjK5em0MbE.Q2hd0VTsIPDD1X .KUmOfDYBShhe0veztjaWz0T7bhrF.gS7f6deox
Sun Jun 26 11:28:17     O  gSTrxh31XTfSWMvBHgnJ.Sgpd1dpYTUCkIE0IFawR w3g2.0magHQ37sheeKC0XUhIVd6ivCsA fdc6pNuSdWc5CAerxXjiq
1994/05/21 05:05:18.919320     yebge1dkH5JixHBnOxOIzmIfXMQC3rYGtJf2ZaKJp2r1aWK7.wU7jdBHmEpI6egKcfIVOm8BVZIAF
Wed Jan 26 15:08:43    yM 7558X8hReyIGKWH1deaqr6m8F1dRQ8WM824cHHxsQcqJtQnuWs6isfcn
1997/08/05 12:09:06.454105     lxXmsihaSqmNFGJ0zJJW1Sc55KVnK URs4xf33Xdbs0AI56r9HeMCAHpR.9zz QRG1 rE0IL3YT0BYXCyzb7.PPI1nLQArvne4
Wed Sep 21 19:03:40    yRH1QZUwkpdw 9DHe4CuXmPu9U7AWUUY9V7WyrvXjFufFjL1gZ.5WH53DHtHQRC31WrXGnvyEp9gtEL6e8P
Sun May 12 14:07:25  PQ7TkPYxOSh9d0ATsGXpYBAraJsy
2020/07/10 16:38:21     iJcuz5UtWzMe0e3aDfEcaLG069vjAacrEoQAOrXyMk
Sun Jun 04 22:17:58    TYiW.61kr3r22cJt4JDol6a tj33Xtc
2013/11/10 01:56:29  umgDXthtIJ8JVEACtYdUGL5.x70XL85ebbSSAf6dwfLomiOx.ZjploCN.xzKGmJjgzVtfVQiTKj3HiX6P FUV
Thu Dec 20 03:53:09    TojG7SjH8oyx 7uPe8RpeSGKq7y
1991/07/20 20:48:09    PzzUs68fVTOCIu.EH
2001/11/09 00:17:35.838739 IvfRL0P8zTpJUdPmE5Q4YiGGYwHiK6fZdpK
Sun Jun 13 05:24:25   ALPItCY1Gy9yd
2021/12/01 02:27:47     u 64ohHoNl447VE4Tvo9qBgKP8gLx27is7J70qFnon6CemELYR3kLDxat0XIZr
Sat Jul 14 00:44:03  qOvLZ5brWUPURfwPDJo.3cuCaOjJEABwT6lyN E54XRJNA1Ds5U8iAp
1990/01/26 10:35:22.873008 NqacXXJe6WX 3LJbK2
1991/08/07 05:35:04.963227     G2F4jFDcD1V2g.EqKG1R3.chc1MEEazRxsV7UtcqhD3UWBuc78.mB 2E2RAkddmLHEZVzd2nwHQFnYkVByBihX5
1998/02/01 03:38:46   Pbo61Auymmls48ypQZJ1tH33UrkKuwjJRjFvK0e2WF1joIwNoIyAoRStsMVIjjDSH0IfTUWJKM6oxhI1at
2007/08/06 08:30:38 2mxeph4eeeCVDdHYb6C6oXSULDpxiV7IYSqaM7NyWQpeIYQXYJG7zhxw9tfywJwdj5P
2022/09/18 20:17:40     udUpAl0KyUeRnYMN7K
1990/04/20 14:12:38     k1YPejaR6LWxaSFPYNYw3x6G
Sun Apr 15 22:54:14 FtmFXpJxKPe3jPk7nlo2GIvraYNXMuXHwTlfoa
1996/02/03 22:18:15.629831    4A05I8a0opSY2xVCxe  5roov8.ttPODoblCZoSUMlnxNIopS6JRPbU6PQXfDWx6IEaz9XEqw
2007/11/26 06:16:42    FXlJJC8ISaPAv2NzC0Un0vTfPs4b8Dlc4Qnyu0B
Sat May 03 02:42:36  80yCIMJm1OBuq0V73z1rDWPekN32XgxTk38XFI0YKBw6AazeDPtOqcCj0r4rvb3B4B5gZYniM6M7o18.
Tue Oct 23 13:30:45      hQWtGuSAnVXk3OMyouwb3sZ32l50C2Fv9FZkgg
Wed Aug 18 08:03:52   WFvQKMhXgUmovbe yEFmXs.y1gv3cmXl2Y0GFvRiyXH6VFYYLT.sodD
2022/09/01 13:56:44.804946  yEsbw44mkwa9KVi5JqVep5LCOswOIPr eYh0zp3T4mSiCootyn5A1fote93. tUasr4YZHN0GhIwz2x3BRyqsnJxQNtD
2002/01/24 23:24:10     PzipZ4yBWEMwGbqamlWsSQ9zuEeeSViUN7dAJzld49nMrV
2015/02/15 18:10:31    i4skojAHe4RGNeP2EF1x9mDmGbn3bZwntUDS0eYubu1thrkyOMeVwMxw2ln2TWFsBBz0UHIxJ
1990/02/01 12:21:59.307877  ZWjrdqkjWMKKLjgg250ZqPvDTq7BDiH1VTYNDN
2001/07/14 12:04:56 dxEnZV9QHQWJjOPyOdln0POx45F. 2DC3QI3A fPjOoBDfzop2qmveVGc1SpJIS17T9xyBTU2PX6BWfmoFCdS4V0
1994/10/23 19:22:23  BLcY6YRFVBJv7ukGtpEzWaHtf.qgkKFvqhHFB O4SRqz3D4unpS KPY87QdMX4 CzN2kC6ugylcTuyRrOp7
2018/02/19 20:55:21     LEMo3qDEk3 WJ4AdUwhFyuPSE7sA
Sun Jul 09 08:02:53   Lspxc7g csi8e7G35v6KddGhKzlstG
1996/06/07 07:13:03 HTAN8DfIuGHYCx3x7sDnm8e3pd2MDcOgwX1tWiFvmH3ajh8dGG0ZO1hYOQcM3IP0gvHBtq
2006/01/06 07:17:16.219600     a1OSR sUVeYvB82qX9
Thu May 06 16:23:01 uj4YI1CKH2
Fri Jul 07 14:45:02   7sB3xU0WZQEKFFDHVzu434c NtxdoBX6qQVgN4u
1995/12/17 21:05:22  vJhz.ZNRCiKY
2016/02/19 00:04:12   dDMUhq50F.H26P
1999/03/10 11:20:28   GThSKKCc4lm.rlTko1JeE3ji284xw9l6XDq.jP9PA26yYHMzCnPj74aUVTyk2qv0M4Oz7f5myfCWLJ58wh3AR wY
2021/12/07 00:48:57 0zFzU3xFjPRXarrLdwKz7Sujdu
2002/11/23 11:47:45  kuXDSVy xc0r0fvReu7Fe7NlL0AA.LPxeIvo4rihblB5wXUtNJHEHhNWTpRDVSl2
1995/01/11 06:44:12.638099     Gb3LnQqjYfB0a87t.LNbrjCK8zKKRVN6Df1R uY4ASO.MNRcRZaNfX
Mon Aug 05 12:49:22 gOACOD7o4dmzL2fT7tnnae.oMuLgOpnUYveXWRLrHvPEI
Wed Jul 07 02:55:17   oxR.eCnwx1BPn1O5iXXhop9i8.Ao42yRK7FlXSDBziOnouLSVvIB.bab50mTXVG8oPjKlV UzX.
1997/04/13 20:45:02.462272    StMnZ3MKPdIc2ingRJjeDneg22AvMndYtukzUDC4c9j3m T1QvgajOV
Fri Aug 06 09:47:12 obfLE5klEytNMJM8T7NTXx.eTsyAF38VxzBx0uHH05HK.nEcMe71YeWuzlR
2018/07/25 18:21:23.351765   lnXYASgZjhf WS95 qTSaI.7D8WsP581ESvhWdYTrCPtJJwzPxMpXBbV70SZNzxEetwx RVu92XV2UjwxhxJuVakHDN
2006/08/24 09:36:36   qm4rZYU.6YBDWjhh6t61Rbver1kExE.Sc
2006/06/01 08:24:49.138037     igsXQmh09hUmIVeQIi2L65zPeuyeyYQd.NHLlqWEKSvx0JJ3jmnT.D
Sun Aug 13 08:08:50     sFM79VAmRgpjgRp
1999/02/19 09:15:44.504992    .i1.brzUIhOleKjMl6rnSHje6lgdV09827MuPl0cwx
1994/05/19 04:29:37.878370    S5Zs8wlmQDAVAecZoxgf0gwlTmZ0dnfXMvaKf6TfRAZzbzx.55wwfXc1oxFZ6xVhWzXZC.WKzqewcQTZtEVAxRHh.L4oM
2018/01/03 13:57:37.949081     QttDbooocWw0n3ePHocJtOIOIsw5fpnjdIP0sT4aMWpOgj1woH2z7NvkSjOT.z16kfrf7qpe8mbhAcE9C4rkvTetAnhlVUb
Tue Jun 12 05:43:33 knBY.rpr3PLGLPlLdj9wd30ra0XAV9u9S1IOwor 97CX6Cz6NlwDL.IYv
2010/05/27 21:39:48.492099    Kfv4psLQy6XJ7cPtEG RclP 2W4Usn shIwD3TeFup
Tue Sep 03 09:12:59  R0J8PIz7UMOe0lfwcwog8B96Z5dcvPEFcJoLQQKe3ytvbyS ziRVjj4oI.QjeeS1pdn4fpVz5moSjUqhpB1y5b
2013/04/06 07:04:02.443237   utwhdMWqiw6TWM LShUoF64czeKPyY0EYzJriDSTDtbsI7a6hgqcI6
2022/10/17 12:51:12   q6r5yZeYURElQ5yjsdwT
Fri Aug 07 08:29:15    vVLqruW0iXUq1laQVfk5kOPKcY9DYYRkztzg1tgHmBjJaDaj
1992/05/11 00:15:04.510050 b.ceQwYwvHy7lU9fe0BivecI5
Tue Feb 12 03:17:44     Xdzv9Rb 12Rb4hCZMHbWmWzI7VqZuJq3MGqyHC2IIcmoVkNcfVifMSr VLtS3cobn5T8Ly7.rPLrB.V09wga2aiR
2005/06/22 06:39:37  TF1ss0oKvX7gwQq0GsmJSiTtkUX7m1B8P7ZSldy7Vlj0LoegJFzMxUumlnNjj5Px4UswjbkVnWrdM23Sh
Sat Aug 12 10:48:01  M5mCTTHy67VVbR4P.hfhdRI2JGi8pkjS9337RR3NMDeVlMHunfwhMhWGUAWxaJOgqml8WsbRFl0mdC.Yc7U6WX3vdUflhJ.
Sat Sep 01 10:09:30  f8qu9C8X3be4qzkAeWrFmbP2XY1ynxJ34aohxp2wCZyMaJ2E abCpT2GBbWdrLkJd82
Sun Aug 21 11:08:12  q8WlKJRKI J1KaRiHrSyvE2s5PDuFjlnyJDc 2b6Cx Pjijro4GyLlkB4YwQLU1jspj
1998/05/05 18:51:22  kKRhSfOVt4VpxgN jRJ53qeum0v0cOc8dwotNsKlX3pZ8IaC7A4Z 5a
2011/03/09 05:01:58    yWpdIRnHX3QLxe8 SGGxF MIaq4FvcbGcwEzxY.ogr.BouR  8IELf18r55DliXfOlgJYUGFlOCEcFz.b0z2 eL6zSB5O
Fri Feb 23 12:58:37     M.YTogF2r89e6mSP2UhysEP31pQIM1ZPf..X3CbyZh0h3 GOoLW9MBc7OPI46G2uIhxmN7E.GfgCf.509uLmV7.PdWXPK0wPoF5
1996/09/14 21:16:17.319612   L5bkG7PXgXqffUoojiM4n4Z0A0Ts9dVe6kU.iItPexdlPIpl9I9yOICcbHPDNbj2omVffE1muuPfd99P
2016/07/08 07:19:24.233891  EzemrWVlxKcqWS61nSNo.r0QHFD9gTJ5nsTWyx85pKW C0gFG7UCZYgmnHn0JaIezY
Tue Jul 02 15:53:37     CHvnaRup2rHoP22riWBpphOOsiTiDDGJ7CF
Wed Jun 14 05:28:40   sayMGecP4adXWb1qtDzmdOztAiabnu9iofyf9Ayw2b4cuzZh1CgJV
2008/04/18 15:04:25     BSdw1FR.QJseT6Gq2
Fri Dec 03 16:54:31    Qj4GL9JUXuI1AXCF54u3zvJdoqoQIH6j9EOrMoI59C7LxbetFR
2022/01/22 03:46:55.247814 EA52C4j v9U7VSKhFeXSPiwk.IANhq0q nA2aV VghFiYLHGUkGb3E1tC4L1UZ5USOvLtHApeMGNQJIHfNnyOSHWSZJPMr
Tue Aug 16 18:47:06    E3SE0OY.rK7fHm plwd84p0UroJgxoNybYeme7W1AMpLgsB0wHBbLz62fzHQMMRmMzTmU8gkjpnHQKVZ5PkPajtURhjcGWL2k7NG
Tue Oct 11 18:51:35    mW.wnF1ZR1jfy7oc45n3BOXeJvbNhV2R69uqufYZAYMq
Mon Jan 02 14:37:49 y0RFd88jj4yhOmJuPBSsyKqjOOuqLSpYf0yzCEEdBtnP1N1tmngEGZ8drCCrobCOhkgoVhC
2022/09/07 14:46:50.271668  8iwvirfFbczBKup.IIjPVVmjsDWpx6JbRGL.rSSKeUXgst
Thu Sep 25 13:25:19   sxemWhC44hIEZ0KBKZ4r5HtLtQsToxZ9925smuDg2K.Zb4eZ0jBtxPP4LpNEk0j9KDLxebmtSI8Ca
Fri Nov 13 20:43:26 NzZtrQjGI04rnUv  GKQzAYV8wQWxZtDxrD
Thu Aug 26 01:03:52   pM550ZSPRJyklfDu4wKrvTXZa0z.IRWTD5Cfr2S3OIa
2004/03/17 02:03:08    zQL XvmNjwQk9elPfZnjd WiX0smdjFzfPI5yQbamSJNaBwsEBEGj6XYidCWh0BH8GwaRsDELMsagMnhA676uUFxM a4gAh1
1992/02/20 11:33:24.896225  8OeCeb00FoeE 4DJTsTml.Zy8.puuAErfn704atPzYBoBWB4
2018/04/02 16:34:21 S6X2eXJjVGDuG4Zjwm04i2Ce50AFIiQ.c Q5Yg
Thu Jun 01 14:08:45     UA76Ge1Z5OJWGP.NeED
Tue Jan 11 21:58:08      SDBAVEZLrK2jbMRAkHRqu5Lp1XWwyR
2003/09/01 19:54:57.275750  Jkmx3QHCIrkooyxp
2002/03/22 11:07:52   2si1NMychBcDBF1XDkJPgbYyIk3hIZDrHTkeJFNDRR4SgPN9 P
Mon Apr 25 17:14:20   LRdGTrvC2GfY.OFceg7xARIo1a PScGoZBTVcNV8gIeyZb4cuxu22jcIJffitzpFvj hEToFLhwzXfotcnUmsb4 38nm
2006/09/06 14:50:20    lr4nZzpbywIMvEFfby5dAgvtCShQ4TX92os
Thu Dec 10 07:33:48    qJ70 IwHfYB
Wed Nov 27 05:43:27     dFOIkc5WcBM32EKEFoV5M1Xp.y4ieKbh3fx3c7764JVPlltwgCoT7wH
Mon Dec 03 19:59:48 cQ8OkfxvIzGp1d6hPfZ5Yfcbkw..wrlrTyalGH4RI0htnIz1G
2006/07/26 10:00:59  Qg556ODeXCdVRVt.3q.Z7vljf4RkGH62CMA.0lW7xekwm.hIeXx4TcRdZFdKHxuydjrssS3sq
Mon Sep 04 07:16:12   9gwx0tpo6LL.mw4T2VvXxA6ai5M4DcfLhJLLvV1VPiXSVh7TG3iHQttoal1utmHfBd3v
2011/12/22 10:33:15.878905 3bm4qm5rsqy1SoUoC0lmevRcJtE6RuahGi1rt
1990/03/15 15:36:28.880264 ZnwKbEJLc0rRgwtLi
Mon May 24 20:42:31  iJnmNKtEE jPDn2raStxs
1996/05/08 01:27:43.798062    QPvccK6XH42nu.6azhsn8QinpusqgwT9zNByM0H8hzLT3eEYq9Cur9 CDjV1llrjuCaMOV.KwhknUjHz5FZunvROF9OXB
Wed Mar 12 12:11:09    AiwbZJ4gZaGUuWTnGGJDSHN.ioUmSc4a.FQkJcOPNXHPeHN08sbQQaZNl0MwwipZQhTH3s
Sun Jan 17 20:21:03 MGBjoCjSIFZRqaL4.sroxvadRhivNYqELXuSe0VuKH dYkUuBxGZ2CWaT6 2QtwB24s.Udh1j2qE eHOSH
Sat Apr 05 05:43:31 JzIJWj4tk4zijhBsDyqxqj7OxXUD uMQDKlMN3xuoRvChNmFuYjff
Wed Jan 05 18:28:19 R266OHFGp4KYr7h7b7s
2003/11/24 17:38:13.364138   UwM5mXDgzJe7vO5quarnrt1FJZlhk96U5B97itfh6DX6tn5zZHKKYI5iONLUIM7HR.gAOjzPvOuDA.gPa8EXWiT
2008/06/16 10:54:44.63745     EfQ3BBm5C7EzREQ3MfGyrst
Sun Jun 17 03:33:53     dSCRfBuxPPDGsvAOajsz
Sat Jul 21 02:14:16     liUotSBy7U5YhfFU4a6OdhUrKg9.LY1AD8
Sat May 26 17:22:04   yMOQ1XtGwNg8DxLCqqanCzK14I. bf0v Y9LFkQn05XkQNAR06rGHgxVKItzfUfwPw6ZPEQ.zNBnoyE40i95qT4
Thu Feb 01 10:34:34    MkF4xXesoISJQtxpj5Dwo
1992/12/14 07:17:03  1jZsyRp6dsgG5TYLvZTSlEtHZIq31Z0jaGCGDZ1LiGmZ
Wed Apr 07 15:37:13    uDO8FCO1V u61kQp9XSTTV2
2017/10/06 02:36:39   vZUfp4RlpOga6yAF5SEct8ggRAqnXz1Oo9Oc02wDJynJUr16N5j7Vuh7KnTKFJIKqYJcd7
2000/11/15 12:50:55.355273   ofwB50iQMFTSaLIDge
Thu Mar 05 20:21:09   0SX4BIfkOOqgY0Csgkxw7ISpvA31qNCxIvcA3jGKeXEOKJa KbniXbt6q
2021/01/06 02:05:40.186665   Zxuj6aIBU2uf9qeGtiteXTLoHHEjzsgUdu9KDjwYLm9d
2012/02/12 06:35:43  Yad10JFFLgi.M7GsW8nHTKv1k0Qx4DU7
Fri Jan 01 18:53:59 bBK4ewKZa41hzPQSqhqZHkC.0vJqdLvAejcrfYxb8hmW1szrXctiEJpw0BWh.Wc
2013/08/17 12:27:00.686883   SDjaQfOGiR5gWSCubxEDPItiaD0MHjQqkcEX5fwzPXWxUD2FVUz84UPgGRSZSV.Rd
Thu Apr 03 15:54:38   dsLZ9uDfgEE DFYyiXNlREdePxbM8ZD0QkMfwbbqIHPK45E6afHUjWU.4KulDaaIz8Mo4AIdW
2012/05/03 04:54:21     WXqnsxW2Qj2qw0eoRhjF.iEXcsz86uXKZNawEO9RiCr
Fri Dec 04 03:09:17    PwdNTaSmV2ZL8G1aOI0ZEBJ1lRMMcwDVjGqzso hnu
2013/04/10 23:56:27.741738    SOBcHwLkBhPW
1998/11/15 03:24:55.24816   ICUq6qaLARm7SiqMd5ySk4mtUu3lzwwjJ9al2JGd1i8jIV2cVtgy dsX6iCfBwN7a7CDjKfYvBO9xEl1dmGFd6ZBu3
1996/08/11 11:12:39.987897    4qs.kVGXpK60TGkqfRa81WoxXEH7EATl6mlEhJdAntd6N9EnKRNi
2007/11/11 15:30:44     e0zwqDeigM.daHPl6jf oR4gjA0PRPaA1rQR.ahmes3y2LE.PhTWP8D00OWHUDMyMStsXTxTqayhlfguWCzU
Mon Jan 13 06:49:56 fuy1LfQvD McBcmapMrPLTd
2000/11/13 12:32:06.1106    zDCShmhmGdrT5b.mVHYgvcym3HE.9yo7TUcVxk.z01ob8mEc VC8UfRe2o9
Tue Nov 25 20:38:35     cgqCjaLjG2KZmPVySLQsQoiVpcA6xJuMaXoACkddQgPtoDhd bDryIDccTQCWWEe806claXQ5RCfcsMULc
2012/10/11 07:04:54.143071  E OIggRl0l AvCMWUQps6bAQpdHKmLj2joP5YTk4DES0bPs3ZaWgqzxcisSYMlwk.PRo X4J7GCgtEG0lu PRNdH6HM
Tue Feb 24 21:33:05 WFj ehDN.rj HncXwShtKbn65Ajcz
Wed Aug 10 14:26:34   YAVqvVR03qMCVA HajU.VPGDFhRMCKeOlvv0W49hkNFrM.iWEQj0GEFYEQYIQLFENiB
Sun Nov 09 22:26:32     L2UDjrutAm6YtddGY1urgxy5kuXNLEepvFsFjhLqnZQKmnwz
1997/04/24 14:36:32.750531    bnClugzxWuWO89MeIoDzFK0c8rnm70cHlG3qHiMo1IbUb6zJFOLWBb4s.8yWU8vXZXrUfjQXK9Wl N1JjycfjDUF1uMbZa
2004/07/27 09:47:21  GcrI8h9jRdodMcn.AGVfPy6V3JHzQiz3KTC2cGGmElY9zi.gKTYDaH3B
1997/09/17 16:55:29 pBUbvgBO0Ev2Rz3BG HLQaN.vJRjM7EG3VXF6AiEnbVlu74zS0sihW7A2kt6fN73JiZsJLLykGe2v6
Tue Jan 15 07:30:03     RBC6TrFbzvv3wNyWr0Wnxql0FHieFttFO28mrntiSI5i1Hjas
2009/08/19 08:18:49   2fQxVQLE7vnAj.L67rrPi o25La.ZMbrDuT8Gb2bjxeVX2MKCGA6Ku1idG82lqZAgugWxMj
2012/05/17 19:22:06.587580    Hu5PQEasEmIz0RhZ71CacKXET8QHGNyw5EM0pli
Sat Dec 19 17:35:17     y 2H9DZtCogjAFpb5AzpPc30jRMbRKnS92nfCnQpHbwgRHyDkJPdBp7pow0esxzITXZDH6MRNrwDxEwJD
2000/12/07 14:07:59    U9iYgdZkxaxgXaPYjcw0Lq5T7BippptEdruR 8XL917SR59x1xtTD6WBmQEDBJ3u25aoWHSdP01jP1kqT
2017/07/16 03:47:39 EZPMfbC8imYuk4P40sZu3cBRvaiD90ERmti1a65nvp
Sun Nov 22 18:30:23   tkHhNDkhZMrBSiqikUqzbrAHDDZIkRdVmf25RJjkimXV8nitGwR95FVB83pnKYvm322J3Jy2O
2010/11/09 15:32:31 ZEC4KWen2lp4bN9XDy04KQ7JKWsGq.vtx9pZUuKuub78zlv7XwH
2010/03/22 15:20:07 qgqrMi.XtJX1fCHdOoCR GpzRywmYlhDoh.lBoemxyphR0SvVXw2sG490 eEvPdwsBM3
2003/07/24 01:01:04 5kLht06YG59RldKO0OUrB7h4fD
2005/05/27 00:30:51.662070 9TFpeZvxMMer4YAW70D2TiZdAT
2007/04/18 16:36:38    Hd6w5qpdVTKuQwLtIqAw7CAzvhPT4FN3K1YH98S5u.678eJWGXOea9UMUCEL6JLC6OxpSTVZS1rzkELId5q6h
Sun Mar 21 22:21:47     wR1yWBB87m.Y0fMOgyL4evM2MdLrRHIxcmOUJ.r
2009/11/22 15:26:55     WmQWe5mNM03l9DxCpvl.rRJe9ivzRIpBs2uqqTt.Yolb9d7svRmuXZoQXlREKcCAkrdtPAnlbOG 9D3o57h2z63MJBhf2md0yW1e
Tue Apr 21 01:38:40    jcgFU5HnF99FolkuT
Thu Jan 07 16:20:54 7LX1UxPjLN8lVLLMLiUWU3DliO2TjP0dJK31RTPrrq8gEQmVt51L2j4yKDpylEk1FF
Wed Jan 13 21:43:18    VxhkRuRCKiJDEpzlnxHCgktjM5QJlJpC1tXWz6smqMh4iTp3a2t1.E9vBqSFtVBPSnZi2miuaCwYxwC8wn FjzL
Wed Jul 28 14:02:50   KC1vyzU38Yw 1W270GU8hyWr7N3R2AThpiBJkBIQrEORpeU6fjGcQ0UHI9xVEcjzPB8ASRAnYGieW
Sun Nov 23 09:52:56 CG0r R297QTmqMMH0yzWW7H37oTaXzg9HjT1dD
Wed Oct 05 20:32:06  KoF7LZTV.bRWmQPgDBT2l.CDZiSknC9PImpMzGk9eYCyLgi4mI3d1PBtvIiZkZBgUEKHaQTipf mxzjR1a6AijkQRqAv5
Sun May 01 21:10:41  mitmKVZ9PXIchPb3U0eYnuA
2021/06/07 09:05:16  rrspxrokZiTHpRaEK
Sun Jun 16 04:13:42     3yXgUOoKeJrot BsI eftU5y0B4CmVAHVTMbOwp.wzrCdwDJmBM7XJGBpIpKgjhAYe vKoO
2002/06/05 18:33:36.702890  EUJ.1hHP36EsWGGN6UIpuZMpwceYO5HfNu56ITNS3Vxbs rHDkD3g3jCYKQVfAOeRe3lSgKtJQC
Wed Apr 04 17:25:50 g4a7LfMwXU1C3ug1a41j5ktKax6w7nSA pdmgn
2002/12/14 11:11:51  sdnLbS7E7xFgmRYP9TkNFuw9xvYh4NEjAkvvmshbVUJcz.Ziy1mgyplXa2VyU4 vC2dwswrWiCmKs6EPoyilcZ
Fri Dec 07 15:21:27    JGRIaBhmEI6p SQsCzJf Q8w2Z5Q0kFq1VG9mhaY yw0FUJq0Xza5riW3hbJuQ0zihKX DKrgBO9pHo5XeReJNrcRoEmgYNnjLs
2010/01/07 10:11:57   NL5izYbJQhmQk
2013/07/22 12:04:57.703265   MzqCD92ht3ez5IvKuf
2004/10/28 21:30:49  rX0XDdu0wETZ5Q4cf0D0iiBStGDxvkzvRb7lqXj9EL51jwOuWrLgqYTj8zw65IN079
1998/03/05 03:52:27.817309     O1zBpOa AIh3Eo64NaLirBqXSt3bAo7l9XwaXsdbLnr
2000/07/09 01:58:22 I4TY3oxr.c7SJBtRUmmIHiMeL0XGfdSIykxWjrG8pG5xdb6uZl7dazPSXHpm2pMAhwhhrmSbklgVOuY0sNeT
Thu Mar 28 17:38:52     3ro0kcZOBIwkWWgZS mllwmCCZ0TtAAbWLb0acsW.0igTEPpOkiGySN Wo2ay4z9mU.5GmV 
Mon Apr 27 04:04:02    pSA0kXXPzl2g64V
Sat Jul 08 22:56:41 4Ssu00K6mPhozBm2cWNGBqoLCNFXjZ0BTEug9JobN26
2007/04/23 02:26:35.709499     kiuAZRYhCI1dH4fM3n EVJCipyIEEYJcdnS9yHE78s0BjN8SKAhAddR63g7
2020/12/14 17:19:09.714366    NnaqihIiawQi2vZ2 X7iy5beJMaStvgbYSvlf.zczxsVErrfJTz60byC2V058tysMdFvTbjl
Sun Oct 01 12:34:57    whfqn.NjPEMImjGxyzjdMxieig grfYbD
2021/08/26 07:34:55.480210    DNMBsmDJR3GOpSXJ2n8wXuu.yU5s
Thu Dec 27 02:39:06   CFjIBr2MUl3xrmy
Tue Apr 09 07:10:20  jwJ8vcfEJr0mTuaYL9K7TBVEkdo1l9t0ITiwLWTJBA926dPyzh7L0
1998/02/05 05:34:49 .4zheoibWmtPouQ47rJd8kpMtmpIXTYNdEHQGylAYQbmVjFkwC2ZIoMnsLzN8l
2001/01/28 17:50:47.661770    luwCK.MwH0DJ0I.oTkLS1VgtcEkMfnVzJhuACROwBwQjO.g9fgbIB IvInSdFfcUOiB5dmvy0ZNDq.ztHIFQ0
Tue Oct 06 22:11:37     R3tFPOgI37caLqgkBIpl7wqEocqSWBgw9.j2jbb4Fz9l0ssW StAzL SanUpJjb
Sat Sep 11 09:16:31    Eekzndf5 Zd9Sh6JXF1jNo0WagUA
2015/09/10 17:15:28.308985    piKL24A.l79qsr0SF1JTW3KsczQbH0wPv3W5jVFtTIMSgiZSDoAfL X
Thu Mar 23 12:05:26     veKInEXjswY.00wyox.nNcHIH.ICnGy5zm8r12x.O
2021/11/04 00:33:17.449 J8lKtnOPr9nrwCVBCrO2a4tpS7zaGhW.SbgoOIByEk 6slsCiz6eqz4m5BMTz1UqdyZVyURtDEKiMpq4
1998/08/02 10:16:06    GQtLha05mbanSb81u.KCTId2xvfWU3lf3Hp4AzUSSqAK
1998/10/07 19:50:37.599798    W0uWH.DDvqYWu303oocU13iluqZc6FeibI4mnhxL
Sun Jan 09 03:25:27     II ZlIjg.V2vf9r1d
Sat Feb 18 20:59:32    uYmvvyXO 1oLvmauoaiJCQXvFwgDBszVrZyoPJyZs0Wgan6tALhGScqGFxPNw2MptMfv4KuxuAzD5pOPL.fxeDyICMP9Ab8
2015/04/16 09:05:01    jFs4P8H7L30LhpgrsrAJWflspupON8hbSS2ldtyrgHxwWPi. z92GUkalfgN7z3TO1t3mgzA8wDhdQ5aB8AucusLa
Sat Oct 08 09:45:21     kvth  4StgK2 onRfeWA4AniE0KxUkaYdjHfrAn9aj4SuZxb7cSoi
1998/05/07 00:40:29     cjOuWue4U5Xu
Thu Feb 12 06:34:42  NXFQCALboNyOFTw56TbCIK6AcMWhSub9mNE3rvWw9
Tue Jan 19 20:18:13     y68vdTMYI5
2016/02/17 12:39:22     5YVbKTKnwaY2INFbnxJcmKPXObE1NTS0.v6yh58 Sa2QmUNpGWuL
1994/01/20 20:23:25.627089 sWQtyhwM6KtXtPp.ugT0ESZEWzXRBDc9jIETN5hdUOTg1TpgdrJxFuSmm4bAZ.dR76QV84Nc0u
2001/09/22 16:32:42     bFgTuy9StlS9Sgn33CmpAuPybO94BkB3lhVt3KENTuQEME.dEuraIc 5sTMfORR tnx vxDpZjqFt9SoEriY9H5 lUDG 
1990/06/09 07:09:00.692934 hvB.SPjBofYpOy
Fri Oct 23 11:30:05 42M1yz9wQ5oTCzFucwtMbxOhm6 9RY96BmIBVlJp5ADNJOZIBMzdCO7gyYMl
Mon Mar 07 00:51:33   LbRXV62V3iFEIEiARak
Fri Aug 03 19:18:08   8Ih9anh0p97NU6PTbrdm5A68MxVEQtGdRYPKm2I6NEeFs.qWvTAnW7IK.
2017/04/14 03:32:37     DcDZw8el2AzLPihG.TTey0uebk8huXwM6PofqPoGZI4iLwgVEnNfi9EXHzn6l1fft1MQWYgS
1990/11/26 00:30:50.384088  GFCAsF9iOy1wQV.FQORqKG
Fri Apr 07 02:03:47    Yzo4o.llZ2AF6EFRTLoUliXroBPME3WEnjj2nEIO4nNmnsTjFXbTbsJ12mek2
Mon Apr 13 10:47:43     TtGDEPNTV8wSKmxYfEkB xOqbfG4gq7qMaQUllJSC9ucn.4.VsfjlYLmPbe6XB
Wed Sep 08 00:41:09  5F4FjjHJk1XvKZUmi3ti1Wfl9cizrjL ZFKfmV.zx1IFPrJR1LCgP3gAdxl1rAJHL5bTVMCFQOF5HmVIsbm
Sat Jun 22 13:37:31     gUPzxj4tNxhOEPyczlsc2A9NRlVbau8tI1txC0QlgQPtJajTPLvYttnT2kxHNJpnw6J12RQLMBC6iQFwLxI1t.WjQn
2011/10/16 04:45:58.526093  UIwx7ffs3FcqHlthrhEc96xOD87Zas8L1p4bAJWH7vyrwnoO5TVzc9Nq.4nJ9Me rFCyK8.rpuXUaF3YiPd9Ogw PYm9WR8eNRpz
Mon Feb 09 20:57:12   xdohTOWX7mbtN.wCpYNZy66mU8CnT.chv5.xm9g3cCLeujG9
Fri Nov 28 13:19:00  tpv3iTyppxOahVG
Mon Sep 05 21:06:43     VdduI SsZbf5gMbWNPpF2CXgORDPkcV7hHMgOdg1D2h zD
Thu Feb 27 23:13:19   QIX7bkbO3DyAe11Surq5vxi9p
2009/04/26 04:58:16.363746   TfOB.8kbzQDMGt1W9zzKvDwRL8apGnh8ijY7VUVHuC pT
2011/01/14 05:11:10 BCjogD4RPmS
1996/11/12 13:27:18.254153    nrRWKNzt5hRjxg3XkIw0eZx9mpokJpb5nN71aZTxtoyaICfgBgF1FP.RCu dEKqrJjZwiFc6oo3j.8vwHniR0eSyPZUAVrMArYn
Thu Nov 21 01:22:29    F9TdgcwmYzR8wjxlvVUYWmlWwR0dgP8DaOnrYwQhj0395GeG5YWn9r0V.SzhgBwOCAzpV Ik6WI89G
Fri Nov 04 13:07:19  jqlpZYwiH8Ly49qxU 193Jwxwbvj0Sl3 PwaXjs1feHj9c
2001/06/25 08:03:08   d5lSZfrS0wlnSnSyNyZocAR6OB1HgYS1Utpyn
2012/08/25 05:12:19   2GVehs3COGsQ95lmgv.x5zPEmnuW2gKE2FeZjRXVSbyz94qlR
Thu Jul 26 01:43:39 iCnQsMuPO85F bUUYZf6ha03hQdZ6d4L644815M HcSAPn522pwKow6pM7vyi DNd8hWEzgpnlqOIrAgbjGx
1998/05/13 19:07:06   lLdT.Fga ans3x2VgpXTGyku6T b6g5P5
Thu Nov 02 22:59:14 vtbOpfK0NRywxwXFpedfy1RTloZVDzU kooDZn98WriIyNg6PnBml.Aidzls7KX3HFSVs.Fs.2 YNho7qKG4zzSHwKrTdw
1998/12/12 20:02:23.757892     Hv8AFET8eF7h7yciR
Mon May 23 10:55:32 AfaQj8flgWXn5AEmanzXqh8p16PH3EPcEi n6V3LvwWwUH4UGAr2JN.UKsy9vTUEtqc46MNmE4Bfr za.djR8E
1998/08/04 01:51:47.935537    ufaOW6WshOEce6moRVyE5JEmqVpW.WuEGrU48b4OD L9DEC1v.6ztv6NoB3xR1xkeRW1P3tOUWitIPZ2fGFJUVK8cj
2014/09/13 14:24:56.871878     1fCxVO f5tfwIGiLbt.j.vPHofehZykrFfNhzced6ouG7E374iFf. DVurc0TuVWE4AZSca2ltqKVk4sg7MBFjxrmAUy60.
2021/02/01 15:53:18.592553    XR.6z2mE3ifkXY4Xqr966hY4bQezvvc4YaQmhtbx4aDzaYjoRLdujMDH AYtp8vLPHLzJpd xQj.GmEqisiPy3K7 
2007/10/22 03:35:05    KhGOXM3zdyOhmRydNILs2BvpwvMpS8U2uQTgZoj3hf2IHv0mXX
1996/06/14 07:55:43.189188 72ToWc5BeC2LBBV3cZWvIsx5OZnE2mkTpCMYFmoy46QujlfT6V.s301q.O3RFgAUq3yqEz9f0KO292PxMiyjYY
Sun May 18 07:02:36    aEuOfQ8OPG FJA.w9NW
Sun Dec 04 00:15:16 dZVj9wZW10Iz.4J XhSeiJXpSURlr38dWLmxC0hsTkP39GQkHi2AWPrM qAlizMpufuDd2gYELGLLsWZoD6eVsj0BzUOOv
Sun Sep 07 06:10:49   oBOJP hcYhWgE Cx4B0qaZOWms  DAfG1lG4arc3yok.EPFWfD. jMdFbr5MjGPEXcv9.qj6xQAch4 XHAuK 3PHzdys1M7i
Sun Mar 07 22:04:26   yIv7HkLkO2t3 7aO1hPiR1qoogiOj2NpI9FhAaZPkDkhSnMVDi0uD6YjwXKlfxiiKqNzudwS1GgvBJgtUCoB5SnJ
1994/06/15 01:58:03.994201  d4O2LJvSagn
Sun Mar 11 14:13:06    hKVU4KWXuUc8r0eAdiFEkZxpCUiPFzCgtqFGUtiCtVz6gsMGLEMKJF.UGdq2X1.iNOXFC2x3fvJH1lVT30CLGVfu7EjB29
Mon Jul 25 04:52:06  gA NbH8lA2ARueTEcOMYQxF7xPFPBFpDv4qRDUBRLQLeQBmtb3mXlz3njgN6EX3X8s0yY9Y6o47KLQwXABUYrhpNNyH7En6tzN 
Thu May 15 21:23:11 BY.FWfaSp3
2008/07/09 23:56:16.661917  eVrLdoR5Ee Bfnl9djKCOuzE0mHW65lFTemFT8Ev0aoy5TX1RCU5PcEcVH65.vQrgcK9gdWIDp8FlYigJMSyYvAWtQa0SC
2021/04/10 01:33:35.64840   cmMYwj.wa5gPW5D.7Thjh Bos
Wed Sep 09 16:50:33 yCUA6epAD8ZqxQ4SuhK0qVmcGRyO07tRL3
2018/03/04 01:46:52.499522     DASWEGamoE99qdKbopRgh4v4xzNsJpAdpZeP5db55klpFwMV.MkbqQSXpzrvedXBR6iJo
2000/08/07 04:26:46.174156 4welrNmFS4mU4vGhkrW6UVQRkA0yITwIq9texKvVsAuJdhT1rzLSffVEiELdfkjAIKR5B5BFw7ER5xTN4a
Fri Jan 08 19:35:21     jqMOyIj1nrnBWMZO38NFdP
1992/06/04 00:43:01.128294    Yi2XhhZqbllW9Q1XZekauTGIAdPKodoPAaIQo4GOESsSj5Tfq7x2jhE9fWXARHsyCn
Thu Jan 05 02:52:52  qvmdrKODqM2K7zJFMnhbW3Em.sWZdt17q3NMMCVb.efHGYlcp2Hfw3nZUYjuhZng WsbwiRtZwPWD1aUXuMJ
2008/12/07 04:24:28.441414 oIxAnJ6CmlCmW7M2F2zBEZ6.e1RniRDkvmhOdzSMoG40a31b0T2JlsSt83GovD2.OJQX0reqb04706u
2012/07/16 04:50:23     6 0NtFj4jX4ZZ5Gyr9aQ7TavtZnVfBZ5v 22.0NlkI2l6WTIAdjWmKHt0l5cmINTNFJednA
Thu Apr 22 08:31:53    iwCEuUgprCntgu
2008/11/11 11:34:15    2TFQ59L031HQagnqeVz Fx.JYccwrVcy46YVQcpuBCFftzqewMwOx.WZTn6UGNi53zWWkixuf.vDlmULD67STJc5BPK3
1996/02/07 01:38:16.784403  eckupLEyB FO5c8XoM.f
Sat Feb 03 20:18:14 KVjmblkls oe5SNLp0UdLrvi6EJCFf0mSdobeTEjJl92XYoSro.4A8Es.Of4vjU.rtfBQRtVUskOdKUx0W Xg0uMOl
2017/09/16 08:59:32     4xHdjheZnxV4UXJe4PcOZ0
Tue Dec 20 21:55:52   jTZYytm8m.Q5Vpb xCIJ13d
2022/11/11 13:59:43    j5.QKu2xzqHczx cEn6
1996/04/11 07:07:42    E.TB1OTG.iL
2009/09/02 14:35:41   EiMx63mF0vszh5nPwevSUHxdj4Vq43YQKtvlhvHilSot.Nc3PKy4s5T5Yy0XebayvsDhjtLXDY7XzI04gCh9JTz1.6EFK 2
Mon Jun 24 09:16:13     ATYGSfavqH8PKbPdYm4 S
Wed Aug 25 23:03:17   k5aFbZsU4CKuCVGEc4mt CUMYUDU0gaOEBRjI05NZFSGJmmfiY5fR1d RP0waCRc
1997/06/07 06:27:43   33XVIjogIKiFD1H65j0bzUDOEQfIYh3Q
2008/08/23 14:39:16 .UiLg1shIc.QXDsK32pGQ3Fij
Thu Aug 20 03:24:59    C48PRhnkwP QdGBdtiZEk7CWYQ3m0i9Nzz.kLczH
2015/11/09 01:40:27     VxU24f0PUpyXapCuV2kbP YuGNZ7bN
Mon Aug 12 01:31:57  YUdjuRpzPQHc5EvBgrTl9Gpr1TjZSoqgk0QzwK
2010/02/13 03:14:32 oqu.6gs1W0e76sdQ3vUc3 mGEz0SskWycCpQExCTz9O1whbXf TC29 00vQ5xH9cPpdGKwN
1990/08/13 21:32:14     xm9NNu.yLygC
1997/08/28 15:07:21.501198  XBmYVx0qEteipBuIeuNAIz5R9UhUrV0nUvLOlfQH9lM9xL8s0J8TmhbaM3yWHadjWj
Mon Oct 26 16:16:29 PQNipVEGfRvc.30kP OilNgI9XuuQ6wmSCTT37DQFTEDV8kR2gQ3lj2JbHl
2018/01/24 00:40:22.218827 ySYiZlSjIFuehxBmkAQ6kFWw Lukh
2019/04/05 10:50:54   Zu38pAym9LniWcThDoqK9cBc9XaG87EkQP5GJ.0g9YNeqB1r1gNSlVJj
1994/08/17 02:10:59.706802     .8i2wkLrKr8.i4bIaiWZt0C
Fri Apr 22 07:16:01    9fhvLlqlPAOFuqSgjbrR93R7FJ1IHWzHHSYqZ6RCJHkx69XBAxHck8LEo0CCZaJKMqWapVQNyfALYmnPa6Ojp
Thu Apr 23 20:17:51     2s2rfQ 7 PdHafR5qX
2008/09/20 03:58:57.449245  wrs.RvdX3FCMql2kQm 7Vn2jW3LnKWp 50pOMxwXnd2lR5VS4M
1990/02/02 23:50:16.871162     gvHJ UZ7DhwlHHkRzRUNebKMXR3HYHOcC8 WJNmDVnrshjfVaPNZtEchlv.f P4B33hg8ZkW2xaA0.Wom
2000/01/17 03:27:34.397445     U5evDqb5xF2UOnK8X5OXosNqDORGSHgxmOu
Sun Nov 23 08:10:07 tMogZAih5D3fqNnNktwI2qSx5iFkw6Sg7j0AiWxbvwDRoCcSOepZfWAN814KRE1pvp4
Tue May 16 00:17:06   l MJi2VUgTSHRjXkYenjsyVbfqP3m9Snbrc7da4.Rd
Tue Mar 10 19:27:57     7gvnd3lbmuxCXJKfMXCmT4URadoDY31ebnaHT0fuGunMulKBy9nONBygIj7Z Apc6jVyiplba2sCGN0PLp2zpMu8UvN40Y.se5 7
Wed Sep 24 21:45:13  Gme.q9kNDe GhVXjGlqmjU88
1994/04/02 11:18:54.718486 bVCElSW5L58S06fxiuTdamfzGbz0w U3jca7qSMHM
1992/02/20 18:18:13.897086     x2MoPkqZQ1IHt.Dbb4KA3E.mzh35Idvav9sgSIU0s77UCoWKTenqD.N79TrZjHz21l
Tue Jun 21 12:18:42    vjjSFwYQgixEKkTpJIkGH2jAOOSZjlqILPdcetn6ycCWNwc2MVoKuoNDxTUDkEEZ3fWsFpXoVJ3Yp1HkXAiwUIByplrNkpCqSQYQ
Wed Feb 20 14:20:39    .55Y0ykKztiFaYoeVq3PkuFDcgXu2aeb.3JFG0HD0XQDalRIm7J
Thu Jul 25 18:15:18   pFJSWfh6F1v8YRha.5i QcWufFjcF
Mon Sep 25 11:25:58   OAS.8xh6EtyTjyAflVi7 X2X5Swcq4zQbZ4WessC6yq4lMrrdXoeGp CrcLxMKRk9oLkEUTKJGWlKWT
2002/01/18 04:57:30 CNrcIN9KmSB61XvogPn8ioF8ImcwApw20I9gc3G6mwlbtslJY6TH2OCbvXW4C6zaCwLvJY0MyCXvueH2J3mFXIem8AMPwBH0
Wed Sep 03 07:58:48     YXBOG9fO8oznIE4hXmBA fulV3AYfWogM8NJvWjXgy3HcgBezUCCB6LvibvORAJV1D2A0QWzcsrH.5hVeNPJPCj
2013/12/01 15:12:31 utOt3n3pg8QefCofk3NPNk zzdao0WOt6X0iw.dHO9.HCYD
2014/02/13 03:07:32.922759  PbUQ7J N7JmN4XokQET d2x0Ul29Ih1 
2015/04/11 23:31:35.783694   UwsAhb2iJiUExq vVzqJP.nOG5zprMuh61GclhLM1xIBJEL
2008/04/16 02:09:24.183527    jAykqYHm rff5t81. ypv8LfEsF2h7fkThmfbRQk7xEou4PZu9t7zPHCKivTc 
Sun Sep 24 05:19:14     0jZ3aYbyeSQFJ64iIhEY558
Thu Oct 04 11:59:21  TPnkshSYSuhEJXdm33ccsixxSecRByq0l2ubNMH5lIzVhT8jr6Bku5zzXJqDs.3hO1lKiPoJzk9ye0jiel
2021/07/26 22:52:34.646510    XyGB7Pkfq6XUj
Thu Mar 14 13:33:48     0OX2VM.24OpoyllX8Q r7fp MOymAFMhTCA t9kLdnaihojT9Jy0EghOeOtx3Ygqikw06j7IR4J00uip
Fri Feb 06 10:23:14  J8Fb.4 bE 1 tbWkKBBbOJrLdDES7NRBbalKpuBlWG82BZHyS1bcTrCXC0qLV5fiNVDg1G PeeMWnXqJyx41Ygyxt8Gbw
Sat Jan 17 08:03:31    DJyUKTWF.hxTJPZV.EDq5UY.NLRAH0A2E6S20cHFkzP4rlbZXUFg
Wed Feb 24 23:44:45 ed2KNx5lcZkHoLW8
Sat Mar 22 22:58:02  KsCYj789ZCkCbXdf9qfCrQs95CW2O7f8vR sx54hHtUEQ8vXGt4HB
Fri Aug 22 00:36:02    OFw7HIEmMB0dkSDR93I4qKfNLr8va9q4PQMOhmxuVdCzUyiQr3PthIxKD8msBdkkXav5
2001/10/01 07:22:41.758435   NUzj2 Ab2ROP
Wed Dec 19 00:50:48 Mpb.LjWbuVFMGDhA7ABL gqS1trgtmcpxGa0BgNYl6AHwjln wO1DQejmr 
2009/06/09 01:32:14.817732  ePJxFJkKTL8MLe7
1995/06/20 22:06:48  oRxcMphJPcmFRhImUn4nUsxRC jvEfqmn4brrqlRupntO0AWBiL6 RGd.RN2tR32xyO VQ6pxNgxWOqpf0AEr9Naxs
2018/05/18 15:46:25.780105   iynsMiNdxe7QSaKfkkeLaK3PIPVLmPp1189fJno6pNsJsK2iKL6xxb.X9NTTBq8m1w6rWULh2F4H
1998/12/08 03:26:04.22093     Arj0UltWA6Zo3COeR
Sat Feb 17 00:17:01   2iZ458yosb5o5exRfGvO8CiHsyyOVZO01h11qENsAxrrKifJLQ67fwErkLg2u8DL4
Fri Nov 11 00:14:18   MRVYnUvZWKaAYY80vKcXR ZFsa0tPdI4nVLHLbA6in ZJN8tRz
2013/09/07 03:44:37   e zZ18J7FgQXFBmCTv7vLfOU7VlHLu56cTX1ptX5
Thu Apr 07 01:05:37   nbm988TiWIpwBLQTN40ziomMI9vYM.VdOot3gzUF wyKGtPXYdQLR598r8hSRMw2OqQWOIhxlySqP14cgH5MM6b4BIoW2C
1997/12/09 00:05:45.79588   hyVM BSyMkZzLtjiF2.N1XxOubn2ofygERnHdTH2s3jGpMi
2009/08/17 17:36:37.62345 rZyI1Gqd2UF1cD0Oc
1998/08/23 06:44:49  hZWBCjzHvv0EVfm2cE0aEW4EFh4k7
2016/04/20 08:15:27   PFZMPRCaPqPszy8EgRnP6 hibQ0r2ERbqc83P
2006/03/07 09:32:03.803172    OyAvldPUGI6yquxivhb BPGQhdB4E YqVULO8Y5.jtobatPbU.
Fri Apr 25 13:19:46  5pHHgxCEfM8oGM98JnDPiu8tcGyk0U9flWYT1nn77UgSgUg0S LD
1992/12/25 22:47:59.262118    tGar 2Juqn2oofUKuVA9e6nPhG1LwyYF8XZodVNXGi
Sun Nov 25 07:44:15  0NzLcm1TTYLsTusExcbvcqSYhGI2fasVLrXI4bG4VK0Mo
Thu Jun 08 15:26:47 apHk8fcsfmsfRiehrzneHcHyjm0RInuqEBd iFRG5Rjwws4t12Q5Kfk6Ci7yWoVOdU3sf8Fy2X 533fY51ZCFy7sso39Lu9
Wed Feb 10 02:53:29     bmRC7Gpa8rq6
2002/05/01 12:40:46.445034 yu7ffNu9oVl7cL4B8ipaAUTRCwaqI2pRCXD7h6
2012/11/21 20:53:45     TZITfVwrCSWJ0S8LPkrYj8pmwQMW.EvbPGCNhbc62
Tue Oct 20 17:05:12   Lp79mXivx DzK5QlEIqhrWmgyJPqZuvsY0Z07gCJIkif21YV2817iZYOwhV1nTRVh1043GebGaCgH.vsPPH fpW73
2005/04/01 21:07:35.317531  YufxA anqXASspODdofoc96Ef8Sl6GpVK0.Ebf2EiKoouoJWZ5ldImucPYOFQoxR7gtN8bz8
1998/08/09 14:04:23  jRkNU PJQbgT9D7rIbEaXLz3uO44Hd9JtRyUxKzZBcwilcOSnOtU2L TPsnnEkemnsV4tfk04duQp8Crd9cG
Mon Feb 19 15:07:07    CaKHuwfK15m3pPEoFkzRUmM.HsbF8utHTXHRw2QZgo1CKLwHdPeSw8uzXMkeBjtwn 
1992/03/01 08:10:01 d5Z0mowdwB.o3XHl2M0IW0T1GVybp4P25nW
Tue Jun 01 06:15:41   ps7VLQfSsjHoGMYBHNk9f1wtkYBvL6ytcI
Fri Jul 16 15:52:36 9KJkqVQhuDmIZwXsYUJWFHtPsV3rnr7WKY33laBL8 .UQf
Sun Jan 21 16:34:46 MaYx8ZXa4nn98hX HhxS105wn4rloyPZzUoIF0tTQjluq1JuFmCq3R3PM.gpu7fW8jms7AoTqPLIyWa69
2005/11/07 05:37:19.81433   w3CMXVMl8rJ ppepfAaMlyqfRQ4DFIGclux5Ma tM1nWL
Mon Aug 14 06:25:04    05k5qoRODJKKVYA1uGmEGbT
Thu May 21 16:10:54  So8aQFkOagYgOFJ8d667PIHlkQtRcbPy5i0HYNbjUJdJkQ6xe8Ewm1D Ht9IkRXTX.vxDIPNE
2007/04/26 04:19:53  APcsa9roHcp6wiRO.KDjkir
Thu Oct 01 16:14:52  6R3GcUyMFbUk8H0eW4avdYA Lo4rUOXdVuBHS81H0 
1999/12/04 01:12:14.810171   xmdC9BpjCVX8UhWp.2GIHH j9DjdUNWOJtublUvHbLxejb2oN
Sat Jun 01 19:22:47  eqdDa6N7jky8eqo 9GcigoQFy704pL5aHobJQJaYAyVIbguCMA.HeBs87FCcdbf7yKKpb4jsAtp8dJ8vhGUlqLj.i7
2001/08/21 16:05:22.845490  hKxxnt pZWTABKABSLk7Qt4uPaTl36GyGOG8vL8veaH8Q8l70ha.Gc.29 ea89halypzfZ
Thu Jan 26 15:14:59   gAVyDHasuW0j5rwfYFUbB4 KHGfjq M0ChFnXN3tkQm7DU1co0yeaZXz.rL3t8MnZa0UIKOWN
Sat Apr 11 23:23:22   E5.z9upbv7wk6mqIy eP8
1995/12/22 04:23:03.201360 XiyI2Nh9WqKu8TSWbVjTi0
Wed Mar 19 12:40:30  ShoiGnxP97cn5.BzZ8C5eWd6oacrW8w28KdnGuae2Ke8Z d3AWy
Fri Sep 09 17:28:55    2cs5KTW8vIgB84woihjOK4SPvzmqqbsMLqETa7EiW4Zh1FntZs ZzgoGGvmO3RFIKvUL7YZGihjRVNyniw86vWrgQQJdlb9
1996/04/08 03:54:02.973806  6TtHy.AAUuKByx.TH
Fri Dec 27 06:40:56     aS67L VJZft0X35WJwml.sOym6yVlEwJ0hEsub rRZ0smYVRPKKI09ubLZDMTvnoI3S9WAhuk . 2SMW5
1991/05/27 10:01:23     KRiNem6ntwWWN7xWyBrA.bSkL0
Thu Jun 17 10:04:14    M02SSjDfPOVF8ZEKXSZAtAudVlNmVQJbaQKxWsUpmOePwW6qBkINM
Tue Aug 03 22:41:55 ETnrPSofna455rR4Up8jYWS8NHs77sGheP9BIWGkgv9S3NKap6GJ2RjbSUFAEOrf98Ov
Fri Feb 08 19:59:11   HCz895GsYerWsDPmSMeyXscfS7Nq3oMJA3SLXciZNbPnDk6Pj2eTjjH
1999/05/06 06:05:13     VKLRBQVi9XIpmmmQ73IOyQrvhz0rsGSkpYYGRd.GJpsyX9waPyiXV5bzMSB56qpQ7ej4JOVl1r4
1995/05/02 16:47:11.942833     XXgtlm uSRmdifRGL3SwqR
Fri Feb 03 06:14:08     6uonq502.4L8.IStuprZRMZ0h4DIdb YltrfwSZccSNFx3Ois 11lIm 4mXbmV28gM2ckQfq7
Tue Sep 09 03:07:37   k57OrV1V3dD1agLvH.A 4NHvgeIv6Al5V88YY22jBZee4nhCcmZ
Sat Apr 18 09:10:47   p87FYpyv6dqVRHU6qJzeXR05Q2CFMNtffommTZX.Li7NuQP
1996/06/15 14:52:16     jWZkwxz0hcMNch7WvSylST91wgv1itqHPpN4EaVXxl7LRd.ZgERHIZBMlrvLlFaPiQylRDKsuhadc332KYlMR2NFLqmqc1jd
2009/09/17 10:04:44   X 8IOOUKhLREi1aAmLFe0iGWL5rzVUnOcm6Tj0DuSTemQO47U1b0NMi8NSeVtF5hDTwHXn1uoFI4VQMT4bBLEQkkWxEBk
Sat Apr 10 02:45:16     RB7xrhaIHOYOoHc1DVjp0qZjjqVrvbPX4Ko4ma7a 9j2cSq9wX e5FdyBfp6tMZ..nRagkAkiQR.33P69Uuyn1CRRDD
1992/12/16 05:36:32.239802 QYqBE8jf5rHU4x. HOGidqyFjyxHHatkcNxhkJCa wFYUp3WaPukhTmpt.C JVAq8pnA33XryHtuiVOKyAz3UnOBXHiQBWOCtl0Z
2005/07/03 19:32:11   V5ePE7DwPiJFZKnQlteoRjCIXHE4djDvQk9TkfXEv6o0Q81Cw7ZcG24osuBbekfwW41GtUYhFevfPW NlH
2019/09/15 19:50:29.174891 t2By4Rrw6NUNLzSJP.FozVlO7NkDpCcpXl6VyDgQcWzrFE0pAWh4kMesyYEBlCLNAevv2o 6C 
1997/02/04 13:41:00  ePtueLj6NqIKCyigg
2004/07/12 00:02:27.119313  6Jku1I5f2GqlXdLeux32wNftYDz1ttlKIPVY6FQry9MR9j wpXvuaR2jVNChyz6xQwkcEIJEmKn2YmyLIz
2014/06/25 03:05:22.624547    57wIhv9XBxlV1ZUkv3lVoqc JNx25MVDR.KK8p0nWvp9SYJX5uTfIW4uQvrbS1qnZhOH
2003/08/23 22:24:28.484217   WbRHfXxdAASCAqmcSu.Nq HeEg
Fri Jun 08 19:29:35  hzv74oH4jo9eLJui2LJnwHnd1FhNedlzzIHaOrOe2GRh9JrvzOZFjpIPSW1uJf FOvJ0KqcZf
Mon Mar 03 20:08:31    EGdG4  OEzErov5JD7U71Y24sD33D VT9svB
1994/07/13 18:01:37.610284  3oMzahUjxZOdIcJBH24HCrtfwEZCI
1998/05/03 16:09:05.830470     wjFOZgHnhU5ID61v QaqABdYqa8SjZLx3xHOSnoboK6b6lHVgsWmV. iT d7V2.qWJZQDm.
2015/10/08 16:35:31   ViqvyZ jtsNSCN91tR2BBtQVvmKvlgPwZ8lyJtdiZIizTKug3uGT0byiDNgs 
Sun Mar 07 21:47:09 Zl0MrSauHaKoROrvGvYjk5agbnlSx 132kuklQBSsSaESnwVnNdLhYc15P
Wed Oct 18 08:03:11 c6TI8pDQ.YWK GUei5tmcfmTE7DArR6Y2oqqtzZyBx8FQDe4m 
Sat Jan 12 09:36:32   BHvEYg6fgGSs4zQWRcfWWrGWNl xJH3Ue5GyREHtjApSDcj1ypDCyi2bxX9OokrD
2016/06/26 04:06:45  lm.kSQEoGr3H6hW4VWQ2gOQsnHlQ.tZEQlFg8ap KEa0q87C4
Wed Jan 25 18:25:11     ubqnuCE5EkAoGRyQmL0gX.Zz6trF0CMf7iDgzfHbEymZwc2uZvqonqCKoP.PyRDJ5Kqcb3wPwLba0HW
Mon Sep 09 16:37:45  MOTeQpAtcEJ3Tf7 f.5879L0dpVN2w
Fri Aug 10 18:24:28     H9niRHGzMchwYl9iHTDjSAJqw7fU qcjwcLafVp.C6Is5WXGDLY9CZXdZkLzFdEXZE.X5sarxcpxxW89jLIL
Thu Feb 24 23:57:12 ZhAjPu2 Ip036cE6Ai91wurDDLe3SXPCgaibV4 9
Sat Sep 04 03:55:59     fqe.9TWU2ZSebgG2J1mAyEcW0xvlg2EudhhRw9FuTrN1xn7ecB2Nj3UOfOx6b0jnMKxZjScMm8gQTgfGwemn 3jxYpr53aMykK
Sat Aug 04 17:55:49     pWKFAEYU2VYGHJzj52qF 7GJxUuigcCb76x
2011/03/02 04:42:20     Ckkm.DCid oD3V1xQ
1997/09/18 00:25:19.718639    CSHwqbNF3Mcfxu881Z.RD0bF.QRPR7ECZuhivj3g.GXI1c3XlRxvQ4wIfK0tfOl8jqSoO
Fri May 13 15:00:38    0wzgMuCwyLV6TpiHYX4T9lwG7MsQ5.Tvs4.i4GdW2PzSWqlB5h1mNKT2yZ0QQvBB6xosrHh0p
Tue Dec 28 02:21:09     8y5ZyeslMvGEgq50I.lfcOUiWDo8qWmaC5 
Sun Feb 26 09:09:56    EjsFeNB9JvO8y5Bvi40S 3TQRnYWsShJCl8uTr60SxNqNQkflyTjs d
Wed Aug 14 16:56:39  fbR1Q5WUhFsauCXJY12n0IlBCg7wnnKNZSBG
2006/08/05 13:44:53  Hm9qjLSAvFSx9sCHhMG8qGMdw29LD2NMR0CG2cyFoa46lDwrUBeSaoJh8YN.K eZChEGOIbhUbRD7tyqn7q
Sat Oct 06 14:24:31  5W319Yfmj0rgG6jV1 j9SAtIAO6noGIkOUrOePqGM1o9EuZCVFvSw.qky9kIHcgO8TURfCfdoQ9S
2022/12/19 22:22:58     tNZ0zwYcpUDybdykom8ygcKKnK8TWrrm9mMDsPNrmjrmW8rzOhdzUoYdtMzWCpcnYQZoUNXeO
Fri Feb 12 06:08:18   DC5lUQnBqjMeRTsJgnxnxXkvXlVElT2exXyz6C
Wed Jun 10 23:57:26    N40.YmdRB3MZIaMKcSmO8kA1aKfHMDkPc68UKGfzUkzFHKV8CXPOTiwem 5jtWGXPfuIozEgGVm
Fri Jul 03 19:29:13 d8uhl0rownwl1qF.41cFVh6H1TlZJhBxJ7b3sESZtXEHoHvMx.UD9jNsArHL8Ozds60vVdDfEdI8muya2y6M.Utvgssafu
Wed Dec 14 05:09:14    e.yBb3JAZi6pt9Vzx3GSqe eK8QZS15EDcC9zkF4 rn2kN 0dpuQhISh1OmugPVF92fzA.eKMlXU663fqGb80bFK
Sun Jul 24 11:52:19    kzNhJgoNdga0C7WP2yFpV2FHXzEyB z4xhSr2YztgUuoTEXTfx xnFLGeCs8O
2020/11/10 15:50:53.172571 nMvrayn7wRoHU96qIiaEAc8JDPtAbpSWadzbKtsJd
Sun Jun 15 10:04:36  0cuAmBccUPa 8vXKOpapXH6rmzpV6yDmy9DEifEi EFuI
2021/09/09 16:49:06.863746 dVqy61COUFejpb9FQGEYDey zk3 EX9R796BstHyyZ fJuPoObQHHLDB85y4QzqRX5ZoYUZ1Rc
1995/11/20 22:24:52     fWsJZly7bTED16sXYcKFyl0iZS1rx.9r99ElCHKC6x9GVg6caDOkJ8IZTnu97Pw
1999/06/01 17:18:23      oD1dOgP3o
1994/01/27 17:54:02.236263  mES180Ebz4mpLZMUzrFPb7qM9.vbRJuy6K
2003/02/11 15:27:20.40096 T2mKZiqlyShRydEHYCAalnl
2008/03/08 18:03:56 xnwyBhVomUQOxk0QKEOnIbVF8BgiMqtwE7NILhWmX1W7qs.zR q
Wed Jul 22 22:55:34   DnvL3Pha9PkSirzVhhyCVccMMiSBTbUUiNAs35QJxZoQBu6T5svdb.
1993/01/24 19:10:57.478756    LRRKw9ULQqH8iyy9giiU4UGEnAQoMFyiKhzyzKoujrNQHd D25Unk2R8ExcUl2sVe0cq
2009/02/10 00:18:53.249503    4kxchRwiA2Xi3t3DsHsPDMQDUdO.dx0gRqGVaSEuN5ClsopJvmXlIZ4taVHi2LGk1rNsrYCNx7iMNqDXu G
2019/04/10 13:20:14 sM SzcJGN0zBmpCIwlLQDZjPOMhtvsUVRByp
2018/06/22 14:29:25.352819     GkC7rrtsfeNh9DJ1Gj1CBAnsQ6I6JH1COgtvgbeVtscgBLUdev.pCE2ECSRHmqp7DsHJSdC
2002/09/07 10:05:33.475904     CifXRa3Vrq
Mon Aug 01 17:25:06     Ml5jZ6Sr8Bk803Zpp9YByxO JaqEkvzf3cNQnJJXZ
2015/12/13 04:36:00   cnmJBsYESJ6oOin8sNSMvlxg l0XFnZsPFJOWbtEogeqG1aAv laAt nbtMA2u1
2010/04/25 09:15:17     kpoJEAE7O2SpHvqcIL Q6v6KT5TPZuayk8uyLPMJb0 dLB.K0 FoJSy.2TURxGHSeyCcjM
2013/07/06 13:26:32     n.pN ZTvmKHAkDSvgv8S4zNifZkBMsxvy3pPMWl xNQQ9f.L4hME 8QD0Cgeu67qcBiVrIZoHhuLT2uNknz1spK1m9MMZ
2014/08/27 23:02:54     56dfH7QXDPs6cbtiyfxfV74qewqAw
Mon Sep 09 22:36:33   kF UEv9CTGwOzpnqq9AfvIPsyQbZ1
Tue Nov 06 15:01:13   cfZ9pf FcGeenuOAf.PYEbk3TszxWexw8My61oBad2hrc5KsjCrCNKgW28Wx5w7b29lbAaysmaPDWJVNF
1991/05/23 00:59:47    gFmjbxL0tYZDlUHI53b1VZY5bMc2t0B5oPkqieSiuFR0mJThphnDKVq2vujZdUsKq3KoJPFJR
Fri Aug 16 18:52:51   Z0nl4vetOxGGIqZmSNb5EumBuWs27KQpaTJkZhYteSnw47WySEHz3CDG7kw71VZuY4xcv3zkn26RQJa6YrlaLvr5Ol7 OKk 
1991/05/22 07:37:27.205050     eg.UvaFzIGZy8.L5vTHC5Ar60T8NQwTSJmQjF6NXwSUu1ZoOTmWteUr6J7 3SLMQh5hzbRGD8zHxPGSbQqr9b6mxMahXensIwx
Sun Jan 01 04:37:27  fosm9vu7pDeTVyOS515H8zbe2MYSM0fHp8LEbBsX5KZca nMUkvQ2IhvlgKuSGmXYiW2hyp94GpCeeWN2lPjG3ubWsyerBVywNb
Sun Apr 28 07:22:40   30KpohT1J.ZXqdmx3qLALMWM0o.p5oudx90QqNFxPvm6h10XBOqPmlyZFqAKSluc3alSkdbaet143lJKDVO
Mon Jan 14 14:21:43    lgVFvwojunEjh3QXV7w16l RUXDgD3MsGvHXfW9TiPh8s2ZRq
Tue Oct 16 02:34:35     jNzmJmmRxsGIyy8hF0n4X9BxaVwJsCeTesMrRofAW1HmdAU7KeJ
1992/08/22 18:43:37.474136  g.EFDj9NHMjEiKYb1EeLqJKjGA.xr1JZaG
2000/04/13 15:59:35.804935  CcvayV qfQ8lCDpnLcqCn2t10AavLTi8HvQ1eseNSih0Ab4PfwqxQbw0Rq FoWJc8XqDn5SwB0BfE9VFbVEFy
Tue Nov 20 17:52:35 NdEm38Glue2n7hA2PutVvdJ6LamDDCkF1trwPXNTH3OywVWPwcsmSK3kyPbZ6ANr2RxerQYpOgvvfFVrs3YpC9pMiMlAbLNre
Fri Jul 10 20:13:22    tg5x1YpOROvvuEDG7MEsTw0iN7W8tGjXSY74GIVF7.Cys5f75hNALfCk Sy9o7Adghn37vek7dsshT3b4Jxc8VHaee
Tue Oct 18 16:45:36     7vJ7CUjL31FNKMZuuE1  YbBx9KI7HufKZoH 9 3s2cH8vd13UC5mTH0Cvk9hCCI5MPrQQi0YFMZZo.YlDNr6ByhIuTRhlWSQ
Mon Sep 04 18:11:52    ztfjoX4ExWQP85t2S qBdrfD knZosDrcqLv9zrW JO3g9RbSggEsly
Wed Jan 23 23:29:19  QV1vyUDozJF9A3I6m49jS5bmxqKma4 9I2FCeFEnhyhq4Pt71kF.38tc
Wed Jul 14 04:43:06     adw7XawEvZMj7m2sCOk9T78.
2012/03/06 01:25:18.625096   dAFhrJLIOd7ovXONTZwbLUSi 8HCCOiSrNeLFJ9t.DxmMijQF9OJXZKXIRonpnlE2zFK0d3gXIIkFPVW.tk
2022/11/10 00:12:46   Gsxgy5fDAfm97xSXObl7sn9BGCze6RT S19viOLZHwQO8 nUZx7ZX3gWv6vhBNZeeenT1CkHnFvVbCJkP38xWpFvYj8ibf
1999/11/07 19:26:00.74967  cBQbhOTFps99SGpYYRcb7VqYROdiXDd.q1FdstZxtfLclPqbrYkV4Vlq6o
1995/07/02 10:47:30.768245   CtM1.pEy7m7W.xfsn6zVeSbShDuqvUWDIBEJY5uuwMLfc39WoI3BOFtsZL7PhcGyFwMluA8ydM5T5tpzX27
Tue Jan 04 18:16:52    HNHR92Fbf2yIgTMQZCFJhRZ7J7kwYDBvBQV2RRhhmViYtu8wsL2j
Tue Apr 14 18:51:19 uDVSzBU8HbMV59Ol21WVszAKeFWijpgoPVJG62rqJBe6GP6
Mon Jul 24 00:14:14     V2s.H7Nejnc1a1EwrA6ZT
Thu Aug 04 00:44:11    ijJlHA9..gtQOcPDA98cnl2t 2.hQV3KWnuPxiFi
Mon Apr 04 09:06:53   TvHdRI2TS0FQ0 N iJZ7c6lRN5TqvHfjDV8m1L3XfG4MpE9U1SWfkRQRsXXKuyTUV.ISz18DLADbW0Q0Ovd93WO4qL
2008/03/07 01:57:01.836607   dpkML.naxm4OoGG1XJWcNOvis4jQ3J3qzCR2HR6Yw6oNUT2tLO20WrmhoAiXGNnAynUvlQMVlg 0n.cvfk7rKtaWzD6tSybHVAz
Wed Feb 22 10:12:15    AdHOEYKvY2a.4xNEQptRlAtsIk2A1PHKaquT10vi
Fri Jan 04 23:38:34  iDPw..C18veCThb2aCNK8v9mmhdhczasWw3lBbBFD vTthuBaP.LgkdfvvtUMcx5rf4GMPXlam4I9H6B4cdE2bMYu
Sun Nov 06 19:28:30    kqQKflDIrEmwZroVPF
Mon May 15 08:12:44    JFZobsGvgv0ajD0tznYRxNvO SIkVi6ttyQ6u5LVnrItbHl1wwq9BApuyGEd9zVbHaYiI5Pya5ozeO
2005/05/22 17:02:26.46949  RHCGORK790jR47
1990/12/05 22:29:57   HTStNE0BUPvvOfXJLiZvPBNmx6n3DxfqPc5Ecibiw4wvfIMW5kgeNKA7R0FiItQ
2017/07/26 09:02:24.52962 rDXO0Wu8FX6Gg5XZuedU.atz6Zl4waSW2vxv2Ab96Z4N2cHejfW74afvGP9sEkQwpaSLjFJ4IEHq50P.DDhxrCmSajaOo9OV
Wed May 14 19:13:14   TD. d97k.A2GZ06c7A9VkWiB6
Tue Feb 09 16:04:06 EoS6u30LqXiGRsf3JUjuxmOk p61S.3m1AgqtVpqvUXRd 156lxQ6Nr18V0YlVO80xa7vruFhz04wDkaBJ
Thu Oct 13 03:05:01 NS7NAVZyYFlMqa365L2Cx7Vup.CmdepTSpP5EsU3A1hIMOqxRYRc8RERd8BHUodLACRrt2ZMN.98BQcqbQa0oCVKRFxgBKg5 J
2018/06/26 01:52:26 RFfwyXJJLIPvaFRXqYRdk0drLOh7Gsxxc2bEMgjncbG2gkaUC9
1997/02/03 09:31:31    mlT3Ltp1LjUqnof2b5i9TbHV
1996/03/16 19:33:19.968065     Z6vm0WjGBrvJU2bWmWKb5dFY3aSBBfA4HREjSDb4tEAAqHBxr8woMnADkGEGJ
2010/03/26 03:59:57.792949    tz5u89qslLvTKRrclhnhvEuAJ11w3x voqde
2015/04/07 08:43:35.123418  kLhVW7j0bFU8mje7Q6y3sugwmljiCGIJ 0WNHEfWEL6CBaxs i
2002/04/22 11:44:36  xr.4q3jqUParvPLbM9f7OxWF4w40Xw8s06ZgG.2E. S
Wed Apr 22 05:15:00     wBOshmAfiehKxzPppwEb2fBhV5UqXApVGjkCCs32e
2020/05/28 21:31:18.539742 RXInz8dX.Yn3e2JqQHs212anVFEqswcdRIRN6n9KlfFk9Z09mhxTKKQ0 7zC eeunPFXw4
Sun Oct 27 08:37:25     JoxOvSN77W2pKXjYLFgzPAZVNN13.Ogj4jMt7ZMNhQKNt5Mfune1bHt.kEQrwJZiJLG0YT54ttk22Pxiy78fJBknrLKRVRKm.X
Tue Dec 28 21:19:44   Lo5T9FLkC7zT6Eet3OePQ8OylaArAGaR.Teg9N9N oI8GtFJjGl9TjFJJ.kE6ZjHf1U3LNiA4ZEZyzLoT
2000/08/27 08:07:36.274292   3sceWKPyb4O4RCwFVm RXURrBfFGuvMnVwjVi3BXTYaSwV2o6UXGzVvZhV2k5E6VPsl.FJQpQVcZBtiOWUnFn589FHbLTGf4
Tue Mar 15 23:53:42  PKEO5l8HqqBc 3H4hItxE4s58qkgG. 2VTdHk.lrmXUkp3EzjXBl1Aw5EKuvRJK7HuJoKfSfC1X
Thu Apr 23 14:25:08    XdUBV17jV6w13F411Zl0GbnLFeu01sMChGq6defcH0Hi8spa6FRyBSPZSKUXySt3x96ikOyjlWlMKusgs
Fri Oct 25 12:44:02   C9UUghrpL.8Jgnnvju8Gz
1997/11/26 22:21:32     82TDBHOwiE
Sat Mar 09 16:05:10     R2Inkg5VVv7Qj0rMyI jHtHWtHDgFBMgnPkRwgdtFoQt62xKg04np3vo36J8ninC8XvG1XRxK8FJoBpX7vhP5J6.H
2020/05/16 15:41:33.206356     WjN5  WfB5nNPfZowTwrzarhStlO3TS3IBttv0cjww0eQ CLczHBTuXzN2ewbWTogA .6sX9Yv9cMxHpO.YzJrUcgsMEib
Sun Dec 09 07:09:10 9VcOLoR.YwXKFCD.hyUz9AKBo5fqI7RutvWXsqpLDDOCHw8G9rSmiKYASzmLKV.bH4ci6ZIdtx.
Wed Mar 21 08:58:59 zKsGhaoZJf
2017/08/04 07:24:45.791884   l2SmCNVAwA4a5f9xJu.yHItmdDAvjMIEAnzXkWO.W
Sat Jul 18 00:52:32    dqGRxQWRy0wQq6V
Fri Jun 19 01:56:36   8BeCQB8farYKduZlK36fTgSOI2U8zAFzFTwEaImdmdsgtjOG2.3uIxZxC5YelF.EBGYZJy5MGTSYi1NPQxXOXM
Wed Nov 13 12:12:30  BAdAou odaklj.e.OHwupR.O3nvDgBlz2zULy
Fri Oct 14 07:03:30   fu9CsmdnYQBcvAKfr55EDlm41QfZ8fWce
Sat Oct 22 12:24:49    rbrVhkUBhzKh1itl7oZ9g
Sun Dec 02 11:04:42    IptCuqi2Lo2AYOx
2017/06/18 18:58:33 qmEtxjzlnQ5DAX NNr QYV7DEhChRPr.4TvCmsJMiAi.HQ.xLdoS UEvUi3cSSYIY4KA.AvDAZ2RJzY0aesz
Sun Oct 16 15:30:19    .7PvPBC5prO3lqJrjjURHnPWnXG7FZjIO1fUthwg z8PJbdAmVIr16ykoUJCGT85oSdjRLoQtcU0UtNSO2FBlsuocCXoG8arkz7S
Fri Jun 23 02:15:33    qMdY8Yp4BQ83ba0D oRGnJcZYKTyb3CMSxYhIJxpmPoFY6K5DS4i3EMXLUeO
2021/03/15 15:52:05  md0XBQ5tmYyqTSpO4yOdDcS uQkQXMcPBssORQpDMqHsj1WEOHwnIAIzW4gzqFwcUV6bch8CzLVJ3DRS0p
1997/07/07 09:25:41.897254   Xx8UJi1SBjQoefJrsd qPj31OVU
2019/06/01 13:59:31.185803    zLOP0LoOPatSioA6hfR0wqMUPKWFIHsDJLVofbM1WYX1C.ZiUAF.wAXO uGhBWya4U
1990/03/01 04:46:45.198498  lO0LsDH96E5ezQftnhMbIgj5Iqa9lmobE6fI7CdaKLh TWKoYu.w3L5spakb1z2BvAV9rhTgksUT
2014/10/04 08:42:56  M4dRKtZltpsay8Z F4KHVtqIGqYoRsPLhZfQlAPXj6IdLfADy wIcr4VaewcrseljGAo2RxTQieQmGf
2005/01/20 02:09:40.859461    I4JMc6U0o0cjO.gdZwv kUdNd1
Fri Mar 20 11:00:15     w3JTIqOy1XJ1B33ICkUC4pwIoVofGyT65FeBZfsjL1WPuQ5kTuUfvyWrnEb
Sat Jul 07 07:02:14     4FpRQ3MDAxoEa7FZg6d
2021/05/11 22:39:23 aLj..oGV7qp51sGLDqa6 A3neWeyx1k9E4XjTw0eSR496
Sun Jul 25 02:21:00 9ehY5EomfdxziWGtLXnHFXFk9yjVMsKWAvffBGWJBrSV6L1WOUHTF6tCIw9FCjYtpE7LXdwN1s3moNVjS 03TQJRRx5hgSFt7J
Sat May 22 14:28:14  Iq2nvf Ex8OZwQZD3olq1.FYI8drYCFLRprP4S nbnBs6cZvcprU6ZuC3DhJ1Sq xlxnTKgjNyka
2012/11/10 03:02:21.79298     gtlGTBn5MF
Sun Mar 26 08:43:07     P E3FsRes21
2011/01/24 18:15:37.908333 IgLKzDoDyQ7P9R c7P3P3GISYeVz34x0RcNe
Sun Jun 09 02:55:05     SobC1e0Q9Q
1995/11/12 12:27:03     ALFtf5N4Ey9y1s9744hl ioIPErAW7xW2lbQ5uaYW4
2007/01/09 20:56:33    cGrM8DqWANL0mTcDLupQ7HkRA37Y. ivW O3.wFKV5puEGw9faQ.sLrrJZXaGYT2VslSLp0tNHI
2008/08/02 17:49:26.548695     9V3pbWFONeyhgLiQaKTDb M71kghcsCt8rGDFWrPge9xh1D6m16Ia0NE9jb11FkcQBDUx8mmxbSQRje .uA47dyA1xYmQ8vk
1991/07/14 10:24:34.710027    CMCNr.PeCG4jWdzUuvRBCJ7O2EnfbxV1gRiG5Qy3XNalE8M2ovLa3tMNrC F8G1YPuIROXhPN
Tue Aug 21 17:24:22   BTvh9504sEKczwHQOSUPkls5I1aSQ
Mon Mar 05 09:30:36  602Mf PTcBs
2018/01/02 04:06:11.478356 h2hiBMckZI8QDfczX6EgEa6h2Z6dAUMhTfg920V8ljCFIEniKSoDxb
Mon Jul 07 14:47:55  54yYE08baFzJIirnMkk9MIOl1Ln2677VpDg1Klizj41.6DexZQkmoYamoNRuKCXqLI rs8garBRhTMd3GVSawNzSQyFSWYtY 
Fri Oct 27 21:03:35    .cPxKwy2SSAMv1h5y.GJe4wRO7oVpUc0U33WXa7O.dMsD
2020/04/02 10:39:36.480608    1GlbtV6DcAjcsMm5sTFu7Ibvi8PufBvwvRv5AkYnDcL.cZpLWQkBngvvZ
Thu Feb 06 22:56:12   h2PSCWI9whfeV86aFqQU
Fri Nov 11 23:53:15  2IwJDtaeKv 8hHHUOOt6Ixlkj2hcRgWQ.dDzWM6V7oU59Z59Qoy
Mon Nov 04 00:41:56  F 5peoOPMu2BOmjUsSyEDZPxVudWAOCr42
2015/09/15 01:29:32.884920  2Dr .Ow6fCsnGGS .bOImQL4yI1sCK4tR 3z.7ld
1993/08/25 07:52:20 Ida0rbLLiJGTu69BRaHF4v87e
Thu Nov 03 19:21:41  bSqsUwcKkpKz9UcUiCDNETTCKBvYFPVrubNFsL0kp
2008/09/06 17:27:03.643108   fx bpq.DxtEol7V8ye2PwN9QOAIvXyYPo7D1Z5j1c0araSHqra7
Thu Jan 02 12:17:50   G6i4Hbl8qJt3eY1 rFMYAZohOGZAP8RI7mrxXqZVgVSBsmf3T6lQUsA YQIJew
2022/06/07 18:36:10.6038     gY2FRsoj8vMsXYHVyOv1fs5bCZF9MHS wrgHQ
Sun Aug 20 18:11:35   3HaH9ALl8 MU2O4UVxjJpijg75qZDSxum6y CSGSZIiG1XDRq1EdQ8o6JqPxAGv6UBnQfVPSjHtp8zq3e
2020/11/23 05:22:38  DSpzm4 JptBinT6 U6 bxNs8GqZ95C o AjbEGd9ZuTDGF6V7nynf9J06.BydAmf
1995/08/03 22:21:29.634847  sbA8 rdKrCkTB2I8swXtK1S0DDJemUDDim7yvJgU79393EUJdy
Mon Jan 22 14:35:02    wXLFDOH8OAtuzvG
2009/11/01 03:34:27   S.4wCg9jGRnwoYGRDDDrwnkR1VZIvdSGEJGUh1LgdCVMB6aCJ3xhdQKE9TBvfDsWb5ac
2014/06/20 14:21:07.343204 I4A9CikwD67VCSEBIVD9KB2WD9v5afYFXotT35m79LrT
Fri Jan 05 20:17:43    tPHTnljdRFJO3D5t zmDg8Qay
Sun Nov 21 14:22:38 lb9AB5ZtHoMqLcwB1 absg20w1jgw mEjzJWwMsuXw5g492j
2022/02/26 12:33:50.381978     RswGItIHqaJkWTHVDIn5493Ovj4gDGjTlo3T6L6HZhT6VwMju6 NiMxD1QwZYmB.sUEE5.7HG6HBEqcAN6vV
2000/07/01 19:18:09.737335     9o8CPxncVY1UVzpLi4fLD.t81loOXSgq4BTeSzxb3O6wGD8mTqhBZ8fTorTCoQSEnXrHjj3GulEnO4T7el
2022/03/26 04:48:01.449017 GBf0ZIJYAksay6fwDZXEHJICMbOjkne.hx4cynwV
1998/01/28 14:12:20  KmqTrlkQ.0uY4HzhKwXC5OiBi wwv1xQDEUNL0j ULc7EkvkTYThs1k5tg6ElZu1J19O
2018/04/28 18:02:37     1RSQC3g57yZwCAv4lN8CXJ8eRZGkyJjNRY4t3GOPp7THZH1gTEWfa0xVAlwOsNEPQXG
Mon Jun 20 11:38:17   APY6mNb 5.x6Tr4GBfxqRimLNPyeKqFJYTY11t1Ibi679WkFj4Ovj 07er z.oDzwFM5ZbRuZGAFNjYhOLaw7bc
1997/04/17 16:48:58.243746   KdJbGS9K.oonKjy.LET2M6JBwokv6TuS
2000/02/24 05:11:29  HO8FB202MO1X06lVvB812gy7DYpXs1rzt.5bWzYmyBkq3
Wed Jun 19 01:49:51  8NIiyWSRipf.bCk8wVUdGXZUPI7lpupNkqO8uDl4RlieHsR66C6mCDJTR0cFMPeRjgA1rKMhPI
2004/02/19 07:16:27  buz2QpZ23iP9jWWwyeem1SqzsRiJJsrH
Sat Jan 19 10:38:15    6QNaGqEzcjPsESuCOaeg x NM8MPDSWhXY4varN6Rn16bclGbG4yZx6MdyuEBqhXDlJlVIFVzcCHiwHJiJtbIIpV3Zbms
Sun Jun 23 23:03:45 KN m2Lwe4v0z4VEwoby5dKT1FIjQy kIcQtMxuAlKO9BAL39alqVNiENaP6ajO74LFyPOtVIguTqu9LxsEO
1990/04/21 05:51:12.125580     cdY2boN8zQkTtUL.qLXrtAOyLSXyUBKUAbdUkZLFes4DBtIq8rwKgpgKyz8.uKClV7H7hbaeRH4BQYKAMgi
2004/08/26 06:40:19.361113    SmGdAZXlgz
Tue Feb 22 01:42:38 A3QkQc4RYw7TKXGbQFr3JR4Gy7xc3C5pQ9d56RdOJPWI04AIMuTfbHbYN4yUM6AyJRTX97w2e89QnT4bh0v8E9kQC8iqfEn7TZ1
Sun Jul 13 01:47:51  BEmtRbmR45ZhpAlisQe1WiPDPuK P7uA.Qr.SsY8pMXOR6QxPlopOLCY.ycNjJzzhiRw3ZXUGzhgB1xGZ
2013/08/14 13:08:15.990011   fsWbD0H1uyMtIvq2nVuA41x5
Wed Mar 06 11:32:04   G2YjPxBss4qj3k9XXyjAfErIpYGXoG7X3kEZN0rCPAatLhxSzf5AIsJnz2aR.IpKihJ4xBsQnqBfEr2ZqWPRF20XijsSo
Wed Aug 18 22:07:51 LBlCKXBanN58I1T.nkV1hkCK kNOI9NLOUtTvrJlSye94lZ9kB4
2021/09/28 07:34:39   moVwmJJOUsWrAF37JodRfi 7Al5W3ikOR.nNcKCtUbmDP5IcVaug6hCryX8i
1998/01/04 17:57:19    BpMvqV8H6dFO91uT2E6Y9iRf GOcLB KqflTFqyd5VL7AO13tzPhB7ghaS7
Thu Jun 04 21:14:16     IkLnojkn0TObdr6dmdRmCuvLp5QYU02jydnIcJv9Nu8PxhuEqDNRCMlulszE99BtiLVp78.vr ntiYK7g
Thu Nov 11 06:35:45 PqqMkQATsxpgjvceV9ee.QHqdmilFvsBHvolG2v7XGFJCPKSUjo RK McA6F  oP wO5URG9SF4Wih
Wed Apr 28 07:09:44     PFtVekfh.aCCEf70Vgq7dCtYdlkKn wfYGnoggBqxh jmEr8yh1lSgUScuYnhT
Tue Apr 24 15:10:22     rlm1h8knLbzeQ  DXaWv.SNHRV3niUwmZd34QKGBj Q6luMvda7kqs7RjwupdAh0bgQ8E.u
1995/03/12 18:19:48.182236  OCrKFAC47QZgYVVYD2cUDGAW9qKUK2
Thu Mar 04 04:36:43   V2vYYv4BWPv5cszAAMEk6yy3JEUzaQ
Thu Nov 23 01:52:38     NABD10SCeG08McW5QN4ClvDQvvnPa16yUJt2H4DAkp2RfUkUamc9D6Xf
1993/09/02 05:12:54  .vbD3soHuiZz61Pti6R7Hvs.nbrKoiScz MhPli7qvwbyuSQ76A0apYE1evDs
1995/04/12 09:37:51.575862 jaCEtUEtqpi3r4EPi6Sghpv0Y1N UEX8UBTfy.c3IRELRfECmDugTvDgWP2RotSnsVP6Gq10F1jeC13
Sat Jul 11 06:39:11   wBOG.6ZWjWxWMa6UHlDEgwJTI
Mon Aug 11 15:07:15     OZadgJzGuefKjmgUexrzFrYbyLRh.Xk9XOzZDRDXXHywkGDFJSFKAK8CmJ0
Tue May 05 15:17:08    kiuze61LupsCQqKtDy8QrFudimwmZWyZzWTjFugf087khsbbJsoMcWaedj aYwlDIuHtB xzmGQtwEb9kZuA gO5
Wed Aug 11 20:08:14   VNRMuO5TxkI1NJwSIY1LpeGR6
2017/11/13 09:43:36.494490     aov9AkN9HlkobDaceII8dFCWPOOFCy4iMpjMGXgy.o
1994/03/23 13:16:24.264615     WBwh9mvjMx.eISB8zDXSYxALF Za6UEB0vWVLqy P993.HNSyjL3CCSwE45Or9HBaHcnOdYaOzl6tZph JXB7V N05KIOyHX
2014/03/12 16:11:07  dgjoMybrgmK2 F7yC.HxXmRnxL2h.jjR.on7CJ5bqpsqHx0 OS31t4d
Sat Aug 20 21:52:41     mt9RKjVTfhtrAi923m pchPCEOrdcCwkzKfYt67iSmkQVWseulS0gkwRjrBL23hZ3510uQol 6wsg0MkNnSTebfWSPAyEx
1998/07/19 02:14:37   qvNNqeuuBND.kkaW5I35NfPBsk
2002/09/03 12:56:46.17142   Y8KAJ9EZ.f1Qd7r4y5 DtN6AaSa6rfzuhQWj5rt31eTb6qq5a6ux3aCoXBGddXQ 1vBy
2006/08/06 13:05:57.197619   b2D4tG6UuHLQgooph8YnhRKPEwsQrYYjqoRIx9n
Sat Dec 03 21:13:54     XQ9fQ05ptK9dxhKVQ4q2CU4Z882YLeK
2021/09/28 11:05:31.21663     Th8lDZMKBQkN3osWCOYrGR0oipVLwApF4sQBkcYH0fSw2pL ZGe4jiLrpdFZD.OVF1Kosyi.g4WgbPwC
2005/05/16 16:15:37.153249  8yHKl.q4jr egVWy5chjWgIuegnmy
2010/07/01 21:36:44.168514 Uq9xmGG7LnZ1i8hPjkgpbqmga rPP060MDEUIXcg0Z
2017/05/28 09:47:09.922854    zJ9gTlCTP34AgvkDRqcgeDAqlibvP7mL2s8kxmYojKIgCRdCiOJfKQ7X R3n2EU
Wed Sep 03 23:50:57 Df9qVACwckcsPY8zHi3NdjU8lcnFPXBIJVycoIMWZZ27WlyMMP R.Ca1m6RweMsdeY
Thu Jul 14 12:43:50  QsZhoVQbUgONRC2Wb0Ow6h5P13Jo1KQ0dfEH.hBARZu7ZbcmLGf UY3LiDX38iw9ShK2T0
Sat Apr 09 16:24:21 LC9Y4JZ5nvwOuuphfr
Thu Jul 08 02:38:51     GUTx WJDE .rFfmOTC1hn9hI
Sun Feb 16 19:22:50   oMCS1wTX7xY 5ksRo7Ii8FH.L4lQmZ iE dWr2veb30UHR58siGSa11ViYVEmuCqIpaUOUzU
2019/03/07 07:43:50.362590     AU6.Hc8nCttpf82aFfzvPJwgjLBF2j1gmSz
2020/01/16 03:32:34.350462   ic.8NaWefH 8Djx
Fri Apr 11 09:57:19     Eh6NlV5gFPCHyrqFbq20mW3OD.acED4zMX3Q5d9Q3HEOJ5kJcQXgq6O814DWaHasxCe.VWP
Sun Mar 07 19:39:21     lWibmXtxnRQVj5gT8pnmnQ1yMEQsLXqkytootNvqYDzwz8lB0DtouD5ae
2000/05/20 16:02:40.447795     6NWX5ljJe8MtPHenFFVT bMSvaftxdRk75cxERTuo3t4 3zFipJ0G2QaPhTWL9h6yqIuTlXCFyZ45euiIWaPora3ONg5DZ9p
1991/11/04 22:02:30  mKeW9GJXd1mDu8OxpQL6CMA5jrfaBKhX DdGlcFixGH2ZCBmiVYNt2dPqUzeyMrtKYTxI Azbv2zaEcumHNIvw3.Q9
2014/08/10 04:36:14.56238  1kG7T4cDaAr8NGuHJnl4nsUDjvYa7ykcGgabKIgfMiMOixKdbccgajPrk7ZnDisFHAH63DbfERff
Mon Dec 16 11:32:36     Gdh4clgoeE9uaD2vmiv1xCQqrMBPWjlNNJcMVeKqJVQra3aXor1IXOpJa4U3JEOSeoFgLsRegVFkm6EfrebQ7HpH.v3Ah
1997/06/07 12:42:50.360967    ceddkbu3XtcNjCsbpHmwIWXyzNfxh00 6NoEYEVLUH6gA5nuAq4MpcthN40pauy9cdKZWqXBhGdw6lRcWGQe17.rKfrAEif4
1998/06/01 09:24:59.668612 2FlFGRIQVzZ4610aZmlAEbnqQ9jHHYE7 UOJrEVEC1NNwDFgEnfr8BbqRXU0u
2014/05/07 09:57:08 oxIWXoFjbxlgYfwlxR 0vw.YOWmM7aTqUxfO.spMnVLcbx2AC0ytzhsH0I6dyw3SCjrQIXYsBsN28N
Fri Feb 14 21:32:17     Kf9gsArQJfJaeIKAX8IRnZjUx DoDnGPCrmpM5EGKU
Sat Oct 11 21:33:35     7fBomDjGndL2niQ5.dlGLk1Twbl.po5Gm0Q6KOsA1AM6X29Gy8gED8PAl2ld.iHQongyyClByhxN7WJ12VPi5adG42pLUjd
1999/06/20 10:10:07  rvPAfsKH7imGzGN.xd6uGl9PDNcBiMA hxKu1NlS7gu7fUBqtQ8oYhXCs33Wwti7tFC6WV
Tue Jan 10 08:41:37    DaRruMeYvwYSWCWP0N5zjDK SRjy9RlspbIE
2001/04/21 20:27:36     l0JG5X7YXRsYooBrnzCnpb80uzRqLpRKqWjUbiom8a.dKn7uNZT9uz3ET1GTG8n4kbUvUL0hC
2009/01/07 02:10:05    llOo.sRg3V oejX9k5Q.1JEDkXQgM
2016/05/08 21:15:56   caMHDwoCEF
2002/09/15 06:13:13    NySg4bViAVGdcwFMZmYDvjyiqdOk7kfZ.dFjQUX.GsNuCaCaWnD9oJXW6H0URLV6Ptzszj5DgV3ssMH8J1WP7q1rd
1999/10/01 10:36:50    6MwSnCHssQQF4s CKi2HKIp.ibSU 1QVv4yQjvkkLJRE8irUhyzhzjCXSFJ4eihotlSpHQTz4hB5
Sat Nov 15 20:50:49     uHktdNKhStwnnM.WH97oF0U1sbdP.PkyzZOvioKnUSqVqcxYA6
1996/02/09 17:26:53.795811     D4Ol7Qejx8aRCbSCDz.eERG1GQDktboVnV IoDyNFrTpfMkwBsm7pptfnyAQSDEF06VQKm7NJt dVFf6nhz0OqxjJ7
Tue Oct 02 08:37:24  OQOvpMOB7SMgDMdo
Mon Oct 01 15:45:02     W fRrm1HTAquZb4SzfLQXhZYtx K4hDxRlq7nZ3zEN 2mg0KM7DBH2wb37xRXp1KLvqWi0JpFrpeWN7L
Tue Oct 18 00:58:36  CDidZeHlYMAHoRR90w3Hl2Dk6NoAhAHPAjN1pvxP9wLMifrOJbkA4FYZSt6La0o mDnH5vSpdszvA0kIb.UxaOTF6snuNm
Tue Sep 16 14:56:53  gCmWE1jH5NEbvxKd j70LvYcQF9IMCBlrwoT8CIVZ51Xd6fOkPRYLb5
1999/04/23 03:16:11  bLRZKzxo.Ud FZcT YReMV
Fri Jan 20 11:45:26     z4Ba7MEJZHqSZRbJP8Frz3TN3eeUyhSh1Z5kUVan.s5.fDdhIYnn.nVA7QFEShYqH4 
Sat Dec 05 19:36:37     uqyanQ78W51.T2eJWec.sbJPmwoaeKxpxYEtjmAf3xkG6oxcZ.AAZfIErFxCWqqeUjnVBMSKcZ8sIU3HSsBXgFuka
Mon Jul 18 03:54:48  1.hMBd0hfJ5GatHV.19Xuf1UYpq4N2aIHkxUBA7boSEujYGuaektLS7tAlFIRSFVHLPCZdAF8yE26AEOKj7lrRH.zTMFT
Tue Apr 25 05:39:21   a11rqzC7HtlR3Ng93I5YymeKVmE beQEkvZYNRmkpvVEnMQLEBNuHVScIEtLVckJWktbDY va4TIPUT
Mon Dec 25 05:51:38 .XAj5CaM6jgVGlGNpi1ZPhlS2elHR13MxMC7N66Io
Thu Aug 08 01:06:08   Dux9H8H3EqM
Fri Aug 14 19:10:57  wrhVFNX c5daMKs0K1u83V8rt1Ij KAywbGd9SbJw6vWRYFHVGfpPDl0b4iueUX8spWGSn
1992/06/03 23:11:19.759983     CKfijIKByVB
2013/12/18 10:56:47   7cTe5GGZf5lzJYMgBWMMSJFOqsH7eM wEA 5N5q11rFTLS6
Wed Jun 26 15:37:04  h AXoBkxfmsXN2y7kW8s 9CHk lmZ0mfOGSDPHA4DdI vxVoRff0M8MhObw.dxmTcfP93sQ1izQ5i5HtZ7IqsLzbEDONdXAGb
Fri Nov 06 07:50:45  XUS KFkOEwIhfrml85G sXTX.M5BDAtOqRF 6qJ2Lb WjvSth75KcxisoMydHoX2ZBSkES.Ow8IF J6lAgo87fvjjmj0rKVjQ
2007/11/11 21:47:24.117911      TwxdafwpF30qZ5293np qjhDVw4BsDHzNpSyy.E2Mld
Fri Jun 27 15:23:40   Fo8A2z0B05SZL61RRtPfF9eiJ
Tue May 16 00:37:33    2SEgkAOvxKP8HKerYKDRvNZ1or 0zUYVoJMXWBCY.yVv28pxEiH.JpRnd8YPOPE
2000/08/14 14:08:21  rfJSAli4R9P. FDpqm1IRtgKevWIqeSHYr4fWnwtewgBNDG4wqMvdIRt5slfZUzqjKiid8jlZmUU2KKvYxa8pJqRjQdwN
2012/04/17 14:16:55  Io .K2Z2IbjSgep48B95T7M3K
Tue Jun 24 22:13:16 0JQV4YTg6tkL4KfSGmyjbVTWKxmxS6p73U1.v 0DJmMEZbxTFDbtWxxAje8qAExCITMry4COLHkIat31GDGk.jQ SEAfK9z
Tue Jul 23 06:01:06  PLZG8DgVmJW7upOE9pzGfOIsohNuMdUYox62grxyP7xviPKig0sXqTEWd.2i
Tue Aug 12 21:13:57   sFhhRMn4QDLLJZSROlTEOG9iKfuMEQX3.UyXoOykUCP1h5
2014/11/15 09:29:40.937766    OHVkz05LyKTeQp3Uw1N
1994/05/28 10:31:55.856773    AacjNWKWmBZx6KUEiLSo.rmKfg5iUzpNmMKKFbNKD2RhamZeQ149kZ3MDFmhuZCsqWy6KYu2hlgO6Zv.3lLLuW VTJQ
2022/09/12 02:39:35    Fre59YeO88QqTZ5suMRX6ZsV4 HBfF8U7cOqnwwmeBzd761wuNr.
Thu Dec 21 11:34:00 TPM GAnxFy1DA0WpOr3qfpW38C7ejJcn9ynFSEHIauw0pLrKcqJlKsA70vtJbzYl9A1MMQmMpjaKy
2020/08/09 02:55:46.341446   vcaOUcBVjp5SfZNK4qIi3yfGU
Tue Feb 18 23:47:29  3V dtzwPStU321cBw3yex9H7gwL4d
Sun Apr 03 00:26:26     zyk7WLumO4BlCJ6sUrODzZ6 X6.GIx 9WQ9Df4xFJ2pHR6NWiFXagQ
2009/09/22 12:52:26 O2Ya8M4sGryhPK
1995/12/05 09:07:45  Nzm3O8PS iYJh43uv62KdW0qhh46ZwVTuBGLDdw tFbQdVG89iZWGKYkopP2BNl3cVOk6 HKcvjeMXzXDZaMWdTI6g
Fri Mar 27 02:22:03    F.Kw6wyqYdAORAgpC8gOf36zjsdCIS383q3ZQUtg
Thu Apr 28 17:00:06   t65OE5FztbxU1dbnQaklZ1brfsn74wbbuNS0bymja8gRg8J4O5PfZeQBdi1yF.8Id8mXSMKh
2007/10/18 23:16:50.421438   sGEAEL9gR0aPL7LbxJaRar4FtM0AarXbg7STzn0qlENbiQQu7
Wed Apr 17 18:49:40  DptmOM ftWdKLpagS84Z8 nct.Rc15fGvRnUjJmvhgpDyJUanHUVMLkfnD jTL1hVUZa4X7r3BcDPGYDVX8
Fri Oct 01 10:55:32     uPkbA4FomAGIVr6Pqppgm
2016/06/18 20:34:55.82336 EEXYXg.OZovA0FYgrxV22eE.8.J.0hWaau572rvsysG 0EUKGZJNMRVi6BfbQftgfTP5EC4VJ05 
1995/04/24 20:29:12.544825     lbg49p2Cr61kKG3tQkTkAX863WddwAsI7JnuaOyv1n7gupjMm2kGz.yy eZXw4KVj3uDnaycjekEjr
Sun Aug 22 05:59:07     8AL1Rk9eJNOc6pwv17Ygi02M0RyjUyxzLRLLDD73aXYBs9 KzKYYT.ZTbAva92MD
Fri Nov 25 20:37:13     EX cytc1cj8IOcVUrLuEuufVETRx6neAibQyGTageMfEeJullNY0IEev2t1awsTDsmRb4huoPFegoDT89fkD Hixof6hScIY
Wed Mar 19 17:13:57   WzZu1RSZvsPzaiTLyaYpFvAQDp0IH2au8HoC4FPZPgtXCflG599Yts1HgOgRoRonROM
2003/05/03 12:59:12.914917  lmP8T1CG0TLkoTVoB5I8
2015/08/15 20:27:11   OOFRgUI82akmPGQREEQYVvLMzF39ltYJPr5KwSk39rSJKCCNR Kk5B6y1SqbZJqayi1kI7n8vMUGnZ4GpN9xK
2001/02/07 15:44:17   v.FpEtTGefHVP0Y4 W5Vf03Ph4l3tVikwik7JJrlKqGCkonS9em6PGyu6eC1RlT8I2EPNIH07qZcm.FroS7iKF.yK0PWhBxpDfmR
Sat Apr 15 23:13:39    yIpyn7i35H2zyCxC1EKEAmyjC15txElODrjvcPxYFQ2A7bb86umM.rgmam8RjjueL5N0CpgyrlHybqBgcrdkAel5im42YR.L
1996/10/19 09:31:10 FiU.9nfu9ED2
1991/04/09 09:26:58.186587   au k5PLmvbUO.ZAD35p6wEU4mnSJcX8bqMYJ7 
Sun Feb 17 05:17:44  mzYxV0eSb7gEHer0gKeY8USY4UACSTyncMKcCaz5toikajnJ 1ZK15Inxsphl522yyUfRAObAQ4FXin6R0CCjms2dWQrE Zbu
Tue Dec 28 16:23:49    57g3AsheWG6u7aRHx0xfwrVNDY0IRT3WCnKDgGGmfn40.5hvJWFLnKs9dhUoU.Eheni
2008/02/02 06:51:52.385158    f7 hWWzeV6Ruw3MSXzu0el9eWEv91 EbNu3TNiHfDUZdQV9xLZQkdC6dgO
2003/11/23 07:27:42.77047   cwYKbWfG8owsgNPTp0ikkFoi6ZkTzHnqAK4AzA4gfxJM6dTbmun5WS26bb1C0w.o.LxMBvA VIgb8EP7Q8Dr.7QgYkqV
1990/10/02 18:51:00   v22qioxK4JleTxLgfpWBncEf4YDxYyrU6X9 O12POeTZSaHPp.1yjsIjPeMmqvcS8L8q.Fma0M
Wed Mar 22 14:40:22     JZMfkrQRk.LMBh
2009/11/16 08:26:16  n eNLnYvcBDfWpkUqg2ASI2v0ZheGs4rfk3Ods1Sg3pbf0ojeaixbgA5oKDu3k7RNXxltRFHWr.DhGScrycduv4ukKKlB93zTW
Wed Dec 19 17:11:30  nl3yd6yXoMWo7pD1 WAMyiYYSldcyjeEPhqVmpqTzhC3jUuVT3o3evaZF8TpedpDJy7KEco3wuYrNhgign2D iOwAnS2Hig
2013/07/04 04:19:17.781116   UT eo6.1dGl
2022/10/26 17:48:18   cUfnw4psycDYVCmHVTHipqKhgzqjJyFWyWT DP5QnYsAquxVbcLbk03ohSx3DU0QbML5FzmHvLRBs2U.Ly12a0
2012/01/07 16:03:49   BjVRWb8wT0mbO9mktgTGm61ZlVVS3bszIURdfNs66ZpdtAOehoMdQ9Aw43c.FlycguAicI3fELAuiW6fY5w5Lc
1996/06/22 22:33:45    QrUnQ8bamJt OL9Bmpy8dporL.28KIEhrp.4dzAAf
2007/10/05 20:41:18 USQRtq72g9ekvU6NO2Egv lMyJO
2011/10/08 03:48:32.328800  nYJxPZ5f51KWK.HnoY4l9YTRvX.AKharexilKBoCQ6ygx7IBjDlxvuuq2gLloeSJ.A6UoENHbbUC kosuq5gDXtb
2022/09/14 03:19:20.23538   J8Qk5Eacqn.tjCtia5
1991/12/22 18:30:39   gYI915yBcVp.DEeedZJ9xS4wKreKqpolkhAHN4
2020/01/04 07:59:37    4cge02XkDyvtwqfI8x45jfYVCLWFqD7e.3SP1ABix3i4pwj0fuSKruosG3W
1990/02/07 05:56:02  25Y4.Foc CboDzvJAa h76.gPGlQHqRfWeyKoHKTcwtBFuGf8zp VZS
Sat Apr 24 00:33:58 R.dDCjDCuEPtZQfJfvU7e1RiChz2yEL.NOtR
Thu May 14 23:50:39  JjGERt14Xrvi7qYkB7ozY
Tue Oct 20 03:30:28     8O12Tmi6qlRpjcJZCLZblwOH1T8.SWYqYPYLcJdSvMFDTYRDlId5M Ebkw7t6HJB6d1YLZaJD Qx0FcXAUqkQT g
Wed Oct 16 21:58:14     I 1X5pmLJ2iqRVpi00iVD.snlQnnrQgyA  PmaJpSX3KflTgzCy7fbZn2No5kZ9xmuoY
2017/05/20 14:10:25     5WuKUikJE8n
2005/08/01 16:35:04.387558   5NLGwQ1DHea uzX8uoXREfcn. FNm.cU4EXfS6uSm4Eqj7Dc8JL32z3oWheEqaPZItspaUSAfG0VXYardr
Thu Dec 11 20:29:31     rYkVoqwSwkipL3V LFfoaF2Z8vhAnqU9EkG0zqVDUTd1R6Imfjwm0qHRjkwYEhfBddm7VZJZWPdb.IuvR58YLmxNCgNi
2019/10/11 12:12:09   TTZ5zYumJ15Qeq1El.bzD99pNKW.EFsRMhg4ePCXAJ9SDY
2017/12/09 16:42:36 GbXNXmVl2PAK0NIioGqkNpuuzRPsqD37qzTpvOu7iqb6iv7D.Wqd6RbWD86qEBHVy
2016/12/16 10:27:51.333523     c46kw.KtiIEWdo8BbBqf 7BzgU Y Easp 7rUzlZ5xfW.1 wcgkZ2V1plyqjatsdHMQnBXvdCCP
2019/08/15 16:10:54    YwtjCOttl7kZzib9DPsq6CejKzhwC5d8D4f3cG.Q2vgLIvnnaO989qvE9BxueCCHQGGAkOtdEaOja3bgArGRB0HLri wRMN.
Wed Feb 13 15:05:31 Q9wGee.Y4OQxQQK7GqLmyNwzTBc3tn7Pa Zyiiy4hZGReXXj27voX.CalC N4gSepjFKKKQWwoai.4FPmzTV.TTu56ee
Mon Apr 04 14:29:54    5sMGUscF84.
Tue Jul 08 03:10:00   IwYYOW6124qnB VCJ
Mon Feb 19 14:02:13 iIVh1JazDq.TRuqnmLsYlfQ qjc2StIE3zEtJOTl24Jky0K.AISh2fWfPrbhWjvtzwqGpxvQMz9Fo0yAiLyCZvWDGKJ.wplXP1
2018/12/02 02:13:34     99fKJbrzUz6FMAskVISeQ5uJookl9CdHejkxb8Jbc5p zy.0GGsrsJceSL
1995/02/01 10:39:16.659991  Rz0oDLFDwPieTKvfSetYOMUvJIgA8q1o.Y7lTqIxRw6GzNIbFrGzneEwpJfUQMxvR43HOfGnCusxfX 9uNH33juiOH
1999/09/25 17:39:58 vqc.rL8B0pLgoPUGjJAKSukS HZtxFiqrtUpULr3beQp4ga2IDmqFbyAvkeKxaAQ947d1Y AiMuGeeKJiK
2021/07/27 08:48:52.274533   GEW5PiLYXVZKipHD51hieK96LEkXRZvPvELYjsXRBYTaz7hVlQWtOpYPQI9F7T
1994/03/12 23:26:55.844428   83awUjx93aaJRj
2015/04/20 12:37:19   aZFXGPGaS9zlnqh
Wed Jul 27 20:41:15   VF5u 3rywI9KMR .IonvGaf0uCSV55lv5zkmW9ntec4 
2018/06/21 06:00:44  iJOTxFw.iSkBkqIu sxGzgbS6dZuMmhgdypnyQSN
Fri Dec 04 03:45:57  CSjJjQJoHqCHEk1xBv.LmVnHpnavrMS8vhHxmJNN2jLID8INaV3kIQWsR.WCD94beAZs96oBD.c
Sun Apr 04 21:31:59     C6MGqzBAl3sf TPpnvbuA.eQxPXOPdQD6LZ4H5zgzQiAOPDhe5VFN4jqyDVkFsDRd9dG7mdK6FQnE8M3pLJhcia87WRvE1
Mon Jan 21 19:01:05     9G9NJBRseU3YQu X2wesI6odEYPS hlGU0vb31vDUmFIwbKpkAdEre8x88DvJaMhmgsB1xB38KE.iVAMQzB6IpJFvc6kJ
2011/11/23 04:03:54.186624    bv6ythaGz73JgOUWIoYuMoUP4StU
Thu Jul 18 08:31:22   wnp.GsMBJ7PCmZXbizt118CZZtJyqVpuByNo38g9hQFmk4sEEwuRIZHb5kGc95CKBFo2GaRj66nY2sOR c40mfbzRr2dP
Wed Jun 17 06:22:00    Yjey45bDapzQTqHj z
1995/04/23 18:10:14    iLsnh3bSNGOwQvEh16p4DexONoPuazKt FAy8ozS JMmSiAknVCzc o4LCTDtPoy49FNt67ry1zgsbQ48AauiO4zn13o
2012/02/24 21:03:12.245183   gseDAYnZkbG7bhPpzfloJyEshyUK fLQOpbF42a8NW1JdJAfd9t1NLvt4lYj nD
1990/12/05 00:16:19.305571  CC4Gp.dY.MiG2 6pf059R0ySVv9u4EkssWEWnCiIx QoVOJUMRLMfjvPJTiN6P2
2003/09/25 05:29:29.603635   aW7absbA2UMPBaSozW.vWxqHPQrs0iQDqK5G8gcOYKkg7i
1993/08/13 12:30:17 vT93W9HsHrnuAWBysbaMec8m.mT.Rr Otj4Ty ZFrunFlOFc5.XDKBtWv5rPObJlI8KbXVeY.gt1uhjEfSr8
Tue Mar 04 11:36:05   5XeG85O7K3HPpmmlW1HKTancCJhaMBBpgmz42ryl3n7ryJvJRgQGrobjKZy9tfHM4 V
2014/01/21 13:51:53.25127    5oDcvyNDmm7Jyv83VPn3NOA6b1EUfI.B4URZsDrYkf5C
Sun Aug 18 17:32:08 l1tdoRMhePDyCLPDr96xrILmCtatI25WK5cG11ZXlidHWlJfM2JC7CKgPCA3mEoUMgNJ 8A5t
Sat Jan 28 01:04:34    SNJfgpI8O7X
Thu Oct 09 21:59:26    U1xt1 FKvVQ2uYwMYLzihPirs S2swmkT9hZ30DSKgPtHhDm4nIoABk8APKApzRNxW33TPEK5CKk0MxO0ZWeLOLQ7diunTq.KE
Fri Sep 20 11:33:59  YbLgbG bC6 Qdo.RbgxHQGXi93GxiP5qBvVA7rmExDJ85RrfhS7RVUN0EYXx8OPXDXS2fNBKLwYReI tGBNRlQBdGMhI.YdRlTBm
2021/04/14 13:14:26.12555 tTCbqZK2jZhVCMK1iFt36aKaE6leWRJ8oI5ttVKzc8KUR9YmJtl5A.uWb4lfKPlRCbFxQSRSBUw4LrcEAicvSKS.QUZ6iqSTznHM
2021/09/08 11:33:36     ANl7AfIYx8eEKuIWpTYs1dh2adhdZ8unUgt.JRZViyq0AS.qKRod7Q8frnxDRKV8B2gh pc5sSA.OYY
Thu Jul 06 10:20:22   4zVVgu1jummQorVyKhaszfLjAiAJvFxgPaL09A5vTIPCqe9nirqkoIXsPU8VgXHw7WE
Fri Dec 24 16:54:22   t7ibLDAgPB3scs10eU8quasJ5KOwNbtpmh9WLYYuGnX iXq8aIzwlBUw2ukF.0hdwo9pEu6Nx4.
Sat Apr 01 04:04:27     4qyH4WlJZET72D576l7S.6T3TzgoNwAFv
1997/02/10 05:46:39.30227     i5wCKEpCN sLpnXbNw.7hB3xLaDHv6tFhfIzOjV41dH
2005/03/15 13:56:33.249807    9maHSVgc8gKlMnnuBepXbE9zgz00Pn2RxzhCGf9mHECxox2NBvifGcPcT25ptQ2LZuXowKWJzJPfDiJm02Pzf7qw
2005/05/13 15:09:14 zi4DFJ3K8gXfOn8Txl3p2DpGZWVGRnXilGw4UBXRZc P5chLmyDlo7V.VfKJePRWLq.ENUkFG5Os4M0bbJuH
Mon Jan 23 07:26:41  98bA3weKIM7l4yM.x.ffV ZQt9LnVE9ge7wX0XyW WpZUG37r.MN9UFU
Sat Oct 07 21:31:27     SM0georW75KnjAxQHixVhxBJfF4DHXAIg0zqnp4s8gWk2zpHl8302 lyrZfm3RqXBK8Jx7GBEcLJrRl.7QfYmfvt6tDuHvnxdS5l
2001/08/04 10:16:25.203971    0NHeQoCJ3LYGYPfl2jbkYh9YAwCot7VxdI9aZLhaZeqdg5YFLNhclElEnmzApytZIU2stSCWeFmhFlsuhBJwQ1oQyZfFkLzZXG
2003/05/08 05:45:21    OKdUhaVdW FeoP E6mWeYgzvHjDQy2w7mGos2QAnJ6fXHBNKsz4f21hNS4y4qymZbbRpnZt2fAbFJFdcqnDOC
2006/03/20 09:09:10.436589 07xiezOcCbj8fFiPOqw8BZEcvFlc6fmx5Fil7hBa63iSp0pHQeHHPFdBstJKKqMmPZvz9K wJZ1IgQ4
Wed Feb 22 00:18:31  TTa6VxsBlBFLloxC4vVdoBNGDqV9uoCDlyu6xoXOVew42ZiIpvSXQa.XkmfIqIfgEc PeBjw59Qxdy5t2diAlZkkapqmK3JuA 8
Fri May 05 15:16:38 Mw3VKNgx9f1epUgQnQWqe UfzWnN3PbXyxKAG6Pe8vAB82PsmBHPUKSQlSJOfQj6s17Cb1D4DZKQx LdINjwaC.IY2
Sat Feb 16 05:29:47 mwT1kpONqtRf7XKo5LL5poHpN17 rraWqtIJS6hRTrgSVV225OWrDf0MY r9BzFRpKAABEo2PJxFC4iuvQM171naTtFNWfS2fw
1993/10/25 14:24:57.869245     t.DsuFEFWkIqRUs
Wed May 09 15:56:29    FTUfO1M47Vwt98yyiQ07TOn PHMeOqKjgNP9rWj7 EG.tjKdXiFDvXoLd96qxZHD4zUlfEd7jvRKzv2Qf3yDDs71pX
Tue Sep 23 04:14:37   baoqqKp3D8p0pcAoQV ItkrsZAqE0epVdPj3dLamypBP2Jzd9ZVPRNrqrknnibK3R95y1Bwn2Sar0uzZuay
2002/08/16 07:15:02.253588  tXMX.Gi1KYx2m1bKXZkBGDNsQL0Bvs83LjfjvsFosOtMC4dlFkASJ2.EPeoAyoA0oBqU.S
2019/03/20 07:47:01.477880  8AUeuyq7Y5qRrOHe0V0JL9crYPbbebIBkI6vlkp8U5.K
Thu Feb 28 10:07:42   PV2K3W20Lp4KvFowSVB mbcuPKFA.8.1cRIGjXTzhvPIRumF4HLj qrmtt8AQq
Fri Apr 27 01:19:16     RWdmp1wgf6tljQwopeWW7YexYXCOXi5R2MgK.7rleXmbIJbQMrrSnrdRvNlEsxgYa9Yrb
1992/10/25 16:30:58.665377 6IaGtJbXrhcgDoT9bq
2004/08/16 12:58:27.893759 RLTIJtAdyK5
Thu Jan 25 04:25:47 qCypLI61Wp4FM2vr1Q  wahCNfQDBA4WOkpURBWWpSm0PPoUGDmX67vPp2wij cXbFrlDq69rhUhbhaxq.A
2008/06/07 01:46:09.465856  5V29jWTOPr6xSQe2 a9.NXYksdKy2RaN5BsjW065e9YTypgrjUfoc4G7xl0Wn3TNLe4VECjejwG1Ma1jbM.hM2s nuQRXu6f
2008/07/15 16:12:49.679118   JaR.FCepriQ361YGCnK51s0NOcaJog7ffPdgkxE 3nxmKoekAuIjzBZvvzcbYSzaCPHISYdLLO
Sat Jan 26 07:25:57  RoUHOIxHBrzWtTTFXZ5jFO5rbwFrPl8m GZR6aW
2004/06/23 10:18:54   X1iNfYf8.epJKWEP
Sun Oct 14 17:28:55     K2DdvbNb6d
Mon Apr 18 01:47:19    plBcyCucuqXgBRS4Yq6ztUYutVQZJuCnOn
Wed Sep 10 11:35:33     JlJGlJItCsVEW5HbkAF8VP3dSmgJlwL9z7J3blWBlX
1993/06/26 15:00:23 blMKpB9wfrOSHlG3Hpmzw4
1995/02/11 13:28:38.911717     TnrfZF.iOEFdctcb4PkffxipKv4mamrc4owPw9ch0IFRmt9zcDh8ce4Ecc3MdMXMw5ibRL8bI2DVf XJ3 qCkW8HOkdVkwyKz
Sun Oct 24 07:52:40  miNLABGCA9yixCi1Uox 6I9iMnMDXA
2010/11/11 21:17:13 RioQ4.Zs0Vppp1Xurrx7yl3h14wKnZ.X8qtG84jvAhVDbYlieEPEVxXElbDiuemmGZoaF
1994/09/12 11:52:39  nGKkH2quBTXKfGE3qJr4AIYTHh2S26Nl5IlSyQk.Dr75.dDDUti
2013/10/17 03:19:30.62271  PN2LZx8YvpTw1 J6H4IwmI1ovMInqQkp.fc8ckS3daCq.Uf2sU7GD6KGmCoSavnUt2Uox2lg7 wrK51rQrOux3CNhPFGW65qR
Fri May 10 15:52:43  fUAUhT7pgxXkQ5BSu IUU.pVdInuCUbGsN0xq9WbCMmDiQpEuDDrS35qSN24TXFLUBYT7r9RN5iGaCCAopKncd7
Tue Sep 11 23:57:06 HyMyZTrUnDCa5hV7.aj7DCyE2SKKyUcnHPsNSz8 1yRZFDVkXlNDMtGaBeDUjdgfxGgk9Q8zn2HCN8hajntkao6sXVv6T
1993/07/11 18:53:40    8mHK4yiNAH7m391OqMt3is1pRAONzJW8tOShpUPik94OG3odm55 Nv18iJvLBbsqlAr1crk4WE
2000/12/26 07:13:15   3tJ28gXc5M3Ewxa4ZctUYlbvzIlMEbD.nIGiB4YR .eRn
Sat Nov 23 16:36:13  hZ3BUE91oXkw078uzEJ095nimEBBWldIxNFtC7rEpwuo56WmdCZiN6FGKQa
Wed May 19 20:27:58  CZdKpS6Rp QzrlYxUxOSPCQKj.e3ZabIlYBSEkWd93p44wfmhHuEwgFDjh44Raagg7d3oLiKVXeYMWei2yJjyISoKyD1b7wJc6
1996/11/01 17:53:46   XWkhdPfrlWPUnPCZ012kdaUWSckBVeuquQ7cGnPAO5cIr6JdJA
1995/10/11 19:53:19.173192   kiP0eoHGM0QOkC.iezkd8EU1qHM.WlxeyzoN2TgV8O0YyRQL920x
1998/02/16 02:11:20    AuGZ4zHhgUigszKRcKVrPidn2di9WLJF50sMM9l9d5o00MIA3Y g.Vc3bAM kuLxLITmDHcl3.BbpkMKoVG
1997/01/04 15:29:23  nkV8PCC3Dvh8eHOT014ezxQUVLmJpGv1ceC2zI1IfMj
Thu Sep 16 02:20:32   N9ptOBqk5jP04 AT20JSTaJLcAiV7DMR IScSI1Vv2EGC.6I871rIZ56jjxzUbZNf0Ia2RwlhnG
1996/02/21 01:41:18.558976     gfLGaGccmjKCxzgw1AWJs99dRC7czFQJwrKbqYVCwuOmihL0mmMFUfiIcMkZWrf2ZQHJZR5
Thu Aug 04 07:57:03   L0jA9ktz9ZEaFmwI3a7TCv9wS306Qp9ILpTUndf0sFcoJPZaaRXu3VuEU5Chc5mdTy7
2018/06/14 16:27:01.654412    P6tKUpp2sjS7QEN42uUVfSg6n3
Sat Apr 14 04:03:27  6SsiKxGPgvGUKFbm1hRybDtBs
Tue Aug 21 02:10:52    bPYi7YYURezU00s0Re UhdzwwpqfQ47rjF54BAgKJbc4kY6aeP3gC51BaI4C4tlzLz
Mon Apr 08 07:56:41     Zmt24E9s7Xyd75lxLziziO15E Wub0avNcJ3t TwPD41PNZxnIPNIR8Tzyv241FNO.PCFOZJ39VZJGvVl4cFcMOIikX6
Mon Mar 25 12:47:50    YrLuO70biyhGz83mCjxErtcMdCXp6SFkWch9WEP2S6iXBO
Mon Aug 17 21:32:36  8MA.e35qODSz6bIfIiNmj
1996/11/23 14:19:10   bd38.o2 TCCvc7HJIOZKBrCuBcYYN. AZcW.tHB4n3ztAz7nQpKd
2010/05/22 03:38:32.32384    oIOz4nDbGEkJ1Ys3dSk3UL7Fi2Ji
1993/04/04 14:57:39   qKeRfEB3se9tpAMsGu E9wL
Sun Sep 10 20:48:35    CgmTW6IO1VLV5NRkf792TUzD7ElkjBJ9j2hL9BFmYhAQtrEAbKlpTYLG6epTadZBq
1998/12/24 09:21:37.727080   H1vhUUnkV5z0ufbegTmS2eXv41W
Tue May 19 14:46:16     BzlvLComIoeSdZrddB
Sat Jun 14 15:54:24  V9cjU 5C.LcfRKmiF vjXHbGsHJOqgFxz0m5rKTo133WrTawQ9uAUtbiwON25Ozyi3jQ64hJsiAEav1gLu5awdDVDs
Wed Oct 27 11:20:49 1xCDzJel8LXMDA
1994/02/24 23:19:40   JGkAiEl4eVfUdlk15AHAHHEz.N5WL6gaZdv76xQfoWmZNX8JmikIsTX0zIuEGD5Von1ezYnK.uMo
Wed Dec 24 10:42:23 3U1tjuyYJaRJzo5r0x8K09Ces
Sun Aug 14 21:52:55     1TrYOiDL8yz6FK7w0l 6xmpG3
2012/05/15 12:20:15.370309   10ruP7cUvjaroQ7YrN mSgGY88E9AZFfB.wmls dQLN8j
Wed Jan 17 21:40:58 wqIiM6mw3OFT
2002/01/10 11:22:30  6bRiynN5vHfxSj6cc zMMdPKEucOZcb9fZPy6yg4v1rmWOLNnsSybC4IiRFBnTMhM6z1NesG1HP07gR
Sat May 22 15:31:54     zm9B5XJ5vL7wo0E4AKDSqbiawa4ghHIK9dvhXbat3ymn5MBIyHo4tjimKC
Wed Sep 06 03:55:28 b28XLPpAw8c B67mRnhmzX4RPylGSn5Mio4snLRtd969.4y
2012/09/28 10:00:21.956212     8HcArR1xQBABLw38nTRLzOHJB9D
2009/05/10 23:29:53     bqqKXl9Z1pb4DOyCnSU1VVwWjAm9Qvqj.4
2014/12/06 20:34:27   xd71nxE9.F42p81Rdb106giXppPgLPMsS7TedBebtSGHhDpsPl4z9wUoX39b.U9Cmt51U9myiCloL0YVnjMr
2017/01/05 09:45:41.895144    eAN1xSzjtjH
1995/07/06 04:22:46.365326 .Kjwp3CuEy1R0vpeHgrOwhqpLkNshBRxIzl3s2EqPfoMfA35adRezFONuOYsaYtvWgfSVa
Fri Oct 03 11:29:20    ZP3X95A4dHMSF
Fri May 21 05:36:30 3eevOrHa4r89w
1998/02/14 08:44:20    uJSu5bCB7.ARJA0v.YQcE
Sat May 07 01:48:37     QUTu1WyBX85pMOju8V4rFZMwcLcTacpXHOg3Dq4z8C5nD0W86gRtyrORRd.D4hPFVJtRpf9
2003/04/08 17:20:31.909404     WO NJA3PeeWP2FwlMhCQcg.H2bjxP3c3J2K76.31S4wZDXfETR
2004/10/28 17:37:21.332101    6BDoBrIa0w
2003/06/10 13:45:01   f2Ws.5 B3cJunzs3uWQBLPT22HsCyqklDfemMz YkEu56SzJ7CIHFYH5s
2007/10/23 13:56:38.552228   r0Dr0F9cAKHL vG2faOS9SFoknflYbU eersvHgZ7dHJkKEiVN
Sun Feb 10 07:52:53 GlnNXjf3l3hVqaagyPSI3axdfDRFFPfFIQC8HrlE9P5XbxgOR..K0.EiHfw52laVPxTIs9tLvDgQ6gUDtU2Tjg
2015/06/20 12:21:37   1Thp9.sQ1dOBvwPZzEOHiJQbchQjxq2vllTisKefaKSxzmPJ9rJvjbviAFrg.OMWqO3dtP.fM8V7FClic
Sun Apr 27 07:53:53   c7.6ZmPsNlRTQp74UQEj
2008/05/19 18:13:01.799672    i.vrpiaSiiuNHllwkdNSM
1992/05/12 22:39:50.368064    JTbJqIUJkSjUxNAz15J0V0Qa6ZuLHeFvGNCTGemequvg1BxED4GIR8jof5cvB1AB6be 1hL.WVMh3w54DbzgVu
1995/03/21 05:31:58   k0 f4FjXgU4cfIgEAb3k4T F7zFVELKGvt4tQArpJD8tY1
Tue Aug 21 15:16:45   Fk9vB8uYUlWbLWlkpWS52sKzpo9yEaocYhH3WeD9MYPUdNSrf
2015/03/17 09:47:09.215991 HGCz9cmZOB
Wed Apr 28 11:56:13   13oSR4sjNk WhM0RsHoUyEuFyi1IOWe9PbPy8inXzxPXA.qF8suV8NFb
2020/03/28 09:02:15.789604  fDke0w2 ZIUy4xcEW7WboWjdxKszBLL4yXNMPphJ5YvblfvM7dgUhtFsnNvJQVE3YRiGjn
Fri May 15 18:43:21  qywSa5VILvZmNpTu S8sH
Mon Dec 26 15:45:36     diU2uPw23PRuA
Wed Mar 09 13:17:36     im1UI5cK7KXOK8fHcL1dAkv6hpSNAdRFIcM7BEnZeZ790dHURrdVdbHkrEvn.dbXGGOe31iassLGW70vz2xH9pBOBdAxc0ou
2008/06/26 21:31:24  PSqzqX5eeYo67oWs5hA2MubvY0vx4Qx2P2HrPnRh82rwcTKTygtd
1991/10/04 23:21:35    k9CI2l4jr7nyTYFSeQLnLp6YuFK9JYS4MVSZeKgZIyDvq6HOX0qRXGi VFYKXQ.tlHNKmsRY140
Mon Jan 02 20:28:47   c5X1N76HkeiWLEy5FCILt40Mo92yRnp7FustWC6sAJ.iLoqTLJdTc0MCsdMJrVJPMOSPPksewv0qkorO1yTf ewYYtL
Sun Jun 23 00:37:06 sRt3V50qB7SqoUkJSI moqmvRTiciSLU3
Thu Mar 14 18:11:05    B9K DKjilYWLavpXjy
Thu Oct 14 17:47:48    lqNdmn2ofv1Ey9ySlhg obB209B
2021/02/10 14:13:56.637039    sg3DnA OrqiVVxixSsuLnM6uLz 1664x3SKFV7PMFLekLYTwy
Mon May 08 15:09:06 TmaDQySPNj8sSX6zn3HT5Ry S3rJtNjg2wuJ4JGtNZZc5tIZFY3GCi3TwGHna 1BDzxsc35iUyHN98c OSh rfazeVLQGYhNPC
Fri Jun 15 16:48:33    cPWXXoUArh1.WPooU1pSKim2AD1y6gg4k3uk3iba7 shTxfgYk3RfQzkctj 3.12gehFa2Thc
Wed May 20 03:51:33    R0bhKML8cC7L8GyFwXnDvJPoa8jl0BUfHR8tKg2aYt7PSKI867TQsDmnhi3bsWQ
2011/12/26 22:57:50.113615  OpsUkIUQsilAMHPNaIjNnXlTiGQOJZgj b6SLvppz6VUY8DaoMNRfzjFVvhndJy vChX8Tpvn2P
Tue May 14 18:18:59  YUm peqbFW2y4x6jURthaBz2QiyryHzsKXCkm5DgHOxhWpGER9qEsSAg
Tue Oct 13 03:51:27 r3.wsE9V3msxeIuevR6NykzLSo M4ubkx8VbxVUROHGjyvMLgMRp5DL2NwuhRHnJCw
2010/07/21 03:13:22.562573  4alGadz7JWY ucDMveN1N
Sun Jun 19 22:54:47 C9CbA2yl6vsImkzdIgQ7UT5IhCQ
Sat Nov 01 02:19:25  M8jXFnCJEzuFmDMiSgv OdgtS6MG88S1HS59JcGaoCaJJet
2017/03/12 18:54:48.325930  hOIYT2yOWIuz7hrhH3Xw0R
Tue Nov 24 02:51:18     iHLGVDc5sMdr4oNI5erdI.2qCnTy5Jjy1NLv0lGiJ
2020/05/08 09:27:54     mgLgEjO1wFzWZhlCYWZwmvpBMKAefJEUY5o8N.vcvSSizk34tztRX7eNaskNOEH
Tue May 21 04:55:14    7Kn0droA4vi0X0JtvI.E1PYEnuemDH.Ue9DCfEQlZjDn5q7TZW3V7KMaCRzuVZSEPqGiDQyfECrIKHuunpnfbz36HPxFHTV9125
Tue Dec 19 13:51:20 SYklTs9x8Fo4pPs1DU0t1bKNPRHmmOS8MQ1qPDzXBeKhayTz0Hp4y.SwS
2019/09/22 01:16:19.414360  keBVqp0Hpq3z7i.2fpY
2000/01/11 01:33:27.628864     G22IzWVeD3JQ.FBMKjmI.s D65SBkJCPQplhaaIgSth28rUj03QjNFB2G.w..YZb6CSYkui
Sun Dec 01 23:39:31    I48otGLU4N9Tsc80BlOuopZ9b56zd70S IQ
Tue Jun 21 09:42:44 bch7IFv0Wj84jx5xRR8LylkPP
Thu Dec 19 11:24:22   4d721YkL1m5 IErxd
Sat Jun 13 19:11:09 PMUoWUbGJzMJviFE2PhmD1Pfg
Mon Sep 18 00:49:24     whylgPxbxavC kNLsXQ6dyli1XCGvGwNKqzLuqIY2BHIGXR0RREV6
Sun Aug 01 02:58:20   GgnEdkPFIL9VgJlTrUiX0
2001/03/02 19:30:37.539598    SZDl7LZFIRSZXpEj.wjXt5Utf.GS5a6HMED.Tn8Shf
1991/12/15 10:42:28   ef3hdRIUGvZrvaaoyuwRk9Qcb
1991/10/27 17:59:13.765696     vEuug NrIBAdQSKJe.jFlcu8VjJ.6EoOeqs5bE3gS5KP0ZsSvaIcR96aSarRGQ1u3e3YVgfZE4
2009/07/11 13:45:53     0pkEyRB7H99rq0A3KHet1S0PxOyzkj7pm6PtA1xQDUhqbOE9hzJYuP6ctksFXK.a61M
Sun Jun 28 18:25:54 OXupQYy0OfXU0jSxmIZEaj2
Thu Sep 28 10:26:50    crf3orj3EP3DfTPDnDhpSfotjnysRrOnDse6jZN0fHOxUaSUfePIiGKqNnjZEmeZHOPIw0eY3TttNI6DWsAPWhSiOkECcs.yE
Thu Feb 13 05:15:29  5oIyddLCAEOVe1Hg6
Sun Jan 23 18:16:35  Ie9AqDOKyIvNMqhc7CZqy9D5a8.pFv8wTBVDl1KGroGdbg.NhKrlsQNJyLMOATOc
Mon Dec 21 07:02:34  bW8ys68FDkLTgfClIPcZNvMTRX79 epUOV4z
2001/03/23 11:09:05 C89u5DgZ4PJVy6PlOT4hrhA9qW1ayeTxdIBuKWXAAuclfe1zhgaJEmxbWWmr
Mon Jun 19 16:51:39   yKr20fOxdtR9Z5FCu.xpnbzz.zTZPpL7RMH11xU2dDXQqUTLahwYgBBd88U8lPO
2000/05/18 07:32:43.820814     xjFXe dGfc7fAMxnB.4yQZjuSlWEbwMEIeSbCvojfw.VFo7aNlNFQwzSHcK4TVAAvN6jdF
Mon Sep 24 06:30:16  hhtnK9J15xb U
2006/04/12 11:11:40     EpGjpKESQl5wc0thyOY.uZGfLvlP 4B0YVu0KQqeEhke9Mpot4NPzsQ35Y5DU8HvM2RhtXclyDElkYPhTHtWcXK
2002/09/11 00:50:04   51IkwdD  Yak..1hUOTaZ1wJXc3D.Dl 
Sun Nov 20 12:49:59  E8crJEnNI4VwoTaISlj9kzsU4oX5sxmgNsoAOnk0H8q4kdH wFY ZioPITf4l
1996/12/15 00:30:18.171690     Dodkx4F3TOZq
2013/06/06 11:44:34  dohyYhoNFz2Eg0e69ADGNn4ejEWBVk7FMoTSqPwkIRxHjqh.HkIoBmL5MeCI1o7zief1dIa7qdfqpt3UimOtEr
2020/11/24 19:45:00   cwBaFzHTSBfCII8BcZBT9JyKx5btv2OqOsps2kRZnk3
Fri Nov 22 06:59:34  NNhIy9E2TIi6vgsUHGwFbqXitIMt.MEbN
Tue Mar 11 09:33:18  BQrh3gvaQoFln.FceQfLZbm60GFTFi5sJAycofnOPCxbJ3tvzSd7sL7zd
1996/06/24 10:50:21.703793  El0mBKb3isZ3XN2Xhsg P9Pi.Zz5GpQmaL7sGWNur4Y8etmG62kjf..xvAC4k
Sun Dec 12 19:10:41   m41fhtGBgNFtYGlvAmuKDq4xEYYuTkqX91YiY.e25A8dD97ELKbj1wp6JYJFxCYT4rwgN5yv5q9MqPzpCkrw
1995/06/27 15:07:41.299268     vVCW9vInU5lH7gW.gAd.Cgs.NxRQIdjrr5Vas8jbPjNVxN05pknZh
Wed Jun 16 07:00:16 kQXb7DcIMc X.yvXTcdoYHLkZ.oWQaCsdft0HVoGqvOjz6ovzl4Mse.9dSEIPfD
Wed Oct 23 11:10:33    pzivUJ.JKmT48Ult37 WpRoJKuJI9.j.5rWBBIVgq2uo9URRaz6cN
1997/08/26 21:44:53.337435 9QN9of.5a98KN2aDnPGlvroQVai4aR8Sqwba m3cjUTCazvwFprYnqVxBdkBQn6tcBKduOYTqga57Ilr8KdVxvCZSowMhvizQF
Tue Mar 10 01:45:44  NHA1zLnv9JOy.S.rLQFDJuBVmJvgG2trmpIrhdCJ.iO5mqrRpsYLP
Mon Mar 18 04:16:30     wi8h4JTOtTvrb972kaeZoYMcQvqRhjW55n91 XqzTFYJ08Ft26ce6gDDRLBl PwJO4FYsUNFD5LOQjSDKccUd9IZq
2021/09/07 17:05:31   yI0Qcp zf3HMPY0L3CKpYC7v.nBQAC.EVs 7fRd7jQ7QiJLAP9SoT6eT9RRSsm4ab2k
Sun Sep 13 06:19:40    1cb1VEtTYF9zCEliXnRu3qX 7M0Mx3C0DSZm3ZAr4iWecCXbClUe4YUNK7 Fo1BHsuOFT9
2022/06/21 15:14:33    CO4JbwJzpDmA7eGEqngaQiHbqdkLoQ TpGhEg5cwfORVyP
Tue Feb 09 06:01:11     v 3hvRuzV0E9t3diNpji0IAOA6jquZCqxT6TPy3QM8l05hku0f7L9.Ku3yCQCthqqtvqiYRE5o
Fri Nov 03 21:52:38   7UuJpJUimRKmZckTwJaSKUSpzoTPctjNNzMAHbAjuPR7OiCuUEUEyGt4c1B6
Fri Sep 16 11:43:22  SMDt0nVQP 1A L4gD3pqh5HoRt5piQLaCMzyTf2KtlQ91qaSrRelSVs6WSW.9g SIKcS.zL
Thu Jul 07 04:53:40  O6QMLebe xlGnKI3BCM9d97F2r3TEmHGaY5Q9osfb1RP8yXRqrYoktpEgCFELAf a5j81Fh9yj28tGNfQOTxL3bvdmQk3
1999/09/09 10:00:21  UZGe.JqLxM7GzR07M8yBrAA03G1uYX0OSICQj
Thu Aug 08 01:28:01 .vz8L1Zp3IiBARdLLu 9xm6Vv
Sun May 05 01:42:08 jExO43I306kDM92N YFuRSHid8HF7gaL01c8kmTJCv4nG3UUxGuKzQk4pgzukd8FkwWFliljKz7IT5cUz TT.a
Thu Feb 19 13:54:17   lZxa1Rj5djGaeTA 7DO26oPVrpdq80ztlQ2JTWlGhhMCD7lJPZFjfmBWmV2lE3Z29mLEEhf1W8YC44Sf9Aph6pHCDmcy
Fri Jul 24 22:02:06   NyznxXKzRqZ
Sat Jan 09 14:20:05  tnl6OdPo Nn 6C6o5d6eP4GFp7n
Wed Sep 12 00:42:00  tW0AcfQWlkQTSOe99LsBtEjp98nZqIxiyVFjXitvfOXPLVb049sXESBWvm OtBwR.5Mui0Q
Thu May 22 14:14:55  BLLdgCGi.FRr8zDwoL0MbOn66h24e3
2020/06/05 12:52:51 rD07fWcSIw6K6A5gXh3pq5kHj3YsDfPBk saicg6GrcJmmcgDr4Y0n2
2012/04/18 00:18:20.970422 PCqjt8TlXvcnBH miqMF5AEsI1HkYeVYDBvDgfdsdXDCNytqf6LbNfAlZ
2007/06/21 11:16:40.583990     sDOBcV d942Iz.2ZBl 2Y.gpqIajk8mZcVGQfE5NCBe3BJYkpyENzYEmtyoClf3Wt
Thu Aug 18 23:55:59  VUl8jdnSHI
Wed Sep 03 00:36:05   Zs90G9yf5zkpCsIEbiFgbWYfaAngiqO1BFf obhE5B5x67zLgc.yibljemQNPD
1993/11/01 17:00:20.810898     Gf35Jjha1klR2eH4d3W12S8wa8zPH8gnF8RJ s eE1mmxJj8qGd7QflM9P4s9id3kyw7B6GmeZxBURK993IwiHoD.g6i82U0qBa
Mon Apr 03 22:07:42    3tQOX4pTKdEcO
1991/12/26 14:02:17    hqqDQTaLtcHpMMHh
1992/02/11 12:53:13.53554  K6Y5 PdWEwynHei KSeRHDS5HDcXoPt7 Cs3bYtBjZfD.rndzFLmAoCaK4db2QZ
2014/04/20 16:22:31.647630    eX6a6W8kExIDHM7CDDqJDyMXQUJFHfh15PvE
1996/10/23 16:27:24  c IVq3TWO.ZgfMcHB.B.Zx ePIHQD Kh6qZgXV
Sat Nov 07 11:42:52   PFI7IzFAJzmX9C1qz5mmvfgX8EMtlkhZva7mzboRlgIbDr5iW8UEnE8
2014/02/09 12:40:31    BbGoBdtW.mM7NyIbWRn60lZOWl3lk
Mon Jun 01 06:00:35   6J5MFJln4IgT4JqZUy ZlG6b1dimiNW0a85gDPUXFru59mR3ziSPVCiJI K1lfwA68TECqnDMIV.cRghkV3ngx7RFQi
Mon Apr 16 07:44:17    9gK1pSEObFMh Z7BJZWKiQn.8AhmOLv2u09myMQuJwuKAiYb2p2lBJVnpec
2005/01/07 10:37:26.208067 Xs xvU6EwvHPnWtPXZvIcIZyP4TqtXi9FgLYzRpf8V3MgKyNN55jFD.OTPuNIcFTxaOjDN21Y2ySiP0s
1996/06/13 08:21:27.753493   9l9wzZcwxXWF1ffE6wH.Xs7zGk5mgqh7ESngA2w2o5rq4
2003/12/20 11:28:09.167734  kRFQMc1KoNLAotItZglrW5c llGTBa8Gr66n7.ojBlQ6m8fElp5ftiiKXs5wDsvGmLZoF8nbv.HBNXYcCPnVRmmG
2009/09/24 03:18:44    AnLQHc9r.AgYQECA3lS0Qt735bB8ARSAL3PDZ1dLf10M8CT2bsvcE0xiR RldU6 ElbQppmbW2uI4k4nEjcvGcEU4
Fri Feb 01 07:01:23 bb702lTMfriYDf0x8NnsoFV WMrHD53KpXnH15CS
1990/03/03 06:03:44.582049  fbGnlR4YUctvx5CnwLATPDN0
2022/03/09 19:22:59   2uYHaIRTeATFWxfPuVVkHOZ11NdC3ekBNEkdOsncuKiF3RvuweFqUMLNChj501J
Sat Feb 08 12:44:04     Yc89FcOxtACo8iWku6PqdP3PkxcjBEBpeC36E FDhpX
2013/04/13 11:51:16    sZdVj.vGZOg2PxYmTyMsj5L2GGmCC2tz8tHGQl8J92SiBMlgAXd3JjtYMVtnZO3trCUafd8Yamr0TVHcI
2007/08/24 01:47:58.216248 RnWMDZTe8j9tqkMQwKhj
2017/12/13 22:11:09.44286 QCRdAkeui94HPGOR5f2y.eDy64EU4ES9TH8tahjiRDgUHBi0mZ1BGTSofdrYGY4XXWm942lwiUsV
Tue Nov 15 09:22:59  zst2.PKYmFbceqwqbgcHzIcgDpMDeHt60v J78N6xjxrtybXKO
1990/02/18 00:49:17.211839     kbIO.Qw91EfD
2009/11/15 12:51:38.804222   ZbVrbb3sABUumm kUfqJiNJ94X0UEwPeY
Fri Feb 20 00:19:40 tYtVoFOfyOKdBB6VKAi28QsMBPlk7eCY5v1fE.69gO3tBFYx3ULmDZ8YVEJn5JDJpw8bwSR.ShD3M0g
Wed Jul 17 02:14:37   thDGtOczO5tt3Tl7YDbiYW2j0j0QUTWgJ3qGN3XYllevVEBaaXqG34wtJV4lG66lBLSsBI5bMDcN.AWYNtWb.Yt tATv5K8X5i
Thu Jul 21 03:08:55  FNPEkCesOkQTvV9fLfnwgff1c.tawRcw374IgQhCGF1A8OTprAtjQGOdTiMsmY
Tue Nov 24 18:03:31 IQgYMD5H9vtrBLrRDEwQzwCa1OYHMJ1A5IjmGiT7t4tYATfN9EnHxiK7BOrIe77rlcbqkjO4T
Mon Dec 16 06:48:48 1Jwdaw5FYcANi kEPTOvx3ZdOhj2l7EVOJWRSERJg97L
Sat Sep 20 14:48:53   1tU15EA1fRcOIbuAKFbT.Zeezq977gPexORcCRh9CHvLdH3zi dqfnc4QdrExT1V02CnBzbD1M818.PkW4q5r3d3T
Sun Nov 25 09:47:35   vKKYFJqLajly0nW zcb2ZiWFsRTh VBlsm3Dd7nTWLJmQJxkFEN4i wqyWB3kK33VDwd3A
Fri Jun 15 22:30:56   wrZAGyJ4CpU MU8b
2005/05/19 03:15:53.505320   UMYFW83d7db61Kl vLEMPtGofaNHxINQ29jgGp8pgRyvVXjxEglfAkozPvu00D3khRaLtfElbX5bdjG7e
Sat Feb 03 06:56:50 hBZFNBMbStYQfMVG0EqO68Umb2obE8ZtBnY0r91.ppWFre DdGW7Mmdg89ezWdD7xoKMp4RrwW2rlCCdUPnLTDk4YWAnC
Thu Feb 06 15:10:03    Zi W9tejhsRph26.5XSgU GxQ2Y69vfUm21UloSYWN1Pbd.qPi
Thu Dec 08 23:10:06    tQjjzCIuWF4xH7xlk3X4BUsSj0KRHz DNqrEu4InWGS5mRca.Ck1
Sun May 25 21:45:53  MJEUoNvz8SK5Hc.7DzzHKPN8ErryzqU3bzjDiMfn.a5RKhBMeNXwmzoH4IcqFaB1YYk77gMs
Fri Jun 13 05:25:47 Im.gQEEigTtygW.LXfViTj0D
2001/02/16 10:51:24.849796 vZzscDgEKUL nrSeRE4Dqrs.P3jjXdKZdQxbq7bILdFkOudj vFa6JLZE
Tue Nov 14 21:16:11   giDPmPt5vIcKvyPdHkecNTw FBVcuXiIJ
Mon Feb 13 02:25:23 LzBI71.hc0udC6PhjpXtEpZe8L0dwDa3K8oFUI4EhlGyPaQ uRVmwYbh1.vJJYkfDKQmdFGfNhIJRRChMCLjG2Js.70Be88kqWF
Mon Jan 05 19:57:42  eu 89F82JM5
Thu Feb 03 10:21:54  ATFNt QF35WBfBDBiLi0mU9H4hao8y6XoqMLeMTtAFWPOix46sL7YAq299p4kujROoh5q2985e
1992/04/01 17:45:20     4D2quh1ePZk24xgYMvivFe1ZoEwM.MAVyyxA8Smsdaf6aLqn2gcvAYV8C R FQAPp1Kr8vultYCXIpZweh8TmloqDCQO
2015/01/18 22:07:25.684222    qGeBnrOXarR62Hp2Z.QkJuq0tL SU5w7N3D8xm3FsbekVx40VwUMa XrPsOsQdE3swLjzKgOXFkWgsaAMI9jnUPd A
Wed Feb 02 04:15:23  kqHY8Fjci3X13dvjmyKCr7IK9gqpDZdvRz
2011/11/27 07:06:42 1khlYJllEXY 30 81qWEEdhbSeTzEdMlThfLZD0ew0oH4KUFLy1JOaxQn7uFscSjtNEA1jYu6uEaN6XRzsX7SmiPd2Ct2
Wed Nov 10 09:16:30     D6ZaSopvZlWhVaTP7zYGaBDtVHnbfyYmf56QeodQH2o51iFeyrr4yNZ59Oqe.5OSGOeZQng.9EZhKM6Jb
Mon Feb 02 18:22:15    gA3ZC0l0GbUrXctMua7l9CzTaRVwLgAoXdRRxizMroun7saO4rFjXOjfP11VJYE3UxvPY.k32kM1tMs7d.
2004/11/16 06:01:12.473516    TzOWBapeSypS6tDhj0e2vHgUTH..ByvxZupEmsvuKvBUtdnu.6IPBPpSJoRGGxZlDgd4MCFwgLRh3Xskb
2019/09/14 04:34:39.153122  fSETKS7GKcPvo5SIWT9PMsR3AqhuYu9p76XnOZEgeXywcjJeNBa0dy6xFjq39WDovm  J6hedR7A5.J
1992/06/28 04:08:23.262339  JjZ34c4ph8vEDcC5k8Z1fpFZks5D0njrlCFD2
Thu Aug 16 22:56:17  udSDvZfQoJpk8MAs3Est0v2k5tLy8 BAPT79O9CEuMrMLWeMUuBP
2016/10/16 01:41:37  5dZjGCSwPvMCqujTNs2q9Gbw AkfWtz
2012/05/01 02:36:49  b3CK7AlXYxoN4p7pgANpxMfy4lctWEL3ZuBpQvUEPAOtUOyPQkmAjEzNbj
2004/02/14 21:36:40  BKbuTwVCwmZ6zjrA0P7n0f8oFOOCrve4tG81YMvLYRTHRm1AGIJ95 Mf3 0YRMrBtHIZLiqop1t0fZMmlaHosUyK.xdBG3rW
2010/05/22 11:38:18.999306 0hF0KUB1FlORnTit6ggaPAPJcB
1996/10/18 10:36:29   D4xEdnNgxmTyKEPY 1LdXQSSFsaWFtGYZhFhYG OuacRhfgRmG2xK2rsaQpfoHq5fMkHn3w6tg4gE86ujSjd.h
Sat Aug 02 12:08:26     8l7rFsHfPS7lFluBPdLqrCFfJW.eUgbuwhtjh8jyY
1992/09/10 21:52:46 UfIAZ3TrkqoIpY3qPdYxH7RpLnSYoPMEIBaW6n0TrwBtQoYIyNAAF
Mon Apr 25 15:21:12     MxtHtAVq8Aus hR6MsdiilTbr6ZCcwFZqiFZhKXNrC5JlRvI1 0eFUX9cV4E7w87JlszlB1dBV
2022/06/19 21:22:44.108462    h7Ug7CDMnAie0ASUAnT1R
Sat Jul 23 00:31:08  UOHD1guu9f.u2c30znIaU69jIsgyVsO 14SFZAsMVCzu.MlHJWKiO.zm8WLN ofl0yY1b OgeSruXiDBnXXfCVAHLdY0SVB
2002/10/03 15:21:59   nClGzdx76oBnEAz5wSD8TJg7dr
Sat Sep 08 19:35:32   MW.fcWESi8WGw6bSX
Tue Jun 25 12:00:19     v3GbdUdvMLLl1gJ3DmpZfrPkIkm9ms587L K0Rcwqg6552qRuaqvJ
2000/10/14 11:28:21.404361   MpKlA84JJzyGECxDJYca2K1ywipBrlSfKoaCs
Sun Jun 07 23:48:23  l zZZjysRPnTXbLJSZp4W.qHwdBmaSMX6OvGQAbS.j1
Mon Oct 26 19:33:33    y4cScSCQurCTTuWgM7sf2nXAReME.F8ahtGlOpYeRR8KKJWmyB83Hko2Q4vdKs X z0C1zOI9bfR1kj8gkg6kGVuPxi
2006/11/21 13:27:00   ZMGqycyR PDUPqfkQlh7mowKnWCbSVVgo2N85tz g2bv0BRTJqGtlOIU6CJw
Thu Aug 15 06:55:13   0I5JZiZGeSiSGh JDRpqzS8nHddnkKA00rBhxZad
2018/09/04 23:28:05     BlLsGBURbNXizyTcIzll.xAH0zSLbI7IjACy8PiL1Xijh
2018/04/21 08:19:53    R1LuYt7jLsNa15OkqZaJFxP HTlnsCTirwaV1lyO7blHh38IBgtFGUN6yx3aou.C1cJR1X748nU1jHeDG
1998/11/10 18:39:16.111545 EgkcjngkBP3PznFTFh0tijEJJSNCISvmJP4Fzr3qowk7gjMuZsbf7gY4v
Fri Sep 02 17:41:51    qRIXuzE5sszLc49TwVXQ9XhccgGRJl
Mon Feb 16 12:24:24  FQwB2KBMSZF .Ryg2G
2020/08/17 03:54:45    6EGtLHWUYFeB5UzjQ1w1QXlHSMF708dVcpyM0wpaApjLYNthS.NB8WRwuRqsFvG97iJzE
2013/06/20 23:04:00   Yd0ArMK2Rb7 wzBxI8OZo1euLjacdQ3cq6CupdsCS7a TBOyb87qKBpS1SSB9sB
2012/04/02 04:49:00 N9tN5oE6lIt5xfQNDuylagF1NxlugzL
Tue Dec 01 03:19:46   Z4iW6w02hO23r9lO0FA4YqRsYuSdqAjjlknotShaqADJajSDr2ua2fWAh0oS8zR22CWDK3R
Tue Jan 28 10:13:41     8WZehBIWDySqx2X5DeNDquI9EBV7xAb2NAiGNeVqz8w2sEkAOfeMx9EVE8o64nHvLWkr7hYXJT.ZAqH26
Sun Apr 04 22:04:31     niiyDMzRBgqBJrZidWmR.b62VTs
1990/02/20 02:46:30.492646    EWkMB8sMIH0nu05yklqFy1o6kEOrrUIiGMqXqFgC BkVJ0iQ9j87d dGPSoQDnk6qYwx
1991/12/04 21:21:36.253852    pPWlP8 jGMYT0mqDLc
Sun Mar 26 01:37:11    8W2UMm m3i.f2Xj5BfZEvDbyv6IkfaKWBfCJfCW.fc3ai4qbumXL9wccK
Sat Apr 27 12:11:59   mOBKpjS8ozi.nz2FoHZnHW.OPg5MjqfUxDexaOmCCIncznPKlcMMy0Pbgz05tN7FQYwKo MQ5inY7crYJhaZMJYxc59667dbI
Sat Feb 06 02:19:16    fMu8F6QwSXWGlBV4.8BqCqb6m3ap2OJbBYBeaBOI3QwG9WhesyDvUghy. gTwjTW37zP54Nyhk2wg3qnTPGH5645Wsbj1Stw
1998/05/16 12:18:55    VMLBJ7UDis8qDXpu4PvjdwgnrMVuHAMBlPS YbBWyg3fLR675pKfPx
2001/11/22 17:09:43  zz3USp3L2gYgpo6M Da8.1Zw2Fyocldzacxb k.r4yRh75oF ho1JLVQZz1r0xrC2tld9E5sgCN2
Tue Oct 07 18:50:56    U9MQWspq qBll1IXthWripGpa4wL1yTsevpc32z42sCMqlzOpPOrx4rRPNJ J
Thu Jan 03 08:15:57    QENnvp9 8V4FcEEOvXRKT4lsfv36cTfCjKMZDj
2000/05/16 16:06:11 EDsvS6Qhq69EMARVmbEvFL25vo5ZS1XFZg3hKRuLAB9nMe3VyaLNHenpOLMHhjFLDq20c4WPbUz
Wed Mar 28 18:36:56   CFq1Iaix4OR0fX1jVeIIqDu0H061wBvsSo3Vx52tz5bK21QPPFgqEOLKRVu2TbX8DBSc3BUwGkgTaEwv7jYmpEWfn99p3KzK
2020/05/05 05:33:19     kgzwmEzX2RCD4CTXjVq ydlJmO6vBSAyHKADVXNZJEddZYWuWuoSRCaMRyoPDMbpeME6p7
1998/08/14 00:39:35  spQnWzA2MxU5mXGm PvizUqykkmdIWa.X.bRqstuL  2ecHnMCc1pTWIxrrQhG39PmZn mXP7mRwR5saQOSX
Fri Aug 02 06:54:08  3LGPtGwhROfRQ8zyioFuBvTW7MK6JvrfLh7OoHvHkb.SnkXk
Sun Apr 03 10:49:32 t0braibSuiIonExP5RxTzq IEpogXs53kbH9NfqlYduI7y
1994/10/27 19:40:47.930830    pxMYmwmH5gJb9 pfbYUyeyVnrl8
2006/02/27 09:51:21.730048 QAqGaUQdi0vH9c0JMwziQesVcPMeSx.vOL85vFLCitiZ4HRwpO0
2018/08/27 01:55:52.768915     bvmFfzpN.RMVJX57PHdtlPn67fD1NKODXYG.JvvAJjqRfJ22hr6a1djcUl24IfcFGXD.jPUTlOBc
2017/10/15 19:47:16 B5W2SiBMGf.1rP2N37goSWJ3nCgo19dK5qpSKAJ8fE4r47FwuY78ts2zrQ8UB0lOj5s7uc9w
Sat Oct 17 23:03:55    y03dbX2AFq67SHbilFw5TK4hsMEkKJlH6eTHMSmRaELJqC774Tu
2008/03/09 00:27:30.830308     i4MWsrP4r.bq sTno 1xBZuSy haDRgtRp964o 8q0EPU s
Thu May 25 20:32:19   jwOEQowlB2dQG4 R9LLaT97oVF7zhs8QQtmpC4BX6VDm8
2010/10/21 14:46:00.176329  BEJsEZ4a1hJPhnTZhGiXn2eefPhm mDmjlR2mIsib IXxmE VlLNm
1994/10/13 19:06:32     V40Aj6oYyV xd4GtME45anQxfXZZlyVt84bb6s8Vy21u2hX41pf5EnfMfoJELvjRpODRVqOpwzTySyLUudt
2013/05/05 08:03:23.980891  Ls vP2j6Juv9LMAAqpnP434YEOAFLhKGHnYJBdwz0w XtG4MspXTGqhtHr2aKId5LPJ
Mon Apr 06 00:14:46   wYxVzCNKtw4mxMoAdOEvne9gqasnzQqphNTYBHUohSRJCrMq1KhSUf6MASeXmm9NJl7kXpvBVx1RTK8KYXwnO3
2020/11/18 08:51:24.605186 jnPA9yln6kIaweFFfTDV9312sJqEpI7Yw7R6bElyC96JHX4Zt1rB.ci5fpi5C
Wed Apr 26 07:52:00     sc4Z6ZEz7D10pXQ8bNYY8FB.9eR7.8syjyemPbAB1 9DAdnu08u4XF1AbCqFQ 6n5gukb1hHvZL6Kwj
1996/05/09 14:24:43.492730    uJd0mSW1akV
2006/11/05 20:26:28.208926   79vlMxnmBHa0JQ.U6l4zKJDSbsh7ZoabdpXxweTH37fR9wrteDIYMSj
2011/02/12 23:24:28    vRNdUNUZqqaT5P.MSGV.vPxpCLU2uFDY0N7bPOcq0muG7uKENhealYhGblGIzC6MgC.B6u2veiVTGsaGNkkEY
2004/09/01 16:27:34     MLWKdoQXcKTzJY34a
Sun Mar 06 20:16:39 LxjXkyh.fEAPc8ZZmQJG58TxWjyTR0d dxqCHH
2022/11/12 12:40:13     XAbdM RCG3UwMLXmnUF
1999/05/02 19:05:21.762738 63Tho06A VV6vg6nbM. yXIsLiNWL3J
2013/05/02 08:03:57.349989    UAvzbf3dPHAV5Nj
Fri Aug 06 03:27:54 gJAlZ01GLZa.Lw5 m4Ake0jQz.fibl8n5tJAa3.BsoPDK1cKQmzN IPtACZDsdj
1991/11/22 01:21:12.99960     nPhfS0n3Zg2
Mon Jul 25 11:04:17   oZUVZpFGD4XTNJGJensd0yrsh.5ToG0lYTTl.BT6FZ6d7LmIUHSnhfT
2008/01/15 22:10:46  9dbWehb4rUA7RVnY65btdfiGcyPG RA3taZAW
2008/09/02 20:21:58   y.6pY18leo1RVJaTxWJEVwV62wkRQLBOxRz66NNKyfIcmufl
2006/11/09 11:12:04     eIu40nA8iZz051Nc6IND7a2NwWCwd976ZYy8Nsh3CpzFcFz55mcjXX1ADEo JJB5
1994/01/04 00:23:41   W7.QXAKyda121oK6dr3.xHgfIpa2.TeLveAQ3XH1su6L2w64wLqJ2..EpKENXOIdX
2001/06/13 08:11:46 cJrAvPW1N6mnkoktjhne3l2x2Ub2pQNS3P9sgYcKVJ9vsvBI1Am9aMzMsuzGfswiC1pn5tT
Fri Apr 05 03:30:41     5q84XnhxwFvs0PbFL2sS5O90QWFLsAz8HQmXZUKYuBpqighsw757vyUvkCE0MCXtO0P
Sun Apr 25 16:42:51   Gye0uuGPP.OM7JhP e qok2hXK9P9ixl86aOk hVFTGtYY6F3YvadrMGGbuFJTv4yiQt2ReJ BLwG8gteQ2XU1rMoS9Yj9gbIpU
Sat Jun 21 01:54:48    JorUgfhKt8ExSmB3uTn7Vbj4tU8YMywNFauEC.7E4igT2OBtEjyROEsEI
Wed Jul 20 10:46:33   X1r2Ir1cSJza
Sun Oct 10 08:21:52  Rs5sMMTsRq5AsTT0srOmo6tYfX0iPHAhjtDCNCohIMnFoqWC5xX3PKSBysUZeR8TIcOaY3VXAyjE361rnpDnT0
Tue Mar 19 19:25:22   2bfHGX2ciVJL7vT.jXmMFiEFPac8BNG4X8WVQd8wu 7UKUkg
Wed Jan 15 10:36:59  Ac7nm6YlSh 7fnuk6QBxU26FZtAQPsO5YX.H96mvQ hHzBJGLe5w zoC0JO.nIAlGSHzskSVZFdJ6Xt0iJ2x6HY
Mon Aug 19 06:56:35  rb9Z878L b.IU
Sat May 21 06:45:50    71wDjWtIGLQUi6a0PQS
1993/11/15 15:21:06.138456 OWUM7HcUmpBi.7tNw5XjbTxD35DC0GlP870nM5R0gZvvH3fxv41H4ubnysI1MhNaAlXrzkfsCcr.FvM8GeA2q9jKJ9134
1994/12/26 18:17:51.548459    P2wT8N3FeqCYH wDGSqYR2.AmgWwp2n6exNEW7ByLA4iS3oNflZ0J
Mon Oct 18 17:18:32    AFljWazPQWukSQTen6o5k7DaqsROKOF4Pw
Sun Jan 10 22:39:18   i.XLg.WVaVIj49jG4Q5vBB5aRZZjMqy9dCC0xKe
Sat Sep 13 13:03:52   99ltCELWfZWpomSFqaLdlpDYL1Lin2l7bkSa95yVMhj2PBtls6lMtUh8aW.LT9jBSkLXrKmGX jFge.O elt02ZK4w
2016/05/03 08:22:34 gzPl74hvM8ZIh6l8FZuwoEE1J
2014/03/10 11:47:28.412712  Afjwpk0jQTZhwiARNtqFJcIXKtHIVl
2014/09/03 05:46:05.101915  mt1j7j6fMkCwZtwACLXgMfWMdOEYfKmZ8W4iOWGu3v UJeSVGDn8WIbfwdyssJ3v2J0SnAe9eOkrQyFNPQQmf
Mon May 28 03:23:28 .velgQuyUWHuwpK7.WHHoXI7.brXaQ42Y1EX ApOKjhC LOGO4PVQPp bNm2Pd
Sun Nov 20 22:40:35     gDB0cFa8nVhekTdJ8GOa3Ey4xQ6yFczAMI1B. OQwcg p6cI PdPinXZAmQcgABvbCAT9TgAJlqJLsCHwlXcHR5ED9Rfs
2004/12/13 14:21:36   jDBQSlW21WHd0sCik03qbD7L tvTQ8OcoBgFs35SWJTEr.z 4nYBV1aVYQjoWp6HbX
2000/12/15 14:50:36    gS8WU4Bbhs7.QiAu1HzqBH7spfae14gJQeEu0U5
2021/10/13 01:30:42 ChPaAIx8QVq2rs15HNxAODhfNsBKupD32Tf1APSi.S
Tue Jan 17 15:21:45     TuU2Q2IgrkRoOJQtIKYKNzUKQl
Mon Jul 13 12:37:24 iTWWCZd4eNHokxi2Jf28DdyPEuGg5gp4RQ46brfHXgHpLXmF46lRm4KjEGHY
2014/01/01 20:32:35.140759    Iyt0oDjMpE8 pwBy403wTjeC4DWbWD Pf
2006/01/19 22:57:07     OgC9WRCxQIZABaaVTnzzGQWOmKNr6CKUIzp3KYydM0h4X4ld2vmctRPiRJ4wHUwDTSQ98aQjQAH4E
Wed Jul 05 04:56:45     GhaCKV3b xSmLjvXnzdnSPIh6MNx NZwJRasRgMC
2021/02/04 05:25:58.46783  57gZKsY m8v0vmjHVqCQFf2Is jhj8aJJTXfBs6CH8LKRgcMoQZJjcD20jbZhDk8bDqlmED BN1rUhmHFiJIvS x
Tue Oct 10 17:40:32    .PF1jeTBIW sl8BbmTRk.g9YDqPcvHNgcd0USqyxx7ugX3ZSf7OEzlgDLDAzPNbEzApBjMxsTl
Wed May 25 14:14:11    cppXyCh8In6DshxEfzpabWkscpRQ99isctXSE66NfJ0zQGjsMht8HnBV2JRWLA5NSsiE1zoRL79uLHD2rSiP
2018/04/14 11:46:35.776779  zQPkZrc0lO8oTOvoxTHbhtLxh6 sV5
Mon Nov 21 14:43:53    3u9GfoTCOIFirgxDTNCJSGu98J9E8soA XPAb9yfgjJioo2f89nGdS0iHyQNjxS0jbAP9rp3N
Sat May 27 03:47:46  MFGogsa0Jz8sTTdUrHk3JuRbSBeRt1LEAR GQdhBXakBfVUYQdYPNijGYAJ3Cf5.jl153bWoPBKhjxeD2IrKGQxpavK
Fri Jan 06 02:56:15    lWMYl3oVaOEnJHsFe 0i18t.EUk Cf7XMBxT17.5gAqwG2LfX0oWqPDN8Qg
Thu Jul 13 16:20:14     X6zIw8MdiNuY5dNyenaxCx NX0CY5FZwCp0TRrAv3znxZHLQytp4XO6MOaPtCEfmk.
Fri Jul 07 07:45:14 njgzMi66r1I3C7LGmW0b2xSnRJT mdkj7xQssfWD
Mon Jun 01 00:08:09  iP0dn.D88k8RYkVf2InJLC
2021/12/05 21:17:49.189230 As3KGLzpoW8wE8qZ97rmWHAK9dihHioPr7yCIfaCoUnoW5RKN1tgDcwPrj1Zs67.C1AWYdaJKtCthCmqdPawDM.IhlRO6
1993/01/24 22:33:43  VYU4sANgD GTMQ9OmYTgcas05ew GbEVOUrdrjvzqn7hSTYs6jZ0OGlSNbO161qYu1Px
2000/04/27 08:17:52.229960     ti07540HibBe61r140ecar3ZoFbc6olSh5uosIB0GkFdabM LxRQAkGsel2h.qC4Cd0NHTx1l00X
2017/12/16 19:36:38.64749 zTHOFTi9oB
Thu Jan 12 03:51:59    SCfNHZjdLkchb0e6m47CoJt8bWchyr
2002/01/19 11:35:18 jVfAWcHVPw4.Ym fH1Ks.1EsC4bX03YV8MJCjOj4HkLtHi5pyGpHhLi
Sat Nov 11 15:39:57     3fUZNgcYTCbw jAhyhzjw1Db4i oD.z496GLfikjKbEZ
1996/06/18 21:43:20   Q06Ow84Qa15 fZGXt05wYoo7CyzpXM.4WqcT3wYcR7ZV1H362MDXIFzrBy6.O6drEYZgMHGCJzoKHhqBsa1
Sun May 16 18:11:39  nbwc7WAuEy078jqVyFE4xed55pwPvlrSleXEys0KAXx
Wed Dec 09 01:09:41  zRGZR1zJvn12BytB u12DdzI9tLlWcApsdYFo TuJRNkTZDjiZOZ4Hnx0.25h2TvqRlzBAE4t5u6GJUIALZSWUtGAJRm4p.rf
2019/10/18 22:53:20     9wgdlR39mVfwUZlpdQdHDLoVfakd9Kqx29Cj.pPUAllF6OQQ4sZxtiD6aVcp.tYZgSEs5A04Igir
2007/05/13 00:57:27    BbKSn.luIlAkwQ7Z E5vHQZSAazsm6lo8kXOCmqaZEPBNRuqJDBeeDqEKPcPD2S3D
Fri Jan 15 12:18:15     K3268sVjb G3kMUZ07Cd97a8gn5tVFEbS
2022/02/08 17:14:56 Ubj76iaNGGNTZ3hG2v8CoYVUYc9Ws8gT1E1PuBNU8kLg
1993/01/09 03:59:51 JC5KlHQ6zefAOhzmlwSXF22eL1A0jPKg8VI55OLGzDT0omfakGGOiDd3Iy3N6hICgqaU5ZcUhI
2006/12/25 09:12:43  lJIhFRHQtXMvBuFFJjZIH8lQG3rPHZUAzSh7zx3LMPvJHhngVAfj7ue57KfIZYz NVvXuJPvmgpWW4E6TlcM
Tue Sep 11 06:06:27   8xj7myiHTJFeT8
