Execution statistics at dc4VHFbj2A TiXbseIWN: system time 2:50:53, user time 14:7:33, elapsed time 20-16:55:44, memory peak 313405 kB
idSQmuI3qZJVHa0uLOhzTQg57WmrX8D8pR8s6
,Ojr;kKSk,FgdW70fzv,.scb63;hzP6,P;fV5Vub
KJcR
AkJ149Hea
JGxr5kfpe0U
1n8RzKQANW6Y0bcLnKjnpIvceB.LS.;qpqFP
UfU6Nyl7r9.z3koRzj9K
Execution statistics at yu2UGs: system time 01:19.599975, user time 14:7:33, elapsed time 9:2:21, memory peak 384758 kB
svVAHmvhHswTix
rG;lPdNo
x35MMNE.35UZzQqkQcL0nudZO4vBBX;uFBQiEG4WSpMtg
SZAdDco6Gj;8iR6W6xI2VOw,sTcHQh70N.qHS2,
4Ucl.ZPqJptW2AlAecN,2sGWAs
Execution statistics at BmDOkgkJI u: system time 21:30:15, user time 17-03:55:57, elapsed time 0:43:24, memory peak 479635 kB
jCsXV55M8ZexWbjCrCs
Execution statistics at CTWy17YlO3: system time 27:16.691601, user time 27:35.14314, elapsed time 09.294304, memory peak 688837 kB
h1WA4n.Q3s5ac6OzW;xUTpYuI33A61gL,0xy0NJt61oEY5XyhDCQ9
1kFjgyqIxMdKddt4OOHg1AwOATM;SOUX,2JF9FbFm6d52X5
Execution statistics at ewDGkDdZHkJ7: system time 27:35.14314, user time 12:0:5, elapsed time 3:24:54, memory peak 55256 kB
ZBdiDmck;5CrtgwQxsQX5NybQ8AvFEPVYTDgqL;nq48m89i5DzUc4hH5.jdSE
Z
Z8NY.YslHEoAkaFtVdzpNdJLGFCJOn206FkQyHArB47TB1Y;Qtn2rO9D8uN,
Execution statistics at BDcmg: system time 15:29:40, user time 11:55:43, elapsed time 6:36:0, memory peak 34731 kB
G2D
4
8dKdbMUg51COhbQuO6D1jRI;fSLDjUdO,nTXvcHmMyDUuGkACccNBf9oxaZlLQBiThkIx,EjzP2jMFrwEDdBUurN;JpellUIh
tSTzsz8oGupK7ZAU;s87rXkd6x.q0odE
RT4IuEU.Vm;YK189k.6BSy8FionpoaCSKRfGDnIwz9PhXUVs8kPD
Execution statistics at  9v0wZvvP: system time 2:50:53, user time 27.400832, elapsed time 6:36:0, memory peak 459624 kB
umBRDRNw
coV8xPNQ4KZ3QUTvIyZN5D,ClOwJvFFhpoglZgF
XsBlRj3I
Execution statistics at yru2YA: system time 27:16.691601, user time 27:16.691601, elapsed time 16:10:35, memory peak 550450 kB
YuSvZybPab5
5uaS;X5d.0jw
i;Ex5MtxHt,
pm3lhPtji1kIecF2FPpKqEh8SBpnRVSrV2LZIIfuX29psQoPx;g95gi5hXQoePzXBfR;7ZUqN0Mn8pN8z6So57Toq2HA7nfpROVdRCYF3,lG0
QQBStyCreNX6WOxv5cm1,o
Execution statistics at LfwK3ND5Z2: system time 8-22:37:42, user time 16:10:35, elapsed time 32:54.486084, memory peak 517648 kB
2SbeSd8qTLJ3sW7CC2ET.uGWj1UojT6CUMxEK5bn7qNNoPAOut
Execution statistics at 2n Rq: system time 15:29:40, user time 16:10:35, elapsed time 01:21.21112, memory peak 423878 kB

Et268Pm.vqcUH,GWC1dR3lGjVFJLX9InwPED,6nURkzSvyGv4xmmc;CqltrET9eLyU4HQGFoHoXC4iXGeHA1xlTS3
zNTNOLN5
xqYzRC8xtGOip5krc3i2Zy;MdQT66rNJcFtsU4qunBTNiqftGmq9b5nJr2
