Execution statistics at LiEzVKq06VSx4ZE7: system time 7:17:29, user time 7:17:29, elapsed time 02:36:58, memory peak 840816 kB
gewyzj1LUx;r3lZVi,wsHsvpeADHm,NUsY7
r
Execution statistics at v8fcLpuzMn4zuSL9i: system time 40.680376, user time 18-23:05:14, elapsed time 14:31:34, memory peak 57529 kB
Keh4sJRRz1FE9;dOuMyrGt5wiM.glhqPOS2aXog609B.pAegsYlZznZjMaz
Execution statistics at o5j1wjTIpBTUQ: system time 38:12.830341, user time 3-14:56:36, elapsed time 17-09:01:53, memory peak 767594 kB
i5i4X1Pu3SNV8NTiXPdbKA03ZzXAPRzzBH.RKzlpfhg2mD;lVRBmN,Dpe,p
Execution statistics at EPsj6: system time 31:07.207274, user time 08:01.179478, elapsed time 04:32:09, memory peak 363992 kB
;9ox3kkEkTPLNmjr3oWyKFsoO;;;xSnZmOBpbi;frx2VaB7A3Rl2GOwzVmwgJ53BTG0z0zpY0ZTGxXOdD3AXuqRLhJtXGsET
Execution statistics at 4zhooV: system time 3:36:44, user time 44.717190, elapsed time 31:07.207274, memory peak 94566 kB
qiozKJpyWkFgftB
lXLWa;
Q
Execution statistics at fxDsAxndtJrsZ1: system time 8-06:03:30, user time 55.360143, elapsed time 15-19:20:21, memory peak 745317 kB
9FGI5
UsJlJubBVf.a,LMrVlRe4d70Iv6gHKUkezop,XoO4J77kiumKGXrqNt
SeIWCaPf,ugehkcFe0j1QoePzZcTXf29fwtns5kAJr,JfVf;KraTN.xMJAhTCN57Nm6tvBJ7
Execution statistics at npobbL : system time 20:20:37, user time 9-06:43:44, elapsed time 10:38:42, memory peak 528321 kB
Lxe.mzdxaHXmg0XGw4VZglBOEsv9T1VaFIKY6bfgmdubbuEVSAL.kmemxmsPoZ8ID
nANISBvn,62eQ0RJxZhySFt1WbbD7rumFPUzZmMwIkYkgtVNuHuUC7lj61gWZLQSvXr7cmQYsNfD9HJ,l6a6
Execution statistics at utsW7J tv9FjY4R: system time 15-06:25:47, user time 10:44:1, elapsed time 14:31:34, memory peak 192427 kB
dHN2ZwO3YJ;r2Ng45dmYEy
zU6EZmxpgG12;OR
ItiXPNyiS8sGcfl.D.;vkEPUTMW85fq1Rgb,JtDcKyaxEeGIcD;KfX
Execution statistics at zYrFh4: system time 15.620690, user time 08.855158, elapsed time 14:31:34, memory peak 736898 kB
Y
DLYKoQ0fIJjxg0mcxLomY;Y0n2dU7OikVqr9BboocAnYMtm88pBX8UnPZLz,ub,a;0b4RGcb,ADAX.
lrcX0,M0LTtDb15aTdm;.R20MjHx7pPkvF;
Execution statistics at aPwYwosY03i1B4: system time 11-03:23:08, user time 07:48:57, elapsed time 16-17:19:14, memory peak 924973 kB
3eV243ZtAZHRaAD1cK1zdtfBwyoM7iJHWAz,Jurf
Execution statistics at dpymgO5IZbReuYG: system time 07:48:57, user time 31:07.207274, elapsed time 40.122597, memory peak 535280 kB
8eTjfKJYrf90lclx,4kO2q.Hor;VC.EoDYDVRuWBmTja3CR1fBgbYjbM
