Execution statistics at EPsj6: system time 00:29:56, user time 06.480880, elapsed time 5:53:48, memory peak 455216 kB
hqlGOgC
y1nDWBn.cpmUyVs9Zxpo2.B2n81FJJhny;ucg,oAO.C8;W.xESPacUw0
Igzz2U0z5.g;,.OuxcPDPlblXWQ6xhIPh8sXqpU
Execution statistics at aPwYwosY03i1B4: system time 16-23:39:50, user time 02:05.715639, elapsed time 02:05.715639, memory peak 434283 kB
aAYoMfa8kLmiA585Prf56i
ZLFCUZP8YFdaWzHhnGf66Wb0M
iwaTFoFxxxR94i56tCq05mH15xq7
86FX
Execution statistics at fxDsAxndtJrsZ1: system time 39.569757, user time 53:35.148176, elapsed time 18:59:17, memory peak 712228 kB
CJ
KkqiWSu5kHdnAe3JC,fwoTqvUK555muMiC,a2Sm1FU,ESzjh;PV
Execution statistics at kfWTe: system time 46:58.956197, user time 16-23:39:50, elapsed time 46.981352, memory peak 210846 kB
y1YRRdI7lauZl84Zy.KMqIE,JEQzI2ZTZUcWEhDDS,VrjaPz7hHUV99bAUfziUUJGvfTRns
Execution statistics at LiEzVKq06VSx4ZE7: system time 4-04:53:58, user time 5:53:48, elapsed time 03.938703, memory peak 91737 kB
RUt6A66k2l3S0ASRNuPHJOLZjk7u7FFQxWAfVxhg5TuwN1Guko6vX5xnt,4R
Execution statistics at npobbL : system time 51.190879, user time 16:12:46, elapsed time 15-10:15:11, memory peak 155053 kB
MrLpmXYlKk9pNFaXGtO6l2vWPlvBMaEu7G6zlZ32PAROJSuo9PQy9ANAi5E6HBe
Vcq0w5dW4q
J3
66yR3GM3IE8oaJbG7DIn1LqPYS1.OUBCCTTQDP,jVAS7k;HY2WOiaDP.kDYO.tf8ufwJB3rAjbvH,qFbH759BvLyDhi3rtXyb2zyENahOy8yE48dRgcZ8lm
Execution statistics at dpymgO5IZbReuYG: system time 25:33.566647, user time 21:51:30, elapsed time 25.813988, memory peak 567478 kB
NkcXVZpHBm8;tWOcIwY6BvGiIgK0q9Db7Sv2oxzymfyGuaER1EA.PIhwZLz12GpZ;5940dzDFNYfIcLCbV;JDZHhlGShdSIY3wrASdcdjqFzbZc0Td81H1JGbI2;wQpP3Npe1rUVLrIRb,R,42CArMOUzEQpMt5mMpiYHLgPx8cDRq8U82A4kGtUYEoO8HoH
Execution statistics at 8GCbtGC9slyjCm: system time 34.156803, user time 36:48.939923, elapsed time 07:05.699952, memory peak 770478 kB
DP8EgPZF;X7a23ddW8r069THbstTMIqiTiSNanZVBnqozuDtrdQIc5qrjBlVtwBf8QEkipkUyYT
F2rlSofPwlLTOVH6eAN,vUjk4uqK5Zb214I
Execution statistics at WUhS4ZQvmCVc: system time 46:46.314121, user time 8-09:40:20, elapsed time 07:52:08, memory peak 607733 kB
K6TPxiSmalRnkP90W

dQGogEHoygcIZiuerV3W7ROq5FBclPdPpHX0lam5GbeEnPTWcQBsMBUfXBeUNtgaDzQZ6dredOA8cXiraP3RXogGqSV.6BqTRJuk,Z
qFuKV40Vv1tm5NiW.tM5FJMMGr0ygCWjF0stmX8klqpFCi6Y,POO
Execution statistics at zYrFh4: system time 9:17:50, user time 20.202407, elapsed time 19:38:11, memory peak 913511 kB
q2
o
kd;pFdmVXA.Sh57XA9tNE5nQyIQOreVD5RJwaEXc.,e9tcp7iDsJBIF4IHumq47VmcUwgV1wy9ynt5FtCIC3iHrcKuEEG9gc1gZxnfABs8Bu,TiZu7drXqBvhQpI1ytbCFZMqnTA9t,XXHvI47h
Execution statistics at 4zhooV: system time 05:47:33, user time 18:48:19, elapsed time 46:46.314121, memory peak 373925 kB
La

DWBYMVfPln;XlBH2S0jvO9Vi951NBncWmfWKE60,dVc5LG9SrQrNJdGpTgzB
1xuIpJSNOqatp00TR.cntAqr9.pyH5PkNuJGQzzslnCus,Fv2LrjX.FH9;CwW
Execution statistics at lekTu5h5RBT6JPwd: system time 34.104297, user time 1-19:51:52, elapsed time 16:2:10, memory peak 673121 kB
2z9av.NzKcH.qh7VcjGDwFW
eeJeoAfinXG38LTJd4maKkfs2CtUBhRt4W3ao
hodsgyyB5qqD9rIFvj4rzjDYcHcR0.jc2YbLncR
IFbse3BtLGuLGhOl5q,Bqp1pxK8vE.FrfHxsZvZzjML5.OJy2z2imhFKsnLHYQK2mlA
