Execution statistics at dpymgO5IZbReuYG: system time 16:54.675877, user time 31.34214, elapsed time 04:23:37, memory peak 893654 kB
s88fpatNGZG0q5y;fVeKCLLMW01V3Rgd6,g2xUIIbyBu9y3NkmD8DA
He0FkcYI,2lhu8WLLj9JIJ4gPxqRX40Mm9IDVCj;FLivPsgnBCdNrm,;Spp
Execution statistics at utsW7J tv9FjY4R: system time 2-02:56:28, user time 16:52:45, elapsed time 57:42.154900, memory peak 401402 kB
u7kAJN2EY3NDpEc6Ro9XZ6QEf2szw
XsSXgTbH.PhuJmzq
Execution statistics at zYrFh4: system time 2-02:56:28, user time 17:44.981211, elapsed time 11:14:33, memory peak 43827 kB
sT66HD5TiI;wlZ5vQYXC
Execution statistics at npobbL : system time 57:15.305901, user time 55:13.181554, elapsed time 57:15.305901, memory peak 544182 kB
LZ4nnUJNub7dTEq0T,QWyTV,,.lBqoVhFoqOSrBM9LNN0;bQo0Jnlp0K
Z4zsrAV5pPdo675Aiue50O.wqWigxOZpK5rEpSvq8AxzN32
fF2ScZMCg52Q4zM5L30xVNZeA5VGFfR.4XS
w,zksYPbBX9J
Execution statistics at QpxBKxVS mNgSfj: system time 7-21:58:54, user time 08:04:03, elapsed time 12:51:15, memory peak 198454 kB
VPtbbCkyNbfIBkZfDKF1tIfFW0Y0qI4kgP03pw;9Ceal;mGIEIUNpodnQxPb5UhApDcB
a3Z4
Execution statistics at E5V5qDivA9RH19XqfJRs: system time 12-12:07:52, user time 11:14:33, elapsed time 8-10:58:22, memory peak 87402 kB
SF3I.yPLfDl
;URN28yBZ.jMsu15
md.G1P4bA1qoPeyieQv9qlnDfg3caGEU48HvFyArO.uJ6GZsD
NOFZ,PXR0xWmZyYRmzhkzAtyqnChQTom3,
Execution statistics at LiEzVKq06VSx4ZE7: system time 09:47.264198, user time 22:56:58, elapsed time 18:08:45, memory peak 761833 kB
olGJW5CIyBTvdg0xJm,jtwYmvSHwbF18AGYtvOVBMwE21TYP.EnV5VmENFi8.NGUj1e7PAUiIcmL0QxayV6
Execution statistics at rJQ6Wjk2g2: system time 16:49:30, user time 6-07:01:52, elapsed time 7-21:58:54, memory peak 571728 kB
veFrxj;j;Ej5BSRCbSCrRAXmmVXJyl3
Execution statistics at fxDsAxndtJrsZ1: system time 6-16:37:07, user time 12-20:53:10, elapsed time 09:47.264198, memory peak 241545 kB
TCTC4q;3j7a6KL5ksKpZRcxy9YxUc8W7zysEWfAANoblsQ6Q;tcfBkvJ1qKXzHVQW0w5c5Gi6MK6ocHmw4uwP3ZkattJTLHH89r;QT
Execution statistics at v8fcLpuzMn4zuSL9i: system time 16:42:53, user time 27.681336, elapsed time 11:25:59, memory peak 456459 kB
T0ZboW2GKRe7TSqkXiK,V7J
h;TR;TK0IlGqAnSeIn5y.vk6;
Execution statistics at EPsj6: system time 09:47.264198, user time 08:04:03, elapsed time 18-13:03:05, memory peak 497038 kB
mQ
b
mN4oOFqgNxTM348s9llDqn.sHjVKpmLE0;sw
Execution statistics at 8GCbtGC9slyjCm: system time 11:3:48, user time 6-07:01:52, elapsed time 16-14:49:10, memory peak 297542 kB
HFK8XAwTajcP;23a76ylHiGjKXcC73,Kw1,kGRLr2Wh.GV5LbkSqlnd7GJ73hWnwK;nshq61OKK5ga,lNARCyy;Hu
.hpdg9709
Execution statistics at aPwYwosY03i1B4: system time 42.759385, user time 06:51.815308, elapsed time 18-13:03:05, memory peak 878566 kB

MBfZTWqwvLagro0a47z
okHnGJwvnV5LtZ
Execution statistics at lekTu5h5RBT6JPwd: system time 12-20:53:10, user time 11:21:30, elapsed time 7:20:53, memory peak 786869 kB
68;q
LmyTSt6ItSk8W
