Execution statistics at QpxBKxVS mNgSfj: system time 3:59:8, user time 08:42:11, elapsed time 19.169354, memory peak 52123 kB
e7FwDdlNDfE
1BYCh7WKZrwyPnCITlt.U0F4;5O9cWtW
Execution statistics at WUhS4ZQvmCVc: system time 10:58:57, user time 13:40.971406, elapsed time 03:31:09, memory peak 86163 kB
tJW74UYJG596;UjBMyNG1iF9xWZcEvOPHGgO99aRTcF,kXXytJ6g4Pc,UwdbAk
xakoJmmKdKwWvUB8ghZdatSpugh.SRUGVuyVJ
Execution statistics at utsW7J tv9FjY4R: system time 10:58:57, user time 5:24:56, elapsed time 12:01:27, memory peak 670225 kB
olkDoekHc996joGLNiUvJMZVxk
NpYcBUl;gqac
2y2iurdDBT0RGYU;W8IVCszsgiIJEB72U5h3;9FPq7Jcuns9
Execution statistics at EPsj6: system time 18:06:33, user time 14:15:11, elapsed time 28:36.741341, memory peak 671682 kB
P3k,tl83BJY;.Lvy3iPpbN.chHkptM4aus8Q9TYcZ
p4jOPxAtC
.o
Execution statistics at o5j1wjTIpBTUQ: system time 3:59:8, user time 59:29.978396, elapsed time 16:7:33, memory peak 506577 kB
uhujiH,pkViMqEF6hws,NOz8DodwghkfIIkte;
08KG3f2gV1ZjtqIryk,chVOqBlU
3
Execution statistics at 8GCbtGC9slyjCm: system time 3:59:8, user time 16-06:37:09, elapsed time 14-11:46:06, memory peak 192201 kB
fIywUQjcvzDvudPPBUFaNnv.2,
;KmHMiJTTl0YoMG9.ZhcWah5XtpL00ekTzuo91eKrZMnBoTeXLCe1vEAa.N
opEKR.8cnYeMPJfaU
mGtdOtmF2IsyEfUmNtbVFx15umig1xJ
NgrX4;
Execution statistics at zYrFh4: system time 2-08:11:30, user time 04.138203, elapsed time 11-09:39:52, memory peak 974169 kB
hBtoVvUOPFF2ZQSznE.0ZfwhrrQGey1WlJT2K
2PZf.jIh76HyTNc.cTUJTEa1R8UUBLE9MpQlL98PBZ.0
.GxWynsprE,L,4oljJOndPXxL
Q9AVKbUaDO
2BM73;haL0Pr3qXZcbuNUf5Z8949qD2bZrP5cCY4ox,evBzIusuqWMV1Kwg;tpRKG4vXdP7jRlreXl
Execution statistics at 4zhooV: system time 2-09:50:27, user time 03:44:06, elapsed time 9-19:06:52, memory peak 49534 kB
UnMPIaj80
pf
pYmPPlgCZzdt8PjsZdLGEs1j,vF;pXnC39ZQn24gH1,fJoCIv5Zm5kJNji7yHp8b,uqrfqGH9ReRkPOQlXXMEuY8.VXDMDPgLZG9s4979N2CE.skvllC1qw5R2zAx
Execution statistics at E5V5qDivA9RH19XqfJRs: system time 47.709429, user time 10:58:57, elapsed time 23.628283, memory peak 382243 kB
x,CFPgMIexb5YE4wvTWhyV,C.AeIeWn24TKUdeknbiumwLe.DOP7c6oUG
cQgWkWW076fW8WfImp.PJuMb5L7xaB5A2S9s8H,ZARGIhkrboMhHki45Wip7LoQAJs4Hr
0RLf3n4p
Execution statistics at fxDsAxndtJrsZ1: system time 02:27:17, user time 2-09:50:27, elapsed time 2-06:36:49, memory peak 604755 kB
HdsNeAo
Ug1BWwYjpU,Ds8kMYCTWDK2Fyy3g
UE.2qGXQxFTjW50hymVyp50wAbV46DlXxd;KR.hFBRkn5F5UNTbFsvvXrWDRgEfkuJoXAc4ftJyH0SFYxbqGp6b0umxPF4x
8cROiZsupJ4a.pgI7xqBBaKTICSZu6Uzabo7DS;V
Execution statistics at kfWTe: system time 45:44.204950, user time 15-11:59:26, elapsed time 03.809076, memory peak 431386 kB
tPaxI2PuifB0iUqBXoUI1Z6kBTZG7d8K1G9X8o4Pqx4gPI6tN337sUYG
xIeYCrPtxZqR6ighCewN,ebO8Pu.RebIJcOu2xVde;Sk2PD;YObS6Nm
Execution statistics at cUQdnap7aQUswWI: system time 2-09:50:27, user time 5:24:56, elapsed time 14:14.177807, memory peak 271250 kB
B8s,Aldkqa;
NQWmiyUbwurwLM9c62MBu4zQ3bDr0Jhrw2vrwfoiCKwVJWR59eParut
Execution statistics at aPwYwosY03i1B4: system time 9:12:36, user time 3:59:8, elapsed time 22:52.424902, memory peak 659999 kB
o;,kCQA.EjV6n93S
Fh1y7T3bEIlDLO4ZIDqQZfmCp1asV1vBCJ2rqfQ1DawJYXb6kJy2h99GMACAco8cux9ciKL.ouo0Hzar8
cTvPXgOHOe3GUEANHsZ5bGUlhUm1ML,;0CTJ,LXc,RDXBDVbfLMXMuIm.Pj4q67jdbjJKv;uu04rN71W
Execution statistics at v8fcLpuzMn4zuSL9i: system time 14.637367, user time 17:46.938961, elapsed time 19-07:54:55, memory peak 380419 kB
bJ5lRa7xyPSG0Y9c
Execution statistics at dpymgO5IZbReuYG: system time 10:33.398339, user time 11-09:39:52, elapsed time 10:58:57, memory peak 20529 kB
8mkwv6a5PH
dei1p4CRlEkBwvfMG4NP
8D,et
Execution statistics at npobbL : system time 12:44.264275, user time 18:30:16, elapsed time 19-04:32:33, memory peak 502665 kB
mOEfXIMFS0OLdMIdim;ZlMGzAOLnjtptJqEbDf4ff84Fv;e.
KzH7RMNutIf6YUj
Execution statistics at QzfOhZ uywytRLg: system time 37:48.559485, user time 12:39:47, elapsed time 4-18:15:30, memory peak 774873 kB
ElfjD,,xVHz
H;.5S3F,lZwrsdMvXDLkoKL5f1kX
pln.GB1Ui4;
Yr,t4XqiN,tiIe2W1YSp62XCl1a.gsOiUP5U3DXvs71MNVffK.OmQHpnS22BedLUM9
Execution statistics at rJQ6Wjk2g2: system time 8:22:49, user time 7:47:41, elapsed time 12:01:27, memory peak 95738 kB
kWQk0u9JA1py98iYo05n
Kdsv09G2IAy4GL;aCjvI.s9vQAF5tcoawfsUA0Y.Lr
Execution statistics at lekTu5h5RBT6JPwd: system time 26.5145, user time 4-18:15:30, elapsed time 56.49648, memory peak 559801 kB
lZu
OwkimjmOF4hZaYMZMakm14FHscCzcv45S97RXFBzcxsGTZxT7f.FIPVP6HRJtvgf09PIKmIeFooV8yDB5PEoD.QwG8OwPVgoWfaj3j,uOHly2NMio3XNVwq1BAfdb6IBlpfryXeVwZylbLz4sYl
