Execution statistics at E5V5qDivA9RH19XqfJRs: system time 15:29:50, user time 29:10.518752, elapsed time 15:27:51, memory peak 669295 kB
r2fd0yuOg8oiWoq,OnnAzybs7Vl13Qsn8,bn3W
Execution statistics at WUhS4ZQvmCVc: system time 56:43.268676, user time 11:26:37, elapsed time 6-17:39:27, memory peak 517065 kB
.HQ3T9zV51uh13VQVQuSdajWmFbBm
nfD2BbM,zedbFM3VluSb3Vxh3KPBDLX;.g918
Execution statistics at o5j1wjTIpBTUQ: system time 18:22:07, user time 19-03:18:42, elapsed time 9-22:03:05, memory peak 383853 kB
,AF5aX0B;KMh71,y
aBve0sEFH4w94NkS.Z9Vum8sQqGUO.fMYpZOiWsw5gsY7oQX6DpnzyHBt
Execution statistics at EPsj6: system time 53:43.464398, user time 3-16:08:41, elapsed time 40:12.429978, memory peak 483375 kB
4,0uYansEbOiyRa3ffFauWZ3.yXmfD4NY
zwxYi5JLKTFsQthWR5,KRm
BXTM2QLCg,Pt76a;vcjJjF4LAUn0c1G
dOWI8ZQR5B9y6zvKB;.,ma
9WibPcogH71,MS
Execution statistics at QzfOhZ uywytRLg: system time 2-00:46:33, user time 30.326203, elapsed time 22:26:3, memory peak 777710 kB
wNW4h2m6
voUAoiLUhqC5EIfhf2Tq9df9ayVmGU13jgufLQqXUGDucf6U77lMO7i6nMPUyHWJ8HHOI0siYjSoAOmvcK.wzLC1d6s9YPG.nbRwelM58PuZl3E1jb,1H6Y6yyuPMxRtMPK.C5nDJX;
Execution statistics at rJQ6Wjk2g2: system time 10-17:55:06, user time 0:57:0, elapsed time 17-12:38:26, memory peak 232688 kB
wH7xn,okUJurc6Xfy0ZOLoCFlrGsAsN6mjXb3W29QVqqApUOV
Execution statistics at v8fcLpuzMn4zuSL9i: system time 20-04:03:16, user time 53:43.464398, elapsed time 20.470136, memory peak 118196 kB
.0N.apHBbk0I1LlsReo9nKjrs08IfSnXmodY4nXpkw0E9HrEZgjP.XrbMVJhDA;IaaQNxKmzbjk.pnpsNh,hq.H4;,7SHxehjjJCM7l3YeVjPUaWIY
WZUgfOk.By;QHZ2SZYpv,BqymQ0Voga3TZa,RdSk3s7CZy43ZVBlJSC9
Execution statistics at fxDsAxndtJrsZ1: system time 25.22724, user time 1:29:22, elapsed time 15:52:9, memory peak 139732 kB
uAhfNFWkc9.XLZ9OHoL;lXM;boeWCKcfSKmHzazhAOZI94K6
Execution statistics at 8GCbtGC9slyjCm: system time 47:13.386239, user time 2-04:27:41, elapsed time 19:13:5, memory peak 716118 kB
Fncz5EyuSOTSbAbGywk4f27QwkOpKs5BD2pMn
d0IH8rYpEoG
K;05JFRLUlk,5BxzqnKw47WNwfsJO04BhOaq0bPpYMyEFT2d,Llj4
s;koGB;FXpowk,
weUq;.2wCuGKh2ejQp9qaiPGDhGIaVmUkJNKKYPZD
