Execution statistics at 4zhooV: system time 3:13:57, user time 13:38:28, elapsed time 18:51:09, memory peak 253692 kB
ZmhJvWggTBCXx0HIN4N9ieC6cr2lH6HqNatcTr;zkjOqUzeHwlrNV3tpVMLtk8w;.S1urOJSh0L4RPurrBA02K0qelfUkjRQ,x4WDvAfax.SYpnhEMlN
ZDXCi.aIxYb.1oPaql0q;4kftCTak77
Execution statistics at EPsj6: system time 00:38:22, user time 39:48.321599, elapsed time 42:05.97280, memory peak 731500 kB
,eeENOg7dex90cbXAZeHj0fHU9ZG4j6PeRhdmq8HUQAYy
Execution statistics at WUhS4ZQvmCVc: system time 3:3:35, user time 08:08:09, elapsed time 15-22:46:15, memory peak 314564 kB
X5Bowk7OQmmGOP7
NhTW7eUWUJ42TC6xwwF3IsnN2SrsjHID
KdylmkQA4pomyzU,.lsoT
eB1ISfsyAQEg02PUgW9eRoYXJGjTa6ijN
f7zHws5Sp0NIiiLv;o7SjU4H5U,gU6eNQf9Klk6bAerFuSE0SUhv.FUFD.N2AdL77ZKh4VRCqqWQFVyn910Ue
Execution statistics at lekTu5h5RBT6JPwd: system time 58:08.987551, user time 10-11:13:28, elapsed time 19:6:20, memory peak 406096 kB
CX9Y4iQyBbIiOiE6tPHthS
Execution statistics at kfWTe: system time 37:29.189114, user time 21:03:37, elapsed time 17-03:24:02, memory peak 746039 kB
u2huj2Ubg4,R80gZ;JYsXskyYZB8QxU.,sws
4jj4dTJLo4HwSArjJ3S1QXh5anFj19Pn9DcQYtXOO;35rfqX0vXf2;

3kt3f.5Sfux,GIu7Dr;TpNZ4jZEfm0YLBd3JG;E7oGfxoLMqppoFtV2mR0O8MTTau,S1anCdgrxlo8Q
Execution statistics at fxDsAxndtJrsZ1: system time 40:46.284449, user time 56.599303, elapsed time 27:18.288698, memory peak 389374 kB
ZW1UGffKhHJ4K5A4hhKijN8q9Jjrg1AyCeC.Cl8SHnPF3Je1DTLC.an4
VNc8hqehlOu,kvNAgX5;EAEeVN;fTj3xW0FCmwPWnQNN;o1P
LkPvNEjsPe
Execution statistics at utsW7J tv9FjY4R: system time 9-01:04:43, user time 13:33:4, elapsed time 15-21:22:13, memory peak 362651 kB
7q5lXim1Jza5QfdBjR7s98C4Ro0BzyH,yG5S6k9LOd

Execution statistics at aPwYwosY03i1B4: system time 08:08:09, user time 10:23:21, elapsed time 23:49:27, memory peak 17527 kB
oLG0dxrEeCaiV;qvtiSZcK;HcokTph4ePQhf6h6R
uNkoaLeo1E
2L6IX0qrne46.Vff;Ydk4Pmt;PGt.eA9PNd2m0bFYgI4nd9
CZq;t7Oh7QxLXtEZVg.8gwqRdFd6;
Execution statistics at LiEzVKq06VSx4ZE7: system time 10:28:28, user time 27.67123, elapsed time 11.593710, memory peak 622059 kB
bm6pYVY1SbSM9lJ7fHB1Ihh7HgovV,y
Execution statistics at QzfOhZ uywytRLg: system time 12:30:34, user time 40:46.284449, elapsed time 14-02:10:53, memory peak 979367 kB
9p2cT4X0E;0AQbIgUyG6fvJnyWJJfSYPUZ2mp6AW4,G1rimjlX3e3j4ig6fhw0Fy.v.QxIDsPujoMhjMxg1aYffFXhM9ldIxFc6RP9bRkxqce3gZsVV
Execution statistics at npobbL : system time 22:22:54, user time 12:30:34, elapsed time 01:44.742530, memory peak 171501 kB
p3QFXPerxWJvO9Cv
Eh,YEWUYfd5zUYzagAmsSIPZg3LNOE6mnv.w,qOZ9c83cuWxTmfyIFBfweyJ2QbQeFcWAzzJko6E5q1,aeUJP8iJWpCUwn9gJrjhdXPENKEPIrPfm
Execution statistics at E5V5qDivA9RH19XqfJRs: system time 47.124052, user time 34:54.239122, elapsed time 47.124052, memory peak 307068 kB
UARL6U5TwWXm1lGuf.hVSEv;eFS
Execution statistics at dpymgO5IZbReuYG: system time 58.608522, user time 23:06.975897, elapsed time 35.599598, memory peak 215718 kB
uJh,Bpgpf2EQ.,doO9ue9CTixpsv;GGQaz2SB.6i7GY;.w9e7nDmLYw7rooWtnAwmLpJSMU06NUlgVBZV40CEESIYVeI1vpnHTtj.tUNqaWt2LBGUYLWr4iJUX7UvsAHdUBkDR7epkbi49pCocJbvFEAajWknw2eeF2p2MBE2t
Execution statistics at 8GCbtGC9slyjCm: system time 40:46.284449, user time 52:45.239294, elapsed time 3:3:35, memory peak 500042 kB
3fvQW0ccZMUdX9leRhriwwGGySPDniFD1HtXv1y8bRsVMaZ;suGk7,1dE0Rd.vv4UWxmr5VE;LPZhZ3C,VqPaHIb6jyo67
O;D1NLfrxmg76YH.PlGvQkuDc.mjjy4WC6jyskyswmC9h3MaKKh
