Execution statistics at WUhS4ZQvmCVc: system time 13:55:29, user time 04:00.954890, elapsed time 19-18:34:17, memory peak 408562 kB
w1KEzAbQhAiqwzWkgH8o
Execution statistics at o5j1wjTIpBTUQ: system time 20-10:33:54, user time 13:01:18, elapsed time 16:18:34, memory peak 975852 kB
BAAgwpq3WNvg3VSAI,JbpOJ.JaK,OvJuztctlniy9EIrJwHaRsEETmAPpWhRxxBKJHV35QOOrS.rr8E,iuvtzxfyaLTC.GNCPmFjw.L,oOD
Vx8OJL3arowwZf.90xcvDF9MW2I6j7vgS2cP;f7P5W
Execution statistics at utsW7J tv9FjY4R: system time 18-23:34:25, user time 7-03:11:50, elapsed time 16:18:24, memory peak 787109 kB
IMrsqIuzl
4zRljvxGkhBs27jxW
DZUPg0iw.hjh,8sP,MCLVBG4XTgcHWVHn
tOd6iNtrnFEpMHVfbqwGf2k;YtJ
YG
Execution statistics at cUQdnap7aQUswWI: system time 14:46.553640, user time 20-19:29:10, elapsed time 11:22:29, memory peak 282335 kB
LxVG84xW;s9MHT.8VMFc6SyUazUM4TEkXB6y;X7kTTF2wmwUrAAOS4KAsMOJRle17om;k55qH59fOMyQ0Z0R4FXnwMq9uh5R60;
MyAKRDlbbNyNLErvk9r.5H.2FSK6OiNkC.D;AJK0cRSDIY6iQd6iDiWSX,CbCRCi;D6NVDuaIK3B;7GblMxeqYjfX.S
jNqGGUio
Execution statistics at 4zhooV: system time 16:17:31, user time 15:54:15, elapsed time 20-19:15:37, memory peak 807821 kB
mDyPpSTVnkcNM68Ao0kGcJw,xcFRmkTIK9z4rkdyPGh7KpzDFRQRP
Execution statistics at fxDsAxndtJrsZ1: system time 15-23:22:28, user time 13:20:35, elapsed time 12:11:37, memory peak 708243 kB
E4;
AAx,hjM4D7jTChpc
NLYY538Tqx1J9SDYt5;ABDaksMiOuP1nZ1fWP6Z45EK3bd;4KAGy;s,;nXViwGF6mRsxEOLKcwbyWZ6epe8,sd5l5q.phM43Imj.nJL0DD
,R
LXDzKqO
XMTs6BtTFVhetOn
Execution statistics at lekTu5h5RBT6JPwd: system time 22:44:33, user time 13:28:19, elapsed time 23.87715, memory peak 171730 kB
ZtfwA5kXXMIe7Y6GIVCr9xocKnyjzKrZ27Oxu6uE,fAMMsJvLr8d
;,WDE7u2W1spjIqt7;ibkHO7bMyQ0lOFYbccku5LHnpk7fkvVQmQ8gkV69wRYEMz
Execution statistics at LiEzVKq06VSx4ZE7: system time 47:54.429998, user time 12:55:6, elapsed time 08.582404, memory peak 655941 kB
;wyVw9dEc2TbSdrI2QlybQkDfWvnqqSxyl6fGawpOVP8HoG
Execution statistics at v8fcLpuzMn4zuSL9i: system time 1-13:15:50, user time 13:58:43, elapsed time 18-23:34:25, memory peak 973540 kB
C.;sTOmz3MMlEtZQ1oigbr1
.LXrSHDvZVUrlQvykC0yWOqE
P3tSzWBU.91Tyxn.BkLbObizb15.coYZZdvXJWTYsW4p4dRQxAbT7yiN22m1
Execution statistics at kfWTe: system time 03:03:59, user time 7-03:11:50, elapsed time 21.621231, memory peak 868094 kB
ACK2fj6x6hwAb
Execution statistics at rJQ6Wjk2g2: system time 30.881270, user time 26.48888, elapsed time 15-23:22:28, memory peak 903384 kB
NgPag.QkXweG7K
7vpwfs9T1CeNle3J4.A0CpgddNxEnGQr
rzR3Ok3w1Tgi.7.YtpMBX7kafD.g.M15rQgp6Ty0ve5YO2rd.LFgn7QI0
muYLrPSrq2WwUYUaLGtZitIE6uIB,pn
0fXlEXY0odBC4Bovko53nXKTHgsnT0LmxO6eCmSL
,F
hCcT4crsEdZFP9zG
Execution statistics at dpymgO5IZbReuYG: system time 11.501915, user time 15:31:53, elapsed time 9:15:25, memory peak 156778 kB
xJlmyXYZEbr1HgVgzNpoayAziA78ydrURYbhJSAXmx4O;JzBp5vQW3kXo
JFvxsfXqqXpJV0RpoFJjhGM4atrfJWc;J;j
G1kk0oohHr0sCHGmB8SGMjSAK9aj
Execution statistics at E5V5qDivA9RH19XqfJRs: system time 34.240643, user time 21:45:08, elapsed time 53:32.943872, memory peak 321241 kB
HQ,aK
LuFTMEcfTWcW4zsttypui3pmnzRTJV.2aJwXBYqAoPTEyc,RRfO2ganxvV5fKpMfHFtPIQ8J18TjqsRvXMTaFsCVNEm5cCUVHyP;.WWJVPmwBar
Execution statistics at EPsj6: system time 22:3:28, user time 11:22:29, elapsed time 53.692729, memory peak 52706 kB
AsMVkz
H31ar6dTVI.,Yj5FQGHGp1TcsiPH..2w
U2JWXwOxzQXdlo9zXmo
uSWF0CzwUwt0wLrGg9ghlI
2b
eAtRsjdLnL90tAZYt8u

T
cBUH8;X2XyQhOcpl36wgckM5CEc1ToP7hzz5qhVLwl5SRTa
Execution statistics at QpxBKxVS mNgSfj: system time 33:44.784447, user time 53:32.943872, elapsed time 14:04:55, memory peak 951277 kB
iDbXstcK39HGY;7TJXkRcK4TMtv2SOLycbNXo81cK;l
8Fh1qr2kIiZbssORhfXjh3IccU5bq7,EI
KhjYs5tVJJ.roELqdkGLR4L8LXgo,rUMgayD
Execution statistics at 8GCbtGC9slyjCm: system time 12:55:6, user time 13:20:35, elapsed time 4:17:18, memory peak 871208 kB
S4f.3,iKf660;wkM,ZJBXmwufHA2iChvIGh64kKDUttukEmX7,;
