Execution statistics at utsW7J tv9FjY4R: system time 59:45.668883, user time 50.354443, elapsed time 14:13.341772, memory peak 874843 kB
fG46MFMJ9wSu6Ve
PSY;
QuIzQlCCXU,pODK8.KnDhunm317nhwr9tiDEVSJUblrDUR11z,.
Br3Bo,erYMLua2FgFpfg
Execution statistics at WUhS4ZQvmCVc: system time 11:19.331177, user time 05:31:13, elapsed time 51.211930, memory peak 327451 kB
6eZBEezNWkvdpGlBDaXkJhY9Y
Execution statistics at kfWTe: system time 8:14:35, user time 13-00:33:47, elapsed time 15.848631, memory peak 278789 kB
4t5GdokPBMUsMcxMxdYWiMH8AYpWQT3E.Z2CZWMsa4rdRLs87ol0Qf5K8tDIJxoOLH0wXSEE2uyQDYVr0PNrBnSkc
wBOgGpoD3crAD51KLvCinBV.gJh
Execution statistics at 4zhooV: system time 43.881689, user time 6-08:02:34, elapsed time 21:37:56, memory peak 33099 kB
IdxrtrfjYGqf
ntr1uvZjJj;.HfOdkFgKnMccJTAe5dnmh3XGYnTRNNisPJKm12.5olFDgHtP2Lm0GmVYVlW4APsWZ.kRcs;hiKJE43
.MUyyVfGgWyYsimOOgyXmUGOsKyP7XqrPCTyA9AusSk6QFODZDcUQhJwm,Nr0RwverHu3Q381,NluDuuSabH
Execution statistics at QpxBKxVS mNgSfj: system time 7:20:4, user time 8-14:28:49, elapsed time 45:38.404415, memory peak 485340 kB
v2.vMbM6wLtV7
5P57Hyk;eqX7LU.JZR2Q1s2IxOb5;28SNJ,7uFB1dp,ka
1fQld4nbVPNvhF4ybqCJMfgZYgLsiYrw.YaZbFKjAkEYL6ZbCEqiPn91u839JpD315l
Z4YiYha4xqFkYu2q7sVl9M
Execution statistics at E5V5qDivA9RH19XqfJRs: system time 22.92474, user time 45:11.678544, elapsed time 13-00:33:47, memory peak 449805 kB
Vykyokyif3EPfo
gnnxaMiYYjYU0DDc4Fa58BuVAdG1jKpwdN
AfG2E6K1F8kUSahFvdrdywe0LyKvs.W,DCS3;EYO5xaaY6nOW0kusF,UK8.1HzkK1,42
Execution statistics at fxDsAxndtJrsZ1: system time 20:28:24, user time 21:29.131562, elapsed time 15:22:49, memory peak 847551 kB
sDm2j5TmbUhLeiewp7;ytLpaKda2W9EWFQGLL,lyElVEZKyYV7aFE
4EEorike4fQcZKQMoQr0ITBg6MgfOz0LeiVdkTVAfgiIe9z87dMOPA7Ug
DaF8mJ
dSqa5bcudzSrdG
Execution statistics at dpymgO5IZbReuYG: system time 1-13:38:01, user time 18:19:41, elapsed time 37:48.286470, memory peak 616408 kB
60HRZB;E0PS5Jb,VpHrbHNN87y
Execution statistics at lekTu5h5RBT6JPwd: system time 1-13:38:01, user time 55.397239, elapsed time 9-10:27:06, memory peak 517397 kB
NWwPf7j,oI,pCHlMF4;iCEeeBend7UjTiF9TPZE3hoawguGpgrEJDxgQmIHtF6zBUPO2LXUrN6m;UbjvKu9.fmxPcKUNKgyAdZ.imyYcnaqxexeSfz
38ko;pGKyMBoZpR4VRG67hhvRH
Execution statistics at zYrFh4: system time 18-21:17:28, user time 6-08:02:34, elapsed time 14:45.792448, memory peak 706851 kB
nWhNdo1VW2cfHPpHFTAvfwFfTOFuAvApdcU0Tp7M9xk;mbSo
rCGUC4Os2Tcq0ecg2vdjxb3e.g;YUbcHbrg
D7roEhLn1mZdC,
Execution statistics at LiEzVKq06VSx4ZE7: system time 18:19:41, user time 9:44:34, elapsed time 14.431602, memory peak 214765 kB
E8L27h1MLpqszlvbiw0x5dYlYDBF8SPyAYR,;HB
EtwnIKvJwtfqRliHY5y1t1zZNqNIjn8COBYON9Mu1
hhAsB9SWJcp6B77Ycm90xUbeB.1IgC.K05b1XQLq1LS0Nil.za3djjXt.bfL2b,77bSyNyVEg
Execution statistics at aPwYwosY03i1B4: system time 2-00:05:23, user time 5:1:37, elapsed time 16-19:36:33, memory peak 579228 kB
;GnW,Ej3BANfBvL4tJhDixTs.,FRW7q9tYLiZiEKo36nT,dzzLBiO5
Execution statistics at EPsj6: system time 57:23.847988, user time 9-14:18:33, elapsed time 55:25.84251, memory peak 838016 kB
TnJRho1ALRxb0VNPUzZ9c
5qfURMYwoWZ4Q2JeYQYpHy03lZuLJDpsKTzDx9gBs9q
fW94E11PO1rL.j;yAd0Oeh90fxZFm1Ysd2CXlZ11iMVVzIg
Execution statistics at cUQdnap7aQUswWI: system time 19-12:08:55, user time 02:18:24, elapsed time 21:29.131562, memory peak 323225 kB
ik;sYwnl29,Wx,VNdtzK28fOxxOSL7dsHiGHoHbitoR9T,2eRW
lenV7G
MTTebQnjGRt8O2tLogArVIy1yqpy2eB1YVAB3DHEiqndf,7EseRWNiMPzPTnC8upRaKh8ZpscXlPhr4qrrVY2ih2NHK1qdAi
