Execution statistics at YbARaaXcuTN2CtPYO: system time 3:29:33, user time 00:04:51, elapsed time 12-07:23:43, memory peak 177987 kB
Ie66Oo4b7yCEJampF0RJ.YdhbEcUYkGTD96t8ZfxSqlayja86cohWVWXKNzyZm8nXZj
Execution statistics at GvX7NEqsPKuD0iMVUfG: system time 48:06.551438, user time 17-14:31:34, elapsed time 53:48.750403, memory peak 697625 kB
Dk4srAUDc9prMp1cwEgCCCAILkvZNL3cNA3kGc;oxchwM1,HqOuqw6XLfIi0j814SJmjlGuI;ekYW6Ot7XD
uvIVKia8BZs1WLDY;6tD
eOVRnUO4fcmqfJ6Ar5njBRP4O2VlANcVWS.a3rgGas1KZzCrv;WYcDG
Execution statistics at YpyYJsEyRoOp2hKcwV2: system time 33.364227, user time 06:48:17, elapsed time 20:44:00, memory peak 412323 kB
GIWuabR7ylLaLg;g1Pz91Jy
Execution statistics at axUFKgtu8TtJQn7: system time 14.717762, user time 47.999142, elapsed time 20:48.212455, memory peak 477099 kB
Z43xgFzGhp,BLNpqrm4BwFqd
5j,8PfG8Jk4D3ZbBcCq9Q
fuBMnRJKG2S7aJCs64Ml4
Execution statistics at C8Wn37lOAA: system time 20:48.212455, user time 55.517763, elapsed time 1:58:15, memory peak 712278 kB
WG.YIxv7CBjkpjtkxDM3Q4G21Fh83Y7PJyFDZXiZizqXy,9Fj;3Oznk678V9r
2SXiCWqxwGpZNj;YRzOGCfvcseakwBYpUU,Hcz8cf5
z.
djB8RBDXT3eeBvXjM;z56t1R9OqAd.guTCEU
Execution statistics at JToVIko01hMUaon: system time 22.632111, user time 04:39.69135, elapsed time 19:24:09, memory peak 616505 kB
C
fMDG3,44uXF5JcU2rfPUqu0C2tAwvS1jc8NuO.CujqfW81jd;kLmMBWDfTxg3TpaB4cKckHxOpj7RjxNE6EuMM0MXsDnzJMeHL97c8lhJIl4khw6jPprSN;PrY8Ujl0FJgR9OOq63ZTBmoKaS9zU
Execution statistics at KGy34: system time 25.416983, user time 22.632111, elapsed time 33.364227, memory peak 257508 kB
Rv9QfHbTzl3I2kngkRG,kFB.Aqezsc5l;gawXYnwif7KaE,EzBYjDSO9qpTtHJuGjSN2o4ba8jGqufDMd;7srh2OgN1hzSi;1Ms7DdSFyYkzScaYBom3qvIDt2RqAz2c3b4ikY;3ano8HhYbTcSAuOjyU0VT4aBvngeqgu2
