Execution statistics at o5j1wjTIpBTUQ: system time 7-11:10:15, user time 51:48.387218, elapsed time 56.297459, memory peak 484233 kB
Qqmanm30rbbnSFntvDqgvjsacJoA7gfel0UReiqBlh.cTm9boRLGc7j4sdpv2A5xaAgc43Ltp6htUb3VdsvzUvyOInPLzpKCTUIQnxJhs3CR5XLkTI
Execution statistics at 8GCbtGC9slyjCm: system time 43:03.930835, user time 59.42192, elapsed time 5-15:46:10, memory peak 16465 kB
,VLf2NRrFKvBRnEdEp2;G6pPT
nN,GVLY7CSW2vKgGoqFBo9
Execution statistics at 4zhooV: system time 11-01:38:06, user time 44:32.754138, elapsed time 19:40:12, memory peak 543306 kB
m26CwRv4CulgzCjX8nPAEcpV6kfx
Ec4oPP235Nta2gS5ob83EjZwFLl4obqdsI2m88ugeTonw3NMEt9CvD
Execution statistics at fxDsAxndtJrsZ1: system time 14:58:46, user time 56.297459, elapsed time 14:51:45, memory peak 520249 kB
bZgWk
pIFVnsGX210pE0yoEA1WKT8RCTpF6hsypR
Execution statistics at rJQ6Wjk2g2: system time 8-11:45:56, user time 23:31:43, elapsed time 27.399395, memory peak 767327 kB
If5,uSdjLLJDqe16vXf2iRYvfW3G5qUFKyxMKf9GYVggn1ZPWFEX4hcjxWmez94.yVEhmIPa,ZKRf3CGv,5ldQBWsjzcJ6Va
Execution statistics at EPsj6: system time 17-12:13:56, user time 15:9:43, elapsed time 5:4:4, memory peak 266972 kB
,iQjEZmK0bhyCnRGpKefLTOcySzQ9jRDtUx.;XIBQyYuipaJzKLgScdbxycLtru2Wr3
bAaQDmiJB5b,XrNFt2.VlMoB
Execution statistics at aPwYwosY03i1B4: system time 22:36:23, user time 50:50.364522, elapsed time 21:45:38, memory peak 672614 kB
t2poVdHvQBFtgefydEY6iCGGfC
Execution statistics at v8fcLpuzMn4zuSL9i: system time 01:44:43, user time 23:49:40, elapsed time 59.42192, memory peak 592895 kB
UQGM;8KZ6N8KlnyOvQryDMscvU6ovVax
oxayNLdQ1YivzI.;mgPlOjimhFraZN8Lj1fTBFFdNiKY4y1OjdKnQ0motwG9kW93Z8sm
3SLoRMSj
Execution statistics at QzfOhZ uywytRLg: system time 7-10:27:34, user time 15-13:37:45, elapsed time 27.399395, memory peak 706334 kB
Ybf8EOzYmjSoi2VyaDLMKeS6Cd85Wt,2P
Execution statistics at npobbL : system time 53.832108, user time 14:51:45, elapsed time 21:45:38, memory peak 660330 kB
wW9gpoMc.oI9
Execution statistics at lekTu5h5RBT6JPwd: system time 23:31:43, user time 11:22:2, elapsed time 17-12:13:56, memory peak 984950 kB
A5ltr8dDzb3G
osmy6y77DINVWEezeUsVturvmztT0alRj4nlxKJ
gxrHfadBnw1yIkV3gaawJEEuguR
b00
vEw,hjHcNc3MgUJ.6ECcaPDk
.PnCwSRc0NEcVVMzAw0l7V7XXRMvOA0A2B6FLwfP3n4dx,PvI
C150kJ8;qi6TjCJwdUCNI
d
Execution statistics at QpxBKxVS mNgSfj: system time 21:45:38, user time 18-03:24:14, elapsed time 5-15:46:10, memory peak 877841 kB
kpWf71uCUmPzsQ1YWr9Rl3hOI3CRJWavN,.2CWgW
Execution statistics at kfWTe: system time 20:01.977617, user time 35:54.972248, elapsed time 12-07:45:34, memory peak 893628 kB
RoeOsR;hVEZdUDm4Dali80ExeQOVZCdmVmFWy9Y9KfgbL6gQnEONzdur7GUZ.ZQ63pPg9rABPRjnOXLg.qYx
KmZB;AXi7bmZ4hAGJxuTeLljORbJNNFOj0vMdsPC.up0VGc
au2,4nA782CkwNzclmfYjayNSukIF7TZZV7Vz7e8HBRx
Execution statistics at WUhS4ZQvmCVc: system time 21:37:39, user time 1:48:33, elapsed time 14:43:22, memory peak 611002 kB
lmO46mQNXW;MG4wm.F7QDbaDEYPO8E2S8sz,ByeW;pcPT,RC4rG8w0,TMRXP
1L1fsspsh
d.x1K8RBjzl6;KbCThqSVRjEtX62aBSAi27ASCGCSW.23l1SD7edl2UjTEB.snAiZkNRxmO0fflj;;Qim,.oPtaPJvmJItFLt4YX84DrOa7P5
Execution statistics at E5V5qDivA9RH19XqfJRs: system time 16-05:43:56, user time 42:25.150959, elapsed time 7-11:10:15, memory peak 877336 kB
I,tFnX;Kp8LmZQRtQnaaop7.qmUpFIRmw7vjoNiLjd9vj3;Owlq2gZwZCu3k8TDER6Pb8NyMw.1,c8;kTT,l6t9zY4UqPyjvTYfke2d,1hoVujnz
gTfhzqVGkwh
,fY9a,3T3p;Oe5E;mOCy2Z1kC10Wksqmfzrt2cEmDrXu1C6s,M5vRhS4Q1tRCq9f0EdCer7
Execution statistics at cUQdnap7aQUswWI: system time 51:48.387218, user time 5-06:28:53, elapsed time 22:36:56, memory peak 51788 kB
atZ2Ax,r998ezo,Tv5jlJzQpNwxKPIJSl;6y4GwNpVCMNWQyyxWO2KJMNhsiT.u5Z4Z7trbdjf.;CxBtSnG9y.lRLUTtj0EZA9zVUCOjcI
84cYBZ,UF5a9zbe;O,8SKIU
