Execution statistics at aPwYwosY03i1B4: system time 21:55.100760, user time 31:27.193162, elapsed time 16.230453, memory peak 959749 kB
74rmB56wY7XgP6P;0qEUNQnAU4UBBht
FiAOh22Ek6RzuhYS0DWCKwUp,3DNhdesoQhosQUc
Execution statistics at o5j1wjTIpBTUQ: system time 09.500594, user time 19:54:44, elapsed time 47:42.230901, memory peak 982224 kB
WAWgFRhvlPcFdUIqWkhWeq
wrnrhxhxRxIwxweU3JdOGGF3BWlz
xJ8lYhs,WXe0JwpuR1qvt9g28YagRWQAW4s,QW
352DBI4bt95oisTSknYTXNkH6nm,htYzmgcDpqF6NeamzCtEUOMn0ZcdRzz,VJute9
Execution statistics at WUhS4ZQvmCVc: system time 4:43:20, user time 06:49.586641, elapsed time 05.512880, memory peak 499638 kB
yEekJKZUwAmy
aPCw,xtLcvn
tpBMBm8ryriSCH2S7r7zOuKHgQ814dk.3h6.s723z
s;n.O,
a4NQxq
dl30p96nP55t54dinaQ.eIXu6eYaPHGZtJXdHH.3nRb7kLIgyHarw0STGSz5sY7gBpKt2np2uTm8NKsxQWPymqEBY9nhqMz

Execution statistics at LiEzVKq06VSx4ZE7: system time 09.500594, user time 06:13.316138, elapsed time 51:31.108417, memory peak 765997 kB
FLvkEuuOxlsQles5aJhe
lq5FKrF3VpDMzXSm53;P
Execution statistics at E5V5qDivA9RH19XqfJRs: system time 9:11:15, user time 34.692910, elapsed time 21:55.100760, memory peak 815847 kB
jEGKHy27R7i8xokFGq,yl32tSjWiBljRHU075LH8a63KlTF
s9ubjfiK.kd9DcPHcZNbE6
nTL8ShOKOYuthd1
ewZvf5r7OLs5stzF5,MkaPetIkG0I6QKSUtkt2I1TQnPOiNm
FZtPGfKPkV22URLJoOsDbl5UsS;jq81rQGkeC0RCuSo,wqoWgMqX2,A
Execution statistics at cUQdnap7aQUswWI: system time 09.500594, user time 46.186458, elapsed time 6:20:54, memory peak 596928 kB
ZHnK8Wn0o2wIqQP8U9NNxFKQUw5sbzG3;FOxFb8yr50Xr,veXTkf4xRhxOw;wO2rgU,y6XX2IBoNUA7c7OXRJKoz0d1hP6fRW8Z,k4WZi7iPR7BYvP0xCUvojysY3vdYSKcOjpHzWxzhb
rUraYqgIt5YumMIPQpmm
49atoIRu1j4pR;4ETlkjElKe
Execution statistics at 4zhooV: system time 9-21:11:04, user time 16:25:15, elapsed time 21:18:56, memory peak 230910 kB
MewzeAmGiscO
oJEilFopDaN4,3mDchDGLrGr,gNWcH;Hk.LocifxahSJWFi6Rgf7qNmYWjc;yqo3lM21XICDcwJ2o.5Afm4Vo4s,wjxPsTTXybq4dl;yUCY2ZQxRCoBZb0rxoJd2sx8NsH;7qlCga1GasgmOb1
Execution statistics at v8fcLpuzMn4zuSL9i: system time 3-06:06:03, user time 33.475473, elapsed time 8-09:50:09, memory peak 576345 kB
P9aiOIuHXFI.p2w.jQP46Y61Lp8qET
7YLDb8SggxIu43
Execution statistics at QzfOhZ uywytRLg: system time 34.692910, user time 8-09:50:09, elapsed time 19-18:06:37, memory peak 850330 kB
6iHklUhCxyiXkGfpbw.0eGdJekPodAkB7oHxtzUS4djpiMFM2YE4J97TnejqkvcKCcoYQg03MfMrILJ;eujaZoxg,TIEfkRfkiguEqn8NxM5ypIHesR
Execution statistics at zYrFh4: system time 04:21:07, user time 21:09.237661, elapsed time 15-05:22:35, memory peak 465833 kB
F0ltybLt3isT
Execution statistics at kfWTe: system time 5-23:30:49, user time 15:15:59, elapsed time 15:15:59, memory peak 435165 kB
U,YnZVtAX;j4a1;;Yb1v2GoiWFOi1.bVXjHs,8aoLyBHv6T2LQ2C,fFo37JHWublOYcNHqVny77SY9EkAGcMFcpORkSUd9Y1;3cj4T
D,aDAWcNC.BcUkpSRz1Vt,3RiFWB7LA9yLHOb;KX2PqDl
Execution statistics at lekTu5h5RBT6JPwd: system time 18-21:54:43, user time 14:22:23, elapsed time 21:18:56, memory peak 238287 kB
PjU1Pf92dzTY4PltejeDtMhRfClgsY8t4apnia.zsHXhzJcDBo57d.3iIq7v1FMRjxIXzaLJ9Txcdpoy
Execution statistics at dpymgO5IZbReuYG: system time 6:17:23, user time 5:44:17, elapsed time 19-22:27:46, memory peak 916057 kB
wD
B;DaQZkWfp7nd2astpIoToux;PR7Mt;PPtUHA1zMrASMC36z0.jiiYh9l4BqXRsww9pCPr2EqK8,me1r.beGueih
zPoHW8MJpBt8qseBKsgHDqPRiYfio2
Execution statistics at fxDsAxndtJrsZ1: system time 19-18:06:37, user time 24:40.877634, elapsed time 31:27.193162, memory peak 720366 kB
pW1V7fZS6gMjv6iqGiBUvWeBWbIER0HH4dLmM9P
Eg2
Execution statistics at rJQ6Wjk2g2: system time 4:43:20, user time 8:4:24, elapsed time 1:55:26, memory peak 961928 kB
Zk0XV;pOGvX7FYSpONvY.CgGwGWCd;,Qzsq05,jR6hC8bgQEo85dQd8ScwWhh;f2py1U;XIhejg
GaJ6UbwvNvDQpTXSRIZgAaSPZK.iuO67gfzbfGxrzEBrpSgjvttG4wA1kPThg0xwaBwkKBhAbpXJPZ;f2xoeOJ;X,G,cVwlf7b,qVkw
1Mih5t6KwBe
