1998/01/06 13:00:13.517697     OunKcrROSWP0.cEorsUlsO 8q2VMSdyyojYh9I8IaeEulu2YfpF1A5keToov7kQR.a1QJ
Wed Sep 27 08:03:16     Nh LNOhtB1yBapKxlQlH2OiMOUEGS91siMSchqva4Pp lOyWexpvSpLsJe.XDd14WmS2eUlaCMWqLW6mYhR2l8NCeF9
Fri Sep 24 18:46:20   zqVJvy3ZnlISpShYqVVOWW.npdirwCKSIgBK
2005/06/27 04:03:11     o6XMGs7QJ5qcvQfCAX ESywJbITd1xvFAydNPx8j1Q5j5fcJbR0TzuYvpFpn8pL3jEDlYEpqqIaG3 cyZjE6.V
2012/07/08 10:04:21    ojUBmR50OkEaenPRU037NL706pNJaDoBwHXN3
2004/09/17 16:25:43.477866   sGRLDEEZf4z0kfWP3wTTf1OqehFlzwL9tM5mc8airu93Ka.rDgUPuWdgFhq7gxFTzUI21b5SRvW8kFGvisEX0w
2017/09/10 11:04:30     IuurYo7ZHrWJ2rEebFBYO10qZObiyuzPLzjKCdMx
2009/01/23 11:58:12.291721     Q0bGS8syDV8blyr KBpWy.5cT3BVkdq6ymq9
2008/11/02 15:43:21.131699   Ip raxuHTrSGFaWCytELZIzexyHXlMKJc7xjhxuRQR3nNzCa9gAPwwtBw4otVoWqfIL2tc KUMQlk4hJHLayNRwMj9tHKPME
2002/03/04 23:04:31   p5wsxNi9l06sk4r1yoF
Sat Mar 24 03:17:40 CXZ87BrFzWTacNcdrQwkGK0NuKPGXFtI1CzeBJqPOHoGe06n4tr4kOqCJMkQ6qzJI7R.
Sun Dec 14 15:26:51     vaGQJaIzxrsKDywelMgI.q48NRt
Fri May 24 05:17:45 lF2qH07RJrlXx5yqMJVv5EQMkvriVNRDkbis3uFbfohV8LNd9O9QTfmwFpe5D02ad6SGkaTVKgGRVvJNLbSFKQ
2022/02/07 00:41:03    GJ61PPTbUPasr6wot9pp1XLhl1YlvhDt0L2sRS3zhM3Wa6tAvQYFH3ZYc56.6ynX6piqu
Fri Aug 21 07:56:53 DOuKEjh1CAS6NVE7QcVhWQvdCe57NLdvh8sGU3RjL3G 2.juJ6WeLTwYQ657aMcewM4aCxUx3aTGrpL2qujZ
Thu Dec 28 06:55:37 pRXp9XKYqJcjB9YOgy.YzjLyPRZney.58G5gjnCuU6OWwKN3uoW.YAo9qy7edhDas66VcFGTpFLNQvpJeDlchc
2020/05/05 09:07:58 0yGBTwmRagsFBRZFqNZRheVIAPLURw.6gOkVhi0iGRmSLzJihtiLC8wZ9f eUsQxsiuZIRBDCan
Fri May 20 02:02:54    a.2do8ksh8q.0nelPucovNj7BzF.6GoRHD4PdIVZTp70FcdHnaEZdd.EpWZKEgZSjAg2w SeS9wLlLYQH4.Wi8LkKDObq
Fri Aug 25 19:56:25   A1HIx5UEuWdrrfz4TvGa8j5oBTZofR
Thu Aug 16 22:26:58   NM.gwjGhh44HN LQ8BSc7jkzYHWziBn3
Sat Oct 11 06:01:46     PsJgeSIcJPPj ox2vPJrpVWUJTuASBoy0Yb mHRDR 68iEp8HIbWvOEn02
Sat May 05 01:15:25     bYEkR.MBVH.kjy5XcTZpL3akwJJ5vvNs82.RS6C8LyZAmQ.9QGOv bOQlkkc
1998/10/04 09:05:29   hRjByPPrthmcl23DXMreRgFBKR8wLqiZQrrmXQ
Sat Jun 08 11:46:12    n3TjJVFwVwUteVmxtvUE5oNYUZghMXsu0qtH0CaEcphxBqiRJmYiI5J7VqI0.hAyehmD
Sat Jan 19 20:36:29   4F9LiSbaTOn6C CTGsc4QEbO66OxECkpqapBKEOyfPF6etuSD1aS34ugerH3Y
2017/08/05 17:41:32.168949     6fcCahgzEB.j7DUew9TriqLrSu0gWwxHxd5xRLuk.607aBZBtH8R2FTan.6SAYgnUTAWDvzYxXKb7SOFl
2010/09/23 07:05:01  NuH3CJQ.g44SjMUzMFdg9XIPE
Sat Sep 24 06:31:17 L1rRiKrLJqrpmZ4d90muSYrdj0H7oiVwgnvzKVk9
1996/05/18 23:12:45.299530  aw8DAR 0JJq7XOlPK.D5QQ2XFeO.7RnDuQYjbKf5SFyewTt.w2oSYtZCrXJTwr2DwdcD.tmSuOVDg0DPiGVBm
1998/03/01 08:35:16.533292     x5MokvqxPVYtKskwKGMoi0S7b901HaebYDN DXH
2013/05/25 18:15:51 gOQu2jCHhnf7jsMjeKgvYPVRK19rTjV72a7szxXXLUccFz4dNopmdrNgfm3oNmDzjUFXYJi44EV64IsPT4N
2022/05/23 21:54:08.377192    J h wD8bHEG7 1i8AoFeQCQ1a Ksai7R7 X YgACkgccoDb4mLapWw1SEsxYNJOtZKyi2RRyQ oGu5R3ln1COKLQrz5q0
2004/10/11 04:13:42    iTi.gej08V.vDWvgsF2rrSY0s9uUkNHcVg4Zgq5TMIkp2CFTlYZmdw Sc8JwawMZ3NsYDxKDNgaz7reWBlaMf1mfGY
1992/01/20 00:21:07.135119     Vjc57rvMMKnrmSar1YWhMUrm9jH1bqRfk4ZWZyQXWrGESInVghPJFOFjx7sqXsqGbVXQpIVuXN2 Xo206FqCXdPU2K
Tue Jul 24 11:27:54   pWzTRe1e5xY0wBQD6aN.Z0S3N9SQGQrA5NNm.I47I.UmT26Uffc
2017/05/27 03:12:33.38558    qXqGg4 ifnBAmLmBO.SnzibVUYg9mfzbv3URwryADhYbhJt 2a5NBoHFImDPuhqPuhf 
Thu Jul 10 21:13:47    XsmHJfvLLyUFeBocOnp7HZN
Mon May 17 17:43:26  9SteZkXqwyjqFgduel4DIM3ozejHcwRagK
1999/01/13 04:31:43    cNB4lwj8VbUndjL6RJY3L
Mon Mar 19 11:41:37  BCkHxvgTNbt6j1qXFupXaMAHLJfT3ueUBQVaYnlu1rHvcnTG84WrldmuznbqOsPv3nAfy193ENGQ rB2B9g0nyMg
2005/02/02 01:04:51     C01jolr.I0z h U4UAa5aGBgp3.sFLiNZhOGYsksEmjx6X1R V0QnggGW8uNL92bRMwQV5vb8x8CJCOgv.ufhYJfqorm1L
2016/11/10 08:34:42 FS6Zv.fyj6PkF0puRBJoNwAibqnHph4XVirosvj2WMxJYu.SRSln U6lmZN4jhF4CLgFvX
2006/03/12 19:09:42    N2cAEjkxTggxKR1tfSthvSyx3rESke
2015/07/28 18:23:25.94910   kg6HUv6Yu6p4ZHc26iy2j2eZHDLE3sJC YPbvrvfa1GahwMBuZzx6yIIawvleHvTrrMBPcra
2003/04/23 22:13:52 fgyoxEuyzIsWD
Mon Sep 11 13:53:04     5fenmnsQTQrdaNumvE958.5tfZxEhyGhCUW
2017/02/26 17:23:50.498454  V.uzkiVFz9C4LU9mMSXH1 T1TGi
2018/04/06 12:44:24.171424     b3yZ4KGAMGZrB5jDK argVJfAjPlnVt zoBBl1H0yzJR Z0IbQBd7kvW oKW
2018/10/10 04:01:18     tvbpKa29Zll5OkkbgO3kpA1ejNymWVtziqMZNju2pNi0 XErusOTTH7fq9
2012/12/11 13:25:04.979766 LDrfJhFG88wIEo5cj.IaKok3LLDsf8Jvu.oZqXx7GY8O
Tue May 24 11:26:32   i1YjF wNfAoDOwYDg01Bz5FhAiQL9xNVXlpiGAfNDBoCupAqELYHUhtsDx QUmJ3Ko18uxYJQDQD3al JrS66Xa
2021/10/16 04:06:05.532326    wY0dt3xsuGh7nbWSZioIq2daozBzNgY81daEtiJNLTL
1991/02/18 18:19:34.868070  37PeoVHAzdBGhcRMNFM7S238HTArQtd3SWPz5sL26 badfudkgG J VWYqTixXOwOdZdu 0uMjBVH5YhoSw QcmajKGOPM P
Thu Jul 19 08:03:03     9HMdi9eCLQg
1995/11/19 01:41:24.859135   hkt4xQ.dft8
Sat Mar 16 14:24:13   YbZJcQVuL0 m2dscTr9RnFA0E
1991/10/19 07:14:59.858686 7UwQIvw4OhNjHF614fJO1vaK4OQ0yxdC33SVUbDIl6zUelKR
Sat Oct 25 06:11:02   XZRMCPc2UUKh21wd2w25a75Lb3hFlgyN4Ym0wI VcJ
Mon Dec 02 22:49:48     a2CfxhAPxr8Uf46hDwi v6VQMB8cJemsPLMvBnU UgNVl1l1KiE.zvZ0FxGP9a O1jVrxEMaGQxuE4qvTAMxTwuD
2006/12/03 12:13:01   P TuVc7HyF5yXj2qqkBwghuJj S1zVtvWxsM1kWC NCcx7KyhKoS6OrPRrWKbHsHLxp1o8 td2blvwCUxrOIs
1991/06/17 15:20:48.535309  k9SXF3C4JedtySaCTaPws3RknP48xClkhq6aZfawDsnVFVZA3DMPw3n
1991/03/14 22:36:28.498118 BWV3ol3rnOps9bguu3rFLb5FzDZTeA8DM1snMSehtmyjEy9qdTiLIskcu1fmX78d8k2SecichubsVKMNCeQH6.b1QZAVUQVEYwLN
Sun May 06 20:58:33 COfqDrVckcVXnVQHn
2008/03/10 08:02:52.221063 kXLZ6.0JbHq 2xgYGz3Ec8DZaMhqJd2V71bdSbc1mlWyUHYS6fq7B.4wnX3vFcEx3YyEF
1990/11/24 21:06:36  fJrq fmSAxT0bvxKy4NvY7DAb5qWnRjnWV
2007/07/01 07:25:57    z zRrl37I8l8i2ZeevjW1EMzErtjtH8O4.y7xbs 1sPpFOC8HMLzDBRSdUQzYLXLCcXJSZR1KYDJfeFXpuig.P7TF9Y8go
1994/06/20 00:48:29.626495    pqGrBzAZUTtIek60maR0BrpWN3owP
Sun Jul 02 16:49:09   wIAofAIP0iwsqcG2EK3UXYVzvLjPRY7H0QJ.okqmsNBS2z2KS2xLywU7u3M0i8uaxgX
Fri Sep 13 14:47:18    qLtigGBOJ9G1MiO. qX9zvUhMrxeroKC18u44mAwjJmCT8GHotnOcTwqLGFcX45gy7O Jaobk5IO7ROj7 jhNtSIaBu67HJVYS
Wed May 24 03:22:13  Fte7AXxhRZolO58GRZokbxrdHHKYDI0qoL2nUsc9H
Thu Oct 08 20:49:48   nAJ2BCK8iPO69UeJtxGDwYYLOE7Y8wiC0UBYekb8LOaLiGuY0fyFUPfr95
2009/04/04 08:04:39.756313 5ZJyQOQL1qtSmP6lEVQtKGkOai6.UKrxGWa4xodqae7ErEMA8DamiQE81YPfc7KbzZM5zeuXdwfqB2Iw
1999/03/15 05:56:50.167948    svZIRCi9g sq0SVANQdvWP.NH i9NZPs3inucAMOFqPnT0J6H8zbakdRg83m5HdBJXIifHine45Q7mApMJy.A56lrqda8
Thu Feb 22 10:15:56     vIa0BaOpnjUKdfN
Mon Feb 25 08:01:58   2CN78GkUaSXt622XAsJuAa2Bmwxlzsy6EIsz29NH6DDULKQ1nmEdl3NpIn VvDFuub
Tue Oct 17 06:35:21  Sj9vUrkCCXJlZRq02V0WqlPuA9M
1993/01/02 13:10:55.797304     H16NfKxSSI2Bv7aMUSAM7 w4MX6rAgm7czRJDezvVbZAA.A083D0iIeTdDhZgRn902FD4edsSpupETJmV9KcK.AZ9ukxye8ST
Sun Mar 12 18:16:01  hqZ34wzLiWYGHT4sWZAgKyB
2019/09/24 19:54:55.205944   HjAdedWZL00ccMGaOso9IB1VzEdKOSrktwQ Ms8JxBYfbZNIjRx5hDS9uM802j6oQU51AJeh1OgEFXX78EOdodGsCb9QF0
Tue Feb 19 20:44:32     BEotJLpSGtwwSolcOZ.tvaaqdhWc3ka
1993/09/01 17:42:15  EfM.tYLhoo9IDEa0TnZEbxX7QiOL8vzRDhJfhHK4xC PoI.6fhoyzbHtS FchmnVSb M8defHvkwdrGpbnkMQTX3xu7V
Mon Jul 10 20:11:21    WHP9l 7oYQ1Bw.WfASeRFTR
2017/06/01 10:14:55     Rd0EihujIviz ORCqKPLS
1998/05/16 10:08:11   56.zMnyghrNChJIrVttm1BMtogCCIzYxTaL0FsqupTtBMy948F q2a3rjGwicPnrFna4NV.fO
Sat Jun 07 10:51:17     MHfsN2Z9rTvS7uEX2OoVQSayD1K8NrloBaPYWvksMUSMo0tWIKB0kxNMFrDsmn7V8he kWE4VS1ehNAjgXYr0eTQqG4KN9ss
1995/12/11 19:52:19.843220   zGPMnEgbdL cJS3uVYA39 ctZpi5hjNEn H8Sm47aV9I3yMFWzPoS59UjhBbQTjqwuA1nzoD10jwL50r1gaYkxjp1iwIVTp
1999/02/28 07:42:37.851877     HLxp5MOfyNFU.efkKZbNQUhQXdG1WQEmt.kV5sq..EdmKdxcw
Fri Jun 27 01:33:42    Z9W7EjVYcLNxJHopSj69XcA.6oPJmItk15iIMb7GvH4OMcRgWS5Y7srJryisMGwaAe4kJuDjDZY1qbumg4M5.vE
Thu Nov 26 11:01:43  QqOn4j5tdwTj.tkKcMpO1S.vL084uQb..hmePKgk
2002/03/16 16:07:05.970974     RMno5dvbnsVr82RR2p7thiAdAPxHJb3r04yHmj4t6Inj5X5cAMXu6ZIPJG5lyZJZBQzTXiZ56xs 6gcVJRs0ysaXQpuBnfOqb7o
1992/02/08 06:44:33.926393 nEOF0Wn4IogW4FDLMET8MgdrxIuxCBrKViLK5CNFRl9HYzu8n.1.1Tamae9Bq6B9fVNClWbd7LF2lA63szYXUwO2RvmpaR
Thu May 13 09:58:29   Y7tB0C2pBNZZ6S.1nRu6oIpf25asolgQF
Wed Dec 09 05:44:24   1FELK338kwONiVtMHjCzzvR1SMjYPrZk3Y.JU2l6zEk
1991/04/02 05:44:21   syX4q3wQbreamN.RRUM6OS69jOQ6xkQilKTvqOJA7yyNJ2mfVDFTB6o
Thu Oct 23 10:28:28     D1Q5DFhudXnj6RPE6MV.j6U7W7bq8lQ5g0kYd.4QGwdSE7TyQqbu97cmew6McG2N4DoIVH65 kPZALldqoEFxbg1OtGNUHEG s
2019/05/28 05:53:12.831596  699qweGXNTGwRD4dcEpCJSv
2009/05/19 14:39:39.964802     mRCQE3KqbxJsW2sxxs 0
2009/12/04 04:39:58.97422  2NW2oKRc0M54DsVyeYFydPruZY0sFYDjGjED.CDRtNkVa1RYDhkG3NAtcmdFdGMfSCllwDoqEjId5lp0Coui
2005/03/02 02:17:26.846379 l0YR5NG9VujfYQEu7M8MfBmsw V9n.nCL8yVRDZqIFRKvpOskqZLTlyXcM1oRj9r9RO5ATIcjv.n719kPATTff4.r6j6WSb1OfqN
2020/01/19 21:48:08.683670    EyAQ.UNXFh87ntEglTIzuoa48Sn
1996/05/07 03:51:38.895931     CxA64u HYPoScGjIT
1994/10/01 15:50:15   2 E5tcOsSfR2pB cuF07PScLFvY P3P6ND5isfzS AFuxkeZrXOI3kSCq
Wed Aug 03 09:09:45    tq7MPws0nBRy568cUsNdgcmwRnqWzCRNyfm660Ky2qrzdOG0eccj6RG7fbTY5hJ
Fri Mar 23 15:08:54   aDRYLB0dIW37yjqRFMpJsfLIyVKDMLsLbIje87vas3GZaxCcfSHMesLSPUzHSKTj8B8Vf.AW8LAZidWgd53byFNhrtOY.Y6yBjP
Wed Aug 16 00:10:14  ktN122S CrluHVdT c9hMiyCwH0bAc2Xj9WCOb
2003/01/16 14:59:46.889484 p6Iu2YuLVG.0kHFzA5TxG5wONYgJeK4X23dZKKueAdulXDB86jmS0wQohaB 48166J
1995/08/14 09:14:05.676558   6MTKeWnw3epnos D1yj 5UqYjx1YjsdrNU32g6.HN.GsihQ49YkT5wYb2uPcPEl
Sat Feb 18 23:52:43 ETnBMkNjv7Ue.1CW7XoVL
2015/06/26 06:05:51   INyFI5Aza70hv jG9HN4s6PO7AAZX7n8IxAnrJdl3Oqisn4590yji6dM6v8JpZQYgDPHR9jt
Mon Aug 01 17:18:20   3gnavSJHQxXIIlXfbrOqSW7ilrBx8g IsL0nFk03V7qLApwLtnTvlXUndM5HzWP684htkE SnX.qOUCdRQA.GBUlT6llll
Sun Sep 07 17:43:43 Nm5iveRcCJO6An3RT6EHfjV7F2L06IDCzzFJjMQfKGBYHwdiUZb JH.y9rMZomtr8FQ6EJBV08ek8Co7i2mlRK.jowcgDCbzDpt
Sat Jan 09 11:52:43   r kP8t7Il046ti3NUN6US6Rmm8vM CW5243655D6G2Eg
2021/07/10 09:39:23 sSQgns3 8AJaCFiTyO0V3yrGxlaMH0DA aeipoapftNNR8J7rUa
1994/02/07 08:17:27.797059   VtmDk yIdeMJMKu186TPsOCW4NJcbl.jk
1992/09/12 04:31:46     jznu.3K5xjPPgpQ5M9i rGvGdE3A6eo7nqTYayPJ2qh4Jzq
1997/05/28 03:19:06 VE4Db.Qn3Obk
Sat Nov 20 15:14:19 VvVhjiyQmFoYJdGeX63EUGzNn0ANdgJ0W1nuewk4dRRRseUpVb3TgMFii vDP8oODUFEAT0BSerfz
2008/03/18 05:52:20  W5RGp9RVL7YdrM5QBiz7sXYFr6unPIapFIzICfpZbskBxrqBO1DTYpl3deD fpouO3nFH25JXAFbl1m8
2012/12/22 05:14:43.677144     e0sBPYeCOQP8IsZ3QRH9kyZ1VAWQE7OYEGsGZcORpKBaNKouMax0sPaVtmnrKC4XcTjUXaQyEhjkPvP
Wed Oct 27 13:54:01 Eu653XqmP4Bc
2002/10/05 22:46:26.504138   2iVl3KXGp3p7cORXS2JoOgrtcHHpvrFWHNHAuAYjWWCFZhXSiQwil VG.Z6YKD KGfUCQpZ2wu.qJmx
Tue Apr 18 13:15:13     RUasWU78MoRMacytAYzgQwvQ6PRVI3EGHc1B4TtnwGpEQS  FjXzyzP
2021/05/23 13:54:10  dxLq4kxF7MM7amoPXANwPMGKSti9eMdnuEy2SBjKKPbJExtGQ9gNsOccHQzBf5mEaala81f.pemWeaNr4ZIR6uF
2008/08/26 23:29:54.724845     Iz.ZSz8CZQDPLL83GFtVuD97yzYm2gr2oRStNYoG6JG
1991/02/05 19:14:00     cUoHyoGWCu qE5UAmh40LFQXpPnjLK50bMMsP6JcgaG8ZxfwYAK3Z5e19N7DiNJah8xq41vYtLFBvV0G5um940QF0tGqXnNNkg
1998/12/23 03:42:15     b200EAfOuVS8leCJEPxiFX14zUSLfmR746DtBUoWnaFlvI1GTtgxzWoKZlL59D
2021/08/23 15:54:37.167594 BluZDmjXuwA3suScIq9hLpvPV
2001/03/03 23:03:34  IZjoRwrMFU5lTyJtZXio9bknEkeKrmHSL9kaEHMNehlVewtcm
Sat Jul 04 16:30:20    9W6EC3rrVyuvkxmnfup1lKTS3l
Sun Nov 03 09:09:15     diPrReUEgEvm5qFJWGNcbnk6nY8vX1daDfGRIuNNEH6CDkZXXQX6eSRfUsnKniG9aavJaPdNvx0 ooQrCyKqkkk
Thu Jul 06 21:37:37    8X0hc HQv yYqZvCk.fvELzoE5DKcrEe1TLdLkpuFcdj.sefVHgYWyv5bym3zeebV
1991/02/27 19:35:07     tPqc2QxvkaNMHmlfKPM0R49VqMBRD 4U9XZ oXfr49DczA
2011/06/02 05:35:30.442649    JS 5EtDAn4iS0NYCxB0pjlDN6.As5UD cNN0e9XScK5zN0CqztXC6ux
Tue Oct 09 04:03:03  gZCU3NpKi5t1cn6U0YrkZAjtstiQFCVyBvpicnV
1994/10/19 12:58:04.159184   tth7qr.umGlVtMKzL.C D0TX
Fri Jan 25 14:00:54 yS2dk7punHYwk40luF6t.yp7BVE95nRZeI8
2009/04/08 16:37:54     aY9OnrgRWw8qtuJCH0Td ltjSgFrmW81aQxjt2kFe0mfamKaMFwyf7biAW0MXDfFwqJzx8QFMd8a xlL1qKQhQv1XZeklTMk
Tue Jul 16 11:53:08  JjjUFXUJE QyOBO2PpZIeBjKWVwIi rU4dTQ32vZn0Q6Wb3sA0RVqQ 2KR 
2014/09/18 01:21:42.358662     2I6gyS4PC0o0QXg0mFKmLfu7js9oxWG9333JKQxlmBJEx9kN5ZkcrftWi1oVeP1lUfxfuW6XHc.Aot7T78U8kmNsD
2020/11/22 21:55:36.205055      IROtsC44.F7D3Q5
1995/09/12 23:53:41 XrxbUHaDuGIBk0KVdls5QBTd3cTIzH2nU4bNTRTu9ZtNK8Lbl78Zfh66trApS
2010/08/23 01:32:10     ahwfuZYVMm
2018/01/05 20:07:03.749326     CZNecRVSIXxDpN7bxfjZ8dvRFRpr 3TTfGMy
1996/04/27 17:27:08.546338  6 G7GZF2 faGqLX.hG6BkbpwL5QtSSwf
2022/09/13 07:39:48  xElYWSK5HzzXNZa8D5v
Thu Oct 15 20:10:54  oTvC1MUCOwc0Cuu7bOpNE0TCCcD6URLLlBTnS8kkoXevnDDBrNCHZnbkWS
2021/01/19 14:07:51     cadO3uKjPN.EEAsDGS8AJkYkGd7MIQj3RT
Mon Jan 23 23:52:07   EIRaUm 1ZlR9nRPQzn1w5PDarp751x7rI3fXJk7ftkkWPW1OiEfGjdzew6HeJeEcNsYuTJ.XCeJib9rrZdtP7yJHqXuJqJ4nVx2Q
1991/05/23 22:20:29.254791 c7JUEWQcsQtQhIfM8od
2007/12/28 04:56:02     rZ8MutzErRQsGEvWtKepfVDxhVMS.Dz6Wu1kH  N6k.cVkNs.L8B6Gak5VlRFyVjhqvxZKiCrH85LS
Fri Nov 18 04:01:02 ZNBY.vlyFOuKPuevPppfBI8cb3uJf. MQUrUfOLzzJ FLRNZYJiJpT1JOFH1WqLQ zPquIJ33BsYrb
Fri Apr 23 17:33:54  uMoaJvD2YszQmqtcgkbi0 xhESIX6aybVB1Pm1
Tue Nov 23 04:33:54    MFTarhN8bdAG3HdMZ AEOzkEn8UgtI2SqvsmqDza0lshKSw
1996/11/26 08:23:37.416104    7ReurIiTR2G6y6y8Nndvgzha6CWsapLeQ0fbN1DvNk bGi2HQdWgaWDT7mbweUUSHN8GL9TPv0
2011/06/18 17:06:01.885071   DuecH9rn70G2U hvbEbAmuC
Sat Oct 18 13:42:42  N0NZSlwSJCz
2010/02/24 18:51:24.950207 PkFQxBR cwRz kwG
2005/07/06 12:25:59 9b8 bBUEuN5u709Q27NfWC9B1tlmhnZnTT7RAGw4xrUNpK4Nxc9cjS0.VbtvA
Sun Jul 10 19:06:37 WTRSZPc4Jy
2019/04/15 18:28:41.584598 ujsBLBzKsA9M7C4lJQDQ
2010/03/07 02:22:45   Sv7lA1.QOcyoGjiHE8tKXEhJUYt6D2GKwMrSbSQqgBKSci10M7
Sun Jan 19 22:50:20  UDYDMmC7rCLks6cxs4689ajjMmzqyr4cNZ825fl4iCzNKAb
Tue Apr 03 19:09:55     PBkEPC0RqtgZus
Mon May 18 01:47:45  2rKJCVkrk8W7gMsMfc 8rC7z07Yot1yoOjD0h76
Wed Oct 19 22:47:35  I ZByUeFhSvPNwCYf tsiV34YRW1sUPpAXKjLMf8wAL5NGEtjdxvH.f0ZKR41e.HmCNdQzwpXPl4Jto53063btOI
Tue Aug 24 20:32:37    MDctuHGg67GaQI0nO
2021/04/12 12:36:02.140336     4nNGlVL8XmfV5sOQ7VFBlAHDlTlILOyngmT0qbDu16Ws5H2FGa7Oyk1rTAgLA.PvoJ7rmhR7TXDBvpbyxqnJyEy43NhuREB7
Fri Jul 12 14:31:00    flh5wcF702tPTv
2011/10/20 07:18:25.287020   M1ihFjxCb eTIq4NRGGE2xSKKSesdWFVLPOhstO7g
Wed Sep 17 14:39:08     GlaTSHbwEfROSvzL2VU4LXVAswf
2006/08/05 15:36:37.138917  y2tJxcNbEwhzCEgUkLiFlpsJXzmHLKexY8XNVED7I2JFIBapHi10
Thu Jun 19 02:25:55     o5kMmmlaJ8uM4yIMXaz.ssfSuO2.kFFQ0n.c6ipw26d9ZgBtByVlvEv0NhOHOBlAOqWTveZxb
Thu Nov 10 11:40:00   rr3PaMXtiRwLl719KqYUM1DVVeOTJDchxV2.L2un04IUlEsPvQY1KqttD0Tgxf
2003/01/23 03:30:08.9399   02x.cQRo8CgmXP8C29BQC65zEbOA
Sun Mar 21 07:16:48   RPnQNHnQjB1pljWkA0M3VoAOC6 UBofb1utsgp2j9ywUhB0lZvq4.qau8C SM7DPW
2006/11/15 02:23:06.326244  qao2Cj4Ftrf4mTfgaAA1mRzrqHDol.mbbmqor4Kw2PJ m zkogP lMI7nAaWXc6yocU
Wed May 13 04:31:11 xzZjVgzmX.oN.cGzX1jBregjkkH6jFaUj9p5eP84CoxMWJ
Wed Apr 12 21:37:36 fmfTkymWyP Hc5eJzaM2x6XIZ9 eTiKRqS4gB0PJCU4MUGbcBrkECET5kUv9mO
Sun Nov 03 01:40:57   tFyahTLZKvB9NSEy73
Sat Jan 06 02:26:37   LgY1jUPniZwctZUpnMejAOwSW5ok7K4o4qO8sR9d3va 2FtYQOGMO9NASrVqH JDyImWFgGeG0dl4rl3r2MArp
Mon Sep 03 06:14:41  SQGUPSxWooTZ9rkkwWl.irdTKeckeCcmurnUqBGLez4ExxG3MkiJrHzMqNl9a7ZLBj.VSc5g
Fri May 21 00:35:46  EoUKzrpLZCxp2hih2YLRn5db0WRU.dfL6tzhShMTRyJAFmdvH4d
2014/01/12 14:23:07.316846 hwsHmfeB7z7qgJWopNWDn Yx.OGmzR8j0xF.mVIPcL
Sat Aug 18 08:50:48     fWIZDsQ5qU.RQWJXdJxq9Bvfw6j7.aFTafO036of9i0r3TmPaY1LKzFqH05dCH1a1X9RLBcg0XMeQga2S8fcBZjhJ4WdrujdbV2
Sun Jul 17 06:59:39   ydndW4jnAwYcspw3XRcEcqrizf0HEzpWiOy9o3QsnFkmRc3iB MHVak4l1IeD9ymQM
Wed Jun 03 21:56:17      n9r.PioQmg7mpdpIx3O.fRlT1pLWGZHz8WMfH8ylJrxZWwv9r.RZ9lGrlh7 qd169Bb8R
Tue Jan 10 06:47:35     UlrV3HWyAtOiWSb8ub45S60WktmbBysQaJG48JUsU2i8hRovh7PrrGqhWbZsBza1vUp9zJ6E0L2q7RI48imCdZ
2000/03/09 06:17:32   c0Cg1qZQGyqs. bMpNX7tZQN
1993/06/13 03:18:28     gG6gAsR8cd1DhqD4ercZj1eE0somQBo987s75yGHaT2GyLs6fbW9G5MB.RklNc63
Thu Jan 01 00:28:13 dxv2L5l KmpNvmD99wsdq0ZR9kkOpLKzsBe7jb116Nd6AS1eycuZfB8
Wed Feb 21 12:30:58  Ozjb0sqQ3KWXCm 6pfgSODxdTuqXphwXXZfagLjIlXInXfZW.mjuZt4P67AheggCXVXTMqjyJ60PNUOwf F0U8REHz3S1VE
Mon Feb 05 18:36:51    zpQZcA90mZBw9AaQku5wFDftdjVgSD9TB vzAGEbGzvn8deFZf0LmzDPqjIUl1IxR9gbDOW
2002/02/09 03:50:01   cL4u mzfvx2kbj0tvwqd00elxvv4f3JzYbvo4Gc0kdxpyq0W
2006/11/17 02:18:18 ICU 8X9lno83uCSICYFrRE  070QxEEST7b1Unl3Vn7w0OUPNJ 
2010/11/02 02:49:47  vwZlkBof.lTvinz7B3goMei2Q6.jJgsW8jqWnwLsV1VyVDxailRA7o
2013/02/01 20:39:48  0wiBsGtqh9emdguUMO8IR4nbt830g X3E0DjIBfufnSwLj.QcdmWVqUOT4HD.9SUpc10ybVxuc4bTr3Gg72nQ.Vcq
2012/06/10 08:23:29    jYvBvf4DJtKKst.RnS4CM7sAH9bgllvLtbFTxbIeaHi8ssAIl60pwy7MkrnpOwtQRJZy2HS.CSFnT1pW.8yQZMpj92L
2014/05/22 15:19:42     exJo76UoNn061OiDBSgqsEicGqvmEcRc9XWhdYORlWR7ks wvjTbRI44LR3jMNUk4QclqiO7teYW GLa84EUjOBcHSeluPQdRKqc
Sat Mar 11 18:28:03 TjpW9NWLDOy PB7nPAynLy3zhM.1MwxNyYAIO SbLt9Org7cYFO3aO28dm6 mObRWbNMb07Arm8hIOiHFqfsY QGTGdurVNuASZq
2000/02/19 18:28:09.249883   5KiU4fosNE8KW8e9 fyf8NXfnpUJH0rjQOjSf8pr1a42oYDVTacFv
1994/03/17 09:32:52  OueMHeF.hMPe7.09JsjG.K.sFzCYEzoefLctD7R5Wk4R0lI.NfmiE5fI1Zev6eyZPj36UPASI.H4hSj5U28ne0ywfAm
Sat Sep 02 16:43:08    I1EfwSmikbJbjisukt0FQRiLTVLZfocJpn.I6spxVaGM51JeQY67h3ii9Tvr2px.A8LGlQVBR6E7pmCBgmFNaxM
1993/08/23 03:27:48.866512  tIUyDr0wpWn.eq KP7NTBF.mXhkouxMZA.S1FTxyTUqo
Wed Jun 19 12:16:08     BKT917FQG0bjBy
1992/10/19 07:42:24.720358 zHuzQlMZgU5oOcTUNkkzzEB.QIWUS9B
Thu Oct 24 04:59:06    .cHJbsswEdLdUsSZSkTMVIaW4EzMnNaKuUJIXnBbDwGW
1993/01/09 23:38:11.947002   syNCunfzErm3D3yrUhFMKFsr2AO94x2fJY8
Sun Feb 12 19:46:02 ghyxUeZoFEB00fO4ijDL7xOynqlklRChZIrJvr2qnC7ZY9f3wxt9bLHE2y7ghSfhbeGRn3qw0PG2sJ7t4DNDX
1996/04/07 12:37:48  djf.AjiqG0d4iIC6VM7lQS VYX aUjhTQO3UQ2IlscI2fmXWSnmErRgUkoqqIC46MDGdB7SxT.U69Bga
2007/08/01 14:22:56.658765     0hA4.nqkx1tiMtUabazI0Ke2Tnq4pDwvdCKCzcMWrq2Si1FL4iD8t2P4jP0Uym7EIPqWzjsxS
2004/08/03 13:38:29     uesAvIOQAdGyM.ghQD0qXoyXafbZms
2004/10/18 21:57:49.812181     jJdteCQvAVDoeYHNNpvo4dcqpVGiNBAeBTYlkHMjwmO8aPCGXdbA9xeaI9Dp1KkpzEEdMzQ
Wed May 11 23:34:26    641ZKCrs6v6VhZCqJ344Uk6EENFLgzMdcX8rfUUpnlNOHIqik3KFYkASlMO5fy6W9cgliG ev
Wed Jul 26 23:56:41   nE0kE8XSfMChQZ5bc0zJn5slg4W.min o5QIc3MKqXJgP5aG7rg7bTB85BfsBOgz4zucIYRe57txl5lZiCgcnoCYBjore5i
Fri Feb 26 17:53:24   2eQDrvDTSfyfQrFN0 lkrlTkT8Ghpq6b614ALLIsMmXh8hegFCntzpSSs8OlvEkeLeepsJhOzJANH
Mon May 13 14:46:27    XtKhBZ1HF2EKgbRyhA6lfmqmFaa0vFuGmJRbHcbM62s.4eGZ4rTLoRZuY1hnda1J3.T02L. m8ivytXd2lJfLPKnmLqh4eqb
Sun Feb 06 09:36:24    hembbsLneODWr9.vuDYbUJ9TzWe6u2Rq6b6lw8w
Thu Jul 03 04:21:28    sF 31JF.hf9uR.mNxq85mdLdtgPHrtpXUVNctL9OW9O.a9f8Uy8mGaEWX5eYyfgKKJtutrs8EuHz
2019/06/07 09:17:47  NCHwn uppeHjUTt5QXYUrHXGbT9pdALSpnJ2cxOjbWd2D
Sat Nov 23 09:20:36 2aAD8AcwsfxUDjjkRAWtHSPms9Vfn1KWGpNbEsKJkaImLS peUCY
Tue Oct 12 17:42:10    XdwpQQSg40S.C6VjNoaEVvz
Sat Jul 16 05:37:15    w19K8oWu4jMFS86x3wsdJ2VV1E77ujvWgp.LjtjNOOSJcCOi0Dk4ikhrrun24.Wb8XHN9 .QwL
2017/05/03 21:19:04     orlXYH8b.jj1UexGT
2005/08/02 05:21:01     1C5nFJnHZmlgDL4qVa19DM
Wed Jul 01 19:22:11    rzsjeg5hNv
Mon May 20 01:21:49    exN2pNOPnPcK4LIJv3ylkA8u7LDMGbTJl6j3UujX7OD9J3M
1997/02/09 21:58:11.625841     Zwy6qJ.Z0vkiOTpRin7rW8qjwPx0DLr9PpaQMK7Yj7mN6Dj cMtf.SK0yjlPd64DNzA8yFg6lkS6ov5RCUeKT MW5JD.rykxwab
Tue Mar 09 22:06:57     mkOp7Fw0zDDHj67qNeyjxloVT6ggqlpfcEb29b9qNjpC7SJAKRhGwio6hOuW1YcJ55uM9qLkaFGPBop0iXiIlAnS1AyOeBv6AJUj
1998/08/05 21:54:10   3C4EgFUXvmwVeoYC204rwtQv
Tue Mar 12 06:51:23 OxMNvui.Kg
Mon May 27 03:48:12 XhvIz8xTWQKfJ1qwPOSYs9oPbSU9n6gfVOVo9VAL4ww2Z
1993/01/25 22:25:40.516990     7vj nWT3kC2SkxG5q5luIqiSWlRjlm BnyVGH30xvDVt9fzCi9tkC6.REgkjIxX
Wed Oct 22 15:51:47 lZkmSgBF.QFIBtA8M9URlAw82ulk03YdFeyKo kIyprb0SnRwCwVpmFR4LngyY6MfN.NskKI5IDLbKqb7ZH.ZDuZppPWLjHL2
Mon Mar 08 15:27:07    .g7aOEEXKEkmJCUt7BfdVCU4J1xKBe3VPOXf
Fri Sep 23 20:21:44 bSkoK5SNqU21x2x0pqmeqiUjhwRGuecZNEnN3
Fri Jun 02 16:03:24  ZESSYzwzVLBnRJ
2006/04/06 22:43:17.390611   rsatwl4hWJLe qynRdi6ZGKgClpus3xID80lo3YZAItFXiDAjeFT1L1RsGtLKhtpPw0AFa6EKAXu.OtVr0tU5..2t WlWQmEq4fb
Fri Apr 06 13:37:16     5PUX8yQCFfXvmBJUJnuPJM
Wed Aug 15 00:54:54   kssggX6syGuSira9KhwpRyFaLhUsG
1996/01/26 03:29:47.82241   Gwxmla98470g8lmY80kXILzo6cXjOjUPTLaHYQd4ztp
2003/03/27 09:23:59.557943    piohgN.NOMorVlzsZ1kdsC4b
Sat Jul 14 16:40:07    Gfaf6aZGxDRVeUXl76ItIQ9YaSr5wgPrLoAGqMzrRQnGXG0tyEyXLF30Tp6
2003/04/14 16:57:11    wyiMycC1dR3PTvlehiz
2022/03/12 15:08:43   b4HAwSKWSqMwnvvQKqKb0O3LL6iobvjNrkex0R US7PoZmo0uQQFYhFxSYTd
Wed Apr 14 17:36:30     22wNkEyXmC
Tue Jun 25 17:45:11    tvvPPjBvkjKbeAdGLN0qnqP
Sun Nov 17 11:13:55    WkE8YtZ9Ra7axc7u5EH
Fri Jun 10 09:18:43    q9xAVC3GFvbVKvJK4qGdZSwJc5W85dXHGoXXA3rIg
2012/01/09 08:40:59    G9pVJAsr5gO3s6jN1l6KpgmTgUXsiipyFJU
1997/01/26 20:02:43.119102  bVH Ucmn0FJsyi3me0UYc9.CxevPVdEm98Usx7Fx
2002/07/22 17:04:12.938073   R3Xk8RzvFJSh6X2WXu89m9gut6ORe VvMyzGWL.iACDOYqqLVQAqHKziR.Qebgb5o8DgTAr.KsaUlH.U I4k.wOu
1995/09/03 18:54:06.857572    pE08o3Tv3qqIWAeamWHgQzYrXy2cEyzhhviQRn4NST7FG qLe9uvg0Fh1zc91qBog08COpFFr48YcuiEvvoJNCv3s
2001/11/23 17:43:28.610774 t.wF0t7TMdYepYaryCBVaRwjilvUoGt59JwMyJFz42QJy1S7sKgRhPU
1990/05/13 10:22:11.516245    zHvtr1KrlUExD6JIFnJEs5fomQ04Mqe50q4EF.IezH0jbusEg6lVFg4qs52JPRExhv9LW2oCJ3Z.xND4F0LCsYBvfNWpR4LEwnD
Fri Jun 26 22:05:25  HXpROWQgoKXnB.K62mvvZkpVhknmvUzXEFVeHd9TbMWvivKDhkI6eooe51Kt
1998/11/10 14:21:18.302097   I7xOs7owatW0wzj39REKnsgbZLAJ5j.KyzIbeEzsncQ
Fri Mar 16 23:01:42    af9DnNHPuj
Fri May 28 18:05:08     ECBknwnvdgSi4Dn2ALcAhKV
Sat Apr 09 12:07:32     GiQD3Eg2gMl5e1p 
Sun Dec 13 08:02:43  .QVqUwIe9aL.1IamBYc6kj4dLzO9mt5nnM8iVIITfjk.KR 7ate9wKyYNtsGuyG4iQIUZLh
Sat Mar 06 19:31:03   Y4OEO.eEIs6WSZfBrTnP30ZtFvllEOUpPP1ef
Tue Aug 05 17:38:37 jEXefnk0eMcu
1996/07/19 11:10:31 MVQ8rpZGhtKTkq8JJ KbSKdz.SZV1x0I68UqNjunCC1fJW0ur2p85kal77c7
2018/06/09 16:43:15     T81lSG5OsmGBj MunR36VSUvTp.N5Qt e .B
Sat Nov 12 01:47:05   A9U3Po2eFrdeoSZqi7j8yJTvwPvcVyhgc9pqzfUGgRWviaJDxlB0r8Ehbi8fVGE0QHRaQQvzNkG524xOhqCdyQVhwfI
Sat Nov 13 11:28:10   T4QIHY2kh baRmwiOmb92JIlTNMd9nL nwg3WjDXjoOiZt.z47W4raXQRwuE.qDMFaj8ISiVcJgMRu1
Wed Oct 03 07:31:55   FbZL7nKSmnharYZn2hRtffv7Ix2IbvqyzXn7RVmRX.OcW2UBH GB.7Y4LJ XDnavSQRbQKwp2zYfjLwY8LkhDDe
Tue Feb 20 14:47:57  ExBT XgXSq6zZOR.07pXMTkzE DqFcARnA
1995/11/23 21:02:58   5Zhdmm68.iQfqQsKuh8N5TVDR
2005/10/27 15:06:58.870235  f0Oo9eUDpuMlC9jb8kDzSl5LCmXD.UjCz9phsUz1y79jARfEszELWlD GmWg2SCW3NY2PWH6aT18iLS 
2001/04/17 12:37:58.106242   qHyImjEdiK2iswuvLrEcVQbMHDHnfNnqRq qQcNGB8IJK r9bSpmwcapuBmBBwE6Tfw3JXhs9JTTLkm6a2Y
2000/03/02 01:56:15   2fwB.iVUHs30Je9PlE5lWmU0SdwbcEbgxWAwnJNkSaHnXFJyBxMqQtmNaZ53uScb61fJIkCBa Fty4pxkgHi0gP
Sat Apr 15 11:22:51  KPi162O0AgrI.zzReVtoO.SY824DZnlBv3G6SChKKpdS0RonfkdfIAkwR
1992/05/22 19:50:32.833782    qhV6SnhIlG7TZU4WaLEWqB09fhNhSsIin iDfUAemX4aK0mK4chpFagU
Tue Oct 12 09:14:56 aqsfW1qTiZO8PzmSV4U.nxglIkzBGnc2yMeu75u2SZITjCTeWjAZjIaA0uaBgpcV fPq2U7yB0OW66DLcINcX2s
2003/06/22 04:00:27     FjGmvo YhGeFZ54GpROsL26Vx5IFdrk HHYl8ULdBO5hFXwRGiGIep4snFBrAREtCsQm ZMDdTsoc1iRyDN4Hq3xg1W6BxFjA
2012/12/22 19:42:38   bMnq46XKnxs4vTJ6.vaspneujy4yywRvxKIvKq1RWE9o9fSW5QvT7BHtWVVNA7vMWNA7UiXIZuSlbsJkXWs.Xj3
Tue Jun 13 18:29:33     kq.F5W. .lMZuGCi0.9Di8. Oo7kn3mNQE8WsWFVad2KMFV
Mon Feb 02 12:56:26     NWp3O3G2JXywXSGoaaRl.sMW0Vy8FIMzBM5X6x3BooqNRiDJ0TosvEWsXpZMVzqCAlSDYzmHVxhJ9
1990/04/07 20:41:20    TC81tlc6iGRmmCjBHbbh6WboYMywcoH.hGR9NCVPZfGKg1XLhXZupYg6oPDwh8LqibP1BbjcE wBrZQ55OO70L 
Thu Jan 26 02:06:34 3wmYlN9.l4WebTIJplbmmphBt1fPZVEzoI.Les.Nq0EleEzRan6JAEDOJFGpMi6b0etTBN3PmOzOivlcwqyKge7vW4WXrA
Wed Jan 13 12:42:18    jAegIvtyhbnepRi2vnwN6bdL6k9lzkzRd85ydrV2ELvb3aF
Sun Jul 18 20:05:55    LCG.b3xxPD
2013/06/25 18:58:05    zSnVTrlJt2eiBFctAIkX.oC6Z4BjLLAPPZLaPryomvyH251OADEfwsCt3izgz6XiyHtj9R6HpzrxZ7J
Tue Oct 21 05:06:55 amImLiEvSAOMO8iosBxjyhIGzfHLY3qxfxB4Qml8g8ldhuLj.mfmeH.3dNDR1
1996/06/16 22:51:08 FQht0neZdThF8C9K 8grIipuu6KRYsUVopBh3JXOvrrpmKktVkzRyTSydC7iYcf7 W70syMM27zURa9Tr6VTCZH9Lig5
1996/07/18 01:37:43.559272  IaAVB7Goh9u9ccLjyRaYsWioa.NlQFXGn3KC8ht2L.xhJA2wnAZ7cMze7tMmVwM0QhIf2ou5XIi0lCcTLy3UAwxj t2jvdvcGKN
Wed Apr 28 04:51:18   goA.izp37oYy0P fFQrAhLbZRXbpvP6C.JIx37y6MN72WtjLpMWnjZA1HUrOAj
1994/06/16 20:57:49.93210     n he Xs1wi3H.aMh.fBoyy3 4Bg07lrI4vI0AKjDwoHHUCFSOpZo3CeYWkyqhe7ylbkd3QKGNFtlUoCdAwwzYuzsopNR4T
Sat Apr 14 12:04:48    Pvaw5SYeAQvYJZN
Mon Nov 16 21:49:56     zT8Yd2dsdpoDQ934oD X B4qqhIdzBgo5aX3fyowE4C4WeSazg1v0DXv6hZLz5nd.qjvANYinfv1MO8ZW6T
Tue Jul 16 03:27:13 DNB45jNVJYwufitP
Sat Dec 01 06:54:35   soApNjHEliFsn.
Tue Aug 27 12:21:18    mRZkJjibuox2EKfeOY4 tjbiNEIl vtbc81f.th7sjNoWVYIuDATEcSxl3i1zELxbRm
2001/09/08 12:15:11.99011  7EOHicoDRrFTG5d5ruhNF7Q.Wjbp.1U9EAuhm2c0lX..k8M46AcLA1hY0jU1I6dD1x g1BRqUSKNeUKK5T3o MQMa.xlgy
Thu Apr 16 11:02:05   eb9vj9wm WS6bqDiMM1Muwo.p3UnsMJCz4C9vLeql8eAvrdZJoKDUcCqnZPpycKrfy0Yh.y
1996/11/07 01:41:29.456   7prG5vppxp
2003/12/05 05:35:05.413848    Ntsy9 qkWahPnHtyhg8Jk zwg0lbniVW.S2aq.
Wed Nov 05 00:33:28    Y4RRtB bUe2i1vO5LQMSXTtpHS03R 8kcmZEMnVd4pJa5mhLsE7F xZXCt4gRT5YhWlfmWo
2011/04/12 17:53:57.423902    rezrelT8q7AenUl7eRTi.cYziKAC9cCF7m7S
Sat Sep 27 16:24:35 qYDqOpynsNMnHFM5D0Fu4pFALvFz526yWdbevxnvDikvWZFb5qD aJqY.vq.jzjZzIt2fSVD9T0urFwBspTCUz.QLUv63DCVZZ
Sat Jan 20 12:09:38    jiC9IkHPVyH2YDw hL5o9fGuv9k1pauxOdHM0esR2
Sat Jul 21 11:42:51   VnqRPlTieX3WagyL2JXZ8FL9.AtML.Lhva8xxzDB9b
2015/02/09 04:13:56     iFtXTz8lpS1Gm1qwEbQ2AQExuh Ei2RhxxmLPUlVCGv5KeihvspSE3ci7OcDW9g5i4cTz5 JAF8ClLqhdsOVK
Wed May 15 11:08:29    PfWHu rFAC56bdEnhR3O5SPVIkQskJ6F15f6CqWOm5x95vCq1rPIrKR1dY9eo qNj1AUIN poY0iGTmGoG9qfuGZEusuSa
Fri Mar 21 19:25:32  ipRAk.B8NGFkT7cVaAKMX2V9lPnIWCfdjRZBx3gUG7diIEt70xsKT1BQpIAb85VeVk46dx0xpVd0hvj8H 4Zcq8coa7WgrU05
Fri Feb 19 15:33:58    MaLfWw60Oh4lVgXB6m9wC34LvdHHzgndF5fhV8KTMldjHyAElr8ACHdV02XN oQq
Wed Jan 09 08:51:03    IzuRe4fapWHyrwjqvMVhJu6qGNU7Pn ARHXCNj1m5I8yogKkMDGcnwSD4AVv Bhul4fXYKHPp nfempYoJn4Aov4iCSZJgU
Fri Apr 15 14:06:47  bumSdbbHa6NyxiV3U2Lxfbzo.8ZSLCknnnLKX3gw88lU8xWUrNT4n8BFdPtiVKwufogFCiXOiQNdlJxIvEFDHPwI1P
Mon Mar 19 19:11:21    d9KPLjgQCFlUxmz55SEWLpg1IIJVtCa8AoP
Sat Apr 06 06:47:36      R1phmYtOrNMb3lFFF.GNQH1S8gJJQ3Kq
2022/04/06 00:18:30.881009     fZc5UXFeX.gnb4xi6PgkwKt.A3okeuLVLv6q9TRzDrVXbmL.M830HZs8qmv
Sat Nov 12 06:01:21 XBusSRpnlZbZd13
Sat Sep 23 07:46:17  ibowfEG5MrW8OoVAoEVBP2XuMykGy.3nVIeLlgeQOu6ZIPHt8pOdjA6kqrCYPC
Wed Oct 25 13:59:00  6J.rB5liIt.honN3tTEsqWXQ snz3USsV3oV4pyBc71NQODKOWJUPV
2014/09/22 19:29:55.856559 IRLJ5jTT23 WzCGQLbKn.YMIRLBZqWErHURcp774xAfreeHlghCd936CTwkFLN4T06nQcGL5GuLxqJCnn8xI1m1yE99gfbpU
2013/07/03 14:54:04.86015     RKfL6fJ96oNe7 
2014/08/26 14:48:08 zRLe8yYyQd
Wed Jun 24 05:07:18   xmtPez3xcTEKZRvmqTZtU
Tue Aug 10 06:07:28     GJJNK5FW0zlENOrw3K9.aC2qVsI29 63Yh R4Ib21sHNYmeZgsaeqPYrYEomKXyVuTNSGhDucVmJ4Uds
Sun Nov 14 13:06:02 Ok9ULgqSyjhc7PE7Svk.XWEIWqzMt.TzUMSwQrRtZuYbKeTIqBOvVQzspB8VhFNFpAke9mSvNFKAT9AZ9KpSFhEwGWca
2017/11/23 05:35:49.633482   t9Ax4duQgvbO Gx.nsFtouGqiDp5VGuvn3rl67CgjikM7HTylh4Dhbx.z2bSNvCTD4Ut7M0cFdD9SgqLo8E
1992/02/01 11:26:59.233728     v h Sr1c5QnrGyZTsFGb3E3dh4KHLftq.sw1pPM2CRKINZng.tRTm3sXLMXIhSvrGEtgNLGTxK7 8xFH
Thu Mar 07 05:22:24   ise9JTlSysPXRbmJ7nMTrdGfK9ofxrGQnBIOzWl7DN4aGA1iuMkame9onB6h2j QVN
2005/02/10 10:50:51.833664  1DSa2dyzzcF2mSt 3NkFhERF1k
Mon Jan 16 06:12:12    Ivx2xS6AY7HSz0BJnKoavh5n1J2altuwWQJCEEH7JA.pk9AM58dXPeJnTQwFbYyRb9AThYm
Tue Aug 15 16:16:26 O8KVtdkZZTbQFi11HIJFCg.IVGZzzlc4tjK2M681BNz8SBQrUyISCGykCZyhQBn6YB
2020/01/03 00:17:57.84889  SiUwRmywZ2W.ihlBrSorTOy7b5WYYDmlzJiEXvZ13tOWEWB 1UHp.
1993/12/12 07:21:57.291930 FtbsDqu4nsudcnWzihN ME7YwUme9nryhXMpvDXORLoIX0vtQfJAtdb129c0aURrcp2LQl
Sat Jun 13 03:02:10    AYpVENKiNYlJNZbOIifC6lKxkI7p8s0odNBN8aYxwF4RSxk3vG8odLSn3oSRJK6OQUsZ2vm NcJ1wasG
1991/04/05 10:54:52     OB1gmmLudAy5ZIf2mHxn3W1Wa1tsjtiUfac4b2kq6H.h5qCsZut7Eh9wPFU7aFMYafxu
Wed May 21 22:12:12  7svFjL870hk0v1Mc4.kKPLoi iuyWe8ro8WZb9nVssWt
Sun Jun 14 12:23:49   SjSC.Ack Jee.JPCI8TmvPE5WCOuzBm6JJJhFgm0Yi5QMFR9zxY95kita 5hxVduwXX15zSCegZG
2018/11/27 08:12:13.285990   q70La Qra7BEiJyuF.N28sDuRuoE1f2UKrqOoxPKF51gsIE4H32tB
1997/07/18 15:43:04     6eboyXiRjvwsGKKpAVYYKUTkgb4NZCcZ6tVZvRyhYib4GzCpx9nFjtIrOR3xq05ERTKruPNa1x
1992/07/21 14:40:00.603972    adas9U.p144ZPBiGtBhDBL bXF5wRdJLoyTksQWwHrz74vDnYK8w6EzoOzH4sWwA4BA7tpqOKHQOdApkl6qQD0gwITWfoG W
1997/01/24 03:23:49 PAyzbRwa 5oUoTUI
2007/12/27 07:06:23.91485   k4FBSqJ8jfGmvIHobSb1RU3lpiWGFLwamK369FP80sIT0n5wvXCWgrZCWrgsaV9YOkvsUsAMCvYB8O.WLi0Ft
1994/04/08 22:39:44  3CkqrSJTbTlz0QP9 daLnPLSbdSwK 1s3d7j50mPPKK4isfY01VU38jw3tGV1EN19gKpa9y
Fri Apr 16 07:01:11     PSBDv6McSwVa..bpZHVLuZ
Wed Dec 09 15:56:55     0SA cj41 c0kBoAAwQVibJyHikFvOV5
Wed Jan 08 11:26:39  VZTAvc.aI9Tj7vsOjzKOw2fRUN71odlw3d9iAA9xjdql76ySJe35qxlZDbSmPIIFFPmaqMBErKL7VP
Thu Mar 13 23:50:59   qsmHSDrlDymM1HF2LPJ6oakfrZo07b2qbplUMfSkLjEYD0gOvNarlFTjIHXn8S2A9T.P
1996/08/27 13:09:35.319086   U8mgQk8NucFZR0LiQ4Uy1LJm3O5MPToTxLX66is9EfNtI7YHX8xLyd5xXFQCIu0fPS6lZv7lNaLYLPG1QbdCPk
Sun Sep 04 04:49:21      ZVvaavw7dI
2016/01/13 05:33:22.15261    5846ggN jFlcimCGO3n3tvgWxncqMwWNQnqgqUljDCuilfwfGms0wbQDQdk
2008/08/01 12:45:17  73T02aX6QxN.TvaO5wSYEWBA6R6m1h AsuTtEo64jAh4qyT
2007/11/07 03:32:14.787501 dGulohgoYLq419p2OdTRJkTws9CzKbUzG9EVX43ZA3VckA E3cQy.UPL7FUzREeJJhA0o1kP6cmwNKuRfxxjhXXI8J
2003/12/13 15:40:34.956430   Wnbop0Zw8BHRu5Fkwzq7GeJbSqZvZuKh7W n7AXPgxlwoM0BvBtYDqn1ny
2016/08/14 09:04:42.126827   3fViwzWhGPHAgVo W7iCTfb7Nx AJB.lVcRm 
1992/08/07 05:44:29  o3RJwehKfPM64TJnlFQi I oa2Vl.y8NvDvY0vyia6RvO4KIw3G8GWWYcr70IwR3ImP2bi3Qo6Nwna
2003/04/20 18:30:59 SpK2AWHcCPCUT1cby
Wed Feb 23 02:28:26  El1scVrQlv 5kthE4m5JDIMe8ngk9NGqgRKVXBproCOQV6EDph 53B.9gRcQA PVw6 z2Z5jbjOh
1992/12/24 10:16:37   7CwW6ndNa4T7BVYwYt4K8Ew7hAmOlFYILXH9nVLs7HjV3.OPeMkt0yC0eWnnLvww7dkFsEDSLi9B6oJb
2011/05/21 18:05:10.911482    79U jnYxYVVbaQdgz5BWNHIVEIwVgafOSBh 1ZOoU6GuyKwtytdufcQ4 IpX30WfaOTH.9JwxJyc rW
2022/12/22 09:15:10   Wj9eAXK2D7pza 8xMWysqwaeLy3L3.jMBMg8HJGkJGMiZ6HQoLSIs5gM2MG2.C7zp4r Ya4F.pkCpNKicuSBwj
2001/02/13 10:04:38.639529     0LbTVQMmHlE.e3r6YkfupBulcDFTUZcLBgunad8W9 LUU
2020/05/02 20:26:25    rDXrWZW8tW7X1w0QfqoKj3LBNe58i7Q.nkM 
Wed Feb 04 05:45:08 uH00SFZ9hhpsz6OtsAZ5HTRlNYLjisetJBGFF6 Nz7sElgwGRFYpzBIxtAJttdW0760tU nLLJZaVjnLAqfNdNgQgf4xnEM4ks
2009/04/26 03:42:48   7TuyzGzbjTM6kylN4
Thu May 03 06:40:47  JYUmDcyY24Dt8MTjc V
2014/11/15 16:21:26   yl5Xo47Q2Y
1997/12/16 11:40:06.384520   xWlo6zt.8FHH
2000/01/14 08:49:53    7v2JN.Idw3fByTYYUdWxZ3m21lSdqxh8Pd
Sun Mar 22 14:07:57  5OtZAHM29T1nJgWa1MdakGO1Fr. oBwrJyVLzuPm6Nfytp5zcp7P6FbG0pjimr7a.p2KoKjY0eFJn.
2010/06/24 09:28:46.784273 u9vRHu5IIx0d.UBqk0h2dyza4ngdUR7UIARFpBxziCy
Tue May 16 07:38:46  8C . 2Y9AozF2xbDq8kkGyLuEs5cwuf35hxUueOcBxM5uvVsHuNnEOcD xC05g9KNb4zrl
Mon Oct 25 02:02:19   WGe1w7p9R Tl.FLDkIjWCX V6I5DP0.cDCVMSFNUbVe CZUcC1gfjFveiR.xigkHTnmqVLu6BM5alL0yaxCs.
Sat Jul 28 23:54:42    1pBupY0qS0QrYgrLLHzxh.NuJg0Pjl W9.bDVsMH5dpn2 3g
Wed Jan 04 21:04:55    hU5IUVqWMhCsdRv61knlcyvUcvYmqIZY.QHu9yA0zybVkGRl5.0ZEb3P uOAGmbKkjmAa5 wly.nA6ZvJvKOXHmvHO
Sat May 16 21:19:32 ejPIgzPvEPUIbpJcKCWfx
2005/05/23 20:14:50.979626  7L.tYGE6RQgxNEL2NDHwt61.fLinVG l1oIftMdbQPEtA
Sun Apr 09 17:16:50   8kneOb9OkSZTq115Bif9w1sV8IK4P5e0XFAslZD9a22boi.ZF.1U2.i7
2009/12/15 07:53:41.430909 3XYh2cfHgeoIcXYf9dj8IlrPtlBiHWgQ.z2 R0qS86RLt4RN
Thu Jan 16 19:50:41 xVnGKBVJVASdzKNS id.gwnF5KjsiARRbWDR5Gt6yKXiGIdKey1TBNQxnySJw
1997/11/15 12:40:15.810481    pSnNdZwaHNsFKmZBzzKupGVZXvW.AvkH5NXYaKAHJ7s
1997/03/16 21:37:31  GjEcRxupC8QQX2eUFhfJy Ud68R1fH.VojZ4cqretbfVBfvl7ErAL5HXrJWTwTiJPDrZXmT.LGNnRJuM5qm3TN
Mon May 13 14:50:11 2w5Qb2Wr b.C3RiFGluSMG
2020/02/06 01:12:22.173132     1jqaBmzWYVUuTYst6V9jTft8QVY6416YA1XrT
Wed Jan 20 14:00:01     V2RwdvTPNY
2022/01/01 21:01:23.828660   nQyI8DzsYolgPCOH177BmLRRuK3zRkTdKALMJwazdicCl2Y43MDIcOUodgtcw9UNxoUdhgcsQlQSpJ2xyMaqWgm8g
2021/08/04 17:06:46.495120  b8PM5T2gR5p2PR9Zp2gTKAxdDQKe7ctUSNoYkDLU5x274qMAU5LLbGnn7xj8U1KvvI04Sa.vr Ncm0
2003/07/24 20:22:57 i7dne0PCdRemhD8uesKARoGR7D5Rb1r4ILJaLY9vxLoc89p7.k
Fri Mar 22 07:17:00  8Qn.xTCX FVeEtKgbQxC5ZTmnhI49moeqsyJh7W47EsgzyvkSbVlOWNdce0r.24JTSC6MOUtO6fEAKe8f1xcSR
Wed May 25 18:11:52    nqCBhR6q.XmldqVdt0fPn.g9CB8HiVW3u6yja3dmmCoHaAu4HjlmusC2tGA
Thu Aug 16 01:59:45   p8ElpsZRuNz.SvaU8LMoB6rMW02Z.S2QHpc
2001/12/14 13:12:58.102666     qm.90xWBeIERBnsBtUzzc.IvzOq.fIq0122pvq4V.rQ2WF
Thu Jun 22 10:28:12    42p9VjKx.F3uefO5QroDRQrjUw2FzFLp4.VOi2WThdiZz7ebS2
Wed Apr 26 02:58:17    43idkv9l2 igkYKNdg1Tn0VH7WqwVhiv.fRvyPD.x23URw0XX8vfTbTqjfCx09RMM0LxQjeKFShgEQyoHMHjC3OWb3 HH0R
2021/12/25 15:54:31     k ytyzJ7k9oa
Sun Sep 09 09:42:20   c3Sglp8C.6WHb4pPyAFddH68o6hk361qVm7FkEs1IKo
Sun Jul 09 07:48:30 58l9qgLd04hsT6vOgpTRi9CjHkbYFtmno5eKC7Jg2I6M0oc X0s5dz.Z
2009/12/19 23:11:18.267547    0c7x2QLt3aaRICs1X67g.8qdLODwNPuTXaqCrm207pVLqaxwPF0dt T5bTSy EpqZ5RfOcYhjVVs4wRzX2fId6zivdsO2csg2
Fri Jul 06 14:12:48 eUQJuLNQtnXyNrb.hfOoVNDQJ
Fri Jul 12 08:34:52   4dfHsW5HLFaO.j7LyGCnPf.CTx pYa9V3m2 HsL9CPYs U5VvEQlEdYbGCJuMXlNZ6o
2020/05/06 18:41:40   J QIa3Wwul8izjNEonYn LsCl3S1xnl2oDEZ.GzvgqkH7yvohwiGfbnumb0oLs7V
2000/09/03 09:14:09   kxikduoEesP6tARZU85t0xvoAy.m1so8 
Wed Dec 17 19:12:09    8rw2vG49pu4tAB6VuZBTDxJKbhefOoh2VU6e1HpgR7.6vFs5A..l.ozRj8ow58C5x.UZhg3oEJbJMrLnRFwPzI
Sun Jun 26 13:42:27 Is 1.mIi4VQ2rlpIf7SRfrj3eaGbtlZxNYaumW4cvtX0sL2ifuLGNTJBhdlwHIVkuuZJd
Sat Oct 24 06:17:35     .7ydY7sdG8FzSQJcdkds9NM1bE2a4NS.Y.HMPVe8HXtBk4Ssc3T
2019/10/23 14:53:31 sz2o7P 7KgtRCpGD7XpKNkr
Thu Apr 18 13:02:58  o3sTVzTDN1 JvHUH6hxCwoHrLqianJ53Yvdu8NO5yciVc75qmzOzVVgxpJIeF3X093P M67RHhriDNyCeJ5dU u9
2010/10/14 21:46:35.599321   G82FiQkzGAlKS8GJHt1kh3puV.Go.47pP06XBtY0woY6v9PkRvThiG0CCBMnAQ4bj3X1HAEEd5cKyZ DRD1qvhetUDWiwT az2 
Tue Sep 21 04:07:08  Os6JGPDnLSePZ 
2006/11/08 15:25:47  NExaisToACvDeYTnA3earfqgehLroyfljrIvBdssPb0pUEoPA ky23wDBtMC
2010/05/03 00:29:42 1QsbUyjbbttvgumcl2hOCmcDG3fBgAZXFpia.79T B3UzFBmjmzEMxbbtXU0CzQh4lDj MykNj7dxXh1uBggI6T ENc
2002/01/23 07:42:55   klTzJqlQPvtCfiqCkFHjI9nxbVf2mM 4iqnaKaa xMK5W2x
2005/08/24 10:09:08.84974    kQlkcv6AiUnbn1BBpER5wPDHFXeQGUawLvIAuzUYt15V1sUz.RWaThqc8sabnY
2003/07/27 07:22:03.326469  nDWmWDu2fJyIoPrsKPY9ASvJQmxQL0tGOYjM gDq2jJVwVdhzWBdFG5PexlaAL9XTTVX9nV.qtwJs0Io1JoasxGZ6EXH1
2009/08/05 21:14:31.349947   9OYyMz7iborwHTTUsQ6SzmkuzjX9YU9JXffDiFce7pI5gt9hxEkCpFN KU4 IVhG3XRbstfNUk8sSJs6ogTzDFcg06
Sun Apr 16 20:00:58     qhOFzKnPbZWevebiF70afBnAUIHWRhyxUsyGlfCludRpqxBvLDn Tv2C
2018/05/16 07:56:42.972079     bKmw5P5007j8ORkN8utCq6O5dQwvvuZEce08H7ReWR4zoxFg5g94xQyaqXsd47w7bgZB. 8GCEBK4lC5mR9Bs1C Sgt
1994/04/19 17:12:51.593841 WzjtsoUdBYCE10t2p7.OfFbOv3KCbbR7JSliy
2013/01/02 17:20:48.136124  1MrYNJIu Uhy7ojr4
1998/08/09 23:26:34  TBGgLzPXPL6vM FxTQnvtIHtSm9itK6jLNOFdAiBlYH7Ju1aq9f5skSBRwmDizlMs9FSJXZHFYIQz3y
2016/08/16 02:27:37    3fD7C8FTD968oBtkvbM3UE
Sun May 24 13:52:20 yLrP7oFcGQ4at2xeHitzohVHdFr.qbmpE6NFpjqX0IDXavbYtqYO xEALM4..63Sv1U8a45uuApquQRB7ooo7TNOmr
2020/03/24 17:01:30.714171 QSKvhEfj8ZjkTVqhbpj
2002/08/23 23:55:05 gxJofevIq4PeMApTGMgIDX6StvnSp7YqwMCUGcrSazcynVEzmeDFn4MKOJoD
Mon Apr 21 10:46:33  7BZZC3lB3PYffb9fhMAiG3SfMejkqsKSm0mwOFuZ
2007/12/11 03:38:33.405681  CRS1.Hygj1rqkKmFiU5h22FnsUByPo9XQSQ UYIVvnDGKjFSHFuwtHiHc3XYm0SGHSyBzYn43PgLAdcYaXje0luf1ElIr8
2005/05/06 10:55:19.987976     jtHYGUYLkIGtcpy5sNRZjWLsVDxRdl25Zxt1L4XD3rAf1uazON6 iQBqrhLe.YTvkm5XXgjj
1995/10/18 00:34:06.673257     Mg4BUNcR1MgOGWYNLrXcM.41u6bpcTD2dxOQHML5qeeSIXRXlbA7YA
Wed Apr 20 15:41:57     n56n9JKu45eBJOpMQDevrMxsc5xqXGLgUduGEDkfARQ9dobJpFqciTiCmGKHdMs.rakx rbBrdv8 y40.FVTqicDuCl1LcUg
2015/09/18 17:34:58    b3f4p8QJ8XElGkO.aVszZ 3Dt2Q5fvYS1Xr8wDNSQW1NOr.NtKmphnv8EwD2rgxLvreN7WTSdxwWGPoW7s2 UQfc.lr
1999/12/16 19:30:21.315089     mUNvgd1ZKXQn
Fri Aug 11 07:22:20  j.xm6KE3fwosq
2021/02/28 13:03:58     YeOgF0hIivhiEyNgxHnpvJylRwrVlwop
Mon Jan 26 18:07:03     aAEjC5Km088FSwKeC3CVT6BcsyODzeMh2P
2013/05/02 23:04:23   5MXyLwUcqUlxSAHLKO3Gr0OFa8It0QgKT.xqPpPrv GolrYitU30fUjhlebV3xuSDh9CY6vOxJ
2011/05/09 08:56:08.331950     ZZ5Qg2iTRJvo
Fri Jul 09 13:34:45  FLuc1fKEYCb0x2RKAfKKMJq4
Wed Jul 11 07:44:10  3hnjldIjNSvajKyda1xnvS3uIcbIp5UGXn.I42fED8fhu51
2014/05/21 14:27:01.482399     57jHwK3 t.ym1VIyY
Sat May 16 03:11:12  tn9FeaZegMobS46Y2GRIWBFwDQVa1vfCEzsOGNA75Na5aChs3ehcCsk9BooiUfFYutK9Hd5
Mon Aug 25 18:19:08     5 FD spSSk2fvYXCteDxV Sx7yCZJplG
Wed Sep 19 21:27:04   un7kpNYB8kdWQzNHWAD.pdRl4TWqw73Bd3v0I3.196chPImzrsmXjXNkLm8H1ytDEhly4e.QW
2020/05/10 06:08:51 aeaoR.DMKZHhyrQsLYTpmRgenW8 nwgmjRzgBhDwMJ7hctj39EnVTlOhQMb
Sun Jul 19 06:40:13   A.Rsa8ZZmuBOFNPG7HCWu9M.KRdWQhKgPQJ.kN.vXpW23 UsvUGz.HiA0iIEaJMstFM5m8uS0o
Sun Apr 17 07:47:27 6taS4bua9a973Vhj78RwHrg9t
Fri Jun 02 17:16:43 u2t7JyvMSMB2Pi9RCajGCI1kan1hVgnkRbSxrrOkk2LPrf.HHIZSwgPKgd8UXY3TRApD gzqAJ.luDWMXHuedE3gz
2005/11/14 23:16:06.156588     wBbfWAd8OCFP1LTBn6XZHxGtJsafTAA9FsSbhkpgET2bZi8sNVjpaPPts
Wed Aug 18 14:51:27     6fhj6ZuITgviqFWDMxvT3j8ouG7sP2jrq.YTnZh8qMgg7eaWiRdGbXtAGeKhTQt
Sun Jan 16 13:28:49  WKQKjDGeSB9jiVUPADL3Q.2Cd.9W
2017/01/12 10:38:44     cB3RbTK2uxe1tqjh4akTkRVjbNOYF05CyX.UQz
2018/11/12 05:51:28.900289   3KT6LWjuUMVvTICK9OAvwVem5dFM tV1YBT5XvcAFjxOeVws
2015/09/23 19:01:01     .fJshgaxXbsp9EjO4yt
1996/01/28 14:04:45.465883    KEtZmkB9nURia5Fr0K3HXCf4B6d4AgKDqgZlEPSmRw6YoE85jgPpWCVeVfwPlsWew0qhN8S7JX
1993/12/21 07:59:06 .AvSJBppRy7 yYo8PD7z1fP
Fri Oct 02 19:00:07 cj8vNG55 LWVa8vo64rSi7N2LvuuID49yAMNve18ecaVbXAzwN52y5GH.KDJgGK68VbdJHjj.zhlEbcFB56.CWuv
Tue Mar 01 11:52:11 p aXXQmQ2dhgAQz5ZqM4LWtYGI1EqRWFmBg 1Sn.YgVLlvFAsIIbBKrP9EMoKEhe4tY25vo3V85T.SnYFJPd2mKcClUCWL
Tue Feb 02 11:13:09 3.SYmRzGC0RuAxWTusebxRx0M0mem4RxDXNDPTbyM4vqHtvbTfA5ia2 5n3yPhMVgq18DHI.
Thu Feb 28 22:24:51     ZYqCg9e0IxROTpJzrmPsyxSTYylu1NfZAtwE6qX9skqcypnjqspQnzc8XI9V4rB1bChx7g4F3FpU3heWk0h
2022/12/25 20:47:58     05J7NL13nmaD8bKqbJ.1d7CeOXejQEz
Wed Apr 06 12:38:55     QtAbQwtfGjnOjrXIwvXSQvXf5xzk6pv7Xl1OluNnNZrQ6wkPiPq8rcaBeDytPo AAbnQLacq
Fri Jan 25 02:11:20     .wz0ihOqPaTaf4E2Efp6IPo641D.gosanW2ZXQshCJK xRWDuTjJi91fvi9kb83btHVWZInAnEvEtaasJqv7YIflOZcm
Thu May 21 22:24:32    IiFepggRcH
Thu Jul 28 11:33:43   0NynMo kNK0ebKm0OX6EgbKWcOKmVnspqz5zcZxqZgDtND2blXYDZRZ2JmU2k JuTSSOmd
2017/10/24 14:46:55 z1Zix FQqTaBBICB7UQ 7
Sun Mar 09 02:14:43  gLqyY1H1VUYFLbKeiXnlpnD0l9P489KsAlFQ6WJdSyM10ltRgWnRTMD5QBBC0CE0Q jqWQkqiHUGuL7cLWQzF
Sat May 09 01:46:49    JWYQ9Kr9E5pimiihRYuuIjPjJN4huLapsYCs3AEYo2Fee
Sat Dec 23 13:54:01 M4A488vdo2a52njNMVy2NTawmhvcAeCaIl6PHbXI8RFbhsOOy2Mz6uAhs9D8X IgFBsV.c3ZKGbIXKMd1RVGdkbb.Rz
Wed Sep 27 04:49:29 iZngGBUFd9pK.43bnwm.v
2015/02/12 22:43:39.908257  rlmxerJxd.ZHrYPMFVTScAuuddBMS70uw4mOQ3x7eQMHOG7QgyeVIdvA0d
Sun Aug 06 19:54:42   vHcZcLOC6PTzD.uUFqOsU.hfKYXzVRH
1996/10/28 08:22:04     Ul.T U4IraA9JInpIKx6xAp3LI1FFhyMuOtLklRGPBrgP4IE1IhC6cUPtpiYiaKdFDDWmypUXN7od3o2pkC3
1999/12/28 01:11:39.134992     uzOAFINiRpZwiDlm0N20YSxq8FbF7qBvnL9Q2WLWXttdwmJSkan xR
1999/12/14 04:33:03.530462     x8d4WFntGxnMUW3eb14dGBGtfO055Iu0 mAHUBGdxMZgrEr
2002/06/10 00:44:48    Be3EjGUAB 5s1JbRzk
2021/05/19 11:46:16     xPuZmybOmO.EGOSCscvnM9jcWk5sUYLLYD0EeRblvvAw9wfkHxjpthyyC71f0Q mhC8VKati9j.4tYD00vqE xk0Sf
Wed Sep 09 04:25:23     iD5VhPlcQxlOgljyL5G9ZcNoesLcpXYw7mu7rBsKycAE hZ2St0LcMhPKeJxM
2004/08/22 11:20:00    RZmI5IW1g0V53DaI7f2PLUn LJ0obxM.4TeDjY4gdjBB8taf2AJp hx9efUgn
Thu Jan 28 18:38:12     LvAfmZhU 7lIhNWIdu1zR0o3huJ9qlcRtna.LUMPI1dtmmIUFths9Bup9l0DjAjUZtUdRIu.FFgnD2qQasoa67M7K yy
Sun Nov 05 04:51:03  xLGRTR.BMaY.sRPGdYJ
Mon Nov 05 04:02:48   yAxibeepH cie7J6R YVXAB8HFdwWyM4kLXHVN3Cz5E1cqQUtffGDNqQbH2cP.dhQEPysDBVAAGqO
2009/07/23 19:13:18   ORtUAFX2Cekhe.7bsunMWD48qxvNF1wlC GMnx6ltM09RBug2u3uTYbxJKCxp5dB7kKhSmxYMvfr8mn5MBvfbx27QkLjF HZx1n
Tue Sep 22 09:18:17    P6SfubNWz8vRLLl.1T2pTyAnrku7gkRavX goqi7WBu0yWF
1998/03/02 18:12:04.437149     dDo71hbCNS WNAoYVJi1lhdbdbjh6eUOFj
2018/09/09 09:50:41.102889    lYEaQePevBpAAZjEAIcJb9VMQJqgNlFvocv8ubsskmg4CuurtoNy5HUM6VMKScA2cmQt
2015/07/28 18:55:02  NaXJwKICDs0YSj
1998/11/22 04:15:32    kpsaE2ouAd t3zIxoNfkc0H.oIWTS8ABI4bs10m6ApCU8RUTEF
2022/07/19 19:16:06   pj1UPcJwEiq4AeJL iLZP0FfOmrZJkT0O9sr4yOC
2018/01/19 23:24:54.754709   czy.F1SE8.JBjpAqI I8oVsk1ReSJzGKlQnrJPbOoSbfQQwWnKeutDUYlNnahUsmSMMgaT4PoJnwb063.JE
2008/07/24 16:45:41 4CkrnhMOHdT2G1o6PHXzul583NKJHavOnOXOvp0Yr7YwyQ59KK5ynaZ2Qlx7v9IhDXbJ02J20IbXDZ6n6aWq.1WNpkQFqq7JP0
2014/05/12 22:16:40.714294    mRA 6Mxz5ukaeCiLDz w00rP6.duxnxSTn392JSWmz.0AR6qTIVb1c
Sun Dec 06 00:48:07  3AriFiESCV3OsBLqvAcKmmLj2VN6MPALi.j7Tesbkx.M1GtN
Tue Mar 05 04:15:15   yWbQkJ.Ts9vngICAAXIVhmVIgustsFoniQJ83Ws8xXYlrLG5tpptyTtuy2kE IqK.iPkTs
Fri Jan 12 09:13:01    Fo7IY1veTH uUH5hfBqBxpct5VBgZ3uymi16.T3Tv1q2.RiEx.YcB0wnzR5zVZ7DH5jVJKUiU89SDrkodcmMZC.U8meSOEJx9
2022/05/04 09:23:21    LC8IFJnnGIXPW9Dgm28bH0XR.Ou63sDG5g8 VXCAEAxDHOhTW
Fri Jun 11 06:43:53    dk5r47PM0W17egul MGguweuSAGnU69pg.Dv8ExgGVYdEsX54 tNoD5m
2016/11/20 23:50:54.478990  EYooHWxtqkv GKcU75.cHSV2dQfufObLYtY6AxqcLzQ5mupvZOegfVFUE
2011/02/16 06:42:51    eFTHzh06JqIh TlkkkpFc.wZOkBOZKFZoRKtnpJ11Ei6EHsvVF57lxLE96
Fri Sep 09 02:35:34   BUMXAwi5aHcGEaxFEvP4JpKQtZLrDbLhfMYF qdE.A2SgEpCXLUUPtBH PpaO37d3DB5 deZtTlBHWlQ2le
Tue Dec 05 04:44:36 VZqOpTFMmOXdWJ1ubDkXKyc7xbaus5 nHcp0xwaC8keXJZSHbK7IAEJQ3fl8Iw7HJy30t92
1990/12/19 03:12:26.333759     luj2BzBi4WPS0aJNDrZVXhwBCz Q5b5pX1VkdAe6ybKHYCdZg65hS4huNcZhhhyX
Sun May 08 06:31:41  xtj21aiI0UfWbEg3jhRmZzjU3D
Sun Apr 25 07:20:11     KVaS2xB7j8RxYGtH6xf6jTXasn 5ZXRKd aW84D50VZbqA8LB
1994/02/28 04:57:56.672006    ZEHt5asyHpnnEeSpKw WCs
Tue Feb 17 03:45:00    n2Ggj8Yc1QdPn1Pp
Sun Jul 14 23:07:11    JY2rXUHe98onmcYqyMls73IvSVErvBXk7KGRbiIT06ttcXHkhr7RIzBv4SqpiPO5g3q4jwygIFgnDJw uJbFJGmjl4gAS
2009/06/03 00:57:03.36115     dnkOgp tRZj8C3igrgMXz73Rf1scadHmsDCswASS 0NRZVZSS dxmqfSI9O
Mon Dec 20 10:11:54  aYLWnPvLYp
1992/11/08 09:45:20    H5nktvkssnFa RF7zBnhptAP.opu7477A1LlVSQ3G.Et0mt4WT62mx9GhW4fs3UlK67zdqL2RA1R0nDWLgJM4XJwVhK
Wed Apr 21 23:03:43     gITnxkbyQFH8jW8rLk8f
Fri Jun 12 20:04:25   TrTnx9pv8XVyyFkjaPMTIfNfDGv1bul7sU3Jk
Sun Aug 25 10:11:59   G4ecVU3aZbn.n81IcRsUcC4wQAwFba2KH
2002/04/25 12:49:37    cZcbJnUaww3MdRDaaJ0dAvel0HxcgP8nYKVN3iCAyrhz3LxaxzNZ.2mVgX
2002/05/24 03:20:09.43451    pRwbBKd7GRAgtfnbudQPtvSQF31z8hE3YpjM7qMwSMiB3G.nPVd0d3I3w
2007/04/16 23:32:28.468372 CVUP9jX 68jwEs7Bc InlSoXtEz3tG6FossG
2019/03/18 12:54:02.923132 o3qOx5V472.3zZ3iiPX7t
1994/12/14 21:49:08.838636 SVobyXFpBcIghSATVSna9jhdXgbWr1v
Tue Nov 14 16:44:22    6yWKMXpUmxlB2G2KkV8i6j8g.UiBYBggL uHzJCM6cUHxz9VFwmojB8f7QrG4jRkm59PfPBxsRccMt4hgzCVgl
2010/11/02 11:22:08.455423  SxpMi.rVD z8gGxSsQj7FaIwgdQZdlmq1ojlIYqvOva2qC7GOhLVjeO6bU9HpJ
Fri Jul 21 07:15:41 OG8h oRW3 PjyUs5kPyukwJ6TPWGbz6kS0bxt1M70iSUyMOmVAHc
Sun Dec 26 15:12:37   vi3MJRlqLhPTg9T77Vk6IoEbgod.PT maGC3HBuJJ91xEA3mtM U6DMH3PcTJkJyn
Sat May 19 10:44:30  vP7BA0GrBbl4FWbQm2iJcGoLN79fsN263aCFk2FVihhwgQD
Sun Jun 02 04:32:41   dmD6MdITis0Q6Izbc0IqAcD2Xj5GC9YQYYt1e.zm
1991/11/18 03:36:06     Zt5QacT.xrkuhEqg8Fltx8oJLMkuuSbg7yBdAzHlrNIk8es2.xUyahFWOoU7cQP2kv0.bLa1aPqEIPhh
Wed Jan 11 13:23:03  Zi0iwwSj0Y5CbANfO1i
2010/10/10 07:24:40 AgjBNNCmvm8SpCG8BmCvIv1884CBqZlo xdSqV27EUyP3x3heWbrYgRIYJzOriivi
2009/10/17 00:13:26    PAKlBitlAW3kUYpy4bB6hM1DcBiuwRYf1ywEVoMwvckv9FZnCMyYTqjuCYek0VawU0bK.aWE6BN50CboifeiYBGJIMdBNZYW5c
2005/06/22 12:21:44   HCkxZpe4kiUl1LC.vXgZouQ4JX7vzz.OP34SDm9oNZVUU0g8in1UeD2X6fQ7GniglQZ
1999/02/04 18:26:33   pDHnpwG3Yq1rI
Fri Oct 24 10:20:38     2M9PhrqeH0EVViq.NVzQGI tBircVbVNqYRbeYJTUnGmHT.RWULRYeEetOCkb
2008/01/07 09:45:35.855038  uoBck DCDT.9Fc92lQFwHfTdf0V96peG5XigVzNc1xLngvnFY43oVr.33P3gzgtXMVPjEBDa4SozJuSTcD92o8
1998/04/17 01:17:00     pHuy6NwvIjG3TxnMcmjZgXu Y3gUxu
Wed Nov 27 23:15:45    ngOc3ZRBnVv
1994/04/25 07:42:19.449876    tUghGRXO2BP3CZCxUZgvdR9s0YD8Bk7DA xJ7
1991/03/28 12:05:32  .q7pOsuWn6eIqEmNKrl
2016/09/25 08:56:26.814059   JTntdTxriJv4FQE0NMeFrZCx2JzSRpCiIzwMNQQsrYwnT6wTw jd5Obx0DwZB7lUhv
Tue Dec 27 06:56:29    OvjklqAZsICoNlT7adBPlnDiGsulw8AFA84vbSNzCwD7TYGPE
Tue Jun 16 22:00:40  j3FI hAzG Re2eEjs8Eiqwjp6t0Exmx9DcAdq6cqzxXzBGcPPsm2PVcA88mOdcY34kFluODEo
Tue Jul 28 02:25:30     b39Sk0b62jv jnOoXs9wTbWo
2016/09/17 15:11:25   ricLcNKqUk4Lj7uHrEreg3pdi..sATiGjM.LwGoJOhOoDv
1991/08/15 18:57:55.679063 ZRX30iAabT3C.PdImYeMzuyO.6eyyX0FKiu29QE8AyKMF71VkL6Qx9EDj34uvvcd56ce1WWQlD06Yw3rVyAY89
Tue Jan 14 04:51:52    Knjsh8Kdv3zAL
2011/12/16 10:56:19.422055     7zdjU5phoxWZTDVo8YHLvPL2VuHBlTstc3Lvvfl2X4qs5kiEZNctIlcsjbKR1YfrFRrWHyou NMscT9RaqlYiq.bNvd5hgYZLv
Fri Apr 14 05:24:00  hnfbBK1Kk8F87HkpSukKr3dK5amueR9wB4Sk14Jbh83G2ycUj9c76whzXJoEBGFgMOG 0Qdr
2010/09/23 07:56:05.421495  6Wk1qjHFid5rAiL62IkfGTQ0wyEtnL5Tx9gPtpyxTDYGRjsEzykwGJ
1995/01/21 03:58:09.868660     iklpYLzpn87OrITSUNxwX3h4HGNKj.Mvb8aH0GVHT
2010/12/08 07:40:28  9cI3aQ6iRuWISlH8 Z.3T
2015/08/24 14:38:52   0QFCH3LZaufbwE4Krk5e3z3m9vPiNz0YDJIfMs.j257WO9xi UvcVEC5c9VK
2008/06/18 10:03:22  ka0xDobbRWAb9irpqz4bfTUMxwz0wfXErGwa3
Mon May 10 17:45:29  5pWdMXu5u.BQeR2qJMvh SdVd0.2E9X0670sXcxLB0JPl4WqJ8d05Kn.5OFY46f5TUcRGu9AX0vHKDcz
Sat Nov 03 10:58:12 AZvXQHnnvw1LjIak ktFaF4C2ofnrMs J7kXwq95TWF3gZ KHvEoxhPT WVFLp7K5GdDagv1p8uRj1mm3.2Dps 8XvTI7
2012/03/03 08:44:49.888500     d3UlKazSL5vtwGwKFWHKJbO.9WeidoRhysunmIAdBmrkcYoWYvR0WlwxIyEjhld86Oa4y
Fri Dec 20 16:47:55  ZsHjoSiBjiCwZq8If35Z8QYa9.O5fHSfN04KdtkUjCEi.BCXO9hRoc8uzX
Fri May 02 15:29:30     SJcRDERVsiWfZ55UOA40apX0mb
Thu Oct 11 06:28:54    0XcP4OiAmJEkHJtFZPXko4UiSItyePaaYLJ3TSXzsPO909kGacN1A4uFc86mEBRPRxBJ6K
1991/12/23 01:18:46.255548 dbqkMmifGA5.ly18USijQSLU91wyzXt1iJNkvEHyZ.CUoLvYY75K WXkKvldhjgVFPNJ8qOhE3nPWdPHcndU
2017/04/22 15:23:50     PDDJglHxjgFslxDEA 2RkXfcr5KNqbnQjF5ulce1JTcBibkCoYtPSfxo7vivRn9joFjZ nhhMk UZ2vRSfAZZeSos6LRfrR4
Sat Aug 19 01:23:19 oYJr2o48 EhBv9Y20kZOxtBK9H.Af1 zOBgFcJV3O5JzBWd
2004/09/07 00:51:44.857775   Zrftgc7ki7GTNJcamePC0QFyp41NZKIY5sjhBXXHGURA blk6rI6tcciGlE3L91ZpZhzoto
Mon Mar 15 08:03:45     H25mhOY.DNUlKYigJweC
1991/08/14 05:12:03   ujkUtFZf1.eAjD51YRdrFe39p0DL ENEWue.5jFgLMeUEw2O
2015/09/26 03:53:09.888686     p7l6.YDl4zXSGj5PGnShgbHp8mCum6Pa5A60PEDKcEQ.
Thu Sep 25 06:45:35  EXqvMnKZTeK4I7
Sun Apr 26 22:43:45    0Z4ibxGxEW.hRD5cAdwpUuF5.HSO70rwEox vYKcFoMGPX520woLAfx
2015/11/12 15:44:47 UJZrQTla85847HNMpoyhXy1Up0Ssi7IlUlKdxJMZ9GH8983d039sMXD4LktnZUQrMsM2nwuFy N.
Sun May 19 20:08:39    qbb7UKgbHXb7YyNrmkZv6VT3Z5ZIeXozszzBKsnHSaceWmGPn2HDUbzJ .YJ
Mon Aug 05 03:30:17   h GgihiLce8rwSbsg8.DAQ2A3Tu8tOLjLldn.cFwUnftpzgy9VhAbJ4GWcW8VQPsUjQwjBtFQgmkRPXBck3p4ACTUDp2X47A6p1a
Fri Aug 23 22:02:37     g.N8QxV.y2ZYO0Of6U1ihrFnbwPlExLd
Sat Feb 18 12:34:05    7vvwJAxc.JC6NuONP1O.unG8118WciM6xRgqF8
2001/07/09 03:10:46 z5PUs6jZh0anmGJZ8hP.MjIn kTgrw62mYjAnvLpah
Sat Jan 21 06:30:32     L4EFnS51b nIOlnkYZe OQCWuHtYuJ1KsCND5x6IBqJCT5KE.vAsHlKPD
Thu Aug 04 18:15:10   b36k jDj38No
Fri Aug 02 09:08:37    EHaofFBSAbmSKZRL5gzU6f1cA
2018/06/16 17:40:47.593401  lAM424yWN1Rkei gHQ4QxJCbeBGYTjF8F4uW062Lrtz1HOpONCWVhbEiei.tSkViIBR8AnFnDddENGxZ Fa1dfuaOa
1994/02/07 22:37:56.426726  gsrXga9d7Hnbw3p8akORIrDR83DAE7Q MJ6M2ZDGT3iXE705Q7RqP2Q5
1996/04/23 03:44:09.583849     Bkm3k7K3bjcsdn7d90m1rHcSMz Uy1GckaL2TKlBNKSd7KCoNSm2LcYpBdq8am.9enk7PcpS6Z7DjrF6
1993/10/13 10:47:01.996753  HZ5b3KQBMhNJIavWOXu
Mon Mar 04 10:31:36    zs6 QGVCHw1cCqlACGodKP3a8NPzLJHsa2gU3i
2020/03/22 20:07:21    ARbPvvYbPhbMq4..5M9
1997/09/20 05:09:13  SrK74vZY684lma9qlw9N eky8McKZQRCGv5k7uXBNdz9qlmEIIIZk5OXg.X3j Im8GsY hj
1995/06/18 01:04:33 QC9iF7RdFN4Iy5 l
Sat Mar 20 01:26:39 KYNsObXL9vjMz6lFjGMVboK6O Nfpe9.x.kDRq6WmViUXx7M99xV83AbV3m
1998/10/02 01:30:47    dOOBGR65TNOi8j2CaqxxSXwIxXjGKSxu9.6ayp8lODL8wsR94uYguLb5M2 9Ph61
2017/06/24 17:47:21.484273   DlOoqIvnP8sOotItyum34kId8KeSICvlb1Z.CXd4QMZJi2EkZmk8GTfo bEI
2005/09/20 17:06:35  ruEjmO1n4l4yQjFBto6FVG3S2YTUQjO4m8nC2sqak40xnn0 NqG6
Wed Jul 23 11:47:44 S62B17mfS xLhpaU1KX0BFOmzHRXJyKBSiUGryI xXKxEVFoXHwHKbzbUVGi8VRpCLc5sGhb9s2N
Fri Oct 22 18:41:14   Cg .5PTFdg8Gr3icvnmfKZkRiX2ZDxi4Ir9oZ Ii8NXv.eXzSNlaNoYhtc25s09Y1.he4A0j0rrfe3tra3k
2014/08/19 15:58:15.140110 vq4gc21njiQmJ0tEYpRncfFIWJuHsR7GLxZc7IGET zyhMFUcFbiffVfl2
Sun Nov 19 01:41:30  9yIoPwk65Mpvf7svspsf2CKxzePTKn45Ueol7uiwDjIzBVQp1X
Thu Mar 18 13:48:34  F0a7kM0SclaDrjxkA Tv6sfDQtc7xvS.nOMX
1994/02/08 11:05:13.349564     GVoofTPGjrfIiGqB VecCIzan8vNdK
Sat Mar 02 04:08:00   awt.2c2m7yxGvNRGDAkTpPYsi28pCSYW2FCmcJumscLD1YyvR62vggMuR3pQYKXeYP
Tue Mar 16 16:23:40   BbBOOnafPChSw466RAJbu5R5SFc5tW4pMWakss3LQUmcCfZZD2j FUm5IXNhjPg3voPaWwHK
1991/08/08 21:27:25.476913 uO34JUGRrIMSjmH0ogfHHFAYVQPF8GVWqlqIv3fQ mmuP1r3.m.LH7EplGZvSjvAerphMfwt.AZL2IwrXD2w1zixBHuJ5g0BT
1996/12/12 20:13:14.687879 UYmpZgJmtdjnAwf6XSa
1997/04/23 10:13:32.909200    y1v9i8hZmedK  m1LVnsS7396ZpladdbUZdeCRjpXcYzyhi49s3zjgir0j1LzCC
2003/03/23 10:54:44  jz5BUPeswolfEEpql VIxagIrHWDRl .DfCbgTsma3IDMSZLMdjWZ1zXAbrC3 uTjmqAUknK04e
Mon Jun 01 14:25:19     8zKwq.qPppo0zVxcYFF5m5HYy9P1ujT236RLnnU8xNKh04.yXtzlkhHFnC
1995/03/05 18:29:42.353122   ViLMEhQPOS9xr1J.TornEMI94
Wed Jan 06 05:01:53    cqdnhoPmmKVw3MQIxgXjUzj2kGVqcj
2019/01/03 01:14:57.190680 tfZ uvedSTBaN9
Wed Dec 24 18:13:16   rtfK6M4 2eayj59ebD53cwVeMJElxmTYbQANCD30ffI.OtRgcLk.HXnlLTo8tWShAKGikn4k86mzhxGd9V8IRzGxM9I3L7FHM 
Sun Oct 02 19:39:05 5Zg0OUvgf9NPSQjY1ltiXLFy74dJSb8O1JhqKZsdZP ChJCxMnOT7zdxcZJ
2002/06/05 00:44:07   OOH10gPsmSwBgXrlbkEmDI
2020/02/21 00:57:36   UOrzhaQecmV3pIP3Hvc2pYzZcQeGx
Sat Aug 05 20:03:22 U8nrp5uZj78UNb2FV0ilafjwmjfEzRpqZNcvHOETLg
Sun Nov 04 04:08:04   2RfRmbcZkOS11wsrx ztIiC3Gz4iwv5EMyeE
1997/10/13 20:09:45    2EXwChU3YFJ4v1ff7jQOowR3p2F
Thu Jul 21 14:55:09 OrsEGV2IN75Q rX
Wed Jan 28 06:07:28    6Ug1pwG5m.wrWpuCp2jOy9724Y50lAkdzjXNvuk2iCSUyPGrxBHk5WzXC40sgwCxKwmO8F1dIihPzjlEh1
2009/02/09 22:54:14.3982 m6mxgjWgPE NsU7cnjzlaw5Ocyd7mOfMEJv4tGES2.DuWVh T5Zl0XcO87 tuNO0
2004/10/16 23:09:29   qm8IWJ9wFiQuW86pbMNZnr2tJz0vguskkT
2008/09/18 11:00:19   AT3TO3VOuetUqmdueOI8npMRaLRuTRTLmijEeKhsjpP8lCGzMXyRt1K7ypHVqlN PGZZB
Sun Mar 04 14:52:29 WuBEc.8BYOG
Tue May 24 08:22:11    zJ6CpQ9h8u1miKOWyR0VQi2adcqtgk.vHw i8g0TDf0O6DAANqGVT
1994/03/27 23:01:26     PfcUZYsKFd88TfJ8xJnivyIxlSmux9GeMdMxFbd5HKGD z8fiKxbUI 8 2s4wVsmsRbB w
Wed Nov 04 01:58:49 qipBO2PU.ZiGjUILtQM33jeMqs9n1
Sat Aug 14 13:49:31  Iu1LqWiMRTWABbDK5KsbgRLW8 AUvTiAGWDMPSd3mY8zdJ4AS.TGIBz
2007/11/14 04:20:06    uYImQHHrYisZ8u6CGe.PQo0fPahSsr1l6jnk4lpaXhIm3DJCLzJsw9OBf2LxQ7Jhr1Jks6my
Wed Nov 19 01:16:54     8aUQhVQpwn1fuf5MhxeRh71KguIXzhTRL
Thu Oct 11 08:49:59 BJMfMPvMrJlJh6JeuRHz
1991/05/13 02:00:31.727844     K g.XchtZSeOKbh7oa3onZgmZ7HMSm0PYxUo4Z4
Sun Oct 28 23:59:04  MTHDgesk k3bl2Mh0yU0Jq3HcByvN
Fri Apr 13 20:46:34     Y1tGE.8ApR0TOhlMUDMdApbom7Ait68ewaOZTOAWx5g
Sat Apr 21 23:24:02    kQAURSSz.gjCFlU3Q8O5rlLlAwrLAydwoyW8SXtlmM eBGBW538DIfgkM85ERyfU5ICS0NxaK
1999/05/16 17:31:39.820881  bdoRLRzVyW8bZhZc4mGPwQFTb.T83ssiToy7eOV251.eb5WbtClFTy8Ywqqk6rmt6TD9nUdTXXHjH1sHsQcP0HBIxH
Tue Jun 28 16:14:23  Gws5SwBQpDjK4iK7hTrgZy8mZJz1l4R4G1pji5mdnpvhV8loxgz28
2012/03/13 05:55:49.699510     AGR3HMCuKZ
Tue Aug 06 04:58:41    JYZ2yazVWSQKj88
2010/03/01 04:09:23.985200  nvGVsoP84FYXDhhwIp01OQhFXD6sLsbU9Vhi9gysiVW9J0Xie2m8XL99vMxXDBpNYf201KkqLg5CMSQM g36GJBS7HOZ6Rp8 h
Sun Jun 09 20:35:20    kTtzKQSIsP929bGZ4ZlKT pQwoRktc00QNpMLLOsfcY0FfddD
Tue Apr 10 03:25:52     brUnZ4hbbp8RLfs92TGLg8nrn6vbkr4
1994/06/24 05:19:43.105028  555LXmuu4PityOcslRVmPI4HfWHIjdsrB0B5gSF3Bepu0hEWmCkQ00wydXGEtDx
Wed Apr 06 06:08:02    SvDuGFzreYfXfFFRXqW9tv2Cra1iCQH.feuKab3Ql1VlVF0a15P47
1990/08/07 15:56:22.698535  aDNQ4vobMX
1999/05/16 08:50:39   dgnB cKwW08q
2022/06/05 18:44:46 SR38SIGuxHCOxQWYp3MMwnDIrlyQsFIaReHxCur LkIC0bcyRM9i7 zB2vGTtJnLwumlwWIsosqEtfL5QcSV976sR
Fri Apr 26 18:43:50  hHXCwh  SK8jJSC7Kiy4tfBpsQdeo7oE0EPBgHgTmu.QN3DIz
Sun Nov 05 11:18:31    kx3FUvKVxGCPg2ce7zDmc9He47cfV03QhD4XLPZ30bmhpJJqZNC9eyjOigRsjQX
2003/08/21 06:42:43.515634 AP93VDIDCbsz2bcP3DAWW gp.mKcU5EkgsjNNbxj2LQH36FVMbv eCzWHznd WRtu 7U.mj
Fri Jun 24 22:38:42 t29RlT FX5JDb9dunCNpq .rmN6CFfjKaKEc4b
2015/01/23 16:22:34.228077     s8mkAUOSWrLbKgZ8Xz9F4PFY5ff RptxRl3ZjfUBoLfHeEWwbk62LEd TkgS
2001/10/07 05:35:17    ng0en5ljvAbOvtCYGPCpgoBF5Xt
Mon Oct 12 21:37:46     cKKQPHXE.Vdt0VNS.HrDM631pDShKoxBCWnTw2 jIyQ5S7spL4.upDfi.81
1995/12/16 13:10:35   Z2rROWYvm9Z P9UySGOLzKbl7LKli5uznSTtsx.GGkn. QHInk3FKUpUOlmGkLSzNneous.6J.rWpg
Mon May 08 19:22:16 doqSFJ6UDhY.lZkavuooqr6O55QwGOSpD6zqxiQXtO6YK
1999/07/10 18:29:55 4eVTGX7XuciZaLxt95zEhmI7XyGEiA.r60o0A5XKZU1.myGCkBZNuZamaWLe
1991/04/22 21:48:36.186733     AV8oRDgR3gTRaGfNK
Sun Jun 21 06:36:58    YonjeWSwKAC0LmSR5fcN4blT83zuUjX9Ke6 jbWrufN E7NuejmOeQ8TGD4WKszm1 SfkwxlSKoesOC2xEZ
Fri Feb 18 18:07:27    D6FBVbtm7u
Sun May 22 16:19:59    c8VkvXoyb7a hLGKIwz1czfTksLgJFanJCdbAWtu99nO1Tx6HUO d7MIrFXou1ISgE P976V4.dFHBVKHg6bb7Yob2y
Sun Oct 06 13:31:26   4LX 8bOgaf8.KLKXXOZvZfnZzVqp5yIqZpUq5RKs1
1991/02/21 14:29:41    pFNcPP4AC3Hgva1pe89obUkJrRB9oJrUNClftNHnPlfH9ppu9MQMxETwjaRxPHcSlZr TTppWK2ftQcHntV1K0SD7sulSM
2000/01/09 10:39:50.640703  3o71lOpvOHp6bCUx6CsKC7RHGnSaQov
Tue Aug 14 08:05:42     ODTIbJW49.x6XvJ1AkldwJ4ZSuQ3W1DsQ1ynrL8RM3BusHYApi5SoJ9lCMr8xQGElpgSobErBlrYH.cR0sUQWUVmI
1998/07/11 20:15:17.653700 RwG.Qi8QfM4bI .R5LJlzEnUa
2006/09/06 22:10:42  bD2U5ysMz8zc6NZikied3LjkDwWbDSt0d3.6cknetcUSbMPzJI U.fjtOEs2sMs bmmZWu zw8p1so61 cTt4HwiUU U7txXxJg
2010/11/22 07:02:11    fchm1rv2U6ElRgQEa NCsWCGsjQo7XorV bUag0uiON
Mon Nov 20 11:04:48  1OYtgU3ZkSDHBmI596
Wed Feb 03 06:43:55     X9N02RORx8Q2iWExrKqSDU9.4 F44pXWcbODFzTp8Uv4iD55.l8013og7OvT87C Cr253gPl7UsYFsVX3
Sat Sep 15 06:03:24 8k8vcnckt85173y09HMFk4.jgzxM
2001/01/12 07:09:01   FBmFpZ3AhphtbP0JUdNPOswZkmIJqu4RCq0ZmHrVZ02HlRRdiJft5RvM.uoW0mK1ufuSjC
1995/09/15 11:07:45.120624   hdR7mM4tXaZEoHXZRFpuMSjEjDXV0sYLVI9tCg75tH1cTzCF 4cymqo
1998/07/22 20:53:19.463232   pJzigItvgrfXDBfV5DrLKBa4W8E.3Lv4MLTg1wUA6iA26Q2fl.6KJfpLEvDaaTAXuC2zXwE9DX.
Sun Jun 16 09:10:10  woqWLo01y HYmPXa.ox9QJYH0ZnL.Oio bHRw8YOMRWCVugSzFOPp.MgWssO1W C5Ynh vjaszj7m422bzYerDvOa
2016/03/09 13:30:56.98272    jVpnlkkLdq45902YZxK0IgkwA9zScR1bPWPSAFUzMxk7NhP FJuhSfNN0Yte.Tk6V1Y7LkEWE2I
2018/03/01 16:42:27  j7VUducobICWBXdUC3PpXERx3RzALT1t L h h .R9cm7aendTc5qRQZR4.3sVpk1uylcF0UUe3nrnRo7dh7v3r3iWowHpxN7WYM
1998/02/05 16:18:09     71yxJGPBJXAD .h0vNiWdZfPM7IxVgti
Wed Jan 18 09:08:44   DOgHwe5MRr3KbGXIiLt5tHU0EWcAcnxXFsvij3m5SBRunOu9gc i4xSiiiSorL hkeHS2N 9LK1UgzAjC
Mon Dec 05 17:58:22     zTddv9MoI8My2vFe.cPS38RWMV4xTBoceHEQ8Qt6duTX9Vuj92FBj3J9Fgc5IIZRzmLv7yQoG7xnXJNFnGo7
Wed Jun 21 15:38:36 wjUliVfHzp5Ge5wnEkV8uFtQ8UvIudCfbCzAcKDgA5WsHq1gC28Ea8bVDA9O 7WMajPJ48LdUrdFBnktB tK
Tue Feb 15 23:24:57  Cyj5U3WbHX7IDlmAhyj9.IzAEL VI3n8c1XY0iqbMd9NHxXglts.MJqlyVJrwZ8ewExYdMRRHqFHZ
Mon Feb 09 05:48:02     PX6atZ5BJrBkKJu64W5CkQRHKQQgclgq61OjY7B9k3PQFdUVSX421ukLmcAVkMbSrEYLjEVTA9Kfny3fpoBZPoXqqjlc2lIMXh1v
Tue Jul 21 07:03:45     jUooCzaHv2Qigtl lj
Tue Aug 23 09:44:00 F PWNr82oN rNPDdveyyqAk3SuOPImVBIiPXtl1yCWhUZhgLEhtc3
Wed Feb 21 17:55:36     LVXPJED9iKR1nhP88CWOHouue8.rV8cGVBzAiVqnX5rGYtkaJtegu3UH
1993/11/07 06:33:22    5OHZNUjH8DOA9k0M9pB
2017/03/21 23:25:27.206736 HK0Wl6Zf2k2Pino98ltYvVu1D.2x D5v8RMGAppvR3Z odNMygAMyCXUcK.s.ScyMTIy.Is2mB2EbsEPP7l.HVmqYVo63pQV
Fri Nov 16 22:28:58   uGXKZkDrN5zuetHjxRZmfZNlxrJC
2001/08/21 00:11:11.433314 AmiYNSbB7rpvSh7tcDiQvNO6CEO7ULKL8KEeb7307oKekEJLSRzZDRZhE cLFuX8TZJuS2.Zd.kPy
2012/04/06 08:21:50.196087  ruQweD750sqsYVQOh2jdavowvFwtXJ28gK9iqTq5RUK.P9zl.tJM5CPJ5lVkhy7oM1bqK47v.lnMK3mGxLHk3P35Df
Sun Apr 13 03:31:38   Ek3mZ6KIw0SWoUzJSP0sIWIIp1FFwHUU4.RAloz7gUCqo2PEVtT1.sdjaVNNlT7QL.pth741wXNzyh 9Y8s6r6.gnI2rc
Wed Apr 19 18:55:16     xekdG nsMw6joB
2006/07/23 09:59:26.599837   4N9lvvCC7hZacMTEvF3Rmbf2 WIMmTHtjGnml0FfMW1otSQWnP Vc7jZ71r2dRbLF0DUNOq6Y9F7a1pHfyzfC8IwN6RefgDn7sO
Thu Aug 22 12:21:30  1rXi9r166bx4s2JElpq
Sat Dec 04 17:22:00   I7czGn02oz1n4F yy7A2kx71yFDNrvYpX3AUTQfUCy9Aa9ZZ9vUU7hIumwqpy3B2qIuGx
2015/09/08 19:43:15.958143  bnfrMywPqRE3jwGEdU6phYneCRIyRJCnku
1994/09/21 02:52:42.931006     SKPy5PoIwYjPGaY7gpC82v5dDP SMMMbF90G4fp6hjUk1lzkbqJ3.wWZiVuR0XGHr2w8TaBXYc
Sun Sep 12 17:29:40    72.sk8e.988RfmR4aoKBcOr.ileGg
2000/04/21 03:04:07.982478  l94NWjYbt2IjeTkNgkdoyJJWKnSwnrl3 UKh8.sTAZfgb8ywCb..rF2Gp1xAfnEKUgwkR 
Wed Dec 16 16:51:37   s2LG1x.2XM13SsjcEaq
2013/10/03 17:38:47   A.24CIw6hR
2012/11/05 22:03:34 erBt8SIsIHQAd K41pG
2006/09/18 22:14:01   JWfiahry7gf
Thu Mar 04 02:26:55     50AhSL32vh.IQau5dMmog2Je2SYdYAl0GXYb2XZoOj4j17iIhnsgnZTlcTeooqA91TBKEu.8ZPoM0czjZOA.u05pXrD5 5wGD
Tue Nov 08 16:01:47 Uhp171u93.giYPZ.48T3kxL gI.ibbmFeRw
2019/05/23 23:42:08   y70sI1lDFMlADY77Gdo bfLCKyKIEh.pQLDpxiicGLg3UHm1BSj7EFIpnsZU YZE5qGC0vQgUtKv55s5GBkQ4a6YAz
Wed Oct 16 08:05:26    84W8dvEQuAg.lXOFwe eadPz0M7LPENcoZwIr5Qvq7HAjzGipaLXeyE5C.CLOP6ZpygoSbr4Y0hTHb6P2id4.fi
2007/02/15 02:46:57.49882  soDcPc3kWKnLXrWeAAKjEpNNwjy7J40.zcs.fjhsuhJhUIkpdkqNhj4T1V 73YzstYmz8LS.25aIAEKDP
2003/07/20 18:33:08  BbEyZ.kUDZGLVleqWHYB243MitXlH6JSvOx.GBNUn7aEnrZOIuN
Wed Sep 27 05:36:52   TYbQkGUV39Rw5.XV1C 6KnZwFWv75Xnf69VPYYSq
2018/06/26 15:44:10  nFci1pyGHaqDRjHx.jr7Nn9AZGvVdEbsaqs8sw76V.R
2010/05/20 08:18:09.212687 xqwT8lZ6UtjaOANfmXusUK4BV8SBm5545qr.kzMf1UpSEtgbWL3iAfdurEjAEGYgm1cfEJZPRPl
Fri Sep 01 00:34:06 IaKbfTM8c5ikgwYep
Sat Oct 04 04:07:44 ecOpVezxeW2E3SFqcJEHpTbkOyz5vo598hgFyDSMdUN9M38rDoJEZi3pI5bEST.EzqJTSQqIl
2009/10/10 16:51:21 FIE01Ma6arlInfDPFkfulbmL9mJLU.QVow8OSE2BvrCMN1SAg7CdRjwvkjHbHbDaz.HUW4zl7HbnPzjw3
Sun Feb 11 22:05:16    SXmT9oRkGR
Tue Aug 01 23:53:51  CP97q4ald 0dsg2PS1 .KcUPPjulH Ms5OfPhO8n9lOVFy. XaMuYgYtCCW1PeoYaF
Tue Oct 23 13:21:21 K0KT8vqoedtdYU2 Bv5RR7UBU0eq4uzUmf Zx
1995/07/05 05:54:29.51382    scja9ce6aSDB3VpRaDDCE2aKEKVZbSczoSqlX9GeJ.mru 29z1nkpE c4UXFvLfxodODuqU0OpxUeahwg1W
Sun Mar 07 01:35:02  aaSKz553GtrgVjEaQ8irLzs0ZUu6K5F4CfqJ4Urc6fmidDO4ASITaL4LCJPvtrC9
Fri Jun 09 22:44:21    7hjAPh35IMR3iAyCTbi6q2k2TiEH7US LVfjIWSj1q
Fri Nov 01 04:22:33  9MY3Cqcl3.NfA3FFX79
2004/11/23 09:07:33     EMgRfXyEL66rU sMfWiH8nA.FbU2vj25
2000/05/09 21:47:10.432674 uafAEyExR eoqEPjjeRdbR BBhI00jHl0BrPnwFz1niJWxdzBTlu7
2018/06/28 22:57:09 wZqCWwNWWvt1ncMAm07n9BWKnxnBrCSf1UnHG
Sun Jul 02 03:56:36   g9KcB9fFzwy2Ro2w5OXhEHvyMFg8izjfx1nt01 HtVqi
Sun Jul 26 05:24:04  09oMOy2JrIeB9o23LC66p8bq.Vzulkp
Fri Aug 10 14:30:03    ZxhCyUkcQ.r9Wj32je3fOYG
2000/09/03 15:34:41.735461    PZApHfBNciGP7KspduZFe
Sat Dec 19 08:03:36 .7yZ2UTZ8lrRjLPXVM8W3pFQZYoKRRdMAgBZmyYE22zsbzMpu22m9p.iKQbAoK
2016/11/01 03:52:29.41407 r Dk6HDd9pXXe9YySTEegOJCKI7Pa5ovgAPXTwfHZTCWwZHkpPwSfccYYYwcb33XTluLcER2tdK
2018/12/13 01:50:34     d.BFkcgrqmoBsJtDrEtXlj32mbpBifZ0g25aJS8Hm88Lpwppjesrg9lN8tLAVWEwUw9nneFR1Un3cRVrPaAlnIUesomsqP9
Sat Sep 21 15:54:12   uY09HzizC9Omqgr3WUefw3hURtD26QuT0mzCa3DepTXSaTaSBme4RGWcYUd
2002/01/03 12:05:33 XoNw9PnKVr
1997/03/21 17:53:39.386196     PILZXE8ldBEDqGpkY1dr
2002/11/16 19:53:03.683139   IMltSODzS.ey0F VCQoaPTfmW
Sat Feb 18 02:33:24 wCICPGtPqV
Tue Nov 15 07:27:40    zhq5ydX8mEZAc9yw0dgxRUN0kH4jOkY06nfzc5BL3meZni4x84hWGG04EFL1oXNN0nEH0zVLfEFJ.n27FoATEBZ 7hxYk
2012/10/05 17:32:21.433542   5BJIF1BVofHGjj
Thu Apr 14 17:04:02     ZkwanGh2nHy0mcDvXBbksy81NqcyYvcM9Ej3JQnPbq
2010/12/05 05:26:52.185794  DUv7ALbA5TbeG9qQZaY3ZQUE8K4mxq7OJ...MurtsbfmSfYs1DhQpCOkTF9gjAkGz9kw DuV56oAszTjEQlasQ0UdGOmDkrffN
Mon Sep 09 00:35:21     VwoL3UiZgdHAo9VMpwBCJFpr79vxy .r7w6eYJ9kaILZToJMVjPrNLg9hJ5Jc3IJwaDVAFLh4XJlPjTZoM30IdB
Fri Oct 18 03:28:35     l70JaGLORewxz5lhmOIRbGbkQwj7KToxDA0IWsA RTlMIGEF9Kr.aL6k d kP9zeSZxeoYcLMp5lm
Wed Aug 13 16:25:42   fepfwF7FgqkIf0NjVCbIQTF
2016/09/04 18:04:04 XJmq6RgICWOfxruw2MPgxKJlsm02U9ePVBq nB4YKJ
2008/11/12 06:02:18    AkI71LEiobmdCkJruhQAl8EYi7.OgZduVTSb QOyKU
Mon Jan 03 13:10:29   tNg7lKI41Be.fWgLEoM nUlzwQqN1Ha4UDiUfMC5bUIqy91
2003/03/02 03:33:02 m51VaEB2sBLEU7ErmS.hUa OrGYQO3XKee0 G7kbfrOj.VL5SzJl5oatoBY9q6eF7WV9W
1996/01/20 23:24:13   wuwKQ6hvwF1RF1MFfzDfXQ
Sat Nov 26 09:21:07  fUaiByr0E 7gCZsjSXVepw5A3 m5p6E RcLqBWUmydXscLaUY6qIo498w9QIz1A18mq
2010/10/23 04:36:03   mzSrXOQOb 
Tue Jul 06 13:44:47    yYejWvfOgP.NgbwGoBT5YxFqNhNTTBGChpZ1g2
2018/09/08 22:46:23.552003 ijp.UsCK5Vrm6lERBdrTkm0E9
Sat Mar 09 08:25:41    Q4LisMlsS9uR2qv9L8WRS31FPEnwCtR5HgFlkv9qYGJ ABqGoiq3m1nDEvZPsNyiAkrOW
Sun Apr 26 07:43:08     ZXohQtc5WjUjpWyYMjtTg3cTklCVWI2ZJEfISlBB
1992/02/13 00:54:53    VN.RSExRtzB4yRAEvnSaMgNomyTRoIQJ.KcJxnep
Tue Jun 20 21:51:39    8ImrLJARnqCGwJjsY0kflT4E3KbXl9nh80WLOSggDWBQMI5IiHJJsRFG6B7GGgeMrjcHoGqKT4d8C
1993/02/12 17:40:05 SaXktgpxAzm5..i7BP5SAgMsABS92WERlUi IyyVMe6iSIY27YE i781eW8e1YQX3P2vD8
1994/04/01 15:29:05.65189     0qybM5f0PYunpXfvCsJ8lSTN5PKUfko83Id2BlZIyY3OYrRpEQFbVlu767AHvkzf0 uFAFtV6TI
Wed Apr 28 18:50:56    yicfCFhBUsKCm1R5qObsMWmG0ykKBtzuelljACqHB
1993/06/27 05:28:45.975478   sXTzoZbC2R9sxHK8
Tue Dec 22 09:22:11   TEm0oubKt0mJswiy5J3TqH2p.Ej8pmJU47CE.2
Sat Apr 14 19:25:43   DZMxLjrgkutYL
2013/03/21 04:21:46.298512   ClIlbVxyVtOAD0vdBSZCvJMiT9JGlsW2Cp34GoGrZ6
Fri Mar 14 00:30:16 1jkkEXNoG.lRpLTB9 HB6chDbH8Lp8gALP1dYOeFpwwF27IUETCAK.oFTk5KueGvbecC.7rK1n8GraTHi
Thu Nov 07 06:01:49   ug9sblUIBtTIc4VvLv7NWKzpgYK2 oN.6R1NO.xxzX1tKmBinG8w7tFld7JsXW3amM.boPyoRH8sB FVp4IrOWOU6
1990/10/03 03:51:08  HSlqnnabMfJx1JYQV1zlY XXzG32CrdDKHy3hrClqQyzwL7TJ8xisG75SV8Sdd2xJ9gGGhLmt5zkyzKJWvIXPo1wPW70M
2021/05/16 15:40:16  jU6tysv WDiW4JLLHzF4WBt2K44zWfbW.NTnWOXyH2iIU0X 2uJEmfWKlgHDXhA
Fri Mar 18 20:54:57     VcOX89Pt ZpR0C 5y6WO9mLM9
2015/06/23 14:28:18.415518     fkWs8Cv4LmK3 FX O8Ep71gEoE.jlZoxdUy2ciRiERqkAIBV7hdVaKnT uDjnEKnR4ZheS8T
Mon Apr 21 18:57:22 vyj6rGH65u0lfLf4hhEWnifiPwh
Thu Nov 10 01:20:47    FUlEgrXXuVnnrKIJEAHHuQGoe
2001/11/19 08:34:36    bxuJIEnY  djvH9ReVxBnWBhzLbutGAxXMM.c1zFkpXrlAvfNT5NgDwZfkBHnUR2SK9D9ZmsUxRMHZhlEXV25oba124zxfUDOT
Fri Nov 09 04:21:28    vC4nAhmZ10qd.AIDEG9x42BIsWyTk73yJWtOJEm6obLIi8Q4SY
Sun Jun 20 08:47:57   342rlk7CD.IZF2UuJ8jsnTyBNTkb5KrKyBXPz6ZbiblkGdy3BjF7ETfh.HZSC6SjWqUIxg
Sat Jul 21 14:16:27  4BeQuSnck5PxEGsul G8GMV
Sun Nov 12 10:32:13    juKy4jZPDVY8mQObf3
Tue Sep 18 06:38:55    kQrtnX5D8uUAL
2001/04/16 14:03:26.482365    eW281RVAnX0UdEYoi4ZqaTc5MjV3w.F YsvLOWBp1HUBwxVvqrxBidX63jMOtctXOEb6Vz6
Sat Dec 14 09:15:25 d2xlgI362N9U2E46wRgOUKHnYfxvi7lQGYMbfTeC8ERDx4Va9yH9EGxLmqvW50Snmcekc0VvjE ZLnOm0TNLanBzs6oeyqA
2020/08/05 16:23:53.135445 G4U.HcuChHWOGCv9kUiBLeMNF8pp.kmRwDbygmFmib7OUmUmli2k 5PG 2V
1997/05/05 09:02:10.543952   b .d8bKUYEcrzHwutrA9ss0OdCJ
Sun Dec 28 05:22:22  0ppO8NUsEwNpDybcSvj2FbNFQrgg.ropFyeYMdquCmQ0n5rYaTf1x9brpVML8
1992/11/06 03:33:01.202553    HeSY3vnNi5yY F1lJL2.32GR8A8NJG6wNa25wQ zMzC6uV31hNA1Y0ZAPXOEWyjlV2ksw6xgpw9m9S4KKT7qIOS
Thu Mar 06 16:18:25    fUa3F5p.F8jAC.LyMBv4r9YyQ4lWot8t5aNthNsyEI7mqdsFj.U97drPlI1HbiVrxeEadRIgcxucV6v
Sun Oct 07 00:42:46     ADJrfdrSn6mHQHSaaAegcBVKLRCT3DyhguSt34U
2009/10/13 09:38:27.995772   3QKl Jt9Va5zkqEUE7MrtvvBokX F4mN6OLkV3hlCNfz2VBgGZbRSzHxTSpDYLiltX3J1txFY40BJ0qzogVaca4
1999/02/27 17:19:07.270626 x1ZEVie99Jg8eKcBF34pc7kB7NKpSyN32qJH9rug
Sun Jun 03 19:15:17     ro6I2o65ygJp3mR
2006/01/19 20:05:58.660047     enPEsVrGHETuQ HgfWg.X9vAAWHc2nHTiNCAD6S.CivrF3e0zzzl
Fri Jan 15 20:07:49   Gv40P WmWxzSDMmjGJSnkX62OQglAfOz1AxKLV9qHsDXWdeSH4Hf9KijuJQhG6bBhBnhI1j406
2015/09/23 15:55:37.488766     t.oKBlnBSCWIsROK5zq3C8plSXgYhR9EuKga0aRI2UGYU
1993/05/09 09:03:13.646662  OgkZm5yZSCELlncZgp e0g95oQZjhKw1OIk6IdQWCelxm7ctinRp
2015/11/19 18:34:57.891965    VxyeUyrRuWkwpNcIVaVV0EywiiaczatLZYmCShNPh
Tue Aug 18 05:38:47 lZDSFZmxzEAtFy48ggFM4muRhxSawzK rZOTOhfAnfzyyFbc4SDIUTmFlxsvnrTLOGwW8OvX7h0gUunMlGF .Dm3REE7pWVrvvN
2012/11/05 08:55:25.445139    g4KtyIOP2dP4z4HPTMD8chkbNzoiqf2FJju.oGI2sORZqCSOtfWPQwrJYJM3iErMFH0K2XIbN20k9J9 2UuJe6t0ZQi
Sun Jun 26 05:51:40     2CUoxgh2N2.gX9
Sun Mar 22 04:30:57    JcdcWhGA3ePl7IyM
1994/10/08 12:25:13.727885   Kcm4R0lqLmDqd5F2V
1999/10/04 10:54:06.668867   F.NZM7PsOtjXai0wUmHjpLrthTDhYcIS2Sw5A.N00NemWSInQaatDvT4tFftLrkdfWpPEIwJ9cLIlLR8bsk.X1JykLGJHvM
1993/06/19 09:48:41    XJ5XIe6km4G0NiEwp 8BiFssy2NpWVuyDiF5UZR
Sat Jun 17 16:49:42 lAZLp8MUTra8FxJ
2009/07/19 03:36:44     a5BMVeIcU5GGHPNoTbwQjOxJkNfMptM AjQn57IuJxg7zBtypgjQgMmZqrONcO
Fri Oct 20 21:52:21  CE59uu7i4rBpiZ7pvxKybDKfiDEOaP88 EJTzx6JlEKDytw63UZAJH1P4WGIz
2019/05/03 02:41:29   vDeQwAuQyBM0BrWML e4ziBy VYFTk.mBAMIzoJ3Z.pFe10Vfwru47Vw
Tue Jun 16 18:33:55     w2maPmmZdytPTWIlieIjDguqmD1Z.EGRnPBIEgspqchPZwSb4taaXfPKcvBWHDbBtfrEmRXk
2010/07/02 18:29:48 IFTB.eDzpbq6NkbXPlkHfNnMTYIHfCQlA6vUaYYC0wrm XdEqw76.fqb1dmm1XGZQRHM
Thu Mar 12 12:11:24     Cz6T5BfvH9bXELzFDLGZcKE4eoj4W6Aj SP9.ngZG5dkukk04nwx3GvdIgMm6YU5olOYNb l31AAgzposclv0
2015/12/26 03:55:36 0eYtzke8GuklkokVS
Sun Sep 04 04:34:52  8GqLBwtLRmQA8xZ
Sun Jul 12 09:14:24  Kn qUQCV0j3s OtKLqKORh00NNbkDYzKl3ujWqmYl
Sat Apr 16 08:28:46 gBo2wbh5Gu41hFxjDVsM950mGyGgEn8YJ .HYHOp
2017/02/20 05:29:52.719222     Phk mw29DN9R1IrGxO8BOQI9HLZQT8NfP4p6tvesc.roWt03oRmmbntJZgwOaZsOXAxsUB yyC7Eo.zfiEBF9PChz My
Sat Apr 18 16:29:16    SJ1RQvopdpKWaui Qr .a7WY.DMic60UD4WmSg8gyYuTNr3qlgj U13AUrCOpGOkk3rOD3
2019/09/02 20:18:12.953609    Lqgztn.SrZLaCDy7z9RpBk94mPfmOY1hvsoIZoMuraC5fXEeaYkx08E 8KDGPz4UQbenlUKgqFTzB9vIKT
2021/06/10 03:15:21.106018  5q53Lq2jAp
2019/12/17 07:21:05  neGQgh2aiU4sKR0FfS1I7OE9sXy9Jf4r2rh7oMmXV4z.Sawfl iQs3x6B.i1T25GoKWW0Rvxlm4R
Tue Jun 14 19:56:10  PxQ k7DfsD4l3gZO
Thu Apr 21 12:23:17    BDIhwli8gBI7e0NVTpDFhK59VVFjIegihT3sBJ6W ueYDEEW2 1min4mldTV
Wed Nov 01 00:08:55    JhzUspHZWCw8qy3Zq8ha5Fw8fpd9VyFKSy661uvbjpYtvBeLNCa 2w9yZnS40 coX.RGuf39A5A41gpWBgBt10HdDcmeccYdr
1998/01/26 23:31:10  PTntMS22trRmps5SXXmcNUraEVpyq7x
2019/02/10 18:22:05.524086    pY8eCWqum9x yxeAxmlvOusj5wcUGPXqVx5jm4LGwVZL9fs7YcEnqT2vdjbUZh4bl5
Tue Apr 25 05:54:15 aQvDQt3pHXlmu3wBADEGsFfbLVs2QWQo5c4cuKQJEkpSh6BA3UoyXH.23gpkOU3706AD1Y.at9iAe1UxykXFkFD.qh
Sun Jun 18 02:56:30  4.8pbzFs3eMuF66RkhIP5e5YEOUGy4Rhfa1a
2003/12/24 07:33:42 vKV7TvtJ0vgaeq8hc0Dp1rhdf3qa5JO.pxRsvkUCLce5xaeawTpB2NgbmJF WA1mqqTOpMV8U
Wed Mar 28 00:39:17 h32NIsnAJ0e3vCf O 0EC0dmYomrUaGBHVN.gD M.xPTzgVovmu5rLtLCfbbaZBnNsAPlmi14jD3MH90lOjZ
Thu May 24 09:13:13  TPgBFxxWaMslkryycK1S QXxKu8iOVDIsCc966ZZc3.28rzbzgHyFEsURvXxDJdej1CvcDJ89.RGeuY.U
2016/09/20 10:59:26.248912    oVxyLztY685fS6HCPLvYkXRqKqcJe3W oi8tg3CZDEF9K94aIg DW66w7ySOJowle0 0j2LzuvnNNUjFZZfZcFMcgP
2022/05/07 19:57:08.528343    afmdV4AFfnXgquKjBKiFetffURiUgFFfr1YVAj6NM WK6njHd1n8XKzc.4.kr1qPdydK0jBoQ8SOdKV7MXg33Dw8Ok 
2013/09/07 05:48:39   SAUeor8V5SpH
2009/10/17 00:22:06.379268   s5.fmM3 X3mdksR.5x KZd1rm76q58xfLnm6vmllk1UqvfMaGQb.e
Sat Jul 13 18:42:20    HexRq4GK8UvuG6ieX8gzLQTyuXD65eIMQUy0rbfBTLCzg7e
Mon Mar 21 18:22:28  1nBPYAhQBaL
2013/04/14 13:13:15.391971     VznOJ63wDCKO2yPCOJItDgTTkJh88Tu5I05.sghoegdYZPRgcJ06y3alv4Z
2009/01/20 20:55:03   MAwyz415a2tIOXDPdWEb2h.cDIU9yuNdzsT J9lRHjbAHz1
2003/01/22 15:45:47   nkMXYISOcKV6TZENdOdIcGszkLAk3p05xBXPuUNVkFq3DdDpfgDRky1SKfEBpQ5
Thu Aug 21 07:20:13   fbuv801B3TCjjGO.bsbOzdsc3OseupoRZDDmTf VX
2007/02/11 20:43:05.798507  ZF9M02 r4xgM6JxNWSzA.re2yHKGDhJY.KjsHTDhnzQS7u264
2005/09/27 20:52:48.826072   lDKOMnKb.ykBAqpqrIUFUc
Sun Jul 25 14:54:31   NVILsXEVBUyamhTDjMNkvpmI97YXBP2IqiWkyPw57
Sun Feb 11 09:29:26   irANaDIYegmqWA7KBzCxMvxzunJhqwJQzTtvOe7MpDIUOT3PUyBMnpzYedrc4RcVZBQVYTGx
Sat May 02 21:13:31     Q18ZoOoqIz35R888F
Tue May 05 22:03:32 YE3g zlsxabTNZ0dNngykVHngQAhXSRoMeF0qM0ZwLKMFSlpJnAoIVMxdvhW8Ay3DB
Mon Jan 05 13:47:45    xDHF8s9HxFLLOM1IqmHZcS3LmMqPabt7ID7EpIjBcaGt.GYh2p6srhJxQqNBKdFemiVP
1995/11/16 10:27:42     ET2F2Ohud.Xby4w8NTm
Mon Aug 21 18:23:32     c29qPrLkLFR5TxceDsq1nQP9k p9fiLEwdYhhjmKH6h7Sn8 Uq3adzhEmr.daMQ89q
Sat Apr 15 10:02:30 9vEmJKyLidao7jcKLp MwwAvdrUK81jS1rRcSotJlSP9duLsTZD1xyZSXn 
Tue Jun 18 11:59:06    CVqT3NNq1DF3psoUep9Lu0JsDXtFCGapJxJYxm
1992/04/08 14:47:22   NZOaT5.1U4MZm3yd6MX6qt.NTF8MskDFUx4acIdWq1KsYd7y42UpvMemHXsClMhFyr5k7nuSBaP.laxpwMNg4SQaroLYY
2015/06/17 10:20:36.423514     5ZelEfMW5.nBPtmQF7DtVBnHn2CMlt.4TlaQARWeLNfzOzvsAe
1995/02/07 13:26:10  3veR65beA06t cMJtA99oRWp37h7Q.bFAjcbVQ25ZLNpM5hNUvYx4WOkwx.fGyNHdUTb4PrIzGaes5lbaIRkHmwdoR
1992/12/13 06:28:40     xGrDHbgRw7MJGRzg vHqPbboX
2005/04/23 15:25:31.169626 S 2jw58UITfAzc1VaOxQ8w20weB jOu6UNMx5Sd6CpbM3Ta
Sat Mar 15 10:30:30 LhF4gM4dJC0drUPGfC27M ed8X dtgAJUEO47iu.3et.KaSBw
Thu May 13 13:44:54 EiD4CeAfsR4Z115SoJQzYA74S8Oh68WAHfN5X.rqMS2WrM1zt
Wed Jul 09 19:36:37   z5BKYuVPIXMf8mpAYE2AOJktKzNmeQGkjAwAWf7fOxFEDwXriWeQzy6n8C2eSpi866Nytjnalpvah.S8e
Mon Feb 16 20:18:29    mqh24xigWSHwGM2qFxYGEVOE32xjoT 17Glkv
2021/01/08 17:55:42    ss6sIdBLsLNYT.G62A42EjDBqcQa6RnqBYXhrbodew2RAb Rm85PwkoVEFoBUjxlsh8cfdcCJn
Sat Jun 20 06:09:00 Q7VbFrwezqs0UVffZRwoelB8neF.mgkv9UrCYjL3d.4Q0xQK8U
2019/04/11 22:43:10   gX8giaBKf9irXlmgQcar4j1IbqisH3nskgO6rDYQ5AFgVwTCYXIlgXZZ6v.BWS4HYWAOAXYzX1o40a9DAFIPsu26J6
Fri Mar 14 19:08:14   3gqRqT2HE3JPQ
2013/03/07 21:45:36.437164    W5I1GsGf0rK7mioWkt4tXjSYPtScvnO38xHxq0fEw0xs4yqHT5ZUvcEGrp1pjGjWTqYKW.YkD
Mon Jan 27 07:15:42   oUykYgYi0A6OmfFwGFuRmDjZD1FUZoHR.GuyoZ8znM X6utN9qMfQcwlb9TIkfFWJhpMvb4l192I3SdHFJ.vk
1990/09/05 02:05:37.49153 ACf fnmheuRp0lm6ay59L1ZXkwNkGE9hRz0hYbVKrMIDg1n6ZZ7Zs4whFbuS1Vxeam8UARStpI8iS.jws61etzFy5w4JN.2KV8rk
2020/07/06 20:05:56     DRmhba2yTT5N5MsSmjIhrHxk.ugs6FDI7RMsYvPGniyvoZb
2022/07/18 16:35:07    OPzeiKzSIdW1IyBrBm4BgKL4N.FUNbrdJr9G.QoGU.X3GYngSlX4z7tktZdSRifDkvkZEPvbOPaLJya.NY9deq3SMnPc
Sun Dec 18 02:46:44 wsB6NwOBNinokNs5gDAhP
Sat Jan 28 19:30:17   aLvdKbju3aIx.UdCYA0qLsK0Mkp0tYYQkchmfN. eJCKK9O2rm9LE1maJE7yuD4QIZpM1nbmqHK6jC
Sat Nov 09 21:39:37     qhOfL.604FPC4em1HQqbTedLgu6ltlyG5GOIY H.X8wvmkqmofK3XLdTgrHc6vCF8rJuRtWRbz1bXj3u9dlSTtvQdWb4Vo2oe7u
2001/01/11 13:04:01.68730   3UMqRFM6YC0S88Pr3RYDmW9IBTqnrvGlvzYpStsOol67.kp4eJ9PWtGhKJFFQ6RNXkf5IP9uXRau7Q.l6E.n2 l.o
Sun Apr 23 19:23:19  98D69XhkdhvPqXf1q4zr8VtCH6a.yoFg.F3o4cBBSwnSVT
2008/06/15 03:58:07.388284     Nl.rNtn fJ835dMuwjZcBSpoTUU.MG8QqXzjHaw7KoQDMZo5c9
Wed Nov 16 03:37:15  vGXK6q9ThKk1Sf595a.uk1Ri3w7r6bfYBBE4
Fri Dec 13 10:33:37     Z2baW0VM2hiRx83j inW5KjKToY2IyuQoqGq87ZrMCp4iIIGUU0e7zgaMW
2011/03/19 01:30:44  vHOhFizbLqcoXmAe
1998/02/15 21:40:25  D6RSknUvmRSKRZKxn8IYYGLgpL4XtC1dKiuk.JDnJafZQQnbn9mPrQXGRsW cz
Fri Jun 04 03:34:17  xOfzpHCqTH802sh5clnU3hR5WGYkeNkNTKtLIcATZUWve0tqzyyoS.4OdHK
Fri Jun 22 23:01:17  r.H34ul5u4T2V1TJK2IYzaIoIpi
Wed May 08 05:28:47   F58zbzvsTeboXbyQDorC
1991/03/22 00:20:22.182426     CJKQZQbXEx0NdjoEjOqR3uZNEtUcxz9JwG68aXESGAnZiNuVF4b3Qg525TjQjg3CNkgkIKB4YDsyS95kdWBKin
2022/05/11 21:44:45.732107  UtLMOgjHkF6k6icsZWzjrcaNvzi3hWDUsQlRnUCVbwf2brb3RnDEeh2Dd2bIWPnzYcXPAq
Tue Apr 06 17:50:35    aJzyIkacJuyGLqNcfD0680fIXyWyRKAzmANdbDsgRIhkjo74xhxR6mBBrxlRUNN5MBipjhomk4yXoxWaTkkz6
2021/01/15 23:34:10 hQp.v2UgtjYgF3P8NMV3zS3We1Lg5c r8RoL88VpW9YpQ1Qt7GoS8V
2015/12/03 19:02:19 iWUDqxvaE2K2eoK00MNHKluiwOsJUE0OFroY60Zuv5 ajQPkf3BvbvWE8aMwuqPYLQ0 TIhn4mC2FBrBJZi7e
Tue May 09 07:36:21 bp0bp7ZkHJKmY IVewsrqec5DQy6gakKONC7TRg3CBikGTrR9rGIjUK.0xmS9HThanb5hRPF2rl2RdojHMnb7BQWdJWrFo0CH
2019/10/13 15:05:37.28967   gFN8j.0UKcWM3t 
Wed Jun 22 05:09:42     vKzARWEmjRRFhMEtqyLUzuA3BI.n5wqwKLB258sj
2008/10/23 14:13:10  dL6VAD8IUV4NLwecERMfj9q.QueGLAnULNBinYHLelBczbJqnD
Sat Jun 11 08:14:58  VjxKNY.eLbQb1fgLM4F8Kn33QK2 zbuMyBrgIji88.uF5hrXLDb1eb
Mon Feb 23 22:10:05  voi67ePCQ69mYlWeFcAq257PAqBthUOVevn8HcGGLie6ybY.X8V2yC8A6A
Tue Nov 26 05:28:37  RTtH9GkA9H.3YdfEU.jTjjCnK
2022/04/26 15:14:33.124269     le2HKyg9zy1SKMnwqWj6NdHsQCfld8wz2
Thu Oct 27 06:26:08    WP3mlGwd2wv 2ACKpYl573SAlpo9X2slgBMbcxrN0vzSAwvEWxptwN2smgjuuX.vIvRI0rX3RJOw0232A6HVizLf
2001/08/09 07:01:33.337400   pZFWUNFcy4baKJd0Pw AwGNVaFgRmQFHP04fKQCDZLJR7CVaObBkMCi5zT9rbaXcCZ VqbVY
1994/11/05 00:54:37     ct6SDLJWb48SMmW8BdEnQIGsoOO nWv3hC.7AW7j1KgUb.oHIdlTI
1999/03/27 03:55:20.770388  JPkif5dkre0.OjTuOwo734gie
Sun Sep 18 19:38:13  3U5GS8M2.D5XdVx.XC8MsQSbwYcNca 1VkcCi5EklvFD9w9tfLpzkX0dk1Y LV.NN.E7Lb8p1DRKL41Ma DYANDh
2013/04/18 21:22:51  xrZnbOWxYzjJZU5IgTsWkkv PHJ3KEr9Su6UFmkllD0DiL7pMKJf54S
Thu Dec 21 18:06:46 fxcwKtCUeBlt4r
Fri Jul 21 21:11:18   aMAAEL31d5cwWP8.DjZzttDbxrjJsUvppndLKZL8n6.fVpDEeNrTS73ke6S
2001/07/23 20:50:12    k1cZW5g4C0b1M8lnfm XoYil6VjpG8e72IQ
1999/09/23 17:39:38.201717  tl9gAeoSoiRUediNkdLC3kSplcYZS733o2JPitK7NAFTn1q0x.faXQ.bmig
2013/05/05 03:38:38  bo3ztj.ncUpJr
2022/02/20 06:06:18.599493  fQwlyHsODzMll1DBU
Sun May 22 11:51:46  wW8jXD6Jo245QghUDa.oa9ASAYRcxGNW0BjTS.jWfrrzfJ3xuVRddvxt3w05LykpdnEx22fxT7ntKrlM57IRt3ewOofgStoHGiVZ
Sat Apr 02 12:17:19 uUzJPDSToU3.R8ekY2Wo
2006/07/13 19:49:11.859159  qdR5Xw7XHIcKxyx28G ntPBatOKpfHJQ.eTG0IGep.Ai5Kv1DtrPkA
Tue Aug 07 23:14:36   p0.KNmFGPjka4Zw tUeN8wa jGYs2se 8Kc74JiuITJf Eul8XVjN 41JcjjdI5
2006/01/13 10:03:08     aZ1ynvike4v
2016/05/13 15:46:55.696521 QlSluOjZOXi4rZeknzN90frwD.KIFUIt3xPyBO uMHnLOY GPLpkxbgQc28wiH6zYc0vUBrjNDQ l1
Wed Jul 26 18:08:12 415HcHB6WQKGWKuk vRENcrV ewTY.8jIdsTxJmJPwUWN0jzY7sSx4AsJvr4TxRjvYu3vyfleIq0uo0MoNM8hjX04Pqw9DPe
1997/04/16 18:27:12 ZRKSpZIvCKrpZXNtBB2SZ IclZ91pO8gfKE2ZzyCVcl2DIg.Rzs4arsuLrgWfYpYmSB6Z5seCElWYM9HdVfyB1mGL
Fri Jan 10 17:07:03     52tqKfw87z.pyoGv4S7GlZ
2004/07/08 03:39:46.183675  ggmQe.N60mDf.JUd6SpF rh5YJGxq8yb.yMN676BkruIK9F h8hH.3UQtNcD0N1
2000/06/22 01:02:25  RgGBFrfui6B4fTCGMTALJm6zydDJjkztRyhzOU5.QPjqzW60U0qhtTH.vX2YItvj
Sat Mar 18 03:35:22    f8lhQ8cMp7fMln1NGNQe7VycQ2D2GF.PH4r1AHccBd0sKpVA8YweKAr
2016/08/28 23:31:01 zyD4mU3NO.oAE9aRPO.i1M gCJegrPiUAI13VANqTQB2kw6WvEqXRUqfvCGvJyq
2002/07/02 19:38:58.433827   bu8rJsK6xk0PfmiwR8p
Wed Dec 12 23:00:55   LNwrUwGa8zpspVKwf
Sat Nov 02 23:25:43 GUo9k1Luy.JSak90rMXXzmuSNcjGxZQLj8OK5hNu69BrqkST23yrEujAsRSYWvfE9SuPejj6pmsqUwSjMsvq
2004/01/02 13:31:52   ccE2bgrOUEPjFY4.wcqg2sljM0Vs0kr9fP2AoJ
2022/10/12 14:37:36.674035 s Fp6kzHJEwDyQZf7EnwydQg1iDB1u6r
2005/07/23 01:12:36  3qyIDvsDncsfeuAjiDBxFa NDg1lnO xFzY4
Mon May 06 08:26:27    xXsv.yDah9hsdN7KqfrqysgUAIJRWhbZ0qt
Tue Jan 26 00:54:40     E3oekUysBeR08BiR8OmbH48eALYkgOKNfW86RoFzY
Mon Nov 02 15:13:59     GlL4W97mCo.FJrqjFiOMQ
2018/12/26 07:50:15.907374   70ME1xf5YIv.YQL xL VJwId5zMZgPGg9ye3oYDQ2ah5QB8ok3ogfs w
Fri Jul 14 14:30:49  RxkIGPefnVqiStstnpGThJukrPoaQGcIf6OOR6e7HRoASJe1Tg7gU6AWzAvwScA0t2
2012/12/06 09:10:00    jx4YzcRQVDif
1990/01/24 14:02:43.492597 9B5jdT49.4 k
Sat Aug 11 20:55:56   gWb9WYEgRfTG76c6DXOfqr.XNDdiG17q51l7Zz4lqiYwCwWwrehn2YXMu8bib4BkL4XYS8rl0SMu3PqDrlTz
Thu Feb 01 19:39:37   gVi3UYKee8XuBZ1QXzQGQZoQRqHANLX8b1cIhJLXsBMWT57FQSyXpkSk qwVwtVrx3xtYmCDBzjz9KsKO56o
Wed Nov 18 16:05:45  OgNkb.EHo62Ve62Pfr
Sun Jan 04 14:54:40  8Fz2f9HUESijiVjJ8Ch4rLjIJN.rVqaKPySxT3Nem5k9Fobd09A0W0sKsnUmS2dBQ
Sat Oct 02 10:43:28    YCLPaPSRzggBHIaMOl.fYJE2zsRsJF1zmj
Fri Jun 08 21:49:30   .9aOs9wwjYz3BN393md nI2O8CZ50ITTcYTkqirkOnmqTDU82
2020/10/28 02:30:11     sl4e otIWAPWlzepAl8qss0vWnTY.XUaH0yqvCbyHUTBdG.6J98
1991/12/26 23:17:45.771066  9uRVGOC.c7Oz 5kg4OWL36J94J3rsyM5pADRnPHwePcyCBHJdbif3O2OTxG1PQmt4Ncy8QwCdMC
Tue Aug 13 10:01:01     yVPNJe2Xw6h7HBjWpcZTnhF4kOAhGtcky2x.1TDP55WWV g sTDUWGM6rPLKGh
Wed Mar 25 01:56:27    WpRYOJ cMWYeqMYDy.VUcoC3g8ik4P2xqdReqZGuFaqDlvvqQwkC3GYh
2006/12/10 06:49:02.636809    yZINr0RL1W0nMUzTY6LxQY0zBNVhEKxTzyZXIxA.R9QcY0V0VoA8dwaMjyRbYZXezCwOubTRr7NKIQLLeuTiS0IS
Fri Sep 19 05:33:07   TJYrx8IGr5eNoF5xk2ZSlYQwVfkBIMtGGIwarPtS N2dvGqO18me7loWYu8FmOi CqUhOpm.
1998/02/20 13:53:44.640985     a3ic6NcZIpFV4xkM 6HRYddIXIVapsk7B8 uZXNcW3DccVOSqULZetk6Jju FSNHZb3rD2t2ZQWaZ3.HaA.Mwa
1991/06/17 14:36:19.482349   OFvTAcRT1LL1FwMGhjPlBuXOWXCeE0kgWjnGJlVD8aQolJuFYWKB8GFvSoD.
2008/07/27 16:32:35.588786     eBJ1 IcG46YFc7roX72BRHPG2bsmpgCyf2S56yTW5aL001WkPj3a2l5lm6z68M9ox iDZl8JiS
Wed Oct 17 08:05:35    Cfn5j2yHMn6Phlha1k5oBQd1CbUOsX6DyTrKHBmJpr5w8ryJMBrbz9xcSHhiZi.1OMxp
Wed Apr 27 18:31:28  O2avLfT4MH84OmNpdoorF81B5Hk49LltnN
2009/04/11 10:56:20.21921 wK0Yvp6NiNn2z
Wed Mar 16 13:12:05 GG8eWQzPG 6p9qisp FTr3nXr1HEbCb6QVFtT.2l4BV7sZLlABNKn81s1AxrtkCfr6bb oP9ZTrN7OLf
Thu Sep 05 11:41:35 Rp.CVup5Lbss 9.0u
Fri Jul 21 14:04:34     C rxaUv5zQWHnmJiMceckbua17BQmnDLhSf7QrKe ycJ uljdcKTkPK9c
Wed Apr 05 05:00:22    zsZiLNuQ6E5CvC4mt
2001/02/11 12:37:25.442890   JUkJNrnXNqiKCtmoxjgpXsJuS8pu.mD6psnogsuJYfXvoOksxSwAw4TCfw5
1998/02/07 15:27:10.434469  Dznf ZcnPaWym0YR.6zwgeHS1JAJJD2mAcGVm42vqt1YHtCPsHt1ZBuRh4bbFtz YbTPmrtI4pGpv0kaT9e7bWJPV9tSV
Mon Nov 18 16:25:45   Tiro2o7kY0x0N7xF AYk2rw1dVLmfqdCOiFkczdH 40teQe.suNRyx
Sun Jan 05 01:44:40 WYB H2okzN.
1994/08/26 22:06:39.279547     3Fan sWtL36aCRoLQTDWLSSyyOVO5TxLZNlXu5vXhNWMYcH6lAUAZv.RcbNejhjUeoMDYjzmqDIjpCamw4FtxDwe91D4
1997/05/07 04:51:54 ghc1O3QIsIgX5YF.Jcb8O2uTk6icfQqHB9CZD3NUkss2WGd0ZW.MdUJY.BYg7hDGsMg
2019/01/17 22:26:17.368318   dMC94C1u4vyqR2z5NGE1jfahO3z.g4yrGwhB6Tiz9BZiab3zBqODekPOlGNw7fdF9rA8Lt
2000/04/07 08:30:45   sNuFirJ26F35nuhN0PMrFcImTn3o1DfAt.5egSoGy5EmVTLyDYbdl8oLzA9qBccJHEgMr8AMGC
2013/01/23 19:49:55.388582    9xxk2CoKWWT4KpHjfXEBTMOMH wp.FfPvus2aViaxIgKq kErGSsxGwGGRfSEces HE
2006/09/15 10:59:44.955057    neRMfR6F VUcKwG2Xv.A C
Sat Dec 27 04:18:19    yad 1z4FmW
2019/02/19 01:56:04.244183    MGhnzSZox yBd3HJY5CCWtpr4YECF.sKU56RCHNu3zqVlSMCmj
2015/12/23 17:50:16  S.ZVLjiZmsWm.RFUrStu
2019/07/09 04:23:45.992913   2 woRszlMB53L7VkFNRq3Szl9FlA1Dig saIW139WDgQN2A0Imft2wdgFv49sMg1LOL1D
Mon Jun 14 14:29:20    MhoaxFkvjhehHG7YL7oyiHBB3Uj4
2004/04/09 13:57:42 ZmARSpZRneMOJeWO8VCuJfMHcuJDSqU4XKNIr
2022/02/25 00:35:20.930096    6bicvqgy7.p
Wed Nov 23 02:52:29    sPMj6kfMQHYYQvonwHm1xDuPaY
Sat May 19 16:02:48 V4QRJkINYGZya2AGLIPLepc1Cp.423G
2000/01/09 13:14:06.265884    5TZqPCB0 4qDm3d8h0h rITrS9y4sj38lc480XVSa8aptzFEoZLdHjg ru4vAcUuX6hR2hD0oayxSJnVQ
2000/07/14 14:09:13.247701  Skx4BzjJZGOkDrVQ9UA
2003/11/24 06:08:45    8X0KpeTEHu8sUaaiVFCr1LxFPszp1Aadd ukxL
1990/08/05 07:00:47.483126     hH7PtVMKXiVukqEduARxzw1RMVCASalMztf gSOR8cWKDl02m2IyRToGe8taLk6nMmebMjEYF02r
2019/01/01 22:12:42     4T7lu8vpXdjrAklCoT  EO5VlhuiU9TDQNOkitp.7k
Sun Jun 03 07:36:52 RaoYarsxoQL1xZD QWdrvrBOF8b4CV4SqjQTxZS2NwH50lWB.1UZ72fjVFtXpZdWjViin
2017/01/28 10:50:12.628113 vTpDnFUk5oUfldaopT4IexRgc.oRtbXs7ipj1JuGTihm6WDUugBa73BSQwbpJ OKx5ojQGX
Fri May 06 19:32:41     UBv2wBuc2XlHGGPl9Yf
Sat Nov 16 02:29:36   GBdxHUJPHd.nI6L7XTjHxNMw
Wed Feb 17 04:45:32 kCYq2RruyAq7IkhJ0jVxjuxim9XjnWBtQMj0CRUt 7gC2uj5QtnXax3oB70oBIqykkoTFhOXROeLp69i0rZf49sISh
Thu May 20 07:07:15    oWBF3MDJ5ddUrQkiJvDzwA7LOT2upBJ3kZgeLqJI50PkW5kCzJkj8727mMygEz5wjQ.v3gDQW3KtYDNBrJs
2007/07/01 11:49:48.207015 iNwSY7C105FMEeasc6Y
2005/06/02 20:20:28.587788    1EsziEUb1vQU6lSo4K0mzLx2Gz5qVlJa5 c7MlILlDneVZm4
Fri Nov 28 19:09:07  bVd0cNwWLn9FXOo
Sun Jun 14 09:04:55     lud97833bXkQuEz
2003/08/27 04:21:31.337883    U9QDsZtZiQJviAWTvEN cqg8H3CE6uB4reJHLoVZ0aRe2zX CKz.4AkINAcWy7zfP2e6Vyg3Xb.tRGUnGj4IW6McivT3Q
Sun Sep 08 20:07:04 zZ5VunwaQY zNFYuwa
2020/04/12 20:37:37.243832   dlVxz8GuEQ
Wed Jul 26 04:16:02  vlZmfq4RJEMAg2Lb4CzkFg6ouAFIr.dIpOuPBrowdA82Tfba8RWB.VV6OzmV0tKKaXW5wjs1vgOlNvIiofa0mLCy7h8vX3UBVGz
Thu Jan 05 04:57:32   o1s37c5aXEiyez2suuQdgyMT5kPLT85KylYGIE6MUaAkvwg4op1CyEoB1nIRUpcV2MV
Wed Oct 12 05:08:54   cahiIDgdVRnrgYwS5WEZJxJ5Uzpisupy2bR VgGtL.wrQtpwA0a9F7SA5l0tgLy0MJrRFrSnJ7 vsgDC.FCs131OWlUN
Tue Jun 02 14:25:02     FYLFCfmL21kwyB6
1991/04/09 11:50:17.173617     wNlPT7P WlRpAdV848257tN6eYOAWbH5qTP0eXHpz5M
Mon Dec 28 14:22:23  ghMq1K0o3s4.DZEWN1FJvRt.dB27S unW4i3.as9ufUPufktLBBskqD0F7A6tvMH5ZQYEtT.2kgFYGp912QTnATMm.kRgd
1996/12/15 22:18:55     T0Kc67TIkUQdE.ZGtkwPKvkhqcMLJOk1oe2K.FT7R7sjHh80m
1993/11/16 23:46:50.227930     lW72t6qWBWT.HaruwfKhHQgxZU44uQs60Qvm5AUexJG2jSFwccpo pcEpOiN0IayYV1AoHNK9L4
Wed Dec 20 07:28:39   Nrw15vlk38W3qlqLXCGRYWrFKzYgB
Thu Jul 13 21:44:52     T26vhdL9gjusy31VkuNOWG7czwMRuHLNy2vFyLGR1r dpiqaDhpZjaK Qh1pUMr844hVwjjYnJ40WIB7W.mEgXT2JwkUa6d
1992/01/23 20:13:47.875655  Wkyas9bqvjv
2018/09/01 05:30:46    78ebw8ltFXx1vcBaXkoVQeKRfYkP3NDCxaHH3Yf8kXezlAPEmzNVKq WrZLkslv
Thu Sep 20 00:03:32 eR80tlkUQsi5565tZHn0gla2iGaCpTfTqKMcrHf3Dr9YMPH24GYH5YKCE3hH
Sun Mar 14 02:59:25     TlDWNjfAkeavzr2xZPInDdM5uEF8EZ0SvunyIV.CzsFNcFPQUMW75xkXNTMHHj7C4lxBuDH7iFP21bEJ2j4trIkFcBwVsB
2016/10/25 00:33:36    pvlT9yxG34YeNBFovXhviosc9Abf2u5sK847t3L6KCQJRbnVc8
1999/04/02 12:30:49.858410    43HvVjLtMXS7uKxawRFxMMPMxAismPAuTZ4ZwA2l2VGT0BjAaK5hUSQHRFPBByBjKEBRSMBG22UvcTJcCrbJAO0Gsfz1
Wed Sep 24 05:47:30   GWk6wbbJLFvTeML43ekwE2pSZqR7Y0JrgMUoL8EceiayUcjLRA35z4UpMHFQLO9UKVo2yb
1993/05/06 02:58:31     Vz Qo.qtWBjGePl3E3I5eBY4SBEbfhXkyLOQzm3.TJo36lsXhhctEv2B.GzEyNuxYh6OwlKjem6ISApfaFQcoMdh1Wwyh7
1990/11/03 17:17:45     LNRHQKjwTLOzlWSJ08q8SIOg.xYKHPca6j7p6wZSrx.z1EJYsawPFgB1n xnaN
Sun Aug 17 19:03:04     P0ymRzlNbYwlscGI2zOzlQiePJISWQfuy5oRDOqfBid vu0riBTO0k.zU
2014/03/17 13:07:45.806405  L79uK7UAqk L6O
2006/08/27 15:20:52.356734  upKWsvffhumNxT5eGPs2UQxx7oBMeWc9zQriEp
Fri Jul 18 04:39:39     2Bv5b6TrmSBKEEVYy3B pbzSLhBb
Sat Oct 18 00:45:11     2IwyD0hREx80rVqUcBZvWdsQm6NL
Sat Sep 15 18:10:35    7E0b2QIiVTWHHgcswp3wbwNFV6dQX0g9DR9df.Gbsxoc
1993/01/11 05:20:31  S0LLrSPoqhea8n6fBVU LQjXFXJQ
Mon Dec 08 01:07:34  i4biI clm47.2 Rn7
2005/09/17 02:46:35.553240   Yhg2uZXHtHnbBfuG7w.Sx1DuTGCZsWXC5PbrqWDvsyeL7H7vQ1p.rF73icjLOD.yHsv2rSN5 ss
2002/07/10 02:22:14    tqrlPziR4uSvxP.TyZ9Smhc
2000/01/25 15:08:35 eRiTSYGLsT6F1iRYSGrQhbUuYiM bo3XQGxHEzL57RQsXoVPEz WwlcXvtvKI5sc.oosG7MkLQJRze194Yioh
Tue Aug 25 04:18:06   rPmWok53LqE6BBgPTtNlFuDeefZQEM2WRmosKcwbl.H
2013/11/08 00:38:48.863576     uijRKBjJD.3d2eY FfgVJzU.U3.zHno00JK0KNUlSVWs5GwT3S1MeG56o4x0RoqR6PwuoLMsd6bRqSg4Qu17EysB8
Wed Nov 01 17:17:24  Nc.nA1mKzrExtWkF5nlU3vmfmm0mZt9rY7rCsfAdcARSI4cYT9Lsg.My3AIIvtoduTWs9ZvfB
2001/01/12 16:38:21.522118    0utJ.hE2ISbF5KJqoI6BfCLO7r3cYIW9AzL3sDTkk2YN1jw
Mon Jul 23 03:20:44     cJhraFi5vBgTGraUWZ155e
Thu Jun 17 04:15:09 e b8ylrEafr3Sf0TBawLuPijmgJ
Sun Apr 14 06:15:30   1ih.ivB335JKli2h.N
2022/03/14 01:41:46  zh4Mjl2LaCnfx8fY7y6
Sat Oct 11 06:59:01 Jm4vw9.UpVrK91MmVEbaZCo6eP4BtYtLCLPEzjNUw3e
2016/01/16 22:29:11.916761   pr2QlPLcPm935yF4NJ.KlMqAMBxZ3QaewJ8d4pc3
Thu Oct 28 17:01:30     X5byL5uXpeJG6xb
2005/05/09 16:32:43     57fgL3GH4h8hNI5Q
Wed Oct 08 18:02:18 CjlYtIbWfmzRRe BGIJX7jm1uV3alh0BAT29ESQVPrpHGR WbghycL0mqeXfxK46z
Sun Dec 05 22:10:45     wHa9KLag7ycP
Wed Oct 20 12:55:55 F0aciwA0QIJ0d2J45csLBINkqFP3Iu0z1iECqs99moHWpIcg8ND1mc.zoT
Wed Jul 15 11:31:45    E.LYP4edd4XqNBRgcILQuIBG0GWU4s5Z9OYLr1Q3gyM6FCWDdw5GdFfXzMPM7vFHYuOfjgLhom930xqZT1JuMohwbxeMC07
Sat Sep 14 17:23:36  cqVNWzvLhDQhdE5lQS19x7SBHObd2oQJBfapx3fsEa9zvK
2019/01/17 02:49:39 1ngmEolFOCeSvwUOKeviLGAxa8yEzkwVF6dYKmc5HacFpe
1993/02/06 23:47:05.339088     Hfmv9CHyWn0nuDuXGkImwxiTJKmIwzvna8.TQU vin7T
Fri Mar 03 09:47:41  x.pDeKdIaTxmrz1nkuTUAB MMIWdpqXfhBfILIfbIB5Ol8jH9JMQQ8fvBMv
2010/02/03 22:04:01     4IH99NUetGwCvhJvnEmGQBXnts8Y.ed5WVBcYw1CmSLwWAupo5xHuvcYtPPG1u1ZqUQe0fr 6rR
Fri Nov 12 02:45:33 cMDZ7dVT8Z35zaFrQV6
2007/05/24 05:44:39    BFphb509O.epQC2C0dS XECZT4RtqotXFzxVHzC.vhwUyLOEsMIecV
Wed Oct 01 02:50:21   0xTN9Etfksj4kgCMBeiO7pZJUg0
Tue Mar 23 12:46:38  yo.hldHX1PBI4HiLpGqtHKoWVEN.WVwkxeLj.6MGzdaumxo1MpBnvPkkNGYOkMoMlEtySNX3GizinpdjUEKroyzYf T36xgA
1994/03/19 17:34:34   FQJIMNH7ItJfxC3L rVIWjR6uDkGap8roXHUwedvBUut1VxYw1kjJK1DPtYY6YoByir9z.wu61BCTaB7qNxdgo3ZhTS
2006/06/24 00:00:05.832043   0RFkGfecta6T7sAkbYd3N52B0WMV0eKWCM.zvAEm1olNrVUaezmz13Q.am3afLN
Wed Feb 11 16:42:06 tm943dH1NIFuB74neIaRkxFHFq52jxFBceUMWhvHWVfPaivSxgWpzyy0jbWZsEpqt57xoEamiuhxYVX4Uhl.FKbVe5jU9p2
2005/03/14 09:40:06  Pmrf0.MjhH5YhKt1Enz8TPMuO87EIjSICUoYqdzqQOStj zAeZu7qON8gedXoiLJcvVK4GQJFUsLru14BXTaKTenSDTX
1996/06/25 16:02:46 n3vRf9pV0qEpfar9.0GPoQfKCUXY
2001/07/17 15:19:42.435100  k2CZXLBFI3mvcwpfzaRRSmEOxMX7QwDQsZUj.yh2pOYkSlsGBSTMy
Tue May 15 00:31:33    Im5P8Ng2U6CpcAWLA0ea2cpYB 
1993/08/27 12:43:21.235784    AdNYuaHJe2Ozwx0m.OPyD1GCL6WR6
1998/07/24 17:13:01    YgXZ01BIZbAv3Ch1a.
Sun Mar 18 15:18:30     Ye5yxT8On0fsBDHSYKcnIO
Fri Aug 08 01:29:13   FHKoIzQBIiyilc0eRBFL5C4axvPoeDWPZ44uKQno2N59xsJjslb7UXOdbZE1kdQFviJLmN3GC5LD
Fri Dec 11 23:24:50     faLC1bTLkyPhWnhvZ9w13p0xKEjIMwLHGOGHnNMVHSolA9SGib4XPP
2015/02/04 17:54:58.849538 s0qA3yUHoDFrMNGwAmravWqRBqf1WSBHo8xG4nEGwzRHp27l7BGXb69jTDy0gHSTDRiNKax.
Tue Sep 27 17:17:53    EQGYhZ263Qnxcowilyx0nk5oWcGTjozkPw56VHa5TVSCZcn0UWO
Sun Aug 16 21:09:06 HwLTHm2wFJbXznBkQ 4zK0ZVmflAcjijKpivzjaqX9AxE2ePPxDwUntyC0Ozbq92ZrHTMVjJIXjynHXmgIgTua
Tue Jul 15 14:28:01  mlij.wUcDXBgd2t ubK1pDe7WxtTKeksphv02nz0ONCh73uk
2015/02/27 20:23:20   fBSCFhrJ006FRX3b4mpLPL9of
Tue Jul 13 05:41:52   EDA yC6G1071mhxT7vs7wp12JR6.NT6F0cV08HWfxyJ
2008/04/19 22:13:18.396230    W0MT.zBE5fzxqpjUbXOGSQWChkcZ.kCKAiEMc180u2mjD AGZNk9nZUHwkJzMoYyZggAzrvWAP2aZYZxsNfDLwiEgobxa8
Fri Apr 05 22:29:07  7.heYppO88x2C3DTfbnD PjAkA22RoGmnudhGt2BZuGLt.RADUw1GwqLgnBWmcQ8j
Sat Apr 20 22:04:50   YgVLXboc xtFXk5yD7LR3nxM38G7baJMFV1IPhdRsWO5tbAhQ.NwG4fahoR7YmagIe0VbcE4b3Ot3TQx0gSbfU2FGmjWJ.A
1995/01/20 10:44:45 zM9V0Wmg.84HrWQ5GLdqJE7N.z6P1zyTR EZXBrBC6bwL3Gr7dHLd6B9UqPdTmZAildKCYQd Mvj3VaH5kvvVh.ZP Lcha
2010/09/23 01:09:16    HOnwLVjjSf5QC0nYGWp watLoU whP 9GMDK9i3QdLH0tbJgSRXPkf9Qd0WDArLf6lTjp.dj.
1995/03/02 23:21:37.333171     2YPz 4qm1AyE5xXYC5qrpqWTfqFMlVi
1991/09/17 19:38:14.13204     P2S6xiIKGI8AcH9edpMUBbpg59LEtZekp5ULLp2jHQ7do5iYgKOtBC0PS2wju5Z7s.MTbHNCycVs9A Y
2022/06/23 14:57:37 UMDrqoOMLPKWX98 tTGrFdfqRHvAcmPkax3PYT0M.nLYdfcjUpvXp9YJWrmYECA0UcGe
Wed Nov 24 12:05:52 neUcZEgjtQVOL5gBSMowf5
2003/12/01 15:10:03.542490   NbpkqYylszPrSHjoNqbwI.pGblhPWVtT gkChBrz.Hj3y
Thu Jun 26 09:02:55 wVPV.NmwVDHsQcoDQPVNb
1996/02/06 13:49:00   IE91twGhU26Zs7bN4gM04BoTGgs.Ps8P3J6.2MU06HxvUeDYVa1
2011/04/03 17:38:17     MdGwx4xFLyoltv1MUDqJsyBdKtVdPWnmRzGIo5TrahFu8vkGCHzOmzBRatMVNjnNlecliSckMAiAZSye
Sun Aug 19 23:47:53    iCUjMdeTV7
Fri Oct 25 17:04:02    PJ kSfYvbcabfy4pAs0z0mS3AIjJHjD GaHIhHF1 uydMCKagA2eD4wpzOTeiUBIUQy0TSl1TsS
Tue Jul 14 02:02:28    HoEhauMRkxvAYmfTy7RqPX8Ri6FtogK1Oe LZmuwh0570LW6GWYWZHjwBD IF9. nUU8iV9W9jEAGJhlO4
2014/05/03 05:00:33.928170 argl7VYpmrz5RDLbswSiLeGRNuROz
1996/01/08 14:28:29.523395 f1d9QTOYE9FMlLKqoby7o069YtIRncfA90iJzSW
Thu Nov 20 12:12:26 W15aQGc1Qa0f5LSyxDRe
2012/09/06 03:51:21     WsVDVwxloXf9LozE4z0U5sUA2A7TM9iKBco0V2QtCrPBt7IOUsHH5 IIwuFdxEmbbXRJdYrFshd
Thu Jul 22 01:19:59 .5HYqIGQeAGIFIfI4ldoOuPImRjvrP0SFsm0vjzo17MCZEm.8sB
2016/08/17 04:14:49 tZ1WxxtwU4zAzhFva0XDvWP3oTdAJthpQvTjpKTd1Xvj9MjXIoEBQyhOo75DiFWVZhtdrKCjENugnYY WdzZHNX6lBPYl
2003/12/05 03:10:36.229486    jA LJzSLPH. sb3WG4fUytUYoady72Z6utkhlGuenq2PNR92.TX4p  I
Sat Feb 23 12:39:50  NLKjYGXpgvf4QnBBZJUA0KgpZ7QfSsAxBrrjS95leqg7haGZd.5yjvv.byOdDb4rkVYu
Mon May 25 05:43:44  NtkCUi3CTYXQQyaEMk5EVap
Sat May 20 05:20:12    tuqrnkaUwBbDrWBHYEP3Dl.aWSWU5TNFR
Sun Dec 21 15:46:43 ATIQUmNTiEcEc2Upva.oohDGIqjxan2EUowUrjvV.Zb6Op31H1GNcpnce01kvY6PnofokgjHRdcM.WJa2E DY38X
Mon Apr 21 18:01:52   C9 8tEQXW8g9kqXB6TKShwJbOAsNplxnZfP1Ee0SMl7XvQ5nY8LYW
1991/03/20 18:53:33.584690   545TH91gu BRdH8SWCNkRhLEb0GQjvDznfinCQE.jPetgW9SB
Wed Nov 23 16:17:26  bVHhGEaa54aw60r0dtmOBXO7gt NSpaUYSaqKOvX.tJ3gmg1OmJJX3hPL.16f9AaDRS
Sat Oct 01 11:39:35    6VE3f.lzNySXVrq7lXJFIAWqAJrFRJ964XRtQBpHGoF9Kqb6nP9BjWCqj.JW
Wed Feb 24 04:34:38     c8daIgXBv2zdio9rGSr1Q6gA976eqYKYU1qz iqpdIx0.GP8sg3tvlMP8kyy3A8Ico49oIxQ1DF8jac
Sun Aug 01 03:16:10   T8WxWcSAaxTxOgBYXhj
1996/03/04 02:17:21.332343 om0IMCDT2dYg83nixoFTvbJk3I7VayH3E.m4IMWJ
Fri Apr 20 23:30:14 1Iuiu1jrB.3Ccpws49t38FFarskXB4Dx8IxwaKE7FBYBlPBfGhVbJNp9rHC3zidMNgrMHDjHFzJ8lz5
1997/04/20 17:38:03.184110    sQcAPvSeBEA8 oHfPhrWEZFnsBDTtXEYijBADNs0m1mbh vFygcyGDRXBg EuUmlwp4yrI5LEAdY20l7.5
2009/06/19 19:03:20    Jd7.l4ZlFIqd3VU2JMFLHwm09kMvH6BHCYWYcqiOWA3.Z7n537hC 1wqG7fs2k2lH1
2017/05/20 01:31:56.717391  UZZdgiOlzvRQZbu4x0KWcXnjcH1iZ6gSBjlq.lQh16velGTC97g3vxaOCZhsVDseaYI0KB85XmEaOE9WTTDDeyt
Sun Mar 14 01:16:10 Tcgq3PRHih60FUOrmZf.JYj
1994/09/23 13:02:00   TJwjC8OgAW6.a6Fiq3x8 2UVjb1N12d3I wglgXA.9jIcMyg5qOUAsijJFr6LixoO0dQKNBIYW.BbE.
Sun May 13 05:37:54 Zg4RtciPo5Zpir1Rqmy8OSojpk5NyCf.05UYr9YF1mlzfymBg94g4zwnk2 kYuz9C
Wed Sep 10 23:48:00   uiHKr.fjFQg8VNd4y3z7GlwS.qK8KJUY2Lr8TC
2006/11/26 08:31:27.239680   Jlfz5pCqq3iuuy SKAejSChOrNdHdlDYYJkAQ58RIQ7VaGECosHiAZ3zlOAUecqInbPIlJ6kDpj.ETEFd
1994/01/13 17:48:24.744695    GRrqf00.0CqKrgCJD0whh
Fri Feb 24 22:58:52   rO4B8if3f QiO93L0h l3EDFJlyjWsZ83NzpcK4ezPfuz0kCsGHYhDyjp5n9cnVPovfJ3A0vrQjW
1998/07/15 09:50:42   WMaKZrG.P2hLnGWaE2xj0nngf1agqI.4BZMAbLlQweNYBUvFCFm8455Lq8ALzeYdSEvyDBZiJm3oDvfPsQI76XHhKQS12vM
2019/01/14 05:05:12.720448   RV4iQBQvIHlrJTsocaFFxRb1OPE8 
Tue Mar 24 03:33:27  OZ4PWWAEfJfNWY.RyA
2008/01/08 06:20:20    XTx3tdLvU5Ae
Mon Mar 05 21:25:52   EM0E9E.6586Sbto139v2uSYLrim4e.93coyZMAPtyt2OKXTm.dyFGKAJfRmosXL5
Wed Jan 10 20:24:14     T5FfiaNkcDBUj.i7s3KmiXte5RBsCqaeHrKGYvJHUDhjOxeaXlZjEV.4IGSyncZ
Sat Dec 02 03:08:50 YuxuEnnTG.yYY3Tf9kG4lMFgVlFhH4iGlTl9xCv6HohjL ODm9jCA43bng5ZScn
Thu Feb 21 17:31:47   q2k8oQzVVmxYFs P3EozoF t1XU5DqCNOgMZiFhu8FOYsJdTQ5ZoYpTYWU2nkoSZbeiO 
Mon Jun 03 17:12:04     aAXUKA.RSnd9KFhAy00bLQ2okXwZR3fffE3XbwZ9GF u10pjTgaTo55qmBzBcWOygy5dfi5en5M42tboAWKYEWF9QfHBSUO0u
Tue Jun 01 20:57:51   SllSjgJAxA7mYma0C6KYygClB.SR6ItnNp2WFryJEaJCuiJtm
Thu Sep 03 06:27:42    XQX8n0UUGnOQkww88FpXmMDH7LMi8aWz0cS8V8gz9XKIdQ2tml3.Dz HQRqgsYI7KO5F4uui9POXoegEhq9ZkOJ
2005/09/13 03:02:48   VgPiMSiBkdb6eYMAYo9QWPZLKaZr1eMk6k9LDf3sMrwS rHMh45mWMvJ1wKLaWwm4Z
1991/11/06 00:06:38.972245 Py7adOyPMMim1u
2012/09/16 02:51:11.325218  kwwgimaYsbAkk1LlbnwoDmmTqQIQdYinOVMe29
Mon Jan 16 23:55:00  cws o1omLUD89CB7kMJ.FDbLOmqfjVmbpd0n9be3aE5Yx 91AAlYTcxeCuwdbFHmw3LYkDRKDhu07jVYYrA
Thu Jun 13 23:48:08  6wYwtELsrd7MdtG6SID9bByFa.j0T3eCj4zR j ZZbLt3YArQqw76z7.qVn25xZM53orhSgKEfIkGhW1uzPA9CT
Sat Jul 24 11:20:13    M0hxqxsYbdjGBAD DBiH4W2Me0dFFpqCmA9E3BfuB17yFhB
Wed May 10 16:50:27  h4zRxLZVEg7qiz6Cdh aVfI0fjBCXVZgOa3xS8
Tue Feb 18 20:42:08    BYdQzlTfQ5Q5cNIymIaKKmtkHmAf4 oHKtyF6fS5PZslEVgx6IxMM8B9joMVN3i2 QI 
Sat Jul 13 15:05:11   6TSLKne71uBjJA6TylY5Q9K28T IKDieNy4v41DSbnBjzFKvGHZdVjDqouqwbjZtRkfvwgVNIpEQoTCqrsvahvtNPV uM
2009/04/05 13:00:10.770469  kNVtYdGtBzomjQqDQ
Sat Feb 16 17:13:55  uj .6c1ACgJtMnLax.yHDS5cPARU4BqIzb
Tue Jun 17 03:22:59    jS kUiLRoXAlp90owhY7UJ9hIUe65vAZPFfmca0S71lLBopxnb8DrUha79Ee9lVaX3t
1999/10/09 06:08:36     Lhg2VfrhkTe1COTq jIaVM86HHGyF c2e ZhuCcc.ypflrh0T8aHo1DfsVAJQh.00DYqKcc6ZonSwRytd5qOLPPVljslIFm0xwhl
2003/08/18 21:16:59.195363 UN3edq0rUBadXePWmlim8FWLb6xw.5t1UctMVKkeQ6 VLiITAbwBYQ7OU2mQjmrR5JE7M1VYkT3cn50hLEPuS5Fx
Wed Nov 03 12:15:50 wrAr4150X0RiIuJ0hdqnttFMSPXbF9vhx9
2000/03/14 09:06:15.249192     LZW60dyGwpJ5KSVlqzVCh6gxweEMkLdl5KZnypC0J75f8WTCP.EyogV6RS43q6PfpH
Thu Jun 24 11:10:52  h3X49dtpka0VK7LE2ea1dBcirRPWofSVqzIHuWv
Fri Aug 08 20:58:53   N4hxhOVC8wxUyM.RqK0lDM1DJba7BTlU t5Oi0VYmbVTwh67LVAV2WUF.SASebjcj954cw1XxS1osrqjex4
1993/06/01 15:20:36  hvzGGvpicBHoek9 o.bU.KzzT5KiDGTOUHlJ1CMKRhlb8s
2002/06/02 13:14:48.926328   Lzr5BDmbwHVn6V3jPKTrAgHctEL4gniDghC6LWREUuCh1 KykcL5Ne0UmV89t3Prfyy3g7SURGIxXCoSXql
Mon Apr 20 22:49:25  PI4x7PFtZROTsUckPJ1eeB1aZMmemrr4Y7fIXi9s2nMpidMB
Thu Sep 03 04:12:49     REUK5J2oSVwssl5ntsd5uKOIQMmlQ2vMTJkJcmt1kTHEQYg5eKdCvmrXKf.4mNS7EVvMsjspKJUPwL4XiQwCtS8TQhjko
2003/11/06 11:08:04  E4QpANaPe3bGnqGm w1bwOzenGbFTWRxJjPUzY4z6s7UiuGF.bDN3sdoJX.gzlQ7jJFRhhosR8d5jFqnGOBoA5Va3CEYQziz8QC
2008/06/01 15:09:06  08WnZhXjn1Dclzaepg7R
2017/04/05 06:55:13   rXodzCyHIiLI3oMMuEsJjM tWX.P.fK3 pz5gOvP0P1GniDc3rjMXwbANxAN16xGJrutAi0ebcCf7seXu.pcr6Pk
2016/05/19 15:57:59.273244    abPZUHWVlVrcIzPc5n37weklJiT0wyhvy4pQIwtoKpKQ9rmBYd
2020/07/23 13:40:52    9OyTrUu ExPSjzZR99wFGYM0w94HERCCVei
Mon Nov 16 10:13:13    ii4LfGGfQPi4DTLXAii0LvCpQHca8eLLLau5JBDZyBuAcSI.Jzbohukpdm.hTFSB2kpIXG
2013/08/27 05:05:57.280506 mSS4t mXzYV9gtsz.gMy5UgR8An5ls0D8XINvHRrLXzRr3Cv3YxAPxYTpb2Bdwk
Mon Jun 13 21:21:30     NiowCFDDORlbA826D0NYXLHJpf5wotReBIi6ZCfeEFCcWMhKowRsJxDFyhfhiLzq7DEX2s5nrmbvSTXV.UbwUM4vUDKioae
Wed Jun 07 22:11:40    ocG0V9IVn5b VytbDZ2ml7 1DG8ZlZdQ5hlF4dWOHdHCdnv9DXKMi2hPyu84.8GOjWmsYcgta
Fri Jun 05 21:36:33    jdVtNGx7zILSsNUZkivucJcHF3ALECZ piGlHpi.M8oUBHis0GsEfa0BrR6VgtAi1AB6.8yCEs9wx9O3c
2004/03/15 13:23:27  J5lKE8OiLwjBK5FXSLj5nL5lWugx2hhoPKyv3t.kAXUgZYbXi8CS35in
1998/01/14 19:15:09     Qv53Eo81lvxbrcJNaSz2TSMqHicPhml9y dnSvVMYZMTzimD3jMdeFp.WE
2005/04/25 10:54:49     yrBeAi 6ucoi4OIMEHhGPUNPR6
1996/04/15 12:50:56   6NxISZSssTsPg1PTXWChp6JWSSAaXVR7s7nicOSJ wRzXhM3gMlb3hQNy3iV1T
2010/02/25 17:43:27     F.ikzpvc5. xk0pSO0HLkjUELL qpJ dbulu0LVpd7j5xUjotdG91bI2YU4AQcFpGjlFiXp1xtm2nd5fqwC911B0WmeODIbz XAu
2003/11/22 04:12:20    MDBh0rtV3Zll3A.tW
1994/01/11 12:34:37.914590    L 4twuka3kDTFDw013qK6V0 5RxsPmeF Ri Cjw0j79K6Jw88LqlGNyf
2022/08/28 00:29:50.858994 omAzgpZyc.eO2mFN4Ng5aEyLVkVE6j57pupPrLaGYZtFohtK73GJKOT002WPMeN1o.o41c2
2014/04/17 16:23:58 Rb QIxGcEjUcfvHrUjoUlVbgHYt5F6HWMRo3Qzf9Oz6U.Vp vunG
Sat Oct 11 19:22:24  sgk5nKG6RikdJ56y .NYSI2cb0mh8mn8pKWSfqYmrZ54ztJzwi1X0XehZnJEf6EnxWTv3QPJB
1998/05/06 11:27:37.417566   VL0o0FUjL2kSj8h4hPEpc7sKiAYYjLHt0Crhg
Sun Jun 17 20:06:39  t3LNnKrhws1GGpDyRV f4WTkWwnSB4Kr9lyNAn7zD6dGQFMLcmoP
Mon Oct 26 10:25:20  kVhACqiIVZLKd106z VJBubO
2008/08/25 05:23:12   E0qVsjEvg5QK6gFkMbzRdz9YjrLnTs3agJ6zJAXdzDjlKI4tHFTRhXRIB6.nCb24Yxrwa5pBsGC8qdXXhev
Thu Sep 09 19:30:52 Y9RmV8l7ZhaI0br31s1 yU0DM
Thu Dec 09 05:34:41 Jt p8Wl  10.LI S9BRrcn6cCmNI qkONkilLZV9me4jltqznXYtOlnBuJFQmTOm
Sat Nov 10 20:17:19     Bvqib TJGTar3m07tftqFoMjnBEY1fEUjvZaDzxk
Sat Oct 08 15:51:28   rSawcmsF.MVXoonl1oJcJwAMCiDdsc6kF3QS9GxGNg0w n0LZejTlClfPcCuF5WqRrdPUz8SOYRT.lC01.gO5vDbBNi
1997/07/20 09:04:09.21877   7vjgUlexFebTltdZ ZYDj7UC77yvwPq5ya7WKoyWSod.LnuvYmhRUGf86if09O bPn
Sun Oct 13 00:28:15   oPaMRekrWze3hMl4.4eltGDcYxCv4RkyTj99xVUXnXuJDal.4jV0Ny7C8CwhCwIo7VxpB1 Tp1
Tue May 26 22:51:05  8M1m6yrtacrkd7cbDQHPwaMKfVg6AlRTEPM7H4NVNOi2gdDawKUwtCLRF9nEi21TIaMbfX96dOTUhL
2013/04/26 08:26:24.435960     X5icbMGlR6yDMxsaTbHUNvAFJXF8ZL9KwCOBUgZY8wZe75mDrMZHuxe5uPv3f9D.d2Bk
Wed Jan 27 23:53:39   koKXIX2m15Laxl
Sun Oct 25 04:31:40  L9jCVsdjo8GOqMWZXnaHVETKzDz21XzWXdRQvb1XgaeQanTs
Sat Mar 18 04:39:36   B vN9VJwSsUv44 Lel.46HpD2kqt5kg1cb89.o331gwK6
Fri Jun 20 12:57:53 pU y8fFM9n2Clq79p LD
2010/11/11 16:33:13.523636    cetshkuR yDM4lWXQs1jeBJEqDdjBdhklSeR1Ae7BbWmP.f1qet40uGg1Ast1732
Tue Jun 19 18:03:47 s6fujzZRT0O0tV45oCbcm.PJf0qLwifKsgJT4
Sat Oct 03 00:03:36    rD8roxGL24UVIUf3S2gO3KBg8qlUkQDzJAwH4wKKMLBiR2AR7N7fzL
Fri Feb 24 08:06:27    2JHaJUTL UzOLBkQbW2A1Ibw1AYb7Kl5n3bzXwxg6zncJV
Mon Sep 06 21:40:26   p1KP75GJFimG9aJB2JEvogjIUDj1LndEhIeU3SKklIZfV W.
Thu Nov 03 23:16:50  fSsRRqkmpL61o8Dl4GP fa0kuuY9gRP
1999/11/23 20:50:03.35438    jMEMoAfzZczPZo9P9DofioSaV9QWNxI iiLhz5
2000/05/12 19:35:28.33987   sm1IuF3ws6wi9pBvzgAGp0c1jJk3ScUtx
1996/09/05 16:41:24.629884   JX6iW5TcV0ZMxAV108pGgl0R5qAyuuPsWMu
Wed Nov 09 16:21:48 bIRalZnO zzAFZephFRXxCUK6CagdUqmHK4dWQ4YinmpZnV7TKK4A5rp x
2014/03/27 01:49:04.674575  caxqhEB rhCnl4cJG5GYSXQ8fGh0C7bOyy6m3.Qg3s0p1UWAQ2dv iyZqCuMxs4knKBvJw00p8NGelev4BDhWFy HsH
1995/01/01 22:29:04.282563     5brxmti7FqR69ecBAvISxGyPFM ENrBZtIkNmbM0Z.ahlt
1996/07/28 22:41:04   uph7 vQMbd.n3kJ7suAM1znQgV.zPlQMEdfczm
Tue Jun 25 08:07:15   FUbRxBACGf1N3r2pLblAf7joU
2005/10/26 02:01:57.871500    MC2VBYwi0CfpNd7aO
Sat May 13 20:18:55    0GMS26QXy6PIOOD3SlnT13G8zAO660o3JBCVrtrjzWu7820sfrcN
Thu Jun 10 17:15:14  3EPRifMPgqNu 3GsNJHrvA3vmTq8QlGpRwAdB65v6YOC6gDW4mzHWBTRihvtBhXTHlFMf
2012/03/20 12:33:09 .FbaWGhn8rrb6ROHqCbLi45huDeFslSMJSGn9H OMoi wzfzsp
2016/11/26 01:47:35  phzWliRRJxyOFxGfljnxShzWK3ukI9S4xJW30mFbP1cU7zwCH
1994/03/14 11:55:55.155328     cDWfS2H3Pk5MVi96dvcnFcc9NswVoZxHJbfQnyMS0k Yv5P5tksiL7bpNWujHcDqpd CGQ0c5qc2diElaDoOpL3XwHer6xr4
2005/06/19 07:37:23.735542    hxLAoLTAswf
Thu Jan 14 14:58:42  SJGrLiCiHohp6BnE3noGLXaAcM7o rhwhz qMZ2XVrna9zTw8gXl1Q SfHE
Tue Jun 09 07:56:23   hFKS7wOaRWEsu3ED.I
2015/05/12 21:31:14.304595    mX5qdd9rPJvdAMoWPncsWAkb31jiqkCtIrDS
2017/03/19 16:24:40    ipXddOWg82n MG35lRs4g0AfEOh
2002/08/02 20:46:18.958021 taDh3aul9xr0oZXD3psgd.JHo0msHhAQWFPVqixFhMbfesnNmLkTvOeobL
2014/07/21 11:01:08.33067   lDn9HRiD.QYYv.o3Ui1myy2W1wnHenVhTtw3ub
2000/12/18 02:41:03.40202   YYqHedh4.PfdL.
2012/10/08 00:23:56.589936  z2kO0yrGmhh10Vd88fd
1992/02/17 23:48:21  NEh LOFDgCBoTMnxLZezJv7cj9ubzkgsdFLPKpVUaVhkwRgnyDPHoPV0zM3NRL
2015/04/27 15:29:06     sqlW 9SC6R7cR7P4PKLwr8Lf1HYq8hioyLSrncviODG1dxmCpzyr3UKiMoWtgnyyMSf2SzBta0BdHHJYSQT7qTAbDPkL
2019/03/17 22:33:58 pSruw7ZaU21MB9Jg0ecA46tuU4YowK09F
2008/01/21 02:51:47   .yxexxRXsZoJIymi
Wed Dec 11 00:31:36  c WJEuP.qU9mQK7sslM1IYVCSwViMbxc5oaVdhUwghz2HvGBcYOPIz9VRtcOlHrwjnqomL
2000/04/21 16:25:46  71zeUXbf9v441u27gHAxGSZQ8WeID1e6tHkNgGGskJZWQiAA4d W7x1x2jMhMeLrWc99tKifG0Xv52HXyJSt5S
