Execution statistics at HgwhduU : system time 10:06:58, user time 45.166938, elapsed time 10:06:58, memory peak 876405 kB
RYR2aeYUmj2GPake4mU4XOosFnfE15fS6EPP5Z5uZqJ2b2daW7vey1SoxKKyJhR4,8eUHl
2UxySeeUk6m3D4v5JLzYAcwMUIR9Q,
9vcYMhKYS7UuNhB
Execution statistics at J8b5 Tx1250l6n3fpGd: system time 19-05:31:41, user time 37.531326, elapsed time 7-13:32:28, memory peak 805987 kB
r,qh
sFmnSsUFCBKLDZX1GfDLZz480rJIqJq

ijAUrBhPsMg0hUe
UIKyliGq9gKSGQwe30WlHUbTnf6uArlvJUh
JcdJGX
jYxPFPGLLF6,xRo8u6iLlksk2sqm0GJ0Rlj
K790AwDlxMXJCj8bOKtpErcY
Execution statistics at lga52OuWEbzMr4GIRXpH: system time 4:33:47, user time 16:24:48, elapsed time 14-11:52:32, memory peak 803057 kB
KdgZX6NXERyxWvmupbo5;GFC4u;RdQ;
p;nB0QN;z5ozdko0vpsT
93BZEM.LjnywrkGnixi56LnCdlcTLswzMMPzamOClTWS47pokp0UjazWLcJv1,zDmYHaC7g3smO;
z,DI.l8SMQ8sLsdIC
FGD6fdn.7iU.KkO7zK0iaWNNNscx7lab4bu3xM.Ldz,l2y
Execution statistics at LNmUacm: system time 15:2:57, user time 16:48:57, elapsed time 04:42.967783, memory peak 401827 kB
nsIS8lE3x.RA;70wtkK
Execution statistics at 9hnPaIYJji OYLagLdg: system time 16-01:56:24, user time 18.611246, elapsed time 55.683073, memory peak 575097 kB
0IavZibLFKTZ,nqK76ZN0su2RHGKtq7iYZQokkNu6ta,xBZ6vznlCKRETAarpU7rpISkmnP2eEAkhEk,Gzs3,8jO0eOZa8
BPAgCKVTC
;bQgQP19M
Execution statistics at vBy1xr Rjb3: system time 19-01:45:40, user time 5-15:31:53, elapsed time 48:17.221724, memory peak 407741 kB
jOpMT3BfdJJUFjHBjRDqxpMVYIQTj9jpPKLyT7DOs
reDcIjeEvyrQ1qbCU
T5Xo2iJO;T3O0D;Bq
ecu4rLpl
