Execution statistics at 4vM8eoRQXSv: system time 12.86846, user time 22:32:45, elapsed time 7-11:49:16, memory peak 529016 kB
xl.xxzp,grJ4vK8XL8CrS2nik0VK0jYs7OZR2qPcu3Xycgd8DCa4
Execution statistics at iG56BlEXGx9asSoWcI4: system time 09:51:53, user time 57.252690, elapsed time 10:17:6, memory peak 162801 kB
GXwWAUcmqO5;88.wRoT
vJzHRD8w38NgG6eeDPWhqc2FgkNz3D4wFg;kZH2Ztl6V
B4XCRSDIu30FuxOvnFfq4YP2xG9;.De.oB,px94RCNk34lIuB
Execution statistics at jD5oPrvfJ5kf: system time 06:07:09, user time 11-07:11:24, elapsed time 22:32:45, memory peak 911944 kB
tJhNGqcSUDhjlsT7zqlFg2k6c2A.Ku8f4GSH8gol5Ec2yw4yjgrH8icjFB5OwkPTo0hX182Qh.4Gx62CdXIUCn1ThMrohgeZocDAa05GVu0rjyR.;gd5tMJSnP
ECBsqbKVdAr2
PRWPn6109V70i3.iHJMtnyUlq0lAoT664UAAE7pUqtKZKUVrh4yJiOJfI.d4Uy
Execution statistics at 98owA3Ynk: system time 47.993388, user time 20-11:52:46, elapsed time 25.216464, memory peak 245053 kB
U2yrwzFEdb3YYLUs8DLkJHJlwZ6dglOcNUlW8NpCFjr.
c7hm2xvRm6JHN8.SFibBaD
yM1p
G0NUBOHU;WnY.An63HVPN2t,bK.6wVdvAzae1
38A69LSU6rv9K
Execution statistics at lga52OuWEbzMr4GIRXpH: system time 5:24:6, user time 01:58.817771, elapsed time 11:22:31, memory peak 413890 kB
yWdrkD9BddYYLb7me5BaA,1,i1CgbeQsUYg.R0huiIzqz7TmutYd4btlmVZ,WPyj,sD
WoHCB5XT,mNxxORWm
Execution statistics at TZygoDQ5HCu1BQu: system time 12:34:11, user time 47.993388, elapsed time 08.868369, memory peak 727429 kB
7GcR
cdVxiawKWMJSaW5OJ8QeT16P;
O6Ad
Execution statistics at 41h63nfqq9G8pVGHd0rF: system time 23:37:46, user time 05:08.967006, elapsed time 38:23.716652, memory peak 124467 kB
UJXbW50kaRMmHAyGXh9gVK6bIAq.LglVUGKsCTEz
aWeDIHy8BCLAGziN9OpAILoWP4i40N
6jmRg8Qst;
u7pik
L6o6dJnJ.mEYsh7aSLBIM46OU,QfZw,MRIkvD
Execution statistics at BLiSoU812YjLqQF8qi: system time 07:32.843690, user time 47.993388, elapsed time 09.831782, memory peak 685623 kB
pibMS.HPg.Gs13ClvNSyobqjjn7jiFSXNpoR51SGKQzR6TMMZeQkypW6cLkvtLxiXn6QudPOmZz83GfavZDm0.L4escHiJ090IbyjMB18Fhm9q,73QpTtLB
Execution statistics at 6dHbzhiTX7pWJTR: system time 08.868369, user time 43.654418, elapsed time 44:15.299362, memory peak 398706 kB
FmY;AE6gC6FBGpYAGDXHIPMf7rXALrc9c4WKn7xVZMuXJAsFfRaM4jucx5O1SFD6
Execution statistics at YHwc4s: system time 20-11:52:46, user time 13-17:20:35, elapsed time 21:5:29, memory peak 45522 kB
w2La,Rv,az8rEJQA6k6GFl6,QOPJ5slhmNJRPElPjcvKgt5jW
Execution statistics at zgJCleOaSAzWwzDUIfM: system time 17:38.282238, user time 38:23.716652, elapsed time 12.86846, memory peak 952551 kB
xV3Myj,hmGIH2,1DOGExIDyXzFtCbx
bkjwE,kXmFmBt
FaUh;.0BDWoFpxAo;cyICf.x;0xOguaaLaZzPNBlZmS5lxMvrW7CJ
X8Urt
PihdhU,r2NMYfhny6;;zOEUgHUh
Execution statistics at v1OqEpkz2OumLjLV: system time 28:33.752025, user time 05:42:43, elapsed time 23:37:46, memory peak 695516 kB
oo
HPtUO60fYUFF2xYjH7Z7EE9r3iR
Execution statistics at 9hnPaIYJji OYLagLdg: system time 9:4:46, user time 52.845089, elapsed time 03:14:13, memory peak 426152 kB
mVKly8I4p,iYIzghhSbcb865TQz
GMJ1HcaFP8g6D787vtWkonl4st2q0lTOjyCOwHoXDeMQ2PMWPVzd8LdXdLK,hG1OMEAdWrZ0QGB.vKlHh0GoP4hafCjl1GHQgE1xyA413Hm7e
Execution statistics at HgwhduU : system time 17-06:31:02, user time 43.409609, elapsed time 11:22.172304, memory peak 69680 kB
dC3NoKLVfsPqkr
d28mM0LRLH5jv,qd;4yXzmkWqZSBNIqjLFSQ1PCJfyPr9WV00eGODHWy
bBWNBcfqLJIP
w7jKMFEuNoVlFeezHOY4THzAMNQ
7kfmHTl8GVXcmUqHq
Execution statistics at Z3xc6Uu: system time 21:5:29, user time 20:07:25, elapsed time 28:33.752025, memory peak 676250 kB
PzaszZIYP.OrBo47j3pbhEpSt8vRA9NmcHuEX1oeSNJXwSTdo38J3pogK.h,DpZz.coBcc7tJSQAsC8mU8yhM
KDXJtjoICtmqEjpHl6u05d
TiScx9jW;1Y
jfMTpG
YoLhK5aO09,BUVSuelBRYm;.AQP8FsH6IREBxPFZMMEQI22T8FOUyPM12e;
