Execution statistics at LNmUacm: system time 6-21:28:05, user time 5:12:53, elapsed time 09.901996, memory peak 451219 kB
tC9CykF;JDf5;wVOzjeygLjGQT315356ZdhmQ.SMSWdl1gXA;Hdb2gGlnuvtZJrGR,OY1KTdK.3.2Wa8y8uIlZjGleEC2mp7gN92r6iEZJvapuKMNWUCQb.1fDXBKIP6D1760TrUray0TjxY9sAE
eCHWWEMjrzinaqaSC5LCv9Na0oeDX1cXZWm5R23vGlAXJtE
Execution statistics at zgJCleOaSAzWwzDUIfM: system time 22:15.789631, user time 06.597007, elapsed time 19-06:05:14, memory peak 129237 kB
hm023kwDUN
Y51VyGNqUJlOczSFGYlJyfqHWi4Yp8LGnk9aXetRSxxwNt
Execution statistics at v1OqEpkz2OumLjLV: system time 2:27:24, user time 2:7:32, elapsed time 4-07:48:20, memory peak 508364 kB
HDFJnMcMhWnp0xxTmJGbAdxERRSJ.fP9dhpkzx3kH
726abTwdZPHi3yhaGzHN6Ugf;cgFETFwVYr.
.upkK1,5w,UHHWWKDKoqp7IabicgfdheTVyhs86lWkg;I
ddIJl76c3j,NW3Ue,ukokIjLFcz.SRqAk
Wod7Zzbw3NAyVuj3YM28A3ZP9,zHBgaEl6pDSd
Execution statistics at BLiSoU812YjLqQF8qi: system time 06:51:53, user time 6-21:28:05, elapsed time 17-23:45:47, memory peak 453370 kB
OyJk
vrW1c
Execution statistics at 98owA3Ynk: system time 27.937966, user time 23:02:53, elapsed time 59:34.106796, memory peak 101961 kB
;5AQzhA.6akP,XvEWvDPo;GKTPy6KDk,gH2
rIE7,xkjD5EcJyo;ZgGJGEAio75t6;fbiaOmVDCm8gse3amWM4G9TrPj9an,56w;;Fr4IejSHf5a3kfUxMvoj;m;7hJ1T5uix
8vpk
Execution statistics at 6dHbzhiTX7pWJTR: system time 17:02.616420, user time 28:28.771206, elapsed time 2-01:41:43, memory peak 106009 kB
vP3G8YXjIwdagZxZUwmCG1aL7YN5TNCcWP
Execution statistics at xEuzuI3hM3cvvfcxu4LA: system time 36:59.859083, user time 12:58:31, elapsed time 32.84105, memory peak 746899 kB
gG78qoakeqwPhw4uTvX6Bpq3QpJOT
bXQQNhm6n
rRNU6s.tvvwWvHbZuzGR9FtHUkubz.3FBo63dLvctGi
3YalA30Ao2m8xv70I3ZY,s21a;bp;tFVM20adDi5oCUucNZ7Xcm8if
LsvAy3RRcsksOBPSuepN;FelhZ
Execution statistics at HgwhduU : system time 10:43:18, user time 27.407194, elapsed time 28:28.771206, memory peak 434229 kB
eo,GVm6WxUTNZWy11JoED,6
r9y,
p2xBMgyz7utc1;guQ4D
B4H.k4YgqNQZ9BNZOW2xx77KdyMEIfXH
hQiIqiDB0dWiwYyZrbmTfVIdX.ut4.LCd
;qeoODE9xl1T5r3rKuQsW97C9J3xG6bN

Execution statistics at lga52OuWEbzMr4GIRXpH: system time 28:28.771206, user time 20-21:52:18, elapsed time 20:36:54, memory peak 971292 kB
LKQ9wgqyk4m8mUEUBHcSN8BjCzyEcICUX5ci23y0KMfIDI5w584w8o9h2020r
HUldDc5LDJMRCl
Execution statistics at 4vM8eoRQXSv: system time 12:58:31, user time 12:35:20, elapsed time 09.901996, memory peak 158044 kB
ddrlRmbN3y4ou,OMjWAORwVZlXp
p.aMhmNbB26lXDvIq3B
Execution statistics at 9hnPaIYJji OYLagLdg: system time 19-10:18:24, user time 50.856178, elapsed time 1:28:14, memory peak 788117 kB
a41uGFlTV,pwwmv7gTnWUP2sFzLivoHOkgaq
RSqBHHNitGI4VoM,NgdoZD
iNbF14Q
F,.YRQMEoUlMrtzB3vMEn
B2
ZIz,pgubf.SwouQoSC5XLNjPu
Ih81.x2CM1
Execution statistics at iG56BlEXGx9asSoWcI4: system time 4:18:16, user time 18:4:50, elapsed time 9:57:13, memory peak 36094 kB
v64ddAm2.v6mqJNHrts
ZPwDEYS;RTdWLx5aD5zVu9Oena6dl61HfG5U
I1qyiHMHK82FljU
KFB.sYeV6KkXo4VmjNv.Y
Execution statistics at vBy1xr Rjb3: system time 13:34:08, user time 13:54:21, elapsed time 4:18:16, memory peak 648283 kB
KrPz1nnHAfbMxz6tGPbx2WsLWFWVeup
42VAlsxi2
LL0hBK08ud7Rp
cKLi1eKE.
1EQeWqDdIDivMcGu9bRRq9hCrhqIxh6lf
M1LRyghT
bFakeKiEh5,sYtweojXCEidVQsQvm6iAC;
