Execution statistics at jD5oPrvfJ5kf: system time 15-10:00:04, user time 4:22:56, elapsed time 4:22:56, memory peak 44699 kB
A1
bM9o045FrjjeMhlEYvm.CpIGpaLCyx
5p1hJLSrPh
uR;wWnlBcDy,k3bJslC7k9mKQqe,8q,0M426owK9SQqrx1rRbhmX;Yqt1hAwUiXVuJZV,vGkYndyVBYmN2uLrHr5SruajP7PVn0Xdlb1hzSLnYGf
Execution statistics at JudLk5ow0C6dJv: system time 22:52:1, user time 20:41:27, elapsed time 2-15:58:45, memory peak 15519 kB
GVlDeQORVwgDEWFHHDonW;BJnQkGEJJx7FWZYwPQnOuC5
Execution statistics at 9hnPaIYJji OYLagLdg: system time 52.468347, user time 2-15:58:45, elapsed time 00:27:25, memory peak 354741 kB
WzGCUZhNvNOQKD5aSXctyWTkFt6
VGEsrOI1,57F3z5jiNhdQI
YH.xqVu8bu
Execution statistics at iG56BlEXGx9asSoWcI4: system time 27.892581, user time 55:20.336725, elapsed time 19-09:06:31, memory peak 253938 kB
8NTGlYSTqV8HSg88EIw6jyoCoLUD8FAxlRTw8JIh5dibeeTYdz4xyTzvtQL56f.9lHfwMRxTPER0S2LcoVtFFLy
Execution statistics at J8b5 Tx1250l6n3fpGd: system time 22:08:19, user time 05:06:53, elapsed time 22:08:19, memory peak 59358 kB
osYk.OHkuLZ3Q3l
BY6Vbs
FtNf5trB7GlOs0CQQzEFjW.26OBOqhlgbZyJ.GfESxAszj2sYgFO9o449wXWOc
Execution statistics at 6dHbzhiTX7pWJTR: system time 01.523886, user time 06:18.120912, elapsed time 55:18.787128, memory peak 28190 kB
zV1gecdzSdiZ1BWzjp8Pd1gTcvPBPbKLQG8FG7zJGYuDLZ1Xd
dzwSaxTA304
,Mnz81xkiVb
o9hS.96jZ9woWtsxqsEkNu0x6ALlCz7BZguto4in
Execution statistics at v1OqEpkz2OumLjLV: system time 29.166222, user time 27.892581, elapsed time 05:06:53, memory peak 974552 kB
783lNlG;SQj6OQZlI4EUwDbK3QEx8YlQ9y1oP9D8rll75xzBFeCcdxg3Nkuj39vtmN8
gkNmrmOT,gRUICXe6ka
