Execution statistics at 98owA3Ynk: system time 11-18:42:32, user time 19.584546, elapsed time 12.356162, memory peak 538516 kB
RUNi68.9tQZakZN;356YWE7XLm.iAXusGl6fglnwohRcOXgPIfta
uk3p.JpPmZ5SqqdX
A,o9Vsw60z.7em.Eb2,iK7DuHCOybi7eR02Ihi;pH.;.Ekev2tITOeKpMV8I
7Ir0GaHIwwO0NVokPSezw3W,jYhgidjv9qzo
Execution statistics at YHwc4s: system time 40:16.59511, user time 22:13:11, elapsed time 3-22:22:37, memory peak 60700 kB
StUCpTmait15jkks3PoCr7DPrbUOANmNgSqFMUOdWz
Execution statistics at 6dHbzhiTX7pWJTR: system time 40:16.59511, user time 17:24:43, elapsed time 24:20.134205, memory peak 659231 kB
L24oGp
y.pvh5efqUxRj7rE59DQK8hmSDb0ixHVqayJ7;siBDMIdDBW07uIusjPUEcut44ey.mQwCODg3,KpCrpxTg
g25Y0cDtwirl6kNzbJAiAoziahVkywB9XXoGT5xXPPs41AGPIFr
..
6j4H,Am2Axzgle1LQqklll8L6AOemOyd
ErAgaf0LiEzeJbcw4YLG
Execution statistics at zgJCleOaSAzWwzDUIfM: system time 56.283788, user time 44.527996, elapsed time 5:42:43, memory peak 974055 kB
tzq.XY1VBcc7lmrc;03OxGx0AnsU9mV;M
cMhouGPUfHYOAjVZi.udYltHUHP,LJ9R4laFK1e3Kv2StbPTB
vy3rO5kzeiAUJJkhyWdcv0yuWPRHIImf3uxj,I2NL365ew1Zu2560oNZ9srR95
Execution statistics at TZygoDQ5HCu1BQu: system time 56.283788, user time 21:56:14, elapsed time 1-23:42:06, memory peak 291335 kB
H9h.vzraBmfax,EfRzOzuJLgh7aHotEvsnlV
u7WL3fAwGQQdMPBZhRQsM9a67qP2lpWBuDVhfYsDW1r5pBM;1CH8lRv,9W8HimcBGgQrCQ
cps3d,n
z.0Wla1KGVNvCVZl1ZkBLSd2bbY0GtZzm;tH1co3ehfKp3fxt2IMmqQBd;JLy
WVlo5M
Execution statistics at 9hnPaIYJji OYLagLdg: system time 34:39.982163, user time 16:00:34, elapsed time 23:32.214548, memory peak 893143 kB
SkYVrFjY7o8ZN.7kL7UCpu;iA2O5F..0qsrE36fi36WMebxx7gv63zFOFHwBO24p1I.
,OLLi9j68d,,G.;gRwrgG61POB.lpNDn
6pJ7Gl.
Execution statistics at jD5oPrvfJ5kf: system time 11-00:52:29, user time 23:20:41, elapsed time 19.584546, memory peak 485135 kB
BIWEWm6l9GAMoLPKlcC1hFFQwe
qsxwaHl
ySSsX;Ctzy,QU
ugrhK5W75Y4kygQ6xTq;cMVJK0QiV3e7Pnal.iss3vBUNwqzZzXiIQLLu;Mi8TSMW
d5bkB
QpTmr2
UQBWJBusVEXeNda2L
Execution statistics at v1OqEpkz2OumLjLV: system time 25:23.24596, user time 16.237141, elapsed time 6:40:3, memory peak 973768 kB
71RPikaGijUIIUt6RXVMZ,QOEcF.1CyMobxB;eCE;t.v.Q9A
zUcsOQZDFed5KdDwZOEmHOszDp3LC3gva09tG
sPY
yTUGTC4
jLxZmJmmwd4T5SfXhpZl
Execution statistics at J8b5 Tx1250l6n3fpGd: system time 15-10:40:56, user time 13:43:13, elapsed time 5:42:53, memory peak 936478 kB
QDvpF1VufJDAyxh
jldhUYCbhaFgmDmKVFCeOgs2rrgWBO7S
bWthgkokuvnOi6eEPAZp9;i1rHJp5.zdTIDJpfONiqv
Execution statistics at JudLk5ow0C6dJv: system time 25:23.24596, user time 18.247654, elapsed time 15:47:23, memory peak 952695 kB
KZ2GPdO6xDFFieF.9mUl29VcXxHJxpDJUYDKAMNm07RZGfDqH9qmdbVwDYl3D
Execution statistics at 41h63nfqq9G8pVGHd0rF: system time 1-23:42:06, user time 17.873502, elapsed time 17.655921, memory peak 173628 kB
.Z.qmN2HEaPjI0KVyxq01Kit6mKSAP5JVCD85eHIG2IPC5AK1wpI1P7FolZiwKIAxSff
Execution statistics at BLiSoU812YjLqQF8qi: system time 21:11:39, user time 5:42:53, elapsed time 21:56:14, memory peak 224393 kB
k
,PUyBIHetxMefbsHvR9FlbcE9UCDcI8,EcOgK3WYUDS3lNwE;aMieAJ1zqKzUc6WqDkimo6zRDCcv1t.Nc8ycmnX,IN.OGJeR;5k8Pmi
77JjIxY0aiwBdR.3O..

Execution statistics at HgwhduU : system time 14:40:51, user time 01:06:18, elapsed time 11-18:42:32, memory peak 269963 kB
IVsrC3XW28sGbJdfMpELPfDBhNZYW753DSvskCEK7U14UVHtlPY47ANw0t97n6aa9Xn1ht9fJ1b
x0lRwVtClwA203oYtUd4V25K;yumkIZnX38Zc
epSk2N0ZrUYXqWZ4
Execution statistics at xEuzuI3hM3cvvfcxu4LA: system time 44.527996, user time 40:16.59511, elapsed time 16-18:17:54, memory peak 522281 kB
GFmREfzd6ILNgFbArzpWB7GRmNUWsZdjdCucD,5;1Uujys15LO1Z6Gn;ohQ;QTrgnY3ftnjj5Wjw
1b8MUFhBLU7AImj;QiYDbnwKVJbitLQ.oXDVOmENXL37
ogOveMRat58wkHgcZgesx;eu
Execution statistics at LNmUacm: system time 22:57:27, user time 03:17:57, elapsed time 09.369706, memory peak 62108 kB
lhSbOXv0wm5PqXR
Execution statistics at iG56BlEXGx9asSoWcI4: system time 16:04:11, user time 23:20:41, elapsed time 33:11.193983, memory peak 869238 kB
gVdDM
E7QmKKaDLrdUEpQuhaI,Hhjj0PNeno2a
Execution statistics at 4vM8eoRQXSv: system time 49:12.155332, user time 04:02.333717, elapsed time 4:27:13, memory peak 440907 kB
qEf2AD8gpiU0PasMm
