Execution statistics at YHwc4s: system time 43:35.557700, user time 14-15:15:03, elapsed time 08:08:59, memory peak 705964 kB
,OI.2tcBUiVEsYtrGF9WNNf0b
sQaE5ZHCC4PrY1Fjn2Uu5vmA;vQ25MRwZtuSysYKrBfbF7q
kYxUV5ggSAWICyvPS
Execution statistics at Z3xc6Uu: system time 51.517235, user time 3-10:12:25, elapsed time 52:28.677924, memory peak 27660 kB
VGmdUwuR
6F1c1J2D;EQr;ph9UjLwzkVOoB6ywUj3C9sUL6mB;FCcb
Execution statistics at lga52OuWEbzMr4GIRXpH: system time 03:11.485458, user time 08:53.460822, elapsed time 10:28:53, memory peak 773280 kB
bCMN4GHW9N9oXjks
.ieSXeyKJc8ikdA.qGmtsFdgNXkM
Execution statistics at iG56BlEXGx9asSoWcI4: system time 6:4:13, user time 45.865874, elapsed time 12:39:46, memory peak 94478 kB
e.ZZqKf9V88PEGwqPsevrOmXcYkpT,RhcdmHwHne.pwYkvywbwAhSrJfQTUKsOFki.p3pw
dg14S17u2q2yRLGLVkyk;K99pUzpzSd;ESfCSGR7nCpCNsrK1nuih
Execution statistics at zgJCleOaSAzWwzDUIfM: system time 43:35.557700, user time 15-11:09:26, elapsed time 27:04.853853, memory peak 288267 kB
2xF58b3UA.r6hqI7fj.7JLPRwsaFMzbOVU3Mn9hz
Execution statistics at 41h63nfqq9G8pVGHd0rF: system time 16:45:50, user time 10:10.326512, elapsed time 10:22:25, memory peak 928748 kB
2F.TJIwgx
W7xSTCipucTVu
Execution statistics at 6dHbzhiTX7pWJTR: system time 38.634653, user time 18-11:44:36, elapsed time 18-11:44:36, memory peak 963290 kB
BhAuLI2VtDeyvjJ.;smGZVxt.umlCMoUj;uRHWZippDahO99sz1.2WYCdF;D5yJv1rCYfjDMYyMp9qCLWf0,tS
jmPNHEzuOyct.2O8GKccuZcx..akGiMIogVGpys8xzcz4KA90uQ,m.lPG,CK3taKlZd9pp
Execution statistics at 4vM8eoRQXSv: system time 00:40:41, user time 13:9:6, elapsed time 36.697721, memory peak 930115 kB
hMztH3zGoxN,veC
OwZXi,PJCeZGm1KT.
Execution statistics at BLiSoU812YjLqQF8qi: system time 4-18:57:28, user time 4:48:34, elapsed time 35.398543, memory peak 650876 kB
ui76oLejzmda9EbMq19FeWayc6qubPhLq85157gDv3fcPteUl
Lq0exhSpKw
vQ8.75mYlYRPfW,ULRBodLeEJfmvtWEaqRDqpHdCt0Nrq9J5kvCMw
Execution statistics at vBy1xr Rjb3: system time 11:27:33, user time 12-17:41:42, elapsed time 14-15:15:03, memory peak 440590 kB
cKIRrJQfiAW28qIwBAd1,wYU3Cncg8TE5ZgAHbtbDOwXs2BlAcqBOWy,2im,iZVpZ5Vvi1Sx1Jz
Execution statistics at J8b5 Tx1250l6n3fpGd: system time 16:07:43, user time 05:04:20, elapsed time 07:17:24, memory peak 580232 kB
ed6PUG4BPi5fAUzqjtNrE4RgJE8s5w0kpqJOgT
P0BZ28EorHzRAuhkmwGl;KAF
Execution statistics at jD5oPrvfJ5kf: system time 04:55:53, user time 53:03.168289, elapsed time 14-15:15:03, memory peak 971498 kB
t5Dsy5MO2u;0SfeqX;
X,.Gtb8.a2.Z50SWOsMeXPVjKTn
Execution statistics at xEuzuI3hM3cvvfcxu4LA: system time 53:03.168289, user time 52:28.677924, elapsed time 12-17:41:42, memory peak 251374 kB
bN3JWN2B3v
tD,.dFvO0YgEwq
H
Execution statistics at LNmUacm: system time 21:41:20, user time 08:08:59, elapsed time 57.469757, memory peak 993907 kB
hqEdUOo.qOK
Execution statistics at 9hnPaIYJji OYLagLdg: system time 23:9:52, user time 57.469757, elapsed time 12-17:41:42, memory peak 556766 kB
IY
2Hh9Zuhw1tqCpJyVe7fX9chnEwrd;,rIwevt0bgNr8AU6s;zw2JEoP
EgdORI7TMgckxWMHC8ApZexs.oXvwSqDq1CbRHF;pmPGPImUUl4o8apq
Es70eopYEDEb3pH
Da3uEpTAAFl89LXSDfnfPdJfhtNVcedilw67MMQLlhoJe,3eHjP3j;3F8ro03tgvz
Execution statistics at 98owA3Ynk: system time 16:45:50, user time 23:28:51, elapsed time 08:01:18, memory peak 526379 kB
R9l
w.tDcWHGi;,T99S1rmiRhskR3cMvYfhjlTXNz1K1vk6lf;mo8PdKmFMvVVHe2CJ5XZ0ntZLGan3X4oX2LBXPJu;I4eJ4TsHerWW3PwIG4rj5NSva6h0HxZWGItijeZM5wo5EaLA6wNV6oj1GpfDE.fpdNEZlHT3nMo8TtP7s5d2f8hD4T8ZFWcHxnG53
Execution statistics at v1OqEpkz2OumLjLV: system time 03:54.355524, user time 04:55:53, elapsed time 11:7:38, memory peak 694668 kB
86XdDn3xgBokA3
iM,ebmZFHYeyZEik9O4E,lnTLB,SCKAo1hVEGDogu.jnPsibpeCHjIpdRmssI4ZTRZ9eWg4849XRBSUo4bubs4PIXPpXSdZ39YxypCSx.9nKNCz667JzNsC;2Vmkej3FuOJXNWqf7uMawyRFn4g9Mu
Execution statistics at TZygoDQ5HCu1BQu: system time 21:41:20, user time 55.585931, elapsed time 12-17:41:42, memory peak 215990 kB
OSktr
AiQJjnQsnSe4QDCnDVlUYAasMqxfBo2WLITPcAPKqct0v
iY7BWEk8E
Execution statistics at JudLk5ow0C6dJv: system time 3-10:12:25, user time 55.585931, elapsed time 21:41:20, memory peak 568338 kB
qz2o4Gb2mT;;kW5,f9,,oHdPivTjO2uNO;GHgZX,tRdAu;bU2tSO;hjthD2xERebpbkfHZ2acZzPlckJDrrifkMtNDy6k9vyeEfJGbXStXaZqF.NGW0AZUW1yCvyVipL9ON2nKG,cJNp7C
