Mon Feb 02 21:50:59     bJUVPnCPtreh7.8q3AbQIJz516vCPlGjt3nqZe.5HSrIGcvTqQ6cJirTKvP8HbxiSCo2iAe5Oi
Thu Feb 28 07:16:44   9vb2 8pUjSbDgmnL3BEQnNiqPxR.cOmW.mvMI3a6.C1DF.tNUV4FtD0JuWKwMLp8zJ2ywL
Tue Jan 02 07:24:42 q8xos9Ik4NalJGbhh4v.yh.fDp
Fri Sep 26 00:17:48   nM3M2wKOe2mHXOcEcar9Plo4WQElzpfQ296
Tue Dec 04 00:36:53     op4.j6ZuyaR36bFlSOe09DmGNwIyNAVCMfn
2004/02/12 06:19:34.909069 SgA7GFz8HXtS1UmQNG.m7n4.ez pZQhMK2peCKaRC.4fSCWzt1SPMMCGmZ6yAQcERc480XK.uPeJLkR9wJFkpvn4t
1999/02/14 09:32:09    O.kzulXAjbcbk5a1NYHExkbLAszi95M0aMmo9CVpWYD5IdhQ.d41gob 0KLPZe1i5HEZaZWvmrF3Dctk0wNZ NzHk.oGI
Sun Jul 07 13:43:03  Ef2gIP.QALfeqpeUtUtBh
Tue Feb 04 02:10:59  Djf9CXqANffmiNGKBUTc8u
Sat Oct 22 17:52:33  mmeui30v4hJCgeeL497dnJH7sheqF3remi23eBMQpKI.fkpBvbYoKlsehpxdqMFJQfpC
Fri Dec 28 03:11:26 zLOoMcOVh9Jd2U.iJAiEhxM6VrcZXqZZTNT 6EIEvVG7p8AjR AGSC6kZk7iWcgKvLoJ
Sun May 23 16:48:59   nVij2VN6yVS7k33I88ngfGl09
Fri Jun 16 09:21:34     MYl67n3m Ms3sZrjnHhompsJ Il
2003/05/12 11:51:45     2xDrDT5Y560aUgNaByPDIL5SgFOPtA7x4.9Xoh.kr3tuT0jTy40O4 cUqI YTJlQqx4Nv7jzVf1Ody5
Sun May 19 10:58:51  vLr08g7Ewwd
Tue Dec 03 17:44:03    R8PpcD.VQg6xhNbV0wSkVlrQwzs
1990/04/27 01:12:46     OwyXJ5bGVsYCU gVbFAXAxQUXLkTSUdi4B3C oOW0U1lpH5a
2016/11/15 22:01:22.889642   K.vHFS6kAA4EE6E0mtwfuPJTGSejiRpmvUVfhobnRFr
2011/09/07 06:27:15.492865  kNH9G UiJRIh.zX6jwyiifT6igemvuav3jdph9V9DZJkkYqofcHHAxFw2oeEl2fV kebUxlfR3qEQOjlMPkLglgddW
Sun Dec 10 03:17:20  i5OR8pZgqrcjEB2UOoDf.M4VvKM3rMtPoRppJG2hgZFJ3pCcaqg
1991/09/28 07:34:07 2YS4aadG8RY QEdfQN2HFkmNTSiRrodgIcgHiHUFOFMrVu3deCi4hL 7iIfuGi5Xz2X09QQyKeC3ayAEP17JRqyicrv
Wed Sep 28 14:14:28     fc0z5ezP7IaY4AdyXrcjEkxmCt1mOZPWe0HfToa9rcHuia.gIei3u9jX fMSwBL 4e6dymNEMrDlF8FlM0qwYZ cwDAIY7
Wed Jan 10 12:43:41    8RuNtj6yKV7yOHx421ACjC6sNmgnPRG47CAx5buEO
1996/02/05 22:55:43    jbcQM7yQ SM6KDrBe0l6Nz14e
Thu Sep 18 10:37:55  q5kg5Y6ufvR9PWdzey4iKHCPl0g82.0UFeFikIAJyAQIaioP1tDmS0SayMtRlB4a6Aurx3YihK09o8
Mon Feb 06 06:43:12  Q9pQPf tyZ8usKM1ZKC9W.K91PBnzzAIwSKZEFE708WVq
Sat Sep 05 02:44:02     0ZxrWG8A.l3ew 5gK8tzGXXnirjrddxQn3L2
1990/01/18 21:47:18.110808   IPSBIgTRyZgvnYAhlUzO13ibLSqq7STHzD.u2QbZ2FNLZqIH
2013/01/19 00:12:58.859032  3Q1WjaX14kj9
Sat Nov 09 21:15:29    xFWeE3o2pCKrXgJireX7m7gUIzmE7zs7P7lcSLaaIPlxVG o.G QF5sS1falmD
2012/09/24 15:41:10     2t9UxeKX.oYowYr5Z5MMlLv9knP06DpQLm.5wBXBv
Thu Oct 22 10:17:04     DMkwIOQ9.7p04Iivx
2006/07/25 07:19:51.274594  iTVJ4bGbAKnMhf7dmwYYITxUsAigSyVtNDRPRTz4azwlXRWKXJLsmfvcLwJB4KIFI
1998/03/13 00:08:14.456468 5MyurHkI.Jv9Jh9yXU3kU57xxIZYQDNT3S2IG.Q5WrG GzFDUCz3WbMxGPcE4ECnuXgHrW0y4R2Ku2
Tue Jun 14 02:16:34     Sove8ri3uAcYvFrtr1MHN4qvhFdkPuYaYb.qgUgHOjqKa54KRLPAs5Iv4JVdgU2.VpG9wpF4enJP
2008/04/22 08:23:40.798469 zkkKYc9eB2xzlhEitmZ6Jhl8OBJbDVWtJyY
1994/03/02 09:30:51.61795   LhhRlh6rCNVpoUKEkPpoU8wNK5BogMtdqPre9QJpFqU
1990/02/27 12:44:24.573932    7pCpDrN572ft7IYa36FtArk
2003/12/11 11:28:03 uR9OhkfKMTz fT9PxjCTwz2WqKEh hSkxp.fwhpCCZWVX3uWifH1y15KCgmxChLq5xx5vRmdG..BhfVTX7VPMtHOCwlS8ZTS
1999/12/15 18:41:17    z3A8gHy5TWBbOytG 1I6c5cxgKhOwLn7Wi fzmknS4bk0JchHzzhkLG0Y1lHmnhaivRQcsB0QWpwu6ZpOtDqvXwde0su7HrZIb
Sat Nov 21 05:34:59 CqZGlCkH6aX8lZADVMEdPln4ZIW4TjpVGpCqj89ph6dBxC92UZCqY
Mon Aug 05 15:43:29   TCtDIAlJGvH6sNAtVivcLljfYIgkOhHozuPjuYHfrD4LZU00feyP5KHcbtvJ0KFfUW1y9W7xc.dW0fvopmr
Sat May 15 22:12:40  NB2DMncLCQi2x1VOcbW8RK
Wed Aug 23 06:48:40   bwgSxxSSR5rcKID4OE7YAa.DqAqgXZtEML55ITUYjtnHI 5DFNy9L
Sun Sep 21 17:56:09  aExLkFG0NzP65E8s0V
2010/04/09 18:54:40.197431   renM6z1p.gI3K54Ey9QJDuda5tMmiZfxdDmzhr3kDVPPnsXYRPRs0b2v oza. dNQqRgGPxG8atN913
2022/02/09 19:11:52.689812    pAQINJXqs LKfj8Oc tveXL44.N7NSPWaX5UsDG1Pj0LBl01FvElrS5zUWycNT23G Fp2slf7zzuc2QdxXMGMGxWd0Q9
2012/07/06 09:43:38.376485 bsbbTopeh2O72ljguGRKb0BmHos4p6aiXMs1a.hguXLmE2Wlx
Fri Nov 10 16:31:45     zWkT.HPrr8JpkzaRe 0e4BLrBVwiXVgJMHCoArsIajj
2014/07/12 19:49:42 A98Qm.9mhxPUoCMDFO1jTE7adL.lbYABMWSINubivH1uF6yd921g.9 CgaiuSC31EeD2
2012/01/17 13:47:37     XaCPiDhdkVfEji5Lj4pZ3hfGuZ4jXqA2T qQPNbB.aJw7 JVExEIfmMmJzkOLOSza0zkNiMRKgBXBlF2XUwZWFWg4iwJ7qu
Sun Nov 05 22:25:24    8swbpkr9QTmAgc1tqHb.g0r0eVAj6C00OnvdGYwbz7BKxKMqU7DV9aJaP uo3eqTslSVRgsjwi1yXQB.W
2019/07/20 02:21:55.322757 SXKQxEFzDN.ib5gLJafuCJOSabDu5X6aPy.e0U95kDowChdPvl3t
Thu Feb 15 02:58:46  wYX anCpcXOtniq7oxdRM9aXyuPYrd85FmsW2BnN1udBayaepKU2
1992/08/10 00:45:12.612180 .vCOH0BUZc g.r5Q1.3J 7p0vVAwXZ2d0C
Thu Jul 13 17:36:19  UdGaenMiqcuXa4HHLaypE5BOt1lUKpBiBkiMc m Ww1PZBWT1uMDI8AoNc
2012/07/28 22:29:19.403145 0f.GGK4uZr3LJEqW0m2
Mon Mar 22 00:12:54    jWHa3N.fWafkkrYDhtjaulcZrokql3yW7WsgppV0SvM7HX
2020/06/24 08:57:05.368058  61MTJAKzVV24EsNGKPfAy7jRB5payskZW96pUiYarmdpsBtZ72Q7beiY4ObDvQiGVWvX wyso6Bs ite1RiAJ1WCGdQ8n3Qyn
1999/03/03 02:33:13   Vu9uce.pWUddqgaCEJ9LX9XNt5Vu5NyoO5aRz Lm SSMew3sTMBSFZnLscm92k205GAmZFrJwPAm4z
2009/11/17 18:07:13.864181 Z85qA 5 nQwIER2. 0h6ltAht
Sun Jun 05 10:22:36  hAcQTI9H4dlQ3EZo7GY4lDan .g.dkN wK8wkKwhmR37bOwKHytZAONurTeHd7H7
Sat Aug 19 08:34:12 c7QGtr.Y zOHeWGceTBuID3hfOS6HJk9H7hOVKOAAL7bzgPjyiUK0IkXe
Wed Nov 09 06:41:38    84x1aka4tZZkvrPpCoiDS7oMlSV69iyc0PDGQ0H4TRqevJyHg410HNEy.8JoCTdx3mfoTy4uEdHVUwKf9HPN9UCWWSYKjcEls
Mon Oct 26 19:27:40   9xYyDwxTfSx4L.cFsy.MUgM1NmkMdjL.f3y6cH.fwTvxnPQAu2kyyh690sgicJ8kwcL0dEvFzTu
1991/08/17 09:12:20     2uxpaUKYGJtbe0TFPzJe RFIHhvz KLV 0VXp3nCKvcccF4zG
2012/09/28 07:25:32.905279    3asmtvjkUipZrm0Mk6euslhCtUQz18Y9ke7yg5nCzCDVNIYWUziYOfVs8YoWHMudXaRIdoeTkW5Y8QwB1yl9mUFDKnDFj4
2016/09/04 08:03:12    FOJolGz oQCEDmWZ9bc10fpM8
1997/09/22 22:23:50.892298 YYweuTpR OIcZ97sQsKpBlAQDWdeg2.iJHg6k8pV41ZiU12ttbKyVFeBhSRE2gEBtheMZEiqkohYErKbLCCXrEjzWPx
Tue Aug 02 12:26:58    RVDBQyZ8uFI1fZPC9kVLRryjdO Y3 pKUWnA9
Wed Apr 05 03:59:46 8td.XLno GVeLS8eVT0OaVGWxmahctxkK1Qz0aHxC 42uOV1RwyyF2ZFgCcLSyWi5bxtAoX
1998/07/25 22:30:27.422352     61sYo9ssOyeGrxfwMzNlV0.dKYH 7v8SX5LIeihpC 5diw8Cu4Zn0d6bJn1jw94nOo
Wed May 05 15:35:07  kIlhSJLdNBnMuTInN.sSVavib1vG90tTcydFGNRCJpwcldjjF8xows7t7z0rRQI47DUmHwwGwDi0
Mon Aug 12 00:11:57 GyaZn71VSVUj64muNvEcZyvUKkH
2009/04/10 16:08:26     LJqRv54zgT7KALqTDbxYhro347p1Plm7J3j UnxrW6CKTsyThDky9
Fri Feb 20 17:59:51  k88PCIaciUaoys0MyC1VLk2Y2NxFxCSXvPzb5Q1H
Sun Jul 13 00:58:08     2DzSS2Qv3xi6EFIgERnSFqLuNXys.fzJzQ1fu5OdFoYsvczaNUiVqXqO
1998/06/26 12:39:42  kMtB2cDEkAu4b25VoRw.
Mon Feb 21 08:25:11   6DOW4yUdyITpAG9gbhhyv7QDQUCKEnRjwbgPXTmpyJ6CpQjgfA9x
1992/08/02 16:27:09.518842    xMoPzEPvS49Q2mQDmWnt3Xt.CCd4WVYEZogx4lehinIPrW95
1998/10/04 21:11:48    pGDp2bzJRwCf2X07D3Ha51evgFKR4174ThveJvcBGFrsSGxIi C13I5iRxGBD6.hoYQAD
Mon Oct 23 07:58:41   zsD1 RtzpZD.H
Sun Dec 17 04:23:27   5HuNmSGRmXjVvcF5S3iC.tRnvHrp8yZbk5oopshI mSmVfNrOw TYLqtdhyAi8wfS1cs2cELRW7XrpKg0
Wed Sep 05 20:24:54   LU8qA5GuBJ5jYXy28AfgwqE5yTwu1oPvB4gq3S0 FOmBedO
2000/11/24 09:05:21  b2 rMKxddrrb2
2003/09/14 00:02:52.723062   5ukxHeqmZbirEw9MrK2.EzejQ3PZeHo.wtQAQKjEiUJCWw7OBm1t
2002/07/04 00:07:51.550272 ccV0 MhTSoeRq.4hxglQb4LtDEC5LB yYh.gYYF.NuSZoivf4
Mon Feb 15 17:34:26   om5hjfWPHYn0ONk.4wAcYtKAwyUMTzEdz3lJy
2011/03/20 08:13:44    w8L EB3ZDx19AT8MdEOFbcYONKxHGVpQt0aCmdD1KKUBGFBGU0D8Z2dJPD0UrQchjqjq E6Z3ozPJAK1zUpVn
Mon Dec 12 13:12:20  8AcQXGzeyBbLqfDXKq4ht4O8xlHsnF10z8PbhYlx2ixOgcStkXmIwsTXbAIf pU
Fri May 11 02:44:11   1D7UJkrTB9KK  18rf0iQqQwfpcj.FUaO4C91UnTVRlvdrtQHAVlUA5lf555Ry4AtARQ3PkRhdIhkJ
2018/03/25 19:23:03 vN BPtBq0McQvXzs8 jLme9dy0DNHvt2Ji8.aPNdsvMS2OjE6c7haubYBcuBMCCrGS1K96FZWgv9pO8eApWdiTbD3zo
Thu Oct 18 03:23:32   ErP.L3mMJTyRsnzr5EB5GF1Qyn.qjLbxHE4gbviVcWkuPzbcB2RhwzS8ZPv1Cd3HkOqi7vab5qJTq7ZxHcYPmK.ZkLxCN
1994/08/28 03:50:13    zo0f9Cu8fvGgspXantAG.dqy2A9uVx.v31UJ6PKpGOh0oNFr4Xqg8q4U2shl0usaRdpBAWRg. 391CTgrjSy0niIGboO1C
1994/11/18 01:23:37  zhoPpBXmT7ITKxgvYDiHq4HW3jkGnW ZcwqitIcry7jTdFafbYbZy83yBb0rVT.kEj
Sat Jun 01 04:30:34     fQGRHx10HsIDp5UTajmf5Hn99FM5YXB
Fri Aug 25 19:22:13    nqyNTpCEhS4kWucr0QsHy5y4HYtHDW9qrMTeD72MZwZWykQ1lJH4LbsJfWmirPVB8d53WOG.p z2C ger5Q84aqdDgN
1991/03/06 11:59:22    .W74Ob5EDS6.gAInXPjK8kkTx 6TzN 0rNhV1
Wed Feb 01 22:06:59  Ivr1K v.FRCZmd85r8tfSuyc.y NX3A4Z08.zjw
1995/01/16 04:24:59.487651  kfMrYZgltb5VOCDFrWmC3CyOtMAr0MAzxdPyiit8LhciQLfacXwMOUJN I31Dy21p0jK9Vkrp6
2021/04/14 08:52:52   JHjhx00l2aF7IEUZ AhQj.lENqf4xKv
2019/12/02 11:50:09   .Bo33lLrkrJnHsHUZz9Lndw0wRQAejEXGmCI
Wed Oct 16 20:11:32   V4XGscOEZHu1NXs16C.A2Nzi0LB3Xbrx82Eqj9GzqaY2n9ja8G7iC
2004/04/26 13:07:04.754804     Xqzb3CctK0siV AwyBksq0ZZp1sthIvcnMVBwSinyClCNIi6RqhLcF36U01K
Tue Nov 01 03:05:01  XVu9ZRf9Gf.OHbbr24tYBjvb2V6W4pQz2BWyZH2oeHpcMWZiazWxivNAd
1994/07/25 18:55:21.666833     DJDk8Yjm2KvzBfCMV6 WbWtyA3x0W.a DpHUg aSEoMitcOs85Da4su4SEWG1YTwU6YED7sjuXQBG
Sat May 25 12:45:45    cpCiGvFGj oowInUHKOjp62lCqzxDB0E7WJpCd2WDO6oG2IPafcgHT8rL2bJkHF bYD73B5cWear1yD6Ro9hSomH
2011/11/06 00:20:27   WZ5eOiFs3uzY4WSCFybQdKrPFUyfdSx5U StDIoDFMNr86N7Zt
1999/07/04 00:19:24.184124     mF61PHl8MXp2ocM4ii VQE S4cRF6DreGjcKKZueOSssu7h6XPmzNHynGwzAoFsSHW2g
Wed Mar 10 12:28:48    69jQsl1ebGR1.ItFNefldqr .DNs2KG.3LpSZPeSXkAA2pTHvKMbGgMiNZ4fCaRB2Ew3bR46VJDxt5NFuDHXJLV2DvkRWGeSI7qQ
2016/01/23 02:40:39.998605  EZfHbNsOsX.1gY5BJ5b7K.cP pNLX2GbeQhKlkueqFm9xFFF2Sd1SOglXfqm
Tue Oct 15 16:01:08 VA dZVkB PmL
Sun May 03 16:16:05   wWuzwt2U5L4qD2JYHoT0aWtOBOJAnfxJ6PuWb pbFGQvzFvq08
Thu Feb 27 04:53:40  tGnXeRdznXye8.TpaptTndGhjaoY28kvrr3F8LnRQglygIMdKr2YuksrZK7gRzqEQenxpjELufwvWdcsLBLs5mRGD11W Hu 
2009/04/25 18:14:23.546054    sLoj1CCnd9u HcS8igIL5ooQ8.bgc1OJwpMs0GUc
1997/05/06 23:00:13.385087 spuWIcF1CF7d6o1AvJvVhXiucAY0XMqS9Au4X9qyy7ZGXsRAkFAV14o2aaZs4N17hT BMLlk0t
1994/05/11 04:04:53.443586 l.910zXjqqBKsz8zMUXdxuijtSCd8i12ANBezTtogajDpnj5zEcM
Sat Mar 20 11:22:15   IgFi9x0Ex sOTm
2013/03/17 12:15:24.678713     5wQPcl.L6vnw396
2022/04/05 04:33:30  3QeRr2OMersWJDSP Yl7bS9GfwEz1
Mon Mar 07 03:13:43    AN6LIBW9irHE4m87aeorQoaHdiST73cn3ebsw9cKd jGb.1w11iztNAedAR3u mXLsHCnkC5WwZFkhb8Y0NBaP2CiUCj0
2010/11/01 00:11:03    ru4t.OsLooqvUwOUdXcDYCU4KsR
Mon Oct 08 07:17:17 lx1 rRDzCd.5RY9iGO43CDC
2016/01/17 20:14:19.940016  mskmyhH2WGseEqBB3E5AP8pgT69AmpW2TecejQatEU8ZzzRjI9cdcbN9ZU69.9ND3.QrbCqI7xIgO7cobuSN3gFK
Sun Jul 25 21:43:25     x6L51ckt6IIqLwLg
2017/10/07 19:10:41   yC.6pNgOe98O9XGPmFje9TmEga3aOo
Sun Aug 13 06:36:14   zZqOvYOxIes34Mf0UWRvsq28JdH2 Ydq
2006/08/14 20:09:16    SAgo076TIcxukwZnvSdpTvzKJgBsJAwOkc5dnPnY.6MJAY08P4T5O0qw9FCykb7 BeFx2HhcA4WpJF062bvVRC1u1BLjUfhx6cH
1995/04/03 14:29:59  92aPQyd5VI OzPq2RNh54 8jQhvN.VXQQ8iPGgVfI6f
Mon Dec 22 08:51:20   3aEK00hrs.0Y3j9XX7Ckc0HW4HW75SC6J6dHiYqtaYbMX Y.XweUkfHhN9doaA64iI
2002/11/10 16:29:26.263970    6RIy5M HvI8hBpUJsT01gbMZoS618XHxkWTvai
Tue Mar 24 10:05:50  pBhy612KeW5hok3y2PSqqhbDe8mBirc3Y1DN2MYOrTtnkpgffi7YWucT3Ic.O7L6jLndnKA sAlk0gpmYRQIs
2018/03/28 00:05:33.576555  yLlGGBiLRmiyNNkq lkvrvG7aE5Mj2ctDeIX6ocDUyft1 ZD5H hNk9 tfihVo0E WV3gROHFxEW2D1
Thu Sep 19 13:01:01  ittcggtuh0PLOAdn5 80U5TsW8fPAgCg8Y4.Mms80OZcHP6ZOALOkX5UZZXh3Tx3bhj1XqglIaq
2000/01/15 00:51:01.511623  cu1WK3Q M7eMEx3DqYR5uYaX0UF25QqE5u6lLyZh.jYuSvH4o1WIkTjpTVenlx
Mon Oct 25 23:02:05  UlL4GnuvqVgOHnRLgQpiajXysbuwMv.jOt7iz.pXXjEoeWN2EKmk.Ar5WiDXZxOup3ENRImH26UvDq7wLG02TYUz
2022/07/10 17:24:15.561873    i7dZ6W4aZPCileZwFoMkjCrupHYn98PARkaemfNxSWpRSqIxH mwbm3HvPC12JbenRDeSRCLmC557M3bfqJ3KQyYh4Z5KGG4e
2022/04/06 21:30:43   bz4f3SBj54RYmFX2zPtcZxRmxvCpPBrqA5.Gf2qZhf qj6Z0N5dARAEceWKOrDuDi
1992/01/03 01:27:02.143880    SOu8ui4OxNgJwBIC983.SE
2008/08/28 07:59:54    UQbPkmsROu3xf4hgQNg7TQw6mGFgjK779xDo6Is6QAjUKn5d2
Thu Feb 08 16:35:31   kX280tKw.JXntem8  d49
1997/02/02 11:44:02     mBWrJNhAsuHM9tluHBnZ8Trbnui1wsubOMrKTIluwAToqxYM8GV6o7DU.V6EXOzOruPoazuWZhDq8egUfn8N
Sun Jan 16 06:58:03     Rw ZcHKHauQLdCYJLm295.DZqmHmEaum4wkKlhdan9i4  9RaZenV
Tue Feb 01 06:47:01  p9QyAVxL4v1ntpTgf0H2C7MjIeJFmf7g8.p7TsU
Thu Mar 28 21:27:41     FprGfiJ2IgcbotwzKZ1DdzIzFcjbukRlc yJhqIOnRYWuUgNslOjM3
Sat Jul 20 12:45:09 dKsuuqqlZgtxfPIu RcY0Syv0GIJbjz0hruqO71secM1qatQXxAJmdLrraW77s3BLRBraBpRlAnBXQGbRPV 1XT5HIBBX
Sat Apr 01 09:32:03 UR6uJTH9T09F.NJBvcNuPNt1lixcYXFJaVG6O55HzljV527G6FLCQy
Tue Jan 02 13:26:49   D5Y 1oTcrK wtMBIlkc9uOtwC9VhdHzUHnHqKIH3qHyLrgDvYYUgPBsK6IMqy8Hzel 
Thu Feb 24 15:18:37    rkLNyZVaPsXwvib7sV9J7v1x 3pulF1
2007/05/22 00:55:23     1cd7xSPO1um6ge amLBEzk1jxG5KnWG4lBimZ3MYajXmWY9VcD08nNQ.C.BWurfMPqQx5NxupCK.oZoJGO4YdMIi
Fri Jul 19 23:05:05   y5AOljHgiX2MoT2sAD8v6ED3f0v1hAeCZj6Bd328Un5I.rEHY.pA1uheuKHi3xuaPRscoaHv4O
Sun Apr 13 05:22:45    DOVTrrDl.1dfxCoFkbbVFwmzWVbO.vr S1H5tpbV2vTYJm6rd26FKp4sdWQkb6dz9WC
2017/10/04 00:53:19.16010    YjgWzjHz9p
1992/09/28 23:38:17     VI79 TVNxrxWvN4vbZvJ.ut3rk15.3vLU0NpdHKg4o3uD8..Xw3SQdgD6l N8mXgUyYvpmD0pAajte9jdoV
2008/06/20 12:21:54  oGEcvb8IcM1Pt9BmhmqvHxDf
Sun Sep 13 17:36:47  8RIEYs0gIER5f1Vf
1995/04/11 01:50:05  rn1tUoqFYGjPFcu.NL1.Q08zx48M1i44SE5fhP1skOwyOEmOczo0anmqkLz1p2IOsuC.R f2g QE3ESZ
1993/09/02 12:23:02  e7GhCLQh.VasQvTGPW2rnQxPEQDTqa5tGJutMbB9vZfu4HmaKtBg0uqjGrvD.F
1998/07/16 06:29:07   xPwdL4yImr NrOixhbheozJSB42RfCcX90S
2008/01/19 23:37:35.774208   byvlacbw0JWHkhxKM0uStMNbmVsq5mgHMonNY9rfazAspHBtqlQz9 ZXNlg3YGuiKpdC7EDV92XkDO2
2005/04/07 21:59:18  jfeykkD7s66TA85BmpHF9xvLSFhc11Wh0lepe.j sLhH
1990/03/08 04:18:19.528957  P7sX HxaBrP.fM9mitEhZtbm3EQJ21LSdIOMCMIZFkawuz07CyjBsZV9PrvvTZkWRLTjj.Z6d7iC5qPB0UA
Mon Aug 06 17:04:22 r.bYQ0qNZpHB7DdFSw91zWJ8EHD2G 3q6UusgDTSviX6UmMaxKIGGkXjS.0PLbbbrIQSrt5QHJeb1iJ3yHkXJlsq8Fi5z
Tue Nov 18 02:28:01   aPPjbJ87irK093SeHN1kuvSS0QvTcdmvWenIIOLd.FnaiF2M1KOEOp11scZnH53Tp3leJ.ebMUtfBYUB5zWx
2009/11/20 07:54:06     8A6FEULFpiYdNaBE0DbCv708OqG84C3tpEiFaICZe2IGKcp5mwxSDNgbxgcevsZOHYAzlaukOCg.cg0G90XUoQUj
2002/02/10 10:27:08  aBZ76OOeFSPVjun7j9O38L2EwFtcCccp1lP
2005/05/09 21:54:22.912434   y2SRPRY2LLn7WWGVtNHA sK6YsbwpDSULVmwuwTByElYBi3 OG6HkcYF16E4GnEGF4SglK 
Fri Jan 06 01:34:02    jvWzTIPvJ0QX932cGCo
2022/05/04 01:23:31.459853     lk6qqtG1XOHsC4C99xxiqCuJVokcIrBuyQNIgVhEJzfp7FAK LKJ1fz.4KbOOMWAEApe2reG4RZ
2011/09/15 12:26:00.542836   NRfqDvrMzGm4WdG
2003/12/04 04:17:55     U95X2LKaTbO9SQYFc
Sat Mar 02 17:43:50     JDgvKDLmknl0MrKfYnCTCXY1xnNKXGZ49gDhoZvvSgu4pdoJqkwAIGDTSOHA7AYLcsMebnbg1zNp6 Yia4CeGoReIXGtLoflqbC
2005/02/06 14:26:24   M6KnJ15WnJuUxE2Mv6fyUUMEd5FZqV8YU8TqfB
1992/02/02 23:41:39.529224    YkYfrUGo..8unI7xChnoM.lQRXatn7hhKCaiLWvW8XhsvtsFQOpYMR2qs
Mon May 20 20:58:57  46tmn3TzPR8u7pucbz87Q6UI2VEiL2UhY.d2bWyPm yV8dUUiTrol4E WqIqHqWTREsGLA
1994/04/26 01:12:06.332524  oM.wignU1UQl7OQ8WmxHJbqFYH
2020/12/03 08:15:17.438378  zVfLRGMLef6zt8I0Nam1PuX8f51DIASP5VTgmLWhwW.XrXdt6fe5wmL7xXBrn4LVQdUB8EZ..DDZtiMazmhAuEAXvufBQW 
Mon Jan 19 18:35:13     4jow1YgxpeV7F6TIETbolCpfJFe.R1rseyorflikv7Ela5wfra9FSOzSc.D6jK18Jyhfp.ceoe6BTlCNt8aGV3
Sat Jul 15 11:34:00    1rQ.DyUs3.tZQPxg Haw0H3FRo2eZf 1N48cgSiHg3LZhtnYGQbbEzAMLNQO7pwEVJ4C
2010/09/14 03:17:55.342330    i2 SXRj5mR9p8fAB5vtGiZjXLOXso Cu9c5s6NrqAnZJLtrWE
Mon Jun 27 14:16:27    L7lPx8GJmwVpF3mZ2yGv6bnc qTJ6pMCMo 2GvzKStpAhemN4BjupirqdOmI5ioLvn 4m1S VCm5rsfxq6cAmgZ2DWzvxSBs
Tue Jul 04 17:48:59  OhxRsEnR2MnnTRzEsTAuRR
1990/10/12 01:25:34    iol7Kk9Ffnp2OF3bw7FAfu O.EITcwlgSk1IcpkCTVhcAN7VjOQacoYEFylA7FLT.MBy3
2006/01/14 10:23:06   lPFm.sVwjczzYGh3RZFp4paRe y1vC 5YHtx vnGNFsOPFXZs42ATtMMsBVDF4QoCIPf
Sat Sep 21 12:26:00   rUM0a39fra695agwMR9ws8HcUR51uL
1995/09/04 05:40:24 TIdV3JPFE1NzKIw
2017/06/22 05:22:39   8 cYi SXo8s
Sat Oct 16 11:20:51     PjywbYeCmsMMk3fUwIz4xon9n88qYiFtXwRMlHHkauLUbAyeoDR1BBk4uYAJWX04
Wed Nov 04 07:14:24    qAJgH.3PuLvP7MMq2gDET2rBiped8Fcwteuhw2byfFg7NxnfbXB0lE 6RYZOXz67KOT OSiGstGVw22OXRKjV.IznpGNj
2022/12/10 12:19:44.634929    xHFeQWf0jkuu43N wA8R.zZiCs1Jy
1992/12/16 06:37:07 H2wKQpxheJC3STtCYhr3WkFqYKU5Z.EIXvx wQ35JSKDVYKGmYX4CnV F2g5. STq3Vr3zOc2gAalP93Yzy
Tue Jun 18 11:28:16 5aemRmKmAQQRrP3Wk2.TIY0V1K5utY 6PsecmRzm0Re5.2dInjc0zQ8sTLpG29PoxmzENz54NhYcB8uOUPLg5mdwpFdIaC
2009/07/23 08:15:22.268105  djfhPY4sQFvleU4r AK1Jn1TYXzz8ICr V7QUucLll0m.2SPXyaGJwi4M.o1cTwNe9.vgZX2jUBaV.8Ba6KB.0ouQubCD
2004/01/17 05:23:11.366321     zt1FisUmz3
Thu Feb 14 09:43:27    U9SCRO8Qlpkbuz6UP4ZU1hP1Y3cWBSg3kG0jFt48q
2009/08/05 12:00:37 fYs6t9aQLlUmfs4UpKSZEOJ.ymPE7c0zBXkPZb2OLA2sq1e2sZKwd
Tue May 25 09:55:39 p8zedrxiDmw 2kwV 4t4G9jPESN9lKodblH.iResE1MNLChX74gHc0Z
Wed Oct 21 12:38:54  7dbjcYDAxUcWAwuydCmJAKn.IfV70Zll2DwXFlDlJz7smquoZ Oza5EddPiZRlEqrp1E
2019/08/24 13:19:06.305738   Do sncj0w6YUe4u hXKEcgsn7oB6Jf6a3RtN sRWlEgIg9zQNLm0Y
2014/12/09 07:33:00.116371    nTwElyCuPcwVi0.tGUcEQlXUHKaEZjsKXvk9pmy4W1ifUbJQXSE0RX6P3rLBsLbuAKMMaBTZkyaCtV7v9J9va FWLZOi9TDbQc
Wed Jan 02 11:47:35   NJ5f Pl2yDu9
2005/03/01 13:06:40.233069   fqaj2mO8AmWq
2017/08/27 06:51:36      Pg.36.YiFFF8g1QJgPknLlaZy9n vAMj
Tue Jul 26 21:50:18   Xx.HDMWohCAynFVov2ryQ1I8P7i7qHdSB3nOyCcU7KlNrzQHQ43U6GPs1jlq.y5kRUUV7FvWST.GJGWClu6OCkCs2XVB5zE8
2007/10/17 21:04:21    hJA31q7N1CmtqPZRd iYGbHTAONG9Vey833BmMt4ghm7ma
Fri Sep 11 02:09:46    8Od.TA23xN.UXrHx
1990/07/05 12:31:45.676513 ntcf92shbr4jRDq4eQmqHJ
Fri Nov 17 07:55:16     NmJfeg9rYDx62z SeXHshPY0NMMO7gwy7u4
Fri Nov 15 12:06:26   VPbwDb8wf5lGiPlftWFi7POc2IOPG
Thu Aug 03 12:24:00     bbyn9y44iugSa0JskOaKckDv09ZPU7bdgZY1wa0Xu2sRDcJZJkaEKjQ3XnTmxRDuwE.uJbHL
Mon Feb 08 07:34:57  JfOQIovDBx8IxlYTvosq6m0E.8mCyt161kR7dSsLZAiHo5Rt.4hlk5A4y88s7WIz2aMOrOXh7srODfeO0Jfao 2yN BC9BKk
2004/07/04 05:25:08.429465 RIjbTszU2vZUOhFen2uyA3ad 9UJldEase2jT3
Mon Oct 21 08:12:18    kEUuBvZc4uXIkVEW
Mon Feb 15 13:16:36  yTxmvQs5.KvliRUvoxvoadewiFbKNFdoZSxtQyU3o0QZxD9PUBosKVNauM IPtGUZ
1991/02/06 10:36:32   gKZHEHBu XeAQS7Y00ScHrlxivr64IE6MOy6cXPLNieFk48xDnXYtY5.MuxK0WcvV4uN4dUnKTCKX82EQP1V3cmO89n
2002/10/24 13:29:29.419006  14VMUbJhhWIs
2010/04/12 23:27:42.31897     LqOefsGYXuoS6k2euaU4KTt6glmxbL2QvJmFpwe4m88NAAH7GNhhTzE5dwK6Af0MY5hNx83hol
1996/12/03 17:37:11    6o56V7pNutSW5pSjK2JELaJMLU2qWHuxxt2lCiWESjzutmtZbQ4P12iZxPrcxwwqOkHZIeu6skvzlGqGoYOya.ohgle
1997/02/04 10:41:47.15528     9X.PI5nCZ6lCc CMqugbFrhqZ8pW1lo7Nb7IFIFtTzFi GA1DDB6FFbC.59lJ146.tNGu4
2020/06/16 01:47:44     sypRWX4Vd31kn
1990/01/12 16:16:59.553077   sFP.F3SvEhVu15UU.IsmsTAKqaSyDrbXZBcxmLDEPIQTnTGu3i67AfCKGK67XRv WVahO4csva3
Sat May 09 10:44:16     AVKwQ.8y99DcEY7oOcUxCjOUI.AR Yqe51scVwGM
Tue Dec 16 21:34:10      y iHziCtgOaJVOhs0xQDBEDw6mGDj2B5nuDEWXbo9fDci8cPVjy
2002/06/08 03:52:39   .sdeBvGRqy
Tue Feb 26 13:34:47  aXfu ytqOKx7xkHtxcHlKXXu1Jn.bM0bIocj4M5gDKd1XHjK5U xzvi
2002/02/13 04:13:56 .uuZUoiB7UXOac4uReGCZTzB3v7fCinuvHrOjgskOtTiWvmHpzWH8c6qCaQ7ULKNiUom14QpfbSo1C7E
Fri Jan 09 18:42:51     z0DB0WU7Oue3zHLZ3avzZIjuQTY54K.593jbkzwmZ6pZkAf6WF4Nhv5rqa
Thu Nov 10 01:54:38     igD2v7 JhmrqrH.du2fjVCM3GRPMXxGO9TfXaB7PMqpSJIaKMBVDGbYxpXVuVYisv.w6VeX21r28Lz.FRX4hlpicr
Sat Oct 22 14:50:54     bzSROf9fnvFKjtQuCFH6
Fri Oct 16 08:35:53   CxkRDowmq.3rpt1GbzSar1Szr
Thu Feb 22 10:13:00    dCE4enFEEqgTOxTEBz4Fu1j.wAHgoIEmpCLm4zQZvxJO7d6APHWfihH9ltpNY
Sat Jan 06 16:15:26    gr7gSWUw4U306JkZGMBR8zJXdlrK2x9Gb23Xej
Tue Jun 02 03:51:22    59CVYJK2mdNhOU.8 6McOiMSMJtXVhl3khxME3n M203gYTWWE
Thu Jan 24 16:10:03   nX7yuK4MkLmqHjwy7RhXDW6wJTnH.4axtJVXd
Fri Jun 14 18:18:30    AyqeIvBWsk6th4pBSTNbWYbpHigc5PlzhlUG2p7G4UqqJxVaYvXsISC9HUJ852ULx37XTxqvliluKGA0mT3vlurmN1U.ke
2010/09/28 04:52:57.223412  9rvU7y686.5zdACvJw34Y7VhT7BWNoRj7.HiJXL
Sun Mar 02 21:05:08 2OaWdInSTppK7EKM5qG29p4Q mgtQdS3RTLct3W230jKsGOsq.H6q25Vz236.M
2020/07/16 17:24:49    azZuOURk6kVk.H89fZR6wIXKPfbPUbtVl8iHawVDVDhuMFX1qqQoM phzjAZqyVt
1990/01/20 02:19:38.141182 FC6MvkVolFDgcvUTLsuP
1998/08/08 22:01:31.383964 NHNNhMRdK6cy9QNCg1SfVVqAqBXLkK.8vYBavsPaMIm..MjaFSRnn5OADSqLGAnVjA2F
1992/02/15 19:43:59    NSy3WH6eZayWl7hQFfS9UqAAyq5J1jsL32A50SSaluTyUZfgRr3MRCQsrIUigE
Wed Jan 20 03:47:45   zRS9WfLzbHIGFQ51P0Ge8ewRX6tRva4SvBkAab9FAAaRfgd6qEv4.E3cahi2jXZYlm8I73E877oM
2003/07/26 13:39:18.332706   0agLX5jZD3DVzqLQrfp.JXZIbGnp63Osjv7ujXGGE5w43iCWIpvfzOu1BY9Tdyuyeg
Wed Sep 19 15:44:23 jkDJ7PmSRrZd0ng15AJ5av2BIUcFmQoU.hUdc
2008/09/17 02:52:33.907144    Crtttx g6d2Ahkxfh0a8BSjcYNzYUmtbaOC0Z1aeYfJc9exFYl0D8YusK2z2sxhdmjhrjD0ogR1DS
1990/03/19 05:49:57.659816  z6LNlkL..OpG6QKuf7WqdzxETBLfsDA40WLQofiTI.KinL74GEcO4zCJTK8IpQARic4LVTqI3
2011/03/27 12:51:46    qr7RifZbjIG
Mon Jul 10 17:10:16  FW ScDG50o5ACzIU74eQuY00SGx0hNDsFtv80 eCPBDOPIgfvYs7xyxC5hoIOyD6RY3OTliAQE8umdsEHwi67
Sat Sep 28 22:44:58   sxgqwliRE7Ox6aNFwUILAOarRn7botqCC
2013/01/11 22:21:19   jYguWEEHfrlEdoYHjGAXPRA1Dzi2uzw XqvQRqPRvEx6TWYqHBhJMY9pTaRsjM6y39tFbS5VsfiqiWt8
1990/01/24 03:13:55.380272     MCHUDmsuMpz9ZLKkSC
2016/02/04 04:40:17    k7C4YH77S5OIb5v4yEPcbr6ysqxLX7oIt2Ms20jjbqGvya1QltMWArrX5RoAp43J PwWE 
Fri Jul 21 02:27:26  NVDZjNkAcj zGVr4CKMQ811b5uUiKCmmRunhCcCVGep0tJZeraZ2.7HBq3u7vNBLowMTlDwhiBy92K3OQDzla3sKGL
Thu Aug 26 01:00:12     IA4jY6Zm63aqKdQkaxC
Mon Aug 22 11:01:41 L03L.lodcopDfPNePC65vwsGq8RhwJE4PqtnIn8SxnmhIettHdt8vI4vkwgCCHL2xRG
1994/12/13 07:36:14     87rhXTbNsQWvM2.iNr2v0JwXxhz0RQoHAN0VPXEdevCINgJ4
1995/12/28 20:22:31    gAG8nSssDRMfkexO.J6vsGFV1cJA jU
2014/07/10 06:30:32     XUf7OtqjQXBGTijK
2004/10/19 06:45:21     LqyDwrqbrCvXykARJJg32UCTWDNxRggN6V9dRHGHlHdUCnqRvkKj0Jj.B.
1996/11/19 16:54:29.761713     iL2M 5NROOpbgrLhoEFDYJG4F51cbLb0vEN 6v0mcnq3JIXL3eCtvWDF0Y5xWMoPvDuceXA4OIBaMwBZw..kYxtetsIRxNUPE S
Mon Oct 03 02:12:21     jWM1q0bpq3c5Q5LUMwF9eTYBzq.jdcrhYDppZKRgZ
Mon Aug 06 11:04:14   rVzPs0 xfjFDx2rPGAwOSvWZH34c4Q6Wzyh3EYFYQOkwT
Mon Dec 28 02:27:59     I6XRE6IFYZVRYJ6VKIs3LCNkFwqy6Stnj2XnOfzXPbDo8aJTEVqx3xoZ3vYhsONYe7NKMxnOcz6 1KCTy7C caF8ftgsH
2009/02/15 16:37:16   E3L8EhwxxDTAgZpWUvqhGml5R3xKXz8iZf1f nDCmpDuxZ8dc9DIOoZasJVzjFQwPcPmgXl7IyxCkwuvMlLxfXZbgpg
Wed Jan 06 01:54:24  CEE8HBV4TYgWVNV7L7B.WQ5mAAVbE8JoJid.eD6fzUw
2010/08/11 11:18:50.241306     Hdmks4bueb0d
Tue Jan 08 18:55:24  MAiLw3Pt6S.OR.Ce7YPOVBZerI6Foy10hHUPTAipTiFZTm8YDVkm9c9LFtgNh0MdOaTjCKk5mC0
2001/12/15 06:13:29.74806  4bB4UhNd7xWB7Y7hLwlCdZNKWdlJNA6c2iiD1.WIoJaNTQJhrO6g0PPJ3EANelftPpzh2YG3q6MDksEX5augp6VMc
2021/06/24 18:55:05     Wex0.9DyGOBkdaVKIOwZuXWTB4rUbdirgm0Qht4ShQP9TmvQt5nkgbg
Mon Mar 01 05:32:38  G0jA4dA.oz2T3WjsUXT2rdkhJoSZaq5Gg
1990/01/27 11:08:58.713887   V9jkDCfBkMCc4abEjdrOFQiiZwwKky4RA7iUcG8cQ4zbw.dC45DBmBrkuBaxKwEu2pq0NVocf
2014/06/27 19:16:14  b ZEedL5.22eMhC7kNUb00nX1k.xADE8z5HditsVXlx27YBW0BFS
2022/05/06 10:27:06.735889     tRe2BTb1sJKhTDXfxIKaUl5
Tue Aug 03 17:43:26 Zb90KskIv0YY.uinIB81NO4vyC4T bsnRW wosRdZOorwgQLMgPjgnKhz2dwdctpEm3u8RRlVOJRZkUOD3ydJ
2004/07/10 03:12:57    VsV0eK8wH8NvXveeW3wyD1
2020/04/15 02:44:33.285185    gFXdXoitE1q.B0Ql9riStT9XbcXQcFJlzG9YrVaAaAFvumSQcn5f9 56NERnGVIdtsjapx
2011/11/26 07:09:23  .0VwRGZXuWntYSqXj cMHPjpTBVV6zdNEvN48FIzn.hPEkkChRKkg Yjxy.sQcCsoRjGfODz3hZ6VOGAvpS3o8b
Tue Feb 07 17:39:13  6cAYtan3wdl6t6DVgge4rJw90MEHKipqJdmjRlWwlYOIajp
2017/01/14 09:01:06 ZILXE8cTU9JMTDOd477LS4k2ySAwOz0G
2002/01/04 17:42:00    pZDMrp46mnfo.bT6rmNmKgC6kcr8GzCcn1oNmnsIOhN6KX22jkge6uiYuKPVZY.jc7x2y
Mon Jun 02 22:11:18    zMU0HV6KoumljNESzrIh5 S9Su6loBkLEXT 2 nH8K79LZIOEWA18jVQ0U2HCUbOfmy3UrtBoX.DQiezKB..Zxi8rJ25o79daE
Sun Jun 03 14:08:29 BbBCa3ZLVSuO8Duj0YSpq7siYaJA7ACCvQCBWFsaVE3s2I3JC
1997/03/28 19:36:42.456468    GwVQY.Hu0igWfgynoKjsScuk
Tue Sep 21 21:33:17    5IXEqiBK 4eJy.NhxpcA2IvOAsjIVE2CCshGsAFYca baBv1
2022/08/15 23:27:59 U6ELNsHxIA1Ckhz4i54NkxUstnl1mMzNSlVYeDtmSPJyFrOlxg53aP3NRd9zwyPAHuF6BumoYPAIdST5jgasY1NNFshlL
2018/11/01 22:26:29.921885 rjoXuhPAoXVCE5vK0YZXY3UC9GyEwglW2s0AieEyQJENqc33ocBTQEIb76n6MCh534mvkpM3dYylm3sTz6.F
2019/01/10 16:36:08.925148 OBZnOU1gfNZrva4ybhS.apz0bMQahxq1M 3bL0dV XydtZ9CSTqsToy8
2012/09/20 06:38:50.258393     FBcl36SDQQ8ZFgFbCm5BYtvXIogA3klL40tM3k
Mon Apr 22 23:47:28  I45tGkGbQN53OnNT6 AQUDECOO0ck1TyjcthT3FZi0ZNpkTltx
Fri Oct 11 00:07:37     DXwNzxg5VfscnILsCfDl94w37Rd Wvd3zsrbnKVWsjcwQs9YvmwBsq urHVBQaZKvPfC2tqWGV1PO3pOSenADnUt
Thu May 08 19:21:16 eNbOkUeYOOul9y4 pJi37yv3 5ihiAi68i.xPcz9WuLMYeTgW XjhLogyhf9GQHV2Yufxsw0E7rC.eva
1990/10/07 05:16:02.110769    WQwQXM.A1aKq56Fc0vmdow7ui5rWJHlnrOZ5Oaxnhf5TF
1992/05/04 13:53:08   LhZU8RPHWSnE KLfjK
Mon Jul 20 15:19:22 YWrLP 2iBlqleQPW6YD GmXMCu1EUFZMJGHrI6gYiaaZg4 lF
2019/10/11 10:56:21.741845    6uLit0bQWWW5Ou8 tWhhFxuz9Q58ybO5zKZ
Mon Jul 28 17:10:47    tqhuZQqp0XzGVljWeUr6NvwVyhVnrmShPwTfIyDM 68G4hvkN suAzzKwgFFj6m
Thu Apr 26 16:08:57   r23866kKYObuyO9iv
2004/10/26 01:45:43.939155  daWabg3aJOHP
Mon Nov 20 02:32:33    kwoakeXDRDFn98521hN1UqaM7bFRjAPqz8jRS 9jM
2016/11/14 09:32:52.702326  ypJACoGh1I914mGyL
Tue Dec 28 08:24:10 3.dJmycdFJzraf 8 I5U51H 5FaIvlXZG3d6Rx3uM5prg1TsnE4aQ2URwUPHvUzm1 Bu0f.TfEr4kmnIU
Fri Apr 03 07:00:46  rWXXrceFwBonBEBP1EDZLPmaWX4cIaI4BJr7r
Thu Feb 23 09:03:56  S3v coQ8ulOyuXq1Z
Sat May 15 07:33:10   P5haO4WulaSVy464jipmF03suwh.MRDbhYxvU3IW2Ot4f.p101RbwG
Thu Mar 24 20:59:17   25QT qQHMJy75oOPz95i96PAG.N49wW7 xwLjyAa8zC1kUGGlV0CoRbVRfZFY8wboIT
2018/09/04 23:33:45.443467 ubpPepKCKB8mzWRyn6MXnFMjuAzFhOHWWqr68yjpqraxdfsVp0ojVvhIc5Kri
Thu Nov 15 02:37:50    oaEmhwdiuGXQgBV31muKgqotcomzBIGngiPQDeVAYbWO8n0eqcFNpFk6
Sat May 17 13:08:53  RrChykArnxwKErsJdHhCUI
Fri Mar 19 17:53:50    WVhad0zpRO13LCUyKq1VuyJXnOtnRNGLvl.f2sSfELnnYvMceSHPp9KADQnxbc0HcuuYmrrgb7MJsJPyLqOh3uOO8 uOLtcxQCAc
Sat Jan 28 02:01:04    kGHxQYsr7M2SM1SNnPrcNbWGjHe0EZskWFLe5HLw0xGFPZcBuQDhxwgkuvn9q1BZ1s53zOTkYnDEURHOoJ
Sun Oct 03 19:54:05  oCJN4lClAyMOZVJYgWM85JFjboRRfuKF2yld1viH5vUr0PWZapeZJBhOvBFlVhszEBw4023L
2017/01/17 03:00:56.965353   q sFb4uag07X
Sat May 23 01:11:26 zHVE9MhdHOceCw3JxqK7ULsOMKkYkc6RNmUveR2eshUV4FWGXf9elLldauvujHucvXU2Ajul7
2008/05/22 01:34:49.609543 .PzCZerVy9ey9YOqj55b6oMTADKaWj
Tue May 06 14:43:01  ghz34YOrYz0eOSb8FRlBq6VB zhaGGCNFU8EHlyqeh0AAZz
2001/07/14 20:10:02   OuqTq0Ixwthm1xcmLntMvFNmbB5dzSHUXBisQDuYQn5kccRqvSIUr7mUXXVusNxBevq1qkDiHpO62nD dXC5X9Hf.lEPHK
Fri Jan 05 18:50:16 Y4OPX.OTx8Na08OW3AR.cZhY4EReOWwg8WWVryW5MdjwSHK743SibIxOIilY3Aa3Ll7vIYvt
Tue Jun 05 02:21:08     Zt7MiQWx 6kqqb.e666JOTdOUeyWgziAs.M2ktHqvsiiAIFLLnZ3J wr2z27bgp68l1yW1
1992/01/18 12:28:08.257547    y.tUi0DK3ItoaoO.gCVx9lKuJxQxzZ
Wed Feb 22 10:25:30   ndHUatkgFYS2fIcrMzsZiaIeYQJMe4ZBfsTcAZnqQSagKtx
Sun Sep 08 05:45:28 ild7SiTH687.gLF6kw7XdYMW6yWhOzzJQd
2009/04/25 14:22:18.516484 UocRF.g4RnBJ6.iUBYGVAVFInuNa5dYvW3OdEEh8irW6Vhic3noCWAj3jT2jNm
1998/12/12 09:44:30     1maaspvtX81jNb8ujsxUWkj3F3rBiaEfNTY06tfMu
Tue Jan 20 03:08:19  tqkSKo6gfAcw
2021/02/06 10:16:03 VjesGuYMo5hqw7Gqj5kHZ5hDzWxYO.0oVcWy8DDWSNIVBb3mIrQGAPO0.pm9TPVu41Hv.HglpNlUDs
Mon Jul 14 02:21:10     MjFVIVKs4lzd
Thu May 16 07:35:07  vVj17JMaswXtBG9KqYTDgYcoRruvtMrV
Wed Apr 02 12:58:48   V8ChCc2msQSV.EH8HUkp6ivhcIcb99q3QjsGzlpH
Wed Jan 18 04:34:03 Cx1z5vWXbP2JhlT3xnYGRUWx8XgKft8qkRYqdaKxsQyPTV25CjUp.RhUq4meRVODxRXa436kLR.XBCGHiahMKSr51
Sat Jan 21 02:05:01  d.Qbt7p0XYA5dnenC7UjwLMoRhvG8EObjFAJx2WN4U0cz0RGfvfWLZ1yHvTo3vEiZ36JeUcVaJgPSj9
Wed Oct 13 17:52:30  ztysNDwINzWd NQXKVXgs15Ntsq4IPKjvuJOWRPpA7Zaixx8cHw3
Thu Nov 27 17:12:07  0S6hwpbnk WZWc9g8LpxJMrdIj0ujdpypHkz3cLx2EeXbPalk9tqQmlS96gHG5iL17KgLNefJAfE9rdauh22hK
2010/05/02 05:41:19.841160   Pfv5b1m5n37jbDm3qO6ODd
2012/06/01 22:55:20     GBuPsRV82LM5Zrvd3xoTjlcODYC1Jm35b5jeDgUF2yMz1g rsy
Sat May 18 04:35:03 BAJoKXP6epCRhthEn u 6k.1eRnGKGbLBirMWRh7shNbP.AovNE2vP6.S5FlF8ujQwbmKWxuMPc5mBJjdcTIeGxs1t056YKC
2005/11/15 16:25:38.142531  lI2QRQ5v9.cwtoDYcqyypiqeQ2uW9LinzfrtNHx0 SnOSpUWiPhtNqAsgRps
Wed Oct 25 05:34:30   7CLxQeVUaJ5
Mon Jul 26 10:33:59   .oI3xh7tvSciWkzFALtPkuhdixUdCsOzXo1A8iE.9VONi.3NeRxcekXgLOr oo PHP908gan9 Thnl
1990/11/11 10:56:52.697274 QL9zvciYyirBt5y9tzoAjaxTw9OEj
Thu Mar 23 19:54:03   fl.QRZWU9mzN7o2IuPnECGBVyQBUO2jC8wq7vz9VW1LSm7FWPwldBSaE1
2000/11/28 00:47:35.348083    VpaifOeyC0mNV.nMK4juOM0omM3MM7QBI1w9kMZFt6V YpOo3O8pLvdW8 
2002/04/23 10:03:11.705570 qxtG9kS RzB2MdeY2 .m6Kpb7dSszUgcI4woF
Fri Dec 25 05:05:11     lP4Itd5XnXtMPJA4I1NuD5sff1w5E6wNQuslKcwzdSmsWLEaHjq99K5.A 7GYziAWr0ZgCCa7Y2OvH3IDLTLM.3 Rp
1994/09/02 10:25:21    jmFxt9.urUAeplVqjfJY O9WsspRrQsjuDV4LorhVF2AX.2bsF 0mggkjjR9bZuBPuUPorR4XT17YrPgQOQxA1z6WS0sUq
2005/12/05 19:45:54   37SY.yPl IxuLTJY0.gLSa4U2rDT.K6z.O.zsOBmhpkOI2c
1992/01/27 10:08:36    WtBmee.huBl8hGjmx6xZYkhSNPt9i..xmjsW5mPQ2lRsPc
1992/02/19 18:51:50.600089  FYQ9Tb1HwrKsq.THlLtU
2010/08/08 12:05:03  oDUbqvp2G.5kxjMrcSqlfYMU0EHmdovS kypEvdtTR.zcBiHxxKNMWBikJ
Sun Jul 25 23:43:12   nxyS3EuaBNkoa25dB9zT9p6NiNZ8DMnC QEDslISTqDwX4YpjwQHR
2022/02/06 03:03:08    1uVN1WPV9UZY7IDeLryFlA1MvBulE xL.NUGHTsnXO1eMvBo1cL7GtnvEM7aUSk.E3HUsqNI4Ap C76qRGbuCMuHZbW7NE
Mon Aug 24 04:06:03  JO2hfxjMeQf41vMRgxpzdHH8x8stnHAf9fwc9CFNxkCpX8YXcUCMqF09i LmPZhGR3K0RLAuv266bz5NUKcTxPgDbg6ZiW.x.g
Sat Jul 07 21:30:01    V9Iq6VWAIMfBVfGT8xjz9NQ1y4O93j85zGwa hatWYfs9IKMAN
Tue Apr 01 06:17:20 K0vtk0aIT2FfQGsSNyznYlLCvSXyw
1995/06/11 22:36:26.39180   ho9kLJisReH
Mon Jun 13 23:12:28    TiInS  czwBLKZO58G1
1994/05/06 02:09:04.889825   kbYiPTZyZ4IJpczft22aqobR9PSj1PAnvFeDGlaMXmxjdvJypZ6RqDShDtjScEr14qpqQjFxh0Bz4
2007/09/22 11:35:18     NZdGKh 88CgYIqLquxCdKwxVQ3FLwXuxX5zIDZ PSKz qq2gsZprR KS4ymCzEeQx
Wed Feb 14 05:06:34     jRa7p.KVNzacgb0qiXMd
Thu Jul 11 21:42:03   dtBeaRE1s5Y
2005/06/04 23:20:47.991366   UB1KsjG 3EAuycnkg eJ0yEI1vyVvGD7l4.3hBRMWBxKXI
Mon May 23 03:54:45   d4fp16IVSynaxCRvuDm88x7vgzfFF2 4ziYHgXXSQWsmHTeiwvrIBACMv8Y9EtkdWyvCNuCAgQib Eb ZyQQ
2018/05/07 10:45:53  Ic.bk8tmZe03nGi
Sun Mar 14 19:47:23   5K0w55jX.o8K3ezfXU0rWhaguSeSO0YebQtzEAeWn7hxW1H36rBirqu
Thu May 24 18:18:13  ijnI3pgQhnLWyrMaR4YT6Sl8Zps2ruc5wd3IRo9f7Wr336OHyb
Thu Jan 01 05:59:23    g2FqequO0ADGscFZFH5uo
Fri Dec 16 14:21:37   Mpz04ILewNz8xrfUOfosDUfx PATrsQkcr
1995/03/16 04:09:50    UnDoiOwJ5YhwTcHVqOrhNWpPqXzbpbk59FqtgufpXY1A 
Thu Nov 17 01:38:50    B MeryEA3rLtET0TZk
1996/12/24 22:13:47.386772    n8oJDhf3FqxXeKmJxEJ3lSJYPk85nk9k8hzX.eTDlsIJ03j37YxTlwwWQ
Mon Mar 13 17:59:44      k dbpUVk2geWRLK9AmSSZpGIzHqOidlHHjjfKbUrMttI qrNr8QOuL1hsMoFh3 WR4Nmg
Sun Nov 16 21:52:26  VKpwE5u5vEMnYOxRGVxD3x.XqamlEAnq3c3pEmXY2c3eKuwNL0eJ.wasPUQFeQ2e0D9.Y2AA4899L9D0xEwr
1997/06/16 15:46:36 AFyUGVpves0 Ul7VaUE0NOdrz2JNAuj
Sat Sep 22 14:00:07     ZcQh5VBODWapR0TXYej311eWopzfSH9L9yFtEjvtWQ9DlNxdxXyhZx8sj3A77j7
2011/07/06 17:55:41  w6Lx0QVn9FaA.oJIA5Ei05UtufByl8yiWuQy5jBscGTRXshwXW7f1Yctq66yV66Smkh
Mon Dec 24 04:48:05 8YRX1XKQ.MuFFBJaEaxvWe2hS9YH.y6M4KM1T6kn3TA7g2AaUWcW63dJ5h
2014/10/28 13:13:05.754588  TdV.HsC3oTulRonQJJCDivdng1YqsIzRIJB
Sat May 13 15:01:38 gvFtWOExmhJF25rWEgJaDwgnWg8J69HGQI7DCMcvJInbHgErHceWa4a8wUqLCeEUOwIXFh0ACjTObxrc6Ap4lLJSFJ5eOZfV0Il
2011/01/15 10:17:28 FMXRCE.QCnZgirDKP3f4wDcvsSCgN8QfXDqtu aKPo
1990/10/18 07:06:37    27R6lvM2N NeM8iDJMr5AFCXVUAlWl8Jr.LLQlEeMS7ldBBVwdMci0zeLWu.EYcBVgRACXzjpi
2010/03/27 09:12:00    UTk4ZdrwJcnngvJTZOPHfH6TonOFuC0gDFpiw7t5m5l1RqICZc4l5mgcyN
2017/02/22 01:44:47     4c6 g9z1FU1Ore
Mon Feb 04 05:33:15 ZSIoUZ3BmwtqccB7.d
Sun Mar 12 00:46:55  oC5ilHMRWQfvtSFK4tJg Abn.GKLv
Tue Dec 16 16:21:35    zF2.jyUAex.V6As1DHe8ISbgDobS9HhjyfGmiK4qU4y2ojIyU8MXz8n
Wed Oct 14 22:17:59     D4Z1VpezKUAeItvbEQdLiO1bodjJ88X TPr8Hyz.HqjRsum4Mi
2019/02/27 07:28:12.272835     5pbOp1IIxcmI9zmQ1oyy5KB fUrvc0S1FjO1QP5kY9I49kcizF.DU.zbpOPu9t5pJgi LijrCA2LlkvTZm8SDFTzOktzsEy
Mon May 10 21:16:44   zNUeTnqQA1MYEN.plLBPcUm1zk5ZHa0cCP2gXd7BoyD
2001/04/25 05:57:04 izgMfLhad7Au2RBJWPT6fTRWHv.7kBnwcmIKrTzdhL1zY6Qicgz3GeDri.QCZfeM.w8rg.4o6
Tue Mar 17 19:20:45     83se85HLUL3wvGhFmtKgfiV4qQOCadi3ZgfutdJpRBa4luomVkPIN1aE8lFs
Sun Aug 07 21:40:04  OzCAwIri tEj1HK8BoT913ysuJCILFlHzqD6r ACTLHuJmusYdXxPEotKQeuNNE2m5BVua8SxtbgpoqbaHWMcqCDkNKgSS
1990/02/25 07:44:18.72174   aVB6d1Cw6yyt7kaFKQGRzAuaUghw6M.ayQLhjNDumAENB5y3 ZkveIQalcW.6PwS6yN.NrHTizYs6w.tGsh6jQI6ua.HnKTro
Fri Oct 23 10:27:37 M zQPWxCKCjJlcq7IP
1992/08/13 21:37:45.21254   9EoQ48VA.vj3irRyiSDIMnNJD0XXtOlmLT3uArNDwWsR
Mon Jul 19 20:09:12   iTtV4txSho3HuJ3C0hQlYISzr.4JdSelHi0Kdfx3ae VPnn9Vwe
Fri Jun 16 20:54:34  3iTTn3llxGRfz71ZK8
1996/03/12 08:04:40.520448     zH2UVbGuDLVm3HCsoqnMP
Tue Sep 09 13:18:46   Am032R31qkfkABdggxgpnGQ0QPpAvo7RFU6So0uFKCqZbVLGAyU9gmCecTdHo mE6Ga h
Fri Jul 13 22:45:10    5bmg8gxG4H.Q.yWMp5.EN5Uvbymg.3p9eSNWZxB
2004/05/26 04:46:06     1dwinvPiNqj99XYu86gCRuy603RoqoUdVmeplgeXZPM7P2B7dcvu1CFbQAvdvLLepc
Wed Jul 05 07:50:47     o3xWMmf A6F.Sxpd9jufn
2001/02/14 11:21:21  b.6TYvLsy4iUPZFKyMFJnNmgpUBAvkWN80DhP
Sun Jun 06 11:33:09   5ScH8mqaX8Pz8X7yjSusz.I03VTvquKxm8Z2rZUismlvpme7eUeX9CJs7tcDsGV3XpNjHJiDtsYr
Wed Sep 25 11:21:20 Btzm5Zauyo2m 07KrXHrLCQMqijmDsgyesm0PnAjTVolWe5fbu9VaEkXF9EaKPPfN.j4oXUVMJu8iJctmDMmN3NN6NQxUAfV3
Thu Jul 27 00:46:16 DBVp5JL2vokNw8xJRR3zSN
Fri Apr 12 16:03:54     fWL7uBtEohaLTdqhi3aWK6lSAenVd4swrB7Sjmy9yhSJEUPc08bwq
Thu Aug 09 11:30:38 Z1OX79kVgYsEVH4JiyjKyzz4k6VK7r JeM qzJMnjvFw3CZ796dg2TDK43FKRmMbl
Thu Apr 14 03:45:49  dRTxFrh722K1 wT 4viWgqDTES35Om8H5v9ZjdqFjrDRjjesae6FyE2EXA2cGWOoi03cf8TjpcKv
2020/10/18 17:58:33.998311     LfDXGYKQCBD92XK4wHQ0dXhNDb3GMvupsMRByqGGN9XcEq 8D6zNKAhLzPwH2vZY
1995/08/08 20:46:10.740357  DIdcWpOsKO8wQHWDI.uMUMJ1KRmJS5bZHuT4XvXr99Fq6TjENiav6US
2003/11/11 04:31:52.47151    iMuNEBodnyvOxH2H8IXTNt39I1shahMlJkool6JNEgJQJOZ2rXiTFQgELeXBpDqfQULT7EIN3fPkn8DkuKR3uJ.bYKbZ8rrKhcM
1990/08/18 10:35:06.246677  yeIlJXbsLYwTxI6shdiID2f3PFVZsdYW0u3K 1Eumk .1qRS7wNZ
2022/06/14 19:19:18   iY3Ap32PMLQVZgClBihkNBgqecBp4FYVEqyjALw3dqRk99DaZ6uxeY6Wm5EkrhATRgALb KAKWfHv6Xu8VHt
Tue Dec 08 17:43:03     qe6WNrhQW1P03Fyo.GCdXO0.u04F2 I MBRJ86.gXxb6
Mon Jul 23 12:58:11  cbEm8zZn8qkYTvUntI
2003/08/09 14:11:36.618147    QBdb7BWr02kwYItkcR4 lSinxQm 7UZTKD9cCq0PrWo4WFwIpr9wZVR5SsQ.e9igzNne5ciKrllRcP0eVkL
Fri Aug 22 20:10:31    GoV1QAxbwVYYSNIwI oGZtrZ1h7sJiWOpxYX9oh
Fri Jan 16 19:49:01  W9hGnncn0V27N5N6Q7BGWkMxJ 6D0RilxY56XDP2bjTJJ8dhtsD6vPkk8bP3uoDP2WGj3VoW
Fri Dec 07 23:40:16     17M1Mc2zN96OY8THYwSzRaj
Thu Aug 02 14:09:57     6Hh0VoRdtk
1996/12/21 07:03:58    GR.0ChehPrc8QNwL1j9PFcJIM0E0bk4i.191Hm3SDPfheZB.AoLgDqXsEe4HJCVIi
2004/07/15 20:25:23    ut8ARnGf8r8dXY614PTuxy45vIwAZZG64MiLGmCTlMNmRm.CqpjQsIN7pZHU
Fri Mar 14 10:20:37 cZR5omAjAn63Ikp
1993/02/03 15:08:44.954603  i7QlCh76EIPrl0L0ay1eFPORnWmppNQ8u9
Thu Jun 24 13:29:36  JGEjH83Sa33hCgz1ZZn5vUH4sqrFyNG802lRQSBRjQDXtCF0EEXKHVsYMFCa7J8I3h4VlEyrgTNfyaw.BSTZ3Cwr2.t24
Wed Mar 20 04:23:58    yI3 BhoozwQf0qps0GjwDmpBksALiV1H4QxeHJLaXbsWuglZ qZg233wXc7jKbJj5CRiQ00Vk9zTMtvCblwXoSkz57cEE
2016/05/02 03:47:43    F4.ePllKzo1suYuy4ptqtCR24WwU1Wye0Fzw6rV36Q.EonZlx1J55suY
Tue Dec 22 19:32:44     sdnLlZIDeqfzZjX3aIIhnmv6o8.mpXlhWcoq3gST2qaaHpltL0F65SSks1Jwc05n81U
1998/05/11 22:51:08 Bme1SDgPKSti7as6kKkmPwRL51SNWZQ9cfGUTVAAkB1RNWWdkWUR5889Ws0ML1fEG6BZbue
Mon Jun 11 13:13:50     BfHM9JygNB TjyrY
Tue Jul 06 00:08:09 XyUYhhrk25
1996/12/21 01:12:36     HOYXi7Ci4hp9sllQTr14LPcrC1jREc1j3MMCMob5Rbto7OOVwQnsar.mzFHaOwuxvwhH1dGN MfEK
2002/09/09 17:25:01 sj7753Tw7vfeVPDAinIVCEL3mm3hr83hp89MUSgb82t U2gXk.DEmE1hl90EBepyZb9fh4PsUBLqisfU 4.nwssnm9qGjp9
Wed Aug 01 21:31:44 cZOJXiMCsgSpiQE2Z5TuusQtpO5MXSXgE5 L1w4J.iZPyxKmqg.6Euf8HEfLTELlsMHv3m2HA7QN7RgC3gT2pZ
Fri Jul 10 16:00:38     EJIaYB4055mp6tLIqayMZTXhNGAmMTkMNGmJzH4Ugv1rs4wSZu1S nbKGzpk8
Tue Jul 24 14:31:05     u2lOY.oKskEOHNh14pODa.GwdrWQ K yH9.lkgHDNiFHMh.dPaUF4
2009/03/07 22:41:01     rDXwMgAVBu382PATeKS1qR
Fri Dec 14 21:18:35   zcqWasK9PiqT
Sat Aug 16 14:34:59  sKdW Q4jXBOxXZsvW.Fvn6cX41XqNhXIvbeIilq8dHhQeb5En.k
Wed Feb 24 02:35:43     zBR4sFAmQgsq9hYj0O5zch4f7lpt7z
1995/09/22 08:41:11   ItSs.TvOVIM7DBbkwn1ywuONepL4Utzfj8kqy.5a
Sat Jul 23 09:21:53    O0WeUjlKky7UzpnZpEa
2008/08/04 15:20:02.131548     iMOXWW.h8LjQGuu.FpACa6DA1wIEcgErQ1ZGG OfJVrFwasb2tfQC6eMCwshP054lVZr2c.
1999/02/07 21:00:17.431029  0W7k.mFrIT gAi9oSGppLQxgx6SatO.TD0jyBvn9p5fYazx7XqGpmRGk2uiT4
2008/12/18 03:01:00.256733    WNxR6NjmyIC3wqpzt4XJY9VUIYmBSx1Vl9Slhxn
1991/07/26 05:25:56.664472    FlL.z0LY8rN
1990/08/25 11:37:20  v8VbInlQCYJPHw6whsUgzS8Eef tEVQYuu8r.pfROg6TXJ6qQmSIFRabYWChQRHDQ41ebte
Sun Jun 22 11:37:13  uU2qGkaOb8LhhfNcBAzN2 zsuJ8cLh197E.qzCqRFdQ.BDvdUueKJqiirUIcwOijwpjOS0ZpismkFRSN3CWzCkzitoop4
2011/08/19 08:49:58.312467   xZHoZJ.NnZI3ledSlN8B1dCeYA3elbJQCjzv9Rpwru8kxPJPwcpIDxnmovOhn14k
1990/02/08 17:40:56     03Has.LVG4efFWHgweOUwyMXoZicR6sZphzv5cat0xOrpnS6J.vfDZtYdFwvuxZf3k6vScy68Nsz9jFVkxz33Cn0ySpCD2OjEG3
2009/08/01 07:49:13  8SlWpBm wUsXXGuCw5o
Sat Apr 09 22:53:31   PDvj7dAtiONRwm2sRFSG7Ln9u6xWFfFHWSotS1Ck61xRgvkb5omFJUDZCWCZgRmE 5UEV04H1xQIQWw97TTK.Ma9EKX
1991/06/22 05:47:06  aJo8DK3 plzRPtw6KFdYIVQLVh0BDXx7DisjQf0B AQH o5W287OQ09032iWYcL
Thu Mar 25 11:02:49     JJmdvC7LkMDvL4ABN9HnqV2jUGPsPc1BcApa0XQC5Ib7vCyCjZn2FZMBDPC
1997/12/22 22:23:48     Rlcf3QlBMq zhFDOULjZQkKkh3lFNELJ9AOEFczNwvhdQkibxVzVAZBYTTs6vQ4X5RfbvbO.
1994/04/10 14:18:05    3eTb.Di8aporbI..Jlb9qHg0OHfq7
2009/06/09 13:07:50.748887     E6dO w8 8a1JAgd26UXz0RkYbuvlLhR9fZyxPjpA
1993/09/20 19:25:31  Nk4 RSQfT01mIn0Tl hEo
Tue Nov 24 08:26:00     Ti57GHBxNpRf08TudAS9YbSBLqIczkOYVqgUPtyZxBTCCcygRcxf
2011/11/26 13:06:27  9vfrlo.1PNE5Jc7bKRehz8vfuVhJ CnvdW2kCn46AJHScazo
2006/06/15 12:34:43    WM4sl XkWX4fZ5IdIe3OEPNIN2ctu5JqS7lpc1AFCrfMaYOl4.5BqMqRSk1vxGyMGSgh83xm5AkLPLwTOMaeCjvBL myYbIsp.g
2016/09/04 14:08:38     Tzd.CGuLtX6ZXDZSoZnRWRUsR4g3De3NWUNhgHTy9gmCzjwkJDFV8gQ GXw
1992/12/27 11:20:57    G7JwXUslEcrQZrIMuX28aeJhtXqbl2GhfoxzdVv5yyU1gHyHy0xWE9cdzKggrr9R1cCdQfJ
2000/06/26 08:21:25.186445  .z1RJfpUWpSqtEvW5nejAkfVwM0Zz.mFgaPSS.tRn
Tue Aug 06 07:32:40     Qhf4NBRT.H4fyA8MvviaBsfbN1g
2016/09/17 17:53:14 4C abbC4YFJRlFluTYqpyeJSgEEl73mc.4SuxSaNReCZkqM7jr.Hw3fd6IQBpON3suBhfgtzI2Wd bkzJUIPkPPuZ9
2016/01/08 07:13:30  xtPsx133dNl.tsMeRpymBmaOBuHfQHtxg4y4jVfIrbFEpdUkoXPJgD.1zOC5h72TJQ3ZXDiZgjw.9.AM6iW 
2020/10/22 19:55:09.603787     z Wy9Xnj.hn2bXUTsNNSJzhe.MSGLxLMyQnqlMnjvM9RRwkYcKdop68ygK9kyNox.uuLzLblZIrJL
Wed Feb 01 16:22:47    16cqhcFiLTnQBqn8qgL0BhqJR9CK 8v5Fs0dxgiiUA9o1.2xS7kVrkWvOB1ZKuelLc5g5yA
Thu Dec 12 09:15:11    0jNhskffMDg6Fa1pCOebjNmDEyRwSFX9qS Y6CEl5JDIW4qWGXcOH ujcLrhVXN.tKs  HSq9XLpzE4IA9CL2mjyXsZj
1996/07/19 17:02:47.979661     HKqc2ZUg.0GJcJZxYkP3PBfelA
2008/06/02 07:31:02.14370     VXelNEvl2w5uoH3gSp
Fri Mar 03 04:09:51    2NncT 0uZC5 bExkebqiuKR
1996/07/19 01:04:30.367246    kYQHPg6FL1orYtDvtFL7z ZT3lKcRYybNPcG3pB9nysM5SYv vNib52QmYkBxCa1Ru3m79U  614IpfqHN.YMo
Mon Sep 05 12:59:02    SXKpHKGNvtE40pRrGc2QWQWYfvgmQ2N.B7Hc6syO4JPPZ2t106maCQsGPkJ95KPK.oMM3PmM
1996/08/03 02:43:47.155440 04Rnkj5Rd ZknsQH5e1im
Wed Apr 25 09:41:37    7OSyn50fllr5AApKQTZWwZHtvyMRrM4Sxus72.2EyATWd10oGWiIEHmovb
2022/09/05 05:29:39    Ew9BXP5dvbxCLlG LeqoIyRfS7uAIVl7LLp8J.4kMVg0
2008/08/14 10:53:11 4Kayqvifhq 9jHXlNurM1b0YpHhrj0pnvmtcliiiE4SgBo8XU8.2STJ0n47
Fri Mar 25 09:02:04    XZ07PUTvVhQqkuuBGClUgQRpGGFZstnp6VTZflrvqgM1hXLsO76lkFfIIcfUMKF6B6RU dLb4j2UQ5p41yAgiuR6b0JXyTMs
2005/04/25 06:22:07.334170     H83XU12ARqixmWQXz
Sun Jan 21 06:26:50     xT8oh4r3CDCfdnXC0o.92F3QOIQZCx5yPFDfoF1FYaU198mjutu2Fl.jEFl fs0NfbL7H0lF1C3oBYJu0XAQV
2021/10/19 17:40:59    w.B72jh8lTyAYpdb2twXonNh7z0Dtw
Sun Nov 04 11:01:00  pRKXkb0mG1TagNQZYGOzt
2001/05/19 20:07:01.858072   3yVjy1.7w3zH79tEWTdiIfrZILmfv8FVBtSO7 xNOSt92a8coHfdLOYmhNMz9jTAud1ZiFgt yYLE7IW.IsE6EGo
Tue Dec 07 08:00:53  pQX0SzkrG2QNm1szI21ZTReNqozkUu2Kff
1990/02/24 23:38:54.148444     E0Fr663ZMcGclEWjfp06oZXRiIoR
1993/04/22 16:50:40.178117  K4EYu P4BLgZf3tnh
Mon Feb 12 05:03:01  B52eUtC.SNOu2TUHKKYQxbecIMh90SMTxppjVFzVq
2006/02/22 21:59:23.738512 .wnunp62zXYS lEO0n.9ZQg1tHTtbbBMyjhh46bUQMEljdju3B98kuhBtNjPp.NzCQM3fHXvBEh6571ROGyf6OoA48.yw 
2020/12/26 18:33:38 77Nz66EsY0jPfXxtUbV7h55AqH0wnaEhkC
Sun Feb 03 08:40:03  iwzP7C.e9jMctUiyQUIiZQigNlKxmPSi6rDfx
1994/02/16 07:37:16     pZzq6DEqWFPYwb 1eYjozkluq1
Tue Aug 05 02:56:10    eQQYqSNNoKNF2jLuV4R2d0susMpfqo4FL7J8dDWQFthUCUkcyAR.bAijcMAsLOb2QjpZGR SpVXSRN690vS7
Wed Feb 14 05:12:15   .bYy5qq3LePe91f9QUteqEOKkobs26OyKCwA
2009/08/22 05:14:11    2q H UFFb9H.R3pLYpw 1XHSXpMiGXtzUt Q0kk8IaLmlXuQst6rSRcq
Sun Jan 26 02:17:25    ZckkBIjrUrMaiaYuqiGm1gDEyMjEy0ebSc29UBGOajy9 mnG8JWq
2003/04/11 04:00:15 SK7h.FxdklqaWnFvySdbq.nfzAYYirkO8t4UdnWrU902Ew4HQ5jyAunneuE2K5Y9rKFMPp0ajyTfNkOi5paFz
2005/08/15 17:01:03.458852     vFB5MVzSr1eFltJqJI.mUGO ZNZWQzeTLtB
2014/07/23 04:52:56.562021     uDP.MeKzm b24Tpzaqh9gRZajAOzYVjRSO.P359BxsVhnw34Nnfmh6HMQp
Tue Mar 26 00:23:11    48xAzkE637fvnoy
Sat May 17 14:29:09   nmyzg6ppk9PJ16sB0r1p
Sat Oct 18 00:44:44 nRD3DXpVPXfXofzjSlVwWhsfzBC
Thu Nov 12 19:50:23    KlFquMtbXzHzcv1t5PAYOQOLZnpz8969gqhxYjStBpQkJnNkhJukCDRKBKxuiWviUU6rDNyHp fni wzoq6vLN2
1997/01/01 14:55:17 gyUYtcB0c4QaOUlcp..SRP85qsFuPOYv pbXcbad62d3J8Mnpe
2019/07/07 15:20:20  64MgZ.QCmZsibr2pGYf1P9xNXcXR8bLwx9cdOAHWkbbldpriBg9ZEcFK3tdsUnzIKn7xGENGcOeQ2xLRupg4
Tue Sep 13 11:47:24     .O0T4YmwO4XsLfD815BFHDKd Oqr9ySZBknnDaF9.doTSEa5RUxt7xNEYvUkDz9oPw2QR5LIfgbKxXWhxdaRz7CLsbtUHWN
Sun Nov 22 12:30:15    WbPB7FEM9AiBE83
2008/10/14 23:02:56 Lq3sw5LW1RoXNOEMOCL.o4mX7hl zZ2WRQMPVvOcu2xFWmBmBdjaKe0hck
Sun Mar 20 02:18:04     Owfu75melf ruynFC .N2ZchCDWq2CjQs6LDhrNPucvS0JOuXon0HzHn5mO5gpmFsMeAjrJmNw9g Gu
Fri Sep 03 12:22:31  fSV6z4oMFkOVJNQ84OO8van8ci5XOXZKYzLYtL2yXaBiK4NoqxhMaN6j1TRmKmtATsiWIsSWcMLMUk
Thu Mar 04 23:10:38 gaRhAbABMVlmws4vZxzdp.FQ5j5S0yWlLSWIbnmIUOr15.oRSBP9GDa2hsIK0xZ3Prjx7l4JGRE.iDCTlaHgREtMovg
2002/05/06 23:29:31   24VC9kIsx8homIyp1KTh518BW0QZblZkZ1OFsBwktAmFqWiPJrhXMVAzbV9Wu.p
Mon Mar 16 19:27:45     lmORWeyuptvNnwZ0Uv6IJRX2Bc71eXbI3bAiWJYD.OuMzsTbguzW6foEnEkd Zo66bgz
Sun Dec 09 01:56:30  5n2Cm3Cz1j97
1996/07/10 06:49:20.958328     tUeHdqBKUeUUPr.2ojPYdDs7v4kancHsYRhBiCd7YB79R9 u6IKNCS7HcFjqFR0bX g1RPlPn.bPMujniDAZz0eE
Sat Nov 27 17:58:45    pNryxHABZ.wiBfoNI2hzTrlPMYOAKrtz7MjZh1NdYU xtCLLLJkb 1z5.u5z FXeS0bXzmlQ
Sat Feb 07 12:37:02 iazB3qpT1skwEW.eVvugzu3CMXOibcIvEdqUBx.uujqzK6d0Np0XJYEHqHDYa9l8
Sat Jul 06 22:35:13  c2ijVd3vQZVae9TM
2015/01/03 04:36:55.740758  Yt.DJVjNwXGHbuJaB46hhB HwvtBdYD4j3 pn7zEXJn
2018/05/06 01:10:39.968435 EhGxXjFAInpLCKTzg
2007/11/11 00:21:03  qvYEpaq8nND4.9JFn0x2AHsS1fn7arK0
Sun Apr 26 06:42:31    HfigesQahktUPhVyyWuOihqmBj.bgoCzRL7K FZgaR7vmHj Z
Fri Dec 06 06:47:04    3PQmh2QQFkL5dSi7gHjnvBV9a.N5pJFNIhqlqtoKa9
Fri Aug 16 16:10:35 FisywJh5NjCZVNANEV1C2mFV16O.hBZohnWQJY2ULBT9kq2dj3fnP9gIiyWyr8jB
Sun Nov 11 01:28:10     FempP8ZxaDRx2nQy3ntEVzVmQS51k7QATiDmbuhf9bYo7gdUP1buek9kQQWMU4DaKkwClWnJjH6sflIO6pAWlyRv0
Wed Mar 28 14:34:33     c tOfHNNxVmOeOoDDsXCLI0 NTN7t5BQuGImNldr484anvyIrMe
2021/12/17 05:25:28   mIzvD5YFLCkMl8SN22MR ATdpeIQeHLTfZkJrKP000i1ZRZkcvhtawF11dJ..XViEsdLS
2018/04/11 04:34:53    kcI0ki1lq8XQ2reSHiY5colx0lQXuGE 0rg1VL0E0R7bhyMwu7d3TC7xhs7
Wed Feb 22 10:22:25   gk7Th1Ly qeQgMMXLX.58Vsl8iL3TvSK4NPdZZA8mzqPQ wYWGozfhtNC
Sat Apr 14 23:17:29    EdALpgqrGQCrH568ezYlYM7MgYDyQns1
2005/08/23 21:02:21.931336     rXmFufk5goCMpVpikFtMusb6dFFH 2h 0eojkHk2n3mXf0wyz8fAuj5l
Thu Jun 19 19:51:38   LS.wmumWqPyNPBof5WgATcD3GonjohXnT47zgmL1Dw2ub6HOwFFIogA68eCvJH8xx20N
2001/05/28 06:33:10.458202    BCjbA51HnkCKUAlJkoBVT.ELr8nDzyYANLwosZu4nnWRSW2mlCecrOV2uJWLwGFUVNZ67 WwCj4PNrxswfjM3Y7w8E3dmB6
2004/04/14 02:28:06.855811     V0pAZYkBKzoY9TBx5DBs38hXqyUaMQxc3m1W7BFYa
2013/09/28 12:54:56  3ZqufZ4jcTieZthGS5pZWCk3meV7gPch9TSnB.jb2IQwk7ijthnQYzyVRNxiCuggcPFLZYDh50W8Bw.QHtfH
1994/03/20 00:11:23.630568  3t7pUAZYvmCiSucxQJy8GbmgnDrYNUMQk9pHleeyXIhxC7SEoyN Fp3F7rpq09CEZ7hOieWko
Tue Jan 10 10:17:56  MV24nxJ7po RkvTYWGfBpPYdz9jVMs6joNtqrHfSCwr9rhKGUCR8cxyezFzrztR.wX
1991/07/03 10:15:10.878142 5kboV vslQ9nbofXo8aLTZH.WPMXC1TZcX3YfS1C J.YrRORKT8Cjv54N88vZcsNugVaqBJJ0EnZ
Fri Feb 13 02:00:55   kxw7 5iw6fzpusdWBOTLc0jbyvaVriAH 5mucVUPO4zpIOm6Ifn8Mig40wQgbn8kUCY0S4m
Wed May 02 14:48:48     17rvzoTnu8jKTWfIs229SRE8Z7Y1z1UyCeCjlP345 0 .t101U9KKyTlNV.NuwiNq4ymKExVjg06bfdhVDGasbUBwZ11bCNM8z2
1992/03/03 17:31:59     rGWWU9HTUNZCMO0rQp6
Tue Nov 18 05:02:19     mdcm v4nGWoLdYRD8yVREnwPgIQOuffOZrDOVu2lHnAftUkZ8boOT69GcnxGNg5ezW.K.C4QtMv3hb D
2021/01/19 22:14:37  D5NKn6fc7fpgvxE4VpWwJppoiVEo0um
1998/03/19 09:18:59.652997 dMSVTq2DKYWOHv.Df lg6rw.XjynPtzRm1blA.Xzw FiFYwulF6jpvy3x.AV
2000/01/27 06:13:52.985234     Hbl6leUtA8XW200FLRKsdvzJBnR30Z21Rqrc
2012/01/23 17:20:14    k6U6lK UCyRp Nc. ku5TohlSWS6jp9KIgjjEuWVWCG8UPpfTPlXgl0jnx0AYRAv LPK
2001/04/02 13:43:04   MrgAq7U1JcDWQLlHPWlgg7b87gDVZSSVzGcfylLhsDwQc6.pxAAIZtHqVVh0F19bLGqWxAg07mK2.6WijY964FR
Mon May 17 12:30:25    veiko0ho5L8RFAVSZOQInOEQgCqC.IM6NW2s3s8J7mfLwZQfauYZN4stmyHWijiNkd06gauiBzjAA65jhiqdTTgOYJu2h
Fri Nov 23 05:00:09     e7otm.iD3dyATo5JbUSBBvaL6Yn1LPHK.8R Y1TETSL7YQb88P2jLyIj4EjEWmPXc7L4cn
Sat May 08 08:54:32 UWqexvTUN.J U3p2IODbKFVBql8iqyMUsnIhJ973ZJR4ILgbEEIfr
2019/11/06 13:35:12   qb oGS8gtuFPYknlQkNbnuTmhEYNLYyy
Sun Oct 21 00:51:56    KUZj3iQNgpmifCu.KCn2isGbcD 6APCWd76YwV0oaa5OxqT.7Kpy FIJvEFpF2whcS8eyAWJguBqaDOaYZ3ILXH.aWs6jAJEFBZ
2000/10/07 05:03:29.585140     ERQUelgkakFmCn2AL3C6ChUNpQFYAZnPphO
Sun Oct 02 20:32:23 VFSMCHN ew3VG7giFbWL8C2cAYOf4U7gkz
Sat Feb 10 04:17:25    37XfdwTmvri
2009/11/22 04:32:32.727550 Q6n0.DkLLx1ymoZKDU9vD4XV
Thu Nov 07 07:39:38     OLnMJDwQ nhIJIBIAA2w5JoR24xhDrqMFihI5esR72
1991/02/13 00:24:46.645861     YRMkRHx Fpkk6NCGGcy0vwM6X9dsdNSw9nDr3cc96
2020/01/12 05:57:26.947520  VfjjN5mKv00DLbfFlwHPudFnkhRslsI.PQ3avm043PMti05YvhHM6 dqOon1VR7MoezifWmOv3JnjbZ1Se
2002/02/26 01:02:07.838056  BOywxgNQUR LCxZX6z1Z  lnFOLbgaaeg8XV36PzBU6wUAsLjngiej950W1G9DdzQ9WEso7ZkJjc1.xBI
2016/03/25 01:19:41  V6VeUaEoveIy7jmnowUInEIYfFWzDjflRGk.nwYjmBp6hG.L60mcClvT5opNhtjM.
1998/04/13 15:46:08.336059  hVpN0h0YHDynE1rxUlwJUvWkHVYJ3SrVeQBavHdS6CCdFOp0Btu0bghGfEPLpELnJ BcJFmwA
Sun Oct 18 04:26:59 9ChNt11M00Q8CUijH7RFsA4KjJzfYe.h1Ybem.1avmpXRfpl.Ch5A0D9A8HNsgR2ZcAxYjLXbR3qnP3
2007/11/26 19:12:20.878892    B.omIja7iVcEKWkQrS63vEEhKYuz 1Gz06sfrs8v9KrfWIso2
Mon Feb 02 08:00:49  t6Q.zjQicm0EerjpHDxJ7vQXo9ga5nFCFqKHX8sDSDt9JI9QoNea7XyFROmduf74
2022/09/20 06:42:05.723010   sr.Q WsP7SCXFYUggkoBXxgzRBLfnSLzjcoRCpd7hOH90gSwaBdDangGcJb8MYU
Thu Oct 02 16:14:05 io3F4jlhE1v8Y778cuY.NExJXZa0XN8 jre8KZ4e7.jALW4Mu3MXrr7
2001/03/15 09:42:53.7547   NacNoGAuBuni.hKjFHxmABJkc8OP IG3aVlvjnqxs9VOY.SZEuclBL7Z8bcbeJ.chxfsd2
2004/02/02 06:09:52   yATcx8TmRlEKR75RbYh5Z863R9ektj3E8N IIERQ6w
2001/10/05 22:15:27.848381 0vsRE6HKZ0Vw9wNqM8tRW90owrNW0ZO6iHtkPKnh8FWo
1996/08/01 05:26:03   kbIRTZvkdkOPYLrQhUuLztzBc51lrJjbmED5s.Np2NzfA
2010/08/08 04:00:14     oFF0teIM9it49yMbzZG4IYi.1UdXeOlmv37yLWhR.Pzh
1997/02/22 22:05:58.232790     AqyeAHEtaHzwFl9e8YK3iN3ccP2vzW0fvOr95MquuJs0qON4ni7
Fri Jun 25 23:23:09  xvd7Eze7j7VLRHlu5KGLlbcKsA J2iB1qqvOj4YkGLIarB GrrKnsyxZeYAMJt7ghsLpIPhgIw6FlbdgcDKl12Ep
2019/01/28 11:26:44.382175   z4RbVIADNCPGsIzN.jZMVnOVs0hbBUKiMC8
Fri Oct 22 05:04:54    OtuTvFBbtSVtAaPueJ4wNQL8MhJnNiU1LfBzrjwDCQngiVYbRDmP5ym5B8TwzGNKUPCd17HX6RfCUcsPeSfIFe
2005/09/22 18:01:56   THJXEYB0mgJLo5iQa84KwfUgvKBQa7sncn7jsnXtDtPRGG33uFLQEV5xf1bozleX.4gl2t7Kmu
Wed Jun 17 14:50:37    aXoqbxqwflM3
Tue Jan 26 04:11:07   LU0M9YAdJNKM9N2kd
Wed Nov 17 20:00:12 oM2xq1qm.bZnqWlZOLeZslMSr1SkOY2T3BvdAbGIcSBr7b
2011/06/02 08:43:29.368382     hgvjWf98lO0qPF
2020/03/03 03:33:13    wpmDPkRH xjd8nkjNQTV5SN106AMy9S1FdFbUBS6.rWmfdKIZzfq9kUCY1T4t eE44qsZOLMkDcfU1D9Wcir
Sun Jan 28 06:48:49     7CkEc00yIyHx7OrNDB8O.LHj9Tk4QJ2PJwTB9eMigYj4KKTrduCGyzJ7rwosYoLf0cPJnqLumkKZ8zpLsnh6 zW..choU606t5
Sat Oct 25 06:49:04   5.oAD7lEu3Y3.ZAA2gOxT4MpqxSJ5EGeaWONQuOgcd13QKRnYhsYE69kGM1ZHum.JEB.ebsbczJLDOFrVTbFi0
Wed Sep 26 08:48:39 eAYrIrq29.sJ374OjvG5kf87U uqDtiR
2011/09/17 17:59:09 ZptpsPxc2.U3Vbx.T7sUF8Zb646WSTgPA
Tue Apr 16 17:27:42     yiG2A6 3sbGiXzPHQJC1FkaQ2N839 A S4QNtd1ZbsV0UC514yNV
Thu Apr 10 21:45:48   MZb0tdsn1auyYAdIgHucFPe7D1guuGJDC1Sc n7816O4oOWm
2016/04/05 00:49:23  mzz GWxVe0Oq57QyYFD9q2WQmFu
Thu Apr 05 18:34:34     qEvKza8guuf0VV S6tCvsLbLRPuK
2007/01/09 21:52:10    jI5LOCurQAf
Thu Jun 08 10:38:16    4HO7ASP3UniujVSnEjoANMWxD YNAaz0vFw7kvC4s3ITi874smLKK0Hlmgjr0Vzc.bRbSlL.fb.ixhSsVGL5yvtSD3o
Sat Oct 15 06:43:20    pmMgWYLwoxxHqFUhl oP t kqxiUpGuMJDmnbQ4kpuw8MMEeAJE1z
2002/01/13 13:32:27  aShsF.KoVm.LZMnT415oVRIBjCwE1gXdmCVYHk
Mon Mar 28 05:10:04     NtN3rXPkOhUw b375NYfViqC9LMEVxlJncuraDF8gziXZYaZk
Fri Jan 22 00:46:13   U5wuxEobderH.hNb
Sun Mar 25 01:29:36  fvMQ9fL5.Rlvh5KmmhJJN8eoyKq7tKS xLJf0BRT2yEDOLRwls.pU3f D3ewFaVIdEcQg4efYzAq1
Wed Jan 20 20:01:56 batkMu9pT.vN9XtoMmPnIknLq0O0ScWoSb8z2XDQXrt2m5Slsbwn2NmxB7FpOyPw2Mx
Fri Dec 01 02:14:32    UFv7MSv4h9fMHNka2WtK3OayHQhtSLF6lmUJiPtPP1T
Thu May 02 10:55:29     L3R4aWqk9yCZemIbp sPh8y7GxRnmKC2ve6DToVcYL6d
Mon Sep 02 16:53:00 a2rrfk1lPjIgBHJVLudgTLcNzDpBuuCR78nXZpMk aOL4VV.RZz3FQB0Fx3SgCn7PFK2FMvs7HmD0Je7NsbuSvlLLqc7ODoCl
Fri Aug 12 12:29:57     IpeLUT7 Ru1Gr72qjSuEO1avIE7A.pBwiILMUr
2012/11/20 16:55:22    WyCS6EVAHOW8.mJ7teZt5
2001/02/15 11:21:14.560031 X6uuJCIK.6RJThFVIE32EabZGDgXMFpGh S9q2fCJ6kvh6BQwM
Tue Mar 06 13:15:13   uYRoFdBaqCn3xkHAGSfLvKjodN1JPUWbqqUkV2MiX0nrT7RF MbfDJhk18Woz4BHc KLOZk28P7chTW3CXJgr
1996/03/01 06:44:22     fAESxXCSI7GnbEwjanwWb.5bwyG0l7AhsLRqTBmtqP1Oz7G86sot10hWdjlh5k5p4J0.RIXriMiDVErs3VWy90ljD.hk
Tue Jul 28 01:37:58     0.i6nsZlk9rThU145lEfj01p iA0W4WNRR5seQJvdMIlLayOPFeduvc9NiN9kYll2TGvb2 Z9YcXK8.eM3ZJd.iul
2005/10/06 05:28:01.938030   CLi5fjy5vKaw6
Sun Dec 08 14:01:17     .TnAPyjsphvYiR4m1maXrSVTkBa8  yOb l6HLjrqvR
Thu Jul 05 08:29:40   7Z1if6fzDjNmKHX5I tXCKRZQB 9D.BOteM.aZDjMFh42TPnbnAZPmWV6qKZHXPNbDx4bUyFFAgfln4sn20I2Di.kjJeGwic5
Sun Jan 09 11:56:55 xZiq D1lujnFXVJdSzZ3hmS2wBeYWQ2S2BSHr6o7oLK6apiV5yZZZ1NYaCd
Fri Jul 03 13:12:46  Jz BsPVMEp7.bFtYd
Wed May 01 06:39:47  qOR4NbY.WDyD.YFLr90 vOUDFZ
1997/06/04 17:53:55.673892   0pVm9SXgcgCiuh
2012/04/13 23:10:24.674004  IZurWilvlSXN1kP0rFZLVIcPmAcgl
2013/03/05 15:18:44   qoTYgAH06uYbDdGApyOno8b7NWEB.SPpllZ.Cdla7GwyK0vCY3ztf M64s54yNSRcwTXio2AIXRpbr3C0NHWeqat518oP1Iq7Zb
2017/06/20 18:00:16  nTrdC SMdhkst5pBkT.feaI0xzXVR.JFS2hWDV4FrXlf1VTsAlulILOT4DSL5Efh 0POyDovdLijvnrM.Xt8bmcQUk2t2EZ F
2017/06/18 02:01:51     yluMODLGCOApBKqRdvIPD6R
2001/02/15 08:54:50.251545 O0wmG oEYkN8WvpAzJsa9IcHh4HobtE5cSotLU7Bk18CMzsICnlX818PcFPK3UKvqxaff3tMHNoU
Wed Jan 09 14:57:19   XrzVhhUAwhUgPDE3Y5zDwajqmhAdTE72ZpCES2
Fri Mar 27 09:33:59 EZi PJk8adFJj.mtaFassS
2007/11/02 10:28:28.889556     dmzHAYc9EEoR4rRtTjwmOm6ghQBt2e58ti2xnJ VblfwE7HIExbHgtc30UfO8R
2015/03/04 00:15:37.667042 UHKsHomNCJv2 WY8H007CClxQ0qSVwWdOgFk1oivQxZ3VTWIwkYNx
1994/11/22 15:27:02.84878   YzKCxz7 dJkSQhO9RFajl3t3BDEZAy0pIcN
2005/07/01 17:25:23.946752    jz7.JNaLv.pyJQ5PAwV1rp5msdTSv
Wed Jul 08 09:40:51     7K4vvgniHTVGBkAZvo9eryNyvE U7Jfusw 7qy58Z4LIgEEBz4efyvDSARHgHF7VXWMrZuCJ8
2006/01/07 03:55:13.345570  itTlhJ.GraJrIyteKKo7ygvDTG0ubT
2003/07/24 23:17:48.968580  jMyebfzZ6FVl1gS6wtg0ELpurNghGmStljYcVYmmGMj3KuDwZ1qY
2010/08/27 17:34:09.491211    dMEhp G6xjG8rmf58.yvEojF7vgZIP7yNVPpRVnMU2pOfw9IudPwsQBqyMqqbP7hB4aeHwdmja8DxnWsbLnEaBR7LW
1992/07/14 08:42:25.467012  LEj.PzD4wa g2fAijyxDa3EPDTELruMOqfClsdI0JtW mlEGj5H1T0TZPC9L9XghzMTSu 3AxlUqctyrVoz
2022/12/08 03:50:46.423846   UsfuznsJuN lHwPx9tGZJ r 9KVcr6EsuCI2WeITsF7SDMLTJ89j0fRrA1plucI Z vnnSN P21I
Mon Aug 26 06:09:30   8wTUthsvAt0H9YjpcRZUFPZkQWxd5U6AQy3Tz7p3Y0W.nwKprwSlGKgrZyBKBuWM 6zu8JA1wj3TsbBxBTevybNpvS HJroVr
Thu Feb 23 09:33:42    sOVMB.vNQUbWqa5ihuYJQWWXnsFO8COceFw3g2EXAJSl.E2cl2y83qX GA0E k
2000/12/24 23:09:17     jX0Hr0IRp9BLXQYTuQ9 iEUslbpdnDJ8YaMHY9UKVRX3MNdlwqwVmGLTScju7lJKRBfb6V5raf
2021/08/03 13:47:28.491728  WbsK1kz5sJePypWNA91WqOtmnawpOXysZSHvUfIdjX7GDOloq1 PEyOS.H9lJ4YXNYu17bPSw
1990/02/18 09:07:49  i4ZNlzXKcPT547dIpDhJ5pXqmk.
Tue Feb 27 23:21:15   1wURWcWv6Cwts1ZqHbZtrshB1IOm78WyVWaNJGtERYv6Lsu7QW9TspXwRddW.UvU1naFDhO1LL7orOcJ8xKLPD6f
2017/10/13 01:06:43   xY6bTyuXjRhASY yMvqWHv5wOdXrHyrJTpajIaQCZstb0w7MmURffkKVBUUCrMmgQ7zsDNLUm0YA1vUZgaG3CNNWUq6hUX
2017/11/27 23:27:37.576521    fv9vWuXbT.v9ttegj2AKBtaixqr1Iws2UxOvv2F
Wed Apr 05 01:20:53  sNVN52.QCaSNwsFR5wz04aXQNsZ tjjdv U1uJu 4QZzCiYcWimdj BC9YGV6z409Ia3Ru
Fri Mar 26 04:15:26   aUmaRKl4Bnk2UwLg4FttigtavvHTGJs3x5x6cKUw TFh598K7.pRjIbzv.ptnl4TRn1BBkbBZyglNvPvWIiA
Tue Jan 14 07:50:54    xzayL5mSofAGPGnLCgF3F6um.LzWG6bIjvFNBwErnmi1GxXEMT9wxhdF
Tue Oct 13 01:51:20     lE8V9WWS7Gxyu6Ky PKXKq4s39N3UIPc7r3GtIpCWOBnxKDRjLA1UbE Xgbp7
Sun Sep 07 22:38:07  rObo LyjsL1bepsQ74hFmosD5C.9ZMI96VellleQRkaQBBj8Hjv2S4HaX3hE5
2000/01/19 22:36:45.102803   K4AOxWBLY5gFYcpBZBvYLE0AJHq7cXHP1kBNq0lyCy9 LU4uaceowQA0835r8.c7dqSYiDQ
2021/07/03 21:51:28.735173   WMWoFTQFRtYERomUJ .QWCQCTRXMd6xJTPl.RTsQcP3 Pb10.ofNg.xcJurNA
2000/06/24 17:41:05  kVtHuJx80tN
Fri May 11 19:36:59  ak2csiGnapPPVoLcAxk KYRmVdPqHt8D7vHW1KVhupSxPzdB8rXofAGd977V5gMUct7zDiCB2tYTkwJveW2Y
2017/01/18 11:48:26  Ag4P7xdsdLJyGDvYc7i
2001/05/02 04:50:03.639403 gHETW.1di sZUffMOfSuo2vdno3k
1992/09/25 09:37:03.488777  JtnG45VQtay
Tue Apr 03 01:18:50   qX269p5SuuHMZ8jTR4QRCS8cebNI nQMlBEIcsIEeeam.2opH9xB4.CtQBZ4zR
Tue May 10 10:05:16     GceYzcWkhymBsR6N .NrGWObYDSQe.GhuevmBSUvrqDIUD3GHJWYp2.
1999/08/11 16:45:50  JKFekn7Ag.MZJGRUMoVgwHQPMfRfZhyQWuDOXXKVVUbzi4mjPNwXXpun9X pB3wdHyWfDrix5lx76iknFn2
2011/12/19 08:20:42.391528  9pjDFHvJLxcihqIv8M.CRfPaxDeqvvWr9xMEWLZz
1999/05/22 20:42:40.290389   .nm1S854rUKITh.cxAAFon7fwKinZxkPkgw7IqTxs8NMiaJ
2020/04/14 03:14:21.15182     .NH9OoNu TxF904ybkyPvprhY1UrohlJbXvMKA rgupKCrCgLYMC elL8lZYmg0v3IoDNvk hx
Sun May 23 07:17:58  PKjL  b88BGCT6EVaf39IS0YyjznECXXFxjpLA2i.ZZ3rbRaeH.R GZgRsauLsQroC0ILqoD4T IOJBhvP69aZlGI4 Mr 
2005/08/26 16:08:52   ZzlWy  ByfyKyh1XzxNZRPhWqQHOl.W1eSZIWFEoT3mbDUWgMJLllfsr1PI9m57aOebSP
2020/03/07 16:42:32.529507     WRehchQHatn0spK70crJPwpaMYDAin5tUxbg9e8fwW5AowSr7VNwj
2015/03/05 15:30:07  M8g3zXFTtmFTuL Usn6oY1V5RDh.XZk0y.g5lRiiyH5 wFxA.QzTGhLp92.GQdkp1 yZSNaQjUrk qPPm2ny
Sun Jul 17 06:17:06  uwacWpTZNW
2012/04/09 14:54:22.89699    kURNdtsNQqOeuuBBIzl BSTIgRL7h9ou.YgJtG4B3c6Es88QiNxeQFB3IL PTLSuxQXnefHnAYav9VwLFY0YQkzaMtt8lHI
1990/02/06 23:33:53.221235   Prpq3eCYI0VkhycDXL7VfM8cLXcKwuw5gkr.dorW0B33fHOo92aLazy fX7jQd2ppNovHmwO 
Sat Feb 14 14:26:18   WwVKqiGoCU8R6RVxT
2022/06/05 01:54:12     OKXrkWs2f0.IRNcFtUklEBhwTsqtGYXl9 HZs
Tue Jun 27 21:00:44    EHKhu7soU7uHxuuk78RKCiTV91
Mon Dec 21 18:48:07   XYEzssEHdWESN2hF9lI1t0ub0yCXkC3UPoPLqwx X 5G7EMIsx73Yl96dsKFcEBh31e3Rp8no0u58ulObjUKjMeVHHg
2012/05/17 07:55:47   ZpUbn3TB9C2lFEc6AquordPf9QO6. tU VRX9dei3.ZSAt4VfwJQ5 s18UpYJnlmxT9wGjhmtyV6FS8dIdeHN
Wed Jul 25 15:49:12  ROWuuJoI8gh8Msj.UjmrLdejbkbfPvm3RwEQbBXWIc.pC8EM7WT07KMi2EbCIljyaW2hk
Tue Mar 21 11:10:57     4bVCgVrHMM6qeJN7snRithrySzuybYORWUQ3Sytds4cOd037b eAQfMvng.fpvZErvB3JnuABQysq
2009/04/15 18:59:14   rcyQG9OqcoxnFrKz5ZHqvuq5sjPZA.ez7AesPlgiPI1E0NmWYC8pBDnp
2010/05/20 14:23:19.768526 TNV6BaGrGbrcLH2PkbzPCsddFf7Ezwhh9y15gKps9mHLAe1K
Tue Nov 06 10:08:50  iVOrPXyIbmrykJQ7ZJ3NHxY07auxxSFEdhF5VdDOu862D.md7seKzvZYYgI9RPcme.3M
2009/12/01 09:10:11 phKbSiGmSU69MdBTI9S1KHfMY7xVZE2Cz7.enMsBl7ToRDNFTBEQB41TCVE TA0iR78uoh17
2010/02/15 22:36:07.606192 RmE1P3PwcS aMwYO5826Pqh3gzh.tMQCr MAkBWxUwNCtFXkvtlvttuZJt6o2g7HJq.NkXLTdUAxLA.PqDcohUMyGiTNMEwBC
2008/03/23 01:26:30    ag GBEdRVJXglNfINVGGfaylvaTo03Bipk gEnWfO2x7 YUhVk1.wp61bHQ9bO8vrDVpwvRxSuVVEyRoOsnAOpLJ5lWlWUIx
1993/06/22 16:47:05.218747     f1LG53QiizXoLxO
1994/03/20 22:48:01 M4fP2OZmsBYXEB7Bz1WwGomXRfes6djEvMctJNA0jPkK9Uc JoV6YO9bXarC7SE3JfGkoZAf4 v6HnlsUh8Z
Sun Aug 17 03:36:56     LNWSNmb2 uV8uqwa8OuYiQgzFU1pAhkCh4nN4LC43QnertLySeDDUt4GfloSNhJdW7dEMeS23Uy 
2012/10/04 10:31:44   t2ZWTweNwm9ZTStds.7NpYv7SdWL85 MxiEOyZLsR8378oSOHbf3CpcYlQBqQEWrJ7UK4zCnsph5N XqgXCp
Sat Mar 12 12:09:08 spacc1d1mnH8al3sYhecufdVWat i35ib6pgdEmUB4HIkU4wCLEL2E
Wed Oct 09 15:24:23    ux1KA6Uq0YlpNtGjjMruEkkCmkL9z7vgb86ss27rBhb.f8xFkPHS39RC3VEjEmahuNcXaTgaSm
2008/12/21 06:35:56.620398  6GYBHToDybjBCSfemL4nk 1bZUd09YEKcumPMt5t4gSxyMJqj3QPDIT2kPQ2LATgtAdHk7s 7N kDaBiCcjpmH Wl
Sun Sep 21 03:06:08 nCrLUU.V0TDq2wWoE7Akbjq250z1xkUFT9R0XxRVL5pNknhr0J49msgdk0j4mT
1998/09/10 10:13:46.543814     KXPUwMbu.2 0mKfMvZeMa2fNzDddgCkGtzOGZs5iU1
2004/12/03 01:51:19.61554    4u7w7UEJe8 Bc1EAx9KLRa.CG2KwHZriqYu.Tq
Sun May 24 01:11:31  XYbWyJp8hUg7rLCC3
Sun Jul 19 13:00:41     AHhDAjxdtJC03SX2cYcPdyRnyYHfXAdvLElmhrQFf4ORn.TiaES1o9HmPYUto6tKI5yNl
Sat Feb 18 19:01:13     c.qLP9fxpu5R 3kpVM
Sat Jul 15 04:20:01  pwhfwdXu2H58jWDlmFbiQNHEgFbMtucmj5z 2n6B.G6abZr8njiMo05RJfEUVAtMW8imd9lQC8hOnAGSW
2006/05/23 22:13:45.613323   8DH5SkT3Xc7YsKHT9yReYIu2Ao hFNYIrVdFiz4vN0jVYzzAofF94JTeXQetxNdVPSj0CtV
Fri Oct 13 21:48:09     dfxBcMkOj9B74EJGCqNosKh9oDZsMAGJ35vgnyn3tN9pk 
Mon Oct 14 23:45:18     vhtn8y nhPFuIBuzsXLcCn3Oliz0d4U06cJYRAwD
Tue Nov 13 11:08:37  6Rr9H3L67uXSk5KBl0AfTMXuT7OIzpa37Z5e3x6tCeG44HAvDl.A5L5zEAtYcaE768vPneZZkM7hZWc8zEa
Sun May 27 04:01:49   3iT8WWrba4L
2002/09/05 19:52:56  VhzdltyTQUiOk WESKxcZ4xZYpGy56JiV.GLj6GtDel2wBMH1NkYHYmMMyGR1ahPT471pvEZU6ihNYvKd  iw
Wed Jan 26 03:22:56    YPLnJDEp1R0CJ.7FmCbGzAj6fDd2wT2ffmxOxgUbb3jYL5 Y8G A8pVS4XyGR9MfQlrt
2013/05/17 02:27:27     LsnSzRyzUPXf OLQdhMnYC umXKLGyRDz8seQHAtjfdipqJdAaQePqirTs989XSvSaB1V.Va5I
1992/02/25 20:12:12     eHFHg.pHI6LgKn. CekzP2IQe1u7n4qrXhTMuipGnJckA8
Wed Mar 28 13:45:56    LVkN6TqDFOmZGrE.IDtes.VMXTcVdjsZRf.08recs3WtKcYt.j8FDd3rBYh0bGI9n6GNWytN73AVVAO44ZjZFWoTvrp0tu
Sat Aug 22 12:21:52    YOpBwSeoNHlOo
1999/12/26 19:10:00   J4y.GScj5QddBcgHhZulGupLVgYeISl4ZWr8rod9WjMn. z m3Nf8Xrn9iEVmYBBcsgG7891
Wed Feb 11 18:35:41    DSHwQ09GQuitQ5U8JU2J8AKHXIgiG5lejtiZ5J
2016/10/03 01:01:21.118820   Nv JfEjQ9XHCfcdgOuVqrRnQu2Tz7bvSloSOb01n33davHasjGTKT0LpX7mvPvfcYoFpqVLw09o8MQgidjIJ2acyXqysWelOE7N.
2015/01/01 21:20:06.213596 nCkGGtPuXE8DMA8d1MeL8z8VAB8a5Y3oLqEx.BCqiwz6j
Tue Jul 12 06:38:25    4o1YrAMGGNBs1 zMrK7mbIFwiLtF4w8F
Mon Mar 11 23:44:11  7.CmqpNxoDcL.S1lJNop3OyTYEnBRS9NTe0D53jURb uNFBy3RQO8p8FguHm3Pc3SrrpFttfFY27RGp XyZv61pXiB
2017/08/21 03:56:31   HArXe0dFvs
2010/09/09 17:59:28     ReOp9V6STy6iJcYpG ksC4KEY5Ka3Zkw8VJYo2KruWsq LP3ee1sENF
Sat Sep 18 18:44:36 3CbFShnnJesyLZGsVfm8urMJM9YEdpUoGWP48qWP.JeYLYqbcrhaMspaQSTB9FOwwRFy2Mchgzwiban832S3I6AzdQCSkhF
2002/09/04 07:50:38    282Pgv1HJi2BWm36iBF
Fri Jun 02 04:03:02   9RM4lYbT1CFK8sY0RxXtPNuqs
2008/07/26 13:44:18.926684  R4aIIjdNJZal1vZf5SkSELQoP7tDZGd05Ohudzb7bX6M3ARIoe2h4KT9KsL4 XKNQj pRZSPPS5zDgLRWik5xmUQ85rxu.dNCk
1996/11/12 18:58:25  1VyfkYxq9FBnzf.T7lhN9edcKOiGEu8y45sdWLH5BewfgRXdEjjpRx uaoziX7moVlmwdjDbVFVy5.py46
Thu Oct 22 00:45:15     BtD0NcSt vJQFi Y0taDazViNZBk.P57DS
2001/09/09 23:26:26.999029   3Cd0dmqGO z7SyesHb.tEODsct3C
Fri Aug 18 20:55:54 oB2zOdguM rMWufywKzcXqrB0hP4foJ9I6dzdqJyTuSzMnMv91rJ7v
2014/12/09 21:42:04.695422    cPAEYsHzjHp98iK27tMZ2U11Cz6Q4.KyA2ol5ehbGhf1ttZwO3XSW1e90jpz7gjbAdEIqtMG2ZmAR7
2003/06/27 09:44:46.73744    5C0FFmwVqMwo7LEVOlIr6HGdeC8A3pKtJKfisCuhWbv6wsV cAA6YLb1yMF2T
2008/06/12 18:57:11.433594 yBCfdWzQyCXo24fjLf2nC4jMBq8Wfhr.sh4SNv2c6DSBHWv4RwqNRr00eMhsBEXyuaBVveH0doY6.opkfpViLbc5KlV2dUSGFM
2013/11/14 00:11:14.415729 NMlgUIAHuK4hwajdQMbCPWsec723J1M2qx nVGsIAP
Sat Mar 05 16:57:11    8W7J7GhMrdArf7m23Ux.N.
2000/07/12 13:16:51.136705  rgmfZRHf16Z0dTFKrImIZSyCzbvMnduIAF87CunEfWRbFDI4.v7hjV9s3jk9Rc86b5UbFP
2020/03/09 08:31:51     .s89LvW7VxWkRiM3FkmrdAtyPR7gTqnCpAdK5mPzZYzSGMfJLwZHYSi Wgvf1QqGtD
2021/04/19 09:40:46.333270  A.1avOgFEKtdBmonOj71Y7ryeH 3F.JWgP0YWWn1qshNM8o1Cxs8o1br
2016/11/16 17:51:59     R4KwlSVWoZtH8zWmQofVP 6N XaWbJ0MCleCaHnw
2006/09/28 01:27:39     vzSuQXiAyafT5zDqZEoQW3mQr6CW4TQjnyZi8h4tm8MOyqrUPktdKrGLMlPzcdQuDPfVcS71vO1XNFYtCc0LkQp
2007/04/07 18:34:06     2B0GHzC9 SsbLwqYLv47eJnh
Fri Sep 14 07:24:11 4dMTtIv0ndugLM5c A alq BxKmXxELXYeB
2019/06/16 00:08:06.887087   wdmypqPLS TMwrRrHbHc
2012/12/04 17:04:41.348063  nsnTvfz.VKxjSuMtLpp9.nybXg.
2001/03/05 10:00:15    51Hr15m84YYZJhOjB.ZLywmow ReVDG8uPIY48arfpgFfJN821HpUSkyhLHgZoM4c.eH
2003/02/06 10:31:51   p0izvq61T4uvImIppjBs10qMFfuLiQe6aQyD8.B63X3PhzEYIvUIC9.eL44LPIpDReCuWHum.UHI
2004/09/21 11:11:04.626355     EgLW 4ePgF
2009/03/19 14:19:51     qbxVDvzjtlAIJZF11Fe8RVVS.QqaOzDHgjmbd
2004/12/21 01:46:42.397617     iqvUXXrekOjA80qoQRJVq5hSu2gCd
2009/10/01 21:14:33.29124   hnyjDho0bCB cwi9nzRuYh9uoR6HOKTVU9s5iFIlHz9WUFm9RwHdnL4OzLnDi52tHAGf9BXaoUuWSBdp7vNc.V18jDBW9.EhAH
Mon Aug 26 17:00:13    dB6Qck9738ZvLB6 5iC JrB
1991/07/14 04:59:28.875500 bBIfVPNVx4UV K4oi8qXn18OCAOHWFJdIslh2EJzTuWOxzUfE7HKIkG
Thu Jun 16 08:12:23 pSb2jLNXeNI67gdQeyfBjk6foXuMejPk7vC2FHmuBxsAzYj ZRIdQpgRw
1994/11/02 06:16:42.942045  QkWAEDDlSqdcx7y4gY4kNIBoUez123ulJiR8czQsccATYhRrLY6kdi7rrUH4e1tzd
2000/07/25 09:49:26.78624     Yxq2ZjyUnNjm.gTidMA9MiQOTdDNhsuhOuSxw6qncM1eK23e8HBMgasewaCteot bSglVC4BDRgZssid9J.
2004/12/05 22:44:05.48561      uzN7eikcTf1NRWf6GRwOOhsJcTEy2jGeECh0XM.MRUwhQxFGd.6Iy3Y oDgc.abvop4FgIkbSMt0FnJiqg79iv8WwwrMYfLN
1994/02/08 19:37:23   sZ.p9.j5T6.IlASf6IOPmp7CnNbSc8ex5hQsgBebdCjyJj5oYyMKgT0wn1dXQe56CwTOIObh3u1PCu7R9Z0  oio .ZFkK6ATD
Thu Feb 05 20:58:04 stT8sBO5A7
Sun Sep 04 02:33:09 6YRx7Xa7KK0AJErS6QjiWseEqMPYwKYNagVGTBFa6sqQdgfkvzyxQR9ptiTJIp S2EUZW63NKuEoHY9PAUzTbFT
1997/08/18 19:21:11.265190   81ND21QTOtjOvSQzfdc3LyNLxYmHQoKVjYSIpzve6qFJYPDAbhtwg0oHg3Z70xKA7.so0Uwk1nwGM3Z
2010/04/18 12:08:36     rUIOqYc6vrUZbUwWQ4Dq.66UCYKCr.lnRDIH2aLRkimF7DyqQe
Fri Aug 22 04:40:32     GLPZVd3hDjsmgHPIyjhV9dWMq8kIcfK9JFGNzy1bDYyWaUiQdYpLqiqDWoRGNfNttk4oxQhC9D31pje1gOT94HaxFLWkFsVKY
Thu Jul 05 09:32:35     fgBnHeHouiLNtiRrmTk3tklpDjwKVoeRCUERqft
2017/12/21 15:31:04.131238  LS9PAw.wKp7or3QmML4zxKmrBVgDHSSC PJqzjEv.BZ8
2015/02/10 14:10:53    uYP7AYlsYtWzbU3C9nGjqXP8cHP7trHUmmtSTWN
2000/07/15 04:28:00 UfnanR4RblfO2Tv.qv.AG zuQEzKy4li.
Mon Mar 28 21:40:06   NrLvkJKk0AdvEF6K9ocGsB5LwCfUcFkfvG5kS20w55Vo8SZNVlu5Ejhp qBtLmL7aUNRfj1yc4.iGUkLhc8mPwpGFdV
2002/06/27 22:22:39     fXbN0f9AfSsfccLoKDM30XGvbck4kzNJyiV1MWknpwvg7RUkluYC
Mon Aug 12 21:47:54  v7yEORjOk7di7vAlRtIRQBYUQ8ojNms1bMBB0Pqp Rk3yZXhYXgWJmlpGTv
Fri Dec 11 21:39:56   s3XeeaI.I52cRCB6Py
2008/10/14 10:56:01.770450   7zwan2ZOcsfBDazkHStivltcWGelswolyJ84YuqgN
1997/03/19 16:28:27 CILXlbFjsUI1xNZjzjDAdMkYDtCCiD.tMgBYnrNC2SyvUsnXQarZrMDtE 76eoWXP2H JX0DQFFi.JWOEGrlI
2005/11/08 13:47:49.653116   khohm3Fm3JjhYRfdWf6yfb2RYfQihqbmrW1gABFTIWfm
Thu Jul 02 14:34:47 p8C18pzbV1 e1GpsGkEZi4J BMknEkcnXVNNw2TPB6xy..X8baY5T
1997/10/14 15:50:33.611963  KCQc29p84v
Wed Feb 05 18:39:18     EvmH0usY7ITAXSMUngYgzHb5lXXvSd25W5yJNgtIeAyRcpHl0k
Thu Mar 24 16:23:06 kOMXxloBKEIb6 oLCXvtd7Yx.3eOCulMqKFF1VGZGmLwNt7TZMDcSirjMj1fuHSiHiCE.g2
2011/12/15 10:57:02   hloNyddyc1l8vCTVrOd1NdiAk.pyrpUeJIkieLkP7ZA87KqARV Mn
1998/04/25 09:41:02 oMmamtke2Zfx6m.OsiwdUJ0ocTLzAtGdOhsrIJHUgyWXXKFiaOfs74Zp0z3qJbOlrZQV9xFn8dKTLpi0M uQjNPGMO7c.siTuj1o
Fri Jul 14 03:39:03   K7HiEYLH6.d52t7XDWg3w8DhxA8TRnhyWbi8de26RnL0t23pnxVTKl3068LyUxhQDPTrrZokTcDopBr0Fg4IjMOdBBzMqjjPaIf
Fri Mar 05 00:05:18 grqHnqoYiTvDaS9k5bdDbTyZAWQSqB4G4oHVrKIh RWykVCJ0VfB9uBZPTr4sfW uAZ754QOPlqPBK5V
Wed Jul 28 10:32:46 nKlg6NjOQEJqmGGnLibJZM87pyeTJixTeisnnMN19jDhRf1EwmEUMs3WBz6r.Sak1xD1XgCr3uuf9l62AAhcoLz3HD.s
Mon Jul 24 08:28:24     EhbsH.tSjoL76g 2D28fWjlgFyIlZ
1996/09/16 14:35:28.495363   ftwW18fbgYhRIwDNqpUQsuSKgVwRxYI9Twh8XZEnwOxZBpvH
2004/06/11 23:52:01  nF98zgUWkTH6vOm2xrB
1994/07/06 15:19:57  eT2VIm7H6GJ8ugfhz1Lr7eJoloQ3qVdmQTVvzD6e9PvPX7BK5bgFKSdSoLc4EcVswbDeuT7Dg nhho.Kpjm
1991/10/25 03:26:18.271355 u2DEo4TbPz8RxSi91Qew5ZiZOgqA7HSGv8o0uRZJC1qNEZ28PLbvN2zCCySAvE5KTRTno3HC4dfBz6StZLLI0CZn6gv
2013/05/23 18:42:49.925215  q2wVHYzc7m.qNCRb7ktY8KogXs tWw4t85U3oVnQyAZZrNfjnhvhXlSf5OjcslnUGpE
Tue Jul 14 22:07:16     VcIg8gqkv8qE.BaErviStEEK2FSmZ DsUfg 6PptqZRPWzji5K 8wDqUgHiidhSSrKG1ahQvMSbWAh9Iu9X22Ztp9k7Vb5Nr
1992/03/11 23:30:34     NGtr17zEK5cxahFS7PguL10UbGsSxb8UfzIcI.oKWeZ5tyhux
Sat Jan 06 14:25:47   0AJp4oS WOtfXQIOfzEQovN06XLI32zkKoilxpdVYNXzcxzSW.xjVnXTFbC47j6HQaqXoc0tdJoPWj8m Vf 1dWU.b03LGSRky
Sun Dec 28 21:34:42  pSbu8z1FdtGe9r5NqBE8kb2MDd8a5xx8VD07SN0T K
Mon Jul 23 15:37:47    lZfHxkWUm6QoP sf0HxETOUOvC4Wu0sJxW8YV62TzjhybP8uRrjARACvMRO Vh0oQTTcq0d34jc0S4 NkFxvNk4oOI.OTn.mSt
Wed May 06 22:05:06 o3PY0ghwm0xnYw0J2liy O NdNEkJS XF7WYH
1992/06/20 21:21:11 Vuzyvz9hLvkCIFEalcSUka0CQtcDn.L3goH.M7iUFQiqmPzifJivk048HYVoR.jwHG5UQiIVsvBHFw26Qx0
Mon Dec 12 16:19:33 9HU4u56f7HWOeCaCnDObZE3Z5ZkoeYhbZwYDflSqEHdXaMzNZQUgLPf1O
1999/12/20 21:04:27.135067 tZrpRB5jQACqGi4olpXDGbOM5fLLg2kOmXQ A856V91T4qcZBnxOt
Tue Aug 16 23:39:20     8Ki8yfEvV..fqymjtycZRxju2H9TfWST
2002/06/27 14:33:15.844866    Z4JgGdWhoCYajvP3.G
Wed May 08 22:57:45 7KaVtheyDhKOpH9Vo9jvWZcJAupUgCDnvweCuDh
1997/10/10 22:57:00.910437    nrdUhOaZ0uR3BLqNRrLAbOGIxjzqIEHv5G59AcFb3NFJ
Wed Apr 01 21:06:10  zRAxs4fazC0zbrDUgI1buu e1PuRoVQtxl9cQQf.ZxNj9idWPv3TJGvmT1ac2XYbGl0l.gMH5tbo onrjsB..Lp6sTL.Jt
2002/01/16 15:36:09    UIZlFIS3GPhnInZ6ffJlxc FaiioO9apc
Wed Apr 19 07:23:04  PvWozMwcZ VEvxvPxCyoyibvkAbklq7nja4eV4izFQoaEhvMntlG2VA48MRKw.cmk64XJor0owjcdmxfNwpNIsaR6QlWDOcm.F
Wed May 25 00:21:25 U3.n34QrO5.Tu.7 6GlUiebINfQ79cBOBmpt75Iy1NvyL2BE6V7Dg4pHBGiGfJi.GPQQUFvK7ApBHAQpStK
1994/11/21 22:13:50.50024   3PAKKaQtkEeFROXCMO2aGnSUoVWNxdJ40la2ygR3C33d7oVk9mHS7dGprIepBqxcOXvl.GzY
2004/03/18 03:46:49.434747     9ROPOSPv4QyqEj4EFMErkjdOlaqZWX6zFP41JRV2Yv9mqSZtltXAXgauCJNpl dtycdMbT0msip3SKcEE.qUUmxjDn.zAx2
Thu Dec 10 17:47:49 z7xfNZtVoBTriH4feMMP5SlJZGyZLaOumlMwbSvoHHv727JwlXycOgYxhqYLuJLZU1
Fri Sep 04 05:29:29     sI5uI4Q6LJxN.4eyzcWd2Pt8KJCuZbx5u6k7glU oaiyE94y3dv1fHdF9IheC
Sat Nov 26 11:47:44     MVwXkYcxDjI7pubEjj0ppZcT
Thu Oct 03 23:26:40    81vvv3AUT6Fw EtM1JnfZ6CahAU7SuSgSjEVfPT6VXpdTLfDLsd8pbjVoyKDSG2Q.P1EJ
Thu May 01 13:04:22  UtCPAhLSaZiM
1991/05/15 18:39:55 sqiOsqk zk.2
2006/11/04 00:27:52     sN8eSBUfN8dsqVUwnn1bcD9heppVd5Jpd
2022/01/22 06:25:02.607721  gNb9xjEFc3NRogKi0gCmHfwSojeIregN0vMpKKmh vCaG14UdK7WEQPVpWqwfU37cgws6ZUilFV1Oi6 lS.Gqx8loZHJv.R0
2000/12/08 17:36:52    x3hq8.s76hkWR NGN5gTHoiWzlxEIphTRRh uwc6zB.W8XCbXMwR3SWi0lHf
1994/09/07 04:51:24.19746     UTZHL1ARQyPk72S1A0xc7npFH6PNO5nY2freEUs2uv5K2RxzM.6lEEv5RQJ5hX4v
Sun Jan 19 13:46:19 xzXAtrecMqnvEaq8Yx9w m.SwpsR89Ry.gQKKh
Wed Nov 17 21:04:42   QzfhbftiWuwRJtN.nVbHCSpw.yYHbxUCdaypS8jzQQ6AdNH
2018/11/18 12:10:00.91242 bJVs9lqfbQjwBapRCVOKYgqSzC4scQFNhCXTdx2UiA3KxfT5QETs1.2
Tue Jan 22 07:40:32     iKoBzabyb6c7ghVM2yZBQfndWNWbmM3g0Ft35R892jO
2001/12/16 16:43:46     ey FXETgMYl IzoRAB82oadmVrsaMYax5TAE1RU6ZGyDR9uJMWmOAqpaTgVE0ECbAdFcFixzcm
Sat Aug 06 00:06:06  w9QjnCgZ jZBem4sx24uhbXJKtzC5Opwavz2stVsAuBypTHmx76FdjfDNsHnEpGOvNL f3oiMBmOFl67xB
Sat Dec 26 21:57:54  fxihGvVb4yRa8EHFOh4yeRPx14wdPMSDoQi3dykkC
2002/08/10 12:15:23.502923 hxAHvsikP.HDytx4dsE9nfk4xxGSPz1 D1DvzMUWwcBqk5ZY H93iqRSFoV52z9WP
2003/03/24 14:41:07.288834    q5FCGbvFnEUWOkWTcHqvCxVsrmMcq.vYMEmw5U.k4PlnLyOXREZ
2009/08/03 18:33:27.815529    gJNdFbIRyM0lVvnKCdaCICoYMtRwMTb6HgLfCP57UXmOf0rDyA.zlQHTnsdnZNCExo2OHTOCjh1npGLgsBJ36hnIV96nEvvqWI0
2014/07/26 06:01:10   j6KUr1e3gAm83q2z53n6VCCWBjEnPoGRc
Fri Jan 09 04:43:44     8oiwsU2A0tHUVIqp3KN.44r9KMMXTsYwbroOhkPJY1tD56rTL4qiuhkLDkTjdoiMcFZEl
Wed Mar 17 02:16:32    5gjSJTguEBNifsDb3 KKlu2mzTuQQtlYCe2YHHtkhROroT9ScrEK1Kr6tNTypQBiiHsGC79bv4YfFONzhr
Wed Aug 10 05:17:40     ZBQ.calnv aA9i HVk20jZnhaAOeFSe8VCl71fgSOwrQjoZZqEg4SOFGq3WhvV2n
1993/08/07 16:27:57   vPE8utLc MNzKJ20
2021/03/22 06:41:49.442952    KmYmYBSwuYsCYC HTJ7i7B0kOiYCodR.Ie3duGYvaIH42f XYbMt0zUxtcb
1997/12/23 12:55:05.576736     HapxbVWpWCKrBa7
Tue Jun 06 22:32:15  kO9QM4fsfIT9dFsV202sVk4FkimVO R1m5Xd6erbyw.ryA7SJLmqyOMvqKf5bOzWO mftCy2y6fdGKHe5ErBYwqf
2016/04/23 03:19:00   m73Ir0FidnQFf UwRebZ8
Tue Nov 16 13:11:06 fZD5R0UxQzStrvSSBDEDz3ARmtpil2M3VwYNZf7N8flfRvSuTVVtO
Sun Dec 11 19:26:19   f.myn0e7Hu2PEWOfIPWfiRBFMFAunNWD4lOwiw 71eJvcredagBSSC
2018/04/19 19:09:50.149547    G2nB WozinaIlwSGpyEfYK6nmEBP1vo1krSz
Mon Jun 08 19:35:34     F5KVV O2T9sCDhdyoKVKuMj9H69C6bcIpwUHwLAiINBuZruG JECbLoUTIY nLTDp.eS5wvUI
2004/03/19 10:32:23.540993     KlC0Id7sRFszUXFTQ6 VTYgf yToyYA6Jqz q3cUK5XNLqYnXnJuizmQE5jWbVcF6VlzI9ebcea.DUqUKYjH
Sat Aug 24 22:24:55     wVkoZTbqprWL3fzQ9t2tUC6OvSVLXbrQeS5c
Sat Dec 07 04:32:46   w  4fVtf.g1
Fri Sep 17 03:38:02     u9vgR5lumsRmy  JIoHMmGep5bIDp.hBMHx41FHhWt5F.ToKgB
Wed Apr 26 02:45:13 aOntpt9a2aLZxYF9vzFWot5R0HKWB4RCUgn2tu4XpLZeVk2y3R G1XB
Mon Jun 21 23:03:10  2j4HuQzaE CryiIZA Xz01MoeKabeNrPF6DlWKPBgKK9n.MWrF  P4REa0Xs1LGVFLCwqoP6kawzK3Z6oBGdtx3AH
Fri Dec 04 14:56:27   pi0SLMnqwco.
1999/12/03 13:48:59.744680  rY9s5hxx14KiyPsqkG6HNHZUoB8NE9X9lq8qsMKlmX znH6xKj.Ne4rFZBoxD1U4ZY08MzgbC9tTi32FPObscGzJWm
2001/08/07 23:01:51.42991  RiNffSrD9svHnZDwCJMW5HR6VyXuEywYa2dQ
2017/04/22 17:17:00     ixnd7aRYpvMrYBiL m.iLr4yqssB7KW4CLjHQC OsAgSqnmvDca2RYPGezESv33f2Fes3bONf7VAJ4l.Jt9LDZ0GFA
Sun Jul 03 11:33:05  XlLCNSczxl3QMF7CiSQNIoNMy1sAwS86FKLe9yHy8vJqliuAdp429rabABS4fj6dvpASrDlTZQ0BlmCbZmskCUYh
Mon Feb 25 18:39:41 qtpuPnrtojZNSjxb4VNFYy0rCqazkICVwRXOf1F3R9NBt B9lVI2TTJT9Q2vh6O22WMs9l.xyV3OYElZC3eUbtw0j.VXBS
Thu Oct 12 00:26:16  RPO8vTtvchTqgthQYDK7WFu8sAiLaz8
Sat Aug 13 18:12:23  VoKmOTYHT5O2LCcsgVnwnUQ2YNVW pVsnAlWv4lax2nWoL1p5KJWHpON4bYrZXTF0bnXPovGZpkwjUH
Thu Sep 05 20:07:47 OAEFjsgcVr7UXeX.XeXmctE8XLajkYj9cO9yX ztF6cepR BUXcble69YcwFro
1995/11/21 17:27:58.583855    SYf61vFi4MaFMaGYDbjyk45GWELaUV3u976HC6
1994/03/11 22:45:35.154332  AhNebfak 3
2016/10/21 16:59:58.983887    QeTy GZEsXLpbbszHszpl5NTwnUo Dr6rsyrOeGL6yteAVSJ9kwfQE3.wH1d5fGg0mx6Irk
2021/06/14 15:52:09    zxVzqGF4tjJ7zvyP6JuPCRH9Ooh75Qhf.TNeT9hLISAiM3la0c7IxZeULhk1X0Tax8ITFTElGq0cmK2JzLPFaSmzqbz6IUyQa
Tue Feb 13 14:09:38   rCVehzNgkmTFSPO7AGeXh1Z
Tue May 08 02:33:19 s2zEVj3uOdeMQou
Sun Jan 26 15:50:39  kS lU4IUXi4.AnVuAWZK4F89oiM7rgIjwXd ASyuDzNkIOmfZ3EiWFAaN0ncKDw.QZy t0NiGptH0fBs5hd3582hxwhah2 K
Mon Nov 16 09:30:49     Peb2XtoEYJ
Fri May 03 09:26:33  PBM45h2TWxDRb.AfZ6lZTvxKr6zQBBgySqGnJBr dDDSXXdEKTI xLBdGm
Fri Jul 08 18:23:53  b8wMcgu8bfuMy2KgHk443UwZvVnw
1997/09/03 03:02:58.699967   es21MPeTNJR2x2Byasrtjc3RnI8I.Tbl3IXzUsd96T
Sat Aug 16 21:34:15 kyjc Vld3Kh46qliu1qll8e68Tqi0ObxJiGdD5szMPaz8sZ1vBgNPPfGLK0IZXw31fNz5XuB6QXdN2YQc0MlTdryyjhX9tnpC
Wed Jan 05 02:44:31 NTDQ dG3WhePinXOAH9aGH7dOU.Jml3V5DzCTAk952IYrToLgKRr.KZr KoqWDPUwmJNLPl9uoYlZb3nazG1F4
Mon Jul 05 17:07:44     PWakCnYl41QZtsTWTWk8U8Pyen52E8PUWHMGs5g.VVJcAPM NLb9Up3hfC0UcIYYjY3T4g.SnzXbXm1GgKP
Tue Feb 07 18:18:34   kdtyxFcpRYbmgERlxiXBiUVGx9bzQbw8qnNST0jBjhYI34FdI7Lbhj InD1AU14MPmopCBqoLSUCpKVqD5JIP2209OX4
Wed Dec 22 07:05:43     NehESQmcTRtpW4xrlLUEWXk8P.AlHG1.Dr.5XcYIfqvQFwp.jks6fVC9aqLDiZV.H
2016/04/03 06:43:30    QXAhRSI81PzGLe3tbu2NJI5PbujRV
Sun Jul 06 11:51:22  gUsep3N3xVqOQu5ehA6cPQ1The0J744 Vljn3OoCNuqsgqCt4NRmG8xshKLG.fgTnHqpJIegIrdCvm21cGFY0OfkRZiEjoehSIo
Wed Jul 21 03:29:52   DKjcAjJCO8MNJ
2019/10/21 05:03:20.10207     o0Z eBFoBKidouWVzg09as6HKsbqjUtRyGTerd2YF4iPsohiBqqWIsI3MeuKDsoV1TS.o5RpgePynJz9w76i BiBA
2007/03/16 20:52:11 NK4AgW.7GeqA8uNaViaKVOt1qyr6.fQ8 xJUy5M3sdRdBB
2021/09/12 09:31:37 GejKDwIJDZXALVIvobCpvuN7cpGWGFzE8dFYUhmvls54dGBJLnAuWhOCxZd28V3SMQZfeWoSGeU.sF9Fcq
Thu Dec 17 01:45:24  NBZSXCCECmN2C6RFoOLcm8pjbyOJJ Zw2fd6.W9SoMlUOSO1uwcKyi8bvTL4i 
1992/11/13 06:58:03   jzTXeTZxA1u9RFzoUy1x5TuShGTZXJHAzHSz.3PBiTTzNgZj
Thu Apr 12 21:41:15    6jgeQFGrTj0Umj82IgRBR1Vwh1cANG zr4FWiWZ.cFOl.Rvvw7bt1holF4zYc4OXYM63UU2pLs
2022/03/16 13:15:41     WtA4l95.FEXbfZAZhT1s4wreMia6YWclRo1Klrlrgqqj7bNhfY0d
Wed Oct 21 20:58:31     YMvppyUACe1XYjG22vOlQyq1T182IrmeYj7xZsMeFK9QEyhu.GVROYZp0dDd0PJ9HA .6m Hsr0zbT5MQLI
1996/01/08 19:58:16    HiQOy7zFoypHa ngiMe1Hi3mUwGwTagXkE dYrrRZk2AFiaHIt9ZklnHxr4OiplFJrXt
2000/03/04 23:32:57     d2.aLxa9dr.xfexJP4R47fdrb3wKrNaBYz6wRAKofk.IsHr2XdnGw3rWfFFYqGif8j8vhdligXUGLIX
Fri Jan 12 14:25:38     wE7vjGV1YbF5GEjAgq pijSfnynMZJ 0qPTHtEe8jFYYEIKk7qGN8XjjUMsj4
Fri Jan 04 11:17:15   0sK9n7gvY75rSYUSy5ZMo6rW93.xzIkka64TrBvxoe9.PnfS0OLxLFpGBZ
2004/05/15 07:56:24.726012  E8V5xGVQsf443F5P53B RrHT5VEZGChxMXqgQcn59aiv9dNfdnPlmG
Wed Jul 07 15:10:27 rj1FPsR9mcytqv32a.FbQO8Pzpj
Mon Jul 15 04:53:00    BpduTMxDM8wTg.IlJtpFcG.JfwUDE0MIz7V44eJtMJNdGXml6HIbTH
Sun Jun 19 00:16:56   m9vPlHK1Z2jbLGFGsj3OGX94HvZURiuL1O01FSDzCQEVkeeojElpIexjW4f
2002/04/02 12:35:20  1APTzW61AoFirQszIMXah4rcaEpIEeZ0lrAnXE0qe3Qhnw3.7AzF2UplYjjA 1T0U4
2000/10/24 22:22:58.124217  sbmkJ..hdgyMi83yHQAbEByCeiOtAdSxdfVBEA44.m7Dm50PWPLhJtYEWxROvpqnGi2ANcJWDpEFl4jWv
Sun Jun 11 15:26:12   9YC.ZLxrAL8DbnUYOK4
Tue Jun 08 23:36:20  eIxTfXp.gUfwQUZL..C2ffk9zA1A8oUw.hwKEob78hgV7zZ0RTfjpdpu9iZmDaeS6Yd84
Thu May 01 23:10:43   2cIWOi V6iBcNRcQEL9Cff9j4SS
2006/02/22 11:48:56    MY6Scf1ZhbRjiGR96RRSfpz
Fri Dec 23 14:39:15  WaAkJW3ycSAJjpSfXVkvlGBBF36Gcl4b.AlDoeKMX1JHCgXPB5QcCfy4Ff2TKZc1CN66FpQU
Wed Nov 11 13:49:05     JtLulOnMviiPjLKcqn8pq0fi7h0IAmSwvVhe53v0ri4is549pDDo6Ydltj3akaGGwup7XsuUvJiKd yC0DG37S0z
1994/03/14 04:19:50.642349    NLTZojWdke6HmLFkJGn6tFgqQBNV1Fh1NR hEA3Ok.zSFly5BxTtotPYvx9rWI.0iL
1993/10/27 03:33:07     bzw.VjBK.wiv3RcoSKp
1990/04/13 16:31:24.510462     1KN53o4jyE
Tue Apr 13 16:13:07    mIBaL iYdY85uxUP0UYSbx.aQ8.crxMY.9vkXJoPWJ4er9ZzUghJPq rlcymM
1995/05/20 01:16:38   Vd.nlDl15wuOw3mxJqSHJzPfRzsfx7iU97upwN5h24KfdiUWm47ySea..j6
1993/11/26 23:04:31 Uq lg1fOQMyGOwB3YL4szY5.qt
Tue Oct 07 20:06:10  APq0hMMTUUHVRcaa.7 VhVV4B2q4GruBcNOsuP81o yjFCXecGoyAoB53sTdK5..mF gg2xQ31LhoCWh1fxDW6vT
Fri Sep 21 01:21:53   JT5Li94S1kpiDhDce2Kzr5VukrqX74N.HlsoiZUZ5aXKNmyABGE6kXoOj5vmRKAqTgMMy4XJV.T8CjC
Sun Jan 13 15:23:32  yxxw3bH6oasjATbvQEL4D94OQVdRnGlj
2010/08/28 11:31:12   u0InYhb4KuWit.L2Jt 1wsp87yHgLOL6WIiy N5eN7cGhHmyX6Anp9yndYMGAiLDtTusuJVTM4IbFSAo
2021/06/28 11:35:07.800826   0r2bByWY k3lVUmt CCOaTARsUSMS9Geim9BK6e7w95UXoE 8hTX7bmoPE1qVc4RA57E9nG9a3cmr jXYQGZTFLt
2006/02/05 14:55:43.834028   xYuEC4cHBMmg4M3M Vou62
Thu Apr 14 21:20:59    H7vg3UBghralB6GgLqeNb4H6lLopSl7MMyhn8S5PvgMsw1cZng 
1991/11/07 01:59:55 K0MXhd4Bkn7y.5n 1eJlvA4MkvHA5Mv ywbVXBOTrblTIHyiZ7ZztP7MKnsrsuPXQNMY0.kSUHywZode88vRKn6tzJ24CQ4MDeCv
1994/05/09 01:43:11   GcJxmW7cphHoTuXKt.q7z2aM1qwB9bTYJIGJCTIvrnxydJ8uEsiJ5V Gb1OXE.Jy4cyKbt.ZR
Wed Jan 10 13:53:57     p Cbm6I6tUP9zyeM1P
1997/04/20 21:22:49.468328  XSzR0vrjiFnX
2013/04/09 20:47:34    a69ML16mPaF7ILpNo.cCKJ4dADZthIDm6
1991/02/04 01:41:57.551148 ckRnGQa69TjWHCK2fZndz0OAz1du9M6cnfdyE5hI1KDnxBTbE9OefhINVh.L i2K5l7YhIEugKgfDjBGPVwTdR0DCbEZr
2010/08/28 04:08:40     gm2DUyY3SMNBkSUYsvdG4y5PqB7ZsS2JO7vWV vP9dDlpLJ9nlJXiotQW r8cjaheMuL
1990/06/21 01:39:56.249161   yNodJPc1.2.6Jr588n5SIDenGy28s5VZuuXeTic.T5UO2OF04tajoo8lLVPCOQG umkaEF1dr5AbUuBXW2z
Tue Jun 14 01:26:00    JNu8F74p1 rj8cMS1WGRkRLJHPmZruWIDORTX.NMhpnt
Mon Mar 27 21:54:02    IHAJJSRtD2yrBngPT7I3.CK7Wtt5QDtw8sS.ezQiI3Ili0xtEjUm
Mon May 03 08:16:47    KcxEyyLXy1ViH89vC6bpsvL2nBIHSJe 8Wr.PjN5YqQ9ijEC1I3HKXlBakSU4DsSp7FyEar7.LlBmGe4o
Tue Jan 21 13:57:48    Uci.RLqqUpkjbrHqX6SiQ4LosaYxVd
2005/11/28 15:32:38 wmyfWzIDyl4Zv 5 6urLuBHDJu
Thu Jun 14 17:11:31 wpU6uXAM2Guk04uhr.0m21J58aSAjfTciGthhhzoxQqwcK20Di7DvqPL6npCb9MYam128SPQVtb
1997/07/02 19:26:30.980001  l8sviPUKMlv7z75OoEeT9rzwAUOsBMSSm3RbhugJntzpSXuKE9T
Thu Dec 25 05:39:35  A2v6VdhpThHJT9cm9lHgIuwAUgCYApDoKmUjcx9tltOGqOGzZygi9NWDhHl
2015/10/21 02:35:52 1d92EQZCt 4ya7hU4QlSdtiLdfao.TKp8nsKNiO84RmrxeUqEGh
2017/07/04 23:38:07.104396   9m9fCxjiX4b2vNTrAiM1bmjqf1ompvYPpliVVW
Wed Jan 03 08:08:45  nhGp8vxXyGB4fvJj6E lWoXaa5LNmTv1w6BQphE6ft52CFdCsFlTw1tKrhaOncLuaSp
2005/03/07 00:18:13     pWlUB2PDjT F YHc5kJaMrFGt 7USqJDYf.uvY5b9N7nF1BxSkRuupvNjlm
Mon Nov 13 01:27:40  7v1z vEvRBGfFVL.OO9zQ6CN8VdznrrRiMgsYDMAc3Qx9UWOXQUj3TUfP0 9hDNAtcoKhAf7vRwjtwmWd0XPEHiDEpsVJb6g
Wed Aug 28 00:47:53    bbVo6fUmdXCx.M6sfiijt6e
1997/01/10 10:28:13  KeNdc3fKz7w3ein2f92vgaCDfFczJxtucnyu4eI5mLtT0Yu6
Tue Jan 22 05:34:31     cGjdNxK6P2TG
Thu Apr 25 19:33:05     MOAUhtYFll3wCx6hi7Ispjc0vnD
1992/01/12 02:18:36.942766  R98cMZrYCrJgtDqrpkzDWNukqMBY9pfq9
1999/10/06 22:53:52 eEe.hCsjf8uwyLoYlb5gMeUa3bSLyzu5JVI6VmfeHOvX23ENqgrruYO9bjPTyQ8HOw50VqzReKUxwS
Sat Oct 11 21:52:58   5WrmplSrtAndvoz DEjJ94LGcoIAUYtijLdN8fM21C9g y0BMhJTXHIep04ITkCXc
1997/11/15 12:35:39.834523 CY2gkt7a9M3vw44IcuuW67NkEiI3Vw8AFUnwSJ8fSxRMgP6R
Tue May 22 22:47:58     x9wT.KzU7MkVu.HXwruZFz
Tue May 12 05:57:48  u YhKTK PTOp6HAKLTlbNYO2M4 zZ5V6tPMEsnxxl38EHcLwzyrCDrpF.svkYxCEM9K2
1991/07/26 18:49:51.898329    m 2O.z6crRVee5vAXVI7N7Z LV1UUutqZdnu 8g2xhyZx2gNlwLQ.gBDQgBRAdw
Mon Mar 18 13:58:00   hp0T2fdZHmx
1997/06/06 08:36:55    89vVhNmL0kebE55bxW9lTdH7
1996/01/08 03:27:23    A5GvfpKQnzCHe46jFWxOorapICss1PrjA JpeLOWuKdA1xFbAu
2007/01/17 07:30:50 w.j5ISBH7SLZjpxKmgu.y716lXlCt0wN0 eg93ldz2IdR90L9NvlMDvh6We7ThhoEwuuRSjGK
1990/01/24 01:55:04     nusk0S1QjO1h1wTsEgelFmx2RSQYtcPK1IhsMNu.0cCM7fNWdXlgjNT3o7x
2009/01/05 20:01:29.693653    OIx0WyVQL.dj3U75wzaqBPK5fio7Hauz470sDg4HMed7y1I8HMdf7qdiDg8nn9. ynGAHMLepd
Mon Nov 03 14:24:41 OsxNSr2XeEBMlJjDc hhhd7McN7QSEXACC6p450FjSNV6l K5YdChIoiWNlgcEkCv9RNPwFBq7oh
2011/07/08 04:28:07.585032 zuzzkfLD6kLvUUiZ5v4lIYSKCYID8liTvhhsVQmGcIbNvLKMViNF7lIqBEU7oTAnVbKIb3ehoCny0cwRtZ25IuBqsJ42EG1
Fri Apr 23 08:30:43    dm.43g1Q8hRpOBLd9WOYZPfnFhiGa4d96z6pOmVmghiSVkWsRXzNxh5QUNcgOoQnZDAAminh6Qa4nfJwr
2008/09/02 07:16:35 9J2DGznBciujO.UWECbMZ1t9MUo1I5hBikpRvWsA7sUw2mfMFCvZ 1hDYI
1997/06/19 05:23:27     anixROUFnLbcyh0c
2016/06/27 12:22:30.124000    UQeZwcNylNoR.NEOoP5FjAzYBhANcnUkOXeAtI96dYSi4KJ5rnpTSpJcDFFFrPIHOD EYnZ7itUnhsmpNq
2003/07/13 19:33:05.945709  uz4pWRDRanKZY54.Ykco1XuJAyIYuR4nnh9n3e.DxJC3iiiJT5NFmrGW65tYtp CfQ.LRA0j1O3A
2015/05/27 04:55:11.329459    D.XJ0zz6ToeB huqmRyxJ1GyBLtAFvSRRFrdHkk5I51yklXLkhjEE0Geg8k92VSyEFuHFbtnL9voh1SMaqnVy6E9x5ykRG
Sun May 27 00:51:58    U7hZiOUdaqailoOvE m6FIa9zdE7oJ ZpZmFX5MiuWesBDomUvdYJVW1ekncyetHqd2aPaTGBkULyQc09srrb0LPxxbNrxPmsu
Fri May 03 22:57:52 HSx1AUKzQPAdmx2PMS1uXa703b0Au OKa4Etd3baSjEKmNeP4 E4Nrl1Vkvb5a
Fri Mar 25 13:32:26   fTZRXTWXHL4lS6OYUgXqiqrOJAF6H68VQEUGUiZeDsCitF.xkiVkSn82q
2016/11/10 23:34:37.598182  QY2jcP.BAq
1990/07/22 12:10:31     Qzb60a4ke0ALJlW01n 0UAxSaWPwvL2ZKq9J7s4K2kmzkhnPYWgKBeBJBeGiXAhXux.F7IFhO2QNo6.j0
2000/11/15 13:28:59   1r5fj7rkvx1mkEn5 LMnFRZKJajw2jgA9ywF16gvLL2
Mon Apr 17 02:03:55 iWpT 2Ml .Ssc3JFGv9MKAC.QlDPNZ.CvdBMlyrRxRyMmVFVLEXA8CRLPid
2000/04/12 07:55:13   GzaLK9BOEdlm86cnVPD m4f9eYTu3OqD
2017/06/10 16:58:43.89166 lnZMp8vTNaxtPqeDO RyzLOEpFQolBc1
Sat Nov 23 16:14:25 rTBhLsxRP6L.UfjdrecldqzH1dP2c1YQ
Mon Aug 20 00:06:12    LmvU93znpjidBMD94G..a9R6 vHwd9F2vJdZrmPmEH7nPgVEGqnMlGCaq
Thu Nov 19 17:53:28   2zZAeky2QeoZqzmz8.WpQ7MYbDEytzJUsdvLB.uFuymLZGYpRPqVx3GlBn0b358jUkKa9dTcLi650v
Fri May 24 11:09:20   SzCxPsvnKUJILiocLFLdKBtmU39a q4JlXgKeh1kHoxaMqiOc861H
Sun Oct 25 04:20:55     nUD0dhGHucF2xKk9YZiVAZuangRFhNBEikRG0ktgymltMLkAzv.3LD1oHi3VKiO0.tjpwsfxtWRbdTGpwOv9kAY7SmgdG9
Tue Mar 24 04:43:59    b mA5GDVxvoBzLpmoDUqcIc1ol7l6Q.MFP9gOoleA3hkvZcYDKcPWS1JQUoTDIM88Jt8Vrc
1995/10/11 14:00:46.400790   8viLQqwg7oxv7i
2003/05/20 20:56:26.432665    4DjgMwCGgWNNgoKxPccL1nryoKwv2C9l94qNSQ9O
Sat Jun 19 20:47:20  78aqqPDb2rhvDCgcoDiV
Tue Feb 11 20:23:53    xq.J3jpMcJdL.DCfLc5r8JM8XB1bA...I5LbP3pKq7cEJfkdTb6WJrl5wA7GrJVAiPa HaTwCNJAXYvkMeLN5VyFys4I1
2017/07/24 18:34:50     2TNOKe7jvG0xTvk.G1autVa8aF8 PIg7LU4sHWRixdK1
2005/10/01 11:06:25.673653    K9aMM7436QuzXI8XbjkYLkHfFOZ5SPIekUhjKuuBfyh.TNh
1993/05/16 22:29:14  UCXtQ6uHRCykJGobCPHBmAys4A utT9w
2002/02/15 23:12:27.158979     37CA.O5lMXjT0OEHMIPYaydTatPBbPlsaUkNJfovv1AS0SO1jYJPKhBGy4q2mfgLVSr rcxMqTrvU5xXyYDp9DBiewR3SRvXl
2002/06/26 23:01:57.659548 TWxb7nb9qVN86vjwZgiS5LVzee42qrck4lDJX4AmKWa8PG39rOOvMS3Vc2ezF1M kfqtQcRh3INPJCi5ZMVhrVJNfZ
2005/03/10 11:40:16.100955    hZt5LxHj K8cwQDVrrLiNyTYjiZmSTOr7l1Iz6NXY17SyuEtToITbU7PB
2006/03/15 15:34:54    5GsFFLO7klB23ZVP8iNbJwclbfj0lG V voQmDsZmhRKstG KlTN5Fp7aXfS7qzsA
1990/02/01 21:42:38.263672   Mv.9q kbVYW
Thu Jul 05 06:20:39    CNf3uHG4ea.P6QOwaNp0Inq5WExUvsTXaggATj7X4gRqoHp23EDYn6A
1994/08/04 12:02:32.372104    TFJhaHGS86TifU9idL8A.rPZjdfFjwIk2
2019/10/11 06:23:33   LV9X2JHZ.gNr6TgMaKL0fXZQaRl1wTmA3zd
2005/06/14 12:22:23  dOpzZSMhTGkGYFn9NkzA4K2bK7wP. Ok8TQcV3BYUAh26sDyDr
Mon Jun 27 04:35:43    in4.3lkv5KwfLMvNVE1ttU
2013/09/04 03:06:00.224897  Sl3jt0ksWYuaC0 
2010/11/07 08:26:19     dCJP666ayaP6ftJj1ko5qRSfceAz8nePO8m65E7SIFGVZFVPHtUkpZXe0tEGAHfvAV1s5XHBko DImQvPqQm5 skPM
2006/03/10 09:42:58.253272   M7E7BrAylTSRaR 5qbQxO8clCYUAzj0tmvxC
2003/04/20 17:42:01     aHaETjDGOFPMSk.rj3kRT9NeK9ZbH7w8AcYQlRc1GY1E3EAkevV2RigLrXmOsdGz1zsTNYnkDCLRuviXE2 rofX5ZJGp
1998/02/09 06:42:18.610773      uCOHZu9fK
2004/09/02 12:11:16   c6YoexDh5vpyzROrtEAFqOG3QEC8jq9FLyAdMhvzs.T AVn JvzEO42zhIFwI.cqNp
Fri Mar 16 17:29:26     5 xbxW6HqJBkArVQbGSp6I2Eq8RpC1bkhfN0mP4P0xqDVUhx
Tue Apr 03 00:16:39  3E ZqP2CYzbhk
Thu Jan 13 22:45:10 BvmH ..NdmA1deMjODGG2q3sYw8LODNhyk8Ut.1p8vRTL5REBKKG
Sat Jan 04 22:14:44     1G F1a.D0Si.XQ635wLM3XHsR60CvGvh LjVOUASFM0Ml8zOnH1EXob0dpJEJxzPjHOenBn6hN2ev5kvQjaOFVnFvM
Wed Oct 02 18:46:11   lRGrYKwn wzRtsxu4v
2018/10/27 17:37:14   HssfkKtpZve2UdNyg42TChPlQCbPZ0Li2WrXxQ50F4UNfcE
Sat Nov 09 23:30:24     FbtPCDFtp7Cm I  Zg9nVen3Ofsl0RnC6szBok4syHfxOd7wpihRhcRvQLunFRAzfNahCqrK iRU
2003/09/09 19:08:09.523642    55l7O h8sRKsH4ZSP6.cEjFCywz3Yv2TmVR24pDjbMNVtKLGpZU9.q7oLnoDHk.N36LOZLkAJu7VVb8nyJCefRsC
2015/06/27 05:44:04   7QBs5UwsP6zm9i6xI52Saq 
2007/04/26 17:07:42.375886     5hDScj9wB INRsMjNFHsy hjIUz1APXE4qStdXTj5GvfEqcnYgTKtFTfv5Oz
1996/08/26 09:23:39    6P080ASF9u6yNvicm4gNoW3AaGBcvoEmGFd9NKrJpRnWMQK5JolIy6qB3q8cvrc9E9YNiJmkShjlMisrJGpTW
Sat Dec 13 13:41:35    phRLtMiDJ vOPKECwWKiBVBDs NsGH9NNmFHyXtY3biQ6tT c3QOJjsatyGkerJ2q8Jj0yiZIKEjaJbFSbFmyOBQxZab63zXz3
2007/11/08 14:39:37     wtar5NavszedgFdbt.P3p3HbDrTVXllUh9Y3vbBTjhUroKeYSmu9KeJLlXWvRqkQmufH8Ixc0xPyJWp25
2006/09/21 07:17:50     SvDuuHcID9ExY9DTWoDl1H5CkS
Sat Jun 06 21:53:07  oGX2aHtlMyEh4IXgXtn0yrqJINblnFoOaAH0
2020/06/01 08:39:59.766944 txh.eX5JdVGElEnB17ughhymZZFGzSa6kkpQNjf.PJejVJqt7IeDC5xC7vxIsN7Yq2OKCZm2ick
2021/02/25 18:24:07     zwDMmXl3 rAZYeRGOidmZnyDmD29CG4HSfQ8FdgKo
Mon Nov 20 08:23:56     zfvZjx4FA4AJULIfRItZpelOQ3b5HpmrVX5Hcdj6ORTX
2005/09/04 16:41:22    BBbRXCS3Cl7QVtP3ibk80iWfFeBomKCLfEe7IUz7zhQVeTKNAlzIsW2N28RuOYN6fomsV.eRSPkG6M
Tue Dec 25 08:12:14 2e OBNbhRJNjXYXiAzxDO8aKmZZHrCtqSZzMrlPZKVVRobKv9IE 0DsISBM7Ej5RfTN3G
2008/08/15 08:59:23.330138   O0RJ5R1ssgBHAZSE
Fri Sep 04 05:32:33 Hda8teNTv0Mz6 D8gOSxKzNX5.ux CKV.u5IJKp.Ne1yzea.xzJIS9oARGAFBpPH8
Sat Aug 03 07:11:12     nyrYu1IjZ1KJzCxkobExBsRm10IZALZ1YdDaJGR.CTA
2022/03/03 11:09:15  WXI1mtDDhfcOrKsRPVJ8NmyUFEjM mZWFQetv4zurMdMBVe7mSCE7VexqMkVDTNyHiFa
2021/04/24 20:08:48.87051    0iB80Q6LdmuTcv2W2nW7FA09I3
Tue Feb 25 01:36:32   Hg 65vFQjfc1
1990/06/01 20:15:16  k7qxkdbz39bbw.4Em. ihRtCOahAf8Q7LMyjDVf7yAOZGXwBQWpM6OpKcKWNSdhOXsxc0E8DalGhA
2004/09/20 18:48:59   bOC.hlgIpwp1ol4fNs6eDS1KTxH.b5uAAy3B
Sun May 20 08:42:41  yUF9IQsJ6dbYs66PC13sKeAf
2011/03/27 10:40:31     ICCr5KjgdlKmNeQATbI76FiWsg5v2T0 9k81sbeVsGuZSYcVGf521PRT.E15UqimaT0.P0yQJ0ttRWK
Sat Jul 20 10:55:46  wkT3 iTX7x aGd4f
2000/04/21 08:30:32.358080     zpGUibpRtajdksWY4LsaNmIOeRSnv84ev.GfiO6qA9kjARwN55WThKH.YzvaL 232YM51Ip9WA8WcmZV
Mon Sep 26 20:08:26 afslvuSH PMPcTzLR7.MwZKkAsU0mTc43alpCsBJPi2ShA.zy3AlAQpvFDBKpA2qHoiM
2017/04/16 14:30:10.751699  3JzfGTMulTaPypjPsL.g2PGxeuDXhObo
2001/09/25 16:20:34.543969  iDqYkoAxa45bmRqaASqA0FYhLVL1cC6yclZiDlE8hYMIGD.6COR
2014/09/26 09:57:35 7nAUGXPMbClVfXZTHuljDaXuYLa70gqGm 2..hh4h3LsScZgQmuGs9kcXG
Fri Jan 06 12:20:53  UMK sMxA.CPNUY.u7HRLJzlgVWnE QK0YIKWmanLhkjRdtjJ8KBY9unvOacEEBV98YFj SRbPQHYy7bMTpHXgzDeCm2.a
Wed Jul 06 09:19:48     nSn6cKuPw4 Hw EWL6yUyUEQsEjcp ib8RNOe9NRnGDTtzNXVxX4PaqiaKVNJF
2008/07/25 08:02:20.470013  wB9Sejmq3UqJx7B0lVqc3Izxyi1295R6PjKgQqRhOxzK1tbU6cBT2OsSmBG
Wed Oct 01 09:31:20    tNYfuxK5Tgs9K eCxzSuCRyY24gkU7JCBoxYwE29DXafoI17E4tPXu006KSuzTDrd.o3ePQsZidZ9T376tn
2001/10/26 11:55:45 n1ZeHmTTf2YFcddVMhvO6g8U84ZO LLO9HxUSoxs
2016/06/21 02:43:13.742604 UK06f4YA2cD.P0ysg5tSq0RlfzNd234sTfQZ.WFEic5Q
2010/10/21 21:00:47  9rLhhbMM4tu1InbiS3wGw9aGvOCVlFlxjdmOgcYCYqH8hc70h
Sat Aug 22 18:48:22  jrV2nbSzAbNLAPDO4A
2014/02/21 16:25:01.555536     fGgrksGNTp46yBLuw5d2FRpyVF5
2015/10/08 05:43:40.869437   ycDFp8rCBYdRx1
Sat Sep 05 13:51:29    dWHPJhlbx9IrfEf6hMu1oMBmpUZSd1PLWQY Xk3EUBQe144szEAs9juQsdkwrYcckd9ROpJHM69pJOq2i TiMQI3S4
Sat Jan 12 10:09:06     9tb2LjjwsW1g1Ee6ZlDUwj3ceHSiameVpNWmUmGlJFD7pse0s7acQ
Tue Apr 09 19:30:36  TDnsNydGPfmL8WftDwBsqtSKP8p Uw20e7dTUvWKNZAVUkqZR5K1wyJGAxVcfUEwpJAOKg2V1Ai E32oZdLqNs0F3b
Thu Apr 24 22:21:56   Q XAk7lyv.W97D0dDp1IZw5mbe77ladCGyyZCW6QkA9HSaKgDbluvnVVe0s7RcZOC5lRhyDE3n5Vv4P1wpxsd5
2014/06/03 06:21:53  fbA xKoYrV3OxrUJv9QAhF3GY0v5CTYDiSBfd4oCmiK
Thu Mar 11 16:14:27    dAOT.7RTH7kUKmZ3c4mFOi.lY3cwzxdKkQn2g7gR4hfDzKUBbEQB9
Mon Sep 02 14:55:45   osGX4ZhjBOTXjYhV7cgiCSbEc.y9fVQvjZbC.w cK7MV161rZcZBg5IbGFIFLpo4WwlRSeRz6dC3.iHTA5sfGVTfxFx23TN2g
Sun Feb 06 08:13:52     SQUF9sf.45q0Ge5cyieoc3jgAoogBDhuvLq
Thu Oct 04 13:41:52 WHH9w0z25.ZUVP tCvlYovjoOfAuBOvp2 D8Wji8qVpxilI8xQfktEDQlhsJFJcUztvUQ.d
2016/02/09 19:35:41.901065   yf8Pdb y0 kKcmA3hs6uWkejLFMCVcIqJI RoX xYxeHbl77BdGFlLkVIRpYsMxBjoUoqAHCWgjIhmtf9LJsn3IhntOweoyFUHXt
1992/05/05 20:01:32.328382   pE4FB0KV1OKZo.Mbd8 0SjEqLuaRTXcCBD2EVJQ8m3hdmgjjqotLV6eSa t5eOqbLLAr.VOCUhVl9PD61Mp5Jh8uDRtB
Tue Jul 25 01:31:53     Oml.l9anojh3Yf69S5eazh5YxbYhLGOw7w0WpJLD1Al0zYfZvTOpqsv3qBq
2001/09/08 23:40:13.101884   qOwYGo7fQ9MmZE7kqP.f4w3f B4qjUPvZhHLwhGvssVBsBnwad
Mon Jan 21 05:45:01     6 B2HgbCE2fXMbhCw7S0KuWbmFGCe
Sun Feb 26 08:01:39   m2zeEbxl1Cgsuhd4vCtmtdFaMXzEiFfeTI7mWugELs76MemZQqy6BgIxwokm71qAreCXFRbo3hZr5y64 .3cXugv4llV5xEnx
1997/07/25 14:26:23    24CTILKKeDZIyMScbiVXn146gzoStTeioqoOBXMhZ5P
Wed Jan 07 08:11:44  0Nx3TeQESZL
1994/12/20 13:05:16   OpH3j5g I GqW1vqIIPSasMdg1
Thu Jun 13 23:01:46     EwKghBeln4N9zSp6vcGN zxHYZRwe5FepMB6rTohpA.9xOfVL8KA6a2
Fri Apr 27 16:51:59  OWh49hAUKABOrFqyU7p NoM xOwjdFAF zfkCulLxrfAZz3
2005/02/16 00:09:53.226072 Ohw2wmiJk17 .v82VGkom0 oSKIOpEgPQ0xM3pWZ9fzrXQZ02t95wmNZKFAVQJVD1a8ezSlVUqw2V p6lFU43DE5o8
2009/06/09 16:22:32     r13HnS .wzh3I6QUxMtLa0PCSVttApKwskqRHevC43qCOV4ZNfFOmaHLFKel
Thu Nov 18 21:17:55     nGcBROS8CKDJa
Thu Nov 12 01:18:54     aKA947dcWIk2KufZ8JEw .K6PXMp7jtIp8oCZsHwea kWvR9 TH iXwepT
2022/10/07 11:22:11.805275   238YnJFkqLNTeo
Fri Oct 20 02:20:27   6sqo1Cu4BgUz6CngDFhn5ZmDEJ34L2ZFXdW2YLkSyHQ5
2009/10/01 14:46:48  ZjlPs3f56UP1RKOeUd7Pui.goMcop9wO9ZQIAmrokAX9aykvQSjFwesmm
2011/01/15 13:08:11 3.pqi8GZf0ALsZq.3VxB1RIgVoXbq9zcO.TfTvuaBKh.10TGcf Duu78gg7ibXvGJLAlhuLr7glxlBxpMdTvlJJmDxIQ7fe4QSd
Thu Aug 20 13:22:41     WbEyQufRzcIB8Iy2hQ SYGla9AqDkQlH.gVE AN6alR5LUrJSwJJdoOzWpr.eAgWvF
1996/08/06 03:18:01  HMK18bgzu888RK5zlog9WHWEJ7xDOxhls7YQnRFogYqHCgcqP0ALvBg5e4pm.pK0HY8iu7nBsqBAGaZclg0
Wed Apr 27 11:57:18 jBBXITAfvQDj NSgLGdiGYNkckiI30Rd1ZjiD7Wmx91HNpQ4n
2005/11/02 12:24:02.664345 WNaLnt2Cadp FeqQLYKbgcXtXObJl9LalDNmmKIkBsxhrlBEBjLqAU0h30UZNXcK1xdt3cC0GJFoHx6JR4wwHBB1 onJX
2008/10/03 10:42:01    kvx LERd4C1yyLlNrDrej9Di4j Tcr.BQQPja93GurjPr9VZT0LV5FRIX
Tue Sep 21 22:35:35   Yf.szso3 vkeoQR8Wjg P4PnzCu07NcRSNa6XR53MkgceBpTzD0MtRAtA1ko0sZVfSwCnLQwujqlOR
2004/06/09 09:31:21  qC756a cQ2b
2006/12/28 14:34:04   KXU5IF84yKP1OzlH2hBMa3UhLw.eC3Eeo.hrsw2Axx9MEiOa7H148 qWl
1995/05/16 01:26:20   3KcT40uDhQD9eiROj0IX7BiiVporTFMgxKzdn.p3zLpRmTUKm5.SRh P2A4PY
Mon Aug 13 12:25:17     rRu.xU3LCcKJj
Fri May 13 23:40:16  mXuMIn4tdOgldxprD5mJoXhl7GAYt65dRikK6nofaWN93uZMB7.5mFElyzukR6 9DVEqw
Sun Nov 03 12:29:51  8Nw6kVvDJ8T00Nwvl5fwAdcV1Lm0EqiC6OTcIzW.hDDpnE1ObMq3MUWAuf18
Wed Feb 09 06:18:20     1cWMpKG6bcAnqqn7lIAn3nopkBT8fNi7cdOpwZvEF6vl91j.r5ed xanvihzZycXDE4uQWeLGrB Yw
1997/03/21 21:59:09     d 0F21m4mncFKnxEzsuHnbyQt4h5fU1rLvhJm3lm1ariCs0S.hGB4jwXyZ8DcF XHkvhfk9HOux58odnronXko7tDYgq
1997/11/16 09:34:37    MP2rz43VYG.99z6Vw8yko3sGcwCm8LQeAd8QRMFTceE1ueW7wuuP
2012/08/07 00:23:25.299180     QbQLCudXx1 ocg wbtmNcbUFj6Rs
Sat Apr 12 04:03:16  TPlvSlf6tBUYSDsYcWtOdaLdOdu
Wed Aug 13 23:21:00   v3OHQCPw2BTXNaW8UAEWpdL9M7iyZ2c0 zmJ glB0A.bSCAzJtFmdbxnqX7YF
2001/01/02 20:59:08  ceNBQW3fENmx.0JstkvJVYEyG8A3A1cIq4DQi4 Hxyq2wr
1995/08/09 02:45:46    4bXcqGCngY1h1DGlQ9W3yYGloGpbUmGR0oITeth5iwWNcoTpDxQSR
Wed Jan 03 04:17:29    hvr.RRfXkNIT.sSVsNFgvGK7TaLHjtzTWqPEG8UNTfPDcc9Lu4N9.yA7mgHjnU5RHHD
1994/11/06 18:24:04.161225   x7jRqVPqVHxTSvgrQelJhsyuc8fOf9TsiOmaUTHd8KDg6 LB
Sat Jun 24 20:02:57   odDsKd.ZNQk8 Edye6AKUSnZSJ TFHvEbMrvO7znK0YNqhhNw
Mon Feb 24 20:07:40  joAuSGtrlZiaFeOU aWcPWl5QS6
Sun Nov 18 09:53:23   JSsd1b30BM6.0wPDT8kLIu91V83r80BMG1fWxGkBUuirisFN37JekcJmt0hA3
Sat Jul 11 18:34:58   Y8D8 .ikozachxfo.
2015/02/28 07:05:37    y66HFg1QWPhoGg2bwDFkTUrscPS8i78u9NM4tifQg74k F84f
Fri Dec 10 14:28:29 YDhjngky7m3xo7M7QHJB9Kq3Me41V9RdnA07Rkvhdmp97cT.UPe4NnoqJare1fZxIzvdXaEp9LO
Mon Oct 14 10:30:06    t97axji.HpgftOLVEWvu1aCHa8LAT5E1qQUhsfzMcm3UeCHHRpJRC5H32fxpyJIeRGryd3oOASdzHCEYUorqS
1994/06/16 05:38:58.441752 DqB3yU9KnLg DInwmiPt4vISHN8ggpbObd7GXXX.9NEJ6uHpHD6DAS
Mon May 24 21:20:40  niWrM3GcY.XtOe99aTlPLryDCpZiJTrQ5SYgLIDaKHyCebunx0chhqTuP5Y ZaJHXdvX582ATskyrWpMwj
2017/07/12 12:44:29  sl NsgbCRZ3yWtPvc6ULSp.G2Qm JJAa1wovM9TN9N 09xPfLikOK29ADSmuadRsjx82LSRQJeHV1FA9kW
Sat Sep 20 19:17:10     BcdtdJVISzqBeRbcO
Fri Aug 23 16:25:51   ZmiEdjJIcmhHlVnkBZOLZBYMGPZcMqRaDhQyUjXx9Bi.RhkQl36DaqHSC93LA2Zrt 34JF0J17PLJnOPgc
Sun Mar 27 12:10:32     JGBtbmT6PPpmuLmA. z7Ap3NVbANU7iTBomS9lnz.XreB3JZTctrnpPNu1mqG5fcqsMYhSL18vV
2000/12/02 23:26:57.926355    VehKNO1rRQprIxCz5TU0DRHaV2pBjla9mkelRWqgQYGMxGKDoSg 3
Sat Mar 25 09:55:53 MvSnmi.wqppjEO.hIGE3Yv0
Tue Oct 25 02:55:28   7eTmzWcFascfxklGgNmkyuYBlaKCT10mLivU6k
Mon Jan 11 21:27:09     NSW 1B3NMiYpuDYZc8EIiJS0.
1991/07/28 02:42:58.326181 OUf61H7XhGd16jUG8Hjy
2018/11/23 18:24:46.819843  0PcQW.njsd.DPYgt24vy1qoiWZHhlyNbJ2LX4V1rbjIBBtNXrf2pxzBe4NcKMqkbiN0OS0
Sun Jan 21 00:31:37 Y5MWTqKXWhyUe2ACfpC4Zy45e Mj4Flzcr5CrBrAXGpK2GNJuCrtcihuXsg8J7GI1BPlGsu8FodkO4y6PL
Sun May 14 16:35:46 A5VuuQ2gRu9ERisGWUWl4Egywn6JOG0.hwmEccvLhjyMKdj9f
Sat May 13 11:02:55 kOd1k07jeBNgcOwlRNXcLGA1V4KY.lKK
2010/04/07 13:17:05.199005   UhG2h0zr3FhEUmtCrqL515n50kPLtlMKsSVyOp5Yqq
Fri Dec 16 07:38:07 y.IznQQ8x.4ZYDKvBbFzk zj HIoks .ugFBZJ KrikCe1ogGjR9eKbXdK0Au.nHKjTZY.lytruPBLDy7m.rOjwT
1992/05/26 09:39:45    vHuXx TjCaPYE6Nw3qHz18zlxgT
2016/12/03 00:08:57.895105     E495Pwi9iMSRPADsDkGbw0j.5Eh0BEhCXlkOgHz3aswyX7PK1FpL9BbynGPSSD7DS9FzZU3 dYdB uiyqfVdUwOQ6lZ05Pf8h
Thu Feb 02 15:49:16  c5s7FfCbnDwh0Gtvf4
2004/01/04 23:25:56.876474     dLVDZjiIadrO5lKP8cn610ULOvznPDqqmCDutG16.3D7HjCq VmyeLirnav4ZAInQ9RsDTdFWSxby8
2003/06/05 20:13:26 5colnqMhmo fYhBRl9UkOABAUUynNDzQLrpSRC3OWm3H3ZMNDnBC8sBcyHy5C
2003/10/02 09:25:49.475699     VAhQUxlp2bJVupSPkqK9E7CvLXs VzXiNS1rOeX 0AxM11YYaMzqaOk.UXiKK6jpNqQPgRt
1993/11/10 03:27:00  X2BaQOgZKG58QlGDRqLN7g7rCyc
2003/11/16 20:19:11  rSamlwBkE65cC9YCB5iMfj3VySMe.uGvQy6w6GPRj64zXxr30e8GhM7eOZdakRwTGEPTiTHzFND0MTf4jDhA6UgU25eS2jaieQ
Fri Jul 28 03:48:10    XC6OdgSTp8qAgbkNDo
Fri Jun 08 06:40:19   1Tuhi44i2SKQkFETzoIbslyBY3s.5MIHllzph PfzDi9ratu14eCAkoaN99Q5y4Yc9tvFAciXCB9oc6hfPBXoo.TGcBpmI
1993/06/13 00:38:28.93198   ctSiVr PBIyAJnpHl3K1ahDsokoHI0mEELMpj1xiV2x7ZvUb2cmtzMOr4VlLIo3qksh6620z21id
1992/07/27 07:30:55.933824   JvrC.EBDEMYVCe73UFZVT62 j.nSfkHeAZ0DrMvYx8h1tCg8Jx1p4RHmpHn0xngDviAZDCLk9ZTR4Zt6aGGO
1997/01/03 14:12:34  xkJrywsFuh02LhMk9DkJlT2ZPEUxb 7IUb6rLWXYBtWmsyEFgLpVXiuRk8Vn6YBDNxGIoKw
1993/02/27 21:02:14.694397     lxyjE50wxiO5fPZ08tUm00b4lam70ubWF2nPZQGKT AJmJDl.WdnIbleWMc21UQBqObAE.Ml2Ffax3jNejR2h7M
2012/03/14 15:57:49 Xi8oQuSusVU5sGmC.XBr5zMLYxhKpKvXHmDTUn 
Thu Mar 15 06:30:37     i aTXSkHEPxbkVFcSqSVd.Iy 94fasaMbYvQU07iPRBqSrF0WbEmL6z dgmQ8Bj
2018/10/03 18:29:54  rZn1yLUiH7NR9CUJ20EcJRbj3qwgAHWgBtYHZVrQvaNC.jk4qk9J1BwApB.4VJ
2008/07/17 20:05:35 o.8 SZlR7U9upw
2000/02/21 13:50:38.392164    8h672TiJIREdYW5 .K0G64oQKMfw7pzbyuqYVJkj
2016/04/06 15:11:27     SNAOw4qyM51kt7cw6wR3iNzHCARTDe7XvXx ExGnQbtoNBZwnRFcVzOgdgN inwhYTXI1TY3DPazwGZA
2003/05/18 04:16:45 2exVHsBHsTUa2KFnxet6vKXk7SRPJIcJOf4CCr9zBAVvHJkCEvgVV 5EsZHFVVK79D
2005/12/13 00:22:12.52444     m5G2qw4lTQTIQdVmHzwclwgZyB3x4c4hr1ItSqNOX8LdDgMSojuKQoGF1ORP8XoI8u6Js1AtBMmamVh2fatZvyvht MOB9
1997/04/26 10:33:36.459114   YvgpZlOXYb2Tyqy4Uq.utr5qb78UoKPyGWunAB8dsdFUYTW7CDg
2011/03/16 08:43:16 MKVGWMUO eP5OwupBROrfZZh3GEMqdMa
Tue Mar 01 16:56:33     eZyr3mx1liBmSHEg0q.l gPamaj8prZFqdymJKRJW7OZb.b1rTiFwkIuzut94mLFb5.kUizu
2007/09/18 04:11:28  Lln2VO3Rr1XZJ.anXo.Z9eT9oC3ZiXKhiTEuBkIFsAfX0KDpCB5wgF
Wed May 04 01:36:41  OtbuJB9Pw1gkp2W7yJTq nnOXYI2MSplDibuAJbU9oY1agze2PIcvR6rWQxHiGN652kx8VZXL6Z7.uB
1991/07/19 03:31:50  4CscRzSXFiWJYf3lc
2004/02/05 21:42:23.204616     G5Wmitt4NDmWBNNmbdmrWYzQJ2mKZ KMX81zuXKPwV m
Sat Jun 01 13:29:28  MpAtJ5GSmOTlNK.I8DggBa6GqDC1wbEC30E2T47LpR5D06TOOVPp4j9Wv9gMCD
Wed Jan 18 10:48:42     3K2sVRIyFPSG3ijPDObAjl7D9GCPz3sDnOCACl2DmbFO4jd wDbLrsKlOfYU .h2v1zgDGr4FQ7n817tRZaPXO
2012/09/01 12:21:56  S4mlC TrE wBhR0rW4YTJCs1o0LTAks5NZZirhXQZm OPn Hdj.XTFhFuqfS9bQBFmiaFEFMd
2011/03/25 01:56:38.318609     tnTBQ.97SMcj1vvv.38fWpNMN7OefIP7ZT5Gp1ZHiClwD9peZbt43nn
Tue Dec 25 16:07:07   bkHuylUNcLUmWjthH1GlhuhL4G4PIwGZVxHkNF9SypkjKNWjklHVk6DPM0Pt8jFRyEucWLkQODe4D oVSO2SWqUWkG6yoC
Tue Aug 14 08:02:11     KaHx9aJANTxoTdGypqEVXDmQl5sH wENDcrh.T24Qbh3ooI
2014/12/04 19:45:39 dUVjy0paMiFU214xKMoON
2015/05/17 06:26:20    R8ZViEDYdQJsxvR.chX5lURHamKfWhusJtuRqrqigFJanNneLTgPGu5EpwNbR8IITs
2017/12/20 23:39:05.75923   9LQNUptSQVVJn3lgi9XxkQLOTphqvRFmt Z4w0o.K8
1993/03/10 02:45:01.857312     1p9sfuRZ6w5KnynfeU0Ox0hkG1Kp7DZ re ZeoM4HxypNzmQEv6eC8CK61SlxifPAvWIkKNPxLAFtgQbhXKz
Tue Nov 27 21:39:29 qv1ImIpOH7nh0xq9L V1skdczHYcfhv8Xt6PfOWiaBWVWGjt.8exjJ3qHp9YbmG.PZQYPzKVDBSCbq8DWnkNB0MU7IBUa
1993/03/22 05:13:51.127721     kuJhhHIfkAJAjXp1vIL8D0no1Q84GpJ.TNhNqEZJpHRARIQ2JjRkN
Mon Jan 18 16:05:22    9yT9fHKl3zQ7iPp3e EVlrw0SG0F3JlSPKdWh5n
2006/07/24 21:09:38  JFponYMjjFIHrqE.DE0rtMbkBh7CX6H.uZoFqS7JpCjtg8W0ZNIyziLP LodeUwG8rdGLuB5QMMQp9E.lpb.s
1993/01/21 07:54:00.334140     6q1uUt307HNxoFky ycZpM IlWwhaaMjhmDAbH1jYo6TL6PpxDJrIEOkhd5leUSmxHZ8efIl8A8qQ3amhuLv6gYXUf5goWtyF
Sat May 02 01:27:03    N70wQFOPcC1PrDwTq10Qxq.R9PUyNuv9cES1g9FdlObORFX1im61gXruznNcaFQpI.hBKrvCGSSm4VapGzq1 bDAV
2018/11/06 15:40:49   yIpVY4t3BYxuGD5xGIChy3n2iErZ6KUJ9ps5JsISwHx3jV62m.AG7gxoHUK4C72pe2n0JP
