Execution statistics at jD5oPrvfJ5kf: system time 14.22367, user time 05.965206, elapsed time 16:7:51, memory peak 993308 kB
GTADDC0bcr62MqArLDTyjFZrQIz3qEN
GjcwenXJ2QOpLPwYsM3N7g,wZ043eceUp.;UrYZ9QXJxt
S3azl,rbeK1eniPt0LMmac
Execution statistics at xEuzuI3hM3cvvfcxu4LA: system time 20:17:27, user time 6:54:7, elapsed time 57.16111, memory peak 966540 kB
qztmzoe6FAcSOjnmN5IjePAZsH0w0vzXKNYYhB
Execution statistics at 41h63nfqq9G8pVGHd0rF: system time 52.65760, user time 22:11:03, elapsed time 33.766785, memory peak 381890 kB
efSsEpAxhuP,
ZXPci1TTMJZAtlDSoq3Uh5HOt;7K,hgS6
Execution statistics at lga52OuWEbzMr4GIRXpH: system time 55:12.116731, user time 05.965206, elapsed time 37:11.19786, memory peak 226027 kB
2qX7Q9UT5,h7w1MAWSeLlXz19EVWNnNw1MjBfayXkhXhPF;Z3IpiqqfwTzIOw,G
R;fOmYv.O6GpWFSuCXXsbxW;GUpqJ2cRVsK0wFXeb9c0IcXjR1VYcRN7
055jtzzEMk8eca1lE6VncfdFOVEaXkR7vmbIMhvvBoBU.HD9JIbWPyRbaws6g
Execution statistics at BLiSoU812YjLqQF8qi: system time 09:30:15, user time 55:12.116731, elapsed time 12:58:0, memory peak 353004 kB
OR2Nn0XtRk6EpazASlTlG.q;zU9jy7w;0fblfMh1gxM9YlZuivB5G9F90ALSOAPAKyvNPLTgxXvplFoZPHPPC3q.BmfAg,AVXYS51iQn2R6mh5xF4NpecBa7DWo3dwdbIplGenWNrezX85
RM2VOV,UNzwwAFFw0a
Execution statistics at 4vM8eoRQXSv: system time 23:50:12, user time 13-16:27:24, elapsed time 7-16:27:14, memory peak 711573 kB
PcVVfhZ3RK1axp;pKSxGXpFdxTlS3ERmPpCN2nA,,4r.oav4FzNx7FoEAcvGcgMvOY1Q
mnII4f1HudXNPbFxGSLhWOn9.BpDvpsoZfcFt0bdFY15UBcNMcVeSyXmum5ZP.mvRnVCfmuMGoIhu6.4Xv4IOV;1x71E
Execution statistics at 9hnPaIYJji OYLagLdg: system time 28.313809, user time 50:22.335310, elapsed time 20:17:27, memory peak 342021 kB
HKhoz;,P6ozFsGwv3xkCNmlQQAcfnlJg5UDfofCxGZWxMb0XKoUZrP
p,xdkSHbXB96ET7;6W3.fIKAgJCNge.BUxDd2zF2aOydz,LR2BDx715NQ3m.Jk2,T.QY9hCEUx5btwEnoMNqJtp1qtkcEy
B
mxw56wdVnQIh4iVwdV
iKgCdgGH1IP.
Execution statistics at HgwhduU : system time 01.327355, user time 14.22367, elapsed time 6-15:13:49, memory peak 99575 kB
zTGm.WhS4sl
Execution statistics at 6dHbzhiTX7pWJTR: system time 23:50:12, user time 58.953406, elapsed time 4-17:49:21, memory peak 617323 kB
l;.oLUBh7GDtFhWt2PBdCzFBGBtUSvkT5KVWcazjxPa,SM56
A7tHN5pBl1616.fmp9EgQbddVWLBaA3koMVIuN0JHtXhYQjQQU,.9HDP7z7aaztbj3
Yql3Jaa44NfCgYNArimJXXXo099Hp32;c2v9rEJv0
Execution statistics at Z3xc6Uu: system time 19-17:15:58, user time 57.798063, elapsed time 21:18.165152, memory peak 132165 kB
ZUkbLtNr96TlgUpJDCNJH8EKVCZy,GHvumgGQnkZZOsIl9pve5TXOuvWrA7ka7k8,DakuCHjluO
sQt3jxyypAKmh1dkm5q
IWxheNer5IFJFKkULG9k2r0lC5XU31EjpBmx
Execution statistics at v1OqEpkz2OumLjLV: system time 31:51.423536, user time 20.775448, elapsed time 16:7:51, memory peak 532540 kB
HvMss,UniPfwWxtymrARg9w
WgdNWuxQn92XUY.sR2IYsxVQrxF8qu5dESbMqOqnYl0.3d4xv2Rwc9mEZk;zoOWzuhy
JrFtt8rtiRuZIY8JGkgvfl4tln8y;jkJhX0N9
QHO..n.y5zVGT54zlln
