Execution statistics at 9hnPaIYJji OYLagLdg: system time 25:34.961310, user time 14:57:16, elapsed time 16:7:49, memory peak 65339 kB
fFZtBos9ACrordmCqQlM6HQH5S92h3lV,QPlF;3wzw9aR22ViB4HJR
FAahfgfDmWL9vgUOW2OJk,DSbyUB3UQ49v6OfTZd9CP1NoYhT2cB9MSpc32UT3HZ4Ml.LS
.jelLIzUaGAJjqldq2F;8;ZboS6G
UsSwkaL5FDKL
fomXwiXbPlyVlnbRBLysq,Cx6
zXe;y
Execution statistics at HgwhduU : system time 21:26:34, user time 10:05:52, elapsed time 8-18:35:00, memory peak 858040 kB
CWgqKbX1dfge
7
Execution statistics at TZygoDQ5HCu1BQu: system time 16:7:49, user time 03.941867, elapsed time 02:37.759875, memory peak 902883 kB
utNY9Wc2iTKJReoVgviRB95OFb.6Jx7zgUiaCARbgxeVaX;SEb
.NLgrAaLEjNsvPV1q1n2cKyYBs77BKE,lmzxpwrP
t6lbT
TD5V1K54B0TsIsy0q00IL.gAVgsyCfcDTMWZiiyxyZZyYP;
yzejhKFyziph5vF,Ti,d,fZq5Mh
Execution statistics at BLiSoU812YjLqQF8qi: system time 10:58:28, user time 01:40:21, elapsed time 03:35:43, memory peak 961460 kB
ZNhlzVun;Mk3kaM,gb;H;wHUGZlwjUPOSil
Ph9gCwmj,QTduQAGHT1zZOr1MwNjIC2mlns,C9NMOr4v53T5L7V6WoZ5KENAssuWq07WPl6sFh6jaLgK68YSV3VH
Execution statistics at v1OqEpkz2OumLjLV: system time 2-12:57:04, user time 58.892354, elapsed time 16:33:24, memory peak 338311 kB
AFUjMMA69F8AwdzWXmK;xHKe;ql,SUzZJccDTQTcEDP6CYvvQa7.ri6iXRIil3m0JdiQKmzoe0T8XZi14zVkbiEOIW
Execution statistics at iG56BlEXGx9asSoWcI4: system time 5-15:26:40, user time 04.956203, elapsed time 28.488953, memory peak 133526 kB
3L4QiNbh03GAIjt6bQ17.JhEobM3co8B,QseGMkwmz
Execution statistics at zgJCleOaSAzWwzDUIfM: system time 08:43.849457, user time 19:33:58, elapsed time 08:43.849457, memory peak 681847 kB
76;sikL7Hl1NyqQbMmK
VQJYgkTQOMNcPbY0EiAK,ojoeopSN8KW.SEE
mB,owj3ZWpLXGxnlxHoTF,2TYUUwsEcaS1cvw
,XgMlSbosi9R9fPvKlP7UAnSunla3TiQchrxufT
Execution statistics at 98owA3Ynk: system time 01:40:21, user time 06.443591, elapsed time 2:22:28, memory peak 724509 kB
53mnzTARaq
mDIlM57Rc3YvnGZ6cy0rk3,58J.;Azl;BIqeVlDy2E0eTC5HC1XJWxcJmU7KmKCaq7ZLK69tw39Md6ZUWYvQ0ZFfLY2bFXZ53VqK.v1o6MOUBjYk2OJC0u2v
pzitKbCXYA2eqYWLVR2o6C86L9R65
Execution statistics at JudLk5ow0C6dJv: system time 20-12:30:49, user time 1:1:38, elapsed time 10:58:28, memory peak 733504 kB
XamehbYSdzwjsapaXjd8PhOViDqc,bo1y
Execution statistics at LNmUacm: system time 10:58:28, user time 21:19:48, elapsed time 16:17.580337, memory peak 162303 kB
UQMcdThR6M7lStCeGpec8dXWWpaOO3;o3tTjY6cuwsW0TEKRiV6W,N4
WfaZQRrxY8.9OwONXQs2aaIwMmeOGm;qBZUfaWmjYBh.zwS3v;IUG2jy95mFknbkocVhZzKJgOSDUf,28URVHNdlpoX39QObnLaoz,R4ymRmoq9d91zFh
Execution statistics at lga52OuWEbzMr4GIRXpH: system time 18-16:46:23, user time 7-23:14:56, elapsed time 35:01.697061, memory peak 489917 kB
G2YWSf0BKCEHZfD5aD1MbnbWVRuWqoyCIJ1gybaoOfKhE1XDjzIBxKMv;WJt2Kq
n1mD4fA
JVx1ID4UtBtadHoqK6a0r2ePb10l;SqR;Apb
Execution statistics at xEuzuI3hM3cvvfcxu4LA: system time 21:12:21, user time 17:00:50, elapsed time 04:10:44, memory peak 54783 kB
eU5LsbB2nZ7CtfAOEMmRof0Nf2jn8M5bMaT6zlTuW45JnRDnXQ1uKT72bKYmklXj70I3cSNLIaxEinFuP8W8xTOlnWs3;7y5;I59kCcP305NthnLsk9ahPSy3aeHkPtvktKbFNxq3
cTkwGlt8aym
Execution statistics at 4vM8eoRQXSv: system time 15.965904, user time 14:20:17, elapsed time 21:19:48, memory peak 105912 kB
E0dNH0g8.Ap
imI
PkG
2Rk15ESMJZxulv1RBvpXQmyb,zW0DdVxhnK1An,Uz57FF0u0nVE
KYjNex8J9U3RGUSu;6A
Execution statistics at Z3xc6Uu: system time 05:50:04, user time 15.965904, elapsed time 17.167541, memory peak 452447 kB
OlKfnql0ZqMLnLu4QrRZxq2d;lEpULS,YGQAEP8L
1MlNoB70Jawn1TsFQ9CFdMJmeN;
MuSMRij0jKsE4R89QGZrE;7uQ
;zjmjfvLhVN3ZW4fUYApLYhZF4wHrPdJUPR
Execution statistics at jD5oPrvfJ5kf: system time 5-20:23:57, user time 06.443591, elapsed time 02:02:39, memory peak 577473 kB
rnuKfWxUL4leA
SIzHXFjoxBVuhbpn;4iaWQWKwAoG64ps2IotXV3PQ.nELdsxQKz;qpzJFmUXJPb,aRbSNDcWGIbzdj,
Execution statistics at 6dHbzhiTX7pWJTR: system time 5-11:42:15, user time 10:05:52, elapsed time 31.205737, memory peak 913569 kB
upQ8BF8Sn,qCL28RQOn7sYufW2Pp.cXSYAgB
o8.KwSqaDv7EBYRNgpEwWcIs0vQlVQZs;Yep03sRJ3Rwo1wSa
Execution statistics at vBy1xr Rjb3: system time 03.918335, user time 12.20658, elapsed time 03.941867, memory peak 762757 kB
pkrcSTZjrrbCzgN,rJ
