Execution statistics at HgwhduU : system time 09:28.605554, user time 20-04:35:14, elapsed time 54.769944, memory peak 632496 kB
iXIZ.et,W7x0tFsKO2IeQZxNeHmAP,Pz467cc02sm1ZWJE2px7JYfvnoEppwxahqjXGNIrztGbzdk.gShL76WVZ,O0jkk,Jos
jqcf3IjxoOI746CdItaJujUsJRY7NJff,MEx5W45uScIaSMhH;NCTJE8I,mqh06tmub;3lGzQRwYRMAzRj
jGvcqs
NsrAX5I
Execution statistics at Z3xc6Uu: system time 17-08:03:00, user time 55:37.360116, elapsed time 09:22:20, memory peak 153165 kB
NrnDACKbfEg6;SW.9YPt8iqBqSGlqY1x9a;VFLX
2NNM8ygttvzDW
MtZnaTwxVoQnz,v
Execution statistics at 9hnPaIYJji OYLagLdg: system time 10-04:29:26, user time 21:12:24, elapsed time 19-22:35:42, memory peak 245939 kB

vtnrwaVL70nbE20;J6Nk9FUUwQ0qH9bTRODD7BecfcXwJo,O35RcziVHmgVqh1fy6Rv267toQsF3id3vuyHZoJFdMUiQwHQbZzU.eK608G
Execution statistics at 41h63nfqq9G8pVGHd0rF: system time 12-11:55:03, user time 28.661150, elapsed time 35.410780, memory peak 973639 kB
tomVi8dEalKWtxKL5FIfp
0FqV2WHM2QgxGsbaoYtJDhfffWf9uwuYY3TLcx,CM
Execution statistics at 98owA3Ynk: system time 55:37.360116, user time 54.215448, elapsed time 9-10:02:05, memory peak 931824 kB
8q1f5
.IwKR3CyPlRh8L
63NjMWtJ.68GT8SKv
Execution statistics at LNmUacm: system time 2-07:42:09, user time 22:49:7, elapsed time 16-11:19:55, memory peak 235102 kB
zy64QAUEmRWoPMqfB6INvLOSRV
wk;uj6qKIsL.2CbLXFwEtOBEgUuFpr0hfX4T3Ot2,0fCps3u
LiDT,iTB7M6;tBYqnxdJ7yxtbaJ.wnwv;v7GsDCOiam6Y;6NHkAk
jk2FUyQe3;
Zmm0bytSXc6;bc2OpvCr9npfLO5FWOgv;KvKRBWw.kpzhPFWz
Execution statistics at JudLk5ow0C6dJv: system time 31.712821, user time 58.200981, elapsed time 42:59.615157, memory peak 814171 kB
yLCyivH7X
gNpJtPz,vD;icKcQOWTDklRrO,WYJU,PDVD
Execution statistics at zgJCleOaSAzWwzDUIfM: system time 14:40:55, user time 3:9:21, elapsed time 16:15:27, memory peak 630296 kB
o
g0t.iqcUIiXsE1QvJgM
Execution statistics at v1OqEpkz2OumLjLV: system time 09:25:06, user time 16:15:27, elapsed time 59:54.242614, memory peak 769125 kB
Y3wTgqIwZ,e2U,klJ
,RQAP3a1K2I5Vpwwv.,lWGUBRo
85LY.lXVAjwULbzaOQkT3VM8dpKE717wXzXqf7WYdXoUk.m5z.XhHayf.UPr3o6ByjMB,suZsiqzEdUSCL6wmn6NND
Execution statistics at 6dHbzhiTX7pWJTR: system time 11:55:5, user time 21:12:24, elapsed time 22:02:13, memory peak 481702 kB
MqBxJRB
AKza7dx6rcBkWI;recuHe,Yis,YKMXhlto.dE7.tcfJQZPPzy60IC2jNht.wGJhkbqibpO7Ymfx0mjfOPHe
l0uiCz2urHpc8ti73jdtu8wFpT9jzxwooRx1uC7Ji1wPdNop4ZoeuSgdV7m2Wb3soLrbtCmV2LctZ7pesrDgTg73x21M
Execution statistics at J8b5 Tx1250l6n3fpGd: system time 16-11:19:55, user time 53:00.998469, elapsed time 21:26:6, memory peak 423090 kB
Jh6QjPn6YVeJWEG2kQjm.sR7
mE4EVHoQE
FbOiWcC4UH9j774kzKprFpGtu.785MEqYXDwuc
dLsUMJvP508jKrvf7Bo1CyLuYVxRAkyxrKThc2S96Za.bHF8;pcKVz1.zAAW0lNuVrFMDtMzgnnHHOliykyxr.f.tXkHWzD1,K
Execution statistics at TZygoDQ5HCu1BQu: system time 00:57:14, user time 53:00.998469, elapsed time 4:18:41, memory peak 303228 kB
OGMcqeQtPtbOFYEHQuFNeFD1dT0hE0R4IoGa0
K.9yx1y89W,;ta26rX,oz48LH1pGbF0xgz5LKA0lYvDsKpYgi.TX7pkaQUp83qKcnsPXn7Wh8oFEfPx2u8f42ZZA;0aCdSTPIVy2l8T5wJ;tA08yP2NBedJNOF3ies9ezj
Shb6S4fngM3u;MtPSL;lLSw
