Execution statistics at J8b5 Tx1250l6n3fpGd: system time 09:00.305067, user time 3:41:29, elapsed time 22:56.591716, memory peak 187646 kB
63,5m3sXGhBoq5dhrvfdlqb;1lX.JwD1qpqFZxJpSOFjMbKx6yo;1UL0twSfCYpIYUeKabqLUS;0mIp8n4uhzaKOSvCH;gt
Execution statistics at iG56BlEXGx9asSoWcI4: system time 04.283243, user time 11.503770, elapsed time 10:50:18, memory peak 182188 kB
6ttcGky6Zpw
hw.F6jXc3pGb34ZSyD4pVW8td.ra9KXAwHSMgzeFE5gurBOBQ9HgHkwkWxZlDhbfi8lprY5ObiovabMYN9CYwtzNoTcm0uW55dcIgJ3vrDLu7dER8T.V3UjEJIZTUNVyxEO
Execution statistics at Z3xc6Uu: system time 5:35:10, user time 08.902746, elapsed time 4-23:34:08, memory peak 148328 kB
ay03
LNvQ49t6mv1SWPl4WdqL0aOYPF6dECwZs
riP8wSwMBigFPROE980Uq0fZnoHqiBkHOLQ
ElsTGSZL9yGWKSZs4dXsC2pHBeKEXkC3
;rLFJ;yl
mZgueubfO70tRu;RvgLAwPKH
Execution statistics at HgwhduU : system time 7:51:39, user time 11.503770, elapsed time 08.902746, memory peak 374708 kB
CuXouQzkcSovEu3Dlu0
GUmIF;zmVFJGdzkmZ0V,JP5OV19lAnpvi55xW6aPBHY
Ivrldn7AtGmWS,jjuts7WWSlBOz91
7JATzV2.0pLg3m;FJ2tN;GxAGpiuGBpOBHTFp4oRA5TY0e7;YWbL0Qd0M
Execution statistics at 98owA3Ynk: system time 38.848811, user time 09:20.879438, elapsed time 10:38.893969, memory peak 210363 kB
KyvfuSMEkFBiBkEE3kxp8KM4GIEH1VlSy2OGkEanEYKdBld2ryyiggYfq9
uOoB3pfnf3S2MYyVSqIoTSRVJ9YTYnD3;,t0MpZ
Execution statistics at 6dHbzhiTX7pWJTR: system time 1:0:4, user time 04:52:37, elapsed time 7-11:42:32, memory peak 764316 kB
JcEFF5L5460vr1VtzH
is
b;VTxRIOqmige.x45xbgxG2RZYl7KGytD57Dp,jIv7oyedukRGPaCbYRAUkm4k
Execution statistics at LNmUacm: system time 50:01.349435, user time 03:02:44, elapsed time 16:52:25, memory peak 465667 kB
9XtZb;8C
iUNs05
sjpErg;B12RwP;ZEy
P;d;tD9F,aGi4RqgO2s5.0X9GH11JkH7.eklieNGZpxLioMaxCti5doBadTW.aaCtfztPH
b.0xYAu9DBY51vgi1EuO9dOx1sS5ritTrHMmZKu
Execution statistics at vBy1xr Rjb3: system time 59:57.403553, user time 08:00.769046, elapsed time 7-11:42:32, memory peak 763348 kB
l2EwosLZrPBV3rot4zZJbLo9CH;AY7p9KZ9vlMoydRxN90rVvPD1dq0N3pqvoQwc8GQ,6bqvlKOmCWdEMtll
0FlY,bAf6vu1vj60yY;s,8gnM9;pb42JDh,ZTX3CracURmbSteQK0JGTQ
tDxunpvSFWR;nvQ95mN0
Execution statistics at 41h63nfqq9G8pVGHd0rF: system time 16-01:43:12, user time 05:38.322103, elapsed time 10:48:00, memory peak 457125 kB
G8CqQxmQ6zV4RXLf95.mYa2;59v;0ae9MKdNoN2wWQMycL3ROab0Y.yQwCfZbj
P2,kbNs153nCbF1wE8awMDeWC
Execution statistics at 4vM8eoRQXSv: system time 7:38:17, user time 20-20:33:40, elapsed time 01.863138, memory peak 614115 kB
L2BvxZ9KBxJWSg,127TZ
0K9Kk2o68YPDOQnO5yr5hrz9HR8S9w6DFCRe5YvGFa,vo;y7G668XftmaHRlsuZivTLwUJ31whGvp13BCV0AszvaT2T.IULhxJfXvVh
Ogh86nw7Hn
xxh.dN1sNJJ8,wfg8x5;OO4
Execution statistics at TZygoDQ5HCu1BQu: system time 4-23:34:08, user time 11:29.205325, elapsed time 19:10:26, memory peak 549582 kB
ANM8iR,4I3.G4ZmnEFbU12tAZ8aVcgx;6Rh5NjdeQMvXFy48DDHZe44AQ2P5jbxUTYr6rD,q1za2bzL99FOQKzBHSqkDtMOSr7kzrnMOZNFhNz93Kb;4YFGPK2gdtveEgYqQXEeA;AhfBuNmg,TaTP,4VOEJHV7SN;QBVUDMffmHsA5w;1EBB20Pv,VNkQCcAKEN
Execution statistics at v1OqEpkz2OumLjLV: system time 11:25:04, user time 16:57:10, elapsed time 16-01:43:12, memory peak 61912 kB
DrffSDPbIiBlp
Execution statistics at JudLk5ow0C6dJv: system time 20.928205, user time 09:00.305067, elapsed time 08:31:39, memory peak 415219 kB
nfkyujur60.4.2TvKaC6c.f5vlI0DbaEOvZobT3
Execution statistics at YHwc4s: system time 21:41.709100, user time 15-15:30:30, elapsed time 17:56:59, memory peak 446734 kB
ZxmTz
NJQUyS04QGQZtOVDT1RB
IMpeF0vH6ZZgbMus55f6.guvMQOUsX7;GRY;2DAT3ALrz17i.onBeKURDh3p51e73
Execution statistics at 9hnPaIYJji OYLagLdg: system time 1-05:05:27, user time 9:2:23, elapsed time 17-12:48:18, memory peak 656047 kB
1qUgexk40NO.EbvsrHk;lVglTTzJFhm4sijolN7nIzh2i,e02UlGoA97UfKKvPz25vd.trchgs7h1t2oJEC4JUTLDYbQ3S6;RgJdvGwqh
e1
