Execution statistics at 9hnPaIYJji OYLagLdg: system time 1-13:21:16, user time 1-18:33:26, elapsed time 03.116444, memory peak 60838 kB
k88RGWVzHsgiXGvim8O.Li41kjjEdwMoF.lNOr2sxs
hNJJu4hD
gEVwfgSt96e7iREF
hWBMnrBkTtDjyqW9YwXzkQug1xfNm,2lRzv6O523xWn5k.AFtTma0;2LWc
LybIDnPKRCXUJvioWag1Qo9rs7vWp;.z8Ep7s
Execution statistics at JudLk5ow0C6dJv: system time 22:30.530083, user time 59.104648, elapsed time 17:58:51, memory peak 551012 kB
pOIdn5hlhZTSrAgEV.8usPTONH9hMw16OyPialhcC2iYxyL8SmSXopRRcRxQDQNc3RkEm9fT4CNYRnSAweNsjai258.25uHbzrxdcnr
Execution statistics at 4vM8eoRQXSv: system time 2:39:49, user time 10:57:10, elapsed time 32.994990, memory peak 594881 kB
4C54kLDRSPRxcgYY8S4zqQCXr7djaqGxYIpkNBtq8q2r5teW1jef
fHlcHD0
Execution statistics at J8b5 Tx1250l6n3fpGd: system time 17:58:51, user time 8:44:15, elapsed time 1-18:33:26, memory peak 970521 kB

2MqmiELdFzOxdE9IZ
Execution statistics at 6dHbzhiTX7pWJTR: system time 4:48:23, user time 12.476649, elapsed time 56:58.749785, memory peak 638056 kB
4nBT2gHDmfAMsaYnTi,KhFA;KXjg.yo0kIIc,UzTOKAbozRWlKsqz9DgsR1DZEukqKcEFk5gHl0R;dlz2yENaf
K;uURtUbHIvvqVk;brjvmyj;Bx;6NSc93Bg.xKXVKRs6OlwFYLwW.WqTZxr2zDLFLuZe4BJYmmyts0
TN3
17I2YejYX;s1wm
Execution statistics at iG56BlEXGx9asSoWcI4: system time 02:18:58, user time 8:25:8, elapsed time 13:35:35, memory peak 314931 kB
l2xkhGBsSoA,6uPNOXzBb8QI4Y3Q
e71oNdZiylQuKQ.73CJlyJbMJJa17fG31p1vO9OTM8zMnozLXH.GpB9cYN;XzNiEqqKTLYm0oKLvL
Execution statistics at zgJCleOaSAzWwzDUIfM: system time 15.83594, user time 9-22:16:26, elapsed time 21:10:6, memory peak 967756 kB
E9fVRo74XlVdvoGGV;aG9DtMexqLNDfdTjk80j..0Te5D15TSwTTHc8PVe6mIrj
O4Uwngv5VxgOiS6M0zQR89ycp0yalHs6s0.XEJcA9q2sUzVvxatg9r
b9kL6
Execution statistics at BLiSoU812YjLqQF8qi: system time 16:28:05, user time 8:25:8, elapsed time 19-03:38:01, memory peak 773140 kB
UUhu4ELcOkpEHpgGbhyTdhv9h7A.D5,qVTA,vmFeocAqEtczhKSRDr,4Z8L4CYAENOyq5.lEw.tZquq;J0Wt8Kf,6zWsTyXfz1,n7.6pTXFMrnZvC6pZwfcdoVlD7MC

Execution statistics at LNmUacm: system time 04.148028, user time 08:56:04, elapsed time 9-05:05:28, memory peak 608591 kB
VNybHPlzZiu,tNphZOklR2bnVflIAVx9Bu
LdJmLest5B3ddPmmdAkgdrIO1;g6U2tXt096R79JMOpABesMOrdeROVUa,5yeG77XzKSuslDXUcg91nIW9KHI96,aTR1DcYh
bL1MgkQO4N
fMYYYuNW7j5tS.nCAI9FpjIARjjZWFZwj7Ngij,97hDPErPkpadu
Execution statistics at lga52OuWEbzMr4GIRXpH: system time 12:43:7, user time 01:25:55, elapsed time 1:27:27, memory peak 550741 kB
pxpkuI2fW8MOaPFsIAokJJR9;VDjko9.XorQP3,;pP4JO6SD
Execution statistics at TZygoDQ5HCu1BQu: system time 1-18:33:26, user time 42.673734, elapsed time 22:30.530083, memory peak 555076 kB
aTzoemPL8vQQ1bP9pHqXXLCspxpzQo8Z.PSwbRbsf;A,mdiJXJibGbLpJmhX65yhHfKY,
AgkVG502dKGq,XGBY6SEoI,XY;6hwKwGUG9j5,NDf5C,Mn5Y;LZkkdB2vIr7yxll3g,kNbvyEwaV.;l0qI
Execution statistics at 41h63nfqq9G8pVGHd0rF: system time 12:43:7, user time 02:42:09, elapsed time 04.148028, memory peak 695597 kB
TV;gqnncf1H,JG67wcng,RpDuX81ihWIpMH2MVN8qNMdaDm4FNjvLTGnjfg
UGUilLN
Execution statistics at Z3xc6Uu: system time 51.911996, user time 54.451445, elapsed time 31.474394, memory peak 399263 kB
5E5SgbXJg0OgOTotOM0NXyAoEGPO0L,AyHkEp8bYYfWC,ilAmUN0w,GTERdeG
Execution statistics at jD5oPrvfJ5kf: system time 19:09.558459, user time 05:30.78820, elapsed time 17:58:51, memory peak 842228 kB
sm3q7yG.mqGzeRlK4nXqxAgNTrgFQC8IkgeH5UPSkkYYlroIbqDFydlyBZy3fvHlMiMFsB77s0
xUYZ2GseU6H07g9q5EqQt43OPVinYI7MEFvMDTV6vzZlXwIrSzGLz2FYilI2dFE4AYpYublvu0f5fOu3UoSp
KSG4rcVt8Q7.mz6cCOFkS8gXiM3VXrtRzmEQLZ
