Execution statistics at 98owA3Ynk: system time 7-04:25:18, user time 58.186222, elapsed time 14-01:58:27, memory peak 477128 kB
S6bk2OjeYGX
ZIcPDjjFXLqM7qGBIC6IC;UFF9KXn33tIfS;zMQifyV,f01otDi7cbhTPJP6xlX5i;J
Execution statistics at iG56BlEXGx9asSoWcI4: system time 2-09:46:07, user time 31:47.2126, elapsed time 54:06.378517, memory peak 516344 kB
fvmpJ,8C3a59ehpKevPEmAWUK4UFz.l,eTIguIby9
Execution statistics at 41h63nfqq9G8pVGHd0rF: system time 23:07:27, user time 5-09:34:43, elapsed time 18:39:0, memory peak 999574 kB
1bSzMxe0jW
Execution statistics at J8b5 Tx1250l6n3fpGd: system time 31:05.397770, user time 21:11:40, elapsed time 06:47:57, memory peak 897645 kB
0CIwNPfJe7vcHzz5xuCG34GxpAUFE

Execution statistics at JudLk5ow0C6dJv: system time 04:32.658761, user time 07.194085, elapsed time 31:52.473050, memory peak 776573 kB
4.bLa.X20kisKdj87
Execution statistics at 6dHbzhiTX7pWJTR: system time 12.968895, user time 21:54:23, elapsed time 5-21:56:41, memory peak 689266 kB
gJKF
cZZFeP;CXJcVDbxoAygXc0.HVX4KvqKwHo4Wz02BrJFTJN1,w1Q5P7OtDkSjy.WmQifVdBr9rUl6krup.lf0hVbEEDsg;vhpDfjebPHcc9gbMxKzBN3OfSHLjxB8N;Qnzt1d1Z7x2Q
Execution statistics at Z3xc6Uu: system time 1-19:24:37, user time 9:28:46, elapsed time 16:23:39, memory peak 90621 kB
VhvBd2tQwh2nDWZ1X
Execution statistics at 4vM8eoRQXSv: system time 10:40.600995, user time 13:03.620410, elapsed time 21:54:23, memory peak 969948 kB
2TEJ2mTMmQUphZjVemKRaZ;.9PZwSbZPBO4piJSYca,kVu5vv.BNIq6;mVoCx3YxhgJgH4jSS
Execution statistics at LNmUacm: system time 51.60875, user time 09:10:51, elapsed time 24.289385, memory peak 240156 kB
jZk7BleQPHb4
0.mwFhxjvCRyLW80BxSLF
iTr10VjF24GnhshKcGf3uZg1EjOjH3nr
WmK.JNdH5Ws,C
OZh;ZzdNo9Su0rJdd
C,JS2tvEjXbhFn
Execution statistics at v1OqEpkz2OumLjLV: system time 18:24:26, user time 07.194085, elapsed time 09.978878, memory peak 956456 kB
jq69If24SSnXuRfQu0,9TlDg
ZVf.yGUFf6SJ5K7mv8o9
Execution statistics at 9hnPaIYJji OYLagLdg: system time 12-16:18:42, user time 5-21:56:41, elapsed time 4:42:24, memory peak 507174 kB
gL7LPx.fQUod3PyluDnD37eG1qaZG8W,G3e.zHdeumk9Je0nNMoAhNuFD.606Xp03cXNhqyRuw.Mdim
Execution statistics at zgJCleOaSAzWwzDUIfM: system time 31:47.2126, user time 19:35:16, elapsed time 17:30:36, memory peak 196951 kB
ALjo6QLzSlKaS7c1NR2NUq9,s.85qCmMuaYSsoTNXs5P
Pj5,ylqffLTWFj0cXKtJMJSISwEv2pmFDVnlSFh7,bRx,jjFfzsbHABd2NjH6UPktk1T
eP,yloIm
Kqp8T4ELZbN8GMz3.H
Hkqgyke5vkAi0dw,i4bKV4CMUTe4;TV.HvCPftS
Execution statistics at jD5oPrvfJ5kf: system time 01:35:17, user time 17:55:57, elapsed time 5:57:23, memory peak 166685 kB
6
ToCYCWZGw7FNzTdH5
6fuHWTgWWj
I2cBoFFvUxcc,gtW2B4JZ.V.iXe2HWqBVLqTvgdzckKVHRsew1e1r5nnr7CjL6NzklZ4VoWyY4fC;nVTQq70lA.3mmETHaIqgxIaLt52Sh4J;mV
Execution statistics at xEuzuI3hM3cvvfcxu4LA: system time 31:52.473050, user time 8:5:7, elapsed time 58.186222, memory peak 534400 kB

6sHkCtiYDVudR7dKBzmm,IqE3Wo.JasTcZObdUNGc,I4P8;i2JKbhOnHXGmtjTwYnFxBD9d1xn4U9APP,sC3A99GDMel2M9RDly;b6Slfv;iatGOQQclLcZPNFG4.aDHMIP5.jcF3sg,HR6RGNNaeL;UM6qBi9MiPD;GRZQ
Mb
