Execution statistics at xEuzuI3hM3cvvfcxu4LA: system time 40:49.909315, user time 21.609988, elapsed time 17:06:54, memory peak 662399 kB
qhTd7gJ,fudc3VkFxpUoUqnBf6ZMz7fFnfolqgAsFDjMefStuyUmLixapTKndPyaYuaG0j7ePjWGq4oyJkFnPXS33ZiPazcg
Execution statistics at 41h63nfqq9G8pVGHd0rF: system time 5-09:19:23, user time 18:16:8, elapsed time 7:6:39, memory peak 878307 kB
63y52wT7Tlkj0K2fRr,zdhdm9HqirBePjMmz9wiCH5rfkC15rd1EmQ5Cr4mbg,CBAVlUv.QXz7IiI0nCrQ04R7IJkrPoyeWVe5waUupVzCxdCNmIyNUj5dZ6v9D54
S;oWbCN
.
IXfxoLuN
Execution statistics at jD5oPrvfJ5kf: system time 4:48:16, user time 28.643193, elapsed time 34:25.260649, memory peak 319623 kB
SMKRxn6KzK55Z
Execution statistics at Z3xc6Uu: system time 15-04:49:45, user time 8-10:47:27, elapsed time 8-10:47:27, memory peak 787383 kB
LZxyDbuGxzJZiS1ECT,oAd8hADAY4Ah3
xDJM,ptNYPq1a1CIDkiynwYx.ylmqGO4EfdT7FQI3y2,m1BncpsV86OIkyEQ4ws,6itG
PaaTeKXMuHRMtqqc1aoTqAXc;NwrZ
Execution statistics at 98owA3Ynk: system time 08:33:44, user time 14:58:10, elapsed time 11:24.719567, memory peak 661823 kB
B,w,gi3ykVLnAmO,xCVlrfM1
BEmhHctqF
E4pZiADLCy
JMK;EsZHTjdFigdhoypmPpLgwJ9hRfs9wz9vtd;fNFgRemR1jRsKIrvWQOA7jEZ
nTMkX3Md,HwrNv1V4mU
wrM,z8Fnynk0pXHI4Z2JTGmmbKPI
Execution statistics at v1OqEpkz2OumLjLV: system time 18:14:28, user time 12:0:28, elapsed time 33.661931, memory peak 731616 kB
,dl7BuCE,PJyAJ0MW,l9iO
.MJdO3GMp1gT7YXL
1N9kNu4ALHehf3hbEAo
Execution statistics at J8b5 Tx1250l6n3fpGd: system time 27.462870, user time 57.462202, elapsed time 14:8:58, memory peak 416496 kB
59jCK72n0Ii01qYvN.coVh;Dy6k4jzp1u
Execution statistics at 6dHbzhiTX7pWJTR: system time 15-02:43:22, user time 58:50.455349, elapsed time 0:44:14, memory peak 557158 kB
AKsePRvzD3HFH;QzjQCwCN8;lKwtbUZn

vD0A
gyv6f13
Execution statistics at JudLk5ow0C6dJv: system time 46.706873, user time 52:47.454363, elapsed time 12:59:52, memory peak 374755 kB
IDfXWZZoI7zKQsMwG;.egtBE
;;s3gpM5HdRxF0I5g;0KEcrNCqC5tFXjEnfX5M;pWKDom2r8O1PCBCuPHVA3sz
CnwjGHDivB.7.V
TDY.ZxS00yekFZseVtmDoyul,OfQc5
Execution statistics at BLiSoU812YjLqQF8qi: system time 5-09:19:23, user time 13-19:29:22, elapsed time 14:8:58, memory peak 439568 kB
Iu7DbDiyBDpv
uLcW6t6.0rD2pUa8gOhOP1yHX7o6jcp0FTkiR49dkqXnldxYi;TMsbeGvR,oGM3aGKpdt.rB9BqfAkgZc6Thb741UuKWAa2ahpFZQeu
xtTCHHw
Execution statistics at zgJCleOaSAzWwzDUIfM: system time 18-22:00:28, user time 34:25.260649, elapsed time 28.643193, memory peak 225826 kB
hIoFm9kI7
4l5
.jZnbba0fimKgg1
Execution statistics at lga52OuWEbzMr4GIRXpH: system time 18-22:00:28, user time 30:29.648741, elapsed time 17.975996, memory peak 978999 kB
931zh2YQwbVMnPzli08vgBfV8ZB8KGsNejJM
CjFDuIok
Execution statistics at LNmUacm: system time 33.661931, user time 08:02:28, elapsed time 16:25:44, memory peak 970208 kB
6aExXMO;Mj;;lGWVRz34IJpA
Execution statistics at TZygoDQ5HCu1BQu: system time 20:06.927304, user time 17:06:54, elapsed time 02:39:22, memory peak 525385 kB
p16kEd.G.Cpe1t
Execution statistics at HgwhduU : system time 16:25:44, user time 08.263358, elapsed time 34.598622, memory peak 276018 kB
2Z61Aw1deX.14fdWseW,iUb16ZtHl03LhqTK64kEo5k.cEbJKp634opGAJkYl26cz2qMGE1mtNIxlhtnrAduD8EplqoorZC8Qx856wul0YFlMsC7EAVGSNChHAh69.uVrfJ9gcrqAwvf2
Execution statistics at vBy1xr Rjb3: system time 32.562767, user time 11:24.719567, elapsed time 14:58:10, memory peak 683632 kB
oPBos1FkTedZ4VDD9GrjFx;AqneTq5NskBGyJlJ.sFJ4RZC1pmkP22NWOhYVdihRAdBZOlZfyptb.ZLoB,3Cvxv8ko
8Zo6H4I8oM3L6d9isu;
Ya0dUTKz
Execution statistics at iG56BlEXGx9asSoWcI4: system time 5-09:19:23, user time 17.975996, elapsed time 15-04:49:45, memory peak 843843 kB
ZfKZhzXLn1Ck7Kf8bLokGOPeSS94V
ub3uWKzvYqdm5Z,E4YKuSjbJ8CoBByoCJ,foIsx;HDx60xU1kPSM,QO28ro9yRGeMUXNsxf0ZPgqU;mqAAVy
1
dGIprQ4Z6mjz.xefXUwf.nX.792dZ.vKfKgpq
Execution statistics at YHwc4s: system time 15:0:8, user time 10.246959, elapsed time 34:16.526726, memory peak 81468 kB
TvNJUWExZ;3;i3EMqyKckgvuAfFxVk90I6DByzZR,dcaEoX;maA6wWfq5i,2gvjHKRBTfzmYECWoJr,RaabcxOQo,kmGwO7y02WdL5QWUgwEgHXtuMI;ZWtiDdySC,96sDW3ooU
PffVTDefxf1
YhKN6;BfZDV;Qk47lHU68Yte5qkQnQxMNe6MD5
