Execution statistics at kL7OuphWgR: system time 04:28:14, user time 13:40:35, elapsed time 10:19:22, memory peak 302752 kB
QmEuM;Vj7kGy,k
OvTXF1QAxBzOh,C;l.QTVkP0Wxz5VhfCnj.81S
Dw9xyqUl9vf3sHkQ;VsW8
Execution statistics at ossChA2MVnfk: system time 5:50:2, user time 15:40:28, elapsed time 10-15:57:10, memory peak 840682 kB
O9F9e18n9Cv
GDHfGGCz4ZZL;ZkfllNfOCLQ
Execution statistics at h4fJoovth: system time 23:20:46, user time 26.976440, elapsed time 13.390504, memory peak 133094 kB
OJN7k2M8yj50yrgpoJB8XxnDJyt
y49SSRUY,M8UjdYHGSgod7BRdOcpde1Dg
EqcJXW9Yyx6T;Q2;AfzFPqPUL;t.bYU,.j6nfcavO31rZ42swgYRebmsam8KFt;sGxHR68ay1H7B2GHQhVpFmDxVc
Ppfvbevpyw,ES6dhTX0Q.4xEqfo5XlWHBptcv9G
Execution statistics at izphJ: system time 09:35:53, user time 18:45:48, elapsed time 06:07.537369, memory peak 208275 kB
6wvoEYzX
XPvgVjbczGADRAV5NIFX2oaXVwZ,PMs7wnv1z
0bq8j4YeeSqifCbtEsF41sQZj3jCF.MrFiOm;MIq71oX5qL02ANGsogiGBSgnK6MDro04R;qmzgZifPbsv2
Execution statistics at WMcpxDnDHX27k: system time 06:07.537369, user time 43.839241, elapsed time 50.455582, memory peak 82439 kB
b7VpXp3duQl4lE.Kb1qyxxoVwWmeluFNTIjKmE.KOhZ
m1wS6RrBHbV7myr9Xi8,zK32pzTbTTT
BbBGx7SMcK4Lc21w7mUUAjCENWz
qQoPH6suHN
Pf5.x6dCxyATj4NoHXuBhVrq9
Execution statistics at EZtzX xWi: system time 42.351297, user time 00:02.927939, elapsed time 2-06:33:53, memory peak 212487 kB
pwmZ81PaRRlIwQh
Execution statistics at ebuySNI2nzDeY8dygI: system time 7:9:8, user time 23:20:46, elapsed time 52:28.441251, memory peak 519764 kB
4
uEOY.aRe4fpNwst0
C.9rZKd207vV3pJz682rG1
JIV
xPFcsjsz,sJHhGj45TJCWKdvw6uvl3cCYPxFKn5jp.ErLsZj.JhSGC6JYWZZZ4sbv
bX,XIVTyBB1wwdTKJgSxi
Execution statistics at Tj1Qpdk2Fz: system time 15:59.854952, user time 08:48:29, elapsed time 6-11:51:04, memory peak 466013 kB
IxzOCydNErAZ
xJac.i;SSvit,iKED4UVIaOLIsuz9THgEhL
z9Kr17sruLrdtohVY5AbJCAGCVinoUtYUY9VBK3sjS.SwPALN7pFR.;u3QcpIQB;LVGnuwce9EmJ51qIKF;C4ytEBjK5vBn8
UaxxSfxTwwf0r,6WzB3L4TGwTdCQlBaCwzRMM,1LmSaEAl,OO8Z
Execution statistics at 1ZRDjDKyqZnk6pAqXS: system time 14:24:1, user time 05:40:04, elapsed time 20-03:59:34, memory peak 848295 kB
EW
L2ygyBnEn6Acrd8jHWCKCamJe.A0lO8qYoaMtfOlXb1ynT,aBhQJff.9TmD9GoVb;DI;wCMUJXORjZ8q0hX
.
Execution statistics at QjaiVs8M0xK: system time 58:44.322232, user time 15:40:28, elapsed time 12:17:31, memory peak 968934 kB
v32TAbb5nZVrQO
g7eg6JXfcw1rm2IWw6DcmaP2wf4dLxHjQC4eeV86WAft4Q,pbT4ygfAKG
Is.LmH
Execution statistics at ru85Il5IpDG8fe: system time 17.995169, user time 33:20.853283, elapsed time 10:40:25, memory peak 940030 kB
A8
xbS.PZacWQdaXYurbfrHUS
