Execution statistics at 1ZRDjDKyqZnk6pAqXS: system time 19:41:28, user time 07:41.329926, elapsed time 16.577798, memory peak 660510 kB
JXIRaoNr7.Zym9kmgxn;hbuecth
Ae,H5Oh0yLkiAAptke0Ij5
xuNe700j8VKcDr;xNeDC1xqujD8hQW2qB5Otr6
Execution statistics at yD30i9UUYsVftH2: system time 12.29971, user time 7-19:01:37, elapsed time 10-11:23:27, memory peak 727243 kB
hVUtgZDgXXJF8zWq,Al.HZjeGSKnPayorThZZ4wYtiX89CDtmUydh3HfGIa5;s2O5I6ToGCstCH..XDK,ZNbQogaIwLAHR6WdA;
Execution statistics at ru85Il5IpDG8fe: system time 20.346828, user time 5:1:5, elapsed time 4:55:49, memory peak 289369 kB
FR1Zy9TpQvnjX,BTt;dgYcp4nkRC0WqTMYbSDb5G0SNI7EJwe83GMBLjGELFLFt2yLUzL3GOOAetsHC8ckw1ND4;oMJb;Ddh0LeuTZG5;;ZRRmUJEkIF9Terx;V;5VGAFwTPYv
uKoUd
Execution statistics at 8ToZRZLnw: system time 01:11:38, user time 11-07:55:34, elapsed time 37:05.91100, memory peak 358692 kB
4
pIFt2jj19
u5b
n3lT26fIFPOlfg,PCJyP3b.5wD;vkF86ltgd1q43mT3cNO;GiBNm,JFKBAxWgPA0OV6U3cuxNo.hh,f7aInlxPLl
Execution statistics at EZtzX xWi: system time 41.634583, user time 01:41.918399, elapsed time 16.577798, memory peak 70791 kB
0svYC641QPJvvZBZHOzWbfd49Bks4AIfjGHda9bb7vaAOlWbeqO6Znn1RyMXo3w;AOLWhDDiPg.NyEA
rcVmVJYAOY.Kp
Execution statistics at 4b4V3ftCfx: system time 00:38:44, user time 8-06:30:06, elapsed time 10-11:23:27, memory peak 272986 kB
5sDQvgA.WQrHMvOZX2ODzMADKuTIdY7L1FXpUEHs4,up8Xg2Fn7yeQ3Pncr26teatnzEDhWkpnyKc6SoL
of0jYn3CG2tquJ
OH9b7,2;Ms9PbxIh;WvBplV1s,rdt9QIs3VmrcFg.5n9xs
Execution statistics at 6kix9Bk2J8BFmLDogPb: system time 00:38:44, user time 8-06:30:06, elapsed time 16-19:01:00, memory peak 362124 kB
wIc2f932g9rL0Om27ImGFSI04gio
Execution statistics at ebuySNI2nzDeY8dygI: system time 0:28:49, user time 4-01:00:43, elapsed time 13:15:26, memory peak 537691 kB
5Jxtt3zypNqAbiB6;G
Vfag.F4B4P9
Execution statistics at Tj1Qpdk2Fz: system time 57:55.598462, user time 29.96293, elapsed time 06.12580, memory peak 349385 kB
7j4VT3mAFsxDTKsUyZ38jhERO82oO3yHhQjiJy0upej9sa0wX,XNexzNAiQIn2CMDEQK
Execution statistics at WMcpxDnDHX27k: system time 59.402848, user time 4-01:00:43, elapsed time 20:16:33, memory peak 775709 kB
GpKh.57O1d92XYjaFJDyU;Qmk.x9s;XHy4CiM4LRCaSGJInHxKcCSkaaLTj;TtEcYoB3W.Nw;b;
Execution statistics at izphJ: system time 00.424557, user time 10-23:16:01, elapsed time 04.649497, memory peak 138006 kB
7aOUgAF;5X2.IZ4T;4asTAVifXBTpZ8QeRmXppF
b5YtTz5.98EHw0jg4Sf
