Execution statistics at kL7OuphWgR: system time 23:40:45, user time 16:22.962005, elapsed time 04.493073, memory peak 412322 kB
jVW0k5dPBK,ARprqfX7OpB1
Execution statistics at XOAWjjhvVs: system time 1:41:58, user time 22:5:25, elapsed time 7-04:31:29, memory peak 645938 kB
X2ZWPi9m7Iug6
ayYmg49JBrO.0NCwgEO8GT0THZNK.7Q.CMPLeqj5105Ng
ef2VVDxvuZ2.AHssu3hXpX23mILVMYqfy263ylP41X1KcCN85dPEOsTEwC
Execution statistics at aBS1 KjE: system time 51:41.866282, user time 59.154563, elapsed time 04:58:32, memory peak 122638 kB
yrfNaWshsayhs12WWh7ZSU;vvCq;kpFywQ2d8A
Execution statistics at EZtzX xWi: system time 2-11:03:04, user time 22:29.149490, elapsed time 35:00.137484, memory peak 817531 kB
sIgRiERhDh2IZxjgPMwaRFAL6meAlbW,6MnwXMIImAJt,W1X.uBsFix4MRLuQOp
Execution statistics at 4b4V3ftCfx: system time 23:58:35, user time 59:07.940171, elapsed time 3-04:47:59, memory peak 915595 kB
w,D7sSbrL.hKfOHBqvi3Me
m49MNbT6e257YItLb,Ax3XFNAk.KMQ5QYZIxM,.WI5M19l0EiJvSMsgN0,6VPMdFKNbVImaxf;hXJI6EiY0Ue.
AqOT2ldYTOe99P02zJ3OS4oAbXoo3Ehd5g3ysuiZ
Execution statistics at bLj3QmbWAeUV: system time 31.702383, user time 5:12:46, elapsed time 19-15:53:57, memory peak 483857 kB
bFO0SRhvZ
2.qma9HrDt
Mj9lEWIVX1fOZcu7I5eV5LLj,GvnHsXSGepgA25lS7lfpyzixhoRWEnn8eyCWBQk,eciC;NiOiuK4E8vFFuJj3mqO.PCYieiKBupsiWmi9ngH;j,UAw
vsGdPQno2KwG2wu
Execution statistics at ebuySNI2nzDeY8dygI: system time 23:58:35, user time 4:15:11, elapsed time 23.568607, memory peak 308355 kB
Oh;GfWFZhQ8E
0Jz47oXrnLgRbcckS
hbSaAAck987Ao,,9
Execution statistics at ru85Il5IpDG8fe: system time 36.878294, user time 34.2653, elapsed time 21:13.703046, memory peak 744178 kB
an,F
ikmxTfJ3W0xmMs7,dxc.wGaSok3cuICFN4vGb,EZMs;Y4xNRTS,OM7qF0UXprGSLhz;
Execution statistics at dbxlqh d777XGVzGcJ: system time 18:25:32, user time 19:30:23, elapsed time 4-10:52:24, memory peak 365517 kB
hKdamvYYw54bE8aYi.
9I
Execution statistics at WMcpxDnDHX27k: system time 12-09:16:15, user time 55:16.958145, elapsed time 59:07.940171, memory peak 338774 kB
VUd67oUJhpH,JtzFsiffdIpfVQaUEzEIbJj
Execution statistics at izphJ: system time 0:44:1, user time 22:5:25, elapsed time 16:22.962005, memory peak 207224 kB
wy92hlV,e2aKgpASSRmFpfwyKPQ.x2M.z4.SSBoa;vLK
tI39WsjX
SRs0Tbc3y;v.U
YAbMMH9088R;3z2Rhms64ZMYZaHn2gsACF
PefJUcfopBm,xS3Z2aBAT7bYUb.
Execution statistics at 1ZRDjDKyqZnk6pAqXS: system time 09:09.915738, user time 03:39:38, elapsed time 05:18:30, memory peak 827331 kB
4eqXAhUePwEOwUWjLpnn;QUN
VxhXve6tB9H0.dSP
Execution statistics at ossChA2MVnfk: system time 19:20:51, user time 4-22:41:01, elapsed time 22:45:25, memory peak 21852 kB
2;JQ
zaYEK7Plw5UDAH
pcITQohK57meYwy3UbkqUozA,
Execution statistics at Tj1Qpdk2Fz: system time 51.631693, user time 59:07.940171, elapsed time 4-21:19:47, memory peak 68426 kB
y;A5MNQwJ4fxjFxo1eaxxQ,5,GqsB.5flk6Z7lC,Mqu6ugLBYuqz6uZs
pxMv1NJ6vTjG;XgzwzvGIdFhuN8iE6hB5epm4fwjehkk8b2eT0tYF;xIq
EH
mvn2dEsou5PmgTzI71t1i3maGFyjB9Khhcx14k;BkXoCiXa6FzeEPXROZmOhyL
5
Execution statistics at yD30i9UUYsVftH2: system time 33.302163, user time 06:33:52, elapsed time 11:18:58, memory peak 965557 kB
Gx4;w,etj4C,VjK8w8ZUJ;V4
Execution statistics at 8ToZRZLnw: system time 18:2:54, user time 14:32:14, elapsed time 05:24:16, memory peak 317737 kB
CFSsX;eiiYLl0gg
HKEoX11;2Yx61NzjeanTE;lThUgrqrV0ckJFMDEUpG3wwrojapup5akTGnOiY3
