Execution statistics at ebuySNI2nzDeY8dygI: system time 25.61770, user time 15-03:03:01, elapsed time 11:53:42, memory peak 546777 kB
2B3X,bITJ50r2xh7DQ;07f1P
7,sRyGlJMEAsCNhYcoXT0NfE8qyk;1v.ny4UtDLJRWbQFjY
y2DMFK21C.YY9ZEa3b95an9eHBaiAYsQhSzHEqtiPAJN
;7XVPXnkHmX2jPM05zOA.ZjB4ONDL4KYfIh4xORHNBf2mxsz.iq;
0J8s3f5T3qeVniOqbBd
Execution statistics at XOAWjjhvVs: system time 31:50.792236, user time 14.567744, elapsed time 15:43.62217, memory peak 817512 kB
O2cFBoPxHGqT4dre7fa;r24wb
qaamYvnrD3E57meIqVy0SkNDBo9nB1tJ5XiAW7YA6G7MGIahhEatl9z6vhDUockWh75ji6TL3rdMch5qJp
um2u
pFbK0n7FmCKjPjk9A9qE.fr76jE,k9,0Xs.Z.H8ax6Jpyr7By3HKQiS3rPhI
Execution statistics at WMcpxDnDHX27k: system time 14.567744, user time 24:39.796055, elapsed time 3-17:01:32, memory peak 829424 kB
GRlGYbPR2AXSQmp.SPkJUZFJFfx
Execution statistics at dbxlqh d777XGVzGcJ: system time 02:14:09, user time 11:53:42, elapsed time 24:39.796055, memory peak 939412 kB
fuVqAQwY8inBkvRAB2BwA0IGTjIlRp2x
Rs1AzE8fOC,x7Qym.881
5j
Execution statistics at QjaiVs8M0xK: system time 16:17:26, user time 12:30:25, elapsed time 01:07:57, memory peak 523043 kB
hyi6Y8MkeYzKtFw2;FijGq6kk3NYx;9
Execution statistics at bLj3QmbWAeUV: system time 54.499640, user time 14.567744, elapsed time 3-02:35:43, memory peak 84663 kB
GZoeu;oz0MWgM.nRO6s64Yi31oFrm,k2j7rhNXhX4bio6ejMBA3ajH5iFv9296tBp;ykRD3LBKtRtJjQQCeT8JS1waTNDqSJey,FAI
Execution statistics at Tj1Qpdk2Fz: system time 12:32.953619, user time 22:1:12, elapsed time 01.588378, memory peak 957177 kB
B;TaOSv4yprIo;JUdhsr
kcV;8,10
