Execution statistics at h4fJoovth: system time 39:03.595004, user time 46:08.778397, elapsed time 8-02:17:00, memory peak 908241 kB
hb
exW,0Zr4Djf2vmHaa2l3Psc2
vfiWkkACqY044uFEDWvgppBLf6PC,yJhOI,gJFR1KPmBw2VZZ7JZUPxPOp8VO6KKCTQ;7QgcA6xSr4;M9FBpbde;L6.jGVPRnvppKnbGGbZzz2mUwkJji,KoNn6pK,3WpiyOYllZyWMi;JD3H2no5V8;l,HE2to0.zdc4NSY3bXe
Execution statistics at ru85Il5IpDG8fe: system time 20:35:42, user time 13-13:56:27, elapsed time 1-03:17:38, memory peak 534283 kB
I8P,vJQEVjQuEAAEbnlO
PgKmEMe6FU0OWdYPE;6Q1mUYTD;rg9qw,yNk8wPWh3fsByJ8Z4FOcZuVS
vdlltJPjnr.tJDkm,,03JdhzAD
zWnDMRZlqLL4PZDGc6c8C9a2KB4p4cnwv7
CrZm6bX.;cJ
Execution statistics at ebuySNI2nzDeY8dygI: system time 23:21:30, user time 21:37.42480, elapsed time 4:29:10, memory peak 274305 kB
VbR
EM6T4rjo4hnegcS4zOS8skw98Xo4DXp90ua,
NbbasJslrmDP19upeY2yMwgCsPQvmc61wtQK1xfDMq4xNUPLIOHS3Q31Pn2jPAjB4hWU9iz7yqAzJQldhx3jD9bOr.OSEz8HWTAc8cRY6X7dr6uzNf
Execution statistics at dbxlqh d777XGVzGcJ: system time 41:40.702963, user time 13-13:56:27, elapsed time 2:54:1, memory peak 949632 kB
OJ8u
PVmu3ARYsyE;vxXZ1ltMFE5mZjq5epfEkO7jJ1TkIBaR1W255mB4NaK9dJMFUsXM4pcm7JsUPP;08APFzIWxD8KxNrUjxDSAEzK2H8
hlOg6GfgWzADuctpS0jKTpm8RPm3zGwyNV
Pbds5;Os9tAB
Execution statistics at XOAWjjhvVs: system time 9-16:18:02, user time 5-12:49:57, elapsed time 39.60189, memory peak 978695 kB
IaqyGQ
1q0k1pP,cRMQWHhrm
baauuq8GY2tFwW57hVyzMq6lXvUzIDH3DDsdhn08GODEbtcDGaNYh,fz2NQYqhJ
Execution statistics at bLj3QmbWAeUV: system time 4:26:36, user time 35.598769, elapsed time 12:25.417768, memory peak 820599 kB
iyCUGRv3S3BNXaCtQLZ65JFP,ERH7rHyY0jJS6L1;haNuKoRtHOmi37dv.e.4BPFudvk;TirgCd3Rro
Execution statistics at yD30i9UUYsVftH2: system time 22:43:19, user time 44.680101, elapsed time 18:49.263357, memory peak 523612 kB
I,,Z5REO
ZddkR1Fa7Elb3P4DQ.SPoLPjdU4dNuCXalH
Execution statistics at 8ToZRZLnw: system time 6:22:27, user time 16:15:25, elapsed time 08:14.478237, memory peak 560351 kB
vXxz,zdFccoFdJq1P237;1
UKUZ8hxKgN2xUF;9v;MmOl9mjbnof0Ymu1SrGtBzot8I
n,by7cN77CoU
gGd1JQdgGPTZumRIjRm6f0sKWB2A5NwaO
