Execution statistics at yD30i9UUYsVftH2: system time 19:5:55, user time 19-04:13:49, elapsed time 21.329725, memory peak 611913 kB
59KKNsxPnoQoOvBL,fUdPk5ROx8U4,qaYLezS3F7nSvt,sEKi662CVKx6E1xafzDvLGcoaPEUPQkuVQs61MYt,u,zjDZQmwaXRf
7XQ4qxuWvyUUOYduoyFqcXbReDE
Execution statistics at XOAWjjhvVs: system time 05:21.948073, user time 21.329725, elapsed time 17-01:55:06, memory peak 821316 kB
Lu7jnic0,Exuo3l87r1le7Ag1,.AA6ijhB14l
Execution statistics at bLj3QmbWAeUV: system time 52.116794, user time 15-06:25:26, elapsed time 41.634229, memory peak 415340 kB
8lBnbTc35.lNrPkX8wLXl9moxS2ETfs,h,dfVu3JdAJcpQHqTeWRZ3JNnNYF6EQ3TovfL,veCpKRmazSn0A4oPlXlMzUzOaYRp;H3fAKE0ktmBveXLFdsaLrLSKMRp
Execution statistics at 6kix9Bk2J8BFmLDogPb: system time 17:40:36, user time 5:47:46, elapsed time 5:47:46, memory peak 214525 kB
FALU3qpJQGx8p9IqVvjCagBFfI2Us,hRzOrlc
wxoQWSewMj0hO2lfPPNIIxvCDR
h36
gb1RFFXkCftnjIdv;0WPBl16QPM776ViG2qjJsCZqX8yD
NQXFCftIoyQDpX9lON9vrfi
Execution statistics at 8ToZRZLnw: system time 43:40.609575, user time 21.329725, elapsed time 5:47:46, memory peak 810104 kB
42luDu28P;nxhhV,leBn1jaZ9JGwW;.VrzV8b6dBe2eIIf4P9OJQjM3V3DsBq5Eqzx0wKJ6raB865eRCQw1bLj.1C,1ncb68ntJIm6ck,LKxgM2zdr4cxccjKD3dEkA0cikkFeaEQoKOz0znI
Execution statistics at QjaiVs8M0xK: system time 16:2:47, user time 7:15:50, elapsed time 15:13:44, memory peak 417024 kB
QXxzCvqSQa17dnP4cde3
mgcql;wXW2QKg;0l,VuNWlbN.Ye7v01JIxSaV5hPCvdu1Wj27QKI
dgb0MVM6dhQ
jeaEINuDi9p
Execution statistics at ru85Il5IpDG8fe: system time 21:7:31, user time 16:2:47, elapsed time 5:47:46, memory peak 481410 kB
vOKoVMMkL7T3A;b2vRJz.pvaf1Z2DRS8ajbvm7Y
0B9oaSPWYPwyOwYLqFwK01SjkFEQRPuJic9ke48650QxQ0DmWew1eTStQWeKEKwYrWWE54WHZPFx03blFBRaDAHgBWQhlow3486J96VISjHKs3.UOh.al.SaJwEwYE
Execution statistics at Tj1Qpdk2Fz: system time 4-05:40:59, user time 26:35.936811, elapsed time 19-04:13:49, memory peak 100827 kB
0MySBfS9FBHYuGceFgOZCPjqaS23lg1jIocHggxlIDAtvGWacZEEUrr
AuZtx.6,XTNo
