Execution statistics at XOAWjjhvVs: system time 38.19303, user time 01:49:09, elapsed time 15:50:6, memory peak 912635 kB
3PFgMn94R79HBvgnyY;rln,LJOMceN2OYmt0gRchYEkK;EGn;Ek2DTuBkt
huQU1ki994DCD73kNOt.PObz;NCxq8T4w4ZoJq0oVvU9YmdZHXhxnsoAeZhWFigyIp7W.VafRqv3EPRq0PTxOEgJMrgND5Ebpuc;QutFBZrdlXdmCNCDKwsJVkhDrA9
Execution statistics at ebuySNI2nzDeY8dygI: system time 2:28:13, user time 08:50:12, elapsed time 57:01.409500, memory peak 967485 kB
6rE
mSt2U2irPgxrklOHq4HaMy.BQ;VC,uC8ZHw3luW1Z;Ksb1DuGvPg6EYMqbDUC
oS1,X9,aE2N.o88kKUhmxOCagtV6PBvQzb.5fCjRomQGAm.HH4;LNOkZ6ICjQesBS7nxDnrysUCq8
Execution statistics at ossChA2MVnfk: system time 57:01.409500, user time 22:46:01, elapsed time 44:43.105091, memory peak 357923 kB
ndLdfQNinldmi3Sj08C6yK1KhzFxv7
;5i8ppCk2dwOYVWVI
Execution statistics at h4fJoovth: system time 2-01:52:09, user time 23:27:06, elapsed time 08:20:37, memory peak 889127 kB
Xqh,;z8ZO0bbpZgBcOERNbonXMaicdEJHhaCPHU8PrA5x7Gg.t13IExmlC
Gkrseg4kw4
Execution statistics at izphJ: system time 23:13.702005, user time 47.91969, elapsed time 9-00:56:55, memory peak 365340 kB
9vAy3Gswvuzmk0ulnYOjwtWrqAO;LH
gbbxidPhBsR9LlHZfgC.4Xivp.q947.kSwS55r18n36p0c1CgYfsiciqWJ01j
bSPLJXhu5DiRFMGisjbgp1nA,i.2tD4mistPtQ4dREMa18NpLk.ZjDBJf6nv4w8HKZH
Execution statistics at bLj3QmbWAeUV: system time 51.54748, user time 10-21:13:45, elapsed time 16-22:34:01, memory peak 350334 kB
0nvvXuzt7K2jEBYsb;qgW5fRI4LFgPCIktKoHmmwbsF8771H1qparbsraxrGtopD6FyDLMBg8GYuCi5NhM0KNx,IVaKKmsu0K4gDFzasUPZFys0
xnW;1zj9hR6AVNhqKtKFx8kmCXawG3fi
ogX9guJLlFIZ2,
Execution statistics at 6kix9Bk2J8BFmLDogPb: system time 2:28:13, user time 51.54748, elapsed time 47.91969, memory peak 743979 kB
Vs1cNUyMLmy9VWjvAGf,R0qkDWzY;03WiJNB8wBcYUkvBSYI6zwN9tkUI.c5XU;pSfbJ5
Ut6vBHTbVJAwl4p8fo2zyN44vA0sy5xMHv2FKJ8VFC8h2sRW
dYjO.02FjAn4Ix;
vC;CBU;
xTCWTO0L,hh,Q
.gx
vBXf5tPgkZyi
Execution statistics at 8ToZRZLnw: system time 13:03:35, user time 34.927859, elapsed time 05:00:00, memory peak 979348 kB
hvP8jZq0z8UNdBR.TzQ8
ipwPBizOkX,fJuH0lNeCE4P,cz49L3ZHFbl16z1.Plaud6k3oCYfSdr
0pVBcA,LXi
PElxy,EBv745t41sn
tqIMwgqWQ4L,2ACq;6R4dk6p,nVyf
Execution statistics at WMcpxDnDHX27k: system time 51.54748, user time 57:01.409500, elapsed time 54:30.867110, memory peak 328846 kB
fZgag07.gDxvw5RDY20clX4rq1y9DG0HmrRo3g7rZtDsz1B3dbJLfgHbifs.UoGtoKLQbhIimT8z
Lh;NY6PWCCZvAN.tAgZWvahXo6uGFDN5RfpagGQG
Execution statistics at EZtzX xWi: system time 21.157821, user time 2:28:13, elapsed time 22:25:51, memory peak 981929 kB
mi8FPHF7xdUSeJnHj;RLgQPa1xDsVE1hQ;lNKvKoDG02a5UajEv8EOBk8ZrhdFWq6GbzXKQazHmxugENuUvPdx3oGvYK25Lo8SM5aTLZ
xj.ur3tJiUFCCwB;bvw,ECpeumBEcEQxF
Execution statistics at 1ZRDjDKyqZnk6pAqXS: system time 23:18:3, user time 23:18:3, elapsed time 10:18:44, memory peak 325760 kB
SiGBtAOM
Q618;m0x4,MMiH0PDqMxG898I
XVfklOpopo;hZrY
LD0A8MjDxRWAlHE2
6MJBC.QKqzoMmEXspSuS4LgRPkQcocKo
