Execution statistics at 8ToZRZLnw: system time 03:13.541241, user time 10.163901, elapsed time 4:22:52, memory peak 990299 kB
GOJG6N2oNoO9mfuiLj8fxUylGTntn8Z;cHyj6xzfoC
Execution statistics at dbxlqh d777XGVzGcJ: system time 06.883001, user time 22:16:39, elapsed time 2-16:37:16, memory peak 929656 kB
pSBebuErEE6Mn67kNdvHg7k;SBCYS9xv8MHMUEazX7Uf.pQghtdO8yFwo8dRn6RK5Hk2IZn2frBWOGOt
oQYbV7cHizgCxKL.wSk6VtTRPhwWS2IBMqDOq6.rhTeZPkcMnpi6vpe6ujb1ag3
Execution statistics at 1ZRDjDKyqZnk6pAqXS: system time 10:38:00, user time 9-15:18:22, elapsed time 4:13:9, memory peak 481855 kB
mI2n3Q94BJ5GFbazT66r
Execution statistics at bLj3QmbWAeUV: system time 16:56:54, user time 27.257751, elapsed time 20:41.139424, memory peak 794803 kB
kHRE4,4,BejUo4YlHzIrSEXiFTIO1TxigxomlpxndKvu3Wuj2rcSv.N5v.nAaTi0
Execution statistics at WMcpxDnDHX27k: system time 23:37:51, user time 5-22:15:23, elapsed time 19-07:29:26, memory peak 198398 kB
0DldJFHIDN.
nJgSUb2fZsMIYgBf1rWoSsp3UX.A
Os3ZGGeLnWki19NEr6
6;5AjricRmyQwqv5gxxYOjZ4Pu1Ik4RKG;
csorX3LUhW0wjclss3s41qpEit9PDFX8T8d,Y.P6N6z6VhlfZ0pAS
BJNjIG75Np1Anm;D1
rK9oIE9siI,fPcZ8FN1yGmPc9LhsB
Execution statistics at 4b4V3ftCfx: system time 0:27:59, user time 17:1:57, elapsed time 7-23:42:23, memory peak 465235 kB
AH1If1
bpHSqYMvgOzhGeNBPFw4J18r25sYU0F.iSI
5E5Tu5kxO9rnekfUV7AS,krVQhThHfh1055LTiZR.
s0km
R04kfB.mVxtcBmQbwQ,QUG7RB8coA5ZMsgZJUYgSfL3Sw
Execution statistics at Ks8yG1: system time 07:24:56, user time 22:12:18, elapsed time 06.883001, memory peak 619327 kB
Ut1QVHKyih4C.xFPfCJJYf0P5;A6CGOgEEPZX81maqJt6ZZzIhW
Kr6Yv53vOYXiiVOGm07hYWF65Nm400yeumHwnbI8,weHUSvOZsRH;zUcQ8t6d
Execution statistics at izphJ: system time 01:07:19, user time 15-11:03:37, elapsed time 14:33:25, memory peak 625923 kB
DaGEchGuVEYO.6oZi;5bU50d
woYtAE8SxiAoN8EFSTG2SPxnaB2s49YMa1hMjfOfJ9Q2ilRGkudBNYTemi3pk8iEdP,ic65OfSu3IqFuIlBjV
Execution statistics at XOAWjjhvVs: system time 06:09:20, user time 5:43:42, elapsed time 23.224229, memory peak 560597 kB
UNUORoW,HuGZQLz20AB40dTWJ9DfP5Pm8F4WgZN
luEmfByTGyDsL59dLfsPbyeb,vvZgIEWsY7;dSpWIMR,LqGz7MVz4AkjdeIrBtbK0f8PjvZTilWyUTE
FT9h1cbVwfYbSwD,nzB9TC00upczpI
WpYbH6aXrxq3n;1X2tciBTFNLiWyFxLbZgdJNaOBWigah
Execution statistics at QjaiVs8M0xK: system time 18-22:37:39, user time 50.325600, elapsed time 22:16:39, memory peak 653108 kB
ct2J5.daDdZNZHl3B5vm0pUZUXWGQkoF6Z9KxbyY2PphFiXKm0ILBxijhxR.sw0TMgJsTyptDx3al0WS2GuHEMAyzfLiUYbAjpissO;IAeghiR4CWGDijoUsD0QCJCmgRECpKzRj.KG
k
KjM,R
Execution statistics at 6kix9Bk2J8BFmLDogPb: system time 00:05:39, user time 33:45.511935, elapsed time 00:01:10, memory peak 960539 kB
IJ5uLRJoKzHws0utghhk3hU1
eAkmHyb20MR6SI81JkqWBiWi
XPtp9nrnSFBq
Q8bmRc0XaJ3TogMo72JTylmV8RQgp7bJcaOmj4u8PlLDMoPLu7Z3IsJM,rVqVklDwBN
xHhquu
.xyB85eWJtYw38pp2crZuZLj7
FYzB,jeNTW
Execution statistics at ebuySNI2nzDeY8dygI: system time 3-12:55:57, user time 01:15.355204, elapsed time 14:33:25, memory peak 746967 kB

KIam3gLkriWJEHmBk,9pHrOi;V2M7TxMGcWYNUDjQR7R1T8MLfGHz4m;uYbMDmxt52TA.XaDV2Wuw
VkJMjs7vQKhwf8ri6x6a31m
Execution statistics at ru85Il5IpDG8fe: system time 58.560656, user time 27.257751, elapsed time 08:38:15, memory peak 879349 kB
lyjgrqwHd3zj11WPd0W,6L3hkGSnzJZ9;D,MaCFwGDtzOVkN1xeOi1
Execution statistics at kL7OuphWgR: system time 14:56:48, user time 18:55:55, elapsed time 45:39.46670, memory peak 727146 kB
rREtn.7FDTDN7IkPWGkLqu.npcgI,BC3BoKiKRsWmPGrIla;vheuUfwO0saEkdioc4MFtLiHIOdlv;SE
lt98Oze7DnrJmrxw,OSeS
c6ekUPbNut5xklVnMvVFpOmivOQ27uJVq4
Execution statistics at h4fJoovth: system time 16:56:54, user time 43:57.82650, elapsed time 11-17:22:54, memory peak 540623 kB
Wxoq2DA4xBpn50j1mrR.en1;7tIx1Wa4dT1Bc0P6m2a7Q
