Execution statistics at Ks8yG1: system time 10-07:30:17, user time 5-19:25:51, elapsed time 13:32:23, memory peak 65231 kB
e3qXiOcbk777rkRZ3K8ob8YwjrU,NuIfB3TzMrpCpNdxmPIGxIiTz
Execution statistics at 8ToZRZLnw: system time 58.969034, user time 00.239147, elapsed time 13:22:58, memory peak 807407 kB
1HCHqrS2pv3NRPOyeWe1DNG6e67UtY.UwPNw,pw7x10zmtNyrC89YPafN9z5Brjo.6.7CmScWACn;EW5F60laqc7O58iNnvNJIiubsEIK2w,PiTQ9YB3X0
Execution statistics at Tj1Qpdk2Fz: system time 54.500619, user time 15:33.19796, elapsed time 55:07.744476, memory peak 488706 kB
yFPzgjeVsj9jcWiMes41GQoY2hRI,F6,CY.xTwDbECnjXavHab4OG7icgKoPlblCpaM5PLGu0nw.XcsogBH0yDIbx;ltFF0o97cQe83r0Z,6JfOvbQMKshDcNEVTN.ZpHUIYm
Execution statistics at dbxlqh d777XGVzGcJ: system time 02:28:59, user time 54.500619, elapsed time 53.525520, memory peak 212124 kB
nHYH0ZTcwMame7bSS;i4avFtGEgEPxKzIA
kjSxJUceAfrnGcspKGZ2Qmxc
Execution statistics at EZtzX xWi: system time 15:00.511427, user time 00.239147, elapsed time 14.826704, memory peak 793926 kB
DSwTb2ldYgozFJlqYjRoQV
sQRoYjyfW0D9CnQ9YdmIj824rbu9y9bAu
Execution statistics at yD30i9UUYsVftH2: system time 19:46:26, user time 56.162653, elapsed time 17:32:47, memory peak 204755 kB
mBdn;1UwKrvsRg
Execution statistics at QjaiVs8M0xK: system time 8-04:55:24, user time 5-19:25:51, elapsed time 11:48:41, memory peak 355635 kB
YpU;UiJsDvsb6Up7Jy;3EXlkVJJaVYjD2QI5dR.6ejExf54JdsvMGHidBwOY2ZeTO4ZEO927.
spCnS,YyRLfeiENegTrmC4FLo9N9LSy7f3VbiOAhEa5AKREPLw,3vFdE3iR
Execution statistics at XOAWjjhvVs: system time 02:30:57, user time 53.525520, elapsed time 54.500619, memory peak 553729 kB
3O1DEZA7FGFaNSOhSk2pmhaNKEx4OevdUToPWXcAe3Oux4nnqJ3xgD,4zF;I6ty9W
Execution statistics at bLj3QmbWAeUV: system time 5-19:25:51, user time 06:47:55, elapsed time 13:50:14, memory peak 35619 kB
wnqYCoSGXfkjf7MeE3A;zdCufdnCFAIKMbC799,wXES;U17mL2ERYN;1ktLuvmm1
0
Execution statistics at kL7OuphWgR: system time 17-11:12:01, user time 10-07:30:17, elapsed time 17:31:0, memory peak 953118 kB
omAzX1nv9NBO3BrNFvD9D,4
U3gjRCgexoBud0W,xfSmLuI47sW;cHbdP9VKWNWDCnx82.OmybAdIhTgI1K7wuQr.h
Execution statistics at 4b4V3ftCfx: system time 5-19:25:51, user time 5-12:38:00, elapsed time 00:31:40, memory peak 63340 kB
0y,0QEoHvdqkemOXLti
Execution statistics at ru85Il5IpDG8fe: system time 00:31:40, user time 06.360258, elapsed time 3:25:21, memory peak 201839 kB
QuSSYbnjbL8GJ7DJSZtybVDZ2RhKGmCbWgdJN9msxWHP
vde3VECxkbPCO8PW2n
nSqc6CgInGk.nNS95Qt0EWoH18J
D.DJ8ml7b02b8TsNJGdPqpl4KgJgV
PdGynrLAp0d;O60pKB6d2F7AGxBHAIZnSLfaSsXPsaoYpP8sLDqnZXukDMNeZMnzC7qk24rp8Kv1
Execution statistics at izphJ: system time 13:50:14, user time 17:32:47, elapsed time 13-05:22:37, memory peak 747812 kB
ptOC2Ar6HA7KTzRntnhai4TBf,L,IjVM0kHtf,rNKK6wyFlp
bILtTDVJKs4M
Execution statistics at WMcpxDnDHX27k: system time 06.360258, user time 25:59.731122, elapsed time 8:39:47, memory peak 47371 kB
Yf3ANn4Q7bxiFB4wKhk,WbafIU73M9ZpEjh0;CIOuu;N;fg0c;CH,hUEuWZQ.7BovCKabyOWbkm5lC8WyCY;ttZJ5u..3O43hyrnTTUsp2Yi,,wRZ3
Execution statistics at 1ZRDjDKyqZnk6pAqXS: system time 02:28.603321, user time 03:41:13, elapsed time 06:10:49, memory peak 295401 kB
qId.gsGPbYzgGsJact;QHE0XN.s
BAD9Gp6g7wgreKMfcGefo7ioi2TX3KwNDrR7M.KfYfeRuaBywMQ2j8uK
O
bu7;n6HeMWKCg7j1WVvhG3sDf814fPc4pKd
Xj
Lj
Execution statistics at h4fJoovth: system time 35.814432, user time 5-04:16:24, elapsed time 11:59:26, memory peak 399002 kB
69at;CNhHQa.w
oBkDtelD2bQ.wJoITBvv0ZVXKCR2oRgWvizj4aO,wCQd;6K71tM;rmYg.NKuK8u9By7e7bTkZ7482m8HdNY
M7,kDIkXsOQO8t3BxkqGp,x
Execution statistics at aBS1 KjE: system time 41:28.813416, user time 32.810958, elapsed time 5-19:25:51, memory peak 733228 kB
ihjLa;EFxGtSHGnqP5suKhlEyCzc3CywnsjP7RVGJ1.Utt;Dqrh67Au;gKE4fji2QN2hxQbfRFaq1YPoX.8inhuitVx8O3YU,E,xlX0b99dM;LL0xbnEif;FJAglqfH.9Ap3G0vNC8
Execution statistics at 6kix9Bk2J8BFmLDogPb: system time 11:24:51, user time 18.33050, elapsed time 25:59.731122, memory peak 655263 kB
nno,NuofRdBsB0Flv8lXlo8e3La9hZNDyFtQ.FIYq;WDCAt;0fsgvncAlGPm
0GOwO5k9Il32.evhWvVQQhEUUvnDWIuppMG;4bfti0t45Rd0FzfSi.CiOOCWRi8s1V7r6OIoWQ29ThHM1OvFvRXAxz9Vw;8s;md,60Rjgd1s27pMoxoF3
