Execution statistics at zKVi8iD: system time 44:10.788999, user time 55:48.148809, elapsed time 44.443076, memory peak 766813 kB
EuiSCG1nWN,Art2Lv3zHFdzzaFdCT2hZDbxYhCNjq1TYKNs8YRFT7AHC
ayx28oxqrvpTqMdxRva276IEG;KCPOKAyhbFMFuwtV1cOlLw.vQC.gyRcVZoeR9;QX6vGBfH01d2YzG
;;f6pBhWnu.Izu4tO3LPvwS
9enAZayB0
Execution statistics at WNVN2: system time 18.386404, user time 55.322871, elapsed time 14:8:43, memory peak 865709 kB
CrCjlY18oUzxqh4R1dcL7T4nhDIVEauL.07C;
7ph1e
Execution statistics at EKuNuSlkYaSXvlU8O39y: system time 17:50:19, user time 29.489136, elapsed time 13-15:07:35, memory peak 904554 kB
7OKCblPv1Cacffa.Oy,vl,SkiJh.BTdX1qBAxuJCxkxMvLGhOGLuZvBoVbuewbDCj.PAe
Execution statistics at Akn9AD7He9 L44kIm: system time 46.914455, user time 43:29.316733, elapsed time 46.914455, memory peak 697416 kB
aKB1EkcMr9dv8Y1sMNKywZY1ZFmipK4xJX8BDKts0IteDpMSQVaC.
EIron4dGFUTf.necRxqBmg,JDdxc8PZ.qpdc.Jda4AJPSye3k.NgD8KF7QGgjWKM,f3;5uyX0CcXdo.EMGrEp,R3SxbZo
.0
,s
EF63t;JCt;GIDN
Execution statistics at hTnNlSnfju5FCL: system time 12-13:37:33, user time 03.930310, elapsed time 51.450984, memory peak 812720 kB
i4;NoS22PtV;GiKjfDP5SCZ0HeXT9M8rPf5L
42pXnyPYMIQWb9B9dZZQ,yFkpdkbS7i2Fc1MQ
Execution statistics at rvfO jnMtnvaV5n3bPUE: system time 37:20.424597, user time 42:03.724075, elapsed time 05:23:04, memory peak 161558 kB
takoZkLXGfn.9i
BWu;L2;q,PxRmY8au4swuJkcYk
Execution statistics at E4Gg83SIF0: system time 15-17:27:01, user time 8-12:51:51, elapsed time 5:40:39, memory peak 689094 kB
yNkvlzeIzZrvWH;EBcBcd,QU9H4UbnbljVsd9SNh;qht
pNt,,80oqlf;G1MbgXIgKOmLCcYJKon0uCnYK98t7oGE;IO,OoMHKpwpqXHhTKI,,oT.SmBuD8LXhu420kNjc,TUK,9ZQCqWjtYBZ1pM8F6x80p818Y1CuLCP6FrK13RS
bOho8dB
