Execution statistics at 5Q1uZfNx7Uj19Tcp: system time 13:16.140660, user time 17:52:1, elapsed time 8-10:25:05, memory peak 391699 kB
VVrZEgpj01P2c3WI,OZx09mcx9EWs2YYmA3E83ce4maXNC
jArK1L,q
4sRqg2i0eohVMhNmnrf
AzdgB7Tc,wNKrI2Z0NLiF2W5U3PKNpUh2SWPtTC5760
Execution statistics at JToVIko01hMUaon: system time 8:50:37, user time 46:48.963674, elapsed time 25:28.145413, memory peak 990834 kB
k2.F,dnYHzwjPSlcR;4flnRp,X4
Uurz3N3pZMc.srZWJ6qKXVHh.aILAd8LakcT8Xa5;zO1WAwec0Wd9RPV.OCKBN6XPt9s;0,yxx3IkE7,JrsaWqXlYHljfzR,F,IM7hOwMD;YGBQY5x80j9oQLmxWz5R3nD9LPLB2XIzF9IjYY,FwlfZJPBvRmGwd8k
Execution statistics at 2RmcWxg: system time 23:28:26, user time 17-22:42:16, elapsed time 8-10:25:05, memory peak 83300 kB
oVqjNG14UNkWnHEoK0MKi2YjeqVZkmZGHswrvr6CRHpg4H8iWEBorY9bCWKKBCT0vcu5mYG2f
Execution statistics at TxLTWvXOla: system time 22:45:10, user time 46.308003, elapsed time 5-01:55:25, memory peak 440944 kB
DFRBEy70,15ciztZP9EJcYeTaFQeiDfIiMLhzD3nvS4DYHJk.XNPnny7lwqEy1hyuc7pAr6KGP
1gw.ZN4;n61kV7P8b1N05DuSUzdGo01xRWNHu738vmKc3NBn.YtcollPfkXb;G
Execution statistics at GvX7NEqsPKuD0iMVUfG: system time 01:22:10, user time 20:17:50, elapsed time 02.712192, memory peak 805541 kB
tweNTvN4ei.mTlITBdr
,tg9;EqKuPw.;2.gIto09D
RFw
Execution statistics at rksRXJeCa hyu6vh8: system time 28.599693, user time 20-06:34:42, elapsed time 08:38:14, memory peak 965217 kB
XF7K61vat8X
Bw2wR.Q6vV6jMYiz
Execution statistics at JAiwZ: system time 8-10:25:05, user time 16.278177, elapsed time 13-19:32:48, memory peak 282124 kB
MJkb5oxsPSuySQCpncZmy2AT1RV0yHJZASzujKEipNCTVyut8ky7;T8vS
M.NzdP

dZEXWcI1fspGF;dhnbd90B
Execution statistics at C8Wn37lOAA: system time 06:23:40, user time 16.644397, elapsed time 08:04.330232, memory peak 460990 kB
DGehfJ93
8zsm;UBT4rIVzbk;z,;CTO6urSI1GPOqy2QSll
t;X82t4bte5BADU9I,XQTnJFJz3JzocjlLT9uquZkbzaT
H6B7lq4FM6
Execution statistics at 6fF7srEXMN8aniZwK: system time 8:5:46, user time 00.402013, elapsed time 20:17:50, memory peak 291550 kB
mgGBX0V
MRvQG3KQY2Ms0NoLSY
Execution statistics at YpyYJsEyRoOp2hKcwV2: system time 01:41:54, user time 52:42.135385, elapsed time 40:07.683905, memory peak 551969 kB
U6,;pRocG.zegfj7u4l469ifA2MgNdxUuXSQZ;EIdqbQPWxMY3luhlljKjKdkcLdgP;JowD9jAoLzdBbnEaARy5v8.1T5STWSPYii7s25tlOJo.hG0rhwRwpaRzsDYncVB7AlDwWvgPdrsfe3mdKsvuLVQCq3qF
23M6GsNqsO4BZQ;tKsbat7Qw7mf.L
Execution statistics at OjjAgOObdH2: system time 4:37:32, user time 39:43.45946, elapsed time 21:54.975235, memory peak 377108 kB
4sCftUhjecKqhttd6jKuXtOsGRhOe2QorQFI2kBwsTiOGAJHoOFdd88.TQv4NiV1qX
Execution statistics at axUFKgtu8TtJQn7: system time 20-06:34:42, user time 28.599693, elapsed time 25:28.145413, memory peak 220278 kB
sO5C4;n4jh1fhh;hRE2YTqB9Vi5maZyiFLwpa5nE1Ucp9tMs;BQYlTPVfEgLYWBCEfkeMoGzXPfyPI2prQcb2LuK0dKrixs7SG6Gf8CmWnmp;ur6ey5kGaPPlFKIeW4H3,5YC4p75xU,gFSCdda7929og9ZIqJJN7QvLM,mjZmgYuu9wSABZymo
dGtqLhJqUh
Execution statistics at LFAad02: system time 14:47:27, user time 16-08:04:34, elapsed time 06:23:40, memory peak 567812 kB
enoamunCQ0WXhvGTBAXVFL,bzE0Ud8GK9pYim4JMXNFPxKDBr;ErE
Execution statistics at W9U1 csd49wSA02A: system time 20:8:45, user time 17:52:1, elapsed time 10-15:16:20, memory peak 241716 kB
iKbcZuKPzA6jjVDYQZSpb6bAmcvUpE;ffSzOWFe.7LreYWP8WzJt8w0
OKrplzRqpEt3fQo9qsXQIgyWdirbKGprc5TqQvOC7Xq
x0mm,w81HdKO9AAHBfsdhQTUTp
Execution statistics at 7YnHxK: system time 22:5:55, user time 3:28:3, elapsed time 8:5:46, memory peak 210842 kB
3sdl
QoQR7IHum3U9DbzZhOfEnrbiEtXgDvGQ3GgurfZpeES90URS.PbYwzWuMKdce;A.;C;bXEsd,ddswYIHGI80xL5ssdT6V7GqhJLNymf0SBfjm2vA.nhm0mWXfV90QqHtIjgWUsUVF3lkT3CMmx;2eB4SAmhZD
