Execution statistics at GvX7NEqsPKuD0iMVUfG: system time 38:49.863320, user time 05:08:04, elapsed time 23.844079, memory peak 423862 kB
je1QlQZeNpXB;z31eI0
Execution statistics at TxLTWvXOla: system time 20:43:33, user time 8-23:17:52, elapsed time 05:08:04, memory peak 769706 kB
XkVc
liu6IeV9IsCIdDO012RG6o;.OWdPo39XcQ2I9ThZJkh8ne.FSMMJ5M
Execution statistics at JToVIko01hMUaon: system time 8-22:13:27, user time 13:54:12, elapsed time 14:47:40, memory peak 116850 kB
IS;VWnOwNDxXMo40;gvHMT8LO4d;OVUEOx;,HOBULMSb6ZDJb0EFotbA
NECu8U
Execution statistics at YpyYJsEyRoOp2hKcwV2: system time 37:00.125935, user time 12:52:50, elapsed time 20:43:33, memory peak 994086 kB
nh4lIMq2WzFJ4ZEy2p8sNnP1imPr
Execution statistics at axUFKgtu8TtJQn7: system time 17:46:55, user time 14:43:15, elapsed time 20:48:41, memory peak 788780 kB
LWW;HdRaUf8ECVIX6X5YIsV6MMaSZ6Rmx8u6Ol80laI6SpgA6UhITsdQQLy,auoUAdObGO5F0WERcFA8EPDrQhA6uNHU
Execution statistics at wUjxwzdkqtA: system time 12-01:41:39, user time 17:23:14, elapsed time 58:56.195050, memory peak 934121 kB
Pogdnf,U.m.ENv22OgZug2SF
fBcJakvwIOlcYAnz3tKQv8FselTVn9CnECBGoHXQIS1Aikdj0.8m7A2N4zUbKf,QpUiJG93rMlpgToPH.Y8OC5,vZcOYt0.gMUxcvGmvbMcqqrU4F,361dXFxJ
Execution statistics at OjjAgOObdH2: system time 13-06:19:32, user time 20:21:30, elapsed time 03:11:25, memory peak 481662 kB
BvalgO9zjjO8jD7AbGX3JtnCem4QVKvBxibkqgqEZy98N;sXDK5BSPBIwZUUc;eJ2m2XOEoG4FbnrxNPgB5bTrhQRRZ;,uOs3qSTnfIF388fBcfEldvZ
svE6MOu;PkJ
PHZncn1UxnF
Execution statistics at 5Q1uZfNx7Uj19Tcp: system time 03:11:25, user time 56.243831, elapsed time 8:42:58, memory peak 430457 kB
i28VCKMN,KovdLcTbsCiL2gEK;egtx
Execution statistics at KGy34: system time 17:46:55, user time 25:32.949746, elapsed time 03:11:25, memory peak 803591 kB
1wuxb8
7qRJkLvKGrPCq1b,M1elmAcp8X0Qq1VqwljTyfp;cgZrLuH4gEKApgzrO,WI2ayaImoNABH,je5MjPavDFHr4DQ5
rGMs0LcPR3PX.lM2XtXTHPl1mnXH4
Execution statistics at YbARaaXcuTN2CtPYO: system time 30.733328, user time 56:17.399716, elapsed time 21:37:06, memory peak 671401 kB
1P
18lfGjfNIhHU.1v6Pmo3JezTE.MdNdaVMZTfevlud3SvpOE1UyFSXcUR6HrjgTcYQ;;9fUTCmoFIh4A6B89T,Ke8EtEySzL3dTS5HZ7IqGIU9zNb,sZkxw8T
Execution statistics at 2RmcWxg: system time 30.733328, user time 14-02:28:31, elapsed time 46.939929, memory peak 793226 kB
eTW3BKp,qaFXJY6MrO.XqzI;iFaAD8IuDJBSPrpF.DRcDdEYLUGWpsYAqv26H52HQ1b8;ibwyu,SgbypNGzQDRKXB
