Execution statistics at axUFKgtu8TtJQn7: system time 10.214867, user time 10.712098, elapsed time 19:22:51, memory peak 68551 kB
u4n4cwp0JB
uSVA5jspSMKTm8yWXd0vIiACL6MLA9PM8N12,47EBiq58TvPKXKGwloM1XCKCMYvvhKJR6pwPvUvQl
hb7t49IaudHXM.JpO,GbZ1SSOxA9tY7rbXqmCdcJixrOIFYFV5Oh8laZnBf2BS3yTI
Ma3BqhOqpR7PTPG388mLOvNUTxS2mOBkeP7sTnqOKHX
Execution statistics at Q8LqWu2rPlPlXr: system time 29.415794, user time 19:46:56, elapsed time 13-00:24:06, memory peak 638365 kB
BENxqFI7I1roAK;1J4NW9K5a0W,VEsgHLGrzOn95SGlo2oTu
z
4xjOTByh
EvNiw0tCH05Er2obxWnZW5RinVB4ltZy6zIaPP6M8hXHyYYMlOK3Zoa8V0CvIaI58eFNdCsWB,.vsIadockh0Q1AY
GjdFxYoQrKvbcR,0;PCyGURPh0Lrd;SBWhhwei
Execution statistics at wUjxwzdkqtA: system time 35:53.29004, user time 21:41:24, elapsed time 18-16:15:42, memory peak 190868 kB
8cx5kEmcLjatk6w7u9V
Execution statistics at OjjAgOObdH2: system time 14:14:19, user time 10.802590, elapsed time 4-00:44:22, memory peak 780750 kB
jtHNdn7,CplImQLZ5A66yWedwlLCzYJWhvUtAfYdl0gzuUpj;njldyOFcdDp0f
BRs4mRkwx8C0N86ck5zUnb2NENVv
0vCmsVOlKs
Execution statistics at KGy34: system time 8:46:28, user time 01.834644, elapsed time 20:51:52, memory peak 797165 kB
adRqp;2ZKq8KnuUY6YlQGvR7YnFRffWf5WI5GwM9XL3a8P4NGiYv3Slkmr8sOEP,X4b788IuLEhSZhEKuJr
H,W
Execution statistics at 7YnHxK: system time 20:51:52, user time 29.415794, elapsed time 57.701017, memory peak 581450 kB
sPUe0XWPC0egJfON
m;NC9U,js
Execution statistics at YbARaaXcuTN2CtPYO: system time 19:46:56, user time 05:33:06, elapsed time 20:51:52, memory peak 669624 kB
Ez2naW8L
Owfc7nGsw2MPSWqGDBx
zhTpNPPBDcF7nWeqyLIzroHlCAFiipwxwGoAG;esAE6qSqSdxRY,rau32XFT
Execution statistics at JToVIko01hMUaon: system time 10-03:08:27, user time 33:38.56043, elapsed time 15:58:6, memory peak 823861 kB
fbm5rV9pMytyMQpAuYMutafuTHH;oZxMpJqjypVX258mn43jh0TXusrm9KMF;Pc7DZHuc4Os6xhjxM.SubAFJ1z
Execution statistics at 5kZM74BZEPBfWqVBrj: system time 01.202339, user time 06:02:25, elapsed time 3-23:27:36, memory peak 295348 kB
akr6U.nhWO2z4NcEUkit39M3PAt;SITYjyVPZlwwq
Execution statistics at rksRXJeCa hyu6vh8: system time 10:18:37, user time 2:54:51, elapsed time 27.459596, memory peak 287568 kB
mpcoCHiAD8KJF;7rLg
Execution statistics at GvX7NEqsPKuD0iMVUfG: system time 11:50:05, user time 48:08.371471, elapsed time 20:26:51, memory peak 958665 kB
9i8EXavVPiktCYbI28GNBCRaBIsi5uTP04w8R;PvqpuxJSlLZc..4
Execution statistics at W9U1 csd49wSA02A: system time 20-22:11:02, user time 2:54:51, elapsed time 01.202339, memory peak 593962 kB
T
l8MXlCg;4WqdTSjZZzbKXNU;XHRvybnGIkZhhl6xtf9aBDbOSQu;ysaGFkdQJ3PngKuFhLJNIsUos
XQwCRyL7n,xpvMk6vWqOAQpSK,V
Execution statistics at 6fF7srEXMN8aniZwK: system time 51:42.359066, user time 19-21:25:51, elapsed time 4:44:50, memory peak 634058 kB
ugs;jatH5tAbY8z30oV;b0K8d3GRhWoOQZGIj,88Cgq.gIYli;SFCIeeJsNXqxMxSkVNwRguohX6XjyIq

5zj3FbcfnJR40Wot13qzFTx8jKZnpg7tH;Na4qdqG3,flJRc6M97R
Execution statistics at JAiwZ: system time 20:51:52, user time 05.736705, elapsed time 40:34.246449, memory peak 343689 kB
hXKh1rlg
l9lE,Rb5NfV0jCugkgVvJ.LjvhQ5Ne5GfrSHPKWweN.eqK7,6MFn1k;JM8p2qk
r53yHk56P8n.osw;3DNLWA;,Y2HyKgNBSSYLKD7EBTcLA2tG1OMBsPGxu9Wv
Execution statistics at LFAad02: system time 15:58:6, user time 16-05:45:45, elapsed time 19-21:25:51, memory peak 514371 kB
YLy2hA9y5.gzrH3aYyXC;U.9PC1hJyUuwFhk.zwsk6bGwFQmnkjM
Rq,HLJTG.2Aut
r9g2rWtUXIVhwuTN162W
kgY
5h5m3eSpTdZJ7ZJWhexcNnUKhz1gK
Execution statistics at 5Q1uZfNx7Uj19Tcp: system time 29.415794, user time 15:21:34, elapsed time 19:41.761361, memory peak 126891 kB
hi9NkRiU8EIziuqd05RMkIMt8
z1oiVl0AFgINE1J74GEO,6YKYTfKM,IJDf,;c1tO,bilAjuR5F83YbfA35bzTmSms3E4U.aQ0i1JhxBQY2LpC6a5
Execution statistics at TxLTWvXOla: system time 23:33:04, user time 22:33.806227, elapsed time 3-16:36:46, memory peak 469078 kB
R09pTPg6Jd0DUH;dPEbMTwh5eVnDDGGWT,BON8vk
Yf
vLi,TqxK6U
VkKofUR.lYfV6L8uH0GfqZLERzvvm3,QvJWal,AB;u7YlYMIQeOAK3F0PMXhnAJKk1
