Execution statistics at dbxlqh d777XGVzGcJ: system time 6-17:23:28, user time 47.958216, elapsed time 13:41:36, memory peak 715523 kB
.c
wL
89Safz5WQCeVHqX1APNGDIFCdzsUgXnXyLh2
nY0YvlBXpJHytWW
M7wlXQQPv3GqLBygNLxmwGlYQYFhbv93EEjD1daUUv0nTvKd.pLdcIWjKhepr.Hei2BLtZV1llf59
Sr3I.WUAUXfW.Df
yEPN.9nvH,RMntiwqrXTEylAyXuVSYXR2juqL0ygGU
Execution statistics at 8ToZRZLnw: system time 20-19:42:21, user time 12:55:02, elapsed time 47:42.215558, memory peak 172036 kB
dDwXj.dKqRbuhd8O0E;VrahWIzTPk5DpSMDrrImza3R1p.WWXYDg0YSShuyTIPsPSNk0tZtikvyjSUwjU9jS7RJDPximsvHDi6SiAybH7c0n
GiY,CkM7a6
Execution statistics at XOAWjjhvVs: system time 21:14:37, user time 8:34:53, elapsed time 32:44.697601, memory peak 392212 kB
GISMpQmKam08M;evSsGxVPmjyX9QWtj4ZtAwe5Jz4pCo7Wfa7PeSlopImi2g;NSzvHcuRthqe,B8lLRyZ9CvJq
iQF6TBWc6,s6rLQbBsJUq6w76Z,xWsp,RLJ
laQUctxMHQln0Y
ys
2;OvSIyxdN.Y94bGWQfqR7Kyk
wh1Ro
Execution statistics at 6kix9Bk2J8BFmLDogPb: system time 26:40.496488, user time 9:11:5, elapsed time 32.93587, memory peak 88721 kB
h3ZvId;vCo6S5Q6LunikreAcpnasBB3hDl;akRJ9zcPkBbWyGV67zSe.ngKcftyjVsIRNMPtlJrWT7hWcJW
ukzhG5uftQiKP
MP
uLK7Rx7HC2dJkqZkPt3eTZe2UmLFCROVXoy
Cis.clH3rq6V37y9Tl1bhG,e
HHcdWv666GE
QDtnxP3XSIaAJAsST
Execution statistics at izphJ: system time 33:05.737372, user time 9-05:18:12, elapsed time 01:46:46, memory peak 450904 kB
eRqTQ33YejGVG5MB,cJ5Ahe5sPdVuDfbO4
;s7x.FBXiU6OI1yWZQgCHm1iQ08BpFXruw,2BH
Execution statistics at EZtzX xWi: system time 29.693747, user time 6-17:23:28, elapsed time 5:11:3, memory peak 628697 kB
2zp,JfP7d
gu8Qy43x5SL4jl6M;kAJop94d9.h4lD1y2ORKiiW,yXtc;
IHLd;wy4jym1fqyCwESGYn;HKyVOsCWM
Mb3KXv695;O;,MhF3al6Bqn5G3zBM
rusme,e.55MNYa1eja6C8KA.
oy0,IsbL
g65XfRORD;IfV
Execution statistics at WMcpxDnDHX27k: system time 13.135574, user time 1-03:24:30, elapsed time 49.868688, memory peak 968632 kB
jHG5xdscFXvVMI88;P0MEeNy2lQIqsSU8oG.zgJnI.ZpIAv
GKjg,8ciijeaF3UjKMBClFifMbuPnCxpoi49Cbp7jJmFN1EfiDZkMK94QE24WW58F4cPqKle4afo8y6tL;xqT.QqsXANlc;anVg,HHfmhSaUyif,xjVflZJB;1FV6wo3GkKVMhizTBab
Execution statistics at kL7OuphWgR: system time 13.135574, user time 13:00:38, elapsed time 6:48:31, memory peak 299902 kB
vcHeKv3dXFvS1flhhqBPLeGK1,xgm1323TZPC,g6k75hxfZ8zjesbkuy;bIEpjbGVRx9Cp3.;V;e786I6I3t
3RmMbW9ZVRtQujovRYWn5WVHC06Yj1qadKyU5R8tETJI;W;
Execution statistics at ossChA2MVnfk: system time 20.560658, user time 9:19:48, elapsed time 13:00:38, memory peak 403879 kB
PBrjcieXtuCTpVb,o
IgPsoYELgMlgmpqCE0NL.6Pi6Myc6qe2djj2rFIoVSNaSLWKtmpLt;uZFVHYrxWb0BqPVlcDaQiBT
