Execution statistics at kL7OuphWgR: system time 25.968528, user time 17:56:36, elapsed time 03:04:45, memory peak 379438 kB
wBAWn1VqkX2

dHRWEF5Shy.LvcX2qX6fmKd0HCqvbX1RS4ddc.IBSl8uXj
iCTy94
Execution statistics at XOAWjjhvVs: system time 20-09:52:05, user time 14:27.945359, elapsed time 22:48:2, memory peak 786149 kB
94kJV.QV2BcoOFZ2OMLhzdDI2lqwka8.
6B
1GWMmklGI6mY
AJTouQy;vhDnmUktxm4QVbk4,GwWk4tvc,S7b2IlTOesn,PlPw4v.jGRR
Execution statistics at yD30i9UUYsVftH2: system time 12:58:58, user time 14:18.494096, elapsed time 14:18.494096, memory peak 229655 kB
NY.o;mn8UEPd,6E,kPU.3x4rcjULATcJsyvbrYA6QqNttNF2eCDjQIjmdFlZaLWO7;yFCM55DSi;M5hTPwl20Ot.9cWc
Execution statistics at bLj3QmbWAeUV: system time 00:03:07, user time 20-21:17:49, elapsed time 22.516737, memory peak 829651 kB
l0A0ZqQdS5r5V
bR.tCQH0Lub2GpZw,Tim7.mmgQSwpfjhr7E1UK2ySw;RguarZrOnGYgyVEJu,je7A.z6KZQTJ;N
Execution statistics at h4fJoovth: system time 03:51:32, user time 12-11:17:34, elapsed time 2-15:16:41, memory peak 423273 kB
QHddexQ8h;HOxyfxctj
NsEwkO0;Nr
Execution statistics at WMcpxDnDHX27k: system time 08:09:26, user time 03:04:45, elapsed time 13:14:23, memory peak 253219 kB
5ZY1

cv5dFAYGEENRygNtM0beDPlv6mwKqefvHNz.oghFpBU0fF.pUjpBlIxoLVA7UZgaiZtm.n9TUBzUYmMR9XVVO6pK
Execution statistics at Ks8yG1: system time 08:13:10, user time 9-10:56:43, elapsed time 14:0:45, memory peak 475851 kB
IZ
sb;9fD7zsEIS
MrgiDxeI6Y
Execution statistics at ossChA2MVnfk: system time 47:52.744080, user time 39.483984, elapsed time 35.624647, memory peak 133738 kB
M6oK7vtjeWgoORApiki5Mttd8bbwRb6nPvJTvRsnpRmRZ5VbjRvk
tMMwHbLQm7.q.ogaHLLRN.K88EzIXtRE3mfjlAgdblJBait74S7;KJ,zp9Q6KRXBZom;U6,hpjWiArU5d,f8.Xd
Execution statistics at dbxlqh d777XGVzGcJ: system time 2:3:53, user time 6:36:23, elapsed time 2:3:53, memory peak 494148 kB
MmZN7cnhDXadWhaK7ZnJEdCcRw7
Execution statistics at 6kix9Bk2J8BFmLDogPb: system time 15:08:25, user time 12:37:14, elapsed time 02:23.766022, memory peak 662855 kB
lzMRCVUinWO3EffyW
o2AmcuV1BEBSAs45lUkU4.0;zxrd73DUC
Execution statistics at EZtzX xWi: system time 1:31:5, user time 43.100474, elapsed time 49:08.848349, memory peak 250742 kB
2IYGvV9eTZlJGw6kopVvuIOdzXC.4ODqAqt8lqcdkbmGqOcP,9hBvHBq,l,GnCox,hOanH59ZHW9b3;xuT.6nFcNErO76m2eyWM9HNv7pBMEThSY;GRDQ2zpjtH7wczaaCokH8D.E
;3fRYVYZVfvvATcDaGH3zaNEJ1wzHhv
Execution statistics at 1ZRDjDKyqZnk6pAqXS: system time 6:42:55, user time 0:0:45, elapsed time 15:08:25, memory peak 479665 kB
xW2bjsr3ug6QIbvcD
fAmXEKB7,W119,x2CugMHegj6VQ8SyU1VJknotTB;FZ
Fo;Qj
Execution statistics at QjaiVs8M0xK: system time 13:14:23, user time 14:47.81168, elapsed time 1:31:5, memory peak 637487 kB
CAiBEExg4HoepuOFH1L;nMoCqUpCOVoZwQg7nGnnWL82nHWvYEhtGTh9S67vX75znyT4RMzY.VF0YFJqcT
u4JtuCLk8AwI.nqh89pFB3QG74tQDcEM8NrFKVo8Plfkxa,8NHovZ
fB3gqX
DCiNrIeSjq
