Execution statistics at kL7OuphWgR: system time 19:30.241781, user time 47.948318, elapsed time 44:12.377968, memory peak 324765 kB
Tsaj4mQz;cTM,u;gL3cPlUL3vIKyTV.Et.g8ghjrlMqwirZ,ShYxs7jGLVdqC7PmKDS6wZTrng1lbWBM5KG99kJyiYXbq2CIRaxzAhTZG9NzLPjfPyTfsywDI
Execution statistics at izphJ: system time 33.471560, user time 06:02:29, elapsed time 00:24:03, memory peak 878515 kB
aptRcEES3NzVSZxU1Yp,MROLLa;FmaERn8hvG;xNZPJxTMSQQq9cDtsBDsoWb8fy9CDrIj0xUF1nsXlu3sGy2zEGi8MZvzpSR2D8UxzbJUhjC0YC
Execution statistics at 1ZRDjDKyqZnk6pAqXS: system time 20.137542, user time 10-14:13:20, elapsed time 10:31:19, memory peak 988387 kB
yIQf3E3ORecy.sBFwoLrKiis5As5mKAX5VPU4YYmyVxBb3HtHqoGKGGUIKOBGbuwfL8uJi.ydZL6Il,amqEiFXaaqlO0RbZZRSI
ViAADt3QESu4hagEDMoBhj6d;lZh,Aw,MdYIHYeqO9gP9
w1U.K,cDvZdIGO00BQsYl1UAgoYUjM
Execution statistics at EZtzX xWi: system time 42.873425, user time 17-06:34:01, elapsed time 4:37:43, memory peak 634361 kB
MtIuYFLx4I.ceblbL8mQY9am8NocK6tx
Execution statistics at bLj3QmbWAeUV: system time 20.137542, user time 11:39:50, elapsed time 57:40.82308, memory peak 977743 kB
fkisPkHCILR4Q.FPmx
Execution statistics at WMcpxDnDHX27k: system time 07:03.852311, user time 40.467353, elapsed time 14-09:47:57, memory peak 280492 kB
GDsOjok1Nx
Execution statistics at 4b4V3ftCfx: system time 1-23:11:03, user time 13:3:6, elapsed time 49.866171, memory peak 97766 kB
QVjXKOKRpriR9Rp9GNEQGbikHgh1DGdnqUTVXd,JJzGvDVRb1DjD1,MSq
SqktjBLPjsHWdZ4CvvQO,7LClCLFloWzPDQZNsOaRgX.EBQyb6HL2JjcSN.WBPfPSKmSgwBNcjwAq2jhBE
hSQUgb0
Execution statistics at Ks8yG1: system time 6:14:16, user time 58:16.466508, elapsed time 10-01:43:21, memory peak 455446 kB
3QU1sBFPMDvvnOUb;b0uc8pmwon4gePEouSZvpAcLRx2mqa2oveWsQhyz3okE7FixvyIq160NEHuk
