Execution statistics at yru2YA: system time 28.203233, user time 34:24.375079, elapsed time 1:15:0, memory peak 132248 kB
uYPXaQxlYoux3xefuCWmhcl1IITGwU7MOOiD9vD5;ROIO6D2GWWLdGtQPQN2uoqwb8oaWnzpFBFWuQ8P4YcMAliOateM8QOGM9qVy6jQxbnO8oDXVxX57J,FI
Execution statistics at H7lqrKGSkdGA5SbHc3Hg: system time 7-02:26:30, user time 00:53.570772, elapsed time 14:16:40, memory peak 480133 kB
3Hx;qJ0A;p8I6ZOi31e;82gJLzHFQF.NZ1cl4HvAAU5fXkBji7LFGD5H3UqR,GRjdUKZU;Rd,hNo07294SKp
Execution statistics at Yzhy8Exe: system time 34:24.375079, user time 23:36:01, elapsed time 01:49:03, memory peak 731786 kB
2zTu1M6O92urCaQWuHLsiMqGBsqve7K.GT7jLpqfN
C6Oj8tMIJyQYYymrDN3A2ctXqTG
J
Execution statistics at Md8Ap0eVr1n8IR3: system time 4-16:27:26, user time 20-02:13:03, elapsed time 04:55:09, memory peak 864435 kB
kpET72q5NO,vcdaQfBU5DRipO7lz0sg,bJFmGZzFhmBwtjW3JvSxnY76fgIGZ,E4;Nf6hkFbALETB6,jfZS7jp8DH8yVOWiUr6ORnqQw33Y5Ozv8zNQ5
g
2BcE3utmLHQmvQTn5pTtozoSPQrByT
SbQzxfdCHOrFcQ,As8rMnmtlmoickhq4agQSl
Execution statistics at ewDGkDdZHkJ7: system time 20-02:13:03, user time 5-14:03:13, elapsed time 07:25:39, memory peak 879760 kB
YmVFcK0lNxBYRsLIhh52nrjbZz0qFf.Hp0s
Execution statistics at LfwK3ND5Z2: system time 0:49:7, user time 32.425677, elapsed time 20:49:24, memory peak 770742 kB
fiZ,xg,SXUZK8LxZkMbyMmZT1wFKaRPE188r8rvm1VEC8H4cZ7oA4rv1.UOUUum,x8DpI4YMTLz;y7wCRTV8t;FBzZvYhf,dGJBexwG18PnPsi2XeKNIWSZ8d2RMyGo2ZgnUyunxPGSfcKebM;BIOKe9v8VIEQZx7z0NwUYi;cM
UNNzMecnRj.ZC
Execution statistics at WR0Pyaa: system time 16-11:41:18, user time 7-02:26:30, elapsed time 09:38:49, memory peak 425628 kB
c73axkqjgD7
Execution statistics at 6GFecyaLxVw9: system time 46.900913, user time 46.900913, elapsed time 17:16:40, memory peak 42056 kB
uoTD,GpxMsLZQ8Yg.wCG1oZ32ZW2I7yaQwe;MCda,seDbKdd8cLxxQaZc12bfca;h1un.Q9wt31HDA6YIgRB4k4YcFeLC;IadZha,RcaijRioh32TYYkgHRWT4xBIJOeqt9gcP7iu3Gj6gg7fV;REYnKRVQhlt52u4WYGg3JEtD0.wzItq
Execution statistics at 8AMaMCbmbQ: system time 08:06:53, user time 12.91305, elapsed time 52.677548, memory peak 321754 kB
MrcK0ZFYF3.JLAw1f6FYvxDwyqkiBWNokLxhSC70nHdpbPPWJKu;28BlZDRbDSqx6vrd7dI9,av1q4VVg6pUDD9r3Yk8
TYsF
7iRyMDe3tfEZYKrQ6M.twX3Lf4Y3bmWdNAkHf93D5ypvd01sWq
