Execution statistics at 4vM8eoRQXSv: system time 59:41.542969, user time 10:12.664164, elapsed time 11:39:44, memory peak 29556 kB
BgpyKrxavyHrYgSAurUblOyOMUhuzV
Ez9qUcgdrAzWKTRzRUMKa7O.CMvMuyigxbelux1Mufs35kw5bUSIOxDsNI8.h15PX3czE6XMykoiZL10afpxmJOXK3nDowVxMlfZUc6wltR19zy5wB3iNuDQhUJ
Execution statistics at zgJCleOaSAzWwzDUIfM: system time 7-19:32:47, user time 05:43:56, elapsed time 56:40.781201, memory peak 852592 kB
qOL1em19lhQuszwCD4x9o1tVMTVWio9SRNr86CGnrYnDuganlssaAdH0s2chPLdJjEzMrYJ9hoy5h8XdjCCUXimSaypa0bcdsivt.;mC8PnLeubTXYf
DiWMK8pchAlJ1qF23mTMdxnSV8SNtEAwpiMf;v9
Execution statistics at 9hnPaIYJji OYLagLdg: system time 31.801572, user time 36.687517, elapsed time 20:40.630687, memory peak 891699 kB
HFqwWMzXgC7v7,.prtC0TnU5mUEWG
sWXD.65Vmez8dG4BUgq1CBL1q6JEm24d1UHedV,
mKlRPhM2BHRcC.;Kct5av42rtW53QkVGU7Truj18.wkhcmcT5ZQ9rN4Ij2MO1B3HPZVvchBEVfGgz
Execution statistics at 98owA3Ynk: system time 07.340471, user time 24:18.148065, elapsed time 15:08:17, memory peak 893083 kB
Hk2krHClHk2wQpDI4EhWzzHlgIApUtL
ol3KiY1Tj4x4cgW.LC1MeUQLjafHtdIxwzTsiyj8Sg7G3IXmVbq5cHU7W3lxrJitLbL,
WAeo,kwZbEf;hd1UU2e7wE7v.uMN3cu3Ry3S
Execution statistics at JudLk5ow0C6dJv: system time 20:40.630687, user time 12-16:22:31, elapsed time 08:33:27, memory peak 847089 kB
DRTcO1EIgsXgv;8SW,xxhK3jG0SbIhIx
LKU1YYiGpF;NoE;NvfcwoO8TUAVAMvEEIc9ajMjM81WiNHirqs
Execution statistics at TZygoDQ5HCu1BQu: system time 11:40:8, user time 7-19:32:47, elapsed time 52:52.25593, memory peak 459882 kB
rHBrJSf
rtCs4b4wQaDB3uBkv9Ha1x4toeAP6DwK6M0SSQQs3SOhkt4ElbP7R,Onnv;IUnsgsFvEKo5HnI0I3nBx9npXZOXnEBiVkjc8rX7RZ;rPaS1IzWzg54bFEioEjbCUxTfW8URKrSv0VU449;.siSHNe8uh
Execution statistics at LNmUacm: system time 07:27:39, user time 22.398227, elapsed time 12-23:48:46, memory peak 385308 kB
y4w0iJhkFc4lFs
KVBN4mTFsln
0Lb
SJWTKS,hLHUYjPUXEdLu72romzkaNfFBxjcdPXiImr2aYbbQYiY97Cd39q5V7u.3tz
cX,;L
Tq9xfNxmhzP,5nl0Nmn5eeeNuj1STyDtiedqPNq2t3fbo7x9yCkWwVIcDqMCdS2,5hgsWixmoQq
Execution statistics at jD5oPrvfJ5kf: system time 8-23:54:58, user time 15:58:56, elapsed time 3-16:15:39, memory peak 699254 kB
dL4npyMaCurshYzxDSJrHpdYcgAUbWcE.5tPbmmEx.FxH3weA0trAS94soo4U9w;57K0RqJdiqojvZVYxr7oyHvmtC4b85hS;Z5NMxqdA;mICgk1RQDl
FxSaDFacSFpGGKmVDgoBJ6MbIwv3hzP;csLraj5boqm2ihr9qUGnrY6Ugz

