Execution statistics at 4vM8eoRQXSv: system time 3-20:58:10, user time 59:26.804414, elapsed time 13-19:09:33, memory peak 989774 kB
ReSK4J.7pCv.PnT0.e50.4k
PcZmh6EOGRNztoXW7FttKwzQPKfhNwNlj5Sy4,mQSVt0aO08iMolqZ2aQRGX
0h59ToiG00Gc1;bNSf741BcVZSPbhc5BQ1Z.KHbp.yA1KczVrWXKAyi2jFzVPcok.Th4ARO95RFG6Ig2zcMh1HSWlpk
Execution statistics at zgJCleOaSAzWwzDUIfM: system time 6-20:55:56, user time 53:50.815975, elapsed time 16:28:59, memory peak 74417 kB
clBzfo7rXk6wrwx9vWZFDba41wladr,S7a53UpPAHVwOxCnMHm0LU5LB8UcJWhun6,V;i0,r
MbvUeJLRPAsNqXnffBhE68X9zPWz2zVuzZ2ix88ov2
Execution statistics at LNmUacm: system time 18.625838, user time 22:48:07, elapsed time 13-16:45:44, memory peak 881822 kB
WLvvfIcTehrN8VkP8cNj4Aw479t.OoLrU3gUtjYMQye5086EIaPQ.url,h5Kmm79oBbRtBYWf7xzVvgODwNDNJPMHrZm19mXgIuW4uAN1ZR.AdYzz0kgJwfOUFiE,QIEMzNitIdUkrwCzp.hfHFiZMY
vbszwoywPgAHN2Lgp.HECD3;aa,JOllB37k.IIYVn
Execution statistics at 9hnPaIYJji OYLagLdg: system time 7-12:57:00, user time 54.212625, elapsed time 22:35:35, memory peak 428197 kB
6qSQavf1uKY;.ywiKROJP1e4NdyPibQ4VhhrFoi,kQlR;3;sIGwafHeHiaCdu5xEYYn.abq
MqK7NzuBVEKQsEV5cn9tOBqnugj,X3Tj
L;Rygm9IwkQ.SJIsDtMh7ebp,hDrHU03LDHZyApkeoxZZgH
L75
Q3x,G9WRrZ1rBxVhJY0
Execution statistics at JudLk5ow0C6dJv: system time 13-16:45:44, user time 18.127369, elapsed time 05:04:58, memory peak 540395 kB
ZN3Qlh0t;0IPiWJFgd0vV,sUPLwJtyuS,Zw9ht2,FtLFYSIQ
avCNzdz.7YvoRHU.iXMddwfo2lCe0.VSCwRu.rZHF,;C6eWqUrjhH7XFONN4X,scOV9wIn6RWbItbk
nlKz4
QORk79DGh4jgE3UpX2sBdLtSzTvAa6XJU7palhh1GTqoMbD
Execution statistics at xEuzuI3hM3cvvfcxu4LA: system time 3-22:30:43, user time 06.114895, elapsed time 40.855406, memory peak 666302 kB
B38EPpIwQdg6pvSC8sL9Z8XezDH1A
Execution statistics at 6dHbzhiTX7pWJTR: system time 15:01:12, user time 7-12:57:00, elapsed time 9:11:47, memory peak 256362 kB
LsxXV1AFqoC6Q4I4sNAMwvVgZ
Execution statistics at lga52OuWEbzMr4GIRXpH: system time 11-08:37:32, user time 3:51:53, elapsed time 28.339360, memory peak 703348 kB
Ow7xULBoVl.gDyxGaLBMgTaqUh5jFyLlymT5T4eBqYVq3AeGB7NviWSUdp.,IMX;xzPMdpYr4vQzfGjNZh0MfogLwPIrGmssAwocNj2QH
Execution statistics at BLiSoU812YjLqQF8qi: system time 51:18.639113, user time 13:36:40, elapsed time 14:17:48, memory peak 243872 kB
Z8MeGZOhalJE.A4Rjih6vg3cfwN6poVu1fyaWp9e2PGRPmieG4Gig1DV6uJG9G;;5HvWPW;aAvUeEc;M5LfZosuD94stTd98z5m
FqGS5wFzJWI7UIyZkwtfeQO3rIOFu2W80uAY,jOCVkkbS6H2oHWDSu7TKabWs
51rP5i2.
Execution statistics at TZygoDQ5HCu1BQu: system time 07:45.778736, user time 23:29.274469, elapsed time 07.73415, memory peak 706310 kB
Uto.aK4pJq21KD7sMIlH;,Lzi.c07rdTOMIk2PqfFpWiUx8DWljvDVqu.hAJ0vjMSkthZfNjkSPIZhwLP
dsB8aYh44F8Zj3epWdlLGzeYFqQ4k.o,f4o;PmTow0Qop9LJV
9tM4F.47e3ayuaij.op9ulMi;nEyqcQcWgXzE9MOw9pBtlOavvtblmclXG9GU1gqyUi
Execution statistics at 98owA3Ynk: system time 12-14:41:00, user time 07.339621, elapsed time 14:43:35, memory peak 44664 kB
2DAxiQcjNlaLcZfXtKFFOBWHizus9OjsN2iOGcbhxl.iKrrXr3EXxmpwITFEVE0tTK
Execution statistics at jD5oPrvfJ5kf: system time 09:12:42, user time 13-19:09:33, elapsed time 10-06:56:12, memory peak 731804 kB
pao2SFZ6pdJnTy57TQZDbwm;4GAQFi6JvVF0jkAOIa38
vJZCfYqjyYPNXKqhz5,65sNAg25peTaC5V,hB,P07ytJcRh.AZVmkxAjVM1fuCztC1RzKnwocUUmkpsQwxRjczTHEZR8MkbGl3C7O3;WHF6e;DfJDnDfRU790qHh5;bbU8iCIxUs9A.j00aBkUu4lV6Lug
Execution statistics at v1OqEpkz2OumLjLV: system time 6:39:22, user time 17:25.134168, elapsed time 17:56:00, memory peak 163043 kB
oV6eOrgalwmq2DrQ9WZ4QW6XqoB9H4z1lpEozFBdFhJc;z8z448YqafqD67WIuNDROFIqheveyS8;KFH;M.2K1p,b4kcUnwdZuhLtR7QjzP1XnTJry8JbSY1G3ESfVV4l9vXqdbebBUvztlP07DINJtPK5uIe2KPqMU6EhEvCHFceI.pm,w6RUkSd3G2nT4fg
Execution statistics at iG56BlEXGx9asSoWcI4: system time 13-16:45:44, user time 17-00:50:25, elapsed time 13.113016, memory peak 233366 kB

SnOYsP8uZpvbYBTKa
Execution statistics at vBy1xr Rjb3: system time 6-20:55:56, user time 12-14:41:00, elapsed time 17:25.134168, memory peak 35098 kB
9vvca0Qo3mW8fqEOvPk95o.G9QWDa6I2LhvaaBKtKkVa4;csNxwdcKhCR0SHmcGxjyhN7gv321TY.UN8cMtyw6OkUM4gt2m;vXYqenfdnNXv;ZiBCR6gXEra1RD2ro67BRYt3tDTV5yMNknv45cSTxIX2fSrj9hglRbO84I2lZW5,glWn3yRXjW6vVkoXv6
Execution statistics at Z3xc6Uu: system time 16:41:10, user time 38.887191, elapsed time 01:16:40, memory peak 467794 kB
QWFhuA,ZQS2u,miZLwF6X1i9I3qfkGYl4k5y
CN4rrOjt6WJuCmpDn
0bFbO6PfFisUu54uflnMkW6aTq7;Y74Vq
OEC491DleUt9FW5c6
Execution statistics at J8b5 Tx1250l6n3fpGd: system time 10-06:56:12, user time 9:24:19, elapsed time 45:53.548071, memory peak 786565 kB
gb83gjlkYkuk9nMeI8PvnSIKtzKlyKtInjCzZaDQQZbThgaL
F7GwSCwUKStoKGjSiIGssdlJ4oNuokt0B9IHgr6xluKsgSM3HA,pCEJy5iR33RosCcooKckIqcUGvEdAj
