Execution statistics at o5j1wjTIpBTUQ: system time 21:45.287378, user time 18:40:2, elapsed time 13:37:25, memory peak 703048 kB
QAEn.LAFhD;HWx7mt5UJh0FLsz
wKnQmUlZPsAI6
ndsD;YH5wIn4TDsku,T9PbTyJ1snr;lr4gAXZyr,COOuq0UNo.g6NkvxtL7
6yAq0dotsKan,Fut5
mQYvCo;k9f
IYlkBMfzF
lRZbEn3ADtmTC
Execution statistics at QpxBKxVS mNgSfj: system time 45.770026, user time 30.649713, elapsed time 10:56:24, memory peak 564605 kB
QMsd1SO4PyJzoLmHzB95cYGHqu1.Hgc99azIrPYP9Ooy.HpPdQnS
VpdD
Execution statistics at v8fcLpuzMn4zuSL9i: system time 17-10:30:21, user time 23:53:29, elapsed time 44:55.131135, memory peak 658059 kB
WBBpnPVl
wN
Execution statistics at E5V5qDivA9RH19XqfJRs: system time 48:21.494393, user time 4:23:4, elapsed time 06:58:47, memory peak 484744 kB
bBoOTbRM
6VOG.Xj1qq3c.Yp3W;V
v48vcwOzZhjtsWrCfwLHlSHOQAIVaRsrMtL.H42724tFGOwJBAffTg1YZeUzBcQ.8yiwQhRno5MWPA2Mx8j5tCv9wPPyKCS9felwq6UHUxBWI
;za
Execution statistics at 8GCbtGC9slyjCm: system time 13:37:25, user time 11-14:25:57, elapsed time 10:3:31, memory peak 232213 kB
CKPGa
aS3TQb0VVsSw3
IcXGrEmcb0yVhX8;qaxEP
XC9o6;S0NV.BQdt4j83BWAI9rSPrWh97Hl2nCF6zVOz1IdwprMQgj.df
FLDBL,ROYX
Execution statistics at lekTu5h5RBT6JPwd: system time 15-18:19:23, user time 11:54:10, elapsed time 58:40.158424, memory peak 391417 kB
812mCJK5MbmB57zTAt8BehY0eZWV,fXoZP6YA0XzoKSIIl4
05v4J79E,8tdKCM18Sx
