Execution statistics at npobbL : system time 49.723346, user time 47:35.218965, elapsed time 12:11:16, memory peak 169422 kB
JJ;R;TvuBpCHyRay33FROZaBbxAzZUibkGem4D,4Dlbl2k1KRZRONVYu
T9sRBXGSAUHoaw0e2;BwvsU3asRzKWsPZ4
Execution statistics at fxDsAxndtJrsZ1: system time 21:13:20, user time 48:40.764503, elapsed time 17-01:55:18, memory peak 76750 kB
7H;Gn4G9qkKKsGWJkrpcHng9K7MxDiZe.bH0dTUh3z0ijPrVUqFe,HPlqdElCr,Kj,dzj20AS;moTfV55UvG9qfmIUpkzkv
gGoEeC6P9xP;ZJqxOCP8s,
j4FAldn4Nq2V,bcB5WdQGtvwJI,UNw8JiUE.O2u,BirY,qlbxJZSAoJvl43
Execution statistics at utsW7J tv9FjY4R: system time 4-23:17:44, user time 06:15:25, elapsed time 06:04:55, memory peak 505933 kB
;4r4o5.,W.PHg
YW5qBpMRL9,EGpmrh40YQ52Ykxnn8leKEMGzbYbYLgFprSnd3J6nzxW41wP1Sf9NqR;ACSjqPwwGgI,i5uAOryuYRe,egc1Prt9sZ
YhdRhz9gP.i
EvJEedmAsAAbuB5CqCQ.0XPJO;jGsUKQk.IQtvB760I
Execution statistics at E5V5qDivA9RH19XqfJRs: system time 17:01.674803, user time 50:08.63291, elapsed time 21:34:3, memory peak 948025 kB
ShXEcW19JhgAPe.s2pWYnsWBuhnH3hTrAlkoGj;;Q9lO
Execution statistics at LiEzVKq06VSx4ZE7: system time 41:39.530323, user time 01:43:40, elapsed time 2-09:34:24, memory peak 492199 kB
XCXSnO
Jzy,psyvMEFO
Execution statistics at lekTu5h5RBT6JPwd: system time 16:44:28, user time 04:57:18, elapsed time 1:51:11, memory peak 904682 kB
HZovP.D8polRhylKqd72zCiZtREDukFRq0j6JJ
hKW62
Execution statistics at EPsj6: system time 8:2:44, user time 14:03.874499, elapsed time 32.968089, memory peak 491132 kB
usfF;WGJ9OeNRDiBI.SAVqd.,2Do5KjZystcUUypHX5lRVhX4G6qIsmIefjn,EwrGfNAW2FsMF
5o;w.azJJ0w8xFhRmtfNAKmkcFHov7jGYegBKoy3uNAw8vObKE8lT
I
F
mi,z0aDg6xhyGkEhp9TIGMgiuld
Execution statistics at QzfOhZ uywytRLg: system time 0:38:31, user time 2-09:34:24, elapsed time 17-13:39:55, memory peak 225550 kB
bQTrPh1445eI5gN8WSoNFpndYuOfuboYBwukR.O4vHcdv,j6Qo.
fJk9TZmhllF9kHUsSbH0ZjHYDAXTU;ERzgYBBBk;43miIr0aR3wcw6nlDE
Execution statistics at v8fcLpuzMn4zuSL9i: system time 4-23:17:44, user time 12:29.381320, elapsed time 12:10:11, memory peak 942317 kB
muqjyzeuy6OIbd
i2DzIkR;tEmOtNSyvii0Tgd2j4L.PM1FT6bFXLo
lHELLP7AtL9tjSvooS
egaFyS25A8uMooBKCCPeqHi5mKBEao8nt55Sq3IR5TT,5g4F0cBpIwYJFyT.PFSrwHooC5,mp.JI3zUV2mycdUq2raOx.rc7KCYRzE,FC;mS
