Execution statistics at 4zhooV: system time 43:39.529039, user time 22:48:11, elapsed time 9:49:13, memory peak 902608 kB
5Amg;4
.oGzz46QnVmTzB1xTMcFfPyE,JCNG.5iMwH1PyWBqmcaIWW1V,z6PNCaT2
Ha1hmhOxvpJzHRpeC,3qFIB7nsjC0W3UdAyN0mQtrvhkmcVvj;EUEKMrYk.wejtKpd,OqP8VmRR,r;b;;EChh2EBVRAjtuG65vzRK9Sg2
Execution statistics at QzfOhZ uywytRLg: system time 2:21:12, user time 16-03:09:23, elapsed time 48:25.728255, memory peak 718938 kB
o6BcBGQaGnLMxf
nMK6HH9;Pwv,X.0ZPnMxiNKq,WONJZfv97,XiofUJWBr4puOTz
P;;hO8Y9OG9F3VrSG
Execution statistics at dpymgO5IZbReuYG: system time 23.484433, user time 21:06.299205, elapsed time 35:12.699544, memory peak 482271 kB
.ssaiptvZSC21raFY5TRutvdsuKWff.0PaOn3Yv;aJztdLEOsU7J;uvBIdupzGflv2v5zp4dUtBicyfmZ287F2eX7H.ISO36kp0cnzcahCpfrWpDthVSunpzL25FXC
Execution statistics at EPsj6: system time 9:50:28, user time 5-11:16:30, elapsed time 14:4:37, memory peak 607081 kB
LfATHuCI9mtz
Execution statistics at o5j1wjTIpBTUQ: system time 19:40:34, user time 22:48:11, elapsed time 12:06.502970, memory peak 367027 kB
aeHu6OT8PVdvlv.KrJBf;7MhrV5iOZKThzQNp6cfE6BKd,953.88wDVPR
7Ncy6KzAjNRP0A6DTz1lF8kDwS7;jub8ms5.Li.6rX0Kz8.;jgf8Dvq.lQrhYWC1s,4ioTPo
7pCPAkcYGo5AoMBByhIFSJMjg,
Execution statistics at utsW7J tv9FjY4R: system time 13:53:16, user time 05:55.681608, elapsed time 17-12:12:43, memory peak 63671 kB
yx.Ay4.FojJpLN
Execution statistics at E5V5qDivA9RH19XqfJRs: system time 31.3993, user time 5-11:16:30, elapsed time 6-18:19:40, memory peak 586791 kB
GPECqWhtJcMNlhHVky3l9q26wp4h,uAiknWa7vVExuCMSv43GW54DtSMlTXLBTk7qeIQ0laExry3hBlwBJsbm
Execution statistics at kfWTe: system time 18:30:4, user time 39:38.628464, elapsed time 42:52.480843, memory peak 434236 kB
dZzL9zzII65M2bwwSiRgCAdiGC5lA,FxMfj
Execution statistics at aPwYwosY03i1B4: system time 8-01:19:13, user time 18:30:4, elapsed time 48:25.728255, memory peak 894711 kB
sAKnU2BB
oTem1qAZbFwGS7oaffwT9k1a
bzB6Ko4Solp2N
hlZYMgit0zFyb;aZD9j8Oj1jt8I1lzVutzOo;bz4Y4F,r7l;R.vxAb6XlVvK3ngpk6lrL9zQ9z3sXN.E1TzHqcYX2XaUgoSFmGtl7klfxG0o6b,g.qyiZvP8jYzU;esWjYyfm.ETIwcs4ES03uW
