Execution statistics at QzfOhZ uywytRLg: system time 20:19:49, user time 32:08.225906, elapsed time 07:44:21, memory peak 619234 kB
1gQiafUBzhK7T3w3s6gkhB6W;AWd;bKI9tl0F4dqtW4m8IYaqJVaIf17OR;htS8mDQancDNg4cPsbli1WtkQmaluYsHglJj;TKPo2QdpO.kzIXJJyRFkfLZcacy,LF,Lmf2GEpAuEQhmDh43bE7meV;
g
Execution statistics at E5V5qDivA9RH19XqfJRs: system time 10-19:34:44, user time 7-23:08:02, elapsed time 13:31:10, memory peak 741646 kB
taOhk5nGU40xHiTFhIr8HKijlYJ60x
Execution statistics at 4zhooV: system time 21.850880, user time 15:27:09, elapsed time 11:40:2, memory peak 48595 kB
Qm7Cg5zNN7LeIixPhCZNpEESAixyUqhvoSfCnjE;p2SxL
Execution statistics at WUhS4ZQvmCVc: system time 15:31:28, user time 18:31:50, elapsed time 00:04:09, memory peak 180098 kB
SjHrsNtU.hJFLylKvSk;AlTVTNvGKaBl
Execution statistics at npobbL : system time 32:08.225906, user time 23:20:15, elapsed time 08:53:36, memory peak 472082 kB
9c4ruRbbkCpSAoi9VtwoLA;VM6hawoKexJE
AJtvVwO8Zi4U1wwgDpqC1CbQmemGUltCDC9Mkz
Execution statistics at cUQdnap7aQUswWI: system time 15:53:25, user time 7:37:26, elapsed time 03:21.308436, memory peak 175877 kB
hW7ERx,;Wz3uC8Jhnz6n7;v;CVRgTVvOvZ1NleWdxE2iXBb8xviNY1MfXVPiK;,ZJfevvsNF;Vxr
Psof
Execution statistics at lekTu5h5RBT6JPwd: system time 17:25:25, user time 19-12:08:59, elapsed time 07:44:21, memory peak 801581 kB
p7.Uc3xmkeMlHeEGGr
Execution statistics at rJQ6Wjk2g2: system time 10-19:34:44, user time 19:17.400949, elapsed time 29:45.736458, memory peak 238650 kB
KCqWQNl3iv4602Q
AOCKqm3O9LO7E.OjVLZElPZhnKNR7i7VCFNsu;H6WOIpyB7kn8Z6ktQbbusE3eLVbM4JaksLM7ficKaZcKkLbI
OYw1vs,
Execution statistics at aPwYwosY03i1B4: system time 9-21:08:40, user time 09.697155, elapsed time 03:21.308436, memory peak 12832 kB
09ib2PY6oGcbbHFyNIE7nginG7k2mTnCOdiqu5fQKGVF5tNwlwCI0z04y;iYxcGJ9a3hQddBTR
2r0wMaE4uw5Cnuths4vtfRu;zG
LaGWwgBVIGsRzklyqiMBiRXGFzpauuYjXIR7CxlO6DtJCPXSD0T603O9Y
6bI.RAnAGIDP
Execution statistics at o5j1wjTIpBTUQ: system time 45.466086, user time 19-12:08:59, elapsed time 03:21.308436, memory peak 271407 kB
bxOo,ERw8uajrD.tYc3;wCuNxLU2KKURNWKKJLjCRQpI7iwx1PNtrtfAtF6WTYDHEHibBIijXt832G,ti7,brAuH.9Mrj89Ra0b0iUhTJ2g7UoJ1Tx1CI6F65OofDF8.YMtDIvfFxkkV2RLEcgib1oBKhb7mkyz7Xct2wOcZK9DCHrTc
Execution statistics at dpymgO5IZbReuYG: system time 1:16:41, user time 21:58.812007, elapsed time 20:19:49, memory peak 364362 kB
RJV8
WTGEovtcN63YDvQukSlyMnmuj;1tSdn.G9
al2cd3fXrajjd3UdTUN,rD6pgVTlpTZZ
PDA9DXXgI;kj
U2CX5CMoZTPwGjJuIDuyx8zDuc.vQnKQRj;J9mMcgox4z9AMNJ3HCrUHk,yKyW3u60EtewKqqERdqoCorxPcp
Execution statistics at v8fcLpuzMn4zuSL9i: system time 14:15:51, user time 21.850880, elapsed time 11:40:2, memory peak 108550 kB
,4vv;mlTVLPBpfWqG8hECqHOtAWHP;i2mF7NofVmGnxR0
GKup0gq93Z8uQ6CtXuLhDQ9rncSLXVIe;8oOKDtpWFqbwT
Execution statistics at 8GCbtGC9slyjCm: system time 23:20:15, user time 22:51:57, elapsed time 50:16.6303, memory peak 436505 kB
35xI8WdIrn3WUhh8,UnJONyX,hnXqFLz1iQqefoqyjiK
z9Mk3y9.uZB537qxToI4A
Execution statistics at EPsj6: system time 05:49:45, user time 33:50.37420, elapsed time 07:44:21, memory peak 286397 kB
AuFM30Bmv5nEzjDBhf.4zW0KHaZm.k
4W,Sgrwae
JmbHBotQS5ElYZ2eKB7I7SROoMhJ;BQ0wlZ6GgwUYyZ,5YCeb9MnZkdZKjih4oNvVtDchJRQghIBGMmdOo
Execution statistics at QpxBKxVS mNgSfj: system time 5:51:33, user time 10:27.329598, elapsed time 16:16:32, memory peak 181392 kB
,3amYbgE1.S0HDpuf
Execution statistics at utsW7J tv9FjY4R: system time 03:21.308436, user time 18-14:15:30, elapsed time 12:16:21, memory peak 769613 kB
HiA3d18kSSzjlxEhwL9rNI0PG7i
