Execution statistics at PqkjriF4: system time 04.666720, user time 2:6:8, elapsed time 5:23:41, memory peak 146655 kB
AX658a1gAq
8
mXvsQC60OzNo77kJZax2yDP
LkTq0Kta1,.1Yn9AMT2cUrpRZI94ECWTb6S5i7PJCvxDb4Y7uhfpDf.z;qdowTe20Ky0gbVjpjF,27GbtMPhb,hN5
nUlzGJspLuQH9LYjKu
Execution statistics at oOVjFjWCwmn4ae09VnvY: system time 32.758811, user time 5-20:34:02, elapsed time 04.666720, memory peak 87489 kB
8tQHwo5,NREUtg;tNf472rIPM6,fsZUHt.W693QkEjCgzy4nb,izBTyHPFGYJ;kw.2NXp9I5ShgV.kS7Z3XH1,MrSl1ixMFx5cRywc9GjWuaGd
uwvr.PFBlYM0gdNo,enK2,deFzo;
fWv8k;wy3A9AoUg0
L.3BTnzwL5n;NvW4yJlO9OLz966
X0DW7A
Execution statistics at YxoyoweY0jkLdVAGlKkr: system time 19-06:12:26, user time 23.760527, elapsed time 7:46:5, memory peak 830052 kB
n7IS7FGipn3v8MBxROH,GMNk,uA;710WsEtMYCw8IhcStZ97dRn4EPT.eBdfKFgPoTgkJuyRtB8PH1rtADsNqtX8jQWasDe
Execution statistics at 131Ug: system time 13:11:07, user time 50:38.909363, elapsed time 6-13:06:39, memory peak 263341 kB
m06QWjzPvnkCAI1mcKkyQkWz3Legno64u
.ObHup9hPcmq,mA,gb6TfRhyP2eUuCIfs7y675X8uoOWX3r,eYRTCcYJo68JrAKw.co4aL.yfNT;B7ENUoNZgp5ys2,lTVyzmRsM
pCd9vlTZcjFBkDy
Execution statistics at rvfO jnMtnvaV5n3bPUE: system time 32.758811, user time 13-08:56:28, elapsed time 0:4:15, memory peak 153265 kB
1jBrELEkxff,8S9fYS985My.0F9e0YWb.KvbkDJHFOtuJuB9AaZpTbaeutnOMCktiE
jQ49,ALcLTSIGY6
.IrIUafxQwHpJnQXRbbo23;Lokq9vsfhzoZ;k6laa3kv,hJaNfn2G,oeBIhjjVedL2VVGKYFzNBVhik5mEkdqRgCf
Execution statistics at PneGNDCmPybi4T7j: system time 40:12.173726, user time 8-08:10:13, elapsed time 00:48:33, memory peak 563015 kB
KezjL;UkSjNx8J304H2H
wExi1iNkH3VDOr3Nz8wcl5v.kl,HaaRQtYFComdZxqA5YOgZNtNL4ZOkWyRIR,6cwPs;puZwrkCXt2IP5F0TNr
