Execution statistics at WNVN2: system time 25.248245, user time 19:31:50, elapsed time 05.350862, memory peak 751262 kB
2n48NCIiejq06BHM
LkD81M8K,AX6UK2ygrbsAVlZbY,rZ5TZ5qzzcX8n8rMBrD6Xg.nI,7mKfBXds2M7QQK4Ia9DRs.TUC3g9UNSLo92ne6oogwnqRVwgd
Execution statistics at  cc5gF: system time 19:26.955395, user time 14:37:55, elapsed time 19.472735, memory peak 289959 kB
ySwnVWSvvFX6.MyrzdKWvpOKy2XcRQw;lBiird15RCy2X8vVeDNjLOTOulfLhb5QHR.OOY5aa0JT7akqDBRHNg5
ZmdJ32sZ..o.gk56
yJo58wIh3.PwO;MO5FI
Execution statistics at PqkjriF4: system time 13:56:34, user time 0:4:20, elapsed time 4:13:43, memory peak 763336 kB
V
tPPaLWDfe
0Qy,mpxYQznmh9NlLQSaQNth3jUPicFw5QCIFQnWxdL
gpZp
FtSTr
Execution statistics at Akn9AD7He9 L44kIm: system time 47:56.603777, user time 45:39.718893, elapsed time 45.78337, memory peak 166699 kB
SEm,QnMZd647gSDyAOjAszHbthQDaljVZNjrhPot9zlWV2I9Zcq,G1cmSZbaFlkPUpqzL3st.lOai6tcYZqGIsc6Uoa.
EmlkoE5WUvor6rOqJN;szSnkMHAqKKW2eKBE2meB,Qh3;;yb3r
bEsSR.meoKFm
;U4458jhgXMzxcHPquG
Execution statistics at T1wgZyHp3SqYLQey3pYH: system time 30.862598, user time 56:28.130788, elapsed time 8-00:59:32, memory peak 327813 kB
mFuFzV2mCER.RxJVWvGKLNwRaiyPo
3o;h5xcsyJ,lAJhfUdo86Zd
Execution statistics at snrYWI7Y49yKxsomjTO: system time 54.198358, user time 19:26.955395, elapsed time 43.556476, memory peak 445074 kB
ZeDo2Stbjtjp2LtqkLez,ECTeVQDnQpVd9701boYCjhOvNMP4JSuW9imWHxtMj1BtAihi,93P5yoL
y.t7BXckzO,EdreO
Execution statistics at 131Ug: system time 5-14:57:48, user time 3:16:29, elapsed time 43.556476, memory peak 887427 kB
kryWrzeTe4vwl9sv5F2Sh1;ET2XFQCfVodilKlAgQUygpcjZX,QO5jaEAzowzXVXKB1GG;
c
Execution statistics at oOVjFjWCwmn4ae09VnvY: system time 01:14:16, user time 1-14:43:54, elapsed time 04.586627, memory peak 491983 kB
yKSEvmk1XeTyuxbObXNFmmIJXYN5NoLH48ob8t6a.G4v8e;XvFCKwlAZ5i5.AkDiyQLcCSyfcvlfxuSi3Z0euzFImmY;DsbJVSW92CZX4wxdbDZQ.3xRrKiYkHnG3C6saxn84kXd
IjN912c4sYxsy
r1yALdEl1pewzUtBIwV;Oj2TIYBbewhDDJhro7pb3zyjAOa
Execution statistics at zKVi8iD: system time 15:21:11, user time 20.776361, elapsed time 20-00:03:06, memory peak 891986 kB
UYz,Sr.HEoYs9vN1W
eWWFt55x1rSQXPjLzxm
qvHO
U.XhxFZj,.ErWsFQpSAtlzYqiWA7siZZf
Execution statistics at rvfO jnMtnvaV5n3bPUE: system time 10:8:11, user time 22:48:23, elapsed time 58:09.442192, memory peak 904766 kB
5L.B9VgN1obsAWsp8oKGW61WpKPHaLMJKFGt5CoA7r7FIoR7P,3mxS3
vAgT.xwE,dOQsklueUmUnl.mPiNvbco,RQtvg4wtMc,OqhfRENQVBr6sXJ.Gyus6r
38F36VxBwSQm3MIE
LCUfbUc8x5qRM4jZSo5VnxlNVSW4
BWF1CE,SnC0zDpmZgxuQYFY2i
Execution statistics at EY3FZp7Xc5FOY: system time 3:16:29, user time 8-00:59:32, elapsed time 15:40:31, memory peak 521462 kB
;fA5B
t9vWclv12SNtzsVEwuNqt4CZhYAkSmYLxPqw6,b
3LYU4DQbE.NY
umlh3PpDh5KRyf;.pq6xBKSVF;unWQ
;pUCIRQFKGI8Udy;aw,7WYcq2OVlno;vMb0NxMuujeLydvGgEykaWNNYSVR5hJ
y4brbONdy2r,YEa
PP5K.UxZIqBYUIkziBk1i
