Execution statistics at WMcpxDnDHX27k: system time 06:43:30, user time 17:11:19, elapsed time 4-14:45:13, memory peak 698818 kB
21KJv3O6awWkpdh;I1,9htFFSlQMU
HfqooG4.OHBHZ3HLd;gcoUcJyNPee;omlmG6HJb5oeVjvxV2zVXDXkshYJRy89YA.ZIgg9Wce9KJ1f
Execution statistics at yD30i9UUYsVftH2: system time 01:59.547578, user time 34.569804, elapsed time 10:58.801403, memory peak 62131 kB
6n64ZAUj8Kk.2gQBJyb2yW8HTtKyHGsjXqdoaj5xptAPFdKFDLmDz4zKt
sCCMuCgwp4
;Z1BHU951D9Z3MyorsVkkoXvVrWnEEZIa4ji4fxC
x1cFZqKYZ2EwzYL0Wl1A1ZudyG7FWN2xHS8MmqOxK
P
Execution statistics at 1ZRDjDKyqZnk6pAqXS: system time 12:39:59, user time 14:02.425013, elapsed time 55:44.828127, memory peak 146626 kB
BZjxB.jobD3LEA1v7Vb3sSFZ
oBZAywcz3gsTLECyx3zcey
Execution statistics at EZtzX xWi: system time 18:1:16, user time 16:7:21, elapsed time 17:33:45, memory peak 475442 kB
fmNtDbtfTpQ;
Execution statistics at h4fJoovth: system time 18:18:46, user time 03:27.259087, elapsed time 34:52.260170, memory peak 177565 kB
xiMbkjB,cuqYZoWcuhmqvgQl9hQwiefQ18UVHhXxfTYAHGSd5ipyYa9sd.BQP8BwJ42x7Rqlr7.o2Z23HwrhEwx9EJEk6f4k7g
rAERNOHZx3JlgLX8EyXOW0kzf2eFecsJea5
lc7MsSsUtEH;BMq8,7Ofxu574gOPSa49OM2.;Rf27Hza.0P9c1
Execution statistics at ossChA2MVnfk: system time 13.617062, user time 7-16:43:30, elapsed time 22:31:47, memory peak 981402 kB
NSgT,9xfrh4
Execution statistics at QjaiVs8M0xK: system time 5:27:52, user time 3-10:32:21, elapsed time 15:27:17, memory peak 762406 kB
9fkkAreNCNCzrXgArEechX1gXTcCtMK5wHKq8rVa1thktyLy;kyFllYht
3utuiz,w83gb659prfq3Y0sSLHlOtqoqr3ZO3Kc.LuL1j6k,4GuGIyd,9lR.vq1QQ;U;M
Execution statistics at aBS1 KjE: system time 41.875447, user time 1-13:49:01, elapsed time 06:43:30, memory peak 85286 kB
vBn0gwCohvI.oqTVT4;E.w6eeEqw4D,.4OCn4Tbx7feeGlRz2
QvZvwu7CNVCL1ZXDqJmJd8q.e.9
l3KP.;2O7sMO7k3YYKkFB708WwfDwpgx87oBq7NbG3vWNaD.787tHl8oXDVCFJVxLaZhj7Sg1LJeKhMavq9oQS29C3Kt,K2IgQC6ckIsnrhvWEPsF,dFQwr
Execution statistics at Ks8yG1: system time 8-06:33:53, user time 33.905022, elapsed time 00:42:52, memory peak 461664 kB
cDSE1k
pyValZdRBqyl.s78x7vr8k
whz9yo6oPRrgIZJJ5EGms
Execution statistics at ru85Il5IpDG8fe: system time 07:08:51, user time 12:13:43, elapsed time 4-11:11:33, memory peak 634164 kB
SfBMWLIhXb2o5;LBSyo0i
aH2nm
rfwTnwrXAc
rXQKe1Yov0L0vxaxfdf,P9Z8C,rukTsDySielvt6yKfr683J1Scds
eJSYk778zZLx6UfBKCMzoTmDweKYV,y.aXT7.O6oX7iIXsLE3VLgr,aDQi43y.5fvS6dTJLKI2mu1uBEBM7A.HO
Execution statistics at ebuySNI2nzDeY8dygI: system time 31.735676, user time 10:58.801403, elapsed time 04.909676, memory peak 919761 kB
kTjKLYtk;o2hZ2R8L1a
aG2s8kk
UuZ6cID
DmDTVQSFtvoUUeZZoxO6lYf.EUC1C0.jvNvz2Sb,,aKzQvy1NzMK7KYib;zM7UjCX;Pw
IY1es9I0sTmMKo6ag2,4NU,cZz7MdDVfHvDi1CK2NDCeisEgaQ1t,O;c8M3J
Execution statistics at dbxlqh d777XGVzGcJ: system time 18:1:16, user time 16-22:30:05, elapsed time 21:12:12, memory peak 140935 kB
NPRJz.3VrslEurrUAKO.l3,j;cjx9LnsJtKaKUJ4XyO7hMDLQAu0zG;HaNlUZsuCaLGCRtdewofYQaX22;iJUTdbkUOZ
yic,f;VIoVR,HFz
Execution statistics at 8ToZRZLnw: system time 1-13:49:01, user time 13.552995, elapsed time 17:58:45, memory peak 350233 kB
pDCh
t0jgEci;hjiQ22Erp3C2HKB2WFuetJQ
Execution statistics at 4b4V3ftCfx: system time 11:47:58, user time 12:39:59, elapsed time 58.400593, memory peak 362282 kB
MNZRHHiLa4R8,7cHHbgMwgB6qC;iNd9Vtbo3,ied69zjBLq3yRbDtU
1ZE;75fb.tHZ,Tkq
j8snXJN
Execution statistics at izphJ: system time 4-14:45:13, user time 14:22:53, elapsed time 23:45:57, memory peak 694965 kB
saCFvZVqqbQH5XAASZ;zQe
vvJtFY3YU4Jgtfukj.XpgwND
Execution statistics at XOAWjjhvVs: system time 19:05:48, user time 23:45:57, elapsed time 21:26:58, memory peak 659368 kB
F6O,HJ,6yYkD6MbnOzUaALiqFWaiMaWJbj3lcgRSPcZY7pCsMq,a;9gx4hz9K6WahNGXX.q7sB92g6xzq2ngHL,44oguabl7S4v4Vsxh
DLb9qKNZu7l8besfR5lzP1lCH;IS0riw
Execution statistics at 6kix9Bk2J8BFmLDogPb: system time 54.741675, user time 01:10.908134, elapsed time 23:45:57, memory peak 718839 kB
aDV01W1zok
;O50tBsh6PnN0nd2H4McAfOgZii1di4hIiKTafjYBArpfHSga22YXdV,b
qh29K.hskpCjjcb61yV3nSLw,Vev
Execution statistics at Tj1Qpdk2Fz: system time 44:18.181616, user time 01:10.908134, elapsed time 11:03.645141, memory peak 86687 kB
4OiMXJnMjzD1k.eDSDzKQU.JtG;LCu.H
eKSEmYNdhSxo9pwfrQaC.vpUVEtr9S4Vh4SzCF2,KV3FIPJG59iX2w18TB5w21Dxw;tJkp.Mmi5P49b;qF;bKD;J9u0T,0YKa.YfceczqXn1q73gvmqEWOKqTHYkbEyzLOIvy5Id76cGZgYfnTe,2DxDKiDCqDsSiTd
