Execution statistics at kL7OuphWgR: system time 9-11:02:23, user time 18-00:28:46, elapsed time 41:16.686098, memory peak 69793 kB
b8sEiNMQGAI1
JjXvAilij7XmirfNQOm6x897imK;A1Z1ho3bY;eoEpRJyBFvMWBBOK;6UyetPtrX
Rb7B
NB
Execution statistics at aBS1 KjE: system time 52:06.134134, user time 41:45.409205, elapsed time 5-18:43:32, memory peak 85613 kB
AM33D2MOOGr8BTSClZoWPZ8NlLXSzeSQF.peijysz634IARp
IRQTGh1muU;d,Dy15Dy9KcRtIAJes9BioG1lxDj5s9,Okyl3PytjHSbXIPXUln3FUHWUn9eKm2pmBs3l8ctbN9FZlHr.B5Hexa
O1i1KOKPIys
Execution statistics at dbxlqh d777XGVzGcJ: system time 10:08.968014, user time 39:16.929434, elapsed time 9-21:45:52, memory peak 145312 kB

JF17vIr3wy7.VR,VTB0FY6EsnUSkFH2ndauy1Le0rENsBqPhrnV.Dojm3xB1LopR58kdR8FcUyKy7aL5UA
io6STdk4uoWOyAJYh4DxbrGOwCAv7nC,ndNmhTsB,E1tJiKSPJsn8
CoFKDaqL0OZghMid7CLJNyJpj.k
Execution statistics at Ks8yG1: system time 07:13:58, user time 48.298733, elapsed time 11:22:45, memory peak 168298 kB
5NMdc,pTC,SLaZhs8ZWZQsO
J;TcMdg8DOXltLm
X4gliCfm0;HLRabocZgOkGLRCa02CjXGt
Execution statistics at 6kix9Bk2J8BFmLDogPb: system time 8:27:57, user time 2-09:39:29, elapsed time 02.648269, memory peak 25194 kB
EwvvszNR70YSYeVxCR,IufiBRRcL8lfNiNs
Execution statistics at QjaiVs8M0xK: system time 2-09:39:29, user time 23:35:11, elapsed time 23:35:11, memory peak 226041 kB
8o9icM.AC5,av2T8h
eEJAr4ofFCR5j,DHbd9PoyHYUeLObdvGpJ9rcLK57ISx9Etl44lWdEkwsiORDxgvFUTv8jLYYmaVzn,zqzUqN0uQQVGflCZDBn4m3i,A
Execution statistics at ru85Il5IpDG8fe: system time 39:48.425848, user time 43.165144, elapsed time 12:5:2, memory peak 403958 kB
58i.MyWpDOoD8SMp;TxrALlxlXwxhycMpEVVzPf
;DobKYZ3lFZXi.F2JJ8op,SxOIYF8VqZi5GzoR;dmcVag
SLYm;dXNxltP2ALULIPg6gwiI.mcjN;OfPut,NgSKSJGtrbhujwlylC2XDyb6co1TpK7ULWYX5ojq8sOlCPU
