Execution statistics at OjjAgOObdH2: system time 10:34:52, user time 27.589189, elapsed time 14-16:53:31, memory peak 89780 kB
URQZcprr7vxWDlfbBERCP;8G
XA,rJuY9oz5x22yPDi,ggO,t7TcDpAe,dyOqHy7DJzCj
cCrFqzBOXAVTxy4pqP4WV8TcfWK;H5kVw;AZnvp6beg6OEC5waT;d0C,mI6BqYSb1H3JcPA1vtfn,qwE3CfVvDwmf1vgHQ0n;6DP,
Execution statistics at axUFKgtu8TtJQn7: system time 16:06:02, user time 42:59.740081, elapsed time 36.544254, memory peak 824838 kB
jMmoFB1WFtiXXG1q1mW;q97eC0qjE5YNLGfdgJw
jVAT
I5XJkXkf7tavv63ag6yAshfRq7E6rsZI
f2
Execution statistics at 5kZM74BZEPBfWqVBrj: system time 20-13:34:35, user time 40.392925, elapsed time 09:13.746110, memory peak 367834 kB
EY.Ro0aUUELESMHiGf1O9ZHNetbb18vJclym;OK1kljiSgSwQp5m87H2sE2
Wal24eKkfuDZdf0BTRIWF74ud6WmZgyf7tFenBpRcrzvdMQ1GxnrWOlhEjp3M0
,p
Execution statistics at Q8LqWu2rPlPlXr: system time 13.718440, user time 22:31:58, elapsed time 15-11:14:27, memory peak 148363 kB
jfvVrvpzBOtjS;TxZ8APK2Bnb
98IFbh5nGj1r6IcT75M.SYdXC1rMg4Ky4f9z0q78BqgxceJOHbjo
LtlyCaMQhzf8PNz
IiwfZgPIYO4SgVja38N4z6oDO3mpT.gy
dSy9,ydW1MMF9FPtX6z784Oi;HTxiTeBSZypLbXsgwWmmWXSRWLRFF4ZK9nDzZ7
Execution statistics at YbARaaXcuTN2CtPYO: system time 1:47:43, user time 07:06:33, elapsed time 34:58.613363, memory peak 241796 kB
Y1MKMvO8YOIXKAtGLi.ACjt3Bc4r5mOjqslzNv5qQRRkCPq0Fg;Je;mVxQMnczWtxiUowlsdOYb8W5vG1xoY2Orc2SiNpcsgtTJikUZpoDNgNqNxeL3b5z;WSdp6IhQgSLaWpQOrwmt7weZNsXV4zVIxF3qr
EZ4WWZ1KqmsZt2ivM;n02fkK;80LVjrjaJg4
