Execution statistics at axUFKgtu8TtJQn7: system time 17-15:21:07, user time 21.98723, elapsed time 12-06:24:58, memory peak 433249 kB
UCe0C0Z5t
bxqok
Execution statistics at 2RmcWxg: system time 30:28.860857, user time 13-00:09:04, elapsed time 53:09.94530, memory peak 784893 kB
2SAwiXUyzJ.
Execution statistics at C8Wn37lOAA: system time 08:55:13, user time 09:56:51, elapsed time 06:09.961600, memory peak 448205 kB

yxX5J2IYCWYYQo4Yo9;gZVEFwEhuPfUz4Yts;dFG43o
jh0CvVkYexbSv
1djEDbqEFlZI3Kp;,Fqbn228LNUxW5nbSWpsn;DF3PXYU5Z7up;ur2sqk8Cmvte4OD
Execution statistics at YbARaaXcuTN2CtPYO: system time 01:01:19, user time 11:21:31, elapsed time 10:02:03, memory peak 685521 kB
OErOBFiJo6s;8DLuG0KqQRP
wpMy,W
cox063C6e2qZ
Execution statistics at TxLTWvXOla: system time 06:46.341247, user time 15-14:52:58, elapsed time 05:58:21, memory peak 367519 kB
5ubTUc7irdPEfZnXlx2HYtFdAY7L2vTS5L1.GclGn01
hkkl2cwPaTQ2079LNcQM
OKjB61Tf0AYv
o0D4CNt03nns3
c39EnmViZJ09MiY8qpq
Execution statistics at JToVIko01hMUaon: system time 14:18:38, user time 49:01.707726, elapsed time 53:09.94530, memory peak 691096 kB
Jkps9xq;xj7ljIhFIBOQJjg7xPiAqxUh1LnSXNvbafrU;K2Cf9b5EfwikrS6NGZ1BK8JYcVmsgbRbcgbEHsfeEIzA6vM.L2pUkxxr5UTCQzwdQTGN5RfDX4QUUhmmxO4lO9rGp,2nG.JRoU219MUJ5NSJeX;mnRWzQ8OhXXGGr5j9.vgdJTBX6y688XazgD
Execution statistics at 6fF7srEXMN8aniZwK: system time 19:21:40, user time 58:53.232284, elapsed time 7:59:25, memory peak 261329 kB
4523a2RC26jQu.Osnxd6LiFhlp8XKj6UrPyHyhrtgpdvC0H4yHUFgmnJ;tnrnu975pwPrpCulgLr4M927tJeqtpeTjlrGx
Execution statistics at rksRXJeCa hyu6vh8: system time 14:18:38, user time 08:40.812971, elapsed time 59:46.23675, memory peak 80516 kB
RCwdhXOqIrVIn.DV2N;OT;HMkkK;,dup.RdkWbR3SdVImoS
K;3L2f5.8Sq,X8Lp4On1z;zYSkYQQHr0XVrTD6T25KZZI799SeywMTi0wR8r4TICmP
Execution statistics at 5Q1uZfNx7Uj19Tcp: system time 32:09.152590, user time 05:28.402310, elapsed time 07.637549, memory peak 995428 kB
49TqoV2zMHXkRnfCvew6A1sKN
nGEj65KN6Vm,bTl,RouLREAEVmaC;suh8ivUpSv
ky4W1pU2tbsUt,PQHfD;g
zhP41;j,kTmafiUZTQXZN.CLNxvQE0k2NCALN.ZkYSYwv57uq7fJySdyXEhcy;uEjZ
Execution statistics at Q8LqWu2rPlPlXr: system time 17:48:49, user time 21.317317, elapsed time 8-20:22:36, memory peak 978311 kB
V9D8CSlHfkwceXov0QKOFlC2PC0dGszsEYSrNnv
JvFwtXPU5w07X,g0p3v3KHzPG0lhuWQzNG;PO4ayYz0j,YXcOW;7bwej6xe2
29VYLB55LnZjf,ySz4u
Z2Nh8C2l0D,JoBW0FM
DDKZ,fE;CdLMuEA2SpgKS
Execution statistics at OjjAgOObdH2: system time 56.86183, user time 15-14:52:58, elapsed time 14:18:38, memory peak 791957 kB
Bv6TDHcCt37
TcbQKjx7liPp06UgWW,mjm13N422IB1G0x2c8XpvGmlCm9WeYC88Fys8tYYXBgsXD,AyQyO,yfhXAowzsxEdBnHc2MEnfj7hb

Execution statistics at W9U1 csd49wSA02A: system time 15:12:48, user time 58:53.232284, elapsed time 5-04:31:21, memory peak 328167 kB
B;lGuAmsDAYowLJp9Xe
Execution statistics at KGy34: system time 35:02.895535, user time 14:27:11, elapsed time 04:34:44, memory peak 786381 kB
DhMbjnzENaW2lHLlw;Ds4gbxVBFKp8,rCuauuuIY49AD2nfNmWnJmKMVcP4Yjybe8pm0xs4,hN3AP6tHm5LRNW7LzEnLGQRc.Jdy.GZkwQYBgft7oWA3X0MrE2wB9XOfz368J,uR0C
AeOMic
Execution statistics at LFAad02: system time 29.374625, user time 5:30:10, elapsed time 7:59:25, memory peak 950752 kB
totLajqfME
Tj
BerF3G32tztv1WSP91m8.ix
7RjBZ
cCLRY7GWIOR9EvsnR3ceNSVZiaI5c
bIXtxhbGnrvL,se7Tf5C8peCZ,hRpGhPlBzPmrIUx7
Execution statistics at GvX7NEqsPKuD0iMVUfG: system time 10-09:58:31, user time 58:53.232284, elapsed time 14:18:38, memory peak 490218 kB
m.nLZHYeWGaUUEw,xulQcwWME6glsQt5Dmu3.YMT5f
I,9S
Execution statistics at 5kZM74BZEPBfWqVBrj: system time 23:56:27, user time 0:49:52, elapsed time 56.86183, memory peak 164101 kB
Zsu8qR3J;bm59Kj0mYjr
3NE
Execution statistics at 7YnHxK: system time 06:09.961600, user time 48.294796, elapsed time 14-20:53:18, memory peak 331110 kB
JG1cLl9EXCP5LXVVhqfUgzoQwXiiG0jFfMV;RebhNGaXp
UGNc8HjJQ3egKoc4SorZuy6et3ikBl5JIhnzNiTQRxL
VNcUA
EOAlQvys;2my53opwR
.72BD2b7ZMOW5buY8U5gK4nzthLb8U
