Execution statistics at 8GCbtGC9slyjCm: system time 39.996408, user time 53.50126, elapsed time 3-01:18:31, memory peak 390290 kB
Bn,fLQnVT6VPKYcWDi
FfLRH9;Qt60,xYmzBrj6t7zUF08
g8xguAKmQe1GySJnwaxZqQFvVyRT.8L,rosA81cLowcIE.OiDDyJnM4VXYsTPLNp8z4iq,lIFS
2kcW9,vVBDUTS5oqXA4kr1e0T3uGPvvjq8xaz6TZV9F5YanvdsaCL3j5EWLgs2
Execution statistics at E5V5qDivA9RH19XqfJRs: system time 20-23:29:29, user time 21:57:46, elapsed time 47.961384, memory peak 676561 kB
L2.dItrH
affW4cYnm08OgkPFJAKVR7o308INEEU94nzcMXCrlcF7moW
BUWxhXcIU;nTwEH.BvoGM
1mz56wY
A5E6yLn
PaRi
1mR4VD1b03OBcOqA2MS6GZs;Yo9UEGaT
F
Execution statistics at kfWTe: system time 5-09:48:04, user time 30:08.205724, elapsed time 39.996408, memory peak 681657 kB
,hWijH.OB6rYGreNiZ;dzcumn0eqNPbdJtLrDJNMps3W2gbkMeYB1JrS.H4W
Execution statistics at WUhS4ZQvmCVc: system time 15-11:09:23, user time 31:06.342835, elapsed time 15-11:09:23, memory peak 188847 kB
G7nijLsOPPdyyNcldfaylScNPpF8o
ANelL1oRvMUfAbaeIOzDmeGC
Execution statistics at QzfOhZ uywytRLg: system time 12-23:51:29, user time 05.267156, elapsed time 5-09:48:04, memory peak 877851 kB
NFIF5qjbLTUI.
Execution statistics at cUQdnap7aQUswWI: system time 20.527551, user time 5-08:27:32, elapsed time 09.2555, memory peak 641828 kB
HJ7sJw84yqcbh
maAWVSODYC3vXXfzjcW8RE4A9rqLBDOvBG6pCg;y.J46gU;QrPKXGdLnNfWeMnUflqHRRG83T6OjAjUfMFH;4pEVoRJW.iB3SCBUaGVPwGOyrTkJrPFnADgjBVOGnnM.QbKMLW84Rt,YdUqJ3fsAE
Execution statistics at zYrFh4: system time 59:48.624065, user time 47.961384, elapsed time 09.395659, memory peak 358506 kB
dNlY7bZMt4riujxu5Rxd8,pUoUmcvcGYzJA59hFFQ.xh3qMnQzWLOF32D8tU,kZb2QODsmb7rIG,6F4oBziyD.NLDEw91zFXwd9633c18qlXhuNdxEnY3A6E2v0d0otRtisy3u5BudY5OZfZKACB5AEESsHDhii,Obli8T7ai1WkAsPKuuuC
Execution statistics at dpymgO5IZbReuYG: system time 16-14:12:03, user time 19-05:49:03, elapsed time 18-19:43:37, memory peak 67102 kB
LQAjEhKfQGPNDqrEe3qopYq1.k0MsYJJ3.IBilQo1dK339b34dfYtU..YnIWCNy7jtjBz8Ehs;.5sEfR3V95HrxJvj4pFnCPnxkkn44p
G1FTs
OnwoXggB1ATORM1NlRxFVS3aMf0CUDmdfIeR.zLEpVBiEV8DkS19es1UxN45vtBgdqTAwP6BJ
;Wgp7sR3j
Execution statistics at aPwYwosY03i1B4: system time 0:19:44, user time 10-05:08:30, elapsed time 12:6:36, memory peak 815579 kB
u2y6V
lkxry
Execution statistics at npobbL : system time 09.2555, user time 29.766333, elapsed time 3-14:25:34, memory peak 268970 kB
,hhI07fu6;48,f
Execution statistics at v8fcLpuzMn4zuSL9i: system time 16:26:10, user time 39:05.147712, elapsed time 20-13:19:50, memory peak 86850 kB
nH1AztsrHT4CixRpEvVIPSZlsnZL4LyVsyA5lrQmr2;r7czF.KUENGgz.Be7HB1xUgFkfqHbQ4fe.ISjXaePxk9wJPYjky2R42gSY1AqW8e2b,
Execution statistics at 4zhooV: system time 00:11.838181, user time 12:58:33, elapsed time 12.569392, memory peak 574742 kB
Mu;T,u
CP,UZ2lkynQrBI2QcM6.7;jr0lQgHSWSTMcXLX9NIj8wZ8ZxjXg91ngpfVpLUN5t3C6ANbLS1vBAlnjZ8K.
Execution statistics at QpxBKxVS mNgSfj: system time 20.527551, user time 10-05:08:30, elapsed time 14:55.973869, memory peak 965813 kB
sPdh4.z
7gYn2SHdeVGxR7sd3zWIQi,bVK4z0uh2ULY;96ZEaVJ;,jDiDZpsEMgk;1QfT4VDDgBQ1E.BFLTfSBwqFpQ.RBRSP9Nc6r4JkdlInYDkp5,97K,QJUVgcEhuooYEy7xian7DD01gVpo3IQ9Uap3Mw3a2zCKQw2,EWIz6LmLfL2UcHhy6Xh1TsQ
Execution statistics at utsW7J tv9FjY4R: system time 16:17:55, user time 35:17.667693, elapsed time 6:6:59, memory peak 538673 kB
MXLyLlNQqs4jpg5JXsyotQmhuI,EBQW0.aoaHvOvUzL.Tm
Execution statistics at fxDsAxndtJrsZ1: system time 33:36.353067, user time 16-14:12:03, elapsed time 33:36.353067, memory peak 821459 kB
WD,,w2I8
zQlR687bcdzBE4rRuJ0Aj.Oy6W
Execution statistics at rJQ6Wjk2g2: system time 20-12:44:11, user time 05.267156, elapsed time 12.569392, memory peak 647865 kB
EoepE3vkcP0TVA3w9dvy,QqqpPcoVhwii2m78BS8Mri973.RQ;v3whTgbLII,cJ52hp6SCdY03W9rmdeKiiV8G57JA9bEo20VoaKGuSOAvNLa;35ptxSscm;bn
L7fnRtCnI2
;NAqip;sinSo;ppto1YusJ
q,g0RkhcZl8XB2ETT3GGtL6K;ONozFpiEBrpI7fL
Execution statistics at LiEzVKq06VSx4ZE7: system time 15:46:04, user time 02:34:43, elapsed time 46:16.258177, memory peak 43002 kB
SI8x2yDPJ9wwU2T8rwMIYziyRWRdHS0eahe3
Execution statistics at o5j1wjTIpBTUQ: system time 15:36:21, user time 18:20:03, elapsed time 22:16:27, memory peak 987761 kB
JGqF;0yw39ZVa9VDsg.4rVRQpDVe
ap3jjWc2iQIYi97ipTuQjFFRVN6.j4
nlOH,r2njhVMgJ13JBlnjlnR7,RKoRc39uvUJG,
fbVX9wjqfjZ9RIbcmcXSwOVI6a4vJUg4Xb0sz
Tbfy
RZW3H7vm4ae5QHdQgSgAmQqZq
Execution statistics at lekTu5h5RBT6JPwd: system time 2-11:44:00, user time 49.205829, elapsed time 33:36.353067, memory peak 494064 kB
B.HFof4C,OXd0EtHmw0zp;jpBrS8UqBR
vBTJXwe3oCmw65vUC10lnfIYZP9EzZyRyanrZt28Q,bbShZ5o3XTFiyFi,Z7YHfm7Yuz2GiMnaa9zFPxqFwHoynUjhg8rFfuQWnPFNBhHxLid
2X8Boz;5og0jQsGTsBY5
