Execution statistics at xEuzuI3hM3cvvfcxu4LA: system time 33.273113, user time 3-22:49:11, elapsed time 14.109454, memory peak 378115 kB
P;nXPsQPKH8v0ZtSn307ItT6vkFBQR.q4YluCnTw;wwsMAcfWycOu0ZBOovXVEF.NUMb66FQ210EU7hBdGAbeCY1tF8IyKBXFwGzY1kjrrN9QBEG1
Execution statistics at jD5oPrvfJ5kf: system time 19-20:41:22, user time 35.231320, elapsed time 00:08.87100, memory peak 62831 kB
QLT,1yyVn7GKuZOMHBtjiThAwbIFlDxDxuV2VibfJCfSiMg,EtZzGQ5HiCBSJ1MCPeXObr7i93vUYuTf8Jo6mGaZ5rEHoNY1MS,bD5b6g97
ElQ9EKK2Nj5;3Zw.
Execution statistics at 9hnPaIYJji OYLagLdg: system time 6:25:39, user time 06:55:05, elapsed time 6:44:14, memory peak 493399 kB
GtJG4OzN6ObhY9JPqAxMK,N86DyYivfz2IvTn
XJ,LVfylt8ncmY
0PqOeXPft2gw
xMLXDJjv,3ls2HOADr8NuNSVAlgK
gbOmK4UZ2Y6WAvCBYOVcTnriZNOpuhTxDpobQOT.NBrULsNnTaURIEMvOKFqUPsi
Execution statistics at JudLk5ow0C6dJv: system time 6-04:38:14, user time 01:20:12, elapsed time 48:44.976371, memory peak 643032 kB
MTRBR83HHQmWusDyf;w3ocldWxVknyPxOXnp
P1N9221SojAxd.29hH6LYHrivoevI8jrpWUDQwNf2z0PPLuqohjPWNhLjgvdzL5ZKRxxhykyESNDDL1
s6woZ2R6U2kseVW
Execution statistics at 6dHbzhiTX7pWJTR: system time 12:50:23, user time 42:27.402124, elapsed time 15:42:52, memory peak 315317 kB
F8M945
TVpwU.YrGXiAMRIu5lJiOSRyMfVCHKLaegwreTmmEIp2T
t1ec6OVdU9Sp
UeWAKRhvrWC9.Y9pYkg8aNvwrZrLRvDqPnXMs3R
4JODeTUtGtyy,wIgd45a.ZIg9WPEOIL9MRPK5h
D
Execution statistics at 41h63nfqq9G8pVGHd0rF: system time 3-15:16:00, user time 20:58:23, elapsed time 03:34.520027, memory peak 887901 kB
8hsmbkWHS6Np;U4vzF,
Execution statistics at Z3xc6Uu: system time 02.45103, user time 13:52:24, elapsed time 33.273113, memory peak 852523 kB
dgZrqVW0DTV2ki8seSIzj8Ddqi
sgfravAHkp6F0ai
F
Execution statistics at J8b5 Tx1250l6n3fpGd: system time 12:50:23, user time 9-05:57:28, elapsed time 21:28:17, memory peak 581802 kB
7W61lJPOepSjO8mIEj.uVDcet.mihELQIBpOeXCltewnJQulny2b;XAUZVI,q;pm3Fko
m0BVWAPmOL6,
zmdoXmeULYgldQLptIOzGh4aT5I8V
Execution statistics at vBy1xr Rjb3: system time 55.397542, user time 19:21:27, elapsed time 45.416768, memory peak 814854 kB
0867vNqjvgdG3Sc0gM4;d
Execution statistics at TZygoDQ5HCu1BQu: system time 15-17:26:24, user time 10:6:49, elapsed time 14:57.879351, memory peak 774867 kB
tagDqkkZYvnhE1oggjknz.nvazc9L7
NT2;rCfMi8vS1C9dCyZxeYf7n4al8NT5z0uhhQHj5UHavmgYPzdUf
o3Cm5T;lALAGzO4G4
JCAxjc3yfWutFOy8901jISyrosQMT.6zF
Execution statistics at iG56BlEXGx9asSoWcI4: system time 0:3:21, user time 8-14:34:19, elapsed time 19:21:27, memory peak 436475 kB
vBK;tcysOAbO6RzIogEPx.E8.uuGNut1kWKlOmww.qTLPbiWQFKF6R49

mJHqI.QFgXY38EGfBLLY0g3dGp1qO.yG,GExCkZ4
NBDF11LwA12QVw;8
e7YZJ1ctjn0ec8xqhm16
0Khg65fmRKtx77bhv19KKoHG0JrYITjaQeb9o.NpVh,OqxCA8
Execution statistics at lga52OuWEbzMr4GIRXpH: system time 15-22:23:29, user time 15-17:26:24, elapsed time 10:23:19, memory peak 955505 kB
UZBkGSNhCFhpkDqOozKzeVGAvGTLC5ng;1VdswMgX1.VskGxG6NGjkMa2Ow.RRHNn
d3dMdAQ9GhJU5Cdk3wdQN06ABt;D0xeDucr,7D.R591tBl8FJw5XLQ6duzW
C5q.ArBiHtjgWM.YLT.ZltV6hlUD,xEv7hT9;Tu
tT
AyTgS94O9KgY;zJpoJf
Execution statistics at 4vM8eoRQXSv: system time 03:34.520027, user time 13-06:48:35, elapsed time 40:02.541545, memory peak 869451 kB
UALK4jL9eSRe;
cOJheFzY,FrjgzRwiz53u
D037l1A14NCMs.ls63A8ltwF3wXc
cI20AE2cfZfYpFc5IgVkb
3;zlqYKyuZU4;O58ZA4KT.qM3ZT.QkAZ
OADa7lgrwkhN4H3gnUy93jVYfk6,A3dUmluLChXb4lSw.N32X1L
3MmMdP,q4uA
Execution statistics at LNmUacm: system time 6-04:38:14, user time 54.378510, elapsed time 1:34:25, memory peak 228577 kB
lbf1.s2lio
Execution statistics at HgwhduU : system time 10:6:49, user time 6-04:38:14, elapsed time 8-14:34:19, memory peak 469273 kB
quIWBWbU7uGmdBXymGHjbg4Vp0gyw;HfD1wKwAVe5A0HNf6VMfuaRSIYRFI8
K
cjD
Execution statistics at BLiSoU812YjLqQF8qi: system time 20:34:17, user time 14:01:10, elapsed time 19:48:53, memory peak 530123 kB
4NLeMdZgomx.IKz841pAeLh
4H5rr50zxKSAvxl6gXz3fTL9SV8yQr,ix4F1JL2zBblCJHzsOD4EWiXHRgudgzakfaeXZvg.kY4X;7
