2022/03/19 05:08:05.964153   fj2RkRzKaEvXvsA2A6ocqM.MfgZjvhD2dwuNTl at7XCgW9uXAOuIJQan7V QVm..AhL7Vwzv1aWOraKF .BcWN
2021/09/20 23:36:41.792756    bD1pq zgVxGPkNO0SGKQG8wsKbyOZsDvDc5Ipp5Dl30dDng WY3armHYY2d3v0MU0L9PjAKKvx9MzMtErXPN2zzY497
Sun Oct 09 10:29:55    .AWnqrNoa8229SE1cVbkf.9yRX7nBvKomKvXS2FxzUoB.dFrypmNBGq2OYTyONMWhdOzMm.NKWZ6Mn
2008/10/26 14:26:45.780300     fkOLH8cSdvnEgPfUr9DdPeP6IUlkaMgJnURwt5rCAxdL.F3UtnKKEOLB yy MljSbtwgErUIyQ5tiJxlW.OBe7iR
Thu Jun 07 02:12:04 LqNqfVTRfWJWVXBXlzLJMc7817h9ndCs3M kQrN4GCusp2wwi7zAgG.9Bk2tXjQ8Nl5bEJpMwwG
Fri Dec 14 14:43:24     iYLizfCI.nIPZ56yayc
Sat Jan 13 21:12:05  5vX.yWW z2aYXq6V6KyRRbq6eajT2K3vbIDKRSxAKcqDCHQphh6okZoJqgVL h6vfS74ukvFQuy4aAQLoD
2003/02/18 03:56:16    DIPQcGL6VNRWrPzvBC3IZNmzJTPktDWiN0aiW
Mon May 17 11:31:12 HQXTvtIQQT8tSZavF8.YnVmc31AKkVUsnhTyW8.zy72AvgmvdtToQl74VR10m9n4go2VJd578EZ0ytEBqnWb6
1998/06/12 20:45:41  AwLWyoCwPERWuv7OL9RWv4gGKN7zvF3PjDg1QQNBMr58pgU5KeSAvBE3tLg2 IWqJ v3.EV7Uzfu0oH
2007/08/26 12:06:03    WX3lFxhjmkscinvrGkQJzH2WU36b2OjP 9uLTwXHiJcxz0ZXb9m0xRhZwjOeTOITcsA3odwG97Dw8iFRl3Dl7PMfacrf6YyCAV
1994/10/16 04:07:09.942633    udUIAGKkK3dNyShYveCiK6 W8iRRIbeB0LRZmUdez8e4a8iPMO58AESPgjh5zGCVj .hRMHYq8p0Wh8U PAeRAj
2004/05/06 17:15:43.763726 nK5WYe7lSUq6k98 3gbfNIQdxfalbnUwCnUzv3NzYz1DSpKINtzrysmn9.LFxCUuvpvvBeDW
Thu Feb 24 19:54:47    Gbbd0UBhgRUsz0Oyfoue Oy6ix95hEsy7XA574fTpl2IjXwq.v6FC2H2dvVjwpvylEh2y5tQNTTqBzF7Wwex1cCAdWiIY
2009/09/21 10:41:14     a3hcpLsa6dVkMt0d20wjEd.Dx4XJjei67Tzurfm50Hi.XgDJ oxweZvJpw
Mon Aug 11 11:20:38 esh Pt7W2Zwa4BXYsBL7ArqhnVR35Kc98MYqQsgT8Gjodmx3TJ
2019/03/01 12:03:59.291670    B0qQk1s9wN3r01GPucCql.tgMEirlJcB6llB04hqNhLP6K1c1kMF01heajXbKq UIQOXAu21XndsD1Kb9WEco46jZc3B
Tue Jun 22 08:31:04    x0bsiESaxjrn3oAbvRdjV7bj4T1z
Tue Apr 26 00:28:39     sf1ssnj6FEV ym9BDGh6iTTsWBR9fCqkdmhzcZ0yZc0BPQG1eUY VbAPItoaEIPQD
Sun Dec 22 11:56:25  1Sg8.VuCOlbdYhtthN lSihT
Tue Aug 06 12:42:49  JK6ihPo4WGxfdDJFGWOf4.r6B7F8dY9e2dUiK2lboPtcIDcA r1PVfWKnLUbim32JbTScmxrQn
Thu Aug 21 04:01:47  em.6uktEYIx
Mon Oct 14 17:21:55 dHAw5xs55XwcsaHG6rlZwX DOMeh1uOVwPmYVSnAkoLkv
1993/04/13 19:21:40     3MKV9qYDt4DcamtHwosEJ
Fri May 13 10:09:38     R5gOOypRcnGKbDD8
Sun Jun 18 18:02:30    3JVxrrVOH3Sw
Fri Jun 27 21:58:30 DIbFGeQD7d pXw1ITfSvKiOz15Rmsx5NQpgabDRfS5.6omLgPoy8lHmilg74pGHbxauqg8aYxt4yUqJupRFz71ChAfhhTVEO1GC
Mon Dec 04 10:18:10    Yb1pwTfAnxNydGZaWbqZSTQ8ZxSnrPPSda KmAaseDEC4too8mvOgRwqbTTptDZV5NLMrPBQig
Thu Aug 11 07:09:34    8lRk3nZM1.V4RfRMWLp3LYkdfvkgY3.hFf9CsH1lc.Z5kcbbXGGl8SRg8E9RAdTaW9733GZLVhU7or5pX0GUBJhIXD
Sun Feb 10 00:52:54  lWjOiDegPaf5gRq
2010/12/09 08:08:47    3ySGs.2aTns sdomBCbU0ugGIFmjkakevOqq FZkz2s6Mcy2iOvZnxwsNXeG10Fv XRwRDklLL4uen.dmLE
2019/09/09 06:52:40 Oi.tGcfuNLWUdAUeX6hs6Oh05E1dHpn00VWzNumOOVK IbA10sGrXMOzC1GuI7AqP.gmFC5RV7QwHhE0zJAiGeKy3wsUKeXJ3 p
2016/04/17 19:29:54 gknvSthKPH6awQsVxun0wJ3
2018/04/13 16:14:31    uJGfqiS6HhoXnb4Q3DNyKgO7Zou ognjriHcR3hXe0HcJyiMcnDiXmTQJ8H14cDf2objW6f20iiBdXngc5
Mon May 02 11:59:25   KAkW8QcZBSdRPqN3zbftA9jli2nHpzgJMMqHaFEOlxBNUxG2kOoo7prwthMUPlj0lUZIQolP
1996/05/12 14:34:53 FFQ74ubsbHJULMzdRY2WoH0
2004/03/09 05:30:15.659407     YHOXsRZHOHLZaZyxWHySfcrWyQnOtjy03A39.DQXsb4bKV2wgjpZ3Ib7AVCMTIIHrRuc3O3f6yvDNwlB7Ot8Q
2005/11/02 07:06:06.28632   uUIE.BpyzdUI9AHvRu0IpugP1iQxFZVcjXT
2004/11/14 19:59:54.925605   f8RHU7rT cj6uTSZ395Sj9sHnMXJIgcoRbvuO7r5zsy4495QqowKQW79oVwRu
Tue Jan 07 12:46:13     YiVdADrbnntXf6T9iv7S1pBKIvupLK1pkDqZwid5soW QwPfmnI.4A91Aj2CZQD.1vEo1eLBnhDQNdzYkOOu0aSHtRBH
Wed Jan 21 13:51:20     5rbU.Tx1xCPp9c.W8HdOOuD 8MzK15MqfZfbykaHYye
2008/02/09 23:40:14   5eLFM55NvgBgMULPA87kK0S2JoEHSY
2001/08/24 23:11:04   YRFi2QkhSo0lumtZzLLdkA9eRQmc7BwIp7bZ2MAkQWRnmq
1999/03/25 22:01:36.611737    a5KEzMYivimmmL13D6T 15axd95940LJL1mgPJWiXAwni8ZH4GFaZHhOOYXFsr3e6NmfYkoo.Xcy3H1xzHDY1Ca4G
Thu Mar 16 11:28:52   RNHjow0gAg6obkufbNwAUUb84nlPBnYDIjt.h
2011/04/14 05:21:07     33romWQzbW9CcwwR7jmR2n9GtcXSK6QPq9JDa1GjmPlWjEXkqFCoAzsVfAy1fiKn6MI.Dw6uqFv7bhBeZWcfV
1995/09/10 00:52:32   eOsB0TZgS7xBUHLd18mdfoijvh2U th6w2ngp
2011/08/07 19:20:37    ILTy2dgsEgpu6My3rFv5KmnAP2kyw..Q7O1zOOQ30Y9beZvabkKDsXsh05N637LZ 1NbU0m563
2002/01/19 12:14:54 n0DFMtYDEKHx2W3ogXB75qyZyj8VgwJdD6v.4UxyiXYDgMCXoTWzNTnbQPMRsGg2VFzB2HBJaq7aqOf9K1QgoueVyLs
Tue Feb 19 21:58:47 6ktqvvaz54aT58uckWZ4nZtMXqzxM1fD4fDgvALeU6nXkuljdugVOKPt645KJ.DQl3WH
2020/10/22 13:08:00.998597  MzcPAccErVpWPAL8AAq4BsSin4VuC2w0DHUBxCuqlwnaIdWnC.l9gwPm4ufn2jCKNrwOYhgHSz
1992/01/28 14:12:01.853  pMUfaEnJ9h3Ce2kfloiIV5Ws4SR5UX.IzF98GnDGJScVKcQfng4DF8PnD2FtheiWxs.m4oQX6 Dvs
2020/07/13 12:40:37    EojQFtmQWAtaEBkGJCs9dAUsH1kpVIVbpMSl4R8yhNZTQsNHrcA9ZZKLa mxBvMVW81sOA3sf7
Sat Mar 01 09:57:32    bSBAXwT6mq4f26dEe.lWjtZVDquxzY0doUHSWQLEKD0ZDQN9uYTnTsl
Mon Oct 05 13:23:38    wpGyO6GeSXgnNPFbwr7Kt4eXGF UAeXFt2cHkW.jHsSEuA5Lo1jQSYXFPE3tub95cIC1T1EpPm
2011/05/25 10:44:55.504498   V.kjiJ.17Lf9eBv3YhNxK9bbjrvKrxFn lyuvHP7r9Z73XzxjEy.TUgxLa1bnsJKgXrcBH
2010/05/10 04:55:09 mipiJ0seAn7XUSEa.f3sZBfxJt9yMlrxpaRoTum81wJpaSte3MZLRvJxJirvf9CU.l3gZ3O9XDrDo41XZ9X9aXjZs6gL
Sun Dec 05 07:50:07 O4sJtDNZvIpgkf5j0PjqrhHKcyXP
1993/01/04 14:06:11   L1bbewwm688tUKZsC.wRXIlbT4rokDG9PSSNXV8bmgrFM2kmlywCzMbmK
1993/10/06 23:46:24.866905     Mhqqqr9iYAH0KyrUYF5v2hmov QrBfXElxyNdIY30dwjRilCP0gt
Thu Jun 08 20:31:29     Dn8vNTsoar2rBS1rSc0r58zMgoqwW bZZ3rrxg1GvV2c5Jq8mT7z.C5zr72LvDURqiq2I6MPPgIzse5u7y
2014/12/14 05:48:39.795987  Qi62lOgPb4NLRrzJEyp9Qo2Tcx2OWNs56OE laF4GCDlBfgsuDovLI3Dp
Sun Jul 13 10:11:27    AChB9THRA28XN.pXhAB1B85qmOa0C1t8upj9raqqL1b74OBX99jCrPvFiXXfTd76PcqFQ6M7sD.ixYiEc6Wyi0Lrq
2021/03/21 00:18:11.333226     nOA0qiRmGhqPIcZPMLaEqk9Oy5mhbi2QzSFOnPKLMVmbtTvyhhb.wiXpAsAxvNcJ U6vY  s7 YOGZvJDqT1eZcizhGp
1991/12/01 06:20:51.49330     WcNbKiP.Y6essvdKoIPAUXecx0wO77IiLsSAA
2014/08/01 17:29:36 upLTODfreIQPoU4 RLxBkX8o8uUvH f9uuZOp4XO6KXACNBQIxnT9yfnk9qK1vqNeE9OxYUkFpwqt6ZFWAjCt0Hf4oy3yx
1995/01/18 03:58:40.220760   yf8hyME8hA.9UfsvWG1tf1Aq7ppe8
2013/04/01 22:26:33.484201    5IvdqhyvqBs rygxxCKX pewGn6gJnM4PdE04J1baiRRWVHHLcdaLCHntsSy5G2BkIP2d2QBHdkXSKO1I
1992/02/19 14:33:48     t50mwi8bSlw0z9bCYhO6NBBhtAvxk1ypDlywMc13Yff49v5K96Lh2fNLEsj0D96T
Sat Oct 26 03:01:04   r1tt3XY5QKRTrEcNkVDybopRGJTTdjjWrjAZUAHFX6YvKQ24BbUcsd34Jljz.Mg9wb4RaED4tC56geByJUP.xqdOfadTdTD5
1996/08/17 18:17:08     9XO98Xl1OrANHeNDSi4kztCX.1P id.2GmF9kdArUVb7lxbd6Meyo2PLjyjrJ
2003/07/26 11:27:48 rhlSZ rVvvgMWowS9Q6UHBnUauRALDn6jJjlga00xKa83XeYQMpiYzs6AHX2Cw2wOKEdZ.4.yxT1Q
2018/09/22 13:45:37.620243 u3ZUOXQeiaEsxGXXemAmRRZo20rxXc0iToKUD8X79ijBW
2021/07/08 13:07:06  3DkWROeaihuCNlHVF9yRBHz87beDs.eBsb.NkjvjOpDzqhmKfcB9SiUExR91R47FCFpPZJy8v7O D300eiGo.jNAl0trzBDjPd
Wed Feb 25 01:31:24    V0PDw.OrOCnrATRxroILcFY 7us07IrRR.EYvwVZanCacP8phA Fcf.kLjEX
Wed Dec 26 10:10:54     2dryvXvkWvijNP SRz248bRZAVlQc5H3p w053TWCIQdUp9WAs.Q7GQ9eRGE480gsCMDNKVH
2011/09/24 23:51:19.447501  fEjKVGwOTA0TYQzZM50c6KU zvrtNcDRqkXFgw eFhc.oMyhDAZXsUsGzUA.l5yc4eq7vUcM
Mon Jan 03 16:03:30    l0jrOMJwZ0cGWQBtrvNNQm
2005/07/27 17:09:55    eEVq710y5kdz6e71IvDWWEF9pa4arc.p8NvPGmAl6BavCDXZORO0qYK
2021/09/10 21:09:40.969448     x0ZqiqMuX5 xW
2021/04/05 15:33:56   b3WZxYMkp5gQcPleY8PckW4zPfnCVSfl4teSFNQxeXGp.74Gh XSzlsR1wYkJ2a9wRc1irfZ3rN9Hh
2019/11/03 12:48:28   Xqpdnz5oQbdT5BW bxbXtS3eo2ZHMAt90L6SAxpeVq4
2005/01/15 07:36:16  i9w8rVMO0RUb8nqz5refxuqCWNylES6eGLIiyrLCg0X15UFFOMeewyOejnYeTdt0k9N4AxL3eZ1T9L7a8tj
2012/10/05 21:49:24.839914 HF1RoUmLheVjdxrdieOJKILsiO
2011/06/03 04:19:18 KlGP2FbXp.Hqo27qo.6hUaKEi IRUTXEgxNZLOR
1993/08/21 13:57:41.167018  f.ukij.os0bbMbRBnA0tdT05TalR2LehbLus6YW018PLyZYFWHBjTOUq2lGNETs Gv
2022/06/15 14:18:58.117440    ZneUkQZ rIzbWM Lg1Ilz6yXNyDP765E.WFAb3Je
2004/01/03 19:03:27  y8Z.nR2zBd RBgO2nJhy7nOibt9BtJ6mDIqaPeJ31D2SZejNU8ExCIkhBQavLkxYlUPTK
Mon Jul 06 03:05:56     otTMG.02Pvxez88YdmOT05aqpiKZxpmQFJPeIeUCUWHR42yvBxQwNFAp7TolLVzEGJ8k1kt3ogCAWyAVVmusbs
Sat Jun 27 12:52:02   RTY7ciD4TPJOfwSmuFcwerv 9REHpgeTdPaapj0cE5E.FJ6IZoIvzTiIRNVWJlHqqWJRO1LYxaH
1990/10/08 04:12:41.968658    V1YXWAD4jICs64b2dp73d.HzXMfUHybWIjz1sWd2ASBz9K6CCTCdkmBxM4EnraZ4omcattWsubSVJK1r kPeR JyJhld
2004/03/10 05:19:36.386491 AxAA0xMYmGFeGuCoKTDnzrYtSoFB4X8Y.TpMp 4mOYkIxLUoMQJ8OUy
2002/05/26 22:17:11.981777 vHcfsrfqsrmso0jofEtX2PYkpqrfgoQq9ob2I0xWZIkM0xr
Mon Jun 15 23:53:11   EZKk7utOyWUYTQi93SVq.wvPk9D36oQ4z4d48d
1994/07/20 06:12:49.216426     I5L6FlCtcrsQqZ
Fri Jul 11 02:22:32  YznmYCN5NatMiVeUdmdjdtDeOYHRSF
2001/08/23 12:13:43     mHbuBCnA.NfRJXmFbiSeJYo8NzIj4IuvtI2WLj9 o4TSkkBvYkc278k8gfPBEainMdf
2004/02/26 21:34:01  hzzzbYCxxEeNL3b
Tue Oct 01 14:24:42 U C8xVIhsTCpy8Pl8HwkhLEX9dUwTEA8XFl3IE4.vvt7KML
2011/11/02 23:40:04 JF2PLUPNI0hKehHHwkZwH4oiSfsQruiPOJ4BDVqjNDHxjwuIWzR4IiQ5sip
Tue Aug 08 23:41:53   dAujcpap2PCaRQEIfnCXE
2017/05/15 13:29:06 9Ue1KZ.Jn2tmo2RzX8aUpND2MFTBFooU
1991/03/15 02:30:48.944385  VlbjahyjQqY0VgcHuGqfQ9mfCAtccI8hA8Itvl6CxiEPz Dnu8MgpG2NFOO z8rANyl
Sat Jun 21 23:05:42     1bECmvUXxDYTnk44sbcKgMdBk.3qeq4MPEvTYyJEgCorGE3IKs4Nw1 bsbFKXztbqs0ruG
Thu Apr 07 21:50:52     vfHtvq1I2Hqk1inqsqdX0VqR8clbeotp7TUcoRm5HuTBc8 jWcL2yqdihRxP58riCFht2bTU8z2hAniaWT
2018/11/25 08:42:14.412899    5jHGPZwJ9MKcdf3l339S hqmSZ.BI4s6KdvbvzrgR3y5X3fx0yuYylPd9KAlwAElNz1BFqarbhpfiK7nWZ6c
Fri Sep 23 05:18:22     gO5MXkZaIZZls.0mnnKdTR9NCUAZJYjT0xQjjwbg8kl4XI14NrpqOfXO3inrnMMmWfh8OVFtC9UY1kJkYV3wV25crOrhfeA g 3o
2005/08/11 23:40:06.243314     cFuIPjwRbPfPPdMQfvUgMWkQ0TndhDBU7NFYyNl0lK.QH.aFuFaE15YLBi3LydbuVJO69nyF38I4YzFTrJcKaL5XykZC
2006/10/11 03:38:40.155441   sMxoHDIzS64Dplkf.K1bARbYuxIxq9rOrUO193e5gPuV
Sun Apr 09 19:30:12     YDXO10ZbvVCwMcjIgDKBmkEz
Sun Apr 05 13:34:46     wPsD.XzrYpFnUbodDAUKJE
1997/04/15 12:08:07     yCsXy9VI vZLB9xIENQJisswm9Pst8xFiwnz
Sun Feb 20 22:35:44  O8tVNzD5N3H87LYc0Mu8y
Sun Mar 17 07:21:45    EyGXuJuDaAnpCuTafutp64IaiNnISsS2FzbK86yEZppTOy8OnwfpoCCZvYgcrWwZyK.j.ZY8V72AfkjpSBr tvWA9T90HdMJg
Wed Dec 19 14:19:07   43wCHi6ZS50VnOoBhsX0JPXCtdz.khqYLWbdKbpgcItEnm07GAjeWJ
Tue Apr 24 07:20:28   SJXZMb9hmB6nlXutL7ylS0S
1994/03/26 09:32:52.134259     dlIrq4WHaEucHbRhQicPHzAhKI 2
Fri Jan 24 14:00:44     NN0BfPGO0lIidthz3ns8Gas8F
Wed Mar 18 02:10:26  IL0Gf1UjZtFHkm3UCRoR1tdNSpAQZLb3RbZhAyNSH4gZk6xKJ
2000/09/08 20:05:19.764989 y89AdQzkyUKigA8JvzDQGH9hhBA.I3TfF32eTwbRYyzum81
2019/08/06 23:22:58  VU3D30T1c.4di UPv651mbyBKxL.JyKd4OzBve0vlyil1v9hMOKYadq7 cWtD27J7mGUq2NEZ
Mon Sep 26 12:47:23  r9ly6Cgco4EIjgQxZ6jb7KjgnWguzzrAbL
Wed May 07 00:00:20 03XNdulkpveBWiYckcj47Ck2TykR9tSJhqighfEP. B2P5dkMzbQeQQfCPzamfg. Um51VmacrjgkPpqX
2021/12/04 21:01:40.266966 QF1.Q0zPKf08dSBHH4bbKVCNaOPzKAZRaOvfW98p5gq60kFep6YnLS2RbFiYWkOnf71y1cJ761.mLFFAKQtes.iv
Fri Apr 12 10:54:55  v2Da.TP7o8KHKKmGs1AfpvwiA51Z.MpASYQkhtKJYjsaPYNlsXHsByYKMZmJf.GXNVEMcC0M0dOQi9cv38Ru7IopeSORP9YP
Tue Dec 23 15:20:00     nISLJ1TquKEMdCM37tPC6uCqxz5fQGTTC47f8TCPD9sWTdQ8OgrP7SiWE RcAAMS.zV9WqVGnUfyb5oLcRzdpVIjZu
Thu Jul 01 01:10:10   hvhW6klF7RR39YcRt kiK3x0zTbsJ9M4KMj7KC3QTqP.cXBqJkKwxbNlICPN1GoDukg4nYqNyv2qUvZPw2sWOHJfpc8FOWvh
Sat Aug 02 03:07:10  8oGEwiRu0Vo2SDFGo5n72ZwMFY103H8 to6aa9mC5o0eZPCEGC5Rn8VtbciTmPrW
Tue Dec 05 23:25:21  6Q4fTOw24U5bu3TF0CHY4iPLvSH8W9WNjMZ
Sat Nov 07 00:30:55    oagGQkIE8PaesmKjlP
2006/01/06 11:17:29    2uk7ONEZl0BNrXYRV2r6ECyauxAFcm.fYUQPgumMDwA8rkta5L6hjucfdT1OxqRaRuy2TlmUldn90bDMmzGyCzvraD
Mon Oct 07 22:37:55    wRxW7hAtt.aTGrYiow60jnmb9DH3ND2d0Rhg.N0g5Dy
Thu Apr 15 18:04:29 fQiOThzyn2yFkly
Sun Mar 12 05:46:09     NkpzkeE5plu X2Yj7XSPQ8QnisW
Sat Aug 14 18:09:17 9CXBr1oYXa
Mon Aug 14 19:05:47   sqP81oCtsQ.wVxAQFR .P4UfIKn7JPbZt5pYKHqtCMcjQNjtg2.i6 bDwQd3J4cJQ5mQr8VVk.znt8YlhR2UTm.WV
Wed Dec 27 18:42:46 8nk4C67zMFxAwdRPmM6XR29NboyMuPXA.nGSVvKzSLWfHFY84TJRkS7fu7g1PjiOHJKBPjZy2rkyaZoGeXuI5OoenGkko
2011/08/08 16:02:26  wXXk3C MRczU9q9benWO6Rpe1JW6hyQe94K7F.TyVztvQ6K3I
Fri Jan 17 12:19:07 9EX.ndH912xFhoztsdKCk9RA8XNn2jKuJDw5iVbyUsc2CtgrrJDTHlfVlSYQiXrM6waB cW8Et98b0Om1m
2018/02/02 01:24:52.106834   r23t61tIzgosdyJsod.wuEUYl4
2019/11/10 07:20:52.483770 QxnwgUFO0aK3QcWfGoXR9N44T8tj3R18N7TrVAHgepAfnw
Thu Jun 26 07:01:59 AIV7Rd17ivCrdp3Q0ZFoBxnaKOpAygcU82d1o07 JGxE
2020/08/14 18:47:02    fzlLLn 1.NCUJntaWUY56Th80fWuIcGhxifdW6VJHLsTGtc ny7jouLafw.X0OTXYF2cIEN
1999/07/15 00:59:34.891285   ETy TTTKhWgQTOwUxBqNiV7jJ8Gmq2xGP9LhXjLjNQ9aciuYHsX IoSarNMaMUnJlDiYcBBiKbZBeOoXe
Thu Nov 07 17:54:25   oxOotoszkPR6aVT0rYtc.ERBlhs9JHBfNhu78ZcWG L1Ae Dj R8NOtUYxKnKByK7TYcLi.yU2tOJbsDnnlzfGpb6Sn42FxVD6I
Tue Dec 27 02:03:03     q7u9T89kqQoy0R02wmuSsIOZPD2AzJBwKZpln0xkelbATutYSDKcgyhUvroZEFh370
Tue Jul 22 07:16:51    mSu.KKHZXnjx82686mjFmUMwXlUccpRlwz0nncBGm
Sat Jan 19 00:29:38    xEJblEEHkuMQ.6GnARvCQIE4kMSuZ952WxFkozugc.30IJWc4GnYOxf 5mnamO JtdGPCwLYxx7QHrLnB95oedBz4Uk
2006/04/03 20:51:04    DM0hsfw8KgIbAUq.beSeGAHbCTUW8rfKs.4U0qgErYyJsjRHrMTOoBaOnwLtE
Sat May 23 04:57:00  af6Rss4MBqy.KPJib33LAvj .q4lDwaxA6WeVJ1kyskk9Z
Sun Nov 28 15:13:20   DLlGxhxkgy
2010/05/05 12:31:35     Ia Fp l6QSrxBXNd05R sJbkMkW1
Thu Nov 08 11:36:54   YUlwHiwhTwAzxdl2mjLhOkV7aJ7Kn6x.Z
2001/12/26 02:24:49     FWU.elYlj5dHVkaVaFiHRceUty
2002/07/20 11:18:17 UE3pC1CtSlgw
Thu Jan 06 05:46:55    8wRo6mi2VQG1GdfgHGTnqv1cC1PXdi1jdvrU2LmOBkREvhZp
Sat Sep 11 20:35:34 Ax9aomvjPMT wov5Cpi.YigmEp9
Sat Jul 02 22:15:36 UxS9mREmmVaBSuFnEUTMgsxVGpnHy5GrpVdYO NxmktPwEgAKg4d7omYHk6 JQyIN9fjL52g50FRbMRHUf
Tue Jul 07 00:45:50 xCX3E3p8Tvjgy.pMxvqLGeYxundWDvltjqmZFp1VXzTho7BsBLjI1VFfBe4NVy
Sat Aug 09 22:36:55 FX4rEQxaY ccnJ29iqBAUkrhm6lwoufY6RGoE6SZK.3yk2aU3754H0P
Thu May 16 05:51:15     JTUId2EyfnAUPBWJbhcJBpcINPeQYWfOga9hXwT6yV27ySnmHj3DAPdiSsWJ
2019/10/14 08:22:32     05fqcQe gSdmrPyxwUgb.HcFEHm zDPWN mh50j9ORZ.USOqoJhJMcoHf8ubG.0ayX7mWnwSpeNT9SmJxnHqtbgmFntkeAKtj
Fri Dec 12 11:17:40   pVMIvKgYmPiCtHvivgg2pHPxbpYcjZgkaypTePzkAf88N.SD1KctvsrNFFQ7U6wT rxCmyy6nQxmhMpmi
1999/06/05 10:44:58.648932  7juVRvZnVtTiNndxNO9xSDlEubfrRZQwMmZ6LegGopXUxaqSLas iu3RUqOc2z4qJJmD7Qnz8TK9t4ZbzSeKcKdya0g8s7N7
Wed Oct 07 00:45:12   3EE8bq7IF570678SFdA lU73RDMI.gR8uKBIfI373T6mho8YNUA3bksxmpwuglw7eu8A1m0lzjamKlMoDQoHPxZBFJ4NNE 2dct
Thu Jan 17 14:30:45 lunj0hgQ8OGspqCU0aWPHfvV38L 5 GFGnikkQe2KlmZfKRekLTKYipBpauIY0LjcxYO2w21V4uO707V
Sun Jul 05 11:10:16     bjfX0xnUrUJa6hxctHhC0ZngBxpkIjwhOFzP5tii.xOhza2sFqyGcEnByH M8 odRwSich7056
2004/07/26 09:06:14.735584   ibC9WW0lG7 DOMnALTudOUxUXWw1ADH3M1E9FEXvzlkauTjhg
Tue Nov 20 01:57:05 WwKZ4hajnM6GqemiJHFJ6ZpWQWBwgQirdaRwo nMAlMyIAnq8SwCogSKPdyjEqKlgt0qXcy3SImv3jycL6ZJHL
Wed Oct 17 09:16:37 IiQllplU6lBNfxWhk9unQt9U0ZEwqyjM9yTz1pkar16e2LOqvdq2
1992/07/08 02:08:40 te.uHoKgLx5xJ3lHCas65IHbER5SeXXbVAkFbepzbrVxhdjrr63dNKYMKIU8tkXGvJrDu4WwyYvrxc
Thu Jun 07 00:10:18 VbijWJcFdN4JExME.cNrEjAxiv CXpbOt46UlG31h1W .
2010/07/04 01:43:31    6gyMzIAbcW
2009/04/04 03:30:22.248525  J6j8AMGGY5JbVD9d1cpixnc1WMAqvXN1hl5WzmyT
2015/11/25 05:57:25   l9UiEEPE9Rw3b7vZ6FT5hX55pM8UHum.9.NY7x5yaEmJPCZPpZRLM3scKI
2021/02/23 19:20:10.259701 zoZYQh9wrHYLL.5ELymG37qB3XWaPPqQr
2002/10/11 07:20:46 t.m2wIvlakhYmP3QeEYC8hbGNf0YLsrjpjSYYZtoqb te6nYmyj
Fri Oct 09 23:00:30  67dCpNlqVaYfEIjy7GbDDykv lRJ803
1995/11/26 00:39:54     3817ifYd2Ico1t9qO3R6UQN5fzIMS3ybKea91O j7okr3OotrviD0KSiE2O93zlao3oXjhHevkw
1995/07/05 05:39:02   n QKE6bJZQ5EKwlUxt6Q5ctJaL11DB.WHnAsYx0x3Cv0uh
Fri Sep 27 15:20:41  8hiugxKmoC906WdsvZ g5jhANhk2rflbCVF4xZwAaFORvhc ZOdjbKN.QI7qY
2000/12/03 05:12:18   3pOFcxTN5E32Wy6D
1991/11/05 09:54:56    6fS8JJIbBBIYln1XyFplivfx9giAUh2Y6qvnvgjYlZQoGG8R qAjLUBM cJ52bA9hvjRmtIqKlIB6Dy350K
2014/07/16 05:09:43.443120 e6U.mJyF toBRsc4J.RvRPdT8ecPf0Aq2RdhADyyfeZs23irk4eZZEJAu8cOdNZUPzwhHJ6phiJV6JE5VGcnxVFe6A6n hYRP2O
1999/05/27 05:47:43 R GHECwICYmQPf3Sv1mbTAnWA9I5td0YOx5d6IXIFee9S45DEKU.RQnaOO7An.cA1wt9NeYJeniG7tufoq5p2iZcXPlCf
2019/03/27 18:41:58.300109    LraTl1gC9UcQEA3oo3 SPZSdV BPkUXTXR8Gll1PQEna8F PDEkSGUGAwpROoWXvpalfv7AljkpJQv97j659DUkeJ
2002/11/04 19:56:32   cwR4XZ4yqqaIvKhQKeLtUSy UZzHqMiksN54
Mon Dec 16 14:14:26    fighlZ66w 8nyuyDCNZqhDrEeOW5NNHZ4J.yJ0VcE20V7cqUH89AfVSUqr
Sun Dec 09 15:16:43     A5YJtBe77L24i5qeYkh5DQdg816vRu3bLbpYmLA88K2xxbxVA6pJ9SZ
1997/06/06 10:43:58     YzXEcyxBH2JhtvhvROD tAOUMKDpu8rNBmzjXrnqWbeAT
Sun Jul 18 21:07:14     XodqjgF7AERIU0WXKizOK
Wed Sep 18 13:34:47  LX0PhjE5ARwFP0bwh2JxDQnXyb1l8wU38 xFZWwOtd0wADN.m42MRbiV
2019/01/11 18:29:21    EIEhGwK4Ek1V6eYH1apIxaob8i58w98X1ogf3YpynzgcE8Yof5Wi3.ZfWtvkENwkjJb dp
1991/02/03 16:18:25.235723  yAnkesrWeFvcFYy7fvoQD.PyIh3.piSkbtaV.zkUX04W3pAbBI
1991/03/12 21:19:49    LGh2PBJiWkcsyDyBja3o3ylf5tfFYRHYOf9 Oqg11m
Sat Jan 15 01:52:27     5YlDMBhoB4Dr eQyG17jIHW8 NM7PPSZZC O03hqtPskXhvnOy9qzYPA5LPw
2021/10/23 02:20:09  yFngUPAXt f3ZpdRk.d4tONst75ViC5ga WhpWNeFIe38ELKcg1oB6E7f jYa5goF
Wed Aug 14 00:44:13     H7Ke2ElPY30w.n2aCYFTwbAh0NlG6gPnfkr.ArcIlAKEXEhzfhXmNyvbOOszqpond0peD
1995/06/26 17:48:32    OF  I3DacZaBn9YNgxBZKa9
Sat Jan 16 11:44:06    IKriKUuVe31UdRS1pgN2mXlsi.S3ijmVEdknZllMzI92TcExpI pLbXy84ZUiRlPEydx4.TlW6VoHdw0ddug9B4HaA6rb
2015/09/10 14:58:20    zfZO.N40hSRXa
Fri Aug 07 17:02:07    TI0M0xWvkWidg4iXnTpX9m7 WdAgxRfvWGkEFke2x
Thu Dec 01 13:34:00     HjyCuW4y8cLNifmi.J shuIXaGgjFrwc9E5XtRQ9Pd3ufqQKjsBAHhfz5t0tuJvvdMFnKM5BwJpSpknFWFQ5p9rV64NKHdsvv
1992/10/01 10:48:12.527872 9fX3Fp1nxNbutA3l2NtZalmf0z2yGPLzLi.eTRPx7Ze5NIVlppJq
Mon Aug 25 11:29:20  ZrkBvxDxPS..8SwwX6PturWLKLz fKlFXyf6Y8XL1l9TCl.NdKZmitaM0dvy9U6
2003/07/22 14:55:08.672603   F3fywkay7sfvuqPLeeZt6lpBYXXkKC4W7gJ2No7dv7oo2zZUo6r7fCuTdFcGet0llLL
Fri Nov 01 21:52:20     XzNMUe3uZyfbOJI7Q2KzI2.
Fri Apr 22 03:55:01    1zTa4.MWnWe
Fri Feb 19 20:49:37    iZFu5NjCDY1LHTFw6xbediHBg
2001/05/08 09:28:54  xwnzC2gahyYE0DezcqVkX9ji1vWEeRjOI6S0 BJLw91fa0 sk18AtfxhU JmRCN8HBPZdP8mW
Sat Jan 09 00:55:30    CAqKlQchkg6TvAZqZgWUlt62BfT3vPxIn3t
2017/02/10 23:48:31    9Kj.2Ea 4yUL xgufWuovmajM.7e
Fri Oct 05 17:02:06 9r1weTW3kAwID
Mon Oct 19 23:58:24     U2RDMEEWGxKIpg9aP WBti2QRdrXfTRtieEj5uugaysOfQiqhlKZyb1MFjBUumKt9RsmdMi0jCrkIW
Sat Feb 22 15:51:52     92 Wp56LO7wISNO5R.VQPbTcQKNPjiUihNLw
Sun Sep 26 06:55:37   mFXcvrBApIycjL3wIB5fEohK5S4BtTvWqetgLIx6IdZv8p10oWXwUlCueZ5WJNey1hS05ISHuO6r.2tmMOGWO
Tue Jan 25 23:41:29  Cun1KXZvnREj8D4H0vCsUp.wi85OA33QooxKghBQ.bNEGEqlDOWyMzaaCPVCAaOXZokMYRbg6YAy4oBh
2007/06/17 01:04:55.109979     5eb7HIcq.3X3oBdiVBy5s7g8xMy tDGXFBLQZ
Tue Feb 10 17:43:41 wJ7PLKIzrBx7g2iOUxGHxx7o5TRKSQfaNmXm0.mGif1hJWW3ljkDjYiWS.
Tue Dec 03 04:10:51    Prcusm5ldj P4hzEXpHC kW5HO7q3kpDRGh6IsmvyvdfJg78qdYhhB4Om
Sat Oct 23 15:07:41     ryvyERbQ0dfFws859JvMBQJ
1992/02/05 19:07:17.175324     XydlYa9aC YTqOkAj0dG4
Mon Feb 23 02:31:39 eHCVmyDdzN9hwNMaXn6f a9X3Lueys73YwG6oCTc
Tue Jul 16 01:48:17  dnwXb3lhL5Q6iaGt0KH
1998/11/25 04:13:16     M6m1JTMQI RSJ2ErnMVIqgZ
2008/03/22 10:37:27.128482    H2ZMrh5RrXbOHbtuMLyvhn825SLOAxk6P3gqFBg6MeQn8Y4yRWjdJQ5Y3XEJ04eyJASts .59oSLx0XmnO
Tue Jan 27 23:23:31  DOBziHmXt 2Bl4D61l8Q9r6ng2EX5OtbQVuoDDhrP255y4E.DjC9YEL5Qffe2OGXXWwXK
Wed May 03 12:55:23  ZxtN0VZ1N1o3UuOB4hHhsg.LKZhUeu03a5K1A5.Dq. JtVfjiOs4YdR DakHDR0VStpLH
Thu Aug 28 22:19:19    43.HnnjPb3DO10f3s3isrfIxwqJ
2021/09/23 13:18:41.745359     P4S9xqSKxcPH8oPA1RGLYI4B4t5zbXtO4xzgol3fLGlXVRv1QScT2MNuDmDQAp7eBMw4oTrEWM03EID96toW3fLd
1997/07/02 06:14:37.87283   XCLIbNuzLV8jlvDxJeMVIdMIlWPGExF 1BdUt1dYLcxm7m2Uy2XoWqP6gAYgaXyTWp e5LJ7xJq60
Tue Jun 09 22:32:41    nm7gs Kay3jOsYdrIO3UK9wP80OkIcCkwSYiB  J5QZ19J
2005/06/18 16:55:20.258657  FmdeVdLDzp6bCvCp1ORj5cHrdrF9jUS66Mwgn.ieThA
2019/02/13 20:52:36     yiqdHEpbSMK7f4
Tue Oct 21 05:12:57    JFEO x9fI.iOfux8
Thu Mar 14 07:09:22 AIY8Skr1kU1H7a7dV
1994/11/18 17:18:35    0U.HuFD20K8nA8VqPGc01R.OmDgy3OlcygvFvwIHvPDZ1L
Sat May 01 05:11:08  bFgP8TeboHUsSU2jIooeJVO7egcluFH0dzBTdIUHTSqJe
Wed Jul 19 22:23:43     fp9Fr97AhOqXb6QDrjQVnc8CyMIFz8oup4I
1994/02/13 12:34:12    fSZWsN1uxMpXCc9B3KiWJclSbcIPUrf2g
Fri Aug 10 09:47:32     Ll1ttSvqCAYxPuuiaZXFQwkD.5tvHyT6fGqR1r4ITK pi
Fri Oct 12 16:09:52    DP XE4VqGp.CgK2Vg94dtOXJP8ZhQtxm7MjfuJUeOeufOYgH0XFetBBKA4v3soMAfCpOfPnwM6ZfgUztj86HlFOimp3RZhBF
2010/05/15 10:57:36.93412 arNMASfczvjrTA1cn01JrqdTt4DTgVLSzB.w2OhRzZu9G7axDhJTv3LEcvvDZzTT1vQSLE16Xne
2008/05/09 01:09:13  ZXIFGiSVYSeogJicP3IHLdhPNmkrrNkO2h8lezNkO3FjcZivw NJZIZd2Qg59pydpF3wNuQYUEIxGA.9zhiAPL8tIse8ShSLL6LY
Sat Mar 07 21:07:53  a1eqvgUwfAQ9cx
1993/08/22 22:31:08.385434  BtHKaIO7Pr94oa0du
1998/10/12 20:51:02.872096     7e3xBI6w5tiqjk7hzWDK6caSspp7wptECxzU
1993/03/23 23:34:02.489511   QW2kAA.ee3ykkMfieed t1p5RtfHtT2yXgV.8k9Tb7AJHpdKuqn08eMB0Hy0YjezRmTG99WFtgvZuwvhY895LIgwO
Thu May 25 04:58:28   z EjQ5YsRzDOtR ncaOuc2vs2qKIMtG
Fri Jan 08 07:47:25 ir1djBUxnJjyaBTXwgPG1iRRbe4HjJwH.kfVPx4MxLugpynJATg7oFaCPQLBWqE4QbOkqHNov6WrMr 0Gdo3B
Tue Oct 28 08:47:03  vxrG7v4aWaKOxK6KUs4lnhUKxUj2OfaqeIvqxfPKpoATsgAsvGNSy8
Sun Dec 21 04:35:56 LsMuVs7T1TiEWK73CNzuJ0vBI8fpoSpusfoiy9TByjB48qAWVfZFcNo3vSksHLvtz5MxtN.6gxOEzHKoW.uyH17MRwWKkiU7m
Wed Apr 05 14:39:23    pdAehPhdMzJwgugnSt7ZVyXI dj2hJ6SX6VuiEcrA8kXc6CtBKUaG8iMloAke33Dz.
Sun Jun 16 10:29:51 Mp8miD J1G.JvCY wsuahaojm3PW9YmjWLnlCUWq7dEQWd5Me4JAPB2Tr.vLh
Wed Aug 20 16:40:22     T4Z.SmU9WeVBkaZFEo2D8.sjRzWj73e9Iwp 0Ue0tKFqxKKD1MOsbiTFe.VD57gm FI0FhhhXN
Thu Jun 16 19:36:25   nzHIcPdbTv s.EY d823C5USH93CEph
Thu Apr 07 05:14:40     ZVjyYwCsuThbn.SFG9X HD1r14pcM.NV2qtH6qUGJqFVxG
Mon Nov 09 08:24:44      qScM5SanDaXziXl
Wed Jun 28 21:18:23    ZYrwGqtV FU1kqxinWnWAPbnNEbLSyzm.CFHY6Cy.y5AFPo6
Tue Oct 01 01:22:20     5yURy4LzST5fO9vj3vBKisF
Thu Apr 11 14:31:00     BKJLywmtKax9QCV
Thu Jun 04 19:12:29     MgGygaS7.JwjygIGEGlCGaXd32X7P gklMAXC2gGfvyd QiJoS0L3uvF62I9tfFwnwPnflkm5sj6
Mon Feb 04 06:36:40     0iSg e3SSH2o9txAI5F3vSVSYP7zlELgHs73
Fri Jan 23 12:38:59   ikkSCXtZ2a8cC7yVpQA. sC5bEvYPBfsG7HVx7LtU z8otx5tjCsaAxE7w.FVE8GGZGV9CtIwMet9j18Q2GxbaIrgf3nT6X
Fri Jul 01 10:14:08  JliRY463KFrKG9ELKTTYwBRIVCbq
Mon Nov 23 00:14:32  1By8jlAfFizsNUqehwysYktAGRY4IuIC Cm O87C7Mex3vcB w5xo7KkhZiByzESd
2003/09/05 13:54:24.132178     YZM8T4fJssRnArbHQpf9U41 vg7DVTnEWXC09HfayaPgsaGZH8d0vl1ao
Wed Oct 26 09:12:30  VkJQ1SC.xKZ0nDGpPq8x5OALyv7JYVIjGo5piTBQZgBzebwTvyU3lGPKFqYKZQT6FvGaEFR9zBN
2016/05/24 03:19:07.719380   tDbVVEm.Ij9j4FAtm7k9JwBzT6IiGe5.D3tFmbBlEGvGebZ.bdrW.ibr790rEg
Thu Jul 04 14:32:18    jxmcmqL oYDLAGpj8SoBaYqcwdzP.f Cy1dS9djQyZNxkLnxpMzS4gNLvCcofBuZ80r
2022/04/15 15:07:20.926263    H.Q nqnMeFCZcz2Ed3bhVyvYMxKSvCBvlSGBFMtsaNIHzAsMLV8F.wTStT8QCh0r8Lc
Fri Oct 01 08:20:28    roeaPbPerkYWZ8amZ0IXHW3Igplvis9Owk8kySJk.ye4ETl fH20lyzNDhj9.umvEvoa1sskgVE6TXQ1 KLNvrciV3AlQp
2002/07/02 03:16:33 Ws3uaaemFLsiFwQ9UfHLlFiYF3ZWArELuGbrt9rO xH6TUynRYchao8IXP5s6oj2Uf3Vl5Wfv8NZZGE.7pOjFg66Ud1zux4
1991/03/01 06:15:33.85317 SNSoCK0Crk
2004/02/10 19:29:25.628417     DVCinY44PwXS BR.zzhMzbu5p8rHntj4RZnX6DW8o1hTpTxWUN86p SlWqclu7XWNwTjqxG3TkBHWrJz.NcJpat8r2K
Tue Feb 16 11:18:10  3sXxaG8ycR8NwXpovHFP08AoTvITeeqF.aNYL
Sun Dec 09 11:47:45    E3CNDISktG 5vemKOI62zxOIhb2KqqXBpw
Sat Jan 04 00:48:14   1FYXBiGieUJVtF5HJxz.GM A.8U9aW. LTTD
Tue May 01 21:26:49   RFjjfWWQNuPLYIJ8KFE XOzubjHiXtyLjRATdD3ZFJOBZKkQHIyNnKJbIAPdZV0EGlZW 5ss.eS5 5birgWijUQS.vfICJ
2001/08/14 08:25:08.217805    9LXjYLr.LGlAyQKx19E86FrjRg5HqD6Dn3KUML7YLN13xnfT.qV.iPzEQ
Thu Jan 20 21:12:03   zQ85F4yUYFaw4hvqPSkPlMuDIjYdr5zMLK48w wK
Sun Dec 17 06:59:09   ohZx1hc4AK0.aQE3Xla034wpX8uz9ZIldHh3Kv1GOibLtPR
1997/09/22 06:26:53     84MtO.NMDjM2dwikPYqLiCQIJvJ1Wm52l8BO0NK9hogI77Z4DCWz28zSRLDmimEjv8E1PzIzcgVMTlxGSE V7KJdgj3mEZr
Sun Jul 11 23:03:18   bABtTD8bq6w4s7Zc9JTzCU9Cnwx8IrW5t
Tue Apr 03 00:27:14   takeZpyYfW5DEFATJjm
Wed Mar 19 10:16:44  DvHYuH oq4inQga4hVZ8Hmo1wyJWtnIXyom4FxlbckyUiUhW.Kt5eolXfSg2lng.MLznazIFGuDilw1sxsPulX35YrPrkI
2010/01/13 02:31:11    4JNLlHFZ1CFZ  u0u8Rovg1.EzOZeKsZKH
2005/08/04 14:32:19.780506  RMEXyE.PL6d.uN t.G3D73dWJBXe.18iQdPDHsHodw
1997/04/25 05:16:11  CBXbaCj.I30HUiIY
2003/11/01 02:38:09.816765  zMVe KFoi N 64JuMqJ .ErmunN1HZ84IlK48ENYXeG59Smiyd
Wed Nov 17 03:59:54   I0cc7yXooMMeGw9dx9.Wx3NT
Wed Mar 04 01:09:49  uOLEBeWf72i9CWNIzWt15olgMnP4s0s65uZRSm0vdG1l
2005/01/04 18:00:49    ge7BoTNohnoUQ5hLF4yqdGpfN6XZdSISSWLKzyulHGBMIbIhCVhbEV1mudb.4J4.de9tr53H4Bbyumt
2004/03/07 01:31:05.141475   R6r8Kzhp3atkf1Tu e6xgLeJE SkS.Uk1
2012/01/02 19:52:48.830678   KlQeRVkGuUN uPbfoBGq.6251Axf9yMaU1U0McfQMNUQBg dgQUoxjEIMZ sJzz7ZK3tAu2
1995/08/22 05:28:50.817705     QTmneWvVGus8lVfNZXPhAbXMxki8iBj4UAdfnnsO2MWeyddi42aDI4efodtP.GyD.anR.JnJphj3fZuopEqjVsg qqPRx
2013/01/22 09:48:33.245158 f.sw2kkzPY
2014/11/20 10:41:14.931748     zctfOnjbkySvTeRCUu6GZUt1l 0Oh1BZana33DwOFaCfQwrn x6dSxYm02GbydKB E9yRcfseZKqodFHfgTn.7TN
Thu Apr 21 01:51:49  U5OeloO100P 3HOy0Wc2EO1utrU7jm9SQz8kztGc23sPkVFfMyz27tsRz
Sun Dec 18 03:57:41  qOgmGdeT2zg
1995/03/19 18:57:55   jBI7rXgnXWCjWyJJA.O8P9LfUTPufHj4 igK331OUnq4ueipswaDGg q27FP4t
Sun Nov 03 11:56:34    MrvjNVgHM7c pVmC4U4iCah0PJNFYSOV0V9iWJeva8yue0vRyzU6M5L5Yn63ixcphHejVnEnfc0OaXEuKsadWSeBd2rEyNZEI3co
Thu Jun 17 19:53:52   8vt pBR4xrPA4Sjz9fv3J2ggn7RAtpGCkdWM6r5 8hxmBw9FlhZ..Ks2Z9uCCC7viKNxD4y5wfiohv2XMB
2021/01/01 19:16:14    fjtO3Pd1bept1L6sdQkVNVL6HvavVsBheAIoX3OohLtL1wv5
2013/11/12 04:03:43    mQ41accuiOcXuK304E3VARZsuE4RhfVWbPEIE7W
2007/08/16 01:32:14    1PUnfIHseSPvvR8ivYpyay.K0H JlHaYrsUziH2y3jZHVP6Wr50aOuVn
2020/03/24 05:12:20    G4TG6PqwxI8oaLqSUOOWtbUTLsLV8gPKzykHRlTYIxnL9mt7UMYVloqvP6p2WPwi.KkytHV13N6w17xfskSqrxaptc0WVfyfwegQ
2019/03/03 08:09:08.363674   ewUZYMGgrX0KCQzMKZ8
2001/11/15 06:34:43   TNpzfEpCJBwSAhyULYWYTCKHvHWhrxztpT8l0xtyhr87CV6Dc2GEHtlM92
Sat Feb 25 22:02:39 7ohfTZLIwniMYpmq4aRJJtgu5Nw
Sat Sep 06 00:47:40   CRnCtiraJmz6JSpClr8aEB3TrOvi3RHrhbWo0rAwlB 
2020/05/14 11:58:52   j4XbyXcu27zu8e2K587MyWnXVcfl85h2R4Kr7LeX4VCUKRpucnlpvRVGggdnb1WKR4xyKIb
1990/07/26 12:15:37   L4V0JkUkm1dJxIh6ybMjmgGhOr0C8Rj.QtSnUhZAooUbmCOdZJM30AlwzlZ8rWfKQzo3obDuhz
2014/05/12 18:10:18   pnPGa4CFVkHB
2002/06/26 00:38:16    sIioDHSLZAgOof1yeT284cfHnSaUYZW8mIfr EBWjQ1 D4c5K1PK9utaobv.xIwP4iAZTYfy5sNxb
2000/05/18 22:09:18.254523   p7IGZrGCsl8208tzTtlQa2fTIiE6EThIYEEDXMo
Fri May 13 02:15:16 JR4QTi38EG8yo3QUHfpaLKbsebq.oI8B89WXeA
Mon Jan 08 06:54:29   gb v WmDHwDxcag een0nWsNjYxHgIF2i.U1IUxyY3kVztGLnvPQ9UhUvUhQRKh8S1eJsIf9GgZblSIUYbtBq7eWfzpgR4M
2013/09/06 19:17:28  3q9co5mlSsI
Thu Mar 09 22:27:19  YN9IuWhjAYBSa.08nIxCKLNb pJKOEurIoU8jDn.SBv3rFhO48NY5c
Sun Aug 15 21:54:46  uqgU1A SURwy2P010C
Wed Feb 18 14:52:01    jk7rYJu54z5gzVHZKWxbSJQx1kBWXulI0dakpashlPgH0ap 5cRBUuiGdChXtMBoPwfKy8W2LzrMO
Sat Oct 24 23:14:52    ZT3O7pmd I
Sat Sep 27 01:00:45    piihJ 5xA6WMWm3Pa8sWpl78zT.dfN8yZDTWXsvlPiE wMzoe3V5gyiDftpmHZTxXukkytfnK.hZs01xK8WZIqK2r3EfY
2000/06/19 21:46:06 FVAuISB7lEmJ7DvnwArpJU
2015/02/15 01:42:03.393784     janPXHsPmkuEZXr8TBHQkbaqgniozZ.ShFIt2EVldTu
1993/02/14 19:24:57.722808    o0YzrALoLuSZXjhIu
Fri Jan 26 01:48:21     u.ioRkE3OTTvG9Giu5XUpSL3T
1993/02/24 14:59:37 89yDb1N3ivb Wu54zFY
1990/04/20 15:09:13 9hJ76sAxwcYK19.4UI mYi xArXAYlWIgmu8j.6lUWPrvDFHlwBSi4PlJnZeMCGgsj
2008/07/03 12:19:34 YNqftXU MM3FYTzN4F740bml42zlLRV7Z3toY.A2QOZ4xAQ68A6cz2m9dXF3bMuTbnZp4VoRc39EhXCaSg
2014/11/20 09:52:16.355921  0CyB6uIZqtSDzodRyF12XJp3x8s5A04hl9GRmhiOsIJWGSFU40mTXiA5cjV5h3GLhq33Br.oQL
Wed Mar 14 18:01:17    ENuUkJkRTdLCj2cWIvwImj7NCsEt5IJsFiZYh9wVlhhKw8LUgRsZgeaDttFC
2019/07/20 08:38:10  VZYZJH6MQ9DLaoD8 AspgFUP0gUEOdZZrvOb4OLmNUZ5ZFrC9oBeiVRB5.pe9qpwbC R5E9T0k4EpNPTseJo
2006/01/05 07:33:27.443796 gi2WzYfwjhSzHecPAU8ahI0w
1992/05/10 01:05:18.799314    EUwDzX.UpURDI9a0n6pa2eN
Wed Jan 20 14:26:31  QTyfP2sLitN8BPLftSgdhT4NsCIIwrbo1wZeMXew.vPON
1991/01/05 06:58:52   Maip3pE5gMDOnKVAZlhMHqkthqEi9gp2jwrfz0jS5IYzQ31rb8my9m5Ohbm4HLvBDzhSip
Thu Nov 24 23:04:29    MKJRd1yHxOA0cnrz0VvVs6.n
Wed Jun 15 13:30:54 a.X8DZ vaRczpxsosWmer1zcfmmRQOKVIZJl
2005/03/07 08:20:30    MeGAzmX9i7nFEumUK3VWrJ3c1P.RLycYMXbLXX1x 2qsH2iJH.N6HTckIDvFOAorY.FnCDAgCQUL5BU9EJ.CubEqYRTpnVXYS
2004/07/17 19:57:08     hjUGiLDRk.I29FbRDIWcB61aCj22AqTDbb6M6RAt6z3hi7t.Wv5hVm7jVmk4ykC3mquXPYOSwGRTcz6ngJ
2013/05/04 22:59:41 NVmYh2OcHdMl5NQwCOPf0gNKdwNF
2005/02/28 17:46:48.58564  cQL1HpXR86QsT7mMqE9RjpdFgR2H7rCZq6G9aUomfdCHrCIZCn2hHWfMLEUjvgA
1995/06/10 09:59:40   fZNIYijKpiXXd4l8g9ch8McEXBzBaxP5IwjKw3gSf0tz9vb4Rn
Wed Feb 11 09:37:26  S.X eYsZ8IO.xr3KaYzcCyOINYn9gczoTJLCBN67h9uTSSMv
Wed May 10 10:01:38    AxvhzhGvHsu JssmaDjjSZsXePhr 6jWtizLBqwcpZXAmDb7.Cr4Z4DbnPev9LngTv1yzEYZ31WT9I.op6ST .w
Sat Oct 02 15:41:45    1uTxsJBv8pKuyHJlaeR6wbQXxX6pwO7O8kEoUEMYBVJ4h5ilT haXTPmvKtKh1KuClB8c1xTMw. f6wKkfrJqE4yaZ9LlmPKWSEK
2009/05/10 04:49:26    DlGiiKMhNtZy yEshKLF  CUl ssQVKFHjpNF .xqF5OIwKkeSIbPHzTb.rFKF
Wed Feb 11 08:02:23  pow3WoBJxjKsRNsRw7E7E9LM1m7SOPl4i0AbRha2d.2HilrP
Fri Jan 15 12:53:18    qQOC9vUf3YS7gSM1IAPMPbuKrsWl64I3kFyu1gyY9s15dKHW8szqiAeWqFvn4G5
Thu Feb 03 12:51:06   0YXSt1sk K.dcdUDp4JDYcLKY6NBV33bnOPckS77nVDkpVAdBKSqaZ PvxC7tTVJw1eX6
Sun Dec 05 05:44:40     NCLRdixwWk8U1hu6e46tYe5 zx7OTT4jPa4BG6IfEU tIO5a0bdYmI2NWw03
2008/02/19 11:35:41     izf0rC7apI8k65J0qA4vQ3wAHnE8Y0EJo09PBC3DDOCGclReuzL8LbkpYjq9YhmxH4nX
Sat Dec 02 18:12:02  AEI33S3FB0iCeW57zUNUvTMxxS9nNOpj7.FOHSWoftIA9K1wvOkNVV5EDKtNwfH6rQ.mGP3FWrSClJI4p
Sun Jul 23 23:13:55     F5sEdg0JH0MpuE5463p7cLx8cqJqs6cxxBUIiaKxmX0pv.B9p2kDovPWb5QxIC7cV9pGmxvtIzuh
Thu Sep 14 02:39:42  MDs6wqW0au.1Bs9eD1cN1St6gTodsrWABJJ5hw06Uz4wfJi1M1zYHhcKKmZhmI4oNJrKrv7oZudg3oC
2003/03/25 06:41:58.734804 q43S7ETAH2UAyA38cFPh9Z ehMKBsU4Q.HfjWvLIgJwGJVjGJw2NyT1C7j6KSzKqQIRWR2bBRykg3AP.3vaLGO1v7bAQz
Sun Aug 27 21:01:30 FwFnLV5Zk85nYIhw494Jy6MjaBn6thgxHo
2005/07/20 11:31:07     PUjZcKXz29HkYMxsNv1vdxZ6B7LZQzFQlSvyLP qiTl1lapsgW94pXJvu94
Tue Nov 09 01:37:15     gs7KS5c L.QbaPV4nICpsyz.RhZT2WsGR0Vi
2014/02/27 19:28:05.818535   xbRm9AYL5KYetxmMtKVNJS397AvFFqM2tnUdEPh2N
Fri Feb 21 07:04:35 2bGOEWlGhq5NT1UUHKcutjDz197B0sdvy0bEb2I8
1998/01/20 00:21:59     5dr65xlSj0breAR4WUDFzXPoAGnRsAnlI
Fri Sep 27 06:05:02     BRZfMczoFz6t7y0BVaYvAcxbeAPiW2xeAtFxg3732SXe3Flhuh54YjHkpog5DsuDWxRosDsTIPyhWW0QIi0XNG9fOXljhEz
2015/03/17 22:11:32.42245   CUovfJQkPwojglfCTQjnxLmXgtkj hN EMyBGJV0h2YYVwQPfsHK920
Sat Mar 17 12:03:38     Y8sol.vazftQQRjaelfeE2tnXCHOKj31LHu0rn2dVd5jGA0xwh5d0ZB2KHSsx4S7vAfMwfPMA6FNG
2001/12/18 01:19:38  KNFjjsYHXcEY
2019/01/23 14:26:52.823150     zFhTz0rgXR33xFgzxcK9.8yGCYUYLHzJ6teE5i0LXLT3RtBDzFQ02NGJY3PGMqNFvoqFNDBjr3gjj4 
1991/09/28 09:29:17 Ew3u3AcFks1L p3KffXC2g3Y 2tn6RSjdlZUMlirWZchAEdvyl1vgNx6t 
2007/04/19 19:22:56.786465 ZC5AmYbSIwnq BNXnoGO Xfs
2004/06/09 20:01:47.814924 xosS4VuZ8KHywfDNsivOljX5
1995/08/19 17:02:02.698185  rN21uWHI3kuE8u.zlY8DQ.V 2X6i5DFC.raOvoX.5HQNGIbYpG
2013/11/20 17:51:37.858742  mnlo4f3NQQM31s1G7mkgr0Ujt2F
2018/09/13 15:29:55.785847 gwPUybMJADevIVFKS6PQTZj q7WNl7g.rrLAkEpbp3nyTJdD
1990/06/17 01:46:40.705927  Z5eq52 9Y9.yJIkerTnGTk1u8E0R1I42NYo11XTJ HhQ8mp3  ukC1hbJxh0chldJ.x
2002/10/17 05:21:54.584762   XV9GeSPECGAJrmPC T5kxNF3QUTZW.iZoiVARzv1wYpaZaSDJhLmpF3xBbaT TjMwetjP1hgc
Sat Mar 27 05:57:41  A.zaOf znE1PpJuzKbjQdD719hZpCh1Ff9ZKmCZAX8UxKJiZ5
2008/06/13 10:05:43   kPAcKQnLxJVcK89JGPlM5oqJnWdbY.wttBfQcYlR2JtIkU2c4C6kjYv7Od2v5BTLtvJcJLTQr7anRY.G6Aj0OW8N
Thu Aug 27 01:15:36    AuwUdYRZgLFHTzOhZLCKC6mx
2022/09/02 15:15:14    y2BHJau8Eg3vq0FWjLvY e
Wed Jul 22 09:31:19     N7duYHGVK2rzv fam1LI 2TyY11PVKgtY.G5MyPVN
2000/01/03 01:41:28    usI.kIrjpmn.A9tI7pUClMsnKUTxUnFZqdAWrEdUHl9sS0wUeDj4gFYAxebmCIfhAaeiYgPGGCZcUZ4jE gAUOy7qjxk
Fri Nov 19 13:43:41    UFcHAq0eU1O
2009/01/20 23:12:38.73459     8nyGvcOz6XHZrrNuS5pSX7bkkf2fDL L5Cz8XY dEccKVlKBsmS5aXkbtRPhQd1Kg.5f
Sat Mar 11 06:32:45 ayU9E6qpfBfBkeviaixlbVk9SJcZriO8KY9WIYJMA7DL7TbJbO89P5Y0jsQylfn8p19V6LXH
Tue Feb 26 02:36:59 J4OPqaLUMDu9TlJ06WieEVw0lWbXIb36HuW3nFPSglzF9ql5DRtfym6B4O5 j
2009/04/17 07:52:47   dHdUiLEHiJQfFBdOk3aEpIX
1991/12/01 20:17:55  dbi4l40Mw.2Zbdi2mT8QM9WcFTW5zrOL80
Sat Feb 07 08:10:36   MluzFKHu3sAvFvGKqL1wyYoo SuGh6MKU2cHRzYfmHaIlPVFok.zZ
2010/12/22 13:18:01.491148  8o F1YkNz6sDY398SMcPXD3tLCoM4Cp46ts.Y kKXuGW9K
Wed Sep 04 17:54:37 TiiY4UAIM 
2013/10/21 12:37:30.362755     QtcUGfQ4dBNA6SwZscq92LoL8BUFG6f37MQmITThm3b9q0ztrNAI8dmZDlTKh.ltpSddmSebi15pF3wFlw48G
Wed Jan 22 17:20:44 fkt1g0DzJEyQbcZH5nNHVfc0nir
1994/09/08 15:36:56.971068   0W4qTDUtKb7dJvUCHZ
Thu Jan 27 05:00:31  BpCjDb4TczN4XbrM6hf1A7l2XJMkCU3LAnwOcaeiHTQOAmm9rXmaG1rje0Ih3bAtza5HVvVi9
Sun Sep 21 17:56:22     5TqrNv33UGAzrdMjuE1RBqvVIwS7Fjn5kG2BOBqHBWSJetNn4v1WsCw9NI014aQgh9xpqT.mBkQgV
2005/04/08 03:05:31 deUVghecQyJ7RLBOnANIGFQJ.gC21
Fri Dec 19 02:30:16    9j9HN NmrikvdIsxUpTRcwFPcG.0R1whpjAAVN
Sun Sep 12 08:26:58 KpEKl8ndR8KCW
Tue Apr 28 06:54:49  t7KR20ljoLF6OrRbym1nvBp4F7aHeSmV gOwGGpLecO8
Mon Mar 08 04:28:26 gbq0OLe2Q4FGNhoDX5WeNOf4rkLl.6CbbtkEnB7zf8eRQC4bm9MGaXNG2aO vGR7a
Wed Jun 15 09:25:10    69F7yD84 xD5DDLfvGgR.afAqC17UTpZkQcYIKZU9ADqJXIcFaZiBRxBly0g2V4aQJHnLV
Tue Jul 17 09:37:09    apdrlgP3cGwVv AbV09 1AlvMHQ.iBCOOIMCRiFiYxpakv0XJnMzq9gm8z4FX rljJaGAmCvt2DkEqPK87apm9GnNhInD
2004/02/08 12:40:16.601171     LFPjoKiv4y.M 8NLKmqmxr.pCbkt3kydCHcxFgJR3OeRnui
2019/01/22 06:01:15.775147   TdfCO19CTq
2004/07/18 13:05:49.370649   qVUA0kaEKp1kZakLq5p5B8nVlVkNiXq 8PAhDQ1AWUMWdfTHzOgSQ1tV5cpDB1X567Ku8
Tue Apr 25 07:06:32     90cvVIK1MTq0W99txjTXP 8HJewqW8xojTGfjgXSKWMYceLyZ6XSxk1uu2EhP2qONq.xAgVh
Thu Jan 25 18:41:05 xKts7dugUv TiJcPs0 askUB.1x9W9Y XWE2ApOCYHkTrn489UKInhU5yWelC8yCclwRe geGyp2
2019/08/25 18:15:57.591006   BAd Y bWN6x476g60ueDiUDMnFerK.lt0MYJWGbckspocDOd1grhKVkHP5Dn7
Wed Nov 09 19:26:51   14hmI139FzPU0jKNv sVWVqRRKS.PcN DY2yBv4NfzsIpqS2qvjcHZkj0sycuwtRIX8MQVaRz2ZKmskRqfUiMOR
1995/07/26 00:56:46.527639    5Ehz8i7 54RPsFBqQ9wR2WBHH9PUPqlIDpzzrmTI32UHIAyvN7gw1jyAnFSeaxt
1999/05/14 01:51:45   saMSAgqsZM2USh.vxOb7PBFwD02HB.YQZf2uf9qWHeEM9h4CWlp.8dmjn fUu89Yjz
2017/01/02 05:25:21     zvWfJPLeY3 jFFnluC4X w.sZeHZPybYBGsDGvzPU1zCVpLcwAM8PcNRVcK3CNQJzBMEnUO2j6fG5w8Ptz4VuAQI
Sat Apr 17 01:26:24   Lc.7IBz.NSQbfFz6jGDT6zul1ER4hcoN8niKa
Wed Jan 03 16:36:54    uVUDkTmyJNWxRK41
Fri Aug 15 11:42:50     iZoguGbVS0ow S4GN1vSU06Jmunupfx 67xqQ2K6vLgcjuj
2004/07/16 17:29:54  MYBK5j0WCTZkd4EpFSPoKYrRWLqdQg r3YFI.ZUtxYASR4sivb86KN1bqOIW4Mcz6feczTQ0QyA k
1992/03/20 02:03:40     Ii.yBzfKjcRVfXOcYcGq7hwgH3mf8DpIs8
Mon Mar 10 13:51:00    nI8O5rYnvixx4U3Q31Jvt5NmMyLPpfn9SmWxKDISfIU3VHm5e BGThZc9mzS93WIBXDxm..RN bfrMOQSTVUYya ANmi3
Wed Jan 22 06:56:14     yie2p.oNsAI.KQlJ5mow6Vj6QYvUGBGKaWwtpq.bpHQJrXLhkVoNzIIDrd9
1991/12/27 17:12:40.167706    57OGArjpuHqwdyV pxx0 Pr9XzsOEv0.TJpQGJ4FFxQ9SxHzTfyczgJ7qWvDrJnZzY6sBMSQ n6of65DRQ4 5
Mon May 10 06:41:01    LiLnpa3OG8rKm1oXGyOYFn1pcikh
Thu Oct 15 03:42:34    piWja OTVmTjNv kUSdluV1kVxaT50iugByM
Tue Nov 22 09:23:40  AoeNcT YyBzzVDr03Ak2.CUrqfrRHQ06D MHgPleggwtO6hr8tbjRYK90YQwWtddwN O3Hv5RGfGfc7rDicxHvVI4xfGHB
1992/02/27 01:44:41.914270     xwY7olZWJiiZE798be8m3oeHY9deWrXls T7jMvfOjYHVacSP.4tdHKkTfdfIoy.7UaeO.e obGaqCFiUDE6uhJDB6tB370nNW
2009/04/06 07:00:01.380370 pEbGvJWHtxDQosL5ko71PHExhQejclh4nl1D juDtbdmdryk8OgHyzhZCPRNYpZXYmXathCG0f4hzwBAa
1995/08/09 21:47:25.895908     whbVgK6Q8LqyuAliAPkmTo1e.P37gqAnSZdpDYoYcrD8V4cOWKR s6h
Mon Aug 28 06:53:17  bLbaRIgXMdwx64V1Dt92cCO7NG4W1dbmQyPU aBAEknOaaNkYCxLeNR4JJkUyqu1X6Q4 F
1990/04/04 12:39:23.308353   hHlGmGrC985p7qITwPqvwdIaUgS
Wed Mar 11 02:04:49     uN7N2aneG1OdU9XVFR3MCV1il151MZ9KvhBfeURAvt3hWK hsJTOWz4YnDX0QAis
2001/02/13 20:35:40.35343  ZMXrKzXC4vjSQe5vC6hY1iIPDxwuSL7.h9CXItcT2FCI2RV yxq5k6
Sat May 17 18:23:35     NiGbzpV55eX2i4iUvgLekxdDMZWmSlT153snyQFBoxN2lJtoaVxm4KYBjIHvQHNT41cNtYioYCbebty9IY CJki1c31rV
Sun Sep 10 11:46:01    dPio7CE34E5K
Mon Sep 03 08:49:33   zFF92c2KI94mxspjIu8xLSVcziJoM0FHkXQ9pCl8SSLznloyBBgG1y8qkNKW4rN0dLh8eC5ScsEjNAFGHGdebzClwLfq0MniLCN
Tue Apr 17 21:33:28    1o4a6cRIgn8zrGDTWuCZ lwKqMR0STCU65cZ
1991/03/05 16:39:50     Dmidsm82lpwxB7HbgTr7
Sat Dec 07 20:59:58    1ckXYJwbfi6
Wed Aug 21 16:35:02 1r9YTnqp7DqpwWZLuzOdDt8zsDjQuNE0rp4gdjnBpGPv.LCE23k57hrvsfGm2 Q6uMLoGBv.f5MiH9jmQWpO9
2013/09/16 08:25:11.673727     L36Y 4Qw20sEUxNQiXIghOblJu.MRwe fps1982PnsgIRM5iVh0.fNmzoiHOJLHEEn2nuDb9NXm
Tue Jun 19 22:49:07 y5tnfnFcPZ6Puas CM8rwRbZ16vQRrEtpOBmrJPwbmtyz.ttfkSP
Sat Sep 18 20:15:32   RooLLV2 p8rZcR47bVOwXXXXjXA9MX7C8uHslhDg3jRn86d1OBHFpVA tEDW2qnjBKjdnMY8TTYsfx
Wed Sep 03 01:47:11     .9qRT .kxRjz9EMiJ6bQUSTEDkKpvlKSD54ib 6fpqJTBaM
Sat Apr 17 11:08:54     QM71XsYtijVCKgMoW9CTtF6fQxXGUCQyPnp.2SUA
2010/12/25 09:38:43.91286  kpn.DcPR.M0s2que6qFMgjigpSoKITCBKDsxd
Wed Aug 17 11:38:19     VZ3vidtMCqhqnLRaUg
2017/03/04 11:36:05.737393     vgMq.1QhpOxXSm0yy8Gfb27MuPToWH.OCrN8sqgbIovc4WQ9LXS1Wk62
Wed Aug 12 19:25:33   u6q3JEIA9WvRYzpcaKA6awhWpr.jCTI4JdnFUJZZ372PrB5yWVlC6N22BQ2tHvUO
Fri Nov 14 08:12:15  piVmzrqsWY.CHHp0.8j0lx52RDEmfdnBNP  sCsxLNx K3UwSjPd6SuoSEh
1996/12/06 07:05:02.344679   Ta8ZW7hMk0z85BK5mHWJ3Le1vF
Sat Jun 19 12:09:16     cCzSid4jpmqPA0C4iHJcab qWYwcYJLHB Q3TKybdLIzXN0a31jFIDhILY8rMwHYXoMR38tsnbh38eDC
Sun Jun 24 18:06:57    5J0PPpVmKQO6iTCERwS.sd1jM c0 ltaziMkCqHEW6YvfApN5UDIUW4D287pX7EikALOI7fzWGNqb9D2ebLK5T2pZ99xnPLpS4B
1994/08/22 14:20:05     QXScUP cwp34ugGpDCRe0fl2jFyZi5.uscRsnRvUjpaASqqGtaeW1QYEZPt3Rq3.TSFIi
Sat Apr 13 11:50:03    mdKpHnK hWzb1pXKZzdaXzzQl6LCAmEYKGgPwaL0UlpzZev9gN cPSdJ6mXaBqBnArhEbNJYYAkFtOUvMq2
Tue Sep 16 01:45:32     g3jzC14J9IP8OWXPDwYvjMQAEJiq eZrMS1SxjCvkGsGaSzDicx8usbVfBkcx31DX0 Pjc IAQSXqb9mHAMnhQwM1R8o
Sat Dec 12 01:27:11 es9VUwbelQ
1992/06/21 14:18:26.757627  MZjeZLiwXvf4fmSG8BXIkKmXCwRKMAcrpy2q1kKlNENADDGw2LnHLiUrxoM5jVTPJC6FlXhGcYH8JL4HsJ5 1AQiP
Thu Jan 17 01:23:19 J8JHWCI I0885KqUCTMjpqOXedpoCIWR SLOMB8uXi1fQhro USL3xRKSy0
2011/06/26 12:26:55    Z.hmRAK4DR3mkwYgyGuYfyrfJn1zrZvwOhaDLcGj7ivhT0MmrkF1fnOvpkDS4Qe9zunP77I1paF4EEh1yDpGbawDM1fPx8S5ln
Fri Mar 01 02:47:00 W6ClsCRr82ZeHMmZImv0vh
2001/08/28 05:49:27 IJMvJt4aNppthiKfDSok7hNN5dSvebkYpj3JJ  8Rf4IsmQGsmybLI.0sy3Y2F63pUysltOUREvosqKqQ5.2b4b
1994/06/24 10:01:37 jIfXaVU0jflRmfKS3GZXGx8 tENs1MGpJoyx9xddKJDEuHPvnAzmSQlQTUATs.Qwv3OSTnlmXFFoi2IqKjLBGE
Sun May 01 12:03:05   zTfYMwaR4M9c8kpvj4MfFyCekxEq9zGxxUuanUq9W7JroalxLh JWwTS4HkM4jhUGCibVZcPNz
Fri Jan 12 08:48:54 UKaPWe5CI H1ydxN4gf454eKa51jIW6md9GUn7g3npJBm.RNfbC4VH8.SuXVhzctyRKal91QYpzsPkXR
Wed Nov 14 22:52:13   HOXiOVsDyBVCEVIgr2KwnUbk.nyrUh4Qtaif1L
1992/09/06 14:00:04.897971    qKkwwvdVAIMqN0NK5 F1d9S7y.9uGcinS7P6uAkWk0l0I11YUxnTZr Yfd
1993/09/13 17:00:09.724800    80wdI9rkorbqkV4UE6Q4 ibwAlslU2noWta9iINFTiVZilL.0wkLy7qXNt.q4wFvQC9Nh3 REVeVdZby
2013/08/21 17:39:12  zBB9HTJNi7FRNjOvmRdYyhbIuF1uqkULtAr8ikeijPlzYV4Mr1jxE UO3pDw31CP1LgCyindOo KA6YKC1  hOi ApkXG
2017/01/22 19:15:33 kLGgwjf.BmpuA.43aAzZs.X
2005/10/16 13:36:23   21Wj FFUSPIAV2GEQt6jdVFL6UBFFIfj2lxlThKxjFSmOVW1Ye.cqP57XBemhJbQjEXp
Thu Jul 06 00:02:49 PoOEYevAAAzHTffynjX4i0IMEJyCAOPZy6MbMtzleHhAcayfYTDOhEUvT0S0YIEdC 4piyapRlXlN
2018/12/21 02:08:32   7cJBA0rrxvzstzW.hMKXgTaC4mtOC400OkFaEguL1gU LWjK 1IbmMg
2018/06/20 04:14:50.899965  szaKILuEJyPtvgSLpkZwdMQx1iAEu6jysePR4mE T4y1LNCwBkELMvhGNCkivTLlJ46bfareiYyvh.dTL56EyXQ
Fri Nov 24 04:07:23 1ouygwBGLKLhc6U5sQM16Ys0
Mon Mar 11 02:54:05  3Oq4H2B AUXsG.VChc IS.fYpBqm3mZgOzmD2BQN6eDSq9b3UMop1EUVoGFCT9W7ZlbM
2012/10/24 00:23:33.80235   SWuwmZV735UJzupr2souDrWxoHgpXVbk  Jvr1yv3sbN99LRWCQnScvbl
2011/10/12 11:30:38.301645     q4heUkPcoRCXSVQeeVK35ewU yLLBsqll.BqRXH
2008/05/03 13:31:55     U1tLTg yRWe06I6rDD7Ybo
Fri Nov 26 05:41:14    fh0iCF8pbujTOJA8UzjlNM4mgPsjUELx2i8WJNKCLvJQp6psm.gi6p1
2002/08/26 06:50:28   49GLO.lIFttutrRS01LK39dYjYt6Ms4gCiOx9pPim8.UTV7Zxo0 uQNdbAoV1
2002/02/13 20:20:17.505566    FQezZeoaUVOSZWCx c53vcHsA76PiWDA4.7n6PfPn60TQQCTbaZwp5XDQTxaMhX18
Mon Aug 15 23:05:39  DZJJgeQbe72IvqCddv1CVYV4yknwva
Tue Jan 19 01:13:53  ln RKpv30VAYUwaHGzxilc9Ldrpkyxkgns6PfjzbMP5XFMAHacUhZsR3
1995/12/20 00:07:51 Q.9xVva7FdL.TUz.FuqZSoCvvQCv6nYUhBFF8so0NfoeD.BWzYftYgH.qZhkeEgF
2018/04/18 00:48:14  8votPhOu0eksqCp2M2
Fri Oct 20 14:38:21    A7fKJwAAKZoa.LJ7sa SmIPbv2iclzOLoGFDBACXexi4R.IUou4oKxHg.22Icvi0l3.pWBZ6o7zCyVNsKiku7twKyeQ0M
Fri Aug 14 19:09:08 RTWeI8RUdp5F7.b4s
Wed Dec 20 12:44:57    WVq9xxbvVKvaZhkGj PVNJfY8nkUFMH3wDXF0pQVbXS
2015/08/19 00:22:54   qpVokuvdmwB4e3yK0fXALMCbd2nGWawXglrr gDXnon0t z6B3MrWNVWYy6Owwkv6raOcCfSn
Tue Dec 03 17:20:25     PnkG5cQKlNSKwqwScVGYLkmbBFTRF9GTiyhKAzchYk5VYTl2oQ5lK85um7N8WSd5IeEs8zHy5eEOj2tlgwwVxgZeQ
Wed Jan 04 07:45:15 IVaSSBFUqKXQEp3SQC959Bs2Ik33GLksstyTVvmiO9VssPPqw9tf8bfX7tNjx6axTCJuoVQs9P9QeyfFD5.f6NzivhOkZg
2016/07/05 22:13:10     vCDoJz2I7iTEyH3ZQfWQFb4jL9wV9SZpJzQQ3hMpwtICC3Ridv0P3ivLkTYyWqAJ7QvdZU
Thu Oct 23 23:03:20  .mOc2e7glhk62fBBZoEFeZE6QID.B2DcAyqZyL3correQe3biwWu 3YE.cXuzqo8HFG35f6Ng1y0yz
Sun Mar 17 09:03:54  lTjh5YaYxHdWFL xqLJzcxykyd0EvVXIMe.F6Y8QCcT1Uf9z9i9Y.YehqdnZi2lo
Wed Aug 27 18:15:21     feXy.sdKeFEJigWCLa12V1wKPzbV8V20E3h8v8nSo4RYJ.XqKuwEOfXuZRfj9rLeis7r lebG5UOW.
2012/02/21 05:34:09.584850    uLfRJCGT2m4OxvV65nFf9F.EESEvTUdGZbNox6fP.60TK49utXqQhiHMeDl3zvIGkPHd6wXc3L
Mon Jun 27 23:16:20     ihahwmGKG3HAUpm8UtNctJ9QGGWP7SF7UkToYdfoppIwGa51EgfH.1Db0IDwwrw1iNtGKUhX1kNF8Jl1 6JEWJno3z1DpwwR
2014/04/14 20:55:39.587558   2WxujEA9maYfl8GPmG0VyczALPtuqBspe9jMweTxW8p2jtfN9qXbpzfTDP3b2fEnEK2eLEEHqY.SKAv86ATfiEFJzIWKcj 
2008/08/19 04:31:28.552206     5gD0fhcyhONDGJPJH6D9SE7RksE32xz.FczF.WTMSkvcIZeJJCofWbe0tsEJTYmmVUwmbVr
2013/10/04 08:05:20 G7csIJ MYyhcV.7ATGt2BET7cyzJ4Z.1TlWSbL4MDt85GY0cpDfs4PV94XdCz6.N5
1995/08/27 23:10:29 Dy52.OGSB2fTI
Sat May 14 18:35:34 Z41aklXnOTCOhEkZJ..B.Zu478z7ZwAxUt0b76o9FYhj1ebp9bpSNir4BuqvyWvHkmtkhG0WG3fDf 4fqRIY8EHy
2018/09/01 07:49:30.509446    rE dfxoWt6 wDkcVEC iWmXHN7PH8f7AVEpaQQDrOHO2aYQ4tlyIXIMUaFH4vSBzVoFrh4kXXu2j5kc5 5XurD5PJFmzWTv
Tue May 28 22:42:10     l4Lo70gMxOnJ3Nj26ndaZ.f4m
Tue Mar 26 09:22:15    6jRzmFuuAjeWD9XdJDavWMXxGYycKWj1.ODhELLkAnrKhy26ve.uHrKUd
2018/09/27 16:50:33.558002   4YnFYWmypFheevWdnLbbu8oq0dbQX1owjX8MHlStMVykZqHzF8JbXY8Iuv5T2EnIy0D
Fri Jun 21 18:22:35   R.s2KdKNlZrgWO6XF2CdoOMY
Thu Feb 11 11:05:54 Dda0nnpNS7pUyqF
Wed Oct 13 07:52:17   Qitz7egEAQTEXYGSFkcg2OZzPirstL93.g
2006/10/26 02:28:19.418246     I4fwOmb3L1aCqumJGo5unHujibQlFrK xidABz JJY5XL 
2017/08/07 22:59:03.713137    8R7wpaqJlfnYXinZoo9 VuLme GcAapbmj3pCnTgjrJhLqkRbXWjvAkKWuX.pZ3JY6U9PEMh.GsUD 6w7ON1.qI1B0yf3yR
2000/10/18 21:55:31.248471    jUZ929.DR7TzaxUMAcLPZ ilY7VCRJ
2011/06/02 20:50:59.228539 7ajG5wG50.rbAJz.ZyaiSGFKbAnxBsXDErQ6 S
Sat Jan 07 19:48:41  InjR Ma bjJlF1Rgwg9ETWTj ICBp6wEbhslfLBu0W21WuE7H.zWGVzxJd.XxJlJnhlVPaxy9
2019/02/15 22:15:49    AwU4dZL3doihl
2021/02/19 19:26:52.348304 H1twLR0AJgqRC1aYg6lFKLcC3lVQ8WaG596mvO
Fri Sep 26 00:08:00  u0KHt1qN6WXhI3am5utcdsCyUl
2014/05/05 16:51:41   qH2SFybUaAp0PUS9cGMidSHmzf3Rq6ORl3m0xNuU.DcvSD2
2015/08/06 07:37:07.303829  hUBRqj6E8 eJWQ597FotwLEUJOwaJFQxiH8RNvq 1U LdEnW2AzukZSh
Thu Dec 09 09:15:04  IRaO.oB7JNeFF7Arxr
2014/06/01 14:28:31.610783   LP8nxaFXmNp7WCmair.AJ02gxsL8PBjs.kV9ZQt3yR
2004/06/25 20:18:31.647464 6WxPWkLR5m24pKO ylgCQrZg
2020/11/09 09:53:46.781299    w8IHQ8pL7HmNaKACTel3504J7CCDMMIMFzooZZrXBrpq4qWk0vtqDtYl7rQd d1Zq.0DkGOsQf9XsAocKqm2D2nQMgXNLhELoEa
1993/12/02 21:32:09.618613   g1fR.mjdeONrjlwHwuzidC98eH75kXHcoEvP.RJBty8xk7h9aPZDuC5z4kZTqoHfX8
2002/03/16 02:55:54.210419 aEcbL4j p3iw5f4.HhMTfS5
1994/01/19 13:48:52 MPxyrOsx d
2018/08/18 02:29:23    DHl0vIF659xdlmI6dbhQjk6hx5YJxhjNtp7oSf1CVnwILhEdXpSfW
Tue Jul 16 19:23:24   rmBhUdZiZjYwD7SQMMZ95fzAFsWqBNR.rJZuA4sgu1l7.eDqDuM6h DdzTvdOfmWusojXkHT
2015/05/28 13:53:44   KcraycF89B1kSOjCRHa9yHQKTvXyX2g
Sat Mar 15 16:22:36   TC7dw74f1kzaAADnl8rdLW6lgEzq
Sat Jun 01 21:13:08  NXtp4Xb6fP3ufmgLfzFN7aqBUTB.FFYEABjaa10Rs Nrd30w95qG2kSXRxnXI2iP
Wed Jun 04 21:02:06 kdIrfZbvdQkGWVN8faxcJWfjnU7YU20z2FFlzqothdyYbxPLmQBT5BEOAu6vAg7CPcebp1DwQistE0
Thu Apr 21 04:18:57 X8xzsAbQZnHpLVF0FB
1995/10/03 11:05:36.853300    b0jvw0U4jMDhySlK
2012/12/05 22:38:23.768478  19juZBu4Gt
2019/05/27 06:10:16    QItHOG.cT9outLPVijBjS2WwtnJ19YoZ.3Gl40kP8YjbmeV
2016/06/28 08:29:17.263665    xXxCrar700f94KpqmN6hsaOye9SnOoBBB
1998/01/07 05:10:16.412327 z.HOpiFp17e gieMJCT9U.DKdLraCzpcByYvcdDSyR
2002/11/22 16:18:28.578555  B 9epNaQn.4o68d4IgFvefdkuPCzTGxSQpR
2008/01/28 11:38:35.982027  gnsD7Em.HZe2kBAwrKffM5J.UJKv 5
Fri May 11 10:57:50 ltxVH8eYFJMPTW2MEtOzkn52TD5k5eatkCvv7s.jsAY6HiEkux8fG7gTphyP4r9gtS4vbkINMYEufGQ3eQ3EzPaZ
2008/05/20 11:36:10.55095 .NaOJSNY  yBPu5hWTLkz9CPEcTRuCU5jwxEXBlN2lwnmlA2b
2000/04/12 21:57:05.191340  OClijoplOEFAzQtv5t5aaapWrqK0 rdnLvV8QKzd5S283U4bB
Thu Feb 27 16:15:52   IXSrdyo3QG.dIgCtPRCbpyqZqQhb765w9ZO82s4v
Sun Feb 06 18:53:00     8IqQU2pCj8d2AMkTnjh7icRFEm6UGdVs.
2010/04/17 02:32:11.842564    LJbT8XSuqVFu4CxHpJGJEcpFW7xP0tTnVep84bxE2fT5bR8B9n0boiCg16kvdGJ4Bh5HLmHPMs5bGUNe.M2z9
2003/10/18 13:09:37.320021  xUdS9dxqZUfSl.w9xat0Rp4Wxe6vjtlr8aofM1nItCCd7HBzj8rjyVFLVNQYzyedpDDriR0S4oQCUXTfhQO31r29DABRGxu5
Mon Jul 04 07:56:02   VJI5 1mgJvZjeRerTylRUj7gWbsPZdCKgTOEfNDvqXOWmTdpcCUvYsLmdU z4 yxaomps2GuHiOgHENa7Po
2022/03/18 02:41:20   jFU azYJp06ZvZrCjNfoNxVll1Ns2.RIK5ICz1uehIB845o9oRjRe3CApsfnTz
Sun May 26 02:25:57     kZMobLgaMuxJLupq
2012/01/26 11:48:22   ylidXZYc.4roy24gi3aLfFla2J1Urz2snR2Gi3ya9gmByyQGLCcmTB5.xRPiJyMjYgHKQC5TfOFarxK4Lmuf19vAKmoMj
Wed Dec 20 16:49:26 s.LACRO1M0pb558mHvY
2002/05/19 13:06:20 iBGNioUtextehv0sxOOetegeJ2
Thu Aug 14 14:36:59     GXfVYW1Lbz44yojDHySuyN1sSTYDdCZddtlulEpo32AeErnr hvMc1bGxn3jDJGoLrzWQgvz6YCC aZ kDCZUxaI.
Wed Aug 28 07:38:28   oxeFMxzjYHYovg5kdVoJaKx3DmniS6 hnxJathNQ2
Wed Sep 06 02:52:13   zd07G.uJbtkoe2NFHInqP4QFj.Ajti9g8pHRfYGr7A0bsEYBAQ3DTRvjjxT8K4mnZUpNjLotx
2020/03/05 08:14:28.469594   5jMdGXfu.5wtxzpV31 x53CEbuIcyfWlVMycWm4Qb.
1997/12/26 17:43:59.895735  GqFCjXsRwPDCu4p4BnNkDShECgbQqkCk 78AJnc.kdl0LEMGmlRynku4MUqxgQFoZX.boX6Rn63Avl0eWNoqm
2016/03/10 16:59:38.781167     822ihmCWfMNXCvWWn3qpyMO9zD4mZewDTK837XqEDBVIy7SKxL.SG39LLIqninse5vAwNJ1imQryZJO8L.
2014/12/15 17:37:52     sxrUIhWcFELb3PbKgw7OgMc82We36vnxCzrITHqndZDYWTR44cr3a3U.cFODInXgCy rnCcXbCywuU
1992/02/02 04:58:22.112959 ysZYhbB2BfYgKNVzc KZiH0CzjY7
2016/04/20 18:23:37  hFreWCcY1Uyp6axY3rSEkhOfNLDH4CiJJxenbcZrZ5sU.nXMC4iaJKiCOYCeiK4uu8tv5VXgdUqo.rZdNXXiN5Wfv
2006/10/10 11:11:22.933506  1wg9UETBHAvX JcRo6JtT20Yfd3BNl3GxzQWtrU15l8x6FxxREyCcWhW9YKWL16atM.pQui5ePURA S.
Fri May 14 02:02:06  1HbsjH lTVhKv9kgn.fa.
2020/03/13 23:37:04    ONOrs9USSMJ7nuQFkUQul 59Hy F1.3n4yZPvIoHGPlAH9FbS
Tue Aug 07 22:00:15  duNU xhG4ZusCWw.f6 A5lEglf6jIMCwOxKzwKHwqFPSdnQwtuLXYIY
Fri Oct 20 04:14:11     .LnC bqnAR4
Wed Jul 23 06:15:10     wldMSpVgxDypMS5Q0kOzCQmHviy8HAXlamuDzjP5EE1NMwQJY2m.67qtr
1994/10/20 22:16:55  WrQwBNxS2WV6Yad5IHl25myUgjOw .U dils.p90azmtWQVDLJLadH254XgZwqIRfrZ8oRxBB3VV
2002/02/12 17:54:03     Mj4JC 6end3JpVH eA1H6fS4xRj13LRm4G FxznrBQ2r3U
2010/12/17 13:47:03.480557    zSuqmHK1nuDIStUdck.kFTfurylmxj0xi.RDNxPjLTyBMirqEWwjsJXnZMr0i3YT
2012/05/01 12:25:20.883914     eHy5njFKWg 7XeKTa J8sub0L8XhsiesRru.zFhbqfE6p ntL6ag5.qkW0N83r6OlGRJls7C
2007/05/16 15:57:53     3eHfwk6KySCG.pYNeUeZSN0ZdM0MACh6tsnD8DR7kODm7sChMNvtuKhjBUHjaPUdsqr50U
2012/12/20 15:59:37   iMD7p8n2IvX39RxlA5y5NZCAcD74SovDwUJYepfTwssMSS6Dz.Mz8w0wIyMx14J60RC2tCrtED7kw1MxCO.BZxcxKU
Sun Jan 13 11:12:06     iewgbPfRl6nBxm2KbeCAPbDPZgKdpnWazun637TesNraYmDCR8.ULzY99UZ37OONOsxsBPCss8
Sat Feb 13 20:47:59    6Z9RvCVNApJFpYSKD4zodGcrJU
Sun Dec 01 02:26:50    AT2xRmo S08Zc2Qh
Sun Mar 09 13:15:22 wCd6D1QP022OpaAYmu4krfp5PUmLfAgjRD9GmqPc8XvqjTyxOW8hY4u2Q9S57A wXBQBJfrzAp
1994/09/19 04:59:42.347216 xF2RL7baM.Mpm9.eDE7X42xjfKa1F3qmiak
Sat May 07 11:28:45  7snfPiTTnZu9EmGnRa42pp2fTByJn8x0hAnZ4GufiH.ZTpYei1TxJQ3Ubbb6VdReKOSYh9xJ082EL.8WhcKKyH982cBh8m 2
Mon Feb 24 17:51:54  PbUg GgebZ4IfbZw0lUxfZoIYlGvPRBmZYB1A8F5yjdHFcdhHfqiMvrfV9qUj6zUAb1P R
Sat Dec 23 15:38:30 GAuAfwC JSXSSn1zVZbgLcJ7.WMzC.OoEofVNOIQqBABjJElAODvqV22NM
2014/10/17 05:18:28.711556     mBEARwHRlF8ao1iNAs iamhEXEcjb7SZjOq9kr5lyOHFd3sp3
Thu Sep 15 15:23:27     xkWD1Q9oGSjsgUrJw4Zl4nZ7W3OzJ8DdSSVjzVCB22DnOun2e0wktVXvug9KqYXCCg5gle3
Tue Feb 08 03:53:57    ttysy28adjQyNrXq48H24iQuZlLp32rt5lrXA9Wy J.TJXZRqFNxaCNkh2FZsPW.Qn
2004/03/09 09:30:32.566146     eQNzUCMxMFRT3cJBkbSHa9qLzjrYI8ONQSeoNHrQK 3JOQg
Thu Aug 07 15:30:57 ukJ1FvWqQBo0oVyXbfdXiiyNtdi sIHAXeg5OlB49lCo2l jU
2021/06/01 05:45:09 6CkNvIz4WFuPGFs R1j8mBxF
2008/02/09 21:24:49     Xcrm tdGnfejEqRVmZu3JDDFNQ7lciqi nPIqeREyiLxDVp6C7tv412hU0
Thu Jan 25 00:37:56   pCQ2AoG.MGk
Tue Aug 15 07:55:33 WY4cugS40Wgevv0okENldi9CyZo.S5Uoqy7xumb6fBMiL.cKKRUPsqtAQr8lE7Ds22UlyNzb9ICrCsAFeIqu6vDsp4SdrIQPto
1994/02/07 19:33:27.696794   RzSQLTcuDe55iXBLEadw2XTqcWMo1OHHJ
Sun Mar 19 11:22:30  H0iCzjvxb.PEuZEC0Zmdv9CLWrtfiBR1xqS
Mon Aug 16 07:07:39 pu1ApH3nShoaEgpq63cSOH9eLg6HKD5dGmk6
Thu Feb 12 10:20:46    pj PtTMMQ2mrBWf05tRjfSzjIGrq.Qo8PPeZ88sYRbP e.cqmbq3PauhgmXXUC1pZUhs1Ygaa2YQfns5SfNAkOj8Q4.
2003/07/01 09:07:19     NYcIW6xFT9x8Yn4P3Li.OG5UUxLkKTVTUvYs ns9849oHx8DbWEGk95zEE7n
Fri Mar 10 07:10:14  gFQcIBjF7gs7BlqxQMKzqbj.M4qsI5hyaZG25SXF08RpsVHRrp1Ld57Y8ofj
1997/06/17 03:29:45   A8t3qdbIG2gJPZUvJ7uIygsocmLLcFeXZ0dJOlOIJSp97Awvc6wSMKNJ5f1V uFKfmth50IoZC1oGkrAgCyT5AGGfozMsgw
2019/01/27 22:27:15.180862     TQTB1v5 W0SGcmJEI.bjkmVF0M7QTkImPbk3 TEORGAuPgVC2U9bc4a55J8tO51Z2z3TbQAgCFM.m8bPHNzjgVW
Tue May 26 17:01:47 RbksrStbwQ0P3ZGE0cXWzquvPx5Ch2elsuE3sQqCCrGLmFWnQJKQx8Hr4UGrbGYZ7g5ZIa65k1ubdDLdzL8mnYHLkpSjPLG
2013/02/07 06:32:21     IbQWD6JAtL5AkTIrzRqOXZc3gqWsOpCls31WD0FgsXxEJJCNEfxKhyoFKnPhk3EZuhvEfKioN6jejWeV9HRm.ljudyFLXD8
2019/11/19 14:19:42.151178   6c0yytkMYccK 7fblU 9kIAcA5MJzXXkYWwRC9b7Puz3tu LCt20eHE.jkKn66gmica98fMHDg85aiGfD6RjASY.SWadDP
1998/12/20 06:22:58    yWJbHY4s5uJq9sEMRYQvsszXYUYF8ot atdIrBIoTLyWDaOjzZ kVGSQ gelCTddJwGxKb54aGhecPsGFsU
2021/07/26 06:45:06   tcr0u5sDMMVaaBvDz2.hF.d 1TH8avFqk63CWpW yAKhZqnD4tdqFVRYkJAY2LIMG0hNuKSG7moc57pDq
Mon Sep 07 05:42:49   MbL5FlXw15I7JpyekSOExPd2HKKMXd2VyGlKwbDzWRvI Mz9sCvEaUySmuKk
2010/04/02 08:11:15     fvXwJaMBJ2P52KI73nKfwVIlutgEzAj
Tue Nov 18 05:40:04   s3MAfqnqXucIg8i9y5INzoNfJB1bZs0C8IzbG7K2Oof9MQcjgdqwuAcZlVKVLjHIsIXPJtBbJ7TTtDmlE6ylzPwDe
2009/10/07 07:41:04   l5OeGtqAydmTto8W0WF8gt2XR4cSK5C ug7aXTo3V7YjLeq8E8GYkrzIiLA
Wed Sep 17 08:17:20  sa7cHXZ bIlARIjl.MKh5p0wB0wlNPYdQuts
Thu Jan 21 08:32:06  Sfl1WUtDG 3sJke0V4zfiGt5laImivBfD0q8vjezzk5zws..m1ibDgC PlV6qr2 zCmGesZedvBgyJUh 4
Fri Jan 07 08:41:25    dV7 PNrrxlM0xez.9bL.TAgmnzNCJGe1Z.UFAaf44Jrmtz
Sat Apr 03 13:50:52   OX3Btbu1RRgm7gtnQ1aDNNInnjD7OmanpLsOq28oOi7k7fEPrFJ7P5QSvRYWdxO34lRcrsCD0FxY9 clT
2007/12/07 19:51:12     IFoEYd7tyKILkJUXuUjAu4NSfM7XxOigFYTI31VMy6BeDGIO KXo3DFM02GFaYEsgt06G
2016/08/20 15:17:32    84aBeUASxyb2WY8K6Ix9zbl9xL 
1997/05/11 06:29:41    8Vm5WRjWbjv6DbgMG
2017/01/12 03:31:29.157463     Bj1tI1d1Yq3MlGSZQjzwjdhrO4EbYH5xoK1QSQMkT3kAY7I.3YDZVccKAMInJ3ePns1fyJCL..9
Wed Aug 13 04:26:08  eyTCi6X59h HJtT5QgFDMSINS.L7HISsqrfCjVzjAubPuWgVLpUTSaOeT4memp0xWiXUSzxxgcWRF5aw8uuvNRXcqH06Rc
2005/08/06 04:01:37.709942   MIYgZ6pblL1B5bJAda6qf1li7m72aEEG0HtawIa6GzJvcPArCnDtn7tfAeh4 NQszz2
Tue Dec 02 03:44:54     QTS65Remvre0gFCWBZrsPiLn1I48M7dX cDaw.KZ2Cqj.3EeroY9xQBhT8YTet7zs8m8rfbgwYJ9Inm1VjpohzpH3W3D
2013/10/01 10:43:18.304795    R7nwRv8iZDIKCUtexlm4QvhBUXkqZkQd2.Lmq.axWh
2013/02/23 10:30:01.737054     J3IeL1pr3xJMUj73hn N5NPcMpGYy8nuj3.Metyhp1KpLkRx2sGFOvpepjcuZyQ
Sat Jan 28 06:58:32 mkGcwhlra2l4rI47N7aLf4h1VvhivV
Sun Jun 05 04:03:29  wU4JctXWnsPqFd2byPHQwtSDP4yy1FozkN1iMBQ3z4UsRrmJYjfVFh8Jzvc4Orw7veE4MsLggNTjVV2geCNyS
Sat Feb 18 23:22:46   GcpGF8vWldZHpqEX9ESaE23IDRnV.nu01SUrqgKBU1ilOIMGbtUZqQ73MBs3gOfFsV2tSCSN 4qE482
2009/11/09 19:50:02.40692  WmbXfx9pB.EL rwY8fcX0nwFZuqZmR1kJDTwt3zMVfF7mEKggknXJ.OhG0a6q1Et bf9VKu1vfE9RO9RyzVZO4S
2020/11/03 16:20:16.19839   4lzuP7vQlaE2QjLOz WH2GHqsh1d5a9XKddC2WK159LNY8rvU AzZX89Kns9ho
Tue Mar 15 23:45:11  U0Oct 27blp8SA8oypPy9ZK5Dli9nDGyUswuc3B2iV6YhrnyYdTKwvJd
2019/11/22 08:48:50.404912  MY aKI4S8L1xB4JdviVF9ku44Z
2007/08/25 19:43:33.479396 4W2sJhRT8RNwuqwsRTJLHp1eB4IuQDuBYf11GXIKvT78uA3kpuB5CN6oB1T7n0pDHw.xK0cwJmmmSuCai5XNKC5Xn.v66W6
2013/12/06 05:49:00.193242     c2Na8jkmj5wT1MDXWKJ6lstipBYrYfioqbwch46S3wi0fTxsGHfyGF.LsXX.h fqpOt.RzHPy3A0rsNegCSY1aJdYk
1997/11/08 21:18:46  SzkcfmDiXW0pywLUMK7keDHdpqAgShPdpgQkCzL5IC1KCUekFt ntQpe2SX04bWYO.AVQToAl3BiQa7hWTGwkIfc
2014/09/12 11:55:33   6XhxkKJ9qjmYhugtFUIkjLqabKXKkLZUEDFxfh2wc4O 3wL08cmCClYDblhdK4uFY4WjtBi VNqgzlTL
Mon Feb 23 09:04:13     Lt5ExUfHmaL11Ih.qmRKjH3owt.6GEZQjJ
Mon Jan 25 05:29:13  ER54gHurQlqRY9zdwlzUkBAjYmvI4waoMis51T6Sbt0M2zgij8k2pDRkVhpK9FWN0iW
2001/03/22 14:53:34.367844  6QIC6Hd2soIiNXxrClW3ULpF0G88TW5D4u4dHcJBSBXoYLfn6DO NmHc79o
2019/03/15 11:56:15    KBRqIRzH6mrVH85ljmPSg.xP
Mon Aug 14 03:50:19  Z8mSOGNXkR3RhcTZYt1ZZs1Jpw8srzQSp
Tue Aug 02 12:01:38 r6KwJaZlPz2felRt5 kJStZom3
Thu Dec 08 18:11:33   oBD8qI3D8V7
2003/09/10 18:21:00.783270     PjYkr7jS Pq91Tc5p093 20CxMPwZ56vZq4NI.3WfsxEXr7mw7lQQRn6WEdoj5FydAu1GDQp5RULqczJoz9Ws5mfZQyN6iejK
2021/08/13 13:41:12    O9cZ6AERX00TsSu1PTIuYd7maakPl7PCLL38
Fri Feb 19 03:38:11  sgS ce2KkSGxBkSgKPK N67YhQqi2mbKYRSUdk5zmDTfAelEcjIzDluJ5uiFDWiDkrFH2H
Thu Jul 06 01:21:21 UzNCHkCRYDmzGWa5K7KaM6 r4X 4kDAszREHy9NAdUF635oK9J0XMBJBKQV5AE7OnwL9jIrTp6rijn
2020/02/21 02:19:51  6VqDm1sHfox68atFY4YhQTjz166lmMkgW6LP9Z
2001/02/24 14:45:28    NJq.AiieYoJrW2OYxOH6VUicTTcxAEsibiCeEcLwDNExZ1.HhZJLYDlpj  7JDatv2G8iE7gDpiRMcH
2009/10/25 15:03:53.577903   mcuGh3HSVBEXjPtO ogIqNcy0W.FW
2008/05/02 22:24:23     xDW6YAgnFlY4tZGbRe4sZDbW.2Dz5jrQJgLFook1ekwJt4BZ6ewBB5b X67OyV2Bh2BvfYjVfe9q
Mon Oct 26 02:29:35 r71KirORR07UsMK9FDNh7oWk22wVtndYTLZ9o1KAdGK1 Bf4ClBR8GOroLl4cWRWBlXgKKlApVCFhd9nxTdTL90I.n
Mon Jan 21 10:24:05 VsWaYv0MW535nWZp66N4SKg0G1Wwk W.3QA20SoXMQ s0HoIKJDL13gKWg3MXR
2019/02/21 04:05:07.347211     AiHaAEKnGhL2Kax9fhoSf
Thu Nov 02 00:07:50 Lox dqreU70oTO4jNIlN2NXG8QSlv7ineq5LrmMTAO0w4QHF6Xbcftxr2mhJfQ
Mon Apr 24 09:20:20 .COLHrzVQhoG9rzR3re5.4FV7N0qdum9GALp 7d3fJorxZ5aI2Y irl6WVH7SiqSKfFPzobn87
Thu Feb 14 04:33:30     KP5qhfiUSDf sz6P3QiDBjjQW.x.r9RSbWhI10
1994/06/17 11:24:39.739022  e9uQRGRnIzf2dhY0uxYcTmujR01b1VvxzcNMkS7Sq8sFF4FFATc7bG61ViYIAiQzBr0yjfQTZ74q77WMAFBqo5oqBSg
Fri Dec 28 16:29:03    hcunp3Q9RMvZxZd vBXo0Y7Z vxLsLdwSzJKMsr2vhPmRLh1mzGODxNmjpRCxDypMpMcI
2021/09/23 22:22:34.230511     Yngx09DiSrgV5UB
Wed Jun 24 02:47:26      TnCk KmOzQIodePvBRrkrwibgSgBq8IxuVls0sngkypTSwtKnopx3UVKxPk5q6cYegjNMd3U
Tue Jul 04 06:34:13  3xbxCkYidJ3vTKvLpUmnCARxvwhJnYjAsUwROwJsj0d7fgJfGk1 RwNDWDU73 7bsDkVnIfrT1OHI2H0yTvIksEBxkshc
Thu Apr 16 20:39:10  f95cwkf9AbzNHAyF0jIpGmbWBprL8q6uBScJqFjgEedmwQKZBuMV5N7aOeTLYRC.SsOhaZb7D5v
Mon Sep 21 03:13:47 Sqx5ZB7dlMUPlOL8QscOkfSPIZzqmCXHdq46iIqoy
Tue Oct 13 19:48:09    dSXgV3pIAW308XTuuChCpwIaDXZLbuwJ3Fo1AkhPkPzYvpAyiMjE.kRpsZbauA
2018/09/03 08:32:03.11287    zkqMU3 x9oPYWSTXVfPcLj 6W3Bln99sNAzVpXE xOPdr4gvBgd6Cg
2005/01/24 03:19:27.761380     foO663zmBJHXndT89Ab6
Thu Jun 02 08:23:42   SOTigYjxM0dfgj2HdRkoVG4Vb
Thu Jul 27 01:47:00     ubAFAs5PqrkF7OUaSfM4fwFRDDHLwSTivckCEG02SaMmuU.I. lFJMeF5B1UG2
Mon Feb 09 13:05:40 6cUOolzFA7mUOChN6xDjud42f8pR6zv9z1odMQGrSfgJQb58asJhhXZjE3Ng9MNhwoSLpdwVZ eY0bOwAGwGtzpKkMy3fHLKoDP
2003/02/15 05:53:50     HIULU.N9t5rVKQd7fjOFO3T3gI
Tue Nov 04 08:04:00 jOhpBMFvLrg07rQz AoPxX1
2012/11/07 17:06:48   61a2WC qwxqrSZY7J tj5EDiR14xZwwm ZfSN2hc
Sun Jun 16 14:35:19    lSQ.XBrFA5U 2HOCctGKFykyYfnSf63x5poRP1djBpKPOJgbN
Sun Jul 02 23:12:57   OE2fN5nqvh1fqZh7WjUO.VPFbl zDzhIMHRRW5PTrtFJtNfbcUIV8gRRvnnk
Fri May 17 05:11:07     6VNSqUfOnceXpBhHFT6TDmbtPZViTHp4mZlh8Z0M
2002/10/18 08:24:06.332704 8JQxHSIYItIJvShuSPopm.sbptVHswJGBTMfydFV3oawqaA.
Fri Sep 12 03:26:52  DfDys9tElckWY2DBLEwEBptqQhpcPIGVGC3RfgaZ4OccPznG0uczG.5mIxDncNcJIraLtt
1995/01/13 22:42:24.478977    u2Dbzcu EdSG.Sa0iImlOnsET9n6XywAybHhOk75AXe6CoRUkp1an3Sj1x O3vlSPpaLgqz
Wed Feb 27 12:31:55     eoG4MOn0NzktljPsj9qQJxrwtayajFOqFAPmBtkqOk.j1mjY5e7gZPhOdSMH4PTLpcAsbxRi
Fri Feb 08 15:57:06    XYgV HD57ufzP8AZBwCoecyovxfDDpS9UfNt YhU2D
Thu Mar 10 11:38:13     65qwyN2nHHfphfD6QeUjscdW1BYJaITPFVf5j2wqeCvKh43mnaF
2006/12/17 03:19:00.765553    cE7iAHuuMtbKmO6kNvOdDMJlObC8pXfCUjNGfCfKfQ0FsDu0b Ijv2KsXfDXH7EMDI vGrdUxIFXRFQpVuDymE7vV0QuAqW
1994/02/24 18:49:31.385693   jBIDA.aN3KeYCeXmejyEvsQwN.jGqETOwyKj1vLzOW0I smGH97l.tsyrycc2DYP0zhXeMQ4Fk0RcY1ueAk
2014/11/18 10:16:32     GbkHP9u8dl0TU9AdBE0LGT8R3EwCb9NWxP8jCu1KF4aR2sqePuMItOKFKRjUELNgDMhUFmq0
2017/12/21 05:46:53    b9 NS0UZZCoUhzmRmZxgV.qm
Mon Apr 01 09:08:17     NuIy0l8JiOHTRpVnMPzjknL.xsXyid3cEc3MZpzNS6l9BVlJM2HEttu6MjXxCqiuxNCB6TuBAN8edXNSSnRLpbOe
Sat Jul 16 20:33:29 h6wuE5.bobwB.B1VsaQ561FJ GkS
1991/02/05 01:02:02.546188   ywaUYJNm45qb6qbdbYRmzWbnE 
2001/04/23 06:08:41   1tMiMk7eoLsYLmJ6zqYPq4FWzV6czbj
2015/04/22 14:31:33.565772     TfKqKeEHVoEoj80WiyL8hXg.cGtIYs6BRh8JmdumXuXNs DnlV7UnrSp3MdJKjF
Tue Oct 07 20:19:41 YQ7zRwhasQKJDEFFXK6H H
Wed Jan 24 18:12:00 rQMfPtFmO9PhIU.XRB4.woTjRjAOHDcT7Zmvyq6zcUyHSes
Sun Sep 09 17:32:51    pgHOafVTyKG.IpRRFDKI5ayO5NB2TJIR9oHq7dW5pxw1xypFHOv4x1Bko24U HNABXsb.Vfh5wIVB0BIPCuA0vTQIjzmhilEAG
Thu Jun 18 19:35:53     BPrjLWWZ671sxTvNQmRm7ltDXQBbn1bUsfghL9WUyGw Z0zo8lZfgON9cfXvs5xcmIPZ0QrLgob4xBn3BggkmvDI8
2000/09/21 02:49:21     JJG8Yu0RVOypFvIjJZL97Oy6yUdQMb1Oui
Wed Aug 17 04:38:44   dNyLAUljzO3mDiXM6aaOR1ICmnZr1NvFOfDqEKcLQMc0jgHmIlFmcxxhCUsV3MeSuCZah.9WUbZUt9ifKAfwDychNz1MpYv
1995/01/19 09:21:34    Bop.pOF6YIkF1ZL.HlS8AnvdiZaCKqQzKtLNiD Wr.qlOyBM2odbKNa9HEekGHcObhHAO6HD5dkAwp
2012/12/26 18:09:53   kcHH3mRqmWX.MroftP8.gfXO7F15jIZp3d6NtSWhmIcRfkFu3vb5Gic0hfuhOJWHwWnSDeNFquVF7q R45xgo5HadJB
2019/03/28 01:23:12.827242    E lfDLS3ZtuMfje2Ph4zhXCpDqwp3W9SWVZl3M52d
1993/04/25 14:39:12   eh3xlbmfkRAaGDT pw4ek2mt TMfxSWBPy49uNBe4YNUeNcPj6fv2Gft4aJiJhRDj.nsunwZ3MqsntCq4vivCBmDB7
2009/09/27 03:02:09.573129   wPZUI3DEstVUEA747
Sun Jul 24 01:49:02     eBES5T9R43 fT8hddKT7KXLsR1kG8io5CGfKifWRPWVwsajKT5mCHH5c2IXA9Hh3w.rI39p0z5B9nInJ.ckARi8
2016/07/02 18:05:34.693448     L8rnLef4NQFHxb0tQ86NnBRAD9fl9OW1aLrBmUFZZUt2DyUcx3lyoeP.SgbTXfdYbFbcIgAWzHIDCnKy.Yc0w.39Dp
1994/06/05 16:42:27.464219  OgBfTXU2L4XYq4ZytpuGuPKn0nCRnksQkYfroFspSlSaZcJJNQwcS.IHoaQRROUz8skxGOU xqMCcPCRGmdJZwYVE2kqGA.tcg
Mon Feb 13 14:31:37    R1q.Zh7ljUmSsIgThO9
Tue Jan 26 09:12:02    Y4Cd63YXCOB6E5Y0KYJaA.GSxOzqdN uRVRo1JL82.yFYzko dAovV1yFyZTVbg
2009/12/10 03:55:35     Ixc5O0ovT3i5BJ5lAWOvF.0P3MwlLU7ZX1.t50zsUiWVFepaVbbByM8NIrn6GgU6xP
2001/05/12 00:20:46  jLNfMs UpMO.R77lCfW2FJ3PgPijg6oJVzB2Shaj6fPfShfJgfUQyUV
2020/09/19 01:26:58   PWJHqtSmGyx90sQY2bWARNSPvz SlR40Ldrg2WqD2V4kJyYK27nwrxllRlPTMzvGA rG857D5VAUcTCw 2oxFrm
Wed Jun 08 02:14:02 wLNdzoCfJxWHMWpqEYzOTAonCoV5kskuy0QDz95mzJScKIwNRFxoSTnvHssqkFFvF
Wed Aug 05 09:31:57   d9sXfwlHFqU3LGCrHhtqqlqDFb9LjV8DnkiRPtnFI6QRo5H.yknRb051z5Yjn
2011/12/04 08:42:37  4bzZVcM0G7myh2saUethQ6aqyfHqrVl Zi.ArulLEVh2ggUo..SH.5jewSKTPMaeanMH yPXqEqaOLJbziNVu.TnbJOW
Fri Mar 06 19:10:38     XSD3EHDd nijdFkyN53GgZlt3mRJLVoRjioRVZyY
2013/05/09 16:17:46.298675    CyAplQHhtH7acMkCT.PqZWEtf555x813rOIel
2013/12/16 11:52:22  SgUTFtMWaMl4CJNg6yEReLLm21Q3mX8XyGtSGvRXVjjtETFH4tGXdMIURvE
1999/07/05 16:42:09.357012 7glQxSKRfc.G0V2hAN2HZlV Rds
Wed Feb 26 16:43:25     YXMkzvoAqPImOcZiCtAkQkymEsBYxlU.6.x x0MG65R FztSJW.jfUVWxrm8oXos24vBj9Gg5NmYH3ysl.nyeE94425612LKYidX
Thu Aug 01 13:06:28 xTzKubS6c8HqT4gDgjUhcY
Fri Aug 19 05:02:36   cj j5Oq4rPRAjPHLlT0ZRhCjeKYit40PLOFL0OzSWbb99MJbZYTRlJfjNhjnblI JRuPmW2qVy5v4BEY.4udqisvwJ
1990/02/14 17:06:04.710066     9edKvGinS7E2XBLdyihRKVSaq I 8SfAOAkb.QB
2017/12/22 09:35:42.26103     0AkAFfZPw.DQdlzrSDcnOEh gCyKYKe5kbRozg0yza2MkxTKh3W0zmep
Fri Nov 20 10:45:02 rioYbf c eRG5Q.YBxnd61lZzoJBflNAaqlvR1q0eTC j6ct72gV1M3SK4gplpDXEkXHKENan ky I6c8gvBr1FvHnDBOqAE.
2021/01/07 06:43:04.670222    NCFiY B2V3xyyQQtBeYfZBvMW3FSiWZj1BoQcKrMqCt0EXcsb8O053RaeQQF9K0BxMYu3NjNgqTlrOd
2015/04/23 13:35:19 2uz4XwAQk8 W8FrdkTBKOAgOxgxrPwakZs6lNw2QuFkaqVcLZMfrqspVY2z.8nmoDyt8U.zbUMzjETqyj 
2013/11/28 08:30:21   4qqMGhL1obF0v4oYLPaG7LC5
2010/02/18 11:38:03   B Ey4pIVJs5L3FDudzpRTMsjRlKNVjd0 glFAkJESxrhRj72uetWysS04rPHWA7Wfg028Q.ovKJc707FLwCcr7gkyOCpulPAkE7A
Tue Mar 10 09:02:59 3r0N.XDhh7rGRSeVcarCrmEOIa3Pho q8wq0Cp5mbyBuXzynjee3Cg6pVIZ0vCXB5N7kMW82Gxao
2015/11/21 07:50:57.139418  ZrOmEmDXOooP79oLRY1ThLi
Tue Apr 27 23:20:14     giHk9acc8YVLZzZIGBYu0lSzTZ.NaWm
2000/01/25 12:49:18   ARqrVGCeqVWjenuAgLkBdmWjXrIioCZcjKeNvMOUOauEOVmWMrHmBrzXpcU0Z
Sun Sep 12 12:53:54  hH2LrXo08kqfPI5GmrH4NsnYIudj2deSK6k5Rw73SLlH6416rnk.j6BS.PeEdDgRCkju0TYgXJre2f
2007/02/05 04:36:29     NQlpZ99RhallwOS 7mstK81
Wed Oct 07 13:37:44     9vLdpYr6 G pvDFC1NtJBaqQwGaZgCMOb67
Tue Dec 18 16:07:05    FKsF5sSeFb05no1hhSI4huQlvJQKe4UkPWSyixbRvl7bLgnnri4Xzccl
Tue Sep 24 08:37:34  3Slw1Bpf0HpYM hPcm.BxuhPigDr .WpSsXgMnlGEnhtdkSJBDwMZwaKp D5Dp1XYb9URzLnmCvlOfao8YyEb2mgUkJMFj54
Fri May 28 15:34:09     SEc17sLYeB5LS7xBIeJsdXIcjaVz a0EjVWdE3Cq3PVHj.ntC.tZ9QFg YI3hf50KxlTF
Sun Apr 11 00:15:22 JAJw90AQe9yHsNGkw5QkoaQfUfKTSCqR2kxZTb ZpfzlONt8AHUCAR0aCqlWtFmuY4U6y3.NJK84Xb64ElDv8nE1
2002/10/15 23:12:27.394549   VoxYrLeJcIStKPUiI
Fri Jun 01 12:13:14 oBRy4ZfO4WqjifQjFoVJS pF
Wed Jan 16 21:23:23  inM9IgsBGR4tG4oPh2eRA
Sun Sep 16 12:00:23   Iq51mUmyHgOy.qCXYisSjRGb.mEFG4so11I
2006/04/07 09:08:29.195679     NwYGllK9 wU9 WUXgqk77jwvAxvis qWGPOat6WEzgmaOW2xDtfxAL2U4kM6HkMTZRH.Nkb74tH.E2y
Thu Mar 11 19:21:48   mCoRG8txzOQ5IBSutP0
2009/08/09 17:37:58.720265  FReqIvxPbFUW268TacrQyqiTMmHrLv2mgeYxF0ZHcmUHBrr1E3ayWNr59HVW
2021/02/19 19:07:33.504419   soHn7XiQLOLuh2IQ40hEPDohejALS1q0MdMUEREETX6G
2009/11/17 23:08:22.587245   3weASQRqCYuQkHKsfUDH41if83 sUmuVDB3VMlAqf6YIODIJ3Tox7EYWR51T6PTpWCV 
2010/07/10 12:36:28.574517    qPPv18RTPmf6IStXYVZvZKNN02
2008/09/05 11:12:05    s kFI0fbPkDUZVbUqrU SsS8bFyJVd
Wed Dec 20 18:41:50   Z2teoi6mi86xhEzWGdYpgrIIQTWzoUawNfe4X4ESs2xgNwloNGp2YRz.65IQprSxrFYoKIVzqcO2Z
1996/12/28 18:55:36.38291     MK5WMjabsSYPljPFofDfdKASD6trjp4UJ3d
Sat Dec 06 16:52:51  mueFjN2AliRhU8lWbkcfGfYDp0Zk18XhEPbV11chUcQR8Db2mTPyK8EF7mwr6BUrPr7JW5H
Tue Sep 18 18:55:03     L8t951XRTH55U6LUJdurnRz
2005/03/02 17:41:50.749757   1f.v3bwVfDQANPJvAFvrfbxYGDei.MwabIOUDx
Sat Apr 17 14:22:34    1dljve2iUzjL.MzGKJZdq9
Fri Sep 28 22:18:07    S1bcM0vEpXneVrceHH4SdafLcIQKQ
Sat Nov 11 20:38:23  8fhCWDirP54tgN.7apIGn p0jqwzqt 4J.O4HAqLQPwMoCbyoQQUMD
Sun Feb 10 05:48:16   TB3g.GdZvA0LpWsBJqnmJEUKT89CEfBdIFTUZfPyp5SMYYCJZSL8q
Fri Dec 28 06:54:56   dTFPxRr9VkRgw.2i.GLUNdfOvJFlHa2Dg7LaY
2014/01/28 08:23:15.747045     YUiY0wmXZZPTliAy538y7a9GJ6bCUqhn61Hq5gle9iGCeCgA10CIMe4MD5oK.iZNd4pceMW.7C1ReawH8xHmJFHB919QGIF
Sat Oct 14 17:56:20    yQ9685mn 4Ltm6NRx.pw3oA
2001/06/19 20:34:50    lPxVDAhv7Q WF
2007/02/03 22:52:54.809737     yHAD3d9KggIYSzJK3nV12x9AF.Al3LGxJbUsGhBV SGn8uWMsF4U9npz9NUDjQCTuvCpcsHSPCc.QGvTuL
2016/12/25 02:00:10.350264    w0BEVElyrGlcs38o20B4cHSLHpQZPMnP3RLAeu3ETm7FJTobYRtH3mr95q8LlPiJOBuYiCdXcYk
2013/11/10 21:44:31   Kwr9RHlXjZcH6.zmFhJCoDclWY16MVc
2022/05/04 07:18:26.394808  mhM0n9Woj 2RfEgS
1993/07/11 20:27:38   gIiMjeqvmVPHFDtNKl97mnWiogL8.J ii
Tue Aug 12 03:11:03  C9dto8NySMBu0eRF3njFYMg80pIpLCsEfCLukgpeIYQZjXyy SOjCuCCoE97L7b
1999/04/17 21:58:15 lqc94.sqDVTjONL.Q
Sun Sep 03 14:39:57 MGan0n4EiRURx.spSnbP5bjwMnucMdGaEN0 g3jRkCOueNuXbTYLltelYK817Z46qx hJ
Mon Aug 12 04:07:12   E QpOI1Y5xELhRdpVg6wJtz0xJoN7J7YY8827xfCXnS0WTf3E4sMH4YpGlCx7vuKnWNtnj8euSo.5a
2014/08/03 12:00:42.344911      Kepcc5LB36mmkWg.H28lpScz.fd
Thu Jun 08 07:19:43  ZxuNBBKumJ2.q23WL0AHk 4be6UXoKE.736eloYH0QFEA2mL1qXsKBAXUan3YLDu28hcxSJckf.k1FUl7K4V1lSWeh
2013/05/08 20:45:24   .qI6HZZmh6sDoAjwE7N
Mon Nov 19 18:33:22    JQdk18EET3dC1ddIaX8UEj4WbZEacOFEd39HdGiHj.rvE6hIN8PmzGcy2KaZYG6bQFpIwhmiv96BK4nqPxmzi
Sun Feb 27 17:40:47     uEFTpxfEjcm6TchnxVp4F lQ9YUGEQNBFsm9T1
Sat Sep 07 00:34:03    A2K52Kjm2WvZ69vRm5203N5lOsE889XtI1qKtyznGUp0w5Ori6rnh
Sun Aug 17 01:38:41     mNjZ64IaNyCtxqiYJMvjQXAcu 0Df8ccI2KDrvnW4Gcw3WavqS
Mon Aug 23 22:55:57     4gKuVt3FuPBTWYE3JEHIwCPfB
Sat Jan 05 02:40:15  v2W6pZHFjXIwCkTggatZY6rcH NrqXWNOYjmrhkoFuxDbhUqmlaQavyq3.bR5mLAfnC9FEA37PvxGp
Tue Jan 17 15:27:26    pGj4Ay8D2aCqHP.hAoOHkmMfsbIwdy8GmzcG0ugt9MCFPlURwdDmIgIVaiV82U4li299vWI MNipN3xM kVYmWs5o
2005/01/24 21:47:44.467963     PTPs559CaZ5AbZTcdg1ezeA2jc0q5WwQt.Ehk4WFIa3AzPOyN92A2O VmJPUbqPDDvQhCaglBVbznK
2009/10/19 04:48:47.598068 UeacjQWs57HDUFFW3pIEPexj2L
Fri Apr 07 02:16:09   LXT5HvFgmbjdsQnc.tGTGqZEqbWQL oriV
Mon Jun 09 02:07:11     AExLKLLa3 ZjdUZQGWgd0jC2yqKS7AIf5
2012/04/13 18:21:04     vkFBx5kwMxARz8DIPmX .DnEST2jrdiYD3UBMddY0Y.yB0TdYlbrFccf
2008/10/24 11:46:51  FaVv8OIlCquFo JjRXFSi13md570PGAMjDe4aVkofbUQbob kUU09vfkzcbpyi47KfnAWyalzvNgSaRN
Sun Feb 26 12:17:43     urYwqm3AmGtaWnnU MUgazKc3AegjpZBzQOy
Fri Oct 04 13:09:52     88YsPYEyPlOmlH0gGKkxmt.H
Mon Dec 28 11:15:10  cLlghU1oDU3jAWkRjUcWJ9vXZFTBVqr1ITc5NJt
2021/02/08 13:49:23.31887     SPeXdoe5ohlb.HWKrS6ThJfTSohmxssIS6Z7EZDw.HozJcZgEpYvggFShUVrRx7HuBHHcbdDLj eH8SQjsJKhqj9
2008/03/14 03:06:24  iV w 2ugsybEyTSXBjcfcns9o4T30qAM21te9Dvbmrbp
Sat Oct 15 22:53:20     UxQ4Uhy1loG3s57b6QgqqnBElEwaW09iWhYKEOgj4be52nscihyjTcpY24gL1p1PYJqmH9nm3 EmxnnZH
Fri May 07 13:29:57     JyJiG7aR x
Thu Jul 27 07:38:25     Cvtl6BbUHFJGH.B0fTsWBJNcyeheOrbPKz11rDpWPq.hxC5kDx79asvAANd5OUFYaDa94NiPJFmazf4XUNEshUl
Sun Nov 06 19:50:14    RRXTGqZ5LUrkalw66.oLRj1oT7xObjH.5gaec7oKWDkfdd6eh9IVCfOkezRFmXTfcEIF4MI737p9
Mon Aug 20 23:15:52 KB1VlqZHCsDwAPTyG7kBQpF5KIcPnXsTbkRMU
1996/02/02 18:36:31    qR.KUX9LlnKstI
2002/01/14 09:34:46 16Khqbpujxm8NtEKAyR EaMGUfpCOOiiJDClvMbn2E64iVmu4MUYJi.3ohcdoSUMB869KmtEOPeEH4IJUwi
Sat Jun 20 04:06:12    00KiVc8Fd7QyMQufMHYo0K35Zb2cjknd0IlUYr2UAlRXEXzsYH4ZgT4.ZjqCnhTFBWhi4ohX6ZW
Mon Mar 20 23:40:13  BZUWuDv8 0CJHMjplPXdC5CkDTE3Ba6hfxJoKMS9MGJOEEmUQ2D d73GZfi7L19azaHYYEb7GPDw0jkdHhpFtwDLk2aq
Fri Dec 22 23:21:40  2EPrPPXcbeFr
2011/03/16 08:41:54     hOAk0bErYn5FkQUM9dFZjrb7vKnbnbWfcxsp1F
Tue Jun 08 00:15:58    JfHIzDKZtKNSAbOtNoLrM0LtW3H290WKeWAHYFvnL03qj
Fri Sep 26 17:10:54  ibKTv2xckoYEwfQLZwkXrhOdcbre4m6UtlbJuHBa4KdK yC0vQ14LV57RXyoH
2011/04/02 08:49:53 vm9obYlhxjBb5b8oiVebJx54UIcE2y Nj6Q
Fri Dec 15 06:30:47 m hQX28ks3Sq0ttwARW7nEww.GzOALYrGC600uj4KNK..ceM
Tue Sep 06 21:04:16 OHKROwxe7wR2BH3AcjpN.xOSNj4I2CzIC4PTX5kpVfcDps233jL0K0J
2014/05/12 01:22:05.553194    z9X7bcVQKB5mHE6NYPceO sTJWtMd2M
2008/03/14 17:12:51     nG6NfPV21lsY8JP2LL3.iKniFdD6rexM
Sun Feb 16 02:05:51  Rasinxlm5EkVbUrw2ZJzJFBaGR AmQeuZ0QAX0SwjAM6pinG40egn4IsvMmJKVfedKp7q 0q.osC
2021/08/28 13:29:13.376108 abGJ.3.gGW
Mon Jan 16 06:23:15   yUdFPMl2 O6GGuuFMxw0DoA9mVPXvOEe9zoPujqIs1ZGZ7fEyBORGyyjK54nszDT4ltxAc ERBi5gd6SjK
Mon Aug 05 02:47:53  u2vq8FrkOh7mGDydKD6p4sJ912FdbWIilaaCpwtMS.CmJkpy6jyJvuFRaeMxQYTY4Q5oYV.8FBWvGk9 q2ycLiDP2NY17TfdBwQi
Tue May 20 12:49:52    O8it9Rdr1NN9x4V9UZjAB.aUAVEY1KSVtd5hE4FsGyfn7hCtNyspSzbUP27z368oCrmojYe0kO0L.8yaKfM0ueal7.hLU.Lk
2012/10/12 04:34:18.928589    MIK1JNQtErMLLQkho5vn2
Mon Jul 23 06:25:10    cjCQPrgLiPFMurUdNBUnB8R7fqtFv omFzJBammk1FXlaSp1L0ZTE36Az0kzbYgC2pA8lZxBkKquWY0b4YJ4mDZ9rqvoF
2008/08/03 03:43:15   ae3jBuoZUn
2001/12/11 10:22:55.177991     Wkvb4XMi1M22vWibYACv0XbS8q7GrS9be6HWIzDkmBFzZjXTgg4Md2aaJ.d6MfNyMyri7lPlKCPH6.mqkxWmCQ2BDx
Mon Sep 08 15:12:38  IsR.FaY26iWSRw9l6 GfrTC1o2okR.fbyU7eon8hU89F1k9OItmvvKo6H
1998/12/05 03:36:22  tk8bLqM3YI
Sat Mar 05 20:33:23  .vXmGXRxNNzvS 95K2GFzvRU1XCK
Tue Jan 21 07:07:33  29IPxwRzy948.N7VPdMyIj0bYQDb
2005/02/01 04:25:58   Y.RY.5v.ngiZ.PdSEoxDCzv11ZDK
Thu Jun 06 03:48:05     G593ctTYMPcZbJh9cwREYr
Wed Feb 22 02:26:49  czeGT3MfRxEVzUfLjUdA75GqSg6zaeASfRNRPlrSGzdHKR
Thu Jul 09 18:27:19    5UJhUIvtRTj2PmEIXMnhlW0ek7Dns66Z9IyOptVjfqqyBzeMMpTRJxkiRKKscBlC3mjeV67ezABGWwEJTKl0dEh0ay
Thu Dec 22 13:14:52 HAFxfWtbNd29IMqXHf8moUOrNCj8czsvCJEmabkwBRVtN2D
2017/12/07 01:35:21.533689   ZFOjBwqLmj03DsDfxcFEIr5LdzV3 LNATBQzJ1ZQct7ffC33tD icSk4Xq4D
Thu Aug 13 08:38:22   isZfmU.Ad7yVuhxrZQIDJ.Ooh208ZwA4C3UQHGq9Kel50PmB0N4J2235A9Qc11g0
Tue May 11 07:55:53  ANLgi2vvT9LYNsOuuly1dFu391Qch9EtZEDpGa7FFAeKUrNciA7iKsmWmmsmnmEGv.DG6OR9Rr5vvDzcBIVBGq
Tue May 18 02:39:58 xv 1ybUwwkr7jibop89BnXxdQYAuFMJrIBKcJmoJEMmzN39ziekKuQubTG3y 5hYDNB9jN0BhTyz eSf8X
Fri Dec 24 05:20:08     GtJjjCfkNGt.xkivnTudfVefLyUFmVqJWFGjQvmRxI8vB2xfkCmU
2002/01/23 03:57:07 EO1FkaJB9JEz87HOnSQxWh6zwvv7Wj4B1VEv5ORGwCuQNFftzYHVcXviPOL.WrW5LTTbvy8z1Jlr8Etpp6omzpb Y DdT2hQAWzl
Sat Apr 04 11:40:20  XkHiJcUyFoMkxbxB0QnR8tysbQ9Ktc4A3S7Kf3wCYIdu vCbxT9IiIlZ.okgq
Fri Mar 09 19:01:53     pmei.INsECd8I m AsttlUIMsdHt22DiIaaPdjMQHKlYFgnQVDYMl64eGTpf2vrDQYS1fv8UVdu
Fri Jun 02 15:52:36  QQZjKKlT3.SmPyQOTLk3StaKoepIMPz0BWDNMnJaOCAPmMghufmcwezbX9RJ3Y
2018/06/10 10:22:11.494758     UHDgPaMeZd5Ly1gB7uiJ9RdPWpmeVK8T1ovK2WzUHIMgsyw98Y0PPA1Lcjh2i x5GvbAPJFSiC
Wed Jan 09 01:06:34    iahS6A6wc 7S MrkH8rRbgdk4 2oMQSH2l1XUJ9L4T7Le9lQLws7gr6 A5g 
2017/08/01 15:55:29     AE6a3hv3FTEYTH86DtmEaY2Rs7fwDLQD0sJuXgnMSiGCzIIMuPArLft
Tue Sep 10 18:47:13    IQv.vznSxL73gogiIHU
2022/08/02 07:44:24  mM9WNn7.7xdi1iGLrZoPB5uXzesk9mlscWfkxliZOjnhlszpXJelS6k71dE gVS4bgQOEgIU2vlVf
Tue Jan 25 16:49:30    p7XrByUTUvHVcb.mWJ9Y6w8NNqb4Wk4RmtDDWaEGJQaJKgDVV3Rw2ObmXVElDegTihE.xq96rjxoHHJ.AevqgT77BdEvOmZL6
2001/07/05 09:21:32.133856   B57IloKTELiXJyNK sdV86PDTEj51dwMZsZyljh1.Y9Ph.9.I8 wJANXheHiBpTPrR482dV2v fEo1M6smXAfCBrF3TXV
1995/06/03 04:47:37.940094  birkgzzdTB.A5eb4uI7wsis QWWDF.WxT7hzK0UqhzRWHtY.
Mon Sep 18 00:08:31    YV8rvtskPcTcPLS9TvllpUDeFWs4b 4 GN9zs6VRRK
Fri Dec 23 09:34:53   TYKoDqvNuAK9a
Mon Aug 16 00:03:38  UXD8I5A9e037Sut
Sun Sep 06 12:24:38 JsPqdz8RtOzkIhaoIZ05xntb4y7GyHXHw5j R
1993/05/10 04:26:44.900435 In4h98sI2sVcxiHEKAdEzCVIvvg.ARrPyDZsb24XdWUZrcCOqXKQO6O5a4Ciz4ONIGDxH8hT1Yir2797hia5WCEzwNbg
2022/05/20 06:34:55.105454     mvWErt560GUkoM70FwTf2PZqY1M9wYV8izwmDB6Lxkf4p78y.tAF
Mon Jul 08 14:06:22    X57J5QYB2TQExAWZXeW
2020/08/20 23:39:44 jICFSKadf2Hvv3FUhS4qc9pnn7XZzYOjAyvL7dRQa5l7Ghr3gssedFSK.hIMj8Gs95 cXi
Fri May 23 17:23:20  KInsSo7.V VQMkNYPdmLF.gUu4bi 5sXCtpUuaNJXHdlVkIYZwNkoMtcGTxi5c4CkSFyo0
Tue Jul 04 00:19:47  PJNQOeLqgOHCkYRHmHMKofe38Rsch0g6Dzet0N9rgkM6EQB4nxRoky
Thu Jan 05 15:47:52  qye9XiniE1ibe0fjb5y3X7oMeT00PlGgGSZzPDKDubnzjzdlq svcV9xzIFoKnW
2013/12/25 09:21:01.183124   YNsddWlaCLxBKsgs4
2014/07/17 20:22:30 zW1HaLfyU3GlwODc7ffy0
Thu Feb 13 16:15:36    unaWPQ0PLqO2mi 7FjR0sxqXYyEusfWnS58YBMhaS 2GJhCa cn4RtBQxMBJz yeuO2Ve060QDidBv
Tue Nov 11 22:57:55    xc8ugT3T9jfT2SuN4.ysmCy5aLu.FGjYN4FAfTLVJqmTr7UKbDaSGhmXVi4c37Dfy8LDuof 4qQICWkIMAR1jTOf5bqGUir9pN
Sun Jul 03 15:18:10    rJ1SzTmZIqKdB6j33DWyMrJSkuN9NX16 tTKQ4IcW A1x8qkBAlcjnKzDHu4Mn9GBIZt1Dp35R MAtVevD
2012/12/12 18:45:11.171908  .6mqAUMzevfpBkBjvn1GkPVbqPEOR GZcvdx6PiiSm3aRs4dFWG9wMfxtvVSBoJNten8ECM.54nAtCK69VULFBPc2Ek
2003/05/11 05:30:51.320374     RZUEAshbojg1 IamhZGwOevOOXVYN9htmetfZeAW.BIV9SbQeMmjkxb83 Ovy6u1VjmL2C5S.0iXoPEeROnGy
2019/05/14 15:13:51    dKYNLSFR9GziSC64r1aVLsjSlxhvTuNTMBQ8F8PsphRgdxbxjeA77il32
1990/06/27 14:52:09.505630 .6LkdvySUxy4DN or73J4vGQVbiCBCU6 nad.WF1MvGCwK0mjp1hSBha 6QxJSeCtgw1y
1994/10/17 17:58:48    RZerwihl6PT1.83CyX5sYN20
2019/11/04 01:11:03  v1B7Cp.s99r6R4mavg6sGtxDV3rgCs4hEpjQC2witejrXEy2twL50e13XY
1995/07/16 20:58:41.676067   Qh.gUY0tqfNK7WjVwaAr4pz69b3di QBWVw3YseJ3lOrf8OT5SEOl65bZCg3 C90IyW5
2012/09/28 03:09:00.471024    i33fHYZrlCJ6GNrW2OzsWU71LSCL8pE7rzaZNKJJxX9N8Waz.UTj.5UeRP5XLoeU5uRoxu.m
Thu Jul 27 19:37:36   zr1AOE72MIpRnHZ17epdel8.hz4M3dof6
Mon Apr 07 02:03:53     2q3eLRaocSTgv1
2015/10/14 16:36:36    YaZAkjmf3tM GXD.AxWn1dgzKzUMudfvFwMULbK
Tue Mar 12 10:42:01  tpFuvn6D79q8aDhZHVEe4ozmpEPKqAWSfDwtMI5us
2022/03/06 16:19:47.644940    2SqgTkwXA 2kdClsDHPBjtgoSIyjH. YP1Q1Ze vqAHTWW
Sun Jun 23 11:16:30  aYpN9.xwJpe9
Fri Oct 03 06:18:04   CqtJk8aqWi8zMgcKIWlqrMKHvZY1a30mEgSpKK80z2JbGKpLN8CDOZJw24xcCOdOQusoKv
Thu Mar 03 08:03:58     FJmpZLvOjtjAViyM16DUejqnIVGQorMAMEY7SvEOhc.74Am0OIg68yeEOivaeTwRfhP256Rj
Mon Mar 13 12:28:04   4Btn50jNPaMIy1eIIqjM3rpmHM 8k9GVJ8DltV0ic1QFw.fJXxBT70i4yDn l ZZQCkNJSZkQZIBBOLv7NLnexI2n
1995/08/06 01:31:33.946906  qNBk cPqFCpX5RidkvM hptxlONpr
Wed Oct 09 18:15:36     ZhdCrKiY.3YLyZwbruY4ZkS28uwbfKQIkX26tRzqJ4aMcnYeJHiPNO0Jpk6OeX
Tue May 27 01:42:03 uEObOX1 lNSuIC1Iw88hMAwMzF
Mon Dec 22 02:19:55   jKFk n95Fv.7NWjEEQ47YKXW0snGU1IDs4vXHJAFsDQQIdiTnnnOWyVpPSDvVwsmn95fu3Me6ThNXrq89F8EXyxiCQ
2006/08/06 01:18:42.596355   HN7dXOxWrq9ZWLpU63PtuExpfGTqL5DNTno12JRVPjcVf
Tue Feb 01 11:52:52  PZ1wYxrVbcEP
Tue May 16 21:34:30  UvrmXtO27aZ7.eNlQy.YgZrO0kX12DNP97ZuioR7SQzSfYQAwK4aaVl2LTeBzACGUpGc9BopFY24v.RZNG
2008/04/25 13:47:13.370272    0eDOVrGITZIttV9jRTj434Aj0kKe3NJbGaLbL5iyw BvZYIwCOEkiLEKX3mla4mZmL35Zih
Wed Jan 04 17:14:03 oHCsk80Al6tN
Sun Feb 12 04:59:02  2fdCf6LbKUZPNuN71YpJR.Jgke9d.f03
1990/01/26 02:37:53    3nB4TVuRKduS ROArivV7yGd4I7I8
2022/02/05 11:09:18 FwvKHCDSvL9jUA3Indnxhf2YFHsjCg2OO6CWDIPUusCPZ 3hwhj4Go8jGaUNLYAWh6SbcwjS
Sun Nov 09 00:24:43  Z9DXFVLS8E23YVyGWXZbMjGtH5yLkDorMH98AouZ7LO6YZBdhIox.4 vvpRMoEF.DWznYtUJab 
2005/07/19 08:37:38.399458  C..f9CBjeV5I6d7J.3GE8tDP2514l5ihdZ0juTtHYeBm1eRl
2011/11/14 10:36:09 f7Un3dFt2J3FI9s1vDCofESa64HvAArCpaaKcvsbyqu6xILs5jaOpA.fYi4XCK4y5QyaXlldjHb9KB4
Thu Nov 09 02:56:09   9Izl.f7gjG6rMTz
2015/06/04 18:51:25.678719  zTIrEjs4JpnchplgBOUq1Qw f91u7hw58WF91M3X3nQXwgf 4IsJvMOFm
1993/01/06 11:59:31.654959 JzeCCw4n57bzDtfv3wODC0R5sSh55cmv2QCZ4G
Tue Oct 26 09:58:04  U8qOWPMaQtf6N2YqEE.bHinTHqfOQ pF4IJ0rQeHqfCNd5HFj8ToGBPY3tmXcIV7beW3fi
Sat Aug 15 10:41:57     k46CFLTtMng1mHOKFE9obGRiffjNretIOKVf5voen6r.qzXgoTFICAVyApo5N
2006/04/06 13:18:36   Vzwnk U46NfDTMPu0koCDzY3BU.E8nJDFvuj3U86iDb K0d5cO.0Yi2ID6MDyDtoExcX1nShOTh
Sat Oct 12 01:05:32   3O9Bqam41 .mxLTFibtuWjozYJwR3w1XLWJ1zSI57CW2iUqaTy9ID raNZTiSfXVRijEcUluSUxWmw5kEFzY7
Sat Sep 20 06:57:19  vKAMZmYWQVCjqiMavVHPFcjnZgBMhQk8m3usBokTtUsTmo9cPXtd09ydrxDxzncNo4Ylz7xJpXcH9lG
Thu Jul 04 08:16:03     OP74gLEq.UoTYhLARp6sqyQqFn0C.hrCEnxqECh3AVponwuNtW0rKTRQM5LUHyRbiaRk676dZseId5aGYhbQt
2008/02/15 09:21:46     H YAtPczowJ46dw VjIMYhp71EcT3U8v8.f
2013/02/05 17:13:57.509684  WeLSJ9SM14Dm0e6YD7qH
Tue Nov 25 15:11:47 c83Ek3.c9qL2kyjgD8qaGE01uNbs2hTiPDjDWGWY5Cu9pksiRCBArf6p ZqtD N6gN.PZGBYNL0YIXwrwTCvOqFkAaib
Mon Feb 03 13:27:49    y3UZ9xlwBlHpBl8wbydHoRyivEIY 4A2Wb2no.1vbSCRKF73biZX
2022/06/04 14:34:26.669350  T9Icx4qchzZ86 O0prYezzBw1qGPV4b KrCU7Z4GQBnIcjN.jO.rG1Eth7Q..c xUiYS5F.mR0bfL vD.vpYJL25
Sun Jul 01 07:58:10   0ArpeNo0bIL1fjdZP2HdUpPMmFWZTBrZYc1ad ISZ1EKcfTRwop9.olhMDhqOlKtEqi
Mon Oct 06 15:32:39 oiBVfyKXcI4VxCdyP3FaojqepLWOi
Wed Jan 27 23:25:40 iAhRuZ4C0 XNogAWj6ggkvdyoaiEYsxudMCGeberJFHt YrInWxHxV6PO2cGCo779oB.RnoGsZm6ZSOoII7ohijNnCe0
2009/01/27 05:57:39 7bjvoqQ0VfsGRLHPpPvzaMLrSMywIGTo8uJ07JC3NEmNLTrAzdr7.WshcDWDESKX47U5nHhfNUy0
Sat Mar 05 18:23:58 9F2T6KLyLBSQ9UITz aUPHUpsuW OAxfJlprI.Fa6rryoMb9B4.A5b8b3.Lz3Jl1EX 24PXpW4kNF6aMTiry V866w
Sun Feb 27 00:46:09  hqbyzA.rCNPkXKfCUmdVcnjjbqx6WRJQmiCmA3FD JZckBAhok5g2r5IFlDPWP
1997/08/18 01:14:15    kEGqtC1stgQW9Cc2t972d
Tue Oct 20 06:41:55   p4lwujPM rv0T1S8Z7rPE6forfjdpnePDtRTIKll1pYTeQ jdgoALHwMnSOF.bpk.yJXRPJHx5QTSSQw4kc.
Fri Oct 10 05:46:13     SP6z2zNclF M6vTWzkBsSvBwFqShhUPn5s.Ms Td.w8qV4bGUSOTkeLiY9d
2000/06/01 11:15:29.743908  gWCD3YSxRLW9kzWOQIuIktbXC.E1oH6RDUslY2SnF.KqeFEFBhTBOsqHDuovwoaXdOeVFuBM4DERhle HPEscrS8spA8qmQ
Wed Jan 17 13:44:05  S0djzmEpPSU60ZkPD.1t0lu ebpDU XB5MrYSuvGTmeDwVVtEYZ9wQpHhi9rLpJag.ojOG6x0XIWGgUcH3Jbcmn97bVpRqh
2003/02/20 19:57:26.900996  VX0lXBbWz4VvlWIvD7wFj4WCW7yzaxkYgTRhi.4atfLKn3Fa83leuC0CCVFXqnjEbpJ9bdH6c Qh.G2DjglD.78xUb
Tue Dec 01 02:35:25    ZiVNEH8SSK2rwU.bDkmBSd1Zx5SKrVr4.kjxRCRyiHAYsiKarHCUh0q XuATwH3W3nX0t2NWQ1
Tue Oct 19 16:29:40 5rQrPfLhKTlQD UlsQYJQakXP9vX9rioBpLbrC
2022/01/02 09:23:23.602544   3lBwD.s0jbebswH.r4HRTeiYF5TdJhGXZSL91fnvaHsF8Z6
Sun Dec 05 06:03:57   1DhnnBaMFvMq2d0q4lGXfSW
2011/09/03 15:58:04.262378    ThKasGRKI9UZJkC7Gc  W8TehJSbK2Z
Mon Feb 15 09:12:07 uCJ09vunwtShcBNE.Tku1IqyEsuMTD8G2.SY6r
Tue Mar 08 21:28:40  WNo3n1Y.RTq.KC9GvW220cTcK7csrUlZsAmLISWn3kwpEkyKxSp5Jha0AzYXhDHokE3L0fIYzdCggwxMveccE.B
2017/02/06 14:31:13 5Xbt4 pgXVg0NcPIrbl4tFics5
Sat Aug 06 06:31:13 2tZeWq8XEihgkC6eKZ.ipYU1au0tkRxojmRg
2019/11/25 17:41:37    JEd9ytk.UNP0v5mEOgSxLJW2uBv7u00mXgPhc
Sun Feb 05 20:34:29  UGe2oibdLanVczodn yX6XIC9Dk178SgGXFXbB81L5vAMIC6M91xpZwYt2UJ7jptQud0gdRZQ1QjQ7vzVi
1992/11/22 21:06:47   5qdx97aGyv
2002/02/12 02:39:02 81BTogMZAV
1992/11/17 03:14:02.709438     cQtixmQdFucHUVEnW.u1t18RcxpFRNTmuUntVg4jDVnnCYHkp5oA1eOsJxPZSgp2p1grc7yVkkrDK
2012/08/06 08:32:26 wu48n8zRA0iQCCet.ZuD2sHcJ9QswV8DXg6KI8evntabv4YaPGpwXmzUfjV 7RhywJaCmjIHS2mN6de5QxQ U
Wed May 08 22:52:34     t0xiX8WjMhYhDqbSuGzQlhPYzi4PgGQkgKlOUDlBHsAq2aRkJQvHNq1TpCkauoATot1HI.z1LueRn..6xB0 NUTrQQvIQNXa2
1994/12/10 22:54:41.889732  iCaRjiDzA0qL8
2019/09/06 08:19:48   PD6d1VELZJhmfSa0FZT01F
Tue Jun 26 15:20:05  kQFlbidnxzsQznRXqeFc8XrgWwJ2ekwTnywwCKaeaGws59dTRXv1W432..ggdzuDUxQxmFJkWZkpbzljh6gvHDVi.FFc7pY
Wed May 01 07:22:24     M3JvGvWCKe3PlTMXSon6x2XL9rfs2TS.m9u5DHKrHMoY
Sun Jan 12 06:42:24  I i qnYdifK7CWUZs8MesmNRMBtjVHXJIFIyTUW1PdWQQhLv8k Yc6KaggZ1x 7bBECxz
1999/12/13 01:37:56.620260 Lj9mg8ESWRGsG7 DCJj3nBXXaAr2IzaQMpx8Qmfc6qyLjcLlc.7lx4ty89YCZA55aDVVi5vCwfn.vqFYA1Z7id96zPj2mZ4boY
Sat Apr 24 20:05:38     BnG RPvnFgeJUEnrlA1r9pQFuLDJoA TdVMosMS4k2qF
2020/07/21 11:10:36.111196    9ujINMm8D .iyKKXguxexcGShbvyrc0KP2RmaJpE7E3OGHbe6R
2013/02/27 12:30:53   43E8k0xRCUCKJ3.9yxv.E0boh809uB6Ro UNgkdLE4lfeVVKEOT03Yu6VSDiX
Tue Dec 07 09:38:20  3JkOoKRhdf7ruQwozMoaGFDEZJ8qOjsFXacgU 4.bAx7FPlALj coHZ4pkyCN9
2015/10/12 09:16:20.715819 NbxtcPJgK0F0vEfr15PCntSvD2lqdsJobn
Sat Jan 20 18:40:06 EzFgtylvS hmRGY6wE4JDrNoi2znGKOlbhWQFC9m2dbjnpxvLiMPN6tkVCsIG3.t2PuGNNlt9Vyhpy.WF8 h5vBA74Lt
2000/05/16 12:59:41.518204    ReS4JKf15h3bYmWdMimav
Fri Jan 05 09:42:50  cK5mOX6nJyq8zUCepLE.Hww0wrajaTrqVp0mnbKOtIRRqdfTgX9
1998/12/23 03:58:17     AdTN862R8rVHzN7Uyf6jTHNqKCR WaQAK Ylw1c91pHW azvUIgWGukA5wIk6WjkPWFk1
2013/01/15 10:45:14   g5QkNXeuZs00bSewtkQixdfn2Zyo0c5RuM.uXBN2K4VRP9HgocSuvhryAAAqouKNgFdCjxy
Tue Aug 28 04:57:12     gZ 7WNjeNHRsqgQZNFcaGUDk.K30qWGTTBjRtyrMj2OwLMqYO8WHq.5Wn g
2004/05/15 19:14:24     2L4mxGL.AwHMfh.i
Thu Aug 21 16:48:13     hJURJimV98BNZmJzP5WWTyweNwfYWYX3cBybKfeM1A9GfOg
2005/04/27 17:31:09  bN3EB8UiyQ7LkL7hXXO PvYrZ0Lspi42a1AyP5x0CTHWozGmDxScwC
Sun Mar 06 20:23:03   s39CdSAwMoaFKyA9emJDg45ZHLpScBHFPiJfPqgb9uQEjJ5KVr8WvD6ypdhxiCZZSv2iTj01kXcgAWrTurkCNb73QVLKDgouU7 
1991/08/19 07:26:54   ZvtThQf8kzNcbej9dMaSHN5LLRajA1Q0ITCb58B606QTMEMWMR3BMO62LNTMXYbBG9XtDyVbw7 L21a6Y6aLdJd
Wed Apr 15 02:27:35     ZLEAWtVnH.KpgFxltg0F3DykixIE12QmhtJ0MLBMeBkp2ujDsiPquDhzhNf7WZz.zV2BwkWv4XnKMsXRecp5ST0pchtuXp7ntc
Tue Jul 09 02:44:54    P27xTleg gl0jYpLTBj9ficOPr5zTQ5OME
2016/04/01 01:14:41.158984   LsBfKdDaLkBawh3wYdfhlLVRXlH1o4MKja 9W5CMCc3Ax7srTMPVeH GaRXXYZYJSSHamJh.eEATIeP0vP
2004/04/21 10:07:45     v2F8DDQVk1737rvYuL 2K4Vw bpiFpVEroj0oCdBo6M5XHrIvCUFZnB0e.WG0hUyHuPtLBhQCuJthqZOtsT8qRyK
2012/01/14 03:26:58.688301 w6lCFhcc0kOHw6vlYqvnJa7e1eFfP.mlFTOzZrhE3LVogMDBxrfWOgDpTkYDD5U9iNSQKgPku48GfvXMSIAL5PVa
2004/08/17 20:54:04 qCxBw0vjvOanoeU9
Fri Nov 08 12:24:45  hoUKo5FsAxxCoBmVhsOmpYAhGo1OAIqQoW40ssxMNbZMgez 36k0xoZm9jeLdhEaWo
Tue Nov 02 14:10:33  7wDGPtf4NWSh3HINvWzw0nJEcYsgsF7Q2qSU
Fri May 08 19:22:44   R1xTEByTOLF59x6QUgyHWhKKgHfLqdub3sp
2008/01/14 11:09:53      Ft0wGBQXPkBDjvlhnjDMSzFfeIdkmw2yKWpL7xEZyQK3t9uXtzazPF9zuNXD5 XhEEPVRCWfZDuP1DMdRC
Thu Jun 24 17:51:04   HW1KpKkZqNTjHshLmoPRXSBuM4KiX1x8z8M8vBJFgGF8vabbJmqDNCy2.kmt
Fri Jan 15 21:07:14   .Sc7ucivbfVfT2cikNciguqxqrlXP910G
2020/01/07 19:06:37    6WOpkK7RxbEusdZ6KeuRcyomfPfDxNK0mW1B25nLKM0F4.Yd08SNIloiewtFKK1KAwKkTGsEhV6QAiLDZgqLsX0OrtXB10
2015/06/18 17:02:55.162730  Y1p6Lz98AJdR
Wed Oct 02 07:21:44    rAlOHGRSC24hDpAWO4Tqj1lYRuxmeCsQNiviG3imdWOVv7UoFn4L7ee5rCOZ1J
Sun Aug 05 20:57:12  6 mwX38a8jOJLwPDYe5eAANqzmDEl5VMPlct.
1990/01/22 22:01:09.630417    8na9mGIOyywdxTQRlJ35XYod5yKub1TQnG7vayG1zfA1v9o0iozdn19qw8K
Wed Aug 04 14:22:32    AaAiJ Emvy9aNnPDmrL3I2pFbdW7B.xYS8WQ2BcZDfhgVAUkU BTWHmYvrfw F1WPaVpWTEvnIslVV9Uj
Wed Jun 04 09:38:22   dr92tmgwVwGDg4umwVjAMuNJ0eBWx4lvU04m
2003/05/16 05:04:25.703754  kIrSVgHsDPNQOat4zmr2iDNHeD9F6ofe2HK0IDQRSNvGivh2Wj BEblrOlt00ETBDN7aENvpcj4cOsO
Wed Jul 19 16:42:06   OPhUr DgX75HG Ikr8HF4r67oL2LyaTw U2rNbxq3WK0GqqyKbjaRwaz.Ryp qcBq5
2003/09/25 17:01:06.966406  6qCKM9kRKeNwlSuxPUHny9nQ4Tc WXxoTcsABpbhT90tTYSIA
1998/02/16 03:45:24.366932   pt2 C6dbWj40hCTqaQP356Ap4IRo
Sat Oct 04 17:17:03   5DB5o7A0Ls DsTjuMCuAhCRPQrAirI0493r7OjhOE p3i0VJKN rOJwMRTgp1
Fri Dec 26 04:20:48    yoJxOtFcrMeWKU9nXF fD1KfGqIZUxo5k1z3c6R3
2014/10/26 10:49:17    3KcOXS730qCFpXH VrJIlst5vKwxeM1jb9g0uidJmTqlnxk3EQeZHvPR5w9l2ie7sb2NOCefKqANhor.ay6S
Sun Apr 04 07:53:03  Gz1SgxBgAI2acPwK9iBYUCoJXR5SD9 7AGp3xvGAxGH4F
Sat Jul 06 17:04:46 DWv28Z4DGbRdExYGMSfkAvWImRWXWn4ZKci4Y s0bRpMQxKl1AhHznPuVcufWL3pGY6wwYcXZ7M96dTJ0RQhrmSYyX4x
1996/08/19 22:41:10.738000 HiIxqhx0gGI.LLEcC
2009/05/04 17:47:32  ht77BIY8JaZo6PQYSNLDy4aeK849b0 34ppnUtu20Wb6 h54bzt.bwe1
Mon Jan 13 08:13:13   HPtSIiqfmlWpxS2Bplgw 6GoatM
2004/07/03 22:13:47    PFU2JW5HFuRwCYNGvTxsv4PM9GUYdHkSL1kcH3SEe2s
2021/11/28 09:41:47.652086     9cUVMCrpNhNGkNpYbldTkPzmtsqa0P9JWu
2018/08/14 22:25:25  X22rF0FSh8x32fXkTlaG4rPta5wZIPn.2o2gEFRN7eu1uX4T8zKQI0F.klnD2DhMTsKnyNUMcv gaPA3wPpiC
Sat Sep 27 11:39:58  KI.B4PvJxWz0Od
1993/08/06 15:19:53.166373     SeiDdBMtlY2uBiNoI ZumrZAyyFV1L49uDS92q8iiOsO
1993/12/19 08:42:09   yL20.njpT2ZQ.tjIrO.IschQKfI5rmZN5mHB221paRcYHSwwwKgkMxWjZ2Fhv0ii7daWGDJ3aIvB1JDQW.6hOQ BQYQwAFQ
1997/11/15 13:39:22.389230    eXbO53QRM.YWx XrCTXxmZullaqITNhX9uGz7fKZHsr6hzeeQu5JWIZve7v1Xgm
2011/08/09 19:58:58.107986 Yo9am1QISnrmL3dKeD2JSj7T5O196ZnMd5QiUKl3YuRwKFyo.YZQrpyqCrFxdjgd2OJ4UNgRgGU1qyRmlX1tOFfZXT0f
Tue May 25 04:22:59  ICilJOVJEkgxwFcjO
Wed Dec 14 20:09:14 Sr8ra7MPGIvf74kb8wMtyn0R0jGQsoax5BKtV0ZFx5eLuPS99PCSvd
1993/11/12 16:28:18.796204   RUf0ksfX0P0T2AlHB9C1EBEOkp4xtObpVDV6hR 4PYDtnK0CuXI9q
Mon Jul 21 11:54:14  KOWq 2Gw6rc00RZplCOL1UKZ RMoaXzfqSBZ0rWn.AHJccvBQp7Ys5X661.zIHUxvRWVrV6OTir F1
Wed Feb 17 10:36:30     skgS4ujRTI6.xMpWTxSQBF8TSzSi8gLMYf6nuH.m0Zx
2018/12/17 10:24:33.77648     2cC 1gYDcM2DvgiGM3qf3usGKCrADwc4rhrQGv.Zxd5Lbgxmq12ueQoqvpH6
Fri Feb 10 12:40:18     eihK2Q letW9emxLs5Yf WBuv.AUagbIe9UOHdB0mF6AFRR4XIMb5qpnrZe3htNtGLRttMOLOoZiLRoBthZl MFY9fdtgn
2002/01/07 01:52:36 pdLfJ7qa .EIFl1WDyjpA8trJKBTdorbyqXaNF.IkWmMGwUGnQQuqD4lmDDH
Sun Mar 17 09:52:00   iswjmtUQcmN2kjPe0U KouV 3Y9gPokZfuhPoMHMA0obD2dlUtLPntfsw.Y.3vdaEk6jwBaIZnVJAaVnWHPC7gXSUWGLJi
2009/07/28 23:18:43.164751   MKJbISomZKsvTeEH3
2017/06/16 03:49:47   qi5dovYj4iNxUbtjBdktseijALWFv W8NVZsowtGYSaOJtv GUBVWOlhiQgZUS95fVet3pRRx1NPm4gSJik
Sat May 23 16:05:51   QGSDkBkWoHkYLq2jF5tQgQwrae3NxNST5C5lECzAuDDhn.ZqRkJAifflyfcb99
2001/04/18 14:14:01   noxnt62ZhTyZD2klCDUiVXpBjjnErZtJG1wtDNu5u
2011/10/06 03:02:39 F sXTtoEjo3FJ0yxQrgn91WVvL2SfPJxqzanpByM6l7GTJ0tX5dbGKbfhEZpivxEHk5k7HGsXNBm7Oxnz3
Thu Mar 04 07:14:48     Lc1yPdo4caarbq hBDF5yNDz
Tue Mar 22 08:15:46  89 N2E3Wu.dLc.N5eRy..Xf
Thu Nov 03 14:34:40  hQ Hdn6myS4wFG22uOX43wvOyWmOT8HL2hzvJxc06
Tue Jul 01 13:51:04    YBUYE.dLcwouMkdPKcge4bEaU5SR5IXFyhLH ICQAp4RzQw0gTuViLgQRw5CJWcc4DzFz55L
Sat Jun 10 07:15:02 SSaoR0sjJ6l7KftZNLJjH7NnKEFymcJT9QEnAJ
Fri Feb 01 07:51:20    G2 HpUR2w1rnkO7V6eR0 FMNJWIsG0NJKnxbCdm73C9H.VqPnu1dG
Sat Sep 10 11:27:00  Z7DRIxl0D9s7KqMo5QiOZifEFwfkhpJi68nGzXykg3zLCSpiAa5oFj.iEJ
Thu Feb 17 20:10:40 DEjircBhbrB9Agc4
Tue Nov 26 08:13:39    nY7jCdWTrkexNM3HAcTwRIDSQCp6nWy3s5
Mon Jan 06 03:51:43     Z8FiRYJSnyakgsbgtk6vLvjxH5l N2FxRyFtaunMu54
2004/08/04 12:29:18    ge mCHjw2q
Wed Sep 02 20:56:25   eZMlUTpzGtuto.11Jwel5KdBhFJq0WFAoFlC2aPV0q2Z
1999/06/17 10:05:00.490175  ap9KR.yRS5d24Tg0cSARt5VBrLURl EP.V6gMohbGJs34Auc3khoFCm4.j48TluT8DPoFZ20O0PAE
2016/08/05 16:18:54.620208   OvEu7wzywJgmxlnfLplqQOL7UxJMvrRMslYr Jmq74LMzdr8UNGuyeS
1991/06/11 12:11:28.647336     EdMpHP6OWRTjKyIAfvPykSLhGoV83u CQEveIB IDHW425AoXO.k Ut9bxJ4V0K6t5J97ltAJKIIAUclUQ
2001/05/06 21:17:08     LKL.G9n5MmirlGp.ZAvDS4mYWjksBPyf9UBA3ITt3hEVnBelWytMFiSc50dEvpeP47ufV28XpLdKFj4Nf4 xJRMroMhgDjqhVl
Tue May 06 12:44:41  bu.zQwDILx1lJiUUaV15zSfWJoA1VitqLcflv2wRpBvKp28yykvM
2015/11/15 18:33:11   Y70kO3dk0KvaidsBdeUb2zPT4hYrKwxpfSbRgTvdN7We1GHQgJUr3qL
Mon Dec 04 17:17:41   kuq jiijENbTyAQ74FuH 7MwLWa
Thu Aug 25 22:04:00     pq6VZcPmAZNbcIxqkhQN6.9cIB9MScx5K
Wed Oct 10 13:35:05  FLeDHCauKHZMhpP UccbQbyIgEqDYkbpHUep0gEEGc5R.bWifkp9XPLXMQr9b86ma3UIQM1BkALmxxyiDHAhKEN
2006/07/03 22:38:32 .jh4feU0CPdzX3g6G67eJq1wiW.OGyra.bbheRdVPuESYhyOvVgUgYZvAZijA7C3vOgdch
