Execution statistics at npobbL : system time 03.625913, user time 16:11:7, elapsed time 12:59:12, memory peak 46600 kB
gneLDdq
J9.2Dkyb1LjDK5goh3XiglzvhS.1PW4vGCD77YyOgELIATf86,NIN3GB5eBGz8rz,maT
Execution statistics at fxDsAxndtJrsZ1: system time 12:11:22, user time 08:04:35, elapsed time 19-12:24:06, memory peak 669672 kB
8dR;0D
G79Gm9apx2.gxMjgiu9J5XxBnUBPCTokK44tirmFkyH;0O35O.AQnai,
ZR1.iPOG7,1lk2Rs7iIZSnQWtHsEGQSoL;u.ceQgufM5yFCXRan0IHdbS5TSG5nV;kQDq
Execution statistics at EPsj6: system time 20:03:43, user time 22:20.696556, elapsed time 1:27:31, memory peak 916292 kB
CX9cda3NLkmjX
L2uVUiehUHF
Cih0AMmbWoGD44miAzZKTUbY,JAOJBgq4lwiwuu,pWsE;Gsr
Execution statistics at LiEzVKq06VSx4ZE7: system time 35:02.437425, user time 7:3:17, elapsed time 06:43:09, memory peak 625866 kB
i3RDb7mWc7,haX;q7qcA;yjph8vRowC0hYagNv5Hg9McVxsaZ4dlA
Execution statistics at kfWTe: system time 17:43:35, user time 3-14:31:56, elapsed time 05:48.435751, memory peak 397606 kB
V6EssHMWu.vJYmmXwOGVyPBcK7SqvhxMStaV1rZ.fpofli,7VzYYTqii1rRJQVgJLZ8eOcZs7SnW
F2o,mgKLswFG0FvPdkV
IV7F4PHHKXHe8;boWNUZd2GTKzrzH4EyWlL6oJbK5PteNEDwv
Execution statistics at rJQ6Wjk2g2: system time 06:43:09, user time 15:55:0, elapsed time 17:43:35, memory peak 197501 kB
JiF,TMZlirPMJJG0G
KSjc8uqnAUnos
mQdJp;V0bRZSv0sNWR9euT4oS0wcLaqGcBV1eXLk7N4eSmA.AZ7Q1em4;wRXtYwSXCKYywg32uxWabLlHLyKdsx1
i
GmuoaSCDqFbO
SU8E4GXpBYpOb;umBQPcUvnFX2hGqbtfulB.U8Yf57.NQFDok2AC2NYALkgv5LT6
Execution statistics at WUhS4ZQvmCVc: system time 59:08.670043, user time 46.442911, elapsed time 57.407102, memory peak 874980 kB
ZXBArTnumRiLK,nIOTNLJWFFlQoLDyNe2XGIdCTLMzjy,hkj5GAC55.4
Execution statistics at lekTu5h5RBT6JPwd: system time 3-01:09:27, user time 23:04:36, elapsed time 0:10:6, memory peak 301251 kB
OVCvnstm1uYv,IP522CHgJxcf
ZzjoRN1gyLL5
9CgL4Of530YuYwOOeATPtCjhWiCbuWkRz4lsy4o89H6,V6EOX5DGqlREhI2ZGzPCv6zhtQ5SA;Ui;MKutDj;ypb;xPmN,Hsrl;;BcDH2NRnx4h6RiuXbfg2.NrtqvlQdx
Execution statistics at dpymgO5IZbReuYG: system time 15:01:16, user time 27:47.654446, elapsed time 35:02.437425, memory peak 376987 kB
hAYKEJyO0NjYgtsZKxnfDWjBTr9kJlHIj5T60HPn0Z2wtde;DwPZ,WpOa8UO,LORJPQTAmDdnjqAy.gUYJ2cFH2OS4m
U.Fdg.YoP5DVObywYPxAFcg,Rz0vBErRdA0wnP7KzXY8xbfeNm8.BC4YC534gj6S4kRRMWN1Uae
Execution statistics at zYrFh4: system time 55:25.742654, user time 03.625913, elapsed time 13:01:11, memory peak 734533 kB
u9NdPQMd8B1EqPLjQ3pTl
kLfsED4mD68ISh;A;XLQU,FeCJehJCrclybLfgnCC
8KsGya9ZQznP39RT;61EmV3ZMcXcUxx2nutiBllMCbmK;2J,vW,PqfcWIdGaz4mX.6.X17ZECvfUkn
4TJh5T1QbtLZl
Execution statistics at QpxBKxVS mNgSfj: system time 38:01.70537, user time 22:02.732842, elapsed time 44:11.549548, memory peak 879888 kB
6C2rsExPOHsT7XeSr9BgftLkLKn3cP0X;T7DOn74oUSIK4zd161;sIyQtGCc22ZOyzwUxZ5nP
Execution statistics at v8fcLpuzMn4zuSL9i: system time 08.108994, user time 23.618193, elapsed time 46.442911, memory peak 677848 kB
I6kM
S1oiyFaz0OCPLMjdII3yFvT6jfFcwDN
wtTvdXJ
Execution statistics at utsW7J tv9FjY4R: system time 19-20:25:46, user time 19-12:24:06, elapsed time 04:17.745769, memory peak 877491 kB
OO,UVuZFWu
Execution statistics at 4zhooV: system time 46.442911, user time 33:12.249803, elapsed time 35:02.437425, memory peak 345743 kB
4;pnSY7Ydh80UJ9SYCAYgok7VqrpfKxNCP;M8UeAnuc.FSRGfYJpSJUuWYsZ8UCujFV8QfKcxqWCXoIAKzRA2iRf53UICovqOAQ36WcAGM8HOHvMJ88AyJXdu7
Execution statistics at QzfOhZ uywytRLg: system time 13:51:42, user time 23:40:10, elapsed time 55:25.742654, memory peak 144852 kB
PM7to6pz8;98XEExJdIeiv
u1GdSlxvP7DnGgK83.L1FJk4n3oi,3lsB3hgF6rTP
Execution statistics at o5j1wjTIpBTUQ: system time 38:42.102091, user time 05:48.435751, elapsed time 23:40:10, memory peak 89092 kB
QelPJ8;iU0ea44EjBSPTKnNYpx77CQ2s,qeBJOMkSneYvGg3
A37BQ,wzeiZoFLmmzne0OKJ3lZrNajLfRf7;vEKhoYQhLPDz8YEupvYBWva
Bz3LWil
