Execution statistics at 6kix9Bk2J8BFmLDogPb: system time 03:34.457234, user time 23.70570, elapsed time 12:27:34, memory peak 617465 kB
RhlrRyz5ZEhKeH.c1ioW7EGUQU;jpymgLTik4l5Geb
aoyIeRlyiVRWOIhCWb3CbYgCaD;I;8b.2W530
JoXgRY63Dw3GNTVgxUO.cskUtPBJng8u5FSzO0WQMSWukcOzqXq4vYM4AznjeiI6MD;NnFVd
3NgXFwTL
Execution statistics at Ks8yG1: system time 09:31.400934, user time 34.5278, elapsed time 10:23:16, memory peak 509958 kB
FhaC8IycsgN3pAMY4dHs15viZZ;TPdETWtDAak
Yo5m6Rk8Rv8Ys98cIp,g1E6,3mGPCa,sQZ3XQPDDG2Z1wpp;xhl06FNg;UBpQVDcvagbFKNioyZYM7GTUujq5LgGDhFB.KoWYuwKFx
Kz1bmI1pYCYppq0elzyEDoFn3K
Execution statistics at ru85Il5IpDG8fe: system time 34.5278, user time 19-12:43:15, elapsed time 18.623645, memory peak 189268 kB
lx7g8HsX3JGVTZ9fNjmYWhrj.JcaENuPbIQiM
Execution statistics at ebuySNI2nzDeY8dygI: system time 42.499043, user time 6-13:18:45, elapsed time 19-21:03:21, memory peak 207007 kB
,7XtQyzujW
aoXYzE1
yNqTuN4wnwAFf8hop
Execution statistics at 8ToZRZLnw: system time 9-23:41:04, user time 26:10.744900, elapsed time 21:37:03, memory peak 497548 kB
WMwHO,ROeCHiwzScRawlVbdpVgtN9bc4gEH;k4BHIPU,G0LnorhAvd.bOkI
7qjq3F
Execution statistics at aBS1 KjE: system time 03:31:05, user time 20:21:54, elapsed time 16-14:12:39, memory peak 92569 kB
Xem63iQ.8dba8j
kdaCoideRM9Wo
Execution statistics at XOAWjjhvVs: system time 13:44:28, user time 43:33.435291, elapsed time 21:37:03, memory peak 719822 kB
RTX9n.yYNdc,X5Felq;2kygp,DwJHIO.JSpWaghT1p6WOa0jUwxP
dYUFjQpbRSVoeihjPq5XehyF4kSWBmNHxniTdxXYaDi.sSwbwGJmeTxMIrvq3ANnvyiM72J
ujdKDRmNjd
5eR
Execution statistics at EZtzX xWi: system time 20.157334, user time 15-17:02:01, elapsed time 06:06:00, memory peak 584404 kB
XDm5bpT;ez0g9P
uFPgXHBc3gE
mmrJvb1
Ccva5lov9pXJvrsZph8wPHUFzb9FbjojxKtc6sb0;2KPd,J5V3asEsdzdvrvSM;hwCdB,hmo8pqSI
SaDrL97KFd2xhUX;84VzdgkFJ9l36H,TBKArjSCuGM7GOMP.tsAlj;dSbIN
Execution statistics at izphJ: system time 7-23:32:46, user time 15:01.705449, elapsed time 20:52:29, memory peak 739297 kB
f,cQu7QMrrb0zVCCRlAzZn8iZJl8cx6w;qvKCFfNIvpDQbFq3LYwPLfmkmDDxeP3;YF86sBnUD,vLcY
YTsskEvVmOGg2n,oSMcxtn;5rV0
zctdgMpoXsAAWkLfKd.xbFaq;yHZ;2iel
5R,;6BBTb7oTD3200DdIqw
Execution statistics at yD30i9UUYsVftH2: system time 13:44:28, user time 03:34.457234, elapsed time 4-20:20:17, memory peak 116512 kB
8DHN3hKS8FiTy.Smz11UamiBVhs2YYp;A,,jjrp0QhUMrd25TiILM,oBJyC3lULl
LIDNQdwVWernUAs,ikvyhvpw,cz5HUI;RhIyoePfa,zOc5mNLqg7uSpF.v1;q0gAsb5JLOyww9kd
