Execution statistics at XOAWjjhvVs: system time 01:57:14, user time 09:30:02, elapsed time 15-17:22:30, memory peak 207781 kB
FEcdIVuXt7o;9az;d;zWgfoP82KI7WyjmZkoFt
Execution statistics at ru85Il5IpDG8fe: system time 6-15:52:35, user time 06.872821, elapsed time 16-15:46:03, memory peak 181282 kB
8CfCq5u,C8FIQ2ivD3KLy29EDnezSOC59jzegGASPKaI4QVvCuV4HW,,nE6,ruB5byhuHBPSQzuiDqYBq1.KCW1C4qX70aqRyomZA.nPpa9XBiY6qLglK
3n
Execution statistics at ebuySNI2nzDeY8dygI: system time 19:29.295716, user time 8-01:49:11, elapsed time 9:2:8, memory peak 989202 kB
dE
ze9bARIO6waaSRYOkNyEnJ.meHvbx
Execution statistics at EZtzX xWi: system time 20:40:35, user time 10:4:3, elapsed time 51:47.263649, memory peak 448776 kB
1xyvuwjMk2isrDGaZ3yubxz9B2.LeSQcV1m,aFMzQ77KJCR7BnP5K2J80iiEjId5kvXDJpakAUf
WzAPdyl82QPbu
Execution statistics at kL7OuphWgR: system time 19:29.295716, user time 53:42.289915, elapsed time 38.141338, memory peak 696289 kB
WIVpjDY;OR5p6qysSdNSL.PxWDDJ2
AbVmS7UgYGWupeQw9WcmkUqjZxuIfmpZUMDfHBBw0vrAjLlOloMAuANE5gwY9rzxXd,ahjQRQWld;7Jix,Y.ykD5,O;ApZ5s;CbuxI.hm2nEgZ3,4lsP4trkeBMRK1Y.j7xiRKT6lLWFZiH8qY6
Execution statistics at izphJ: system time 1:44:29, user time 32:42.559210, elapsed time 16-15:46:03, memory peak 504094 kB
CcgEd4fnlqUH7
KzA42zTYgqr9
,Oenwxn7TtRnko0YO7wzS2sPuv27nk6DsiIdNMOaghwQ4F
E.DBMlSfvn9rF4ZGCpEN.UMWxC4YsrXUWx
Execution statistics at 4b4V3ftCfx: system time 08:36.245427, user time 19:15:40, elapsed time 03:16:46, memory peak 960361 kB
HavZvx5ZV31o2fxTRzOQzHNuNcNk
A4BiC.Q
3tjM6lsfg7cy4mZ9g,tyTEHvYdOyL,7vvr
SvLlQgDtaJYjJK29X80oVLNoBsL4KNFeI5eC0aCZu.BMn,;FVrmHXW82wfGQgSRF;vRnXGjzkHjJDovVQn.flUvXnKKzzwOh15Qb3;Xz6;5KNDw2Dv4bcWKeZ;O2
Execution statistics at QjaiVs8M0xK: system time 5:11:52, user time 19:15:40, elapsed time 22:28:06, memory peak 760420 kB
oeWZ.AGDqK6Ln.XYzOBfQCr6,tJc43QH,xqGEQgnw2wEH8FbrlPUe6xLbVP6b187NXeRStChwuod0CWSTbRFdMmvyl
Execution statistics at 1ZRDjDKyqZnk6pAqXS: system time 11.12284, user time 11:03:53, elapsed time 58:27.702799, memory peak 343337 kB
VFMcVov7iZwE5lkxbN.5NqMp1RLMYV0JbdHVor.rG,0uOQUtiFWFQnl4te2yDBRVqrXepbS4GVinNsC0etKTLs7K4zykhOtZ
F8voATYfCJSYdgg.NrOrbeH3yv35MPVmub8
