Execution statistics at YxoyoweY0jkLdVAGlKkr: system time 16.890191, user time 17-12:19:54, elapsed time 7-00:14:15, memory peak 253615 kB
Lx,l5JZVvwPvONGoIFuO0eLtKsyGd.xuoCLkMvVnnImQFmQAspZhyiY,81
bEDSy7tnLbz0,kxX8YuCuZVfLzh4JBfesmrSPew8,gY69oVdPDDL6XG5;4ij7SqBaUV9hB1qZt;TDcWdpT6es
Zq,AMvAf
Execution statistics at zKVi8iD: system time 15:18:25, user time 9-08:53:57, elapsed time 13.418432, memory peak 622675 kB
7tuRdacNXkL9oQQkpX3Mmd.4k917Hj77JAxaN.3yXSL.fslzVBYxBrs.Gc1kSOWg2aoDF.RFUUscPikCLTz3dy6Ua6njgS1iCVB4oUj3YV3Txp
cbGpiEUJAC071uZWM9RkE0wNeIvzu8R;HYbwqi.7C;00NUeBUOwO
Execution statistics at SmwWtzxdiUvDAYvvbY: system time 00:53.221325, user time 09:55.278146, elapsed time 22:05:49, memory peak 863914 kB
cWW8rs2R;8d9m.u
GPDJG1eqgn5B6,oixj6AIump2vnN5wYsQS6fwUR
2.43mansnngNXxxXnWWrXv.SFpN,0zNEPBOD8qri906
832.M8wVgypuJ22zzSzkvCTH4gcfcQ4p9xAEolwYivUiA35juC,Cf0ua;ZBz
Execution statistics at E4Gg83SIF0: system time 12:45:18, user time 4:4:18, elapsed time 00:37:04, memory peak 748905 kB
fOFyDWGzKpkXFSa8z3RWuQWWwAI9y4;oi8McjHmaVxzEneMrh8gpQvdf0x.CZQUR74Qq;n
Execution statistics at hTnNlSnfju5FCL: system time 16:20:11, user time 26:56.253124, elapsed time 55:21.550839, memory peak 721429 kB
RxDKUllTu1rG3tZFgR,6j5MiVd5WET9XU41U.
jiJpXV7cV86KejOta40i2Es
ukBnU,.d3Q4;J.FDeLdqcs6Bxs7SlzBAyNSHPdk8;C5IQYWjLNs0m80C;,mVoJI,Db
G;motdQOaseYeLQ73Bd.FF.OUy5aDKy4CQJmIQ.o1M,gmOhH,gp0T;bTE0FvL;35Df
Execution statistics at PneGNDCmPybi4T7j: system time 8:10:15, user time 11:53:25, elapsed time 18:5:7, memory peak 341306 kB
wzsVk,
Lh7;4KX3iu8oSSAVzwm7JSm5Eq79x,
pPSgVe491Xfj3Rbo31xtn9DzWyeYJUG
hGez.unf1V0KzB;gaeu3v6d7EbLhEN298iaCaXdLbG
t1Htkd0
Execution statistics at T1wgZyHp3SqYLQey3pYH: system time 9-19:57:42, user time 12:56:13, elapsed time 18:5:7, memory peak 844663 kB
C0gFvBuS40d
