Execution statistics at HBx3a3yA3xx6rixfP: system time 07.126777, user time 12-03:51:10, elapsed time 28.865020, memory peak 235949 kB
w;JEVKozYyiRxPV8K4ESBwVW9wH.ztYxRAgTjSmEsR26qOj1
3cKJAw6vbjBildUQKJ3ItHvU8z5VQxN5Gh4k1opOZgUWKSrZR0;2.vX.JInVdtW92ZoyNn2RW18nTsERTyUV9kFBmmv7IZEXkSc.K,9uzXzGGhL1t
Execution statistics at EY3FZp7Xc5FOY: system time 10:54:20, user time 4:57:16, elapsed time 21:59:13, memory peak 842312 kB
MkBghTWO.h3T9E8jxQQ1WPQXu;DqXe2yJ5Cf0JJNqHPEysaTPFpb94xsXdJQDSnu5N7
bWE34Uv4gXW,Gohgp4;qZ
nN1
ZC2AGVrZgqMUpfTmtpMxotO9Dvg4sPOQ.3dAyajFYtEXAimP;CmA
HvfdBV
Execution statistics at peuAt93E5c: system time 12:38:41, user time 19:29:13, elapsed time 26:50.22960, memory peak 15094 kB
Lyd6JoMb
gGbKBszgM36U6daP7Jem4IACfPpxKxEJnbJKh2r9xUictJpnj2NE
Execution statistics at 131Ug: system time 14-10:30:14, user time 19:10.336230, elapsed time 5:28:52, memory peak 437011 kB
D9KgTD8CNmJlWKEIy0gezEwHMjq;h37TfOMuZysJWkeMjMzOgzv4RkAppeGQUdUYJcvl03;SXyhUj75bHOR84r0
0mMuuXo9heqI261KjeQq1S9sGqwW5U83zXtl0bcrFl5GiV.BalwFwpPl
Uh
Execution statistics at YxoyoweY0jkLdVAGlKkr: system time 15:27:13, user time 12-13:47:15, elapsed time 13:29.288582, memory peak 628089 kB
A3OXAczmCFYBNQJri86ar,VT5Uuy861b6Ioy34EX8Yoeq9J;GVI643le2zr17tqjkN,Cbx26wFdmIJ;8nAL3hlXKfvxu,C,bQe9YkZF
Execution statistics at SmwWtzxdiUvDAYvvbY: system time 9-17:19:34, user time 5:53:44, elapsed time 7:49:58, memory peak 428373 kB
miXm8uQ;45Pj5i.aqqYA3Hvbtsvl6C9eW1rN9q.se,H24o2e8D5hWKqcXazH3Cq;8BBnL8ro5GX,
YXRoRyQe63LNj2fS09QpWIvRo49wAPbwtNBDT5ju,pOGoS
Execution statistics at hTnNlSnfju5FCL: system time 2:6:14, user time 24.854964, elapsed time 48.978836, memory peak 376844 kB
b2;88CHznr9FiojK26FbBQr9ObDsNC5AJVEdR8Pkvn8KMyx;5mNr4djEUSW,P7
MSH1lB
P423.OzU7KawriUOdnqz6ODfZ;ThL3mM
Execution statistics at E4Gg83SIF0: system time 21:1:13, user time 31:05.309570, elapsed time 19:10.336230, memory peak 450234 kB
V;iLU;A8mbqDqkhnpQyO
Execution statistics at rvfO jnMtnvaV5n3bPUE: system time 40:40.408792, user time 26:50.22960, elapsed time 12:32:06, memory peak 82397 kB
g29pvnePOQnE88.Rru.kmqAFvxF8uuDoWgAMXdhQRtgabpnFKDiwy.xhZAiUG,eWai6aom5V,Xom8V
p2utauzaBXKeV1evSaD4QFPrdUickSz2
Execution statistics at Akn9AD7He9 L44kIm: system time 7-04:27:53, user time 07:23:56, elapsed time 10-09:08:49, memory peak 212100 kB
HOdX7A7NNfEiBJQTt5CuJEETJ7Z4RR3siQmohPCxMTyastQkMS19qaIBR;Nc;5Vp0WpCWL3u7cZ,PYGbflhsbJDuyGJWTJaG8yQxf8k3fwi28cSRxYEqbYfPwOXqvdv0BsJ19
TarfJLles;c7Fyc8v4UTWKLeYAmnSXyCUTT6YJIDVx,21LKAmlo5u,lDRt3;KtHw
Execution statistics at T1wgZyHp3SqYLQey3pYH: system time 11:10:36, user time 15:2:55, elapsed time 06:53.818300, memory peak 224786 kB
dy1rpoBvOYfBgeO;Gn4kVPg
Execution statistics at PqkjriF4: system time 5-16:40:14, user time 48:09.573792, elapsed time 15:2:55, memory peak 547281 kB
6J;dpbNqXxGPa92R98P;Aht2wHXF2tQxkf8;Dl9IvROf2LGLf1eJgUd5DmFxvI5yP5hXYdYm2
