Execution statistics at zKVi8iD: system time 42.511353, user time 31:38.937178, elapsed time 50:15.584409, memory peak 838946 kB
0VlrqaSY
jWE6p.BdHdGlk
Execution statistics at T1wgZyHp3SqYLQey3pYH: system time 10:29:15, user time 23:31:07, elapsed time 03:15:10, memory peak 684171 kB
bVs3tiJWkqZJ0f
HLPgpNCdci3;;l,uL9oP3nPS
eJSNjjoynLLklVV0t55Dn2y4V4nZ0S0HamEBUNA,TrT;Slgk7KWg0UqwDRamQxXJVCO2pyvA4ZnpP08l.2
n
mDizakN6jODoGU0BaqPHg3HPLD,0ER3iKfm4Tf6KtWTjqdSQspFBir.qnT6tLbb0RtIYGz.
Execution statistics at  cc5gF: system time 9:11:0, user time 33.989833, elapsed time 36.523964, memory peak 605546 kB
83EwsLf7a.5Rg9DWPvGN0ZmR43g6lxmRbnxPaZRGH6IFp91nI5FwMkalvFf;Gxqi4Q
XTkX3JrJomHhM.
64
Execution statistics at SmwWtzxdiUvDAYvvbY: system time 2-12:46:01, user time 2-09:47:42, elapsed time 50:15.584409, memory peak 592891 kB
C1ouDo;f2TX;eIT71ystpEqMqqcoD
JCF6f9X7yZ1sdR6su3dT8Sh9ZoR52hpm10jv,7
QlHamS9MfPSdcCLzX01oNQ07dhholrH9NBtl,,r9
Execution statistics at oOVjFjWCwmn4ae09VnvY: system time 06:10.732995, user time 18-11:40:37, elapsed time 16:54:39, memory peak 133346 kB
.W2KyU,I;n3whjqzcO8Mw
CeZ.x7QIIWgvaOA
dChWXbf1avocLgX7Z1pytH9glUoIrdqILKs0YNoN0v35sD7whF2Y6xBo8HMmF.c.o6yEAn1
1UHZw8GveG,70
Execution statistics at WNVN2: system time 15.76239, user time 22:24:35, elapsed time 10-12:42:05, memory peak 789249 kB
ylNcPL80WFvlaTS0UeeFiSh6w2.3KTyRh9YjsIDp;RYXYwR9TXMYBJMVU5xY3XNjekXo9WwMPfE5x;eCTkomrZNXOS09D3TnAqb1EFtMvqWOwD4YfJq0JO
mvXUbaCa5;eJccr2v1KfBJbCb4JtEtuAtJAc
