Execution statistics at peuAt93E5c: system time 15:32:47, user time 3-13:42:02, elapsed time 07:15:16, memory peak 903480 kB
S.kjhWmaC5Z9JcV2ft4ydr;3N;uLQwI4Zl15gDxG
Mf6crFNSQaZxRIDKs4PN9WFZMxXxBl1S9cZsXb9QFzkDc;f;LDEvoagZywUs5zEui.JxKFf0ltcCdA2QtlaP9zfHUE905Lf0DgIjSdwG62epgQPY,fC7RVlX,U5CMYSR.db,6Qj9508T3sAc,xivt4d
Execution statistics at T1wgZyHp3SqYLQey3pYH: system time 37.962676, user time 22:14:17, elapsed time 7:11:16, memory peak 818665 kB
TBE7sgZYScrOCq2dFzdwKvaD1mb.Nw;4slwIVJaTi1XKYxV4TaKBBDLGZZEITSD9bGxujh0G9BcUTzoDvsyLAhONziF6Vrwo8qe8mQ,wncREnhmo4AnCF0.kjs.OhRRTPlt
Zbijt8eqLJQB00kU2DtMWAY
,v.URhUeE
Execution statistics at Akn9AD7He9 L44kIm: system time 56.250020, user time 54.5291, elapsed time 20.860029, memory peak 158082 kB
En,gq3eoY
MPONp
Execution statistics at WNVN2: system time 04:34.570010, user time 9-21:38:12, elapsed time 17-08:54:33, memory peak 229595 kB
e0rr1S6akvi6
OUK
m.pWED7qHYPORH.xw0SK.vI;A9BTf2mxB8UB;PGhJ
8D;vX.42CfdOBtxfJL
7CT6JCDYcCTK
kJ06i1gmP.gY5T1v3Qvl4ncYIsbwrENLB;W,XhgCHjZ,1Fi560YJXeiODlxuU7lA9dKoNxcADDL5o2lcN99MQzw8D4uJJ
Execution statistics at E4Gg83SIF0: system time 54.5291, user time 12:38:39, elapsed time 07:15:16, memory peak 324589 kB
PUmrJDRY8B8i10,YfW,AnZxqlnHlyaI
KLCdjwc2FC9nN05NCmiGCDBW;ygPCeJTFR55tsP
RY6BO2xE
Execution statistics at 131Ug: system time 8-02:13:41, user time 18:24.892376, elapsed time 3-13:42:02, memory peak 539111 kB
wPYPO8
sveeXqlG;HCnJa
Execution statistics at uWtAi930RvSUCLBtW: system time 19:31:37, user time 58:12.929598, elapsed time 21:52:37, memory peak 620430 kB
o5RPTb;92OV7Lx5GbazMICx,tZtANjGbXe
Execution statistics at  cc5gF: system time 15:34:22, user time 17-08:54:33, elapsed time 7-15:32:42, memory peak 973471 kB
Hdn6jKv
1lg7gXz0ZWi7lZWSU;eaZyTIUPBUr7EvwzKeUzu9FYsZZoqxIu2vmekplkVkTvH4eBCfgsO8qAHhMukvnrn.lG
Execution statistics at YxoyoweY0jkLdVAGlKkr: system time 42.273014, user time 15-01:51:16, elapsed time 9:2:12, memory peak 311643 kB
jIzeiiR9DQ,P9Kw2Epzbf5,KRAZauWk4DjbGGAXLUFqmcg
9glgzAcjMWBENLgEZTybTlq58e1ZdLgrk.4d
tQUfTSYil.2xMwld1k7fJVQmMZNiBtrV0f
x.1o4MDAkJPtnj1Hfd7faS
0
Execution statistics at rvfO jnMtnvaV5n3bPUE: system time 17-08:54:33, user time 10.871078, elapsed time 07:50:33, memory peak 967144 kB
y9
KZCw8DNUX0xtYMr0mtLOet1rmj9zRD4aAD7
lxB,g.zfyg,JWSVL6Cb;itiub28IGDmzhTkN.7lHwRJz;KUKJRF1GmBX,8ofqQc,kMJiymCwcJSuz4VJj
Execution statistics at zKVi8iD: system time 18:24.892376, user time 10.871078, elapsed time 08:48:09, memory peak 124684 kB
4sLx,LzmKyBMygUWZyMtyLm
INZr3ubW
VQeNjoVk1K5c
GLDjMth,1wd.btuV,iKvoLGohC3SGOktKkHYwPWnzBLE
xoY;seWCU6jM7f7Onuyguc9cojygBElX1fZYoCrdc8x7RZj6954Pge6ZNs.JUDL0ZJDiNjhE3hkFe51DcBfPl;,,PwZdm
Execution statistics at EY3FZp7Xc5FOY: system time 15:45:22, user time 7-05:27:45, elapsed time 22:48:09, memory peak 537697 kB
0uyhEh.sNU7.PatEwbKLcdAA7N.Z9;c.TipG6vesZTc6zfDvvTwl5rVlkDNlKfhdzEjrGgf9HVu
k66NwusOQUeHb0I40tGtSGwYiT7rW;
Execution statistics at oOVjFjWCwmn4ae09VnvY: system time 17-04:35:23, user time 5:34:2, elapsed time 19:52:23, memory peak 652742 kB
2dYgtW1QRWdOfIa83J.CgHK;e5
ecJxcU3nzHt0Yjr5kDWBUqDUFeQ2Jq86jvlErGDihCxLiq9PLYDlR
m74;on1Jj6;J5
Execution statistics at SmwWtzxdiUvDAYvvbY: system time 51:55.743011, user time 19-07:03:18, elapsed time 15:45:22, memory peak 752124 kB
D6OCRuy
hfaxMpeuG85lMKA.2HJu.5wv4X9SA;jMLx9aTIIgqxTJcp8dtKDmY
yh1Pu4wEOtead30JoTpWia4GAX0vsZzdXUaIBQ5N;6ctsts7G9,eTs
