Execution statistics at OjjAgOObdH2: system time 6-04:52:25, user time 23:00:01, elapsed time 15-20:02:24, memory peak 836483 kB
1pcb,9p2G3Ft.od.4E0XWoJu2hVqAoU7cYtiJGJ9OWRtuZZI4hIaZ78JeBB3jRq,9ZVug,vPWWERkoyQWec0Yuu
3fsEmMB0QUVSfs5dhFZQKr;wQKL2DAzShuXxdOgQfSGSkg,tO4VZaYZFHwrWcoCRQ
Execution statistics at TxLTWvXOla: system time 19-12:58:22, user time 09.645442, elapsed time 8-15:40:01, memory peak 747635 kB
JWr902c2UhhkHa4eK
Execution statistics at 7YnHxK: system time 2-19:40:59, user time 06:58:54, elapsed time 13:31:17, memory peak 36316 kB
Lrja5vUbe
g,iOWHA;z
TOIxnzTAGoY3xh2UHFDlivbwZt4MXPyPILIPgWseriBGidb0KBtpIO1tcCiPXi5q;J;LTsF;UBnO;4YNaH6BvReH
Execution statistics at GvX7NEqsPKuD0iMVUfG: system time 2-19:40:59, user time 04:36:45, elapsed time 56:38.760140, memory peak 666955 kB
3g17CqoyAdryvVr2NEnLHV85j0y8B
5vBwqjjAWlg9pyhvA5UcE5ETo0.z.R3BBJaNmy3PsEXmyrXgmWmAi.7HuBnwYABaEsKIom0N3Ei8ZJXfjWr36r1QRLs8HqH13tjrC1,2zrusAEucZI5xZ61bW34pZlaAz9LCnBCI1eyg;g
Execution statistics at W9U1 csd49wSA02A: system time 12:15:07, user time 00:53:10, elapsed time 29.865277, memory peak 285054 kB
S6Lu0vLBYIuDjsEVpDLFGwW4RyNSEM25XXnhN5314B6qqxMjzSTm9,Ww7YVQTif3IR1X0C1yRoLzsR3A,2PDpfY
Execution statistics at JAiwZ: system time 15:03:06, user time 51:56.465005, elapsed time 23:00:01, memory peak 20328 kB
Gb,ZDvRbquyjFn5bhg8Sy7d,xuVYmXhB7AV,O
a;jNuciOkQr9,Z
8pSeXaldGWx,3tF4mFppw;zjoPFqrcZKMOf1RHrog,sQGzreE6zYfKvzDZN.,lMRom;Jk4Mf
Execution statistics at KGy34: system time 46.521320, user time 7-23:09:22, elapsed time 13:31:17, memory peak 271964 kB
yddNEqSAasD05LTKd6K.EtiPh4fF,VfX6tF66seG3fYpN6aKP9lqCcsagYmVp9dwajcCpPI;ibEc94qL5PU3LP4;dNl7KtZWp;z6
