Execution statistics at rksRXJeCa hyu6vh8: system time 22:02:44, user time 02:07:40, elapsed time 21:45:35, memory peak 788775 kB
i11XY1TT1mwcgjkUmqPj8mZn,66R0vI9rI9
nx5RTfEpq7
0YHZRylAijDIp,EFup
oew4vu
OWW27Fl,u,ZfDyczuTh;CmFp11ckEq2Mgbc
Execution statistics at 5Q1uZfNx7Uj19Tcp: system time 07.153936, user time 4-12:50:44, elapsed time 54.228627, memory peak 490402 kB
fkUWXKcw3;;T2E51.6J4F,hxlHtLj,YwYr.Q5N,Te,rg5edFuqonq5zWBea4VHE,f6;EfbM
rSHdGJYc017OhB3B7HaSjAk;8klBjedYcrULuDLSbh8Hp8xDxtvuNidwy5vm5FHPbkuxkog5pDDQJUhpQ;K1VNKZWuBPdCpzYZIf9sIkkmMghpdVpRYN.6wNohIMKqDK
Execution statistics at Q8LqWu2rPlPlXr: system time 7-04:33:44, user time 22:14:49, elapsed time 14:4:40, memory peak 140183 kB
w
tv1UXIl,GJWwBK4ZOtDaHyD60vQAp2CHeXmIQYxpPN016r1NjF0OIsfjZPjhOiLYYrKdvHt0cA3rbKlPYEvMkb
hXxclQad39f9Fisu9bvd2x4W84YpRV8j1oJgv,.reF9TWuayuSBp2vLMU8Kiw6pEmhEurskHTZO.;lNy4ukOd
daqV,1W
3;p;Fk8
Execution statistics at TxLTWvXOla: system time 14-20:51:33, user time 49.192849, elapsed time 11-04:14:59, memory peak 957765 kB
G2HvSgEhwDNWdSmOFayJZzJEDrVJael41eY85EDd;z9qxso5;OdhqBtPp4oRF3Yw
iqOq7jCaUSCW1t9.ID
krWK;F37M8,QsCm9e7E1Scut5VDNaDw1B5RY1bX8G;cbG5STjMD,EbErWI9Y1ShK
p
Execution statistics at 5kZM74BZEPBfWqVBrj: system time 7:50:38, user time 49.192849, elapsed time 05:46:25, memory peak 261932 kB
EWVlPJwPll0
db9
ete6
bnFFXFlGBvAWO6sBp.ss5blppO4dMmgPaCkW1ZQlZDh5nt6SWO;JFpsgPfZalyA8YALPj34z45CqNhLboEApZtuw5ppSzRqwepZxLNou70ca2w9qcdIP
TmVP98dPsQR1zjn0eAisfgQgZc44TKglQ
B6h,tqQ;ecSvEgL8iogYbV
