Execution statistics at wUjxwzdkqtA: system time 01:15:48, user time 06:22:29, elapsed time 47:38.792707, memory peak 53799 kB
G580Cng4v9b8cywzmjQCEzEePSDzTF
hNr;RH00Mipm2pJ,51cKBUbgi6a6rKN1KnAiKObtm,ycERyyvYxUIQ.U
Execution statistics at GvX7NEqsPKuD0iMVUfG: system time 23:15:11, user time 20.189754, elapsed time 6-19:44:38, memory peak 644891 kB
ZGiNcBeL6J8Zma81I1V2ew9JZ2vmkrwp1z1PXhua3wPj6.zZpJL.Qcs0yie51pssyeIgLAFc7FXmyDnlQHmxXK7QB;KCxgZ3O4rozy
Execution statistics at C8Wn37lOAA: system time 1-19:39:14, user time 07.660628, elapsed time 47:38.792707, memory peak 473845 kB
ijcKMhoV6KBE.NxvV5LDt4Thtj1D9Acz4lDEnb7tmGs44A,uTTzMNoZeLcQQgi1Bo.Q;doZ0HLdlWP2XgQl,1L3JTqV84V8dAsGB3WgOicOVF4Qc7x;08J
WED
J,BUbvH380A42Gu1rKkbwpDWSImD;wX7HxeqO8
Execution statistics at KGy34: system time 41.598909, user time 03:30:54, elapsed time 1-19:39:14, memory peak 794720 kB
FJDk0nQ44I0
KLYg.KJhe0dTb0SCVFM,cEABWW,evcTBbSV953Www8tjwLZSkP2x71Q3WwFwAgBk0WdbYxqcr5ygfFq7crZiP1zIF0kkkSGHDs4
Execution statistics at JToVIko01hMUaon: system time 07:14:26, user time 33:35.217584, elapsed time 19-19:05:18, memory peak 645014 kB
7u9G5t57xl2FYAKNdPl2.t
.n1uC0GJhyY0.l.KnzhlC.brtRefCPRehceNN84xRKOoT.uHDzDRD6W2Xws3frS4qXLesK
KSffsTILDs5Po6XZ7oTQzY4aUIkIL0ONtloB517tAClXpu
Execution statistics at 5kZM74BZEPBfWqVBrj: system time 13:17:8, user time 06:40:36, elapsed time 21:20:52, memory peak 630425 kB
Det4YMOf;e8MYQ3pR6AexdMbY5WzQB,cTpXsmqmuJj6uEww;at3Zx
dcyxu9IH,PBpjq9E.PF.4P7IhunhfOiT6z;3RmzpwGP3tNc,yVBtDZzrhq;v35eS2Rk43x
Yl1ouiTTHEopXKgwEMtvrkBH1JcyACpqDK1k
Execution statistics at W9U1 csd49wSA02A: system time 20.189754, user time 18:48:36, elapsed time 52:39.349496, memory peak 483258 kB
9scEq
lg4Vm8oZr.mqJtRjfvew9fTP.Dle7x6unnHvYFJ
VOOLvtxBsmFH1TW
rdy3uN
JVS2kZ8eqX56qw8wLhMud7sgi1r2IsC
fXgiWCU;1IL2Z
W53ZuUxcrWdmMvS8afN3DU
5EIN.sNJxflr2a0mQxk0APsmEnln580wfrRr6nmBdmdZDF2
Execution statistics at YbARaaXcuTN2CtPYO: system time 8:3:44, user time 12-10:39:13, elapsed time 15:35.294194, memory peak 839696 kB
cWqtXv9ix5q29IVUIAc;AbKZ0fAct0Ng5ykhQKaGOJTTIuZs3vnMeYp
Execution statistics at axUFKgtu8TtJQn7: system time 13:17:8, user time 20:39:09, elapsed time 2-01:24:06, memory peak 898728 kB
MIvouDf5FSYKZHq2;ScXt6w1oaeqXRY2IQ3pk0wXD7.vXxQ
kUXWoJAHzUoFjVc7bx3zcEnUlH0cWtmtv.3w5RTT7ax,2
IhP9i8W37uy03A5RrZLEKaG81n3YbM1ytxbHCsfGNKPu6J2
FTZ6f1wzXuwxfnZrPiVq;RWZGshW4I0avBF
Execution statistics at 5Q1uZfNx7Uj19Tcp: system time 47:15.673941, user time 6:35:56, elapsed time 44.906729, memory peak 403279 kB
K,NGlHGu2pYxenq.JdR0BaKghmBuimmZbKZDkPqZvN
Q
Execution statistics at LFAad02: system time 0:15:48, user time 4:32:31, elapsed time 23.573404, memory peak 495796 kB
yXwNQv
ZIgDzX
rAtqFAVYSqs.
q7ArdAoykjVt8CSq95j5.Ju09uLLVtPw8ErHWkO4;.0rz4;bsi5G3jdrr4hgFuDYU.lzSrPjZG
gNKF,1ES.PAtM,lWLG28qqG0B4hG0S
yNaVXczHG3wAdOoGk.unl,ZxTSRV8f;MFEnoFoTsjMxHkk8po,;QoefLqYBdQfwG
Execution statistics at JAiwZ: system time 13-02:55:17, user time 00.776082, elapsed time 07:58.637388, memory peak 304959 kB
lAIrMAH
D2UarSNPPZQyLn3
Execution statistics at TxLTWvXOla: system time 06:19:13, user time 18-22:46:50, elapsed time 06:40:36, memory peak 965802 kB
aiQL64Pcn8djXkcnSsQr13p6ymT
k3roq,NTPCb,e2Nw3jofiEa7yWYHGxX4x5NCTRQQX,7c4GWE5bapwPBhD.AJaPNVexZ7hX,IcA3Gj2,qOmlqT4OF9TchOPvDZSJ9DtXi01Zngyn;1Firvho5JlToQ
Execution statistics at Q8LqWu2rPlPlXr: system time 38:06.978712, user time 22:44:35, elapsed time 10:41:26, memory peak 237007 kB
;D7mGz,R5ayh6
;vpUrv0UtRIfrLGUmWPK
cy5LA65;2UfnKj
y5bi9hYH3owxuw7o8xvxZ158Q4dIE8lE6S3ago0nmWw6RF,fBGbh8KTE1BLo
BY;UFOne27
GhKP652cJVP.mrb
vvq
Execution statistics at YpyYJsEyRoOp2hKcwV2: system time 04:41:20, user time 16:02.357099, elapsed time 15:27:20, memory peak 995765 kB
Giio2
Eq6QiwnM9xbpnbdXdqhGpqpW8MW.vDz0xVxhF,a
YXNP6;sR41gDR274gtqsBuvawcmqDuzEOMkk1XHhlWb98s3b5N;slS2t12nrfjmM2R2MuHX7eK64A5e47FBq76VejaOFfg85ZXGHWVGL.WYW
31
Execution statistics at OjjAgOObdH2: system time 47:38.792707, user time 44:28.936399, elapsed time 13-02:55:17, memory peak 489767 kB
QPJ4vXh2roULvwsI,QPRrxujpSnch6eQZrgq6kJxFKhS;NF8w6VXBfy;V,WllGivNFpCOnPT,g,0Lft1pik5JpKGLQW1nGvEb
1Rgcle4Dk
Execution statistics at rksRXJeCa hyu6vh8: system time 23.573404, user time 44:28.936399, elapsed time 16:37:39, memory peak 467732 kB
1lmryKIq1LRIvs;
Execution statistics at 2RmcWxg: system time 19:8:5, user time 10:30:48, elapsed time 5:49:6, memory peak 34232 kB
.pHTe.ELsFg0xxqaWsaOgE6RH9kUsVbXgXXRnv
2TyJFV;JDIo2OI4
RYOzjuDRchtQjLrWgnIX3LuDbegikV1bP
Execution statistics at 6fF7srEXMN8aniZwK: system time 03:04.955450, user time 16:55.295874, elapsed time 1-19:39:14, memory peak 973410 kB
TlH8xiNdCjKAiyvOi1Ex4Q,bec;uiPSZWsvTxzVBHIRFHcqXgBtUwjyt;iQkD1SLMv6CkI1H4Ux6rf6uWHbYnTS,IjZe;SiDeo3HugBB4jaH3oW1iTO2,b4JN6t
9Ez09OLgE6JT0ocDpjDFxJ1SOyIG.FxpNWTglG7FHS,U8e9Hd08ww1rKtVhOitpJb9b
