Execution statistics at TxLTWvXOla: system time 59:30.31428, user time 00:36.5794, elapsed time 56.98606, memory peak 574109 kB
DIGqI.V8lNyHzNb2YS01KzBR,ilCzJ1hxx9zAAo;6JMfO6J.0ehScoorNezVrbjxclkopzAgX
Execution statistics at W9U1 csd49wSA02A: system time 02:15:48, user time 14:18:53, elapsed time 6:38:31, memory peak 416378 kB
PDIVQdsNHPRZPlYfuJGLKHNoSOX5KiCfNzcbyZyn019n4jwC2
IYWnU54Ppj1dN.5MMPb,OiCB9geBVydohwSeF6JsqKpk84HLobSCHM4pvYu5otfPFDeE3;RMnGkFzL0iPI7UEu0D,eqlckSjy1DQ6lCSH6oaHCF
PlxG,59q0BABG.xoDAZPhEk23IpnG6Ik
Execution statistics at 5kZM74BZEPBfWqVBrj: system time 28.838928, user time 28.102236, elapsed time 14:36:23, memory peak 480816 kB
WogoYGyVmQEyelVua4XzMl
0kclz9gitoRoL8OJrhvUazwOSDxNSg
q;hDTX0zL92,M
;uTeUCIfXgM
NTH80JtAnoU;gPBk4pvJ95tC
eoVdR32d1y9hOG2Y6zG
Execution statistics at JAiwZ: system time 5:22:13, user time 17.519615, elapsed time 20:2:40, memory peak 432370 kB
JbwEbLID5Uxr5EFvO.N9gDL;H4PUMpH8bepuV4FSmYQhsW
NpRG,EFu
Execution statistics at JToVIko01hMUaon: system time 28.838928, user time 02:35:55, elapsed time 17:50:51, memory peak 618589 kB
4wbyzNJ9X;3Byw0d5TFEwegU4aCxTLZwWABM2BmOEc7;o,R7nshX2IK;Ay40LHzu4;fqkrFdFlqyCmLuvqx65zAlXnjJrdM40fo8EOwwpuKWjuLGzmNaPt3Fdc8TVYNiW8.5QV2o;6M0NVEXR.LYAyGcSNCEl1AeyuvzGgmpKZ7j
Execution statistics at LFAad02: system time 11:36:11, user time 8:21:30, elapsed time 15.24442, memory peak 497790 kB
L9etx7rtK;I3qRLseiJ.LyFFY8VQfoqCg2hFNJtqH.WkRuggb;YkAlxwoS9PotuXma0PZDcAtacFmB;4gpX
ymE6wB3Qp0FywokYmznW4c
Execution statistics at 7YnHxK: system time 22:31:3, user time 38.447078, elapsed time 13-14:33:48, memory peak 151402 kB
ptpjSOhRdKQx,f5aT8,kRs1ivpwdO5i5n1ia
LqfnUw0p5F
DEw900yxFGIAVTkFUqz.6.TnMjqyzxH8yo.
Execution statistics at OjjAgOObdH2: system time 27.89730, user time 26:26.810615, elapsed time 5-04:08:33, memory peak 678188 kB
TzLbYWUQx8Yj8UrqG;Yok,XE.GD4v7vXzMu5dqjTZPAWkI;rxTOKB0sxPMJ
Hhg4bukEQsJTPfT0;GuH,uUij3rIGZrWcvS7jY3FLXRANrhdgpl;.B5
Execution statistics at YbARaaXcuTN2CtPYO: system time 01:31:26, user time 14-15:20:03, elapsed time 2:5:14, memory peak 851621 kB
g4a24NHQkZ1zJNMycP55pHiUzVYGV.r0fU8JAa0u,
Execution statistics at wUjxwzdkqtA: system time 32:37.925314, user time 39:43.485323, elapsed time 00.514119, memory peak 667983 kB
8McaN3STv.f3Aq
Ppf0dvMnSMRzOWFwil8ZERItfxJ7NePuf4MtkzhDfPBoII7Myfg
uaqc68J6eFRiFXwF47mkgWiR0,VqK3JACJmI2LeX9ZZiocrDHUgtFWF
Execution statistics at 2RmcWxg: system time 01:12:04, user time 02:35:55, elapsed time 59.153456, memory peak 65389 kB
Ws
p2oiBZ58X;w6KkTHMcRqNDdyyK;;MUny4A0RQ,JE
Execution statistics at YpyYJsEyRoOp2hKcwV2: system time 07:11:16, user time 4-05:47:45, elapsed time 59:30.31428, memory peak 152704 kB
Fj6FnjYOzBKUYVavdugCIel9d;5UXc6RRGq7L24MHAjdCYcd30yR;9Nbc;;Tblk5Wh0nV9
