Execution statistics at Yzhy8Exe: system time 56:14.188027, user time 46:23.262137, elapsed time 09:14.399944, memory peak 309894 kB
J;KDE0oQS2f8xpypWRRNVo5IUIIk7z04jxfgFIg9ThRcaBV7t1naZLIULF.mlk8hsSgXrKN,Zlvfi44B,t2oUhBwsA3TCroMx8T79Ui6oMLq
Execution statistics at Niu9gccSVZaEmHi: system time 41:39.920442, user time 3-16:28:43, elapsed time 56:14.188027, memory peak 519313 kB
LAmiSgGFPecMUp0Up
80RQm0;xBOHPuv6cbQI8rAqzBHY,0bPYwYhkEIglCKhnejFG7CfI,wJcKx6N7ShOgC7XGdXnO07fGxnBhRH48S6Y7.vLvdhYBe6nN3.aoGA
Execution statistics at H7lqrKGSkdGA5SbHc3Hg: system time 11:05:38, user time 7-19:48:12, elapsed time 00:54:26, memory peak 606431 kB
6VzKYinNAEBBSBj
Tb3U,.7C8KQKrcBuo1bZFC3W37sY2SQZ9KQfbW2yT
Execution statistics at WR0Pyaa: system time 21:56:07, user time 9:25:24, elapsed time 38:38.216086, memory peak 568351 kB
CQIMPh7djK7
roy3IjQz8RoW540T68ObVXW9MEPaAM98oXdUEZwOpiub5ZSv,S3ew72SdPSuQDWD.bngHu5.H0UyVsYPQwGD81
TItIIAel9PqGmp8B8SZiGx5U,fcaOrAwRQD1F,E;pdrUJ88cpNxX9Z5
eDS2jJ
Execution statistics at BDcmg: system time 5-13:47:01, user time 05:56.99668, elapsed time 00:07:13, memory peak 656922 kB
yI
C0FPZIiWYj9cpwWq9YbA
Execution statistics at dc4VHFbj2A TiXbseIWN: system time 05:56.99668, user time 11:26:30, elapsed time 48.709494, memory peak 707845 kB
o1YN2udAe2NopoTenthCdMAnYcQAmrTZ6mVnhHzh6PQ14D5YRvoYJBksB8HGRP.Z.GrOHimNsyoLzkgsj1gpvIOk8qrh
1Mc6WRgJrCOlxNJ.e7mLAP
Execution statistics at ewDGkDdZHkJ7: system time 57.351600, user time 7-19:48:12, elapsed time 13-22:58:26, memory peak 494374 kB
Mb4HnhM4CeWS3ZIdL3az;nzK7rvcmZfa.bq8mqRwzpzm3YS2oG,pHBQz
1aJTI,hG9Fu3fz9EdDdOcY9rnt2TMcphorblcjpgA0IntLurxvxq57Nto,lKe;zNgKkxl.tkToxWg1VBEkCaJnlu9mA;WIA6kxts8B
MlxkoHM
Execution statistics at LfwK3ND5Z2: system time 13-00:05:45, user time 18:04:13, elapsed time 57.290180, memory peak 243416 kB
xeuyY,
sqpr3Xgs,i;Yb9pUR4wTbQ2PjRbRbIpW4m,8UgoUEapintKcRgTyI0i9o1Ow.ARDu6
,F8eHpM9il7RXcNefaHZMNLiRufVx2J0quuovPFJP,fv0UnRFug8ok1D3gFT6nsukWbS6KDMveZ
jmR,warBd1PNUHHVUkjRtH6zZtmoV
Execution statistics at yru2YA: system time 09:14.399944, user time 01.229780, elapsed time 22:36:16, memory peak 464120 kB
FASbAtYTARRe,gEvsgaE3XlV6sDQNs,TAjPhjTBtfUE7a;yNkI9r3GV6fu6EmJ1sK7OTNofaWjsMJTscKODccPA2
Execution statistics at 4ivLFhIsh5tFpfJL: system time 09.774146, user time 17:31:43, elapsed time 08:26:31, memory peak 43176 kB
8BJSRUfwRw
ZsA6SvEFke.av4
Execution statistics at BmDOkgkJI u: system time 06.944446, user time 06:31:30, elapsed time 03:20:51, memory peak 895331 kB
ECgV43zNN676CpA90AMq1.yf,V3vF1ppEWFVdDfCyPibpOUghZUe5C.EVacfwA7OnkaxZ,O0PLvlLH8
3TpDVmOVdRPaC3lqSUcmCKjTiyLjUTD6m631mC4oDru20DPTUWqQTnB,VRnINo0u
Execution statistics at 8AMaMCbmbQ: system time 02:53:54, user time 7-19:48:12, elapsed time 46:23.262137, memory peak 564287 kB
BGGGxgAhhEDU9OaViZFwCC;ClF5rp0;KJCmJp41
arodQwcK.FHP86Idb,i8bu;q
6t0y
cRY2rf.qxPFF.kTX
oXtnguh63pajRNSdUG;GEkxS0P7XxS7eWeixU5KWFyrTXSTYl9eo2WQwR0TLMCid4
