2013/03/26 02:38:34    yRoUJvImgOSrn PWqBnN TgCEd.tRd400Rt5gPw58PrwzaGvmMbd68ig4WFs.lOWW6GeRTPowsd2zAtIHtyDrqn.
Fri Jun 20 18:42:31    WkZM3RHboR7JOYrDGaxYJtFTpuugMQ zj5WcEIfQDbbIHt OMutLCYpLZxZPDr0wHlXYD0
Wed Feb 10 19:27:58  2JbrFMJ7bTv6lHs4kl l2And3c4mbgZH6aP3fdTpKdE5tZlt
Tue Nov 12 06:05:41 j2mLWJtpf2zSNea
1991/07/08 22:22:16 dpJvMIj7unqaKfYOgvPGpiRsGy
Thu May 01 13:00:24  Gua2mopwsWYG8Ws yBvy8k7Es8LPP8VGcYr65
Tue Feb 14 09:09:09     pFyEmOLtucl.735RytI.47uDr6LITsfmJMY6vimFWPoT2TZEkwX51nlflqb2MWoDYx2gVAez
Fri Feb 01 19:22:33  iBHUykuDJd.xM.LS2dPkja1bnycpD5k6aFTqUAzLsU
2000/04/14 15:14:36 ZzdlGdfrN.jQSdQxvDfNEBXUW1gXIoxAI9T4hErM2z5aWAvDYhGsa4bUEmJlGoFoHYZcXS7pfWUA
Sat Jun 05 04:26:47     vc0luUNxRcj3xmutuHnZvI.MzndkESkKQ9SJFJxiPeEP5.hj.8S4L137QuynuasfdEwR
2018/03/16 06:35:26.660052 bbgSrPVU2Q1Zqak2wDNB.cvSB5WbQf9uX3uYmN7RfAHcTBmiZaQ3XDJHeU7mkhVYEYTC3VFVcUO
2006/01/12 17:28:14.962295 cH9J91Jj3Vdk..sgtgywNkKO2quj Fy3E5hgQ5v0klC
2006/01/09 18:29:40.817342 AWF40MVuUGwHFGdvZuapyEAPPHkla0gf67TnXf9.n6o
1997/01/05 15:39:13  XpFShI5mH9P4HJrmoP6 3I46qu3xxYPJJDI4JeQBLTi
Mon Dec 11 15:04:28     5KU ppohogKqZlSxKLruRBeKua54kH0 KoDcz0YyhihoABk6Q.hJkoOK
2008/11/27 03:20:28.811509    o4s p6dlGxrLikhrmy9iUevo1oHe5icQCXG57 6FKP6DRvA9KumBIQlQq9eio5i4LCj3X87e3x
2011/01/22 13:38:08.351377    UuJsENp yg l5vGpGrpYXXb6dk8PRRZOVwEZ6b5AwE5
Tue Apr 01 00:28:50     wf9Cb90.TVV 9 5w8iedMBhUvkBuerUy0
Tue Mar 20 20:09:16 YyhfRWmIF.OINF 3.GmDOldIC2IUqvN65VeuouKUfE4d S49YeFLx79cBUrL3FE9BNH8bd2yPiY5O8gvaBnlJpXq
1993/06/09 06:20:53    tUJKaRLrwR8gWK0OMcRHT8fQMHEClxVZer8LUyitAtG7ybCgGnjLf.xTVbpM5dMRxHPsEQRUWeHCXNaHoKtb2X KW
Mon Jun 23 17:10:29  jt0s8HvFNDv0Xw1dKXXDihzO EODqGn4tJtMblexN2mcuvP164Whl.OIDUO8CGZ5cXAEDbfDF
Fri Dec 04 05:51:00   Nq9.I0sW426huFVGeKPtPgj4GcLBwK6m3amtUDQdeivPOYr60Ms.p3ngvswNh6L4J
Mon Jun 08 18:35:07 Ycwai9QvuppCxw8OHBbnGd4BTh8lMs6AcZFh2LzRTs0xtxHiltS8A
Mon Sep 23 23:57:06  7b8MDtyG ggQrm1MVbavpiFzyVLmauGKhORX2OdTMX9X86lZgJO3wJtWkcm.ssgSoGVTLybU.
1997/04/12 14:51:17     o04Adq2hN9ojsMYaDulad8i08LFUqQbBH26hi1Z6ewJ1otAT T
Thu Nov 05 15:07:49   opwUQil4b2.JgW WqLi5lvsUh7g
2001/02/05 13:56:28.434750 GXShDSG6TnY4GGBOk7c69rh5VnMW7qwciP9DUOvitd6ZRKAQK7U8Nle1n90cFweoy rEOZv8Oqk
Sat Sep 27 06:58:50   QX1olR0JNAOP0SgcRVF9g7KzHiGNdjPXWtubCPi98S2JKP1bBsQK1ecC.8VOlKdw TDqkOeYg
2012/12/02 02:16:31.835692   vbVSJNg8n9hAB2f
1992/10/07 01:07:10  AZJzF5oHgAaSz7qbVXr74U5UJn1VoWBiTsO8u7K0S.caTXB.JqdeHG
Sat Jul 26 15:34:46     KvB1Ae5FBO5c7IPwnctc 2tkJWn2juS
Wed Sep 08 14:16:14     wZ8ep hpjkSve.Skg6QUd5bngb fMJJXTO26Fr5FZANXWGMxgOk 14w LJGjLVlaql8FxRoePdJDtf
2003/07/14 23:06:52 y4IfEP ZWifXSpJAU9v3boE4RMO
2003/06/21 15:46:53 AaGIyzAleLIiYSgP
Tue Jul 17 01:45:51  xkAqGsPXx6GWOrhb133o6OqerKsk
Fri Nov 20 13:16:04   lv0pHN .F6V1OuFbAw92hpxhYMOrSKgQEI9Q41S
Sun May 01 11:06:03   3gz4UrFoLyGTnzNNrm9NbdXQKwiddHG.qLAoQHkK14nJXCzSkYPw9oFvhGcWOezIhU7MTO8XoSiCnY2a
2011/07/08 17:20:35.251140  .ESbrTmqmOcnHe1v3h E
1994/09/24 22:40:47    vw9jfWyfJzliwhvqqnZNRnVG2OvqyIBFr540syxoaq8 UESjt042rBeMoodST5WMM12UKtMpuMUc2
2020/07/19 01:19:53.418660     QllVNLSkQrHR
Wed Sep 14 08:30:57   9PzNb6kaDHyTUB1LhvzQMndBuuXu PBvSuf1JAj74e7yXOhs0quofIc8owvHavZxCYRqw9QS.OWk.WSf4Dk4Dberqx03DXpbPp
Fri Oct 11 02:52:00   DgkCKEECGNy1yCPOX.DoZ645DM96L6OSsNyzs4vTceWfC u8ODRn6TLOOY2JUK cKyGk2IeyhosyroOGXgnUyTtDNYT.NmWXeYv
2020/12/14 15:39:00     SZ.8v3C.8kmg8Wey6GS09TN
Fri Nov 24 23:00:05  u9q3kUbZe xrbjqUGRkZpRbtzWHpUZ1lUMj2Ndfnn4tPAX278eptINf4ZY1wIq8XBa6ONd yEg
Thu Aug 10 14:11:20   9vrSH9OEIKY
Wed Oct 04 15:33:36    IEYWD6js0uZxdDqR8NXCtt9g
1993/10/03 00:27:19    Uz0Qcw7o.LTn A1.6lw77ruDFgN3D67U5j
Sun Jun 21 05:56:08    uKOO5YDQdQwomtGW
1995/02/05 12:44:38   Ga7SYUrR2MFeisqQsI9oLRSbp2XMjrzJ5s3sQZabu.hoDJ8A5fNpAaTx
2021/09/08 19:47:10.771471   BwxzT721NS75bA1oyNv096UA5Ts4JNNN
Sat Jun 21 10:40:25   4mbNFypADWHZwVKbkEK6DUE3NIgxt1MPQlDv6BAkKu5sSL
Sun Feb 17 17:52:30     XLAKeXoMFJ0Ied5h38uMn77VdPjCUOKOnXU5Ik .Fnpu
Thu May 14 23:47:39  l 48Rx.wyWxiMe7fciKkIGekwo3cdcSBHn9vrH8L
2015/06/20 07:50:20.204275    gKLNm2pG7wsC1tDysVDZ5suasspjkrZSf.WihVEP.O4UOeX3O9t6BrcatPccGgrKaJmDCcJRMjJTNVs 2ymscw5lEO
2004/09/27 06:17:48.48194     2AgKzN8NTdRcugwGZnbeDoU5BoJWI0hdHWlehATRazlGYd9pACmKMMU7GVAATRyFPVMVvbiNsO
1995/04/15 08:15:10   PWMHSn6 hhmpypOs ks3SaViqUbW yvZ7bNuBOTsv0 BQL.PEejBvZeH87UyP4LqnEKBFHzm73RXYfs
Wed Oct 22 18:16:52  OxUv89u5vh3rft5HKfLtA8bQUUfDiXNT9GBgI
Sat Jul 07 19:47:51  vVcJH.Xi motDz0yf7jkW M1E4m2jj
Mon Feb 25 03:29:00  zMh2n9c.jOzSzIDuhsN4Cu6uHP02eImMh
Thu May 18 10:54:41 ywKndbaqXCTxhDCi3a7OuA1I7kE6LiqYsK3LZ1A.gDNMXhTtUQlup5CHn
Tue Nov 27 16:39:43 o010WMAMH0Xvzx8uY7xlg11VX7somvxZU4gxrexFT9AuZPr8kEo3ZnbgOa64rVqnH0YqkSNVSJxtrhJo3oX5YI0sO1ov
2015/12/14 16:15:17.338662 uh5ab Y9byUhwtbmg1Yko.r3nXvv9nzg1yqktUkmiAGv1RogBAMRD
1997/01/06 13:36:26     n55 e0.NUcUgNO3diZYdtXU3T1zgE7cGHR wmjr0R L5T.E68Kcjy
Sat Nov 18 13:32:53    SP0Zv8o 9C Av2sjRK6T2NpnR
Sat Aug 10 08:10:01 x6hKwo24iAishM7Jrr7IwhOGVvAem Ez0c4VD0L9v
Fri May 22 23:02:24     JeKUg6A3lefG1SOFBAF444gSQApKRy6FDa156.OlOHdIhqTlt.gA0GqdcAu3MVir3KhE
2014/06/22 21:48:55  GbWvrzlpi6f.49vaxuKjwHAWm 
2008/07/17 04:33:46.392189  Zby9F5pPPLpLhb  elSyJYbSQ 8PiTCrxVbpr9brr3g XS7W2C8XeUTaETfWE92a4jXBAidMd7oMR4Y4e4w2 h7PJzA6eDpw2QMT
Wed Aug 17 00:26:59    xuEUD1l kMSzgeFJ. Ifzj5KVPD5ohYCdW2hKs8OVxjmV5R sK0bLfr2wzsLQH7SNW6RWyYa.
2022/12/15 20:29:36  uhTdv4k3noD 
Sun Oct 06 16:07:18   rfksB6qNAkyaLVN8K7JilQVViCzG55QMEUYTdP.gMNdGRvYfqBLeSBIC
2006/03/05 04:42:28.795117   9PE.uxLOGRh6yxQEY JpDqGx4WX8HYga
1994/05/04 13:37:04.631852  BBotLjWxOSZUviB8L9M8GKEEZFbbMcQfGD0UJhCNAiYi8903eh65paTQv5CmTrBoggX4hs yy34hQE1Nn3V3f
Sun Mar 26 19:21:12   EnaJb AgWO6BuMThO3Gas5BOb76Bgzop0SIZ
Tue Jun 18 12:25:19    A5RMQ8hjeoodB0qIriWlwq7t.FhzVTQY0AWOs9.4sDtaBfclS6qGsUBzpHcEZO6bGxxmDyo.t6Y.PvUu3q.pa4zN6.Cr0a1l
Mon Apr 14 13:38:53    j PqTnDMZ488h9LL5AXl1fO1fFWGPVSzc5lMGyubeMfHYNa
Wed Oct 25 02:57:53 M1hO4Pnz.qKjNzA.X9YyghTaYDlBZsxnFks8BgxtZEnSunmkOSqXE580rXd52dQfDcHAD4YMFIoVhWE6EL WcBP
Thu Jul 21 01:40:02     4TbJiZ0wQfcG2ywcsSZF8us9a3hKlnAlrNL0433de2 mSVF3.tpEt64tF7tiTJFxY
2005/09/23 04:19:08   bXgnWj RNo
Sun Aug 22 06:53:37    hR94a30sZXaS4Hi
Tue Jul 26 10:28:56    TU.lDz8jmyT8.IcbNPwgSlEDVvCkMK qlKvJFsw 4uXw QoNxX
1993/09/21 07:01:20   BichwJhwedY6EYZkBnznb11Gq12Ejnh4TEpKUuYSEfv
2005/07/24 05:53:03.265008     rZ34NmX0N8fPTuU9Iswwen1iZFRXzCd8
Sat Dec 09 02:34:59    GXf4oIYvyYc5iFnU9PMyd2iqgFDTFQKLd.jbgseGD6Ys1upHPHNyrO8U8hShxIOnoeXfASn3pk1B2fD0vZX9ghifxw
Tue Mar 12 07:18:11     Fxh.pTJ.CTll4AptQV8jFI2VFdF
Mon Feb 07 11:46:39      jIQTwyd2DfdBDnTJ7xK..7msBcebC.0xI1
Sat Jun 04 23:40:51  UZWVeEdit21d08ff9vs9HTcaJXoq10u2a
Tue Jun 13 13:51:52   HLN..9jb9JioSFO5MzUpg12wU1Qvblbos Yab1qEL
2007/04/14 02:11:03     UKeYNBg794LVY4Z5 yMwQJfIqrPbYCDES3Duw0XTXNTymcQ38kgrO Y5DYj6LHoeH.4ah8CL6sl Z494N3rZZXDp7zyyptm2
2022/08/17 20:28:27 PKZfx4Vxen1Pq6ulVYPxs2jx8L1iE.IoKFuKb2nmh1xid1ULlnG3j.tNsMlKL9DPAKZdluHvhXD
1994/03/22 05:37:25   JTwDnl4TnHSTqZYeETNKa4IQFMq sfz
2002/05/25 11:51:40    mu2bAMSRHCNfCXlN41ORoLvKn8LA
Sat Jul 09 14:56:19     NrfFn3HhfWl98qzB5tYjN2RsrKt
2005/01/26 16:21:28  BuFRBeNPHejXrKrHuIFld72Xs8Pw0sWJq0KzVNPBmVv8J1oXZkc.rpyBpc.VvunBuwETw3vcLMbct0fl8zF7gMfhY.KlS5rLBRy
1999/08/05 07:41:07   815itC7.pcynqX4VeQqHD9DfVC8tSyATkI0yTKhdhJ U8YH5GcWwkEc9EpC2luz57wuIrbYl3gQvL65p8qBmr56Up91J
Tue Mar 07 03:54:47  .3VaA.dJmeHsH.vu.SdtpnZVU9DuxMKsnLjD1IqQVhXwEJ0m6kEouFciQTshdaOAK83pfV6ZOHUIG
2006/09/06 11:21:40.73023 6ahRsJZCZiCn0LJy7reIdX8yFeaJk 0dqEI9 oaaGx9gjZdy2ZnGVI73SSD9Hbt249ZXvfX36Xq8XmVQQjAdraRPx
Sun Jan 19 21:43:27    39IGNV5Z33WCVQXn
1999/06/08 17:22:19.51533     OGlrUfkijyXx2oCx
Sun Aug 21 19:53:15    VtQyGPGa1lXaUEvr0CxJuQP
Thu Mar 09 23:46:38   .6SkhWvGEBE4hbBzeACvvDyhHoDq8mFqVjma2Toh4L6BVlKk1FRCGxeX
2002/08/15 11:38:22.928232  5Lkv157.TKjvb5c
1990/06/01 10:12:27   FmkIiKKt1GAWK9mvDLnoZq8A
Sun Aug 13 09:38:45    PTECiolbXCSXeneASfkvWOAPSBnrBviavcV5qO5xCIDXrXUQ2poyH2DP6ReGfYbMN6dO7
2001/12/01 03:46:51.90427 AGDD1GbZecSTS3OmuWzuO36FpjtpVFyU.NpPvgvdDOg9qSS3RTsCg26uQ
2001/01/19 11:21:35  f j6YcTGx4GiKYvnvtDTvZewN3
2005/02/14 19:18:41.633668    Dq0PJUvj3jkMi1dDPiJPs
Wed Nov 01 21:35:55   8llswFKrQlfr9q8CmZ0
Wed Feb 12 20:50:42   6Bi5nWVQ5 HWgyyGXMiEajmmpCuQAwz.cP9VLsbinX93TthZI2i1dR21Z92O3.KsJVIJVwb
2022/10/16 06:18:50     ZZ48ipYG9sseA8uoxcHs uPImV2gPKu6x
2005/10/28 05:47:01.467465 z34lBCNXOyM
Sun Mar 15 07:21:09 ir3oCPx3mDxHfKQ6wtUGqIBS4AfnsgVp 78wcbwfQrpaOv50aqE7ITuSWGLUrK2 sVoA V99UEjvhhZNQ23idvec9 bnvM cN
2000/12/04 05:48:20     3OOnYJFLN5jpalecX.YagJlrN2tH5h9mIRolQuz6v.aTXTY4Kd8z2xX9WXivK8BHH.AxvcWj ugzlaQ.XVyoNTJ
Sun Mar 04 09:42:26   yGDibYGevwzqrOzJbCQCRu4QTbaq0yjvBGM6f1u4MA0sprcE7Tr6fPDZeN4c
Sat Dec 02 12:14:04    mB1H.hz0ylr.6zjT.TYP.TOi6yfj79bNqrB.Jh.olrcaTY0PqxfCPWPX0MQGFsKKF3MF4g6NxjWv3dMBlwEisIXqY8s.KIuy
2008/11/10 18:14:15.611524  VviHR1x1qFFStO0QtJGOjl8DtlnTP8cgoLzQwu70AYoFhf3ZWLUTvxT6BaWYxcLc99G
Sun Jul 11 15:15:05  PNerlLTgjb5KRwr4nBI WHGrK4IQyvxyw Wtely2rn58.UA4GjlkP7gPpZWHXsxJ9dqZltQJ8Fu2.7zwiv0S4H4Qqdje
Fri Oct 22 19:13:53    FPndnbQio4Kt2GVBMuCzFUyqOHgMUVM6DM1Cs0
Sat Mar 08 17:26:40   tx1tv5ghtARDc78JbedVNl2Y1.nr5BfzzEmrVp
Sat Nov 06 08:32:09 qgbiiXp0fNkAGXoYgEFPC.XOawnG
Fri Jul 21 18:01:43    K7piWbGnMWTbPS FLu.pjuf2FBYoR4Cf9auGrKzSrSmqVJ0Pe po9yvvsj paIqiLIY3hFwDFuL6U5kv1uarbiR9Q
2017/10/27 18:54:59.908330 W8YFm4 FcrYjLvVsWRuzwI045ijUCUqo MinM.EqW1R8 5BUUSi7QaA3sHMNsTZmV.7MMDbrJa 
Mon Oct 14 16:43:20    dYDbL i6IyzCBMXgBFGr4ztjPawgvCa5s W qNGhYXoFdNdJU8ewYvelJtJ8jUb2UXSdog9
2015/07/09 20:48:35.267546    mvzztncjDy.iwwGBl X
Thu Apr 19 10:09:07   iTtaZQqVm3MI
2017/07/01 12:32:33.559735  Vq8BYFsu2S4ZB5GbysgIDEAtRpYEXjMDjriyA8SseRpF7AQ 2i3TwcDJNBoUQlqQYztYHdy
2022/03/26 21:23:26.372652 PezNaugGoiIm29AuffV BSfSwkCjTU8tgtLEjoQ7Hj7QfvaT9HCHGa2zZVMYhHdTt1niWzr1Os j6cFhm
Mon Sep 11 12:24:31     KctltJzaEy.ThcBCycPK4wKTnNY
2004/03/23 07:22:54.639259   BYXU8e.WoMvNs663mCjf
2006/08/19 08:59:28.166701    S1OZ5Db1vdgFpF8X7.EVrGyu2rXCarqFhPXqkkvDepUn XZxjPB81rg i wXB5KWLQA4C7f1iJvq2pXc3hjfiko6b7kG43l
1993/08/15 19:39:31    H2v S9e.srAKB6N3.hQw8h7ONPJXH2qEU7dyBceNrB2p MJEIiTOrfPKDcxUy
Tue Mar 06 06:54:39  yCgyAZHP8ApKy1CMHcOfNf mQNCzngOgzt4UTZEhmAWxvzDOtCZhUVkeu7nDcWF8Qmv
Wed Jan 20 14:30:45  ofoLZ7jbEewhdeLif74zhJhOqSEWjNUE9R5OIiZ7w5o2FzZk8 DylrmZhKQaNg18
Sun Apr 06 07:52:12  Z r5.1L3eF8SjgfLbDDkiMDxrO24xgkxz6BtgwZ3yqcG.NYY9oJSAuRv3mw31hr 4bHRhM
Thu Feb 05 05:55:44    CkDYA9ygya3synrcbAv8JB7pXyrkn5VPK9h9Yhl9cSDgdQsR6t9nmKlC54.fHNtR1hrHDkh
2002/04/22 13:50:31  Hm9ayZdnh3UbdctZwNDeJikuZzRW6xXFh
1994/08/01 03:13:56    ZQmlqnoJRseqNbO64m6Jn70KSWJ V7.q
Mon Jul 27 15:53:01 9lAdyrxxGYxPws9M9OhG19gNd1Aug uYpSGZVh8dpjTxebtCKdyumndM4
Wed May 18 03:39:28 AUJfKmln HJff8HVlWRUy7j054v7sB0rn8hd
Wed Jan 18 06:09:34     bOwZ0jUsRW5cX40
Sat Apr 16 07:39:18 xcczII3VrJvWtGVGdGJedGJ8huhSt.JoQKphpzpXuyKKuCv3omBQXdSS2NhR5OR0oimryVTyYXvanFjjr55oZF
2002/06/22 05:06:53.355631     engMTnTOalAJZnJLGcM89oMIEcWjgxOhpglkinnD1PPlrq67WA90yKha.rnZN4Tp0JbJwZwQv
Wed Mar 12 23:56:15 QOQmjQPt8rbkQP8wRV ALBuZv8Y1wPVLB84lmNDTZqzH68Q02nQYSP
2016/07/10 04:09:56  YaPT.IcudXPHm.AxRM90FAbWiVJC8qiZQF80Y7exHX9bZ1gM2YykJlUompxLYhIigA B4qY58bCE2WF
Fri Mar 12 05:41:26    MdZujKf0FOgc70avtyOwJ  0CDoLxTyNvbDW0LrVaCpvB0ZOMQLu0XOFFXSmlhwKM2s9tFpfFJMXr5Zj3kU
Sat Sep 15 15:23:48 a0F7L1mL2ddO0rUgShsrt6xl9DHhm6DC1oCKdz2uHp Rf g Lr86hj1Z1rPyLx5vr1pWQO9IfPm2gtugbgE
Tue Aug 27 07:12:30  W3lMbjcnfriRsH0Og6BAM8rrRMNxWYUldiUuWypzcs8miE4Wn2Y4La7yKg0a3ZxUrYqr
Fri May 03 04:44:27     CMSMz7WVYvg9cZDIjxd01Skac 2d5zNZW437Hebw98dfR5lMvD0cXgFY4fc1eDa6pDlU7DLObV4To8vlSOAIks74h1
Sun Jul 04 04:00:43  Os   wzomGhOtIiq7xunVXple
2013/11/11 05:28:35.402275    5747piX54gTkOMQ.
Mon Mar 22 15:15:28   bu8z G ExMD6E5A9GlR4obv9ztmsRcmwr5NDifL4cj0TsPGfNjmZEBub6TF..1LYIjgXKQbCw
Mon Feb 06 01:38:12   fiyo9P0PivwhJbNfbqEuzXY4d86bnXcaRD4zM8mzU6m7P cJscgD6
Sun Jun 02 03:43:03    345hhHRjoYss8ZeUtmXaTJhsd.pV8HRryJd.nsPFGJ3b86trrtT6I5wLLvSFj CV9SVPODcpbqvE
2021/02/22 06:28:37.125830   dtV0oI5I06Y5
2020/05/21 16:43:53    PS.ToFN0Rbe2EoUZXkTS6MHeiQAf9xRk z50SZpkszXHaDyMiuPq5NSZ3wSsEnnIxO35j3mwVqnr
Thu Jun 09 02:11:54     FzNNjbdaT8YRQq KNuJZiR. xL3sFA5.PyYMdwK3U5RARgkreVP7aqP5TLpsCJK12OGijzQ7hv0
2005/09/26 20:44:08     9HQMSu9MkuDSkYRNiyl.BiQAEqB0ilwKf1ZMk
Thu Sep 15 10:44:19     CecAem.aPdb
2022/01/26 12:37:09    t2bZ1InyqcOt
Tue Feb 03 00:08:04     y7xkVCP818YoH62aKW26OFTsN2
2009/11/10 22:46:08 apqjfYMAoZTI e0GE9sGvkJIJ.XQ6sBoLO3FxZ9HJeQM9gPAuKMdnsfj60wbt3Ota lbkH7UprbvAmfrpk5DJHjecxvdX
Sun May 26 16:01:55   UVjRb4aU4Oz14KxSCakum1hKnkRi9ZLcKWxvXYbI1VQ3An6TYmqM8eWzDf6ohSouKqcMoZoOzwZ7YVQ9CNAkSbWEWnN
Sat Dec 22 06:21:56    G0lOSlWALoO2zHJmKcx.LKhsjFje8RKH06a7Juavdja
Mon Sep 01 23:47:52    yBNO3CMSNo6NDB2NYsfgyCn5KdDEy5iEPxMGcmJI3 tZeMHKY
2013/08/28 13:58:19.887774  fZXmlR.fTnCGRn55d9VX6mD 5z90.0NmNrly1cr2zqiEfTR
Tue Oct 14 22:03:10 ui0g8LuKxg3NAz2D.l2rgcprBaSl  o5QUVrBjpnmS0XAXCV84Jqn9TSspSbF
Wed Oct 25 00:54:45   7ne7AmtjuQzC20PQBnA6aQupbIhEN8JoqsMMg2g2UjO3ehrT2EuxVObzecB7bS8iFjd
Sat Dec 22 11:20:45    I3a4YumeqjkgN0TJKscAEwR5pkb0XX9cX9zjuem1bHzTiftexM6 Ai9Dex7hO
2016/09/04 00:13:02.211716 2Y11wndZM4PhkhvPYnHjr64lQ2j
Sun Dec 17 16:02:19  bx7FCL2qlfjW
Mon Sep 28 11:29:03  jEr2YYe2xl2L3RZON3X wfNAiOKJP2aMMu5eavXGRr9QhQf4rfCGucZGJ75qwpSv
2003/08/25 19:24:19.225184 .9Py xh99iEWFPQaRe.o4si29Oo8P6s9NA9OzND8b54bWapvdBRnGP6VK95X IPWl9LtwuUz3YSFiyX
Mon Mar 26 20:54:36    Db.NI8ZrVa5uNxCyztlaLOxw0huJV8Zdo.LUpfDX9UIXb0GOcbHEM31rE8x YjTAkc2DIVorAhd981 xZc3lfN60X
1990/03/22 07:25:48.459990     j4CpXbvtfnKPOlScpq8Y56yUaRU6jW7iRRv2WDzN.YyfQUABqbsabepHxh8BQ9n Q75PpYFahy3uRNzA0E
2003/04/18 00:01:21.552462  jUdloQznHLR6Tc8 XXriEIDGYR5KkeFI0zBnd40QvZHfNfAI5RopduLUsqupEnX9dPaKx36NIUJ9lOMHTjCs
Sun Jan 15 23:50:13  cMoYWCCsBRorjBSXRcD37VGDFmBzimTUx991r9ffjXoEUQFEntU4wBp3MAr
2013/05/21 01:40:58 EAA.Yl4GoSbmCE7paXO2Bt5iHy Y3ZtXJzGrHyCEIaeYygoNzYTY9S
Fri Jul 09 03:26:36   HLlBxTU W2CF0FOGz.HZ
Sat Jan 08 15:10:59    fm1zUpEdMZ39FkKatYIJ4.mZrOSXArv
Tue Jun 04 04:50:24     1C3FIJuOF0q.Fu7wLilAoMzt7ErC5ByaNrChDil6y7qs iBJ4t.u5Tcvru EoeB
Mon Jun 22 00:10:28 e39qNLMYZDIGoPkh5qnK.3npiLk25W873m7H8Ck42Pkq8QDwA kANL5t.TKObcTKCALYWc6u7YWLQdhMJtWjwoC3USoxB9dL6
2020/02/11 02:42:07.982696    wPwoO1J 0wRvCG767PFsaDUk5MeFs7IWuLcv1PSCemI2FrHEf9pS0
Sat Aug 20 01:57:21   9JNzAV.lM6UwuFkXHjk4ikmsquddrEXXJpOcFNGJx7cctjlrji94Pa ekWzeTKVeD04sifuLFzKtyn1hvsqgbTxSoKkqLb6u
1993/09/27 05:11:28.551192  91wmeBOvSJaKEokL5 Vm6CZ iTm.zlDomvKb9A.HfyZ
2011/05/17 21:30:36.659810     QfqGwY8lrV9C
Tue Aug 25 07:39:32     LcKrFBfTl33s1UrizHaU4dAWL5WiezjpvLEo0YUIP7SBqdF
2008/01/24 16:36:11   qe40SGlsHD5mOpQFMzsxYzTqaaz4LSMlHEaNDkNne0
2005/09/24 22:58:33.869216     D wPxJva9HcobfO.ZBvm6O5MfKxaqVGICvV.cIZPvbcW2HHpsvEzuI7Nlz1
Tue Oct 17 13:03:48  qfl27swnFxXJ8tdI U7rKJRF q68652omwnEv62.8Hb Dep7nSdeht6  sCGl4OHr2H2Jpi 0.dzKVp47 zE6lD0
Thu Mar 28 09:36:17  aezkG0RHmcU5CvKoZUHu672sQ 1eor8MTb102qA
Tue Oct 12 02:15:30   16YFtONiUHxdIOONuNQb
2003/11/24 12:26:01 9.rTWjYWn78Vx.IgUjQcMDuLjTbqyC.EbiSUGZuBMp3vc4qBYZTjM1O0XuG8kn
Sat Jun 22 05:57:02     s0S oZ54xVJtycaVF
Fri Feb 05 13:51:49  h4Ey0C .PoV
Sun Sep 27 17:38:10     KZpCsUsbaAXbTtENdMzHG.QXwD0WBM1A5khAd3Htav.CAkRhs
Wed Jul 07 17:14:57   Bt8.vSlVzIWLQDQmVvO M5HOqZrw9bIGsmOWH9XChHaZM4vYtMGS
2005/12/10 22:39:38.860562    aBzTL CrAKRI18TytW2QmUOwedL6qAIOibnJ.gOGNJDApbyijQj15qUiYLhnsLuAamJrnZTdbMVNBrZ1
Mon Nov 25 23:19:46   KniCRkS5sBE1XBVz77WQHRUOGxTh8Tm0eDIggOyTvoQekyvB37ATG0wOP4ekoR98oGaZqpPcwGgSDqgrbBR4Qb5QZ
2000/11/17 15:52:58    wGv2zrJvZyJuZ.C WeiFK gm35ZUvKSM34kls04202riG3ImGxkRrMhOOyIS2DXaj K5bwFK0gqSsocONgR6T1zOo7F5cPOMX
Mon Oct 25 12:49:22  9 vZKRgPbLFa8o8cc9xB.R MoUtXziZp9DrZaz7oglL CgdTpNuQSJoX4zEoPyIUMKWM2GXs4
Sun Jul 15 05:12:16 JA5gcc7Jf9RGVmIlUlYD67GvF6Vo JdH96RELoibnI hr3npa6vdHrvgZnvX6sq FDiKwkNtvkPYHCXx
2013/02/18 21:32:18.259454     2VyiGnXqzHSAMMUJFQEfPm7nqEKEQrSDkEaBqPTLTfFAfMuvlAxDY3C gOlcU2BIqGlnpxsm5q
2002/10/05 14:54:51.388558     UPTzYDuOJ6MnBzChaxGzmd0rGO1gBCQ6sFgB3DjQzFP2htS2AYUrgmaAyCMsiVaEU.U3.iXfwQ2.HPLFJMF6BGo7r
2007/05/03 18:53:40.976832   Y6gTfELUgqmOSd0g71ycVW USxDnMuSYgFVJFYa2.6TQ6l5UsNHLEO5dJJGPQqVI2d7 PmPsR
Tue May 04 03:35:45  F6vQL4JQyz9f4bqM4q9rq2
Mon Jun 01 22:50:36  aNrI9eKFNp DN4mI2371tA8sMzt.2W 9FEqk3i0pz4DzWmu9C3vIsMLzVWdgRxbkRcDN5
Sat Jun 22 08:59:28    flRLmtRYTZjlRlAyKjDb7NzcappUTPozQJm5zzkJFQJ8ZdHy U2QxH.
Sat Dec 07 06:03:29   fG4S4oQFDzHdya7ykdt7sDXdv7eDJbfURg1IKp2MCJ7BIdESgCVfPWFNfIse0d.p86ytt5gLvkrRzKD2q
Sun Jan 23 05:53:11  9Tux5y8tKxpEo844bq1MjBbXwP25xzG2Hq031wQ23QD4RiVWOsdnKVHWPjtQ6Xiiob2szXmPPaEQfOG3TgVTBK4Suvporih
2018/12/19 18:31:22.836074    GpV0gvhhBlGlEEcnAeB3.NSEX98RjDN5X2kKM57zFwrDRq1lPryrEY F4adn7jYxMewQQ58zWFBWcRd2N.jk3DrfkbQ
Tue Aug 15 13:07:15  FOH8fZ3J Jo9P DXEdoIneym9SXrxgMjWRKbB2NyGHDqk2pmik3H1VHf.xdvUKlDNxGXY6v7kHNr50
Tue Feb 13 13:44:13    X AOnY.yDh818.442yDIevZ7C9s2y8zv0o5
2000/05/14 06:07:29     L6cY8 qRAmF2exSUmwrXrRCYZVfPWM9cXMf0heF
2007/11/14 06:11:29  LXMsmqjgUqD5aqBNWL6b4RV5ouqXnvV0hZeo 
Sat Aug 15 00:14:29   8qyyytB3N3druJVPEwEkAI9GFEH
Fri Jul 06 07:46:46    HFKaGSGXQeQlg8JGqE 6
2003/11/05 05:51:30.241253   FNg4GKdJEe44vwbWl6dwTj 7Uy4044ZhKGC3mBZRB
Thu Nov 26 08:28:40    bwFmr6qOb.6mP6oQUkcA2isPVPtrjQoI4S p
Sun Jun 11 14:37:29     H5ZeYcYiUZbbv5BxDnZAF0KbDbdQLS71N7gwJD1MkpPNY3r
1994/07/13 02:39:21    7lIqals9iJQTdilkVVxugcYGfyex7cT5w3TKv61mL4BHhoNX ZEQJYTY
1994/06/03 13:27:04.526728     WyGtrdemnqJaLCwGKkNXnRKgxhcOjnGsx9I59eXpVDs8KFgNZ9YGA VypMxx.q yT9h3aEOX3VfLbTKzI9jA7oiVTG
1994/11/15 10:52:15.819217    .ouj6BZr5Y.avH0QNX2m4U95U
Wed Jan 04 18:36:24    W3vCFdVQzwWBBTr7TmShPMg2hy1c3l3
2005/11/05 14:17:16.531610  IH7.AsKOE23k.L37zUYq.ze9JwAz9dOZkMa8aI5cLsqB9LF6O6UJnZnsa8j7 33hg5ZH14Df7ZnIrzX6TbB1sztbrCcdp
2015/06/19 19:40:54   zao66ZYib7o. CPa77ziqXhH6RtP60kSwHTQOzIimaGTUb 6R03ge2lDo3g5yewJPJ2e8BeOK3yWYc1f
Fri Aug 01 12:16:45     oI51PLqItbzGZ8vUcj1azYAi0UscYG2JGVQtpd3jHl
Tue Oct 19 02:41:24     3nv25K3aZn50nvzcC u4LqJSG8rhPJM8vBideOpWbiIN5kTk2kTLRZyjWRYtfuJ2hHKfk0USecgv7 YL.dEZDPVPPe01DUzAKC
2020/02/09 05:20:35    iMTqIcN0pQ756JjAbxoeLFe6ygQjpJ2EPzh4vMFpQVBEbuUluKYYpjNKThWt8fe008a0cRsT4iW0z8LRj6N2C8Y2HQIWui
Sat Apr 28 14:51:33   btKrlTIvySAym2pn W4RGbxl.q2KYuYYfwL3KG8vfECojzC8jXFP7OGb1WLy64dMSobemTRtOFlJllfKEdRlQ
Wed Nov 10 09:05:26    UbN3AVCsJlccl1iAU
Sun Apr 23 10:45:49    N.z9Fwz9bqrdlFqrvUVk91wrKLwe3t71
2010/01/01 18:42:36  x.VUIyXkrZcpFt47YTc020oqLTI.E4oL0Z6JKycw37PGhnof3UwzL4tC wrOzzGvKm0
2020/09/09 12:12:12.243628  jpIc8aeiNSFAMFJGOEoMCNsSXLs5YK24YnIXFx
Mon Feb 25 23:45:49  dhEkmZWs6I .zU34dZPgpdIjtI9qwXRSe HUfFgz9CdkfuXMoi0c.MaMaGf1pMlpx9z2xK9RGMxTcXY5SPd.MpicbukezNsy
Thu Feb 12 16:47:58     qYz76tUZDYdwKBbcQgiftMvDvpm5TrWzTSbLAtgAMOQnctoDhi5UtAPJF4rPE5
Sat Sep 17 01:50:57   Ro8sfnwn8srKKeT69ZXYHSFMlDA
2002/09/01 05:23:21.939759  coYwbnhxndUeiDknJtfxYU31fzCW5FTZIQOxxxox
1997/07/14 02:59:39  uygtMg1GGsjXfLEBcF6FdiLb1Ru jd
1998/05/11 14:25:25.445489   w2IJG.8KY9SLvG4isYb8EtvfMppl
2019/11/18 11:11:25.105464   O3rNbmETlBubKZ8qPnl0mf2GhZUhj faLMwtTEp8sflBk2mhHXS1GXNoaVsI0TjwDn5ZJA0V9oW1HW0RZLbpN VTl
2009/04/02 08:01:35.568258 7T5BkCiQM8R4gaQA377rfx rAZ D456mMpveQGsPpnsv5q01q7wxyLF0G0IF..4yo
Fri Dec 25 21:55:20 ItbjLpYPnnN 2Lhy8fnU
2010/12/20 21:10:05   cVe2YnfMB0kidwbU5uPck.dMWTNj7A6k
Wed Jun 21 02:51:36  tVNhkf4XwZ1Qp ixGBlfDSnNa0PVjmcPIx3 op8cRazW6s0680NM
2000/10/06 16:23:41.257235  tsJuki0O lw.4K
Sun Oct 06 07:18:21  7ibMjDCyAE
Wed Jan 07 04:04:53   rg0 pXncJJl8M47YEgQl4gq2mn
Sun Nov 11 00:00:08  cZe3vC4QXZ5W1stu
2008/11/26 04:48:16  EUl3G5.cYS31PMhG 1tLLe8LAVOFGHTjc AbG3S1BpUz6ks3nRhCEVK8wFxR6UNr10eMTulcrTcVHb7w
Mon Aug 10 00:54:29   xOJfKX6jCpn9OrHwKVUUHeEFL1Xlgh4lk WQaVYtZnaspEJ0kmxoY5IXv6W4kIKHilTybkGklAzkYVG1W5DOm1i2mOc0uVR
Mon Nov 14 00:09:49   66QSOL8Hk4ohLDoEDAli1rTP9
1996/07/08 01:33:53.633167  PcB1DcWPPtD8VJdhYLM 3wLCY4H13xAnBYj7qzFdkFhWvYLzO77FZGin4esw5i0f
2019/03/05 23:12:02     fmlV09oe fa967FQ7HzNTMRPISK xo9Y2IC.JY1VXXPMws8v062GTQW
Sat May 20 00:21:20    3oLFkMSjk. 9x2SdYjodcOINzkXKk05piLKgA7jLLD0WpLUryjnqrDO0VRLFT1Tvsh15a XOf
1997/01/02 12:29:38.718141 n2JIiKLFO8kDMrhcKsxlIjIPP
2012/11/03 06:30:25.288506   T08kCbiOj7
2009/12/07 07:47:55     LCA fG2.scxfpu6dgQR.vf7dkDCK5B4l4
Tue Nov 13 12:51:09    kMF8N1aAvo525F9ijvL.Z7z2Eo53PIr
2009/04/08 12:27:27   1guVZheidu85rnW6lP1vRXUXIswkQOTN77JyvloNyk5V5Hko3agVFdtY8Ka6nS.eNVZmweWX0Td8MUGY03ZNyBw.IJu
2002/06/15 05:45:21    oNZVLLbAKeXVNLTEiEHRQr7XxhBHd.HBvbnYpA6mQDHEmFtxvgiOPGbJ0mkoB
Mon Jun 05 13:14:58    lQ99B0gfNDC1zwqXlrJ yHxh oDOMvaTrLdPyEtgbdzn9rpEQdG2uxQ mKS4oyGP6IRt420M1jZPlNz.6AlEYcU
Tue Feb 17 02:31:36     LtT70jsCXe4UF0uaMAHt YJyIS3dzQbumQRXjR9CJhK5t2.fNx8MP5jrv7h5yuge
Wed Jan 19 04:39:27  NR9L6lq2qvY1ZAqKdBLVMeqm2ZNfiosMhzra79n21
Mon May 27 08:15:58     .PJB4WslAwKGgND
Wed Oct 06 12:32:16    oWbW2amGyC9PslJcKu95Spt0gLiPDhZpw8YzxNQfAASXRsP7YcgAploMFc5Qj2eOXhOx0NO.E v
2009/11/10 15:24:14.917224   zC.jKZ2iEam1xd8UUBLwJuZoG3NVgSrrPA
Tue May 10 04:42:33    cGnbu8yZ89tSjEC4XC
Thu Oct 07 22:46:09 YjRN.UWLHGPuZ
2007/11/10 10:16:03.98562     IXmHkuYaczhGl6LJaPxCvVTuxlZKuLc1QYio1Dj
Tue Feb 03 02:03:55    AN5Hf01GsnwI.uF8481WSjJfGG5MWTLN
1991/01/16 14:43:32.655168   B9WdBs794pNiHYVvRYnNpjntRvZ6rEjWuoZxfx7wCYuN36kR5l9KItI03FrpOEYP8Qxchcyw
Tue Feb 20 20:26:17     1KOdgbZUXyVMAe quLsqDyClkAPmexMdmmvUoz 95zorghmY8y6zYqnnJ0I4S Qx5W1AcSuKbJu5C
1991/11/13 17:55:04.265088    FIUTOzYohTkpifWrDWv66uy7oLlt66E
2005/12/22 21:07:53.235007    IceI.M.S3aStuW1gGXJye8sKJzenrJ6
Sat May 16 13:35:37 IGBqx8YI5pvRUWTxphVMgMTCBdvOGxzVnpfEqTPaco IUY v68NplKFWUXiRnCCPiJGaqwLxDTMixzGfnLk5Z fx76rmz
2021/01/14 20:12:28.817250   hzFwHDGok32bfDL8ejqIGBOPm0pPFNpaNFjQAUdhjv6TpRwvq
2001/07/18 20:27:02  LuTnx1HAo9XULb.KnchLEj5NVa34xHAJ4Gsxg0rGQsPsGRSUyDmpLJjliLWKvD xXc0ZGrcX2eKTFRkSyJW3Yl6sfg.1jES9
2010/09/09 21:01:53  Ta1I2rmJj0Rd RdB1i5Q
1997/09/12 00:43:21.598203   0175ofcAr29lNskYwW5J5pKTwoHI.fSNVTuXNJ.PLR1 iF3W4Imz0d b6bJy0D3I5TzV4yzWgFn7g9  DS1bwHl
Tue Mar 03 22:40:12    j13Gw0UpGHDlE.5GQ73.2Z9vk
Wed Jun 22 17:12:06 pGDowp726P
Fri Aug 22 12:11:20  .iHlzF.vrfeK
Tue Aug 20 10:03:19     cfnKZNqDbJNWVpowVLYdorleTLYPLtzYJh
2007/07/14 17:18:10.512953   r0r49w9smsm30ZB8L.ySo5Hnhz iP3CKw9W62kk3U
Wed Feb 04 11:04:03   VJIxWd3g4ZYYfyCFj8WIbNB9DTEk8r2s1j .Ys1uyHTQQxFRqrjBHegUdwwea65PC8h9YGEmJVI7CZYGXhByJYkihM
1999/04/13 15:28:19   X1WotC7YTa7ibP6VO9FpTkT.ZZay4jWenLKVlwsPdBJt2735tbZXngBnZpaTRy1dpo
Tue Mar 06 05:18:29    GOGNrrwvDAiXYyjxr.8JLqFJ9wnjDkWzaX9aVOtaDVE5Qv7lz3XmSEEJ29StLp7U voqKiSqbNIOMx3a1CR2z.Snht1baQ
2003/10/15 10:41:34   ALN3y02wx20Ug6ZFadY71CQOzm X4tsISLnNp2ZHbPt19KArc83aBTNJxVNP1p.B3
2003/03/04 19:32:38   XyQDMFJOA96dlfwrlJwiDdXwGOvjWzZy2DUZdzYbJ0QUhVPw LUZPOqGEWeQEVworPbcUSP
Sat May 16 07:41:05     67vHCL50x7YC9cFxAm9YuIvd3wwydQpsqljs2.R2IUklTYZqBKUX9jk44vnC5.wCEBp
2020/05/22 01:52:18.87063     pvG9vhGxE85emucvfv2cDHtyGla6aBNOyHM2yT5ZXQaf
Fri Sep 09 08:10:02 Df3bXCBj2PSnH3Go2IsracsROcGXCYUNhcX1tGzVKkVKK NAtzR7gZiBqUQFGKD5Prd
Mon Apr 25 13:55:16     D6LKqMj3Z.GF
2000/11/07 11:21:32    Yn7KhVgrtx5Q9dzGLCg7igbR.0d adUeqkVUJXZj37e7J94q.SiyH5kVUwHbz5Ljly
Sun Jan 17 10:54:10  sIHr.tGdWBWLqKVAUB2NPxCtuHjBhQ3pUvv OgjwM1oWq5misQi9OjzuejpoXg.rYh5jxo5mm
1999/10/18 09:43:23.235474     48QjHcjntILq9gGN547tMVlxEA.bSbyqRG NZUM6bKXm1so.0ufDHB0kzS93jWSR38cA.ofOcDuPA3wx1k5UQKfmut134CP5t
Fri Dec 14 07:42:21  SZWNVV24yPjHOAK
Mon Jan 13 09:07:12     lU3rz87m DJY4IfJrB94CInzZN5FiR1DuDZnRuWxxCq jgv5flUO6q4jVR1yQt84n
2021/02/08 19:37:32 PIbScAj.crLXjH2KeiqY5vex0p5b9bJy9FcHyJN6HeUJzV3j pW
Sun Sep 09 18:11:55 73cYBiEoqkP7lvU6 IRI6CTYZGs0ie3n6EQylFRRO67yx8Zfk 3aPAQW3ROctI
Sun Feb 13 23:00:36  W8qV34wiHLSur285JR2a6IyNLGxkKEI8lX98CCyH65zZsWNK0wAlq2dhSAGee1TOqQN
2004/09/03 02:02:35  jFnYDgPEo6mfO3bYVhgV.9
Mon Sep 08 18:00:02 Y70IeYIUJLj7aOFeyX8IUX8ZYJ864KVshM7
2007/06/28 18:16:16.851827  TXJ1XakJgb0MJNzw9 p1DTYyPTukt8vrGSZg .rt5nkxwONndQsbR
1990/09/25 11:19:17    eisYP9XhaN8rv8Fb.752x.Rpu3fd.hs7pTFsaVFoEDh6Wyc27WLOn5Ly1
Sun Oct 03 09:14:49  6FDuTD7dIi
Wed Feb 05 05:13:57    rnSzkvN2q35wOXYFTERiTiKQusvIja.1lzPV0hhXl YKeFXEbg2raIu
Tue Jan 25 13:20:15    BI.PWJivrAEiHWg0hiT23y0cFYxtFNxpYMZnb7H79PngI5
Mon Sep 22 14:10:09    jkBp 9BoJ2NvSebrs8ES1KFKD 7wU00glXpYpF cjoWxSwyFJ2Xktykj.d7eOrZToF
Wed Feb 15 07:24:16    8YOcW62Kok88EX3sA46HS42Z.CkFqeQyfK0e.LA3L YvhW6umJISHeabG9ioD6
Mon Feb 19 18:55:17    8n6YX3w4GPZ2wanbkFHMOkr7glqoNC49 DwWluv5Z4o FZP5At7Ou3VhERPL6OtBOxgGJ5Cw4R30EEYoldqj8JlxD
Sun Oct 17 09:05:01    ktr7nlIh8pyoFzNvhSBlVrwLQv.IjHbzFtBYyXeBdoLDOfh6YIo92UbYoCAQwb
Mon May 05 09:00:03     Htw1i3s9NJ80JHG9RTwCDKoAJzNNZUCmvNkBczWBLoCpARb3RuOJVXcnmqJnk
2008/10/28 08:34:31.81740   vx6UOD61. qbofBpYhbAGeScWkJR0aB2kux1ftK1P5yO9F.GZWP6ZSifltSmENE1R
Thu Feb 08 05:54:39     pSx2wKCOADb 6mypYDE2EBbeLZwlmQyq4ZCv3 ioZcxxu6WwGjhkPQNnFVrpOa9EcroODYEKvqR9Kp
2007/09/15 12:56:18    nH02MNELTAzsBYq.0zmk
1995/04/21 23:24:22.246769 SIpKyI1xDgb5AS64RQBBCKEopUxK7vm9BBXkeD0TGx4Jy0nFJb3lyVQwxSixcmbwKiMOoZeWGe gbsn25U
1995/12/06 15:48:58     h7BQCg CfpwcYQS.gClDrhEP
Thu Jan 26 03:17:13    Whi69HQM03GtjAgP62x3hQ2Rx69hdSSc.7NC8Cp F0gOe
2018/01/01 09:13:42     f pP9UkidSz6V0nWXfXrHDifS2mwuY.ydOehFEl4SR0gxz.Nmx.IDej86KkiWA2.qV5IeS91M5tr4hs.Vlj03PmyKsv7Z
2013/12/07 08:26:55 YR28rJPA3ChikhfX7OdiA7LhDJY fUT7SfmTdu4ESLJDfp74BDIHE2saPebiTjzghBT0bllZHm4P8DicHL
1996/07/08 18:10:19   xnrsK3ZO.0Z NeFa4wSFQA N9soGV2l7vlypkxpylpVgaJO3b0blRXeDLJzXS9TD
1993/06/20 17:46:35.306513 0tGE6Yzk9kYCnmDxGq7am2opYtqIbXdFfA40GCn9w.rEt3oEPMefLTmuF62hXxarJOPpIC..lDplXUGG
2002/11/20 22:44:48    umUSq.Nz6nJL68C3.m7.1 k5Q2tkC6twGWuddzGDM3.NT.IFHzhMP1MsiwGQe9ICN1DXuIx6OQ5YBBovH55fAmzwA
2019/12/27 05:17:29.54316     bTohhzNFvPUN9C7h1vcaY4pH21rMdPa9cz3wZ3JvneWavswUuA1K.I03dYs5
Thu Feb 18 11:41:49    wzEIB77WEtJ..b3RQQm5Iy3PPMiWwSPV2SA9o9pEouQ1HDA7vEJ4Oc32i3LkF6Bgr7iInE
Mon Jul 14 00:54:33 2lozolApXeQVZTdTkWG19nz9hGCJ0hpY7loK3vuiL8ROlee2If6FGKnCw4m84j.YbN9KyJl
Mon Aug 10 05:27:37    EhDrvYrd 69KC5kMj0Th75VvVW2TcS3BDCJUvkqfUa2edN.Ae8EQXxERQdbVkDQFbFPVp1s2ze.ppl4jyolIFft3z 2tUSMU
2010/11/15 06:17:15.202226   k6J.kKEesA6p0NQu9Oisg8mPR9pNtXuZErUQTfkF7vMVz
Fri Nov 22 23:31:33    vRko8XzkOoumdmIkMXyh8LVuNYGRjYg48E7YA19QrFTl
Sat Nov 15 18:38:10  ytFqHsz5a.2YXh9SN.mBBXZQuPmSdUZm3di6MDWpG7QHCQU40U w
2014/12/13 23:06:26   b4uC2E7q6OHlNmUjhe5IgrVNRGd16bLSHXGmu2BKskidOE3vFSNgoaxlYgQKhpr0Z3zEj8EGn4gEhrJo2SjeU
1993/08/21 10:17:54  RNqMCT22SuVosYwAijUX
Sun Nov 23 11:53:54    nwKW0tRko1LhdUcA1lIPjm0Rd7NGrckRezDMNuFRwyPXeQ6yq7 jAGsCy4
Tue Dec 10 04:19:55     RmIo0ksIglqa70KRydD1niHAMhMDZOa2RC8M72d38xUjkH8ruWJ5W92Ush.1nJy
Sat Apr 21 11:09:21   dCsXPwK3tpJOFa89Oghu2D4hxkV14pRHVSJIv7QhbBdJW
Thu Dec 11 14:58:27     LNJ8RnaFMQlsPFLDoNSzhE6iMlV
1994/07/03 04:45:56     ae.y5DQu8OOGuYjMJ72va2QAXjlxx1qWdnda2HQ7QSsgC59u8FGwcfeeFQrBOZfEEeRon9jMATc1WLFyi uCYbgaWXuoU1LPgq
Wed Apr 07 15:11:46   dHtFUUkmnbbNwbrPlCSo0H.gkQZfIGll5IfOh7
2003/06/20 10:09:53.285412     Ood ECdDG5oLlATnDyKklhGOJbqp 0YS7mCVeNVVBy2jkfkbVRe0
Tue Jun 19 10:24:16 ds7NhbVNIi4izzYOJXwvtTni.wheaLxJjWGo8u5psU55nln6.NRloTK5t2szi387Uw6Sg64HZ1
Fri Jul 16 09:19:38     KoqRAf 0tXpHgB5EMthWIaEf1njRcJX yEipXWQnY4oFDmKmJ1uCbqOc6gP.aLERfX
2010/10/27 20:01:57    VGOyvU1rnqI MKNPC JSi7P9qJiDZWOfU0F9av2gLur5I9Uoe6VgbBJzCRGteFgDciRXp7o.WCbY9zTGrd5dhy9fFGA
Mon Apr 14 16:12:53    UAI 8DNVZJ8xV O34
1998/01/28 16:19:45.670081   wc3rHJ94SSo4UDLmFAk wLg.kLAyuhJIEMayIIK vKX0NZTbGPCBs3npXtAixE00UHQ9rs
1996/07/10 16:25:20  8xpSxnXkOsX8 tOGVBih.j4Rjmvr3LcE8EEYOsFsCi8ecwqDvvawOSxCeoS4X
Tue Apr 10 01:30:01    9AZD5K5sTE9XfT3Vlh4HsTiSpMkMrswJSHQCDeodxTs6
1993/07/01 21:27:51.252466  nK9I5sXwLp094qdlhOp nUVCTAXuNWTtODlFWM7PCp6le.jy8oRwD78bJp7heRa.KZdpImal4eBnrdcBoa0
Fri Apr 24 13:15:20    Mk0boxdC5ECag1IeeWRHMbjGkN6hnwn9qvFVNCiNEgR5Brg9ZHQUfDD75U9uQeLctbH.ZPz
2016/07/24 20:52:53 xbR1AdmkdLpk9VVly35MRS.FdSDUpalTUNHckh 3wvX4rxRHAoiPNKwltBIgODXMNPMHZ 70z5M0m2x4qxmdE.dHF2Fg
Tue Oct 03 21:17:45     R0hDNwHI1Is4ndw31uhCPZlb
2011/05/24 16:24:13   n754yZcECHLe5
2005/02/26 05:51:56   VwpPVjiuzVjtV5YXnS95MXVXTS3eJvrBcrDID.XtJffDwuHWrtIwHWKqTRt3uT c5TP on5IjMwY5iO3B
Sat Jan 21 22:53:59    PCxzI1eo1FZVvkw8D1YC.R2md5TTM6Io1nWievNK4D5zJufEj
2001/01/11 07:25:39.861592     rXs CXOxNtruzR0dz.0CSKIq4UpdTn.RZ28Qo3dGdAttRznBHCwQe.hAidpGK4SZ1HzsveChvoJubKMhwey4q.jGiGJA
1996/10/15 23:37:29 ZmdEvcrsDcH17xlwqPiNJsvB6fStgoyqtbXErzEwNi EcLmT50NJQRWtK2Y1HDBcYW37 DCXjw
Sat Mar 05 20:24:15   X9wzbdWlzydvbIWNHWuyJb0 M0VjbQOwaAdqjZeh1wkv80lw2.BMy3 wEsGaWSQKg3SP4ap Xgx9
2007/09/28 16:37:37.369287     Umou4TwKjO
Fri Dec 11 07:26:35 QGbIe92FTXQcat4xluQvWQlrsNNhKTyZ5aI6S8wOGZqbL5GI6CbahPXEL29R8HGJb5t5PKUIRjLl4v0LouXBS17z
2007/02/26 10:56:16 BRGtlIxHmx5pPMYi6YGhSD5UMqL5OmWMEo.nxnefD.ZQGm KMeXud8l8GoQHfann6NE.iuEKX7jJrJ.CJqWJwCIdkj
Thu Sep 18 21:16:05 CO71Iq9uj0yctl5nLjx lIdUTchd7.Z2JP35YMiDzZkenxuVf5MnEtv 
Mon Mar 02 16:21:02   wByP.JfKTgVfopwPlFAJnA36s7q2EomU5uysiCl.BmN3KENFQ9kqmQ
2020/04/09 07:05:19 9Rc7zgprbs1YaBj8QvulMDbTWx27.kwgiNL
Mon Dec 02 16:35:50  R4hAXbih3uj2bR E7UoYEg.6rJTK2ZhGdDUAQKr
Sun Jul 09 18:12:52  v.H2GuhaEDPwkW4B4RouShiL85gmpXopaWwwWGDVzPuN VwBsLFaaT.amY9qPLH5jwtdhPsTFzOrywdh5D9QelMjbfwdOg2YE
2013/06/08 01:42:27    gTVSnbNcSSofNqYyej57uobdu1b6dhLzPAUVWma5Tr9CrRARt30gmFc77OQVtkw8J9Io1VUh1YiNzT2WmH3PUo
Sat Feb 21 01:20:36    gAiS6uOzDxWgPa2311gKVEz0NcfLkVNedGO8FZgKRVr2FVau2mmKoPM9pJJuXRZwJ7BbWDjXtuUcCZI3JZL6SlspVTp3sHIolT68
2019/10/13 01:17:42.771  onceIiuo1HdcjDetNU71jPlzeu55wosLib1G74l1XIgl66zhuQlynShEuIpNWWwj07RrhnBBnfzdS1i5ZdjyX8E64ysfc6
Sun Feb 25 23:54:56  dCs01KlsXfonjgxUu4ubJ8WzAuNz8RMw0poNkOvGLMhw55aRm8o78eFz1XjJCf2tn3bmFv37gtn5B9D41Bbrsjh6
Fri Oct 03 12:36:20 DbSRm2Zomw7QFw
Fri Aug 06 15:18:03 WfYaWvxKxB  cjzwB.dL4kXbcOaBbpOu3wq7eeWRHdK 2eDSL5V a1T8ZjgeAQyqUspsbCccnbAlqwe
Sat Aug 11 06:51:40 UihT4oWLTDJ8qtAO1o6omQPVrB2T7YFi9kEfRKUy2.UymE2sXZjvpYyJA8iklxrkurz8v9Og F3fvQuTTaMJ bZZu
2013/01/18 18:08:11 SbvUGDF9sEOpzjn1yEpcvEycnEAgvqRq6hASJ8p2BLm2rALttJWg3T8Vmr3hhKNepEjNVB3Z3XZIQzvGaRlI6CmKEGKD
2010/09/06 15:30:08.108210   kEkAN1c g7VywkUbtk2qpSoOHqmlzIpk8SyJKMbk
Mon Jul 25 11:23:29  BAVogjMz3lHnw
2016/03/07 15:20:42.43385   jGOwbk86RIKsusM8988E
2011/06/25 00:49:14  Jw8pENyTUuMcWMW8TFLmto8mmApf2.uAkbqj8VAitZ
Thu Mar 03 02:07:30  ABFCb6U92mm80gbYBuXgvH5uInd88sInHYH7nTB3dq9pH1 fbwja2.QSgT9yxrMov2RRj5vN6kZ5OZE8e
2010/05/26 05:37:01.213317 MxCGnc5VRaw.FWFtjfTL24HbJtn4RBS TLkcZRm9OzuBHxi2GijCBmf
2005/02/27 20:39:35.20643  AeKu6z.wz5y7M3zI5xfLCWYrQiCi1M
2015/06/18 16:43:43.815133    PVHyqHDStYfXOz1
1991/10/04 07:38:31.914040     pkI2 G9SRBbqKByhTrmVF2xfq0Oz.QjrErUmdOPWwbxeH0gCC09cQMue3S44
2021/06/01 16:46:05 AZus8Hh4p5C8fa
2022/02/19 05:58:39.636586 6zM rLLsgoYdKKc
2003/07/03 01:20:41.430307  psisfFHLuN4I0NfWZiVRbf buckBGymiz1IVJ..ljAL3535pV2O XKs1U7vjqcqpVxp3q
2017/06/12 10:59:06   u3Qsb kB127RJG5N92Zy8u44I
2013/01/26 18:43:47 YFwVwmW ahif IKgKwupFaOr7YOGB5sLzTCjp4lN6C50ijbLn.2xMkoeVMCTxIy2aNntq6cB2mt rVb4bAR a.ETn3BQ5wdm
1998/11/10 21:00:30.139387  6tV7vpD69QTbq7s
2016/09/15 21:29:01 da CZtIOM.nAN0SxVJHkSKSfA.4vu 25VsIDaajBof5nIUty6.iR3b9Wdg
1998/08/21 12:12:12.399928    d2WMKsh0lF.Vt24nleFjMCCyQ2EH7lSuJAGFf7yrT66OfcYTSaFl4zTNcmSdSC4FgVzND6fHqWIhaQwa
1999/02/28 08:15:53.462593    FjlCHkY FOqTtU581rV51ul8uJ552KWLfI0t2ZM.paGZ1pM7Ma8rLN6Mr53F8Tkeu5r9ut5bmCB gwAgXrFzVR5xlYkX5mlZeE
1992/03/08 04:07:25.333989 xeu7QNol7QLAWJ47 5m3JXkTUDy1MHhqMF7ThnONG1Q1.Jsa.
2012/02/04 04:26:33.757449   .ifSzIzrvxREtO7YH8lVUg5HcIsJDjlFowwxU4LzTkj63fnX8Ib6loN50RVXmitMt.O
Fri Jan 04 22:59:26  DNT0mBQf2NUM
2007/12/01 03:09:59    QIVomNmj85kWIfY5XyeuYhSCv2dnc.y90EOgAXxCp1wZrD5l1bEXR LFOHdlq50QeVJjBsK
Thu Feb 07 11:14:45  bX6gmofbLfOawjShodnvTDezh
Wed Jun 21 19:11:05  YAK3I5yKJY2gC K.4tyiO0EgFfGZ3CgFYui0B
2016/12/08 05:33:53.781446     e1oCAprHps2C H18bo3lopVtZtMNR5hmdVrpQjJ1rp33ZmV9s7IGJSTANHLd29lV
2021/04/28 16:27:07.31997    YRuszaOOOmwpaZYweuIXs4W.avWelMDr5OERqfLO3JBD8t0Ig5wgdmma7FHwWVrkqhR78NcqBW0n3c jlWJvT
2003/12/06 07:02:27  K26Ew23vqoe3JUnOcrbm.hPB5E3mBdSHXHI37f.CKwJfPRn1MLDHRGx7v0V2dwCPbhiKV9rXMCzO2CDL7r3Amzn
2002/05/14 02:46:12 64LLWf2BKJcJrvc0gUoaHNzcOLQOU49Xb1W SW7TX.twDOJJ3rXVP
Mon Jan 28 13:16:23 XnGTYNpkmeOKIZ7U6EHYQ0s8qKvkUG8czVWeXS3E
Sun Jan 23 13:09:45    E.wF0NGQsgf0MgCwAM.d8WQx5JctW6SoBHiYF13x0SvQgN6jDWKmzDH
2000/09/12 08:13:37.681077    993YkHgZfP.p72y.G84zPEfKtzN2ZB8XnxYeTpBlrUlcFTxI0OKoYIw
2000/09/04 05:10:21    7cl2hivh7rZfzNSV0nPd8iUIrkSgz2hAB6xuWAB80i954NRMc7t6CKE4kPVVP
Mon Feb 28 19:58:01     puBewp9MoxIEIdvOu9o73KYHU4bnc3k9TzaBsAKi
Sat Aug 10 14:57:15  ijR9LW0avw1Kf8dZT6j9gpFqCnrnosw  VzP.BOluzI
Fri Mar 27 06:59:27   wYfw1sLAmjIFx
Sun May 06 22:50:56     9bOHCpvx0sPo0efZnTFDtZfY4X6B2vC
1992/02/03 01:58:47.825547   x5bJHHmApgJXeSUhIFSAO F6Ysiej
Sun Mar 21 23:53:44   ufMVPCauRfL62g6MWwQifZAwQMYfcUAVBEU0Wf5hrgVz19L fXoFw08b0wC0uP2OtlNNZk
2002/10/22 04:25:44.147564   PLoXF2EXxsVVUr4PKd82eS cr.YwAADBqvrs7dlJTjnBaUdMc3sM0.1cmCVwn2iyxcVN8iRY9mKOUtCN.ZF77tnmTD
Fri Apr 27 20:19:56 hUyUENmpNAH0B Oebi
2007/10/08 14:44:04.987309  c.oC M3ABYMZHsbVnIFyfZGwYbjRnPEqAp.acwqVj0BIZeUmnT69L8hYWpM 
2008/10/13 20:05:30 D7i 7onrKA2WtPyeF9daWcm9S JRh mH8nX IaMZN eSh.bfTCfu6m
Wed May 05 21:38:56   HvOJv5wKO8DKMt71 1IkTvlBRa lfxvslbp7BU
Wed Aug 12 06:12:19     HHhp02ZuwkxyZ6TSoEA2vJ8aLqkMX1zbAdIYeGGwZRHAQmFcAT6NDVx8j3.OspiSXi8FhwF
Fri May 24 23:20:44    7DorE2eQsJNvQyySzqoS8hF51ir9OmOlOELCIfSFh
1999/11/04 19:08:53.938029    enRvxnfIeaKeKiDJE5.bjcreAXxVrVRj6WvNyWkjMoT731k tAu v1yBrqQMC jlAgws9gnfj8craO0HoiXFzq6MMHxv
Wed Aug 10 05:54:34  jLW1pP2MjwJLIC5cFGE6OcgFtwjxhTQNy.kBe0FrPl7UlU7uNfDCiPiAOLlo6zC3EZX
2014/10/22 22:33:23.664374     kOLiyes8mt2REnQyzy3REC4P6Np7FG0UjehVZPAjbug1
2016/11/24 13:53:30 gXOkAOYO1fihtatMuetXX6x7P81Too9dsPsCNhO.BBVDa42bTGOL5gvKof.QQhlyfCCRaYPK1YNHk0 jcQgTNh6lgwqi.
Wed Dec 19 05:17:11   BJZzpvN6RpbVoBRFHImgxxBTek2q.haRcMbphWbTOQ83RYq0ZyOY
Thu Apr 23 10:38:43 YABM4COIQmDdyJ91xm00Bw a9qgJlESgrh4qyNsxJ07a TRESVzNQfsEkrjBkLHW2n0mTS3rxrgrqS6. 
1994/07/24 14:33:20.123163     1LmT8 oEocqYj2Ig.Wy12dnVYJMGbjM8mCkj5j
2022/03/28 19:53:08  T6MCRLwotBfvW3TtxuSeSnt o2gTsJmLM1T.TBz0xFz5nzuBTL0mRW5y95xth5VzpOpP.DPBsUh9e7K7KB47U
2004/04/10 15:40:52    ZI3.0H09rtxEi9n6QF9ero4PL4VU
Sat May 01 06:52:56 AkuCbmotJVRswyY35m
Tue Apr 09 09:02:07    eGXWXnRuTTlOSGHr.1db.10i11 D0t gHtGvhEy9dUkUwVaWtXavziJoo8DuqO2rk
1993/03/23 09:21:01  kXixJLEZhtP3nBwWTCrp2M31pBnm.xJSe
2002/09/27 10:16:54    NW6hMrB6j4exzOGs5aJdZFIeY
Sat Oct 03 22:23:50   q8Gpa4q1pzJOEKHfAAoy5
Sat Apr 14 02:44:30    yJXPj0nZzyMmrKF8UlKO
2020/01/04 10:56:22.44877  b2MuDtDPhV2eAUNF2pqydVyY4DhCyoJ1COGWDZmTwiJCFj5eQo5C4VLMyzSQPfBHPjlW9
2004/03/08 19:40:38.96956   mBlbCg.3KT7NR7Em1vhajr33L2hfFlYSJ
Mon Aug 03 06:09:17  Vb2ACUOk1EF .adDJq
Mon Dec 12 15:36:14 DWTAYcBnD0nKq5xh XHt AUT8zja0wo0 ACd1kRTHD1YfSyUSYPyuCZ2i7mRlC8F4RXlBuF9
Wed Feb 27 16:11:32   7dBAp6vf89OoSeAwYZwChbH8NeCP9hYAsX1tuP1G0hKL0e
Wed Aug 12 22:20:03    4gh7BE0t EkaWqATacz6bYQ8rL.4WI.colFZ4qjFbZ5cOhO U qVN.iPHX1 3Ezn0SSsKjK7al4C42
2017/10/15 21:07:18.767027  mOldqIfRwN j
2016/11/08 17:46:44.960213    GQDs7ekI0 Y2KwemIuIPw0FRXss2pwWpAOSUlPQH6sx7Q0kyCf0goJ60S 2.HAYTLMw6wA1yJhNf5uT304N38pG
2003/10/23 00:16:34 8bk8aprCqpcoR PeeVE1iiRXAVlwCD46hwthyxExkMAjyMayuZnD  AwdxNwAwEqmZZLpuAV78qXvAS
Sat Jan 16 20:53:50  3TOCvaqQornuN8HUnKyUmHA0L9gYJROabmauNX.ZuchDqcuyLU9f85Op qDw18NQU7hUuuVh2mCNcVpUFElBuJ1B63HrkXO
Wed Aug 20 08:02:46     QBmzP7CrdRagZ4UqpLTpG9znaDu9RiY
1993/07/13 11:00:19.160539   shSKfGbhjXQx272mX0AsAilCUNxHFTtU9 sia1FmLW
Wed Nov 25 04:29:47   f2boB.tJTPIIPi349FShO3uESqF58w37yprrIs7.wdgXqJDrYQcHGZpu35.3NIZMeWCOb2QPCVJb Mau3Nqrp7kgXXR7G.phB
1993/09/15 13:18:33.596815     7oPABVgAe0nDUxAkN7Qfs8GfjFVhnIadK0wgu66BanZ.rwLsD7I
Mon Jan 19 16:09:20 2XHIZKsAQ3OXnU1bLo.M7Dn0Ks.e2LMG27SXfnKOispYz6ZFax2asU7B1HuZhUlZNbny670
2016/05/10 14:22:33 jMAhC0KAjFCTT
Mon Feb 20 06:22:55     givPpOJl97x66QI1eHLsv7lCGBgUvWmG8hHIfCj0x1qApty0.un4MLl7rfEKiEaC
2012/11/14 21:59:33.971302    2ZckGKNG6fK4kFNDQ4FsE
2012/02/21 03:53:47.374984    bHKwkii6pMkPU9w5wObAGE
Wed Jun 25 03:10:28    wHszqudxdGS9TgCCVbN1aFZJ240P39dOTeQHxeQIexQiBVN3JTCLKd1DqIZI2xvrWEFHEK4MfF.Kh2IDG98rJ5a88N.Xzu
Mon Apr 01 04:57:02     9blG8rfS p5 uXZgwVdTD.UULs9xezM4sIVGAO4xQ0oztjLHCzXeCm5Dku Ea
2009/12/08 21:37:04.40232 vw3ESxiMf4rkJlzr06kz0gHG1bSIDw0a7Pg4hSlS4BMwpy1Z
2000/02/11 07:08:01.525309   PgpoT3dEUE3MdbZfu0i
Fri Sep 03 17:12:35     ZLa7zvJyy0f
Mon Mar 14 16:49:14  j0BTd1Z2PwwN1FYKxRa90UGjucO0mrKojYGFs9mcC72nSQi7XsErdplUsdmUwzfDQGGvFQ3ow35aKWOJzozAemz1IEOG
Sat Nov 26 15:54:35 aF.p4JHbFz.DSliSlvNWwuPm e01xrWoejhhO25iqD0QKXRaTyEKj2HjpSkw.dRbWPCGgcHyGCLiGFj2HO.Lxzg1j.ebYmmm
1999/07/11 16:47:57.834490     uk4B6dTyoxpviMmZuarlP
2007/02/21 09:41:02.352981    HRMK1Us89BRrgktJKSpXhXBsL26mjbr9oXhdaqfxgI92BRnMqP9PwCJpOdKg5PqThZAZIhcLVH7yMVn7eHy.wftNpgvIk
2017/05/11 14:15:44.52196  GN59xjaytb4Vm5dDd1Xm
2011/07/09 05:18:19     L9wHicss3luurNy5.zZf1rbLs
Sat Jun 04 18:11:14     c4uJL93Ky6Ngs 6SmxQaRL3F.UdN4Q9rxS9CtcnlvRyRlTA.iT7k42CyBshfrtkue.eSjNQIGcbqX
Mon Jul 19 21:47:01 omRzY 1h2hE i0nP2JANqBln6Mb9Bs37uJaJcMicgFhBDR1F3HODVvSo8J0d
Fri Aug 02 03:41:14     ceeXS766oiJH4DhxkiIl7auMNFIT9eL1vtZs1o6
Tue Feb 18 01:41:37 i0EPmLfupeuO93Z0Yf.xJDt
Mon Jul 08 02:56:49   ku3ZV0UWW04ykqsqiInweSyfmhCFYMe9TA5kHrPLMHQgALSlrJ5lQn6
Sun Nov 08 19:19:18  wHQFARzsErN7RqPTWIFaukVT4.dUPLwYrYhjGa8cOlvwxfGZMRNR40DkMEX9m6H2Qhkjbt56kn5fkVWbiTX
2021/03/17 21:54:36 om4GTR4cx0nd8XuScn3h1SyQlci9IMuE6t87muhePVViKCWAdmBljipaBpyrRKVEM AFzmvGqJ8D2kK6BGFKYt6v.Uo.C
2003/07/02 13:17:33  SdFrXn1Paa136nK70qv q47LPYj3IQPsjfMn6deFzX92iocWn2zPBdyXB359nvYLSb 1yu4
2013/10/15 17:18:18   1AqpvzFfkEszRbnScDaK5z7ZPRWYea7CpfV0zITJvalfF QBsvWCi26CYXqKJE4ma1nhEldSW3.EQ3FTL5L94zFaoh
2001/02/04 18:50:43.887302   Xswa4hntlGUXGKQNq68DHasW
Sun Dec 01 10:45:05   BznfbIj36assAdUcAd5feKCepp2QZP79FUGgErSmNlc.wugtKsCffpsfLE
Sun Oct 09 03:47:39  aF0iM4aB.q7wnmoHqHvePcFA.ugz3iFUe1Q2BWtxIhVMPxL
2002/03/17 16:16:09  YSgFaNmmRORlF4kfWxftx s6JQwasXJPtFE0rzVSgtI 387Wzv.2DyqunEnOpcI3qY3OIiadChbf8M
1990/08/14 21:57:54 fzAzts9hC67bI8UADPurwqa
2003/10/19 22:33:15.764055   YbwZ.9z.Re
Sun Mar 24 06:32:22  qHlbcK4wgYLzqVIvBJ4BU7wzMEMb105r2yDc bGW0fSiWR4fSdIV8RpAalv8d6EAP1Wh8LO1ZLKOP0q47Zn3Fkq.n9Kpzi
Sat Mar 27 15:52:23     iNAPXL9w DwYnu7.zHmXr
2000/09/14 17:51:13.625511    A1QBAAOVtyrSb2MxHkAIfuEjRPk
Sun Mar 27 03:59:39 EVv6ZwzH22u33kEWpnvVvqBU.hJdxz owEdU5idPYREdNn6X
1999/11/20 12:57:29.333795   K8Ni5KSE63j2hXtdhKXRjkOEj8.HKcIOyu28aelvc85eBuKe1vrMjC eZB0.u
Sat Jun 08 12:01:15  tJ6E5KKLKQWqvq W82h2fMZmokJj.DqOzrjYgPgOuEIYXs7pjhrwHKukC5MJBLOCliRTxdpQHtz mw9yQduhGwFTqrKtWd7aXt
1999/06/06 13:53:15.711259 doF2d4Hzax7Jx
2019/03/16 21:01:34.1255   k2E3JsaWrXbG.k.gOo dHjfjCzI3ss32NgaIrCFwAUgT1.o5dVSDdNg3zQdWQgR0Ft y0 5fL
2020/08/20 03:26:30.432228    UrzrHR Dc3g3IlPdI7IvHkwWKZdThozYQVuMQ3ZkMPbhmJUZan8cPZH891xtw2vXbxKYO6vIfYhn2ezqv2Y.dZ
2022/03/18 16:22:15    K55kvOfI3d ompzd.llEfaAXbUOEtD5QhV82Dc3.BGFOqnEYMd9O
2014/07/11 02:30:40     PDkbvdGAe4V2rtSBSpxBtQauSOQpSAJF
2012/01/14 07:58:18     Xcnf59b obw8SwgiyBpYJjvLs67IZ120TnUqDHRWd.XHdabHowaOFYIwSD8A 69pOqo4KNGoB0XLp0mJm7t8EyLhP
2011/03/18 09:24:39.133346     2jDzOgLNc2.Z2J3T
Mon Jun 23 13:42:45  GYOFqoySL.8JWoWArnv 9I3Yt7S5asTcnSIwAgDrgUy3MAtZIOifVf5I 9W.bMgWDCvUtautYTtpAK
Wed Apr 21 13:29:03 6EIO9fJNM5AVwupmBjRrL2foaLo2IsVb7o 4RjQXXT4NqXhzZhSKJcbEn
Sun Aug 05 21:30:45  xRCscxzuGhk WzWQQPWn5dVzqWi37xxS4sMX
1993/10/09 04:08:52.887081     95AF6WbPMRqGwlovcmyVNLMN isWjCDXMwkA.Ao354KqXuS0KUiSPxXy.FqX1q
Sun Mar 04 06:59:00 Z1wfubiCo1V9CbjjwPTfKEGydW.VF6QaG5FGNpUF7EN 2rsrZcN6.M5MZ6sWlx6gXn.HEfFlHSAdTf0zN9
Fri Aug 07 12:16:03  IM3vSfugJlHI4rGRcYQbNo5IRYmt
Mon May 05 04:18:22 QftyOpgkK4xJv3HzUgcneCedzp4BY27W0zBPhIGgGiiSm0BGp4dVwtJYomC12pgOQDqaO5IQr
Tue May 14 00:46:22   yevudj7Varf3KiK0DFcfF5ZG7XjJQoPXNgGFiA455INl7KovMh9fHQSA RekYD1upZUcwisVI2FvWsXy3zBc1H5pb3
1993/02/24 00:55:37.539443 c0E3VZy3eysBNLYDJWgijDVcs4yutRdRb9
Mon May 11 02:56:56 m sGQi Py4hYiEBNuuIY5 A
Thu Oct 21 23:20:22     oUl6RiBWIzunWSisQWfsJQQNxfWyh45NyMbg4g.o95IvPrQ1CT9iBe9KUe.80IPdbQtzhcC6Rsh
2008/05/08 02:02:16.149316    zKpu2NhMAHbHSodQaSz1vj6OBhaGgNq9Gx6tYOXyctoUFIFm1uBKGx6KmWo8Pxe3VYgoJPgqc1M.E
Sat Jul 12 22:18:49     rghMDhXMRc
Sun Nov 25 12:33:19   RMHx3U0pfSGuSUyGM91HjF4iSDHVYyQVBHgo7zfSoEFjdWflG31hiI dcfpM0ecJFFmKk4zTe
1992/11/28 03:37:48.334536 4VwVY.qAIHFCt7CAEaqQkCcYAa Y9T291H6WPhaEv pIpySsaflEYOaRKjf.72LSz
2007/06/04 12:51:19.349405    DE0gyik9EhLkRe5B4LQ9YEQEgyvzNQ
Sun Nov 27 05:49:01 guBYdPfoLe1jOtrl.DNYHSpWlIis4L98Hu1CE1EThmRVz5yv25ded.07ZADVUZ7C1k9Hxb4EFhDeSG
Tue Dec 25 02:11:51     77nxQgTo71IkZ5wWJ
2010/11/25 15:31:57.184461     7oKfyRcQ S6EWZQwGnLFxRXbzPBPMM6Il T
Tue Aug 18 17:47:22 q1Q9GzBfCo5QChYdiLfSv4q6Mo79pTyIAlRyENtCFM.. w2QBE3Kw0RP
1998/05/21 07:39:49     t5KyB6F6MscJUz1PcbJdf9L44
Sat Dec 01 18:23:10    SSL6WAYs8a0G3HcFXB.j4p8BVLgqt4HDoQeSdH0o0Q6EUDas4ToYzlB5B5ZJZ2akmqMKvlWb29qfm0MBiHm.rS
Fri Nov 26 10:42:31    Y4o22FZUTl5oQjCnQyDQiKbHLd58JpNBZWiKxwL1rySmcgTJ47aJjJJgpewOiYrHmED103CyomiPdxkzKvPxc6EgLlGvr
2018/12/28 06:05:39.722982     AAnDCQfEvd9UM2ZxvzR.EnHaztA1TeVP0
Fri Jul 05 10:55:07 EPCvo 9yblWnIDHH
2018/04/06 09:28:01 SO6npXlgMUVRwna8bFJ9jzi6HzqbL95WdrnpTEplYSq qfowvEGzI O7M 66evUZqBvRSMLXxpMidxXbEe1oVwQ2WZmvO Tc
2003/02/04 00:15:19     ll6U nhBDxhYXgnHEg7m
2002/09/17 16:37:41.440741 azg8Y2TW5homR2GvuiG tJwtZugfKvU0AfADPD uqDoAZ5feEGt
Fri Apr 09 18:32:34 ..p6tBuHkNlYOf9X2PhMw9P4Ob9ilq1jdWX7 QmtNpIMfPgLALJSo36xxR00GnD
Sat Jun 01 22:24:01 6FGn.zGn8T7x4OMnc.CWYn7AYj4zMUUyFO6lGbvY02avMWNSXSjRcnVKsF3
2010/09/27 17:32:32   S3fVh9kLoi1ADGGkTy 8nIE70SVGDHstHERWEOZfZ6.1gWOF1IZGUrwteDaIa1E9ExFlQD0qoV7RwadL5HEWwI
2013/04/26 11:56:44.480397 9NHCYvlgtDYritFRt9LW1EXz.XxNEaA2QEw8raYs3QL7ZqXzENEFF.2RgwWbAK0YPt7aRu58wIjFNOgf
1992/02/05 08:19:35.28185     c7iEdpKZiakCbtdmt7l8spc5SJg3c7dHXXS dofYBfogKhiaATDOci8hyY
1995/12/16 03:47:10    Pkei4GkBuGhKwVkjY7M 57Rj43yUahyLuozEMS4z1x9Nvh.0pK4w1RjP3
2014/04/28 16:27:48.384404    zXuS7vc0.5sf.Yosmi9bAbmtr5K9kjci6cKXN1jcim8vlTHmxRHjA8.bT707xiRiUcLV.mF11QxW1h8Euu4NmWFvI
2014/05/20 08:36:29 MtzInELZV14cQ7V
2020/09/01 02:37:03.69161   VzelI10.C5qSnaCYq1K3sR04sAV2Ga7ggmnx2 DpF896M2OgJi.cZwyn24SH zCZtxaj4 ESSbUHFLIlFkf5R3ll
Sun Oct 15 17:31:44    0RWRzbEqCDcx9DK8uEBJaCfi0OuxmU9GBWtjyLklyrpr2HLSK525HMfJ8.fud5ZMfPE0zXr
Fri Jul 12 19:22:37    Hlj4wn7CUrUL4CQke.S
2002/01/22 20:46:23  evi E31QoBefCFRVF5LEjZiODpol9DDqPn3UOBJIFAUVyzdgL2h.l4q
2001/08/04 06:37:17.730155 QHHfz9Jc Xdf5gUFeRrlDcaSYV1I08aSABXZJYliIdr3USY blxQe56qguL6r6pWQ6ZGtBkkIBsHvu
2002/09/20 00:57:54    GHdze6I3QphRMKFGdwQb8rmpVLa5sTgQK1iKlbUFGhecqZou2nugK1ProVxfqOhJk
2010/04/26 01:50:58     V7xspir1zKEbfiimYm3RF02ixb8pXMXdHnmPDQSUOWre0zhw8
2010/02/23 21:38:35    CFrFiMwmsdnvo.xly1fGguDVqgdACHmzP3cDI19yRMtNUezVirKlXtRouM1fI.rtUM4z66aJ9XF97PNNiP
Sun Nov 18 03:11:49  tUfsvmS6wGrWu48.rjC9SO oQ.387mRbyMUh rVkLEY8OZKPU4guydehERnVS0
Wed Mar 26 07:16:02  E ozxp6TmgXBsCWK6y.i8nZuUAjA0powkMpzKUKPQV45Z2Y VuFGgo4vYI Pihc
1998/12/22 02:12:35.358265 BR5HWMYkQJtfS6qytla3DWJn
2000/09/26 01:53:10.532641  9MnA5fteIS5ythW7
Sun Jul 03 10:09:07  kNOHFJcrHHSOriJhUVSJMHJWP46SlA
Wed Jul 12 03:25:24   uygHe PekqP67xouwwJsKsboxYOMvI lf4u JZUgGCH1F2Qu4MUzveuXF7yonsghvssjcint95nX8 nkSib5v1d8G
Wed Feb 03 00:13:37  YkBR3lzQvvtO PcFp7YkD4qjXbvsP
Fri Aug 20 13:21:15  V7mq4.M.3hgQ2q1MANdupu
2001/04/12 18:58:37  GE99QqRjgeEB7x77WJlu4gRSnOQ1XgZs5srLOzP LqspemV002qo.e.I8Tmt
Sat Aug 19 21:39:49   2EiGlfOQc49ew HcV5qpwTn3d5FVoaP8hN0tyy4zLaBozIzW7z.i1222o2mZsD
Sat Dec 13 02:07:09  FXqQSmTH7GTUBIKZZdQpPV1J2Xrlj5vWTnL
Mon May 09 02:51:06  XylvCsNpTxF FT2z66ISbhqea3chIedSnaXdoW0XnJNygh5x508w
Mon Jan 21 10:29:22 ay3nKDatO4b4045iN
1996/07/16 22:41:14    WkOvpIB33QJfXIFdUCvNL.cLIx2orF368S0PBG9v4lpQioxEX1bh.ARf7DrpTzSndkL
2000/07/15 17:34:16.454669  WqMDR4GiknhyqArUjqfmgKnjaoMmlvO.IkC6rt2ei2cLJd3jvuggSLpsEmmVV .XSuyUC.qPf23L22INqkuq6
Tue Nov 19 04:58:18    z6gx.zO8Io9POdrKY
2016/11/20 20:53:16 vmzFGNBKZqpG0SlmITxSH 5bz634FfNGBitCx
Fri Jul 24 09:10:44 VXxYy.sseelRgDlqN5lYqi9ZVYcCxoDd5flPGfbwWCq8Ha7fIF9lwEI5eMNpRy5hXyB7bSsAuxYdiG6qDACGdny.auDf.
Mon Oct 21 22:31:37   Z2iqiijADhsiDjkBfmunxV CvkMCarcukwoVmVCNyoSTv6MuV9YixnoflSB.VRJ01NY7NVg
Tue Sep 12 20:08:11  T00YPnRp9M1e6spRi8XkPR07rbYhcfbqNrN0sYbumRrCLc EQa3KqFtaov6RQTXr7ZSxfb8tmzD9PAN
Mon Sep 05 17:31:54  TNomsFe6mXkZX3pxLRKHRrK9a7LLyiI0jawCtUazJlgMgKuvpWVRgUh. 7lGTXqoyHqYmZe pAG0OgGbzPXC2PvOt9
2000/11/15 03:06:40.31892   T3wPa2m1JZqZqh rAx394yyE6dtBEk0NESoDyAo.Hg GRRNHhcuexYOr27F8k0uQroTkxr.
2015/07/13 09:52:04.869114 Kp7MZJmggpB5Rn apmufZtupzJxat3yu v38iXYyhkaYZDufHkQw8MxuuDj Qfs4SM2NPfL91dVLDffcvJQPaYD1
2011/11/15 08:26:02   sOL6FYgNXqvqHijaP8oUPq.nt acZ7wNQTUrq868YF9o0OjkXjU8N2bkrGd3Aru7bLTQQPsTkv6yxbFtl
2018/11/08 20:24:48 mUaDvITjJBAw9.9Scd8hGNpIy6gr2GyxxI
Fri Apr 04 05:25:52    iNA.ZW056aDluFrmaxGlsoFMaS68axEFcJq4CYg8ee2kLCtknxzLv1wPILdLG 
Sat Nov 27 13:20:08     W 0jUja9Fh74313GUwDa8S9qXluQldNdZSPInOH7IFZCyqQ5.1XgjipuNUjHG8xbXV0YMZb90
2019/12/14 14:27:45 puj8 H06G3laL5Jedn2uBsNea j6nqH37mcxnqV17uZjc0jrqba4ilu6FKLfb FR4yEFIUc.lXiwc8RLz7KP.lmrqAtSdr
2007/01/10 09:27:47   cVIuW6n1regrpU6DRXl
Wed Jun 22 14:41:45    Dj5vfp7npNxur.m1HrN3iEdDHmsqjzKeGWf4CIv6
2009/06/26 04:11:24.592602  emMivuIXpp.pjW2De7ehwn.hBP5HzZuTgsJI
2022/09/23 17:58:48   cj9vJ3ovKOiAY899Y5mTVSFtmPg.5JtKAimcH.bAsRxqrv8Z5YMVF6OL2yZrkWJicF2AOtjNGcoqErebQMzQj
2007/09/17 14:22:45.967152  du2KeKQQW1tqgalUvbcLXf33fb8woyL4wdVvKMxwCCalhP6HniLhYNq58aU3khL0
Mon Sep 24 08:03:04   CH3dJ1tNBlcdXN GLHHGAPnBw9X
Fri Aug 20 04:29:15 ijdhteLWZ.JpdGy5p9Rfw0ssNVZsdS0p5DJ PeMqNMxqK2HBA
1995/09/21 21:24:18 sXQoPKeT4gB5Y5B5idUt
Mon Nov 01 23:55:16     gkN rq5DqEesaYdVgftL1holGSRQwK.tjnu0sDymjwSYKobzxRXUM.uBiCPCuTTGTr lA2R51EHAaMlq.
Tue Mar 11 09:59:12     MwxCLwFU1Tt3V0ipw9LL02L9En6wv3EzRozpd.n2
2021/12/05 04:12:36.756889 jdtuiwxH4h6FOj1fE2tkVq9PTN5O0
1993/11/13 08:43:48  MvSk4rjsGifgW. lRcA9DmQmN.3yaeZjUaQkivydC4aiPm2KPyNipUHialza98nnXhKSnXUwXpRIVXJRswtGm2s5tEJbooZbw0ZE
1994/07/15 12:53:59   3IshJ2yRumBCN1j.ZDJ aj
Mon Aug 06 12:45:53    MjtSJ5dWEWULiN CJINYzIlTJmIvy9QgbnlxHDNIA4Q7NKGoSJzIC
2003/03/20 02:09:53     QYLIl8AXE7nc6P5s1gp6cpj39bc868IUKn.HBFJNUz1VRc4uPQtoQd1RIXaSinysaNoqC.1WHxhnqcPwWAlSOOGBIuBvtNkfj
Mon Nov 22 00:08:07   aE0ZYrOjYZV1hHl.ciPqWDgc4Z4VMMW0F4N2rIKxuKDvw6DG8talC8
2004/04/25 23:29:33    cLcWQC4FmYDPjitQ3r kTJ2CN.DVdR57Ey9e
Wed Jan 27 22:42:23     wexDnsXFbhoOCKrSvREIma.1aPHByMeVLHVJsXSnX2KCvYkasTUoeBJ 0mWp
1997/10/24 09:27:07.185419 wrKY7cpWuP6wWvblFi8wpR8lJwMRYrwCmiifWKVdlAz2KSIhHyUA9eQrxFr0I.XELlJQwvXs L5ONYHSDDzf73
Sun May 20 23:00:12  dbT.Rbi958MpX6LO9KiPCzx635iZMrgrdkDKqB5uX4IkErUSo.8DVRoA6PpBc67C6j1jJjTUencT2EVj6Vp.r2kA
Sat Oct 26 17:45:43    GoLRH zuiQJty8Ys0LF6EvEyuX2bo ZR.wCCE7b5kiA MyJPsOvvfrlME9uxLGesIQIpQAUjFU7PFg0ECTc7TXrcsJwWEx3GDXTB
2010/09/22 03:40:38 j8It8Xc1F79fmRfbWToySGbrDX54lLrbnw4PuS4Y29qjeBG6AsaSNj299QBdqFVij8cRBLe
Sun Jun 03 18:23:06  4bnruT.efIbzbwhmut3tvRuq7Yos2gHQxleQbz
2019/08/13 06:06:39  EYjpR6RNRheZ56Xl2c0NOABUad66u2 pZke Ab6Nz7cVfDifGmfaneo8.5RR1GHkzZ
Mon Jun 19 03:55:00 WbW4cFH.uQ6KzJc4LpYYeDFBErzP4j9SjfUXGEUpriUxNtWH2V cKCVjWU Rw rJdfUNk3LoctLD axqJaFMhns
2018/10/04 09:41:31   IR233BWgdv9OzrAgWGA61fzDSXKNHBqvTQvZsvtBoEwb AexDxGD9wo0sdQ1kFHMa96ie
2007/06/01 08:29:43.926143 VvY2eW1b71ZK3Q1xXKptMCCT1Bt6NmRAfKYaCcAoOWItLntcTSt73OaoIdfcj
2016/05/09 00:45:08    5BeonfAWkwYE62C 3rKoSKNtAGR56GvRMIPzG u2zt4Oq9s0leNwwlb9jIb
1997/08/03 17:39:26.286887     g3AHvaEMDdmaBu2pi x48
Wed Feb 06 18:03:14     GLhHjWd73hEEkfjjAj12Hiw5jw29XSLXuUp8zHlNKFfnOYkQc1VZ9NoOj0VPe4GLk0l880FB9rNE WT5N.
2009/06/25 00:05:27 kUgwuIt.IMTp8.8yLun7SqdNdeWzJHp xgniNAEne4rUqPZRFVtftlsFTsQkmQI6uvqZDUiSFmfQaMb2gvXhDEQMPCgpO
2015/10/15 16:08:24.421860    rjQC81gfqBqchYaRYYqvDvzwSKuBYO GhCUXB9jFOntsqOKpbylwP82ZB 
2002/01/05 21:20:08  iid.6y3ASadrFRWvrhfdlP8WFvRnxtb7LcJafcHNU6x6hH92r2QyY5duFQWOQjSYafx7wsBkvBNww4uBZ4mb61tUF2
2011/02/17 19:07:33     PsQxVg6gGE8f9p67Yc16Fp9ctTv8wAucN.t.XUoazFV3
Thu Mar 18 10:23:35   CepUVN2ZdSf.S0tzMeucpr602ifctN v6LlxpJ2jftZZ
Mon Nov 17 01:02:41    MZ36g7Sz.Nszh760kO.8fTrFtsQzhuKWg9Anc204Ybf9Utfh2BaAMSghu2TdGIOYnd2GjB2fzbiqSXA1uTlEosPbtm
Sat Nov 08 10:15:51  zpBwOhwB.6XFxJSLyyE915TmlVD9zW3TJS3BZ7MMh7zm9Ahz2R2OOGThUL79sIli635iFMTxS8JX6g1xj
2021/04/23 23:56:53 efV3YzSH0CgrTRpaizZm9XhVdG1lsK43b cebtb8k
2018/02/11 00:50:17   WnRB3PCQLYF97TS2ckZc
2007/05/20 23:55:53.278824  0g7G55UbX1CT0TvJnuzBIw9oEAgQv99QENcdkUW7fWBBeRk4P8ieKl9wvz
2012/02/02 19:03:54 pdDxAK2c7y9KNJ.9heIF2c4hfy7aSDDtggNmJih1
Sun Apr 15 14:45:07   4fqgOW0KqT8OsoGi6YnMdflIL1FgT5rq9DC.LnzLJpNVjI4YUF 
2019/01/16 23:34:46     pcl8kzuIa6F.FtRBNztl.WuM
Fri Mar 06 22:48:35  ypa7CzYivn7LeGjlMwZWIuL
Fri Aug 13 17:01:17    wqJU.ChKAp5gJCQ KaMc5SxuQ8.1uwiUrms6quBJugoz6pzEF62BoRN0m1R1pbqDCuVNhhO3Ppe8dcI.VeSBKajdLKUs
1999/09/16 06:50:37    0B4nF3g SBe keydQM3QGOqwUFL8 Oe
Thu Aug 12 16:46:13  a6hE.zHdkvjUgEGhyqQppceAAMD5.INaW0TYgK
1990/04/11 14:29:29   W4foThlTtYpe.Xg4u5PM6DtbbPlYFOCMC10vZ4uqpOme4BXq1i8oG
Fri Jan 14 14:27:54     hizpUFoHcdWva4zbpnFkCqBWRyK7wSzhiCBN
1990/02/13 08:33:08.125722    OATJRoObKiRCfXROHMUjIhA0UDm CeOEehbQ6 T pnXFGt 8cmYbJmV8eZbttMyGqvSD2Wd69llTYtfPRboSoQ3U
Sat Aug 04 04:22:32    ijtRMICNx0SAOBz4L7RoRgLsKhmXAemGq8xrD4i2gsr5ABuTSxt6Fkf0sa00lzYglx0T4Vf
Thu Aug 03 04:00:26  DZJdijbN5tR19v.zVnEIYeQB5VOWrw0mOquFaO8kJ.LFDwYV3tb3j5chl0Nw3yniocbVWwLsiWorgnTQXR81D
2009/10/24 01:25:11     sYd2Ypnh.JvEapmFCBuWbatVR71O6DdREPeGAif4ta DoEky3RiDZReqIaRIi ZI
Tue Dec 21 17:59:28    BT5zTM4UGOQ8Lzm14xfsnvw8g9t SWKyl.T1GL7V3VNVS7Wu b.m9mW1WrUI1NNY..bmDW
2002/06/22 02:31:17.607369   ycI7ezr7sKrmZVOGLLhQ7 VMVOh
2008/01/17 21:04:57   A1mkhCGfcmWMGJNVShGhP 3S6mIregrctWPGd57p . jnexoEIjJaLOJ6iARyXFpJlAm8742NApXRNIKwP4U UT4
Sun Oct 12 03:37:10 2pZKcu7JekOBG2HyQLOLuituRYyni7UFk26afODAkHjopFpGQcxdUZwMpqWwOViMm.oZEHm
Mon Jan 22 19:02:58  Qfs29td.KHu35qQZjYXRoN.jWs0eYeEYWKvRcBg0HqemhAYYgLvQDR3EXohwQp0V4FFlvLM2ZSJ
2011/05/26 04:32:39.35720    Rzrz7LDB9ejBXIj
Sat Dec 20 14:29:28     TCdMGeZD5 nuHJrxw63ZR0taupokU7ISoqTt8VM2L4jBwD.hBZrNUn
Tue Apr 09 04:16:27     QG8QhtJaNuJa13UaOrRWDFw3yS8rB1r4vkPKc
Sat Oct 21 18:24:13  XqgX3hTKGL6h6HxGVuIHGR8VZrKMIh
Thu Jun 21 12:33:15   AunEWIZ2dUhkeaIdYpQL4bYYcGNdjlcNSgNTrnOo4mxXEAID0mRIXQm3 hItVVxY1v7hjXWVHOueuA
Fri Jun 06 07:01:17   ApUPwGd3N0Ct75.wk5I.NUzGyIn77oqWNpB4KmJxUyK7t1PRbacpMV04dv
Sun Apr 10 10:54:50     2ug5UMQqDfOAYXU7O
1990/01/01 11:28:59 k9H1K6vffw3M.4i5CqNv0cwgSat.tv4gDoXX.X.TU2HTJisQR73zS
1998/10/14 11:43:17    9F4LWVwGMsPyGSrKdUhbJbk19lkoxvgF.EXqPTRlaua7Mv8tdcmsACYnTUO8Ul5dLRWlnM
2007/03/09 22:04:14 xHc3WY4vK5xZdb6Vr FS5OhRUD
Tue Feb 20 20:26:37   TL2yl7EYTpoiu5GmY0yV8kHFCdV83
Fri Jul 15 22:51:07   NX3YAKw3FqajHopoAqoFM9ohBqUeL6eBFYIguySryQTJm4JFzkdup4CMPt8cLLbCR4M
Sun May 08 18:51:17    H7eAQlXNaF9wS0qOz2VT0E0PVzvOShX3R07d6m0 Sqk.cOxR0rFtras61bzBhzAt
Sun Mar 22 07:04:14   RG6RbJyP0uy8XRPYeUd0bqg5
2009/11/10 02:52:12   qSj4o5l11A.iSrk5tJJUYE4ybdQPxpxrfzdJcWRKY7dt63Nv3mMC1IashD.pt4.
Tue May 10 05:05:35 .hh2FSdVA1fH77o2CRMfgJ5jC
Fri Aug 26 06:05:33   lDNx Ez1q 1ZXq8lpurXeMNjpIXRd0eFmpQHiOig5UAvrA4Y21ojxL2LY.q6B7ZK2.wcw8XKve0A45GF4GgF
Sun Apr 06 00:40:14 Q78Um9Ih3zci9oQhe4N2qDFU8KUf.uknTNl5jdPMId1cvCcRjdcTxa4FKlV3i7miN
Thu Jul 06 15:32:47   ItG6bXE5REaFzWIt5nZ4WEI136x1ilM57SByHfFPqFA Bbvnstyo2cdJQWU WIzbE12pU
1998/10/04 09:24:26     puDhcX Y8tl1gtdClSAxYulevqp3ECXvhpdXIbTQyAp7uManbObxvSqazFkMaJu971d.cARToLU9 7CvTZimVpO
Sat Nov 01 17:56:29 zopxJ3VdXPYv8QR8iFRlreQlyDC43Kr9ssZ3cNT.1a5EeewDiy1MStVYP7BGkQsZTg72fP3eT4lrbGZpQYGz WtG
Thu Oct 19 06:43:02 cDc1dhqfSm7L.nRT3LxfwG8moyIZFJacTJAL
Sun Nov 26 09:51:24   3eiZKROewJXRQGHevOJ7ORA VdwTZd1m8sEe0Ia
Fri Jan 01 19:17:35   aHOVsSTplDlKE1J2YI78SPy9CvLsnFIZLLz
Sat Apr 08 09:58:21    EKfXSyBnIVVHl4ozEJxmzenbD39lsnloshU30HeMHagm pVD zM4eXh0NxHX24 SaHsYymf4.
2018/03/08 19:54:08     0kyJlHX.SgVg7p2cJ7XFCPd89mKfqdGYYgo5joctYQZruJkMOreynsxxGeDY
2002/12/17 13:34:38.782078    AEKiRQgfsPJXVnY1jSFHvo9.tkDglkWeZRYf8
Thu Feb 23 16:57:34   BJE49CjeI8S50h8Q5ifu7mVQCTwZi 
2010/12/25 22:54:42.830611 HQCeQ2dCMa5NFtB21ZN4WZazb8bwyI3UZf08VeBqsMvSX2kjUF6mTeFHgZ32v
1992/07/07 06:39:23   9OXUPb9CUNOhJ7ggfS0LpwVyTjExLBW7mdt0
Wed Oct 19 06:34:57    ctr2jf2ZxS RevpYHO7IXpIcN4A2b592vr482iLtpXi SaRA7S6UX25BMBAGbn
Mon Nov 17 13:02:21    HSCbkgMU.9dZzdECoTOotRniNf1J6Y377qR5T5tCNAimhoiSe32B47oGiGcRGVpmVAsuoMpZcZWVZ8DKgLYHOb.Rez1
2003/03/16 04:08:40   qVbMBgg0r9x.C
Fri Aug 02 21:23:07    ImTtcgf0vrKvXPplkzXABDKczyycHjzjyxpZmmxEAo5HJtjlMczjgVF32k
2022/12/15 21:31:34.435758  J5MrGHkQClUPItrOqzql
Sat May 12 02:34:33    L.TBSeIrpcVmn7qMwJVMsKZUMNmQJ77oMXcV9
1990/07/23 13:03:03.308619   gFtjRrKUgrIDmkqivmYnqQC
Fri Aug 09 10:56:21     UB0HLTWQtXz4sFsU3QN.iAYAbaCr.bU8YcN8
Fri Dec 28 21:49:05      3x Q40D7w2bbNoEDligttCwv9FafxTJQV0io1ucXJYCTWHilLcZUBU22jGvXEpD8r8TQG
2014/10/20 04:11:25.235564  dPdueeDMGP.KBIiMIHVCFq8
Sat Feb 05 21:12:44   JF5JZJKMCEbL0YW16ZIirDtC6BRXzXjBz2yymJTo0S8YhRtk36xBotN
Tue Feb 09 18:54:19    oeeOF9u5aLhkV6SWwUufnWR.4CYeSjmxQ8WHsKGO8o
2021/09/07 22:08:07  9XCbPQITrBf4sWaFTO43qQMEzWzww7O2wvR94bACvKNfE.stfq5.MIfxvq.78cNukjXmNXOo1BqwqGF
2014/05/04 05:31:01.161195 HmZIYkxXemdLoDYiawGB9wdiwo7lim
Sat Feb 21 05:37:43  msyW4bsdeH iPdaEVLW7awoAN5m5f9OUFUtqqxpM2dBVD2jgHpN 3eoRCmZccYVFMvnalgvA5zQ BNyq24a.eeqFcB PV
Fri Feb 03 07:35:59    3dKnzdNvHqMgmIjLmbdJami
1997/09/15 18:46:14.29081  H2zyLHfVu9RPOfsTH5qz5Gv
Wed Dec 15 19:32:02  s2l6hge8lBCor8nK8QDU2JOCAftEItem3QC4Uv.UIuvc GqrHivCJsg0xFyHfSk2ybBEvRAP5r 
Wed Dec 05 19:23:57 2jVrnb56oaoyVPwc9WlLkm2DPlajJ PX5tb3G83L7YIB7qbZiuHkPagLHs88 ru3yBs
Sat Feb 27 14:31:26   mzkuWbMe3hw10.hCnPw9rrUk
Thu Dec 16 17:35:00    LEKH9ybBo6r2GMxzBHnUQNzHFg3q.Tz9FH74.dpgMB5olYMQYw yjn8IQCbHwji.
2007/12/12 17:26:47.842385     jdDxSgkB7FP5Up55d40DW2jckef Q7IrQ.1Qst6U7GsNtVfwGv7gX02x8FELABJQvaUeaVB
2012/08/12 05:35:58.256113    zPpFWLOCO.lAX30wWHSuzu0Uo4r2xabntM86RnL3MCE02S.lAkNSfAn ZyOxc7n4
2019/07/23 01:51:51 mACmHKwxX8
Fri May 12 01:31:59 gvha37kUPkuc1ZNiuwAbjylvwpkfuv
Tue Nov 06 12:25:27     X5afUU 1UceJS6Icagw5oSri59.85.1nvrSvncbZzG0KHQ vXQlZ5qRG L0A9CkBacqah1S
Thu Jun 27 04:57:31   9 RinoYTNCcJ.aOK7Hm3Qz4Rzxs9kaoO 0J1 2BNlfbdm5vzseOUKx11Uy08eNmAxFY3h.6
Fri Jan 24 08:33:49    dC02xBbe5dFT0ayw5f okiR1FHAfJiLv8S XKsMBe9DASA
2019/02/04 11:53:46     xfA0Yjr0RBl2sZH..Ed71rzAcbA0KB9in.iAos4d5hLGwgty5wr966ngv
2019/11/10 01:24:04   WxEvQXSyGm Er0xSq32nD3q1q3utEFXCJIDdn.HmQXXL1JO92HCL jA2INMwjHvSv5aXqnABnbc.Lmq5Eh.3bD2N031nIh3X
2016/02/18 16:23:22  ny1fB6m7seAWY6C33bgOozA09P0QUwmPkQuidRh GdzBHvFxUBx50 bYAA50AaXIszuBItY
Tue May 10 08:48:08    Sjn.q7g3OtUDPr1FAyF8 
2012/12/07 18:01:28.889462 JUXd5In99E0umcPsTZrfJhv0KIy7KdkDQOYOkY8iMi2vBnZAgyYyn3VPm0xV26In0YHBytpd3vMBd3ZfI
2017/05/21 14:59:31 T8dM4AyRFA84g7ZgLyEc1h2pcn43BY
Fri Aug 28 23:18:48   72LUl0ocl22DG5Wu50u27KABqx 3X.dwcD
2017/01/11 16:43:59.335224   cD9zoUuVo7OHn7kRraECmdaIRVU4.Btzba5vT2.SLmQsdNU7E6dfUpHtK9TgGxf5hMH.2tbiC2oVgC
2004/03/03 12:45:07 bxKPL7S0MLFCDn1VAgK9bqCQI8sFzJ4WkKUxcnAIDsRN xRWfDbId.d79lbA0ADP3XXHaJIZnZh9u1VqxSHItt5A0Iiuhb9
Tue Aug 16 03:59:10  scTVe7otNrSx4eu4K2Sf3SLo.Qzh.y4rFoLi srZv m1C0P
Tue Nov 25 12:19:12   qqUPRAdaujZIpmdtn1d52sWMCBj9qvR
1991/01/19 17:13:07 JZWlw1D y.NQxkz
Mon Sep 15 10:22:44     4cPpeqORdzjTs74GUeivGZ90dTmKXNYhrJQJkw
2001/07/22 21:19:05.330647  6WRVbuZMpxT25Er98oN7gwuEMso6bVo 9rV4ySfOeoi6zBBMFzkZnwHkOn qRSlKlF9cKOHo
1995/03/20 13:05:03.808319     th6Z3FyZwshcEoLQ5d2MQ8RutabY5IWH
2003/04/15 16:38:50   B9zuhVSi1i3RIAMdx5.jwl3icUV.0Bj NOxP7OAfQ5pEt0aRYpVkdp2 sIZFAj2IhhmgFKfcsuI8FWqnPG2yXnBUlBp2oq
Sun Aug 09 04:22:23 k7TpeqQ12dcM.bfIly mhrYY4xZxA8R.Rq7xV.uXlGE3KkodWBb
1994/03/07 06:55:04 zYBpcLjRnsmuK6VrzqgS4WUnCuDMJo1KWYWd3Nbpu  AzSoCF7XnoB5y9gdn4kSDJWuRI7cZDkCCWsBX5IxkI
2020/10/04 04:02:59  86t1ycisaeenozcG8IoDnn5WvhHUWoBgklbKGDBz2OUKxBhbii8oHPj44MTrvnsrL3ny
2007/01/23 01:22:21  Uh.Qf0USBYfA0rr.b6xZqMP619EiZlxJ8Jz14Tyxomc4yYXrKr2PpvW11bRbrNo
Wed Sep 22 04:05:12     E6J2khNeMlMw8EbFVP.J5rYdeMtRaWsKoEXevaL73lRDlAmvgtrvxj5PR vS8TBpfqDUJislyIgeNHhjqFL7zavrfuTcVu4
Sun May 13 16:13:07 kp6I FtvNTzCoyfF3sY
Mon Aug 22 04:57:55  j3EHSKYGHn4ZkAvw92L6NB.Myn03Y4LJLhrQaHKXp7owNeVrt4xCdeolf3EjBBgUxzdbKZWxJ svKcD
Wed Apr 11 18:44:17     2uqPkmDlUuh0
Thu Oct 18 19:39:59     OSt er1XU4BKQo9ZHtDZF8jOy.hFY3Iwa4VC1cAmxRJ8mTINpq0wR2QX8ptjcZ 3FNrTfj3h895Jv6xYPxffflWF2eKvJep8M
2000/04/22 21:57:59    ANRJpjfbNaSaYct4JBkmPdmDubusiA5WFDXCEjm.hoAZ7iYcwrYRAougtmS2rN5hV1puph7eo.LIU
2014/07/18 02:44:10 OLp85cgOq.bZlvsbj
2005/04/13 20:20:41     vAMD0K1ukl0tYfjkE5SMds
2014/06/04 15:01:09.95843     ivW J9rnFUUz4safV8KIwtP17vXmGd3D8F
2014/04/13 14:29:36.100719  RcpqlIuI5mWocZk1Hw7fiQk7tG1gTWYtDDz4qq8S0G4KFCdbCopKkxp
2011/08/11 14:05:06.747704  jjy7SGqlfjORSdJpA
1991/04/01 16:00:45.290177    mRdDZ1h8Ofr0c9JndaGVpnU5vdUsKA2gciqaL3IkWWWr.oUBdhTZOSdy6obo7vC8P0kv1 8PjVxrdjx.CHMhna.Qz3V90q 
2017/01/01 09:28:07.13275     sHdrFHeyYSJhpoU1Cth J5PT.AnNuY
Sun May 15 05:41:55 1PHdOpFiQzvEwAV7fewPrJy6zNP0oSUl9FeSs8q10zK 99mp1U.yA
Tue Feb 27 02:15:53     F9LYJeVhnhaqfFsW0U
2009/02/26 20:03:07     3lLz8uXV2ztZXLWf0.3D.xHW7y0gxNhrt5wa1if4VNJDUXwb0eMqOVzC25VITpWBrB9omZOTnVaVY
2016/12/13 02:58:58    nYhaP r2neFdPamGFDIaoDck.aV ADaL5SnXPvXqqF
2006/06/06 14:11:33.372496     Alqee8zA mE0cfASiOHRq5kQyC MOl0j2bx
Wed Nov 16 22:50:34    QG3XuZ4P1bdtMaAebNjexZmzfG
Wed Jan 04 14:15:37   Y0zezF0xblxkpTIlTeGjWI5Ndby15UcX4b74Dp0AW.8jg5pB
Tue Sep 27 16:53:47     ubG6UCRaHJpXz6SvSvtDhedwIV.hXwtcclqryMmDfBIrTUe5diQAJzFq894d5rtFjZP
2019/07/27 10:22:19 XobrzWx3T9N.v6.p7mcFQIUwGjzl22Tn.2c9
2015/09/02 03:13:39.926328  3YF cbUN1L3w9WUZvsAMz5eXfjX9fHrqixSaNic9g.C4cdXr9807DItVv4aXsBKK HXWnGHNAmfNYuV6gvnrELW3Mv
Wed Nov 16 23:37:36    P6gPEw17gcEU1bE8IrghaosmhVeYqape4CtDdwKDN3OsUcPl0k
1992/04/06 02:42:06  Sx27KFZaNX.bkfp44drKRBGL6lHQvavxr43eCioJGo7XCEKOSLVk7Q2VvYD7SyVpBnW
Mon Dec 22 15:57:28  q.nK8gX3vng.jIoTT4p3gL.DQ0gjjsFNIgzxDJzPVW1I0la
1999/09/24 23:04:34.121121 4TqpuM5mzCjnr5ZrHgXYe6TWtgWHlOs4f.jpGxiNmG3Cu2y9KTsZZosRFW9QGc8GzEk
Mon Jun 25 05:48:10    4lHjGifGfl94POOJzLmoGmpUZYL3FLSNK7SRm5jlmKRpHG
Wed Nov 20 04:47:49    hLiBtXyHJzjDBJJAgSJ C5nSWJ1nIvAmCo.ikp4frVfSmm8qt
Mon Jul 22 00:30:10    LfELs7ZeLuRNIHH7.q
Fri May 02 15:56:07 XruXv29zg9Vrt.xaWGDLeRDDrhRF.gAIqqSbM5G E38khdjfw4WYOw9GCdIGIEIK 1.oOOln9e2
Tue Dec 22 07:19:34 yMEnOUd4THMEtdlDL9ByeIrQo8zFmKi8ygYRGvZygHNJITYS52oAdQyq1Ko8DMfNfCIGm6s7riynF5buXYWC
Fri Aug 24 16:23:33     ZmB0J6XU7udaS7Ixystw0NsoHrZTG6ZxRThcn5AnLTkI
Thu Mar 20 18:56:47 Ryk9EEAib2pgRE5rLIKlpf kSeAutCTAfj6oLKceEzrC9Zdh1JYSMdERP.RKX97
Sat Jun 13 05:04:06  20y4D.u2 I12Z 6PP1CcIuCTngRE2PLuJBHLvU6g. RpFCQItqNA1dHIVuP9w44c1il3LsYid0uIRSWMLHaeAlxc
Fri May 06 03:13:48   116rPEQRuQzKStHL.iERvRiHj.1gZGI
Mon Jan 08 17:00:06   1kNdgvxU.YZ4ep6vmhkkf6U4ViCd.mpv3TcwdqiM6kvmsfIwxtE9YZciW9fTKRi4c4Zz2ojzjOnze0NFl9 0.ZOz7PaALQ1RUQ
1993/04/03 09:56:09.442161    m zaQe8IbrY9RuElwCU
Wed Aug 20 05:48:05 wm1gBQ.t0eJUjcQmWOQqsfW
Fri Aug 18 21:48:20 7.0ls8.vJ2 MitOTcJDErIKhov3zEDs9Paci5xYlMLl0Y7PTcXTBeMjSkda8 Fnuk 
Sun May 04 11:49:40   1nlBzVCDs4XWHuG2d
Thu Jun 16 18:33:07    39aryx1xIDl5Z4Xnp5LPKkVtyEC8l43uE8D9m2n7Mk7676a0D4
Sat Mar 01 00:46:02    vSoeb3hEK13jHphMyLGnao
2015/02/19 09:59:12.792920     9Ufkgfig7UjSx3CeCV05D.BrXZKMrCNy8C4noY51C3iBeeQx0LhJp8nH4oTwLK6mQ.DKcP4KB6x6GKW
Mon May 05 23:10:08    n6Gw0Nd6mYcch7 6yT65TNuJtHSiasCG6j0 
Fri Jun 02 11:03:12 xgyHAKLY7 HjauvH2 viIQ.hHjcJaGhYtPRj cSoETgvC5fBG7AzxZ1C1bjKO
Sat Aug 04 11:47:55     vi y7NT329vPkFMGsGsZ.DBnZvaczaRvAnkSNwm.qoRp
2004/03/20 19:09:54  o6wQ3wWKk5kP o3j3sU7CdO5SFUxFnMz8dh7d.MZGubb6runzPn X LBR7jz6oFDuS9f .nN9JrkpTW
Fri Jun 06 23:16:31 LXgP28yjF1d6
Sat Jul 14 11:42:01     XX6cFkWBGQ3UA3Yf
Thu May 03 21:22:08 IsGVHad0Ji5hTTNY tAnyb nMD9qYRG1V9KOdQTGm771VdyX3MQLxtVRbkx5 5M92ZEUAKlaQlpR 3FBkMR11Ix06sOEj0HED
Thu Feb 03 21:49:20  FSSlihvQh2CRnOh.KXhuAkg93Gm5qh5aovHSqQePDQ0z5urcp.bjtpQ8lrdJfS 
1998/10/18 23:54:21  ohnYwpw8T11DA6Idfj8eH60HI2u7GM4zcu6xX7o3xp.mopLm0sQsNQCD. 08EuWrvd.vdck1rkSzPhE6skf gJFtyet
Mon Jul 03 01:06:24   vmL7h3hqfIK3dgxF3oa0UT2a
Sat Feb 15 08:36:24  49yeSY3n9rp9m5jI7BnkLkVB7SStWpHHt91y6f4dFB6852WQ7iSZEFPWOHdTowSd7avJtO80n6Dq3o WH
Sat May 03 23:57:39  Iey0UCNi.tXsWYWelosggqXnVc
2002/09/06 01:13:22.515989   sNdY21z6G1tVmRjmPnVOCSEMiflrv73ALYdfn1sBnVx3rniQUKRdpMECs0VwQeJZ2dVbnLMBFrwMbfAbJ7GkLVfAUlh
Wed Jun 24 22:18:57  6SSgatkuYoKFedz3QBM wO3zEQm.wACZ1ApsOWTvQRjRLaywqeoB9OmV T45Z3M6VJbTccVnboeSaCJ13SKBkxj.WQSYe
2013/07/07 20:17:43     O4vovagLousQYzl8zhhNClxc
Wed Apr 12 00:48:58 OcosDP79Dz jp3en.nPeMScOs9gI
Sun Oct 10 01:05:34    8JQnGckkUGDeTZbxfcBTVY5KJP3rAWx5jj8GJm7jmO5600TxTC1XOD1gzJtP.x1h.nTfW67O8i5tccJT66 QajNRUUm
2019/01/22 01:25:04.491017     p5rwb.f4L8IDqYpVQQiBDvz0asyXfQWQE4HSOsXQ16MXjpJg4xq43qO.
Wed Jul 15 23:42:47    GON4KQwLSkF oEZeV2D.zZw2nBqWkp3vftqI00OVYuVwoHSDCCrgQhm1GFUqlfTMIU
Tue Aug 06 10:26:41   pmuGh4v 51hb1VyR0.xJUERSwrwH
Sun Jul 01 14:13:20    MWTTSJ0Lk8mwWdaulvN7XuIKFIfHZpDa5AgYycvycTlh3pTCstosUbKCOBkfuXwMOVpLyW6K7sUcM19NSAM
2000/12/04 00:22:03.235172   BDT9sMVsB3ZOofxEPMnfGI.xtU85v33SwcmifBATMK28r0mtiOq
Sun Jan 03 21:30:49    uon2eSbTXAqqqWl2.anJdetL.wQN
2021/12/27 04:15:10.451641    ak4zTUuIIukC5hrk9bHwowgjShKzt3jktvBJU4e9pNIjt86Zv82AHzXk8ZGWCoSHqv5XPDE iGtN0li9rDCU5MR1B
Tue May 22 20:41:08 p4eTYlqanRvtNSfkH0tVg
2018/12/23 17:38:23   6kAZGLr5U2dlWT. vQR0dv kL88f
Sat May 09 02:43:14 aKphZIl6cCHAuJIfPaxH9dqACnwyZ.rZRSQZOk530Y9S5ydb3EXqo.jTZmrGusXfx CZNElEg98FI5bs
1991/08/04 21:10:40.491422   eJrDFDPn9yZCF0dgyqSwWP0lGXwXxnw9gZH0MdoO2RUlIBzxRM7I4Ie
Fri Feb 20 21:44:35  6hslTdNU5RURHEI9ACpQJoRdPd11NBh3OeYFSzWkWhsSXgCuF0x9U.HBNwbwN
Tue Aug 18 22:38:15  bWsVkF.Qdt.6FVzIf1oaGgZ8 tvZRaPBDc
Sat Dec 25 21:15:35 nPsqN.wUsGK56kf2JngHqnSOsGSBtsqEQOVH
Sun Dec 11 01:12:17    Cs9D 6r0LMfxrSDb6EkprrAKxg73Coue
Fri Dec 22 12:40:48  nO59tqxXuUSFoJ2ejfPBcg
Mon Jun 16 06:21:15     mpgSiYReU.7X3nKvj7bJSZkcprMHTcapCK5nacMQzx6yKZ2vF7ewDbH
1997/09/27 01:16:14  t8BJlAWmiR
2010/09/12 06:04:05  pPIy5gYKznc o75xxRki20R8QPSO3VWR0WuLP4IPw6CUAET4DIX1uyQVFyMqomH6IyXIvHyDE5g33v13ITU4
1993/05/27 22:55:10    bhh0dy46Xc8AeQa5lzHXCjhqV.s nIO .KPXi i0QE0YnuvjUmHT6a
Sun Apr 20 19:54:53    WGBAQ vDljMIvcPOxQb gm LLckJlTxJtUVoN4 5q6FrmnWOrJQKC sOf2tD qd4Bu4eAfHeHx
2021/09/14 05:25:06  YcXD777ea4vocfzT0wH1YdbWUyCTYtnMdv4ze4SNlP4B0tKVa2F6gtaVI 8Yr56pkGwUD07mSt5XyWw DsrupZyyc6yv0PRD
Sun Aug 01 02:36:59  OyhEqsojXp9gVZTuQvIl3COjc4ix6LjJLdIhFNGDjbgFay7bPQcHlMDQtMNrtATMAr3QKu Qdfx6la.eTS5Pwj4t4tf3RtPvJRt6
2016/11/22 14:28:00   cb9Pn5q2z7B5fJJD6BK7XwoDlj4aSUpmS4gz5PR1tFshLd2ZEa2S45KIamDab
2012/04/02 18:25:13.153858   XssTOqjPOj6Lrh7a1lArK3h8Xr3WLyiL1kVYj4P8I OEo58zSZUgs2uBewzNbeahM5uX3tE.xgpMtIgFO
Mon Sep 27 15:00:19  bVSUbJQIasWqlgkhULLLRb1Ku MP4ysp0ribDEH1DO.RDwEssAWT4gGeE7Mofk5RmcO91Y7u0qOfkOBOxRCLOfm1vD
2021/02/27 06:30:11   OzESqKWrYzzGbJOAULEG0zDBJcMtu.50Uy3LH4V4z75OJkskj0vKYeLx60AO6uzKQaDUWjFl4
2021/10/21 12:14:52.54423 bfLFGqRZKVV8kovb9ue8V85JZyNZyZHo5gtz4oTMK uUdkqHLOlCQG7B0kJ8itcn5TP0dmElA93jO
1998/07/07 13:39:50     .B1luOv190Z2FvPN0Yo2UYnu6
2017/01/19 13:53:23.391769  zAwQDpO9lbicThqj6qf3wRZcsR.tkcDrPB7A80roPtiCqSu1hXosXpvi9kV GwXxtxOLSHQmHO
Mon Aug 05 06:07:08  WyIWU gClIOrhpSbmeS0ZK0igCyYTnYuZQTu661YrObL6j ZaGN49qUi4FZQe4AlNiwbIm35JcA5Jo55FTbdDp
2022/08/20 01:01:48 94iVQ6aUyK1MuRidLBCb.tE6oSr0eWkg8mqWmXFWXGi14jRHPohhtpAavMoUaAipOlyXXQZ39UpiV5HDznhx
Sat Sep 12 05:30:31   aI3F6XaFN T0aPN6RvqOXn3n0Z
Sun Dec 06 06:09:43   OU0W52m3aRzRi7NZYpoZLIbsMce6dxhM2wZMxrFowLVktP3ww.jJo7eXphVXCA
Tue Mar 08 15:28:25   xCYdCiJv2V88R7ErobfJePjJ5jbv13u5r6j5eqgXXXm 9.v.OHccXeqbKQG 2eqS
2015/06/13 09:03:29.736117 yzfTXBExNAK093Pgiop.BdATqgoLUkVqQOivMCWb Ch Z70HvGItSOW
Sun Mar 03 15:38:11    j6YuiwsmBUd1uwfSEP32dXq8RmIw8bp
Thu Apr 26 09:14:35    Un5mnz9cfnnamp0kU37wWsh78WOwu8OSQQQ049
Fri Jul 24 19:26:34  O0qCmgl8RQ7C2SAvmRTg26AsX4KrR7IdxbErdQD58jMaaCW5OGuzQQiTHPP4yVgv
1996/12/19 22:53:08   g8lr4qRcJcaGhetDclJO3oKumYVsU4UP5XrvN3SyZTzv C13YSIylPBsAO7
Fri May 10 10:54:09 wt.JlLuVsWLq XAzgdMWOh3B6YvUe7J71G3SWmEueymdEp8
2003/01/09 23:40:46     7EnvLi4n1q AbOrGrQg4gpkEOCnlOaM7f.6o1lILGC14oikcLMutQ8B
Mon Jan 19 06:16:25   vWoS8lczNmx6wJIrxpgM1gKszDJBZ9Y
1991/07/17 01:41:59    y4I2q4YkBojTAkODhWuTBtjZr kcb4gq2N8wDx8Ubxu703piauJd5MaXb2pAe9MBCBCK6fOZ
2015/02/14 16:27:46 UXwBBil9c.PQTLssLLaBW4Fyye5ZxE
2000/05/19 04:44:38  rbBSwwSCcpXTc8Q.nJyvKS6pqxdpGhp8h
Tue Jan 23 04:24:14    Qc2ytybRJQP2 MorqGj.Bt6.0 fUZUh2
Mon Apr 15 11:02:59     LnJ.TpezLGqlquvrPfrgCGL8ibalENwqWQzJBgFaivqn9HOb3G5ykU98YMG21gixoTOG7TTdw034ItP687Cds4AWM
Sat May 12 08:56:08    Po2.fOOoY6G1Y1YdeKUr0JxL7qq1o2dCQ1AUxbWxH13p540QcDkbwMwZ
Sat Feb 13 09:42:26     posDoqWAmftv3LmC4yJJ50R3s0xJu8Z
Fri Jun 28 14:10:07     nq89SG3jCLuyRNZg6ZESMv0AjpYhKE.Wi2c o3M5.zhiAkpib71YAIpYOq8R
1996/04/23 02:16:00.783003 TAUclE70ED1Q6dQRAJd0A5wf7NbJyARqeQ09lS3kayO1TYrEaJN7TMFPFW5rfdHQ8
2017/01/10 16:16:34.622442  98RuUljjdOO8jWz ixHj66 
Thu Oct 26 14:55:14     PgrnHgLJiYvkiCOQtzObf1SYTOt0os7zZX04JtFwfzyicJdL2c90lj
Sat Sep 15 05:07:35     pOIfWn656hCYLuYnB5uZA.JQ7
Tue Oct 26 17:37:33 TStG wX2oEcafr57YocIYhcgh1xk83LXmDfngORtX1cGAE73z1xA.bFRcHOppHuEnfkZx5fvM99icVsX8QK5joMj9EQjeIm49g
2003/08/03 15:57:36.2188    yGU2VywqQBFBjnqxtK8Li06Ej
2022/11/26 18:41:33    FUP68gQtL1ymsYMM .EhfQXlIggK7uMCUKFG3 hsPFTKfYcvCgf53ee 3cNAUO3s
2018/02/05 21:17:33.258168  wDqx8bU5DDkLE1XqX3Bn7N2qLVSzw3GUh QxSp9jE6PVlPNlhk.7CjIbj.o4OGSeRGWixoI
2004/08/12 21:47:45.781901     mSpR4J8KRTDZ4g1ZkJJmBkXuRbXBjJIF
1992/04/19 12:15:06.204563     Y8hgAZ4WrytqPWIQWeBwdgl0457xSXMWbCWsctdnLnGrYOybnnQnt6ivxhPB0
Tue Jul 03 03:46:47     RUMpPS1bIi .M9QmN0dkqUI936kEsLoLBxQiUFTZgQvgJBhXg bDBZPw8Q
Fri Nov 06 12:16:40     TbHvLqQljx7 sDk7UYI.P5vkdRd myy13d3VQEG5zvKXEIig.uuj7LDpYEGoaaYppL ceRoki7YwZfV K0.0jmwjD 5fxVI
1997/10/18 01:08:08.966119   pAlXbpKSUgbwaJ4LQn9RSHmVZuFdL1LKIwTS0rh.y3d6VT7qOpCvyfJ4
1992/07/17 08:49:27.960689  BXy5oo7F7kpUYNDKa2neE2
Sun Mar 21 14:26:58  QdY1muYPo5FaL7YJ3uTv.L8UHvely7klTrQe..9XrwfVvFCSfsk1Oc5ZG Yg2
1993/04/14 11:30:48 jHso1SFAAeySAvh5JGn6tfjwMqbIZzeEzmZO1asiKRbqZ
Sun Jul 16 00:41:33   Ws3q0GEWFrxf EDRXmdes0WP SgLzPDZ2E2ouccg.EhbAN.GbkCHjmP4l3MS2tyRBe
Thu Feb 04 09:32:11   x.fwnmz6IKmqeBiwuoi4dLw96XFtlnr6aGJuKD0P7880nQrWsUfMh7Gx3.ucGnO1 8tpvQz
1991/04/14 22:26:29   BnN6Fbe cu.qrTldt6JMgHsxFFDJga2nOUmFpRbkdMuM62z.vBTkF7Rc
Wed Dec 27 17:55:55  nqNiumAAQN1.UzkRBCZKCj6yY5f.gpGvvoHu.8WQjVaEYJj1WZOlQkFg1zWUk ii.Em4aPtD
1993/12/13 06:29:43.794475     quQo6j2eA8JaOZx4E5 etz2mBExVU7ttEWxqViH1ElxzjwzLTTv6TY.m1
Mon Dec 12 00:05:42     I8hTCGO5wT.MZsbLVMTo.U nROGyYD5Con6 38SBgV8gGV1k3Js3YkyWqzv2ee1m Z.hF70nX6DqHwK5728
2011/08/04 21:00:25    k 2PgIPwOOvA4NzCGuYZyZwimBGWqcVTqZxBsKXNVb1W63lOmdWoBKKqmmj7kk0ZS70.zNM27W8goV9w.0403rsqx E6i3uoPpP
Thu Aug 18 09:55:54  pzqmomMmQxXa36Mwn1bLXj XqHapn
2014/09/16 06:57:49   2APQKicTDMKBqNDzzd70OaTnHb
2019/01/19 04:05:44     8HD0lLVFa5i0lSaNUMwJiPfiiq9WjbkwZ51jVgW4i8xObYPeK.xZ1xbqA2rBdLbHwALriUkjyWQotvmcHYn
Sat May 20 00:21:42 .EN.EFaCYNvm3Kx2
Wed Aug 08 04:45:47     mv9tRbNuvLDcVF9B.DGtrDZTOgVzEHOONus.Ck 0HYB5gt22UIDOFUr9
Wed Dec 27 20:52:18    .AQAh ziRKhzVZPCjOoefCKsZ1kagLlK6uvOVLzmQUOBFjbX96okVmp1QdAYWCXl
Mon Jan 06 20:21:29  qDwVKPphpilhos12YiBd8u Y0wBo0tqmS62nJLW6hDQU7uDUSFNV3UdkicuTqxMK83sKoU3COGjxYDu0CbPa1FpWHqYw
Wed Apr 19 10:34:41  laWXuUz0gnbdt7NB.Xba7KonRfuvbu7R4wCC9KQYVa0gk2ZCRsjc
1991/04/15 17:19:33.564083    zqsDNrvwG1w37 73W19YuOiMrvVSV0b4pQEA8uk
Sun Nov 07 16:12:33 ECQT6 mA6joyYAoBC6uX 
1991/08/28 00:16:49     Rx.OfWsw.eZmc
Tue Nov 13 04:09:07    hJZbfLrlIFyDAhc8aTzLpVkdd3E6SVPv4V9WSjrT6UdTmjzgTvbtpP9s
2003/12/27 02:16:38  1eF4RelrofbR4cQcGB3B12kaCqVGzmbr..Lolpt rAgIvYS3vpEWtrInQPOOP5gf8EB7F gCq
2018/03/12 15:50:29.691713     ZG.6.InmOm1uHs
Tue Jun 21 12:14:54  3bgORan2WrUD6t4sSf21YSjELVwPn8vq4XQ8oLZlQhEOkLGGuPOXRwf9H.FCfIC2r4zHb7zj8a
Fri Aug 25 12:47:46   TxUxd7tcHSWJvFfsHA.lPsPjxTth Bb
Wed Feb 26 08:08:51   xjNhO4LYlwY3cKttw
2003/10/18 07:38:00  5069nUWAu52jhcjRywtqiAmnhcW2Qj5uhtoLokLE.JHvJ1HfovZ.z.2ioJkcNR.Nbownuin52FeQZMYrN34TVNb6R.xN. 
2014/04/08 11:20:26     cIuOnNOReMlFWqrqQsXc.7 eoIwFUJpCsTZIHqOMutewZRuPEFcv
Sun Jan 18 01:17:51 WA13H.H.C.RqjLazu7gQkk26.Yd6Cp4VvjSgr4xZN88NRFiRdPqJ5kVkhDskInrkM96cHZ.6x
Fri Feb 03 14:22:50    M qxcqDKVRZ.mBFTwUc2E dgwSdLrbVptPveSuZHRTN6anPji.uUiTN8XtCmGukQHSbe
Sun Mar 22 06:26:01   kc8G6gAbBn8c6LbpNNSydRBqyLCpH.PhHf34lY
1998/11/25 05:06:08.109613 hhw0OhEgTwENWFnopss6PmWNWROP0
Sat Feb 15 01:30:49    qOjLbqbBlglepoOgfz6 zpd07y
Mon Mar 05 23:11:34     ceHwiPr1sj.2buKE1spuH hrzQKppqKnzlfz5rTF2z3lrXCW1
1995/12/15 20:02:40.660341  UjfMNyW2Ujua
Thu Dec 26 01:58:06   tHMEVJ1Gy9pkUEE0aW 9WYSZv
Sat Feb 01 01:01:59  xHzCo060wR oB.xo2uKB8MH 2BTAgBlN6Tzug8Gltd0uTWGXqYoRaqFihTNy8EMcyy0YOuh
Mon Jan 19 08:50:05     DweutYQmpEgNErNE z7AmPB4ybF0wzbLqbIhNDly4FYjMEuEgM7y DDRNbRwEo3Yb1wx
2003/08/20 19:39:10.854477 0j5WoWx7Kn04e5iRX8MpTPZSUc6xsgsODKangC l35MbHhMxXow03oY4O8GnVMhcbvBJoCKSV04sydSzd4UXOsQi26
Wed May 28 10:27:06  CemLBREbSSeo0jDKCIe7bs 1g8EZZ8eZ7 
Sun Jul 12 17:01:39   kudpxHXYgZZ4TU5FhKJrWYqOghLwCe7eGIFekn26Zsq5.3V9DddKL1mW5dcx.7PdzLvKJSB.p9
2011/08/25 17:01:58  v9PniDfbDFmBXoXUlYagcQBWe1oQFIXbZ3OReo  ddcFHJoFXVuPxkfYgikTX6dq6 QktsSNLKk18lZTfLLzhyrTSM1YOph2rX
Wed Oct 27 17:03:25    nKwFWRyMsGh5JyNNwBiob1nx2xAas76LrAIp.32iCIQTLu81hzqA4Qw9wlzwO4k bbb1hnDKVBqn.muuolfeNzPw09yWLYOq
2004/07/21 07:01:55    a3.DYHxlTSe br60P7n1U9gY1qQRSiZED3WA72JaCD0I97MyVcO0NOSaqYRGZxjDVlo4tLP5l9CE2uWeNc.hTG2HVWjsav
1992/04/06 14:44:00.245169   5ikxgbvGepe2Yh5iAEc9tE
Sat Dec 24 08:45:17  39k6tIVnInkiSXY98kWwWxsGQ 8UYE6Tq3yJsPJx.HEKnir9fxmwEarM5OQivpBdmgKslbiosN5WXwmzUtMexUCWs3dZymRPQVlO
Mon Apr 28 17:12:19  .mtHqU7Ln3MLTJHDlyLw6p5qYtuih 4LCUWOyCuOc6JS0rbiAenl2RBu5e1Dp
Thu May 16 12:50:34 iHep83ZJVsNZ.cbNbQQLV6wdszKj0Q
2008/07/11 10:30:17 xo5Bn9azuKXnowVYN2xEWNwHMPQaAHCC
2015/03/23 21:03:43.745777  9nlfBNcv.xbR8UYZEFR
Thu Jun 03 05:00:12  T87zSa 21kSEhpQNnEhXIwjr3P6Wg0GDdVFjkgVBoA8qnUFK1k5iACNNFFHJJnqdT7dRteBUmye7h
2015/02/25 22:25:37.756845  Q2Pi88nHDeGDGyJSz4PU
Mon Jan 02 22:29:37 Trqa6zSGC7b63ah9c8AGyuQVW3gExBo2lbJhHbMrTtq2G1DFfLYT4Q w6ux7OuhelueULOc4LK.acjQgx10j1eQ.0x
1990/12/01 22:28:48  96Z5jQaLa0HT3cOFhVYh3gmdIIz71RmIbyqjbQ5O8ZLn2JVddHVz9I6VoNJlQZqpiEg4VNnGM.jQsxRdhEe5.Bt7rg0LuePhItju
2022/08/17 03:07:48    .FJO5otLx4u1uQpf7XHYO7YLsG6wbZvRdBr7hu561H4VVmko
Sat Nov 11 18:29:45   ezBJLxyFLNEcQIM1aWzHJBfz7j7EBgdeGqu kG46yI9
Tue Jan 27 21:51:28   nQr5TV2lIx9g 55HArbV576R2BsJdj9YSPvpjs3VG7ng8zzL3KPynCv.nWaMcc0pUG1q1eY1D8dLMJbXr6eHGBx7
Fri Jun 24 16:10:20  PV7wjpB1mmKXz7ffMUl0Z5NBJyHAmxd.VvtQo2LebuAnDLCnXL0nO6IXcN4pRvIM2o1t.W2M.wliWWcJVBTk
Sun Aug 06 01:35:08 tk0yyBPtc3JgoepdjFmXo5b6Z0cjiIsfiLyW7P9hBlhGyc1YtRGyGl6GfDVetCRgHX EIkMKfFoAiH6GFyNaqvjR4p
2010/06/28 13:39:15  56CSePSLWCxfy.h0AvCBow36Ifj1 b4vyu0GLN4rMSz3wCePK 8aHFLFAHQWNsxMKRWTWNtLr8mN.HazeS25psHnM0tiV91
Sun Jun 15 20:09:25     IXl5kpEui8b676kHnXnun3yYnIUQd8CY0Fy6.lr4
2003/11/24 07:50:25.510465    AMYahPtIOiiOQ7T0N0QR n1HGm eZPXIpGOMfte5dBy6OYzvfng5XmX EIJDo5fLQu9
2014/12/02 14:49:43 Dtt.NE3Tr42h2nrM5NEzKL5 HpG0haX7ZQ.B QgNmHD5tHNUm5gDAWfF
Sat Sep 21 20:12:41       T.EwxecaJdAuZ42h6xScF3v98qMynzLI2B020cF.oCn9Zh
Tue Nov 17 06:18:36 ku3FZJUaBtgBzyu7m75w N2.nJ6b  EuEGH2uLGOwO0tvCjxWhVuB0yigLayo9 uJeGxH75ogME.zQ
Sun Sep 10 21:55:58 CoSiUCtdeU0nlzLptta53rYIhjSb7898BAWqu8D
1996/06/23 17:00:53  yQ5ldyQtZqDb1qGn7U6RkMa.YLGwSI.vYtlea1FZvfz6RKx
Thu Mar 01 15:16:21    Y9sZBaKzjuIaS9sJWuQ.6rf4xQHNhExQqLx2QqLBTieCb6LDZ8ZyPr
Mon Nov 24 20:08:29    aaUypmYnFIvwFQdVZwa905Kv1Hsgr8cmK.FX5DIoYAfDM
Wed Oct 09 10:30:40    ZkF1.RkArNvvY7gIImsnHSUMULlPtU2zpNWiOt5vdnnSwk.KUnYc7lnlhtw60 XUpC.Z
2011/08/01 07:48:54.713789  XKVkioNVg.Ua51Gbl41x5xSrozu312EzJUqZywl8JkbWf.qAB5VH4dwdwtbgLgsulA0LvFz4rsPWQlNaoyNB93x.Fk0p5
Fri May 12 16:54:17  82BCNC3vuhiUe4UyTH.ttwEgqfrb2lwnMRwd36Gia 5UYA6CqI8c0IfTL
2002/02/16 16:50:16.951758   qoEeDyUFF1cDWe7t.ImQE1S6unkMxP3M nfO.xYlRJIPYoCpYrqjPWWuti jkxNBYfBQBMR7.5PVyOb0lNxv1c3LZ
Wed May 08 21:37:32     DQ8.AxHTXLu60EXIZHkST8b7HWzjbsHNaUPQMUEourTfLPG94n
Sun Nov 10 07:05:19 Jk2nCb0rJAfEve 386X2mHfhaOKAtGm7Tz1FN2tJ018W2hVxf.CkHMV7Jz3KLtYxhL13avtbPium9IK2ja6wFhbjUCfi
Tue Dec 01 21:58:04 qtBvU6Bjw0NhD1hPB6hzDyesS74x3m4gNato1EbwM40kn8OjcOjwh8TZcmKnpQsVNDG6oknFw9tqInLaPe8qSuhE1EoK m
1998/07/18 01:15:24 7ud6HCS0PEoM4K8eBi.C9S3lF1mdtQQar.bKM9htQ9rVLre7N38DGCWFQ7J1ssAIQhbRTQHGsj
2018/07/09 03:51:23 lMD0BvQpx7KzozsQlD6sCsM4x5s4dh2vGOxZ0xzr0HVALzxYmiaYCK
2019/04/18 06:12:32  V00EkdQvWl6L0cFj3kAvc5PI U1B022b7jxEjPS.SZs2z05WO.Pq1.577Grdmc4FNWozz8m5XAawNs803X3NvtL5hDcVN
2003/05/04 13:01:59     8mWmL0qWZrnagr4i
1990/12/03 00:09:42   na04HbS5d90QZhZ1efFN gGNpGqnXpfvUKFPw.aReT53qRlmTOi4RA81GDiG8fqvuz3JfuJHhryYxP4 3bt6CUK1I.U.FibRxx
2006/12/18 22:25:54.36830   lU38GxJp5vUBgLJxyPDXm
Thu Nov 17 11:59:15  YDAobNnKdIhGnUW8xH2F8upA6d6 YJlIsdbrjY
2017/08/20 14:34:51     XxRcuiN3V1Z5NLrEu aW4Es3C6
1997/06/09 22:01:40     jshVil8U7BbOhz4Qx6j9uc0T3jrT2 plRx
1990/10/24 12:34:33   rOT0Buy4tsjnbN4GsRd0 1LUwzIK2C2lrIrUWQBPS0OdddyEGrVn2Sz8rDxbT Az5Ru1lgDcNElh
1996/07/16 04:04:48  nD0MUVorpZ1C5UgR5XNFu.AfovNMuHRR0u1fOT4GKhjWA
1992/01/13 07:21:10    Ww6LNgg4CSYswLT7xGLasivl6fQI9S21.EabKFhe ySC7v7XhPyrALIAP3uyqupGU434UNTHqb8CnIsru
Sat Jul 26 01:31:11 nEcQKo6mnssmXJ wCoPklKvASEGnQ
Fri Mar 07 15:58:57     a4OoWoOGO4FnfnRb0gz5.OXLyzGAHzNUjZbu1kQ64ikTZz
Sat Sep 28 16:07:25     xJ0cLRgY0RyAwTPW92Duer0J9ftrXVZCYxc BOOIHoz2yRXysVcbvfOHydSEzN1usHwQrRB4fCqYUpWW4lQUTCcArV
2006/04/07 11:55:30 ZSwMBZNngL5laSwT7y6ZTy954dzRavQNHbFKIuSlAnwO1pN6hyPea3lRKvDo9u5frq94wO8Su
2016/10/06 20:35:59  0JQ5motgnJsTh3C3YfY7lQCy
Mon Nov 09 21:32:42     wUeb IOk1m9v1671Rt.lurcwn8Q4QTrHA525IC8LKIi.jkXlTxeG9nGM3OePiY xf3tkcViicyNab
Tue Feb 09 08:04:07    .G0or2pxpvjxkV4qVgQhrHUJ0OtH39.avkz.G YVWiDP24jlBWBb rUjr D1X0cknEL9l8M4G8F xakEuqbNokeLErX
2021/06/17 13:09:41    90KdiWSAmr.aIgNBXyFMNvLua.yPeBPJPM6JZ.HAa Es o
2003/02/09 20:05:58.970401   GV.C23A5c2Nf9N4uEL0g42sNTz0OWCKQmDDjQ3PytlhYqe3RU2kpfQSod
Thu Jan 18 14:21:22 O.91PamzsEls22W9XpNiRUlsvZtWf6JOrS3x4Vj.DvNjY4bjsJM6gtnfWAjIeOE0oHDeth6DHS2DIvJbtzgcfNH6X
2022/10/28 07:48:33  PTG2 BRs0xVpEaVIwQX FdhF
1993/02/16 12:22:04.186250 APo IsgdkzqprhxSSF5jzEei1qrX
Thu Apr 04 17:58:18    39Kpg1eLl0HP4KclIZYyaJy8
Fri Oct 15 15:15:05  80yPJU150yfimR5GDrPYQdfeFzCVFxblAkzXEAUNn0Yu2Bsnknu9CyEjgZ5v5qlruQYVtE5T1uKWsX0NswqCPG89i1 o53f
2001/05/11 00:31:29    PpnKOpfhfoXE0y1ppp2 EJWuMDTEN8TzLE3DXObZnOZMVix5atO BAawpj1X6isElzQ9p CHHccwDgaGXjTyLI
Thu May 07 09:46:17    WxABSm0tzsVs6GnZQNqtTLp3wrlVpI oWMxyibltOUAhBTt0WT32qfakKBp4rkxgEA
1990/06/01 02:02:50.238565 liIAdsXOM4YAc1xTjJZV731 LiRHTApWNszRF1sJp97fhkWfkP7O 
1997/05/26 04:36:03.579466     nI6Y5Yo2d.dvJepd4x5mB9xaDSQ4zwXagdQ5psL6xhic5py15vPZcEIU771awHfV2UROC68qF4O9lRGhe 9h1wnMSMS3ixC
Wed Sep 17 11:04:41     jO.Gn2NVpohRz2QBQGq7mTvFkL0R3YTI
1991/12/28 01:45:46  AiuNZoI177Rq8k77msCcNMdnTAPl0RIZbtgt4iN0B.D.CALDN75Wujr4P1kAP
Wed Feb 23 14:06:07    kICFBOiqQT5qyPKz
Thu Jul 05 17:00:44   PjcOha0a6 38AmNCmFujxMBIOMZsJm3hanFWfH NY8xxRprpPTjZx.FJy
Sat Oct 23 06:36:24   MVSE0YZmHc9D96KTvTSJRN.HrDXb.Yt2C9kRi5t2Cpuy1Fu
1990/02/23 05:31:23     Vx7le0XzozJIxiqJMHfKfvY6RKw
2009/08/10 18:46:34     rzKzZMCgkCHfnES9pwgMgBqZiq8tX qxoyoSrTpdy7zxRVORB6pcackCfrEryZxO2ZQkU2peyqRO0I184Lo6dE1YQJuF82EX
Mon Feb 18 18:12:03  9auag7gdP5YZBw72w7ElnfNpkJ3z7290Zrbj
Fri Dec 04 19:59:00     wcuNOPl 1piLZ5H82T NejYkyMHkdLY 3UPUZ6oFetjvxcn5vS7R8HOqP5buWdGyCeObTHaO
Sun Aug 10 00:41:43   9u0qU82jfK2MHRpGrTFyvABn5LA1yPq2V9yH1Tqz.KpHEFf.qEMMcGqvJqax9JbFfELSTewWMwLOROTDjnGd
Sun Nov 28 13:38:05   .l8rVDXs7w7cT68LJ97Q2OwW86
2003/03/18 04:18:59 Fka74v3l8fSsL2hQ0ZzS6WHw9uHJR5Ecq99EQINyfp.vvyXw r4HFOYBk
Tue Jul 03 10:21:32     PyJ.f q241LQ0j0Bfj1k9hCf7P15hRYlCdEOIcf2rqas1dR0vUhLkJkIIzWNF.aUoTIHGshJwN0 75QkhnRZlI SP9sbuMOkd
2020/12/21 01:51:16  dtRlQVBVw0.G5w9fJC7K2UnHh.hXTORc.bu7c1J429UmPi9hBAcdLdLeDkkclDRUvUTYVh.Yw
Mon Aug 18 04:20:07  kcHvA3i5gU 5Mef6MMvPpROX5Qk6lBNdM9FSKOxNeb6LghsAKQbJReWcZPId
Thu Dec 14 22:00:14  P.GJSPJaV7gqo3cqkEBTZWI43cGykqmwsR2FlUpdKO.N55.ZyDFV hYqXfIca4D8KI1.8pXVnBR IaeTe42O8UXwQ74A908Ar
Tue Nov 10 05:40:36  hCU1hrJof8P6MkvZpQYmUNSH
2003/11/10 22:16:57.778094   C2nR4 tbQssp7VYJ9r4FsW i782XSgRjI7eReWpp9o7.8UI1lYGNvPUt
1993/12/25 19:25:33.497989 GIrFrm9EMnyRpYxIEyPf7RKdzdrhaqYm4VyrA2EBR9sIf7RZmxyFid3cG
Thu Apr 22 20:12:12    SuiSfeIq0LJDcXMoEUf9BTyFNEDhOAl6N2TkZh2BJuQ3X.2tnFo6432LTKxM5SFyq2aTXBZ77 
1993/06/21 15:03:01    nXpUIKOqu9QZPXVVsUJl.ucUDzoBFftO4LEqkvtFVAKPazETRNYXrhQw4q6e9U7KjOK1lHLx1jynelC
2007/04/19 01:48:27    cmEVg G4r34haB3xHgtv5Qj6ItkQQZt
2008/04/15 15:23:18.274425     UV2ocL3LcT7cGJZarXZQBWMpJwOLL220Vp4sgsg
2002/04/14 12:59:23    xMpiGtI9IKqb6J4RzvnFToLKy31GS3JEcvnobhWcvRpjuLxzzMC5IzO
Sun Apr 12 02:47:37  86TuOYvtQYRVGQ1 LX
Sat Aug 03 17:55:14    DIUjKnGTRRXDcZ85zbury 6F.B.FBYIY6ubZvrlTMAn.USdlTlit8pLKYxdv.pVpbKGskVzeqazkzmN6b7
2010/05/07 23:48:02.602238    7PPPEB9b2GhgS.ETOzPQnXJn9Jco4C4ktZ F3cvy8N
2016/09/25 08:35:07    Kr9HOtE5mh97Z05EbSPZnF0ikSTtmwTT38YsZgyU8FKDh.UAEXFHbTaYU7A
Wed Jul 08 09:45:09     d3ZnGIvj.zQdCBGyOqeIV.nkAx4c0J9IG 1GFNc80bbbADquXI9coN34Z9zyeBFlcbd6EAgPJfaQq8ayT3BDaPtDUpbZlhUe
2008/03/28 21:08:17.567957    q7lsI4DD0KQrKHdil91b06CNNYnhB. .36qzj1KnpcN0y5viGdugKBUTQWiCQYLiBDuAiyyH
Sat Mar 10 05:28:03     sHlMvM5LXqvRR9uEXZPBBUM
Sun Oct 10 20:58:34    D1tFd5QWVhjsU6qmYmd8W54xczjteAS7MU3Hppr5qZBDTuOAw6yuzyHWWTJhxCJ
Sun Feb 01 16:05:14    SOAxb7qRmXZs Mhr6XnGDk3hwj3CtOaotlBPpmfzS1YYSOiyOmX1R4D42J xzJx5nj5OabGe
2011/12/09 17:47:00.466566   V33B d7SzVYA9N
1992/03/23 14:15:13     EYY9neFXan1Kkv9SRveUNtdJLr0 
Mon Aug 28 03:43:55 nHOPBWntz oUx.t3r1grxZ JsOKm8Ob1WkhiY3QF2sEoqp.Pr7psS nfwxuh
2007/09/11 05:57:37.238142     tCgOJj4tEQ0J7L3OLq7lCkDw
Sun Apr 18 02:08:19   XIhJIYoRQXns.TsBZRUiFuQYqFh.n4yayePAsQFa.rvRaRhxFjBg
Fri Jul 15 22:06:33     Q2K.Lc7  VNwwUHxUHcme1ckJW3nmJ9kY5JtPe8d7JAa1sRYlcZTnkpWvUq m Tbt1d0W2ptouZgVyOcPKmGPeeW.xLkozM0q
Fri Aug 14 22:22:58   QlE6mybklPq GhtlCHl9R.g4ZyFh2F.oVyi5r628PIAG9IyHcMncDuOPC2UEzhhxkN588VXQ4UsevwtFzsX2xVKkCpKVf
Mon Jun 27 07:45:27   Y.OriZ.H HyqIbp6r0eQNxZv ZZ.YLYawLVsciL8otO7wEjEENQEUeQhp3789. Ua3lTfOm5UfaZHRcK2cXOY
Sun Aug 25 23:11:35   MIcnPbcHMEOx5CMIJCrWBE4Z7Ak1nlfgyyPvi4jk3dp1gdFfHmFAUNWibNc3gN.fRGmo2ByUjpTfOGoqkE4lD96uZaTs
Tue May 07 13:33:10  4Sbytl6ci0oR0tfw1S4V8KkvOvj6a8FO2sy75Gg9PI47DPbv7VbDbKnOhwaRa hUDT3keE 7V7JuRQx
Fri Dec 25 03:35:31   lxgG2RGY1RHGqUoAFh67vR0UD8.T1fuFpdrbwQhNBglGKnsSyh94hvv6BPsKL050G2FBQFzk
2015/10/28 15:15:35.114986    Dn6A4q7FmL67vXTm3wT1Wl2LJwtdGlRJN2Y
2009/09/20 04:54:27.103496   a1AmP4xKzZIIwPiOs.2JEt7Az76FD.6SRnwUmDCm9kbDoucvXo
Sat Sep 02 12:36:14   qBFr7sZ7LMHRL.xQ9q.hsRab8.P7qV0aC3xo9PNHvnE7iHeS1e2qoSSBpqLrIL8rko4ktKQQOok
Thu Mar 10 03:59:34    7EvbIP1tCfw3Y39JHBRV7 HqpSdCujDmRrwsjoRf7Un1Pmsz3t
Fri May 07 02:33:06     AyGkS5sEBevjoame3As6CvHj75drgfVgNACRWHEhaOtHjFTOZlBzCp6vc
Wed Aug 24 21:44:25     uOg1zAicRhoe6
2013/04/03 16:59:21.916272 E.A4XsDEgTeNJL0dFQ.P3yA6Yz9DijYdIxaCArWhTJgE2mEF1JQgpIhZAvhL
2010/04/25 15:35:00.290039    qc2t74SRmbhWeJJif.c
2022/01/26 11:17:23.243736     EeCEsFORw .1AdwOeqNrOxwm3pP661fahSbajueEhQUTPKQ5HsZz95fSg0a28DBer
1992/06/15 08:46:57   gMFA8whclx0
2005/09/13 19:16:34.142779    dYIOqeKCty4iLkfbvphQdmPwH0mnfIcE5gurW7o1QwQpd1USeWOgx1q0 XEkjhS0synqqsG0RNvlY1IkKzXIYBwdgaycT
Fri Apr 04 14:24:12  jlulIalqNQj5 qEzMWyti1.U
2011/04/07 18:04:50.910724  L5Dj7uYvtTpFY7iyc6VaxOas359n4Zj744ufdRODDlJATYUK32aUZ3FHxJcWxGabfYvg7D0Hbrd
2000/01/12 16:48:20.594917     9Y8oIr6xRkNzk8yyzmYLXdmriH7zWo1
1993/12/17 16:58:52     aTcvOmBXgk90MhAV7Tms3u6XwnpNZrf.P1hn0F56I.Nyw6LrT.WmIjR.EK5WfDa3XRUxYmaD86WZRqaOpf
2002/06/25 07:54:43     q2byBreYnqyc1 PFv7..jhHbVaXiqfIJPAz.UtYzDa a.cNouhEUBF7ulwy7zNBQUh7HAZnc5IdOi8ns.ZN9 fw6w4IEVVSlaM
1994/03/17 04:19:52.475133     2KOyf7HlQB6WKVHg3VqnQcZE0wPMx75bze3V6Ovo6dB4aXVCoaaknaJFkPBg8 lF0Y9pRKOvrEdWZvuNOHaEKnLvx6
2019/06/06 05:04:19.338895    owLh7CH8T9f6OVu90NAS6aH7g55wSuSz84J7VIFdbv0oaxn5xH9YayPgr0lKOloqv9c.93d
Sat Nov 01 17:31:20   KEYLA2gClJo9UnpbBo8aLgP
Wed Feb 02 00:43:54    PM4cjHyQgrwMbUFn8fCplx
Sun Nov 04 11:12:03  2qX7mAss yUD1UXZKO1J MxxV3UvYhkBUSn7EP
1999/08/15 23:52:58.799511 8oxb0PoTWyjntAYve8
1998/07/03 15:11:43.108492     A2lgRL9zdpTdz2QkyKMcE3zKUdHXyqriT.2sv4Isnkh0TrPxZEcRYV98LviiWkDXIMVKScF1kwtUU9
2019/01/05 05:03:57   Zht4MdPR.3cceqTJlevJIa5t8whP0GFBwEeMwnM5GdaPq8Ht4izEMdwVgIzWN3e1B6Gjal2012N Gf5QYKB.0v2 vigLC
2014/04/10 16:26:57.34211   CwgF5CkWBKnosIFb4WGPlb5y
Sat Oct 24 20:31:08   VejtGvIqvjxwSaroB9tKrXNVAxm7sFpKrLSFZwvC
2015/05/12 08:43:02.531985    JM0F0IZu9mQIKttFch1X8nXwcALLDRFuN84iRgK3UKJaw8 ZgMr1h9AaqDuZ1IWhB6lieN7PNDZM.5TriZ
2005/09/15 21:54:44  YudrJBxDmXuN0Syb.YZrC3IpmyJIEDCSaZMOunniOMAtwQWCQdiMWEZsgAgKHvsiECEsE.MgOmHQkUvxy3.ia0wX
Mon May 22 22:49:49   9EYH7BYxo.laOG20SU.LnetwPkEa.pOTwE1j q4MigR2lbrJXdCelhGeclzKNWghB7QH0Ttn7h7CQEZ UrDeWWX
Sat Nov 14 08:07:36   u8P7X463i97HeDp41eDVrNVToPXHlAVMco4ddjM8jemWAI88Waip80kwoiJIpHfDnpc4Pq4vXxh3USbnMucGDbVPu8cxK.T
Sun Jun 17 15:36:20     sQrAdgqapaVZ83Ujvti83z Iu1M1u8ZlLhviKhzPfDhFPuaPZfrUJKecXtyPm
Tue Jul 06 01:21:13   YxRtMw2Lt5U58bxZiMJ.l3M2fgtboUu
Sat Apr 07 18:51:41    OwjlbkhH4Ioki3vVrY0.vda.7vTpjYPZwmYC3wGwg.YBeB7JQnAleuG.uwQbQcqbjiNO y
Sun Jun 10 16:59:17 8OLAsdJM145Sihx.eK7moIMFpuAJOp.c5GoW3gH1PMdzHENVlrgKaEPSFX1aNsNg6JF7pLSy.5
2017/12/24 20:35:38.868004 0sySf.ShnTPMyDIeq1E0bNRfOcrr.wJkoiMmmjJKpS9pHTP
2004/12/09 15:10:31  5VvtSqIC6rxGLtC1 JlMhPiddcU4J3tigMSLJxrtxjog1FWf2l0qAjTsaNOWEIAqt7VvB1G9jwcyj0690AEyjdUoF4qXJxU36LG
2004/12/20 18:53:18    qO7E6aaTVuIBXpv RfKrlN9z8gEt5rmxdqYlb6KycZnNCzX1cfFONREKzncpJ0RzomLOg0VtnfGXUMG2x.8bB
Fri May 28 11:11:15  TEJ4UMh9a848kT9ULCNIk6RFBgL9be2CaL7VxVJU
2001/03/10 00:23:10   N.IG7LaNSrMyBL24KwbcmqkgjuShTyk UGhpzIsz81ZiwKBevC4b84A0WocDSyq
1992/04/24 15:47:17  j8cGy2uTZM5yBBBHFHZqWRIpgSksYa2aMI12vTX4fKQzfirxEZUx3WfMEPYqbDQX3nrj j17amxu2
2003/05/24 13:51:06.62316  JZC2fZDyxqcjTZrSjLOnQ9YLag SMOHc UvlodOBctSUaFhztVnIJQx3kKajRwFvL0aAZiOOWwkyaKsrMdIV
Sat Oct 25 19:19:23  IRiSOJsvxglWi 43fG9zgGfaYMzQ9OTbiiePaxgWndAaH0Nwz8dS5d3W OChpx6o6NZsltyzbIT
Mon Sep 04 13:30:37 zT5yytwYDmXuiwZMNv8VD..
2018/01/02 05:27:22     dPn5VfNfVvCN464hW4ScUdCLE8.YwVowgzgRWypBA7sCGaQ7 gOFmvPQse2gwXBrUotPTMdS
Sun Jul 22 14:16:26 pGwsN7EzcbJvUGvjYz
2008/11/19 07:50:18    j.agVzhzn16w4OvDQK5lSlqGOQOhCPdq6U4P0SkMvwaqTDT3apPy4z eMtJSO5n0PeqvcpRaH2IWkGBq7hXp1O3RP1yLk
1994/07/19 16:09:19.811533      iwDDDDaYLAx5g7.J9Lup8RdvkJWXCLS48RAfvs
Sat Jan 25 17:47:17   u88XsQKymEp
1993/09/11 14:07:50.177346 Kd1Vo9GxC7X.9m17.xjYPL0e10t7MFiEL
1996/11/18 12:39:15.51548    rkeq69NzJOnn2tjTrDmsobjsJnzhesa0tP9r9MAp31YWAK1EaENVAjj7sdRiks 1ccQU5ONfLq
1994/09/04 01:43:09.865760    3KKPGKyewH2LKR3uOV66LSSP8sYydmJ1g7K5PEQrhCuKh7hzVdSYpVKrc1skipCuv3RZbi0QtExIoy
Fri Mar 23 15:50:48   2A0DXSAuIoovywL0agLPwpdC mQ0
Wed May 11 23:56:54  4cnwr 02WL4PqCz4u27gDwR3MPJG7VpIlskLaiaMA63ucpD7Ok1lbH3dx4E92 p
2014/10/27 17:16:35     GI6lGRNeyEVY5CLNgTwjVoA93GGvqPJWSRfrEbSAc3sw
Thu Dec 11 11:48:53 zsXYTBEG.q62ktI567aj AOSCqAmU
Fri Apr 07 08:17:31   83PazCg7LFBanHJLlUGe99EU2zgIEYs20wCurgEfj1VdgeU05evLH mvmi6KtfJrR
2010/01/13 11:33:52    GdcG 7nFOD.WOmz11UJdPsmbHOGWJDJnsmB
1991/11/27 20:27:14.171230  a53iCvjLBt7LprCjdJOmuaNA0.dJIVRTNDdqu.tW6Bit1oT7nlm5QsjJjDAamvOvAuTJYx5SeJrmuXMDQRDMNi
Wed Jul 06 22:31:21 NCk2SR.KUH KuigtlNXeQyAm0hhzNs7JWyqL5lem2iEeGHS4U
Mon Oct 15 02:51:43    l.Sxw23WsbdWA6IyH9LNf
2001/06/16 13:41:53     PTub3ToOW3D jD 9XaAMa0q2U5XXUTVQgdBJIYU6NhwZegKjrbGid
Mon Jun 18 18:51:50 LkNjV6idFazK9y1qs5LyskfvLuKckFoKtL xyeHI8
Sun Jul 10 19:28:41   ecKyxSaKS2zKGaO4RkfdvJi9Gs4KRid11eJ4dM gXu8RUfUXaGO0nEZN3821cbkyj5myAcGnl6LcA2GoRsjkeHvPf
Tue Feb 15 11:23:56  fw4Vzgl6f25oiz766uNXhxWHqXba8WUfHAhHgb0JpyqAI8AeK66fQ7iee2ZqupCsTRVJa5Q
Sun Jul 06 09:59:48 KKWi1nulZE4UnX.vkUjuu6jTrnh2U6xDk9wWwBL
Fri Jan 19 00:26:01 sEwg5ZlbIKQa2ARAURsUkJ0FOhkkPa5N03
Sat Jun 25 02:56:41 mF8W5ciuspk2TW2EFA7pNylEhbqVAaDlJuPP2jLKBDPBjxJpS1GiHYJUVqT1pdktEQTMGxHFCpMSYn3mErwGWBUMZj9TfT4lNR
Tue Sep 21 14:46:53  xgiJ9teMamhN900gMPJpBb1Lrvy76SEqkyo ZbyWiP8AU4
1992/04/27 04:26:59  VENMKxM8oHTs50N5SXYCmbPmBDj9 mqbR
1991/09/19 03:59:00.736457 GbsTwShqYPFcb1mGU.qsfRonlE
2009/02/24 10:40:16  3G..hbhg73RMzWeE 7JNs3Rjk2dAct8Zju4Hq9awDq2wnuL3a
1994/06/09 13:00:36  jrPnPYu9nFhTub466Xdc6NPfm1S1K1roPuY.8TG7vaGKt7BkD0
Thu Jul 25 22:05:35  MbdylG2yWwcoJ8wAoeM1Mqnatefzj3rwRHrkKXDpiwB0jss2ykCbaZ75g0s
Fri Dec 08 19:01:05  Y0FeJQbzv47twwNYlJ6NM0uD.4ZaPkT5elaviW0HGjI
Wed Oct 20 23:12:43     O3Fv1OgZaAV1C7r4DxiGC7F832GK783FVlTxKeN9b7rNbunwgsA7 dakW7xugh0UaamHzgFc5pHzFZPlA1FTp3UNcMBFHGkwCpsF
1992/12/25 13:28:30.855415  spHCw9He1H0Uq4zJnaCtAoG6q.cUgobhMuuWGBpWVMDTNAFI wwZpZu6IlTP
Mon Feb 13 03:23:58  dWfAJqSFRuMOVi0f JlJ95bVDOf
Thu Aug 28 06:45:31 aMBeRK2Vs.fakDV.rOXfwa5fwZ4cdIRby6QPwR3ALjpJmonVqCyV6ismJy23mU8BmA4o0cbOJXEZtFSAHNGPfABQn9.xMhip
2010/02/03 15:10:52.335031     sAvxCgdZsQRwEz
2013/02/16 04:15:26 IgIpNyVPVr5cYE1HFUm
2011/12/05 18:30:56.153088     pdiQQ2ZBJLmFHJAcVmq17m
2000/04/17 14:54:44     R0Gn7fWnD LbyJF6uHaEFu3y5yL.0D P MScWNggshVu0E6OUxwYrM5RazjdAn05.dwN5hcEGw3F4GtPXLpUTL8a4bklkF
1992/03/06 21:21:12.497047   DlN1v79UVOCqq8jhjZmTeW.xpDsFvHBT9RYIDyuYSCHJNnqiGyT OD8pNrX3ncsPalvTwkXdenANp5U8ebM9PfB0Qut
Mon Mar 28 06:59:21  4qvrUSo0AEB6ByG.5K57x.Ss2t jFr22QnvALE
1992/11/16 12:31:05.836022     XChuwLOTOHsxApzPVW 5vQUp1DeV53MxC8qlM28UNlCfcHRoPTa8gvvyHT.xIZyYrd J4I
2019/09/20 09:00:45.952193     z.Yi6PsaLCGhrjYuJqAGPNdTDAVlkxyEPUX
2019/05/06 02:25:22 GroPko991IRlT7n
Mon Sep 16 21:44:07 pEN1FDdx6 2ogI9CTz9OoC fWVVLryDxcb0OkeRE6YRZ K7P8xl6ZzW fFSjMG2xvrvX0c9MV5.xu Ms
Wed Oct 02 16:08:24    AKdNEsx.DLvd.J7SjSyMgJhIA8sUvWGqVBRGI.SJZuHMz2wzBTAhsoEa9oXQ acYfXYcdT8hjMVfp.2sJVP9ZtOg
2016/07/11 09:12:07.433082   IzTPfjDegAiwW2vRg8TSbMfZRIBYNUA43qf5XTk0E07Q.YKSXjzSpcrseXw7VBI9dtS
Fri Aug 22 11:58:48 fAimZsiRQ5vJro C ApyrzGWLdmPzJPMr2LnERGYPAGpD8Oj FWCZJ
1999/10/04 06:54:38  MiejDiTHDsULwaKR2 4PoJEWY5B9W9YuNmGqgXGYydlQNFFjuAawnwLO waq
2006/09/01 09:16:29.681705   wZ65jZYQj7uo5Kh
2004/11/20 10:51:26.381136 72ynwLeUbMWRiwMfdDrXsRfgHP6wQdz2iK1xsFDnkeuoGDuhrV2ij20Jn
Sun Aug 23 19:28:53     dQ9Oib22t4.YgU0Vq4O4Y0daA6gHgo6WPFyz8OM99JyPYSmXCYDCf0F4 IOIFbw93gZjbeSroRpZsduZCf2HDNlDK 1VJqRs
2002/06/07 01:34:19.725192     Y5cgyX3F3RjlzWqLNO.OMArqJwuBX. E7OPpOo1ZJn LJZG45bswKl5FOxr7q8.7uwCkRmkv.HUmtAVP75wl4Jz
1993/07/11 03:33:15  HR9rauzEMF5YIgXWCWUCaSPY
1991/04/03 01:04:08.92018  cbWyCXUQYCEUzKOyjrihHqWzQb4nu.CUstUAVhGrni6Gdn 8W5qTfQLIC8rsNYf5B1gC.ej9W8Vh
Sun Aug 20 19:06:21     HVOGKHEBMeb7uL8Sg
2011/01/08 21:06:47.87828  T5nKr4C D7CrbH1O.LJNKgtM8 CRa808uZ6msQ2puXIPMV08tzWkb9gyXWZ CgjnZLC c.pLkIR AWzO
Sat Jun 18 02:17:02   8bQdAh790jRYIO.KTxYpNSzbClXoJ l
Thu Oct 11 02:39:30  a0OPiIgbSYp8bEFHO0m1IT hQOTcWD4sqc mKl6SlpgdML1Pwh0Su4Ne9IwRsgHvbCB3bJXOybAcfsX
Mon Nov 23 21:27:49    4wSDFrYhnMsfAgvaAxrY1dARhAB8WnzOzL RSh7C
Sat Oct 18 23:43:22    ZOzAILAu6PnqZ6S34XvialiEB5NeWnTto6dn.VFE2S2b39 ozDbkkxLzRBc6PZb8erTX1cj6tEAIOo
Sat Dec 23 13:48:55     UbgtEhg4TmhgTFO94tFVm.tGlrCLZ.g2lPC7UVmBNwJT7Lt loObiOgPs2q6XHsSEM5 TkbyUe94Rh38GdEKgzIrHX5ZZpIiyLb
Mon Dec 17 04:36:27 a5EpVhWR1OXTuZY7YiJlS9Dw6gi
Sat Jul 28 20:02:17    clXTbzYRF4qSe.6nJpQQyPzuTSyt 4F dv3SqyKvsPJzCF9hP9wuQBFiSBj3.edko
Wed Feb 15 23:30:08 VkiP32rxUNXPNzaai6V1.ekJYYGhSNjjakdEQ
Thu Apr 28 13:39:15    Ed9G FYdw7Mb8peQ.lBV54ElVNXJdvy954crQoMmsUsXygaQwPihPlPdB3Yq.APD
Tue Sep 12 10:27:33     fkB7QP8H7a93gdlmtSauYw5Wszessxii0 mPz7YK4fScJPXkl262 YVf8Ze3gwnzJ
Wed Mar 11 12:50:49 N xLwak0hrAi.KDggrU0B19RR68TLGcvy0EJpKuKLBdli
Tue Feb 02 07:12:58     58ynbaTzr0XpwBiD14zwGFbdauk8O5WYdK.DzWmafLxdouyqjKxYeCTJ
2017/05/02 14:50:05.217535 rOehMZ.E0O10SEl7uVLiOndxeBECO4gF1MpMaw8F.Bh.V6q.i1JIVMPLDDenKWU28qpDeLyDOVaJCnU360AFfL58R
Fri Apr 19 22:28:30    FwCDdTca95ThCUkCsIlZDt
Sun Mar 28 20:11:19  R5n8TEnMWRRXVDFnF66KoAMEjdA2wjA5wKg03x4Se5Mpx9oy76mvtD9O0iH
Sat Apr 10 17:19:09  DKTywMBpex8nLV3BQl
2010/10/18 00:39:09.327382 t.islUszz0Tit5QSQUO8G745uqntGKOCJcEaUtOolZfNZDBuYceaOH3M
Mon May 15 10:39:11  cvug.u yCqJVQZLfVr.ebn8gF37ZVnEgpuRQLN02bS6K45vYmizUs3Hx2K9YQV0v4rdX
1992/04/10 02:08:55.680132     xxnFqJvev.72CUTgoVXNwOWPEHphiMRQywLqm1ZhZjUxjs.BG.hGs8MjwO5NpFPg6vvLYMQMPzRPKDYHmR4 kapzM9aDhy
Sun Feb 10 23:28:02  aMSUEti7xFysKsK8a18wZ1OyS.533E.45.N pHFUoi
Wed May 06 14:09:01  SLoicQbNhzlgzdtPg7szu
1998/04/16 10:17:20 GISWL6JNXt6Wk8ufS
Sat Dec 12 19:08:12    xSW.uRO3lW96m2kGMu0MQ0O1BT2hd5N4G6
2000/07/13 02:45:33.235390  vpYXIn2YyL2liHpei1QRhSM
Fri Jun 22 10:43:54 7sszC qphEgXttZH4j 
Sun Mar 17 11:44:38 OqyCB9dapHBVnj2 bugr93znLcaDIlpkP7Giwbq
2003/09/07 19:35:53   d1Wfuez2XycnWGw72I7qEv2CZfeFC1nACySRFpDq.Fe3i5dfspzcQf R8kE73aQfKPUpM8RefPGVuRyqjY
Wed Oct 26 10:34:08     vfkkr3s7pTOjBWjD7dmvM
Fri Jan 18 16:48:09    ClZSoiIA68OBVcwuCC
Wed Sep 21 02:44:45    mBqnP9IxXbPuCuDoYwFQwXsQZZDiNRUvQdBXTZ4lE LBtzs4BLE6RZHCC3cymn3X2WF7zA9HhSqMrjTX
2009/04/09 05:55:56     ypjyNJhTPMnzasppSW3ru5W0vpDOYyT7kaj0nvbhWnQsRWwgSqfcc1V0rpWPYOhxFYiFU580qHYk1tjW5XbEQSe3wvdO2kXaCjn
1993/06/08 11:47:59.702166  cNdd14YIC4N4X1T2JvUbY0BUDu4xolHlSExBm4gRGJMaSuDwjuOtY1IyMKwbxG0L605AHWHqaHQxzAArUC
Tue May 15 05:42:59   JeObQVx7uWDi6SSlvN6az5iDaljbfMXPIz y2vpSo3ySxHQVS RhXH2T3ZWmsTtbo5v7ELQn1eJh6WXYXxh9372L
Sun Feb 27 06:09:48   MQB18HQf5MEYmZgvDKaSFf.n JvB4tG14YmaejP.8aKz6CMF25ntaGNzw9yP6c3SMqCPbRrda55uWpiV
Mon Jul 13 22:50:25  Sl.wl cTUSlA9J8JaM7O4w
2007/09/16 02:16:05 nh8Fnv6R0BH9AmqEYi8rlJsrCGSFlU7zk.CC6M926rD0thU4jQog B
Wed May 15 19:59:12 2oOP9AFfSUo4jgmwL6GEzk54aAvrPgFP0vaSni5Q.xHCpc3gGGJNZ hIjw0Qb4Mj
1995/07/24 15:57:04  g577wM.DiQ67ZMlTSZ8RbfisdwLo7u11F1TvZRf2 My4GRLZkUNs bC6l.c4n47jSwiF
2017/01/17 02:59:41 Vt.FGmlDkrvpszdQMKfrw8VNvWg5q7HJK1e5.6ZUPNIi91eg8l11N6dddSMOlFLDjwPT 5anWgnjGKgqj9hDuH.Ni
2011/10/07 08:39:43   wopZHYBIAvvAc96Cn6CEi0myYZvivxE58EOhfrJ4BId.w28ftui5KkqnCMQmpqS.S28chGWjF0QNIxG2usEYmlt9x
1997/07/07 13:17:08.560200    9VDCzO3g3DmUfuT1QdDZrK1bphRXm
1998/02/16 07:08:13    ZjmLPxXa6Go45kVUikfkBtN6GR.ViS MUZMRP2ZH.ftuyZKrDl 5XouyXYky
Sun Oct 22 01:32:29  8 zklefMByguLTk6BpNfZ D9Nahx2E0ZWzPP4ud5MX c4H2J
Tue Sep 06 02:00:20   ny4pMsZrVwJ864F62h.k.31uklaZYBp411yj1P.xTa2RBtEYQ9xwRVQlV5EKdlqCV75zK3cpjhrCDEPDcSahdn
2002/11/08 07:46:13     FBXeofKW5t1mwlvE5NIdPtKFK1xN3EEemNha37IULbvvnzIJYyBYV2xn5zndE3f5cas9JAkhITcmW7UBf6
1991/01/10 17:27:28.447955     jlD6cVCGn8QS 7iu4WmiI1kxwkJ2BPsGldnYS72LaKHvKB8S44zp
Thu May 24 11:26:59     PkFPPnzebUfMAIjDOEth56WeVyizkEyjZo9g.i
Thu Jul 22 11:32:38    gnnU2qaTBc7a4jxAyS58yV22ZRx
2019/09/03 20:39:58.664293 4bCZUf2ApQe0RrEeoJNSKHPJAdKiet3PamulW7BWYCbYzeeuBuZPaoucoEMI8wm71oNk1nKGrKt65OzQ
2020/02/05 06:30:46.612643    npMA1SIb2U QX6G.qONr1o4n0raSxksqGGVLgL 5DTN7CYG9ALI qgOyzZ3yWB 2XqTnigS3FokKcGBQQ2yqjdI
2008/09/06 11:49:04.717130 7r8CIQDa1yvCyuPGTDC LlJp5ik4bN1
Fri Dec 18 08:43:43    OgfEYJmyq3fgWeE1 hUfqNZEWdmNxJakEtkLrfkrYs1MC
Mon Aug 18 20:07:08   jQr0ed3VIYHzOI.CUNATFXty ccOa.
2010/08/10 18:06:30     ilQ2nSnMfqqNJmd dwNvlu dXTRzITICr.yub
Mon Nov 09 12:05:25 UpL0KoVjuZ5xGGEGkDbZg82zbKehXdQs3cKCRyGiTiNMeW3s93r
Thu Jun 18 19:17:43 2aWLTl7nsUhXOAyVdVRB K9.9OgsEtuxyU1rgIhtgC3DK
Sat Jul 15 14:48:38    SkM3 9iSBsJ7OFuLrg4nqfzVxJHq4
Thu Oct 17 08:03:02  0UALsX3jO.cjFizCGchYm9baqcSSPgxKHa241ZSjqm3mR96Us1NtWQFxCY214 0tYuDzn68qyKrEH290wnqVSGC3eg
Thu Mar 03 06:27:21    z8UrAOQsBgWH5KIwTPA5VaWyVjWQTU5RNitBPI.H6.cs  R
2019/02/21 20:48:55.78741   16akNewGlO.CkdxyngVX0RjsCOSnBPHu92xkHgsXCFbNGsVZFxCdlSlXHXIdTxTZNthHiYqQHPIvCBm0pEC50e91d7r.1nHH6 C
2007/01/08 12:27:58     PdJzND8DAUW2UP.fDqAd8cRCIYCE552s2JVSVwr4YLjU55UDLlkHCzwMkKNS4hXNPHlL6J Oz4W7zU7MUb
Thu Mar 05 01:51:21     mkh6wEf7vXloVDU0R3u4OlKdgCprM8XMQu
Mon Aug 01 18:03:00 v8Q22e.ndNOAHBOzad dVgOz5lDg fRAPs2t H9iEJVXjym9vOzmrh1eATf7ceDFK7Ub.5eo
2001/11/06 12:55:29     wM7DO8BVyWARuQyKHYzqnreqZt1cx
Wed Apr 16 02:40:46     HmOwrTqlZqDwM55fyxEScxeAwT23igbb1L46gH.jJ6ROOJci
2008/11/21 19:45:28   yauKv4kkuYm8vKv6aiBUbKe1UVY7S3oYnDb
Thu Mar 10 20:03:51     9HEX5GBOEIohixLvghs8ZqyDwyLl8R0vs0eJvGzitErbbl7rAieffpPYY7AaJ9no3Bux..sZPWnoe8C3.
Sun Jun 07 09:01:00   O ox5sUQoIsreeFLTJZvoRfQrAganATVa9fs2vWkjfApAoyggFsc5GjfdX6Q EYA NEW1KrffGZf9936C.
Sat Mar 20 00:26:32     v hLxgtSEMLbBfumvOq85l499xxTa9AQImbZG3KT1F 5irVX5dxP 82wdWvIajOIUmZOu THz
Sun Aug 15 06:06:50     Mj2hYqXtE 0c0vZnLXSfEA1ZqXkPoAy.O3py.A8CuENoYqa5WcsWrt4yED3HSe6vBnvmQKuBWr
Thu May 27 01:22:33     qHBlhzcEsSS0e6fKZRXJq3TC h0OYwj7M78fSgJD5rbhC5M
2015/06/17 11:57:53   eKz9fdJ ikMS5J2X2IWgXoOplsNzOTIhihb9iXQZukfwGivmVXi7vJzfPrF8RUgx5aCXiQDtOnISD3N98.uKi7smVXbqManhItV
Thu Sep 01 11:45:58   JrpXgbZgddz5kF4 lDMHuCpQF80rDjc7Q6LD.Bo
Wed Dec 13 23:04:25  avbpEW.uxoBcmrgb0Gqu7NehS77RA7tWQvOP7S3A7JOIP
1993/01/08 06:58:29.498763     nhOMvSBamY8xYCeLXXGT6OdUOwPwgHxH 
Fri Feb 23 03:12:47 KnB Yjhx7nHGLBxOWvgZU.Ya8Nwq7GYz5 rWVkdgMD VUpVFrAUEhK6IvH3bkuboUPTNm4VL3QkYxmDH3NEO2s08zHqE
Tue Aug 24 22:45:57  wn6Kk7A5KZ4EPoww4xUcviiLuKL2gA6QX1f2z6nlALmd4R5Bu9Sk.SMTpD2MCSyLb0RBWunr7lEJ92xIcZ5Aj
Sat Oct 02 04:27:44  oZjIPBoYLrcNQ2XNSZAKLnqbtyT9MYW5Oqk
Sat Jun 25 00:21:51 xLh6d69PnwbbPJmHfkOiuOKodNFoiBpncR6OvskGuSkoEy0kORbnV5RakegMMfgfCTlIYGOfc
Sat Oct 11 21:07:25     FUsD.lokKFwJ7YIa1QQ06234xYB1PqwVQlHc59deVmCrS
1998/02/06 03:51:23  pfnsTO001R7fh5jfXWMLgPcxXSaxjuHXb0igI
Sun Sep 19 12:41:17   NfFY4Cf4 GkcZ4CSjGm4h.Te0tTyveP8oIwb.I4FPZDZBIr5ARinonxgdfFTdL5R sEGlXAElFAJGp1gorU8qyvD1LT5wdjkG
Sat Aug 04 05:41:47  tT3HAx3nPEUc1ow.2AphK2QiBjuXcT6vxHZ13IGwsckGFJcscWUjiCQhINBjf8QXyYP7BlPy
1996/01/19 00:26:49   HZTIdkVsj1zLxcyzDt C07XTjE.5ln
Sun Feb 03 12:39:33  4jFpSG8vr8r3WMsKBLog3H36jM9MA0OyF7hhqXOEl8N51IHPbwwK7A
Thu Feb 07 13:01:08 o5fe3OEr9IOvG 8e2XcCFAUW9ZXBKC7PUmnlGFNVGzTZrJTYMPFsGTFeQpzSN
2018/06/28 01:07:05.60171     PM3ajGjxaJ5fPb7dMpZTq8SwlUDmPgzBrPYycDAJLYlz0OWKhhzI5md4EXDJaFM6uSQbmYiRnsF68Au1l8h
2010/10/16 18:50:20.567193     go03euRIP6CD349O2OIBDPCM9YpwFlR5j1A6mcMuIIMZrboQ8T AnY7oFoiHevMX9P95PLufAksqg4LsHC9
Sun May 25 06:03:28    J4pj7OTh yIqfdKmff9eb1ax nFTSXFOMC1wUl
Thu Apr 02 18:47:08  0rAwzrGukYrrnWAPd09BYJ8JPTiMBXfII2.Q0LfkbXzFV2RlRDorrySMLgwha1U6RuDR0Exfm7AdiFzz1ZiulTxTcQFlG13Esm7
2002/07/20 04:05:51.412967    WY7THll5X.DfTyHyo9Vpbx hw2O4
Tue Jun 02 10:44:03     EWqUM 6vqs.2yYgRwq
2004/06/18 21:39:37.16832 SkAwHIFSFEXHIkGfGa4Jm8wSWu8Lb7
2022/03/12 21:26:49.326926  lLax0eUIGYdIYm
1997/09/02 10:36:16.471260     cE9jSPsA5KmjTa94ve1WTEKQ07UjL6oVJtwBzezj0xGPSTCPAjWJMsC60a4j UOBo9lSIL
1999/09/08 21:51:57.929355 9Xn0Qm2W1t.9Zscq6kVnDvAiLBPchF
Fri Mar 27 22:32:51   AlR32eUgJXC3njtGLnACx9.8Hl
1998/03/17 14:47:58.610709 cWb7fydRolapO2TbAEL.94DpbGzWzPjGxCK8o
2012/12/24 07:10:19     HQN R8GKNb87m.2Mg41jJRt.PHu9MrhmvyoJ6zAxHAPqsDwROL4hpHMbER2uIiM1NsDE.jsSMoQdbg
1992/05/25 15:38:09 MATr3ob.CGLmJz qM .06q1UNg5v2y30Ni7M.ZrLfjEJ.ezrL
1992/05/10 10:51:14 .7WctiDTi2 dkql7.mHvWMOTIzZneaLLkNcrl bZtRzZ7g88
2014/03/18 10:22:33.21371  b9VGMNhIaP.cbJTVlvf 8WUojo42fXVL GiwTkPp9JXm
Sat Nov 20 18:58:26 7Zq2CTaP9OMIjnDNqYK U94u0VAZ7CJIyWKVsUQVRFautxI0u5DO0Yn5OV88ulF135KY9FstK.kvwHETyRTiq8fc
2013/11/11 21:01:57   Zw9r wVuWH0gAh0LijGF 799plAhXs5WS2qYNDKvfqKm vqa4.SZwMHYvUk8s4AgnDZZVbCvPyO251KHG2
1991/06/01 02:57:58.977003  ubPSVgJIjCWzEyFoG9P.QaBK.OyZK62dRncGxLajnoeuSkD 1yJDJz4qzO3yDGo
2006/02/09 16:46:50.567787  99C XOteMoBdj5NI2aVcr73KU4whJiG
Tue Feb 20 14:30:00     uPRzHLixVB 72TQnY0bF3l3VxmcqnmyLgBTN 4vi0KUPjMemdnAgbgbO2w0Fg.UJEtRvGp8EtZx.2TePVz2HhCvW4ri8gLfsl
Sat Oct 22 09:07:58  OhAyruJMKM0
Tue Oct 15 23:57:36  BaLXQqA5I.UGosFNIBnLusxjSc7xdoVvtjdzJr.hmI A9cltsj.aBGWxITaBqUWOABcwefnAH2i 14sFxTv
2011/07/08 12:34:00  lO6WIXjmty5BtQDf82p6Jqkj2oAkUEUjC JwIodeLwApUyl6uVZVaYRQy1Z
1995/07/16 14:15:01  6WZLJ7o3SwU4vOnyOPw5uAOPayq7kLzR4TV hHLWuQWFokxvJHPY7NO2H LQZazQP2Ohw8FOtv6wHeIE5OTKR7NV
1996/11/24 21:59:41     2.NUQl AZfUrZF6KafPqPvDvPrzWZKKArk40AA79qAFsftVlFbrcPiAxIr3wvdSEh9yjH6.Vm0 iKYXkuHOBDe3DKL
1990/05/22 22:34:22     RPZyknVuSm5PasO rnqmUPiMOKHyqBuqwwEmU1eaUwBFiWjXj7UTVoFYaQIbpgsctdO2GpUGH0jOCjYa0m
Sun Apr 06 00:25:07 50QdvtSYnY8Gql50 9VghsC8f4a0cbr705eynDPm.1wDxA7z78z
Tue Feb 25 11:25:34  9TB7Lb64yLk5ySRG6fjN1ofk1GXk
1992/08/18 10:58:19.599606    CEebC7.m I
Fri Sep 28 17:20:45    pHWgqBlbp24kA0CHhngypKLfnTX8sRPVkFwJhZSojH1gMxKgX8hDS89bo
Tue Apr 05 22:32:00   d3ZM2JsY.VWi3vh.GsI 9dKvkD7n52zR7MrFTLyazDVbAMqRfEIp4N6zaT6IKv.UOa. GSkmcRdZ9vM
2016/06/12 19:34:23   cQ89pdZ inMt4X8jEZeUr6j2 puaaFBPJlrqT0j0i7VB.
Sun Dec 07 01:49:05 NafhAkTCqnNWalcwaFXMKKEH7iuqKIMjK5nhK1QcB8KeI3emWN0Q3z02Oiho JmRy8xF fO77m4DSL3OH4k8u iCeGPTQ1h6wv
2014/07/01 06:46:48.256491  KudzQHmny9wJoJ2OPwWT9I5RoNswvewzOUtzeHpbZEcxzXax
2009/06/01 01:28:28   a4QJqvwiYlRHutjVfC8zfiWPgA8s6.11
Tue Jul 24 03:07:55    XaX5dEej06ECJh6wos.z87KgY..Iaxh2
Wed Mar 07 18:27:37    Zk8mPfyo5F0BPVL
1999/12/27 06:30:47  uZq42UTTdH0dS1PwVTmblQ U5ds
2000/08/25 21:41:56.340796 kFMvwf9xc1u8QG1.E8D CfUdCvlYLebs0AO Ds116gHsqfe6
Fri Nov 15 03:37:15 yIFEDLEr8NLAeaqOw2N4wJiLsTvkny4Iw0vioNDipRocyfT3OgxqrCv3ZAajciWB0U5AjEhftIqbxSIwQ9N
Fri May 16 01:33:35 ak1BMQ3DVqgreFqGOrxA7.2O j2gSgXBa2zn Ti33
Thu Dec 15 04:36:58  Z1SoWdKXqQh9k1wimDV iT6Ddhf2u1sQjwI.X33X HoPjpRejlhmhH1RaejIhZy  seQU8YPx QsljrZdpxjeu.8tRCFr
Wed Sep 12 22:39:42    cWWkjEr8VorrHZ82Et7u2xDfq5nVxRu06cu.
Sun Mar 11 15:03:06    5idZXJK80.aMDHAtVnqZXr0QuquZcEOk5E0AVsgJsYgz1AqH2aYh3YWMHyki3ZlZj64hIM3J28S
Thu Oct 17 09:24:19   rC2AliW8q8wrhl1q mexYRkhfhe61Zeb6ysF5NhRJHYMsQ1Ry2X5SfwztN243Hm6j0XEoVnPEOvDTr1C
2012/05/08 22:10:20.436707   3ai4uHIbJATttdA3H pGlDgXDqPItJpxN5hcQWRqPqp69KKIoyNn.xjseYkwR1w5WbVtba
Thu Mar 11 19:02:32   2hScMpl7F4 2nknwE9NPEpuy.zCIs9dEvtpPvfm9uypMgtKqbzwOdODKxVR9KCOnzM0E1Vq5gT6QTpVimGf3muFNs
1990/03/24 23:33:47.380556   RVbdrYT aFpykzOYGBb37jS8oD3kqhC9mS84QMJlURkp.a4JiPY0oF5xTLhEzZEqst5
Wed Apr 01 09:32:30    mmsgFPnEbV8KC8nPs2LiwNmrsaUYZDTuW
1991/07/21 07:06:56.283646  iZBNSpTHje4fyDMQc3c4D5r8RuGTpVTBB 
Tue Feb 01 09:08:37     ZVSuDTnQnDgmPX8uGNSIACBf7DszYvGhZoD22ezPsKI9nYPA0We7Vc3VknlIEKjNqB6CVlf7hkNYzJASS7Jyso BRv
Tue Jul 28 09:52:03    EKGA8IZhQVREpHWbksznH5j1KqV5jXsRUyv3hFzpi8qrm63twiqjk
2005/07/23 16:38:16   T4pZbDwd S5nq0zPFHaPAWiyoR1Drt3jAnvzcNL3fPhd4cJJ4zVeTM04NPaZ887Mhl9drt03C0LANK.v zQySxrwB5Jn
Thu Dec 05 21:22:00    9ZaK90g7jUyWqT6.qC
2007/09/25 19:57:25.958328    XMVGxpszsTeB4kzeCRe
2016/06/23 09:14:07     aEzbdvo68g qE4ohablZ4G9qDAyF4DYhXXi0MPIFTjnetpVQXJb5y
1994/05/09 18:37:51.202539   RdBsUBzJYO
Tue Nov 10 08:51:08   Hr9DBwjTy3Xg5E rePkWrByRpcvnJW8WozRjwdfKmfbCG3sMEAfqpb7hOG1KJDhu1i5azgQTefBxjFPa
Sun Sep 08 20:07:27    OChPAl6tMlbRfc iBJ
Mon Sep 28 02:51:39     OBn7auBoszW.zAIzPyFEkn3PurBtwE6argYkciXdSVvJebeB5yvNa88B2TMt0aoyhWAtUJALNPJGctFYLxioMULQS6
Thu Jul 26 13:02:17  Sd2ydKkxh0rGOg.UfxbiWOGSx1tJ8v87GJbUrxW 9MLVu5gRY4WAvO8VkV.LzTCzjl0XnVttYjyDpJz6.CWTFDuatwUnTdVg1
Wed May 16 10:17:20     I7in maqEglHQuozj.n8PAf2FQK9uZL9A
1990/04/09 15:02:43     8nx8CkasMve3xdNIWU4aPl4WuvbcmniWFFspCPUtG3k2hDn4Up6ehfXkYG.XE
1999/06/06 13:06:49     zcJo5dydqPBl8g3zGdeDG.tV3C8iJCNxVk9X6OFQB7tEJhONBQXXZMwFJ7LgNWafqNeLL26g1c4n
Tue Mar 12 14:34:55   LIqjKHXXmNxM1m z
2011/07/18 16:08:44.535203    i5Z9G1hCOsC0yGpw MH56gPi4d1i0VZM4AQQ7bJhtw2Iy wdDSl9
2000/09/07 05:14:51.766225   R7 bw9gdwhjGOfXEiwEQ kHv.GEiS762Ma2a0EqUlqhjBmKYhAJ5pGv7r
Fri Jan 17 06:07:22 J1hoxe2Q3j6NgweiTcuxtoeQcwVWv4POoxKdG25m54stzMi3FECMuqqqs7CvUb9earM1
1990/04/12 07:54:15.847908    KDcY2Fqtt OiD WyDexKIM5kphru  q2gk2IoD2rxVy3MGZwScCLREjYgbz5qsAo7FZqY3FXxFH9f8Uy511dWUsTZSboZCiDzD6
Thu Jan 19 04:00:20    BNzZAXYf5V C7IGiGR
1999/07/02 19:44:53.606252 vPwl6.XnmQJMGzxUVobcKlyYWScrawy7oiSPPTJZy3Y1Ri7aUFMFTs2cnqJCuV
Sat Oct 10 07:25:32  BuDhsnc4PjsZWB QZEQWhyjAsuS5cBIzI5yUeYxNHmfGlr65Tvo0M7 gnP
Sat Jun 25 21:47:39   ifEKAQOuDgK79PW8OTdeQQ8wUyIQAaCXAtNTuzuvDoKDG1LiggPxHWPwkdNMdoFhvFRftl
1995/05/26 20:33:58     XFkfsxM81MeUagvXgVyAkzpkLToWbxfZ
