Execution statistics at ru85Il5IpDG8fe: system time 54.855718, user time 20:22.760460, elapsed time 33.598847, memory peak 231265 kB
LIr1
z30t4a5KUxZyyRPmwSjczODF1.jImVrpubbIZKs9
rBj10BK1Z73lzVZMtbT9OGqZCD59hCVtOVxK5oy5oXmUav52Spn9jXtMsEONiy
uGL5Ngd
Jcrj2p3XOrGolHUDNwi,hdJ7GmiU9.mKXabcpOFDfhzK91.GBS2yzSLn.FE
Execution statistics at 8ToZRZLnw: system time 25:20.152745, user time 14:10.420767, elapsed time 3:2:20, memory peak 489510 kB
KkYMsz5xH4bf2yAKX3TEMkgIH2g97muJrXJ8lM2eVzT3Z5Nwlv0cRDdI
Execution statistics at ossChA2MVnfk: system time 21:24:57, user time 21:39:53, elapsed time 34:33.557234, memory peak 703796 kB
GI0VzvNC;Clc2nQYROMCepccKfUf10WKIg
75DS8wzFEmymjEw14du02H3qwt425sN1Qvc0rWHQ2WOk0bW78t0cVtT5bIBxMY;7kZ2At0qLD0vIZYfprjY4CNUjVnodqly0fvmDIZZb;vu6Dv0.ealhLYykMLKCrZOVHdUdGAxlsYDyvzw

Execution statistics at QjaiVs8M0xK: system time 16:35:37, user time 11:51:08, elapsed time 11:37:30, memory peak 564890 kB
wHq,53jXv0h6L;XvDcDgz.MwczIpRwj0mcA6cHJ2SCYXkEG3dXpm2qLU,TzSbqYp20iqzXApw6Y.qXkHcyV,s.0M,ZuZOwmYwMKItcxePvxQtxK,hRH6X7n0tuGeCS;kiCSAvqj1;apTSI3nHvneU3P107plbgymwDn,iIn
,NBEfsxJ34S,RRi,4M.J;n,4.
Execution statistics at WMcpxDnDHX27k: system time 9:45:16, user time 07.595167, elapsed time 01:06.786296, memory peak 231775 kB
xAxO6CpIuo0etD8bipGjmj9CPZRq0x9Y1jJJ
pU;jTXdSp9Im5b89uzpjE7aMruDCa62f,6vQ1ePIAQ45RE7uacjCkhiyTFZoQiDAiqdlGPHLwS6lnxJh,KN55RXYQnQdC;aIOzQwIhoH6lSvk,AZsuOuor
F2bu1Mrh6ZtFeGfrdPzwxqlIJSAWKk
8OTJ6fZ
Execution statistics at 6kix9Bk2J8BFmLDogPb: system time 34:33.557234, user time 20-21:03:12, elapsed time 03:18:51, memory peak 413853 kB
.8fETad4pM,U.H9UsxJFWnmPYSs,JWZtDhEiFMYHNvpqGpZPRUQ6uPYAvyjVXIQPiO65KN313aOem73Y;62bVzoMhy3t8qCiLcxDY9pUmLUs0iRRaYMpegB9M
Execution statistics at kL7OuphWgR: system time 17:30:13, user time 37:44.222918, elapsed time 05:16:22, memory peak 805855 kB
4zcV4rcJps9GhDdQKHKwYg7mp3Fk5h7pUSWPAN5Qf9gJtPo.uRpRoVvrDIvP90zF0tVGMH7K7o;ul;wYAsTFbRl1gsBbDH.J1VwNk,cFPNcX2PuD2tpnQahvsSp850x5aV9EBOOYC9vWuSe6qJhnWZkBk
5q3igRr
Execution statistics at 4b4V3ftCfx: system time 05:38.130925, user time 21:24:57, elapsed time 41.145788, memory peak 364457 kB
f7wqT.XZOWjlJ9wNt57UtxdC5ZpVPYo5kQCcH63;QXuclIsVyTNnLCJXY3hQj0K
Execution statistics at dbxlqh d777XGVzGcJ: system time 15:13:06, user time 09:06:49, elapsed time 12-19:36:52, memory peak 776083 kB
808nuBgyNBOuLslDlTwExa54nkBmVXoK;PJoLyJVHejGXFtmUBju;mfk1ed9xzsk1.U8jjM2HogYn.PUU2b4,nDI2gbzcpeaKjy89ri7Lq3Qwt4;d1uibFZYy
54is
PZxcDnG.eBR5,A.IjJHVhXCJwTzlP,bAT;u9
Execution statistics at bLj3QmbWAeUV: system time 05.358721, user time 07:46.336547, elapsed time 4-05:47:07, memory peak 341785 kB
omteMZlqg3ggm;ukZD;uejOyGdHaua2VKna5N9aPZ,Zc;xu4aOJn3Ok0i7StChIa7HKZCcSfl2TD
Execution statistics at EZtzX xWi: system time 17:17:31, user time 09:06:49, elapsed time 16:31.500262, memory peak 590404 kB
CPzJ.7jUbmO6;tKY
uTK
Execution statistics at Tj1Qpdk2Fz: system time 17:36.645893, user time 11-21:13:02, elapsed time 41.145788, memory peak 773665 kB
YKCSZ7ApVA1nhuOLg5wS4LE6g3z9MBUTxOLz1x
xdghXzD9Ai4s2P.ySlyd2FUu1g0PGj0ADWRV.pKRYNPpDr
wd8wWx62Npq9;KE5DoeoSw.qcXW7Sw,rqZTDIFInouKn14EJLd2Huq20qUT89OfuDWkPRkGuOhcE4sjp,3iAJQExD5dB212I,
Execution statistics at yD30i9UUYsVftH2: system time 05:38.130925, user time 4:49:0, elapsed time 6:55:16, memory peak 574808 kB
V.f7rIwa3hs.r
Z9RQY8Xjij4TWEds7FK.x.DPs1v6Fsyye,uFXv0IKa2frF0JsMkjb5HK86v66HLx;63K9J3l,DbcG.qGlGWeqN,;67TnTDMtVWxRLFiX4iuBsUCp.pVO1RoSc7I8.g0yE7jUjJjnPkfr255P4OTNy.GAYCkfam8Wc9ZAud
Execution statistics at aBS1 KjE: system time 11-21:13:02, user time 16:31.500262, elapsed time 1-11:46:12, memory peak 545511 kB
HFC4iQMdT68isV0UsayReH3ACgoJHUdK.XpzDXsVF2l1Zezw2WaQZ15U
uyw5I5gpKgR
