Execution statistics at aBS1 KjE: system time 39.739368, user time 10:06.8548, elapsed time 46:58.758342, memory peak 496141 kB
9SlvwQr35qyMGolZk8R7PuDMnS3hzjVygg,UoNd4Er3TbvVsht7d1Suriie
pwMetg0YjzbQ;NgtM4,4Gu9XRlzQsTlVJH;nT33C9HHTOofIMVz1jwnvDjqAYYOx
Execution statistics at h4fJoovth: system time 0:55:45, user time 47:14.638448, elapsed time 7-05:35:20, memory peak 69873 kB
DZyQOG9
U2gk
Execution statistics at izphJ: system time 13:27:24, user time 35.864299, elapsed time 19:44:58, memory peak 801769 kB
VG;Z1A1NNcJL3nS
L
a9U,AwAt3L3Y3BE2MbOoEO2d;J9uxjhuqf
Z.NUb3
Execution statistics at ru85Il5IpDG8fe: system time 37:56.309645, user time 15-22:20:17, elapsed time 9-00:28:51, memory peak 806981 kB
6YAnLpS8fAA7SVvUq3hrieMkPK7OTWvyhUpQWtxcGr4DHREtAn9eCq.M7jTrxLsmlDPcrSMPmIWj7N;CyqvJVXI2OnVzrC0I0coBH82wuRtGZoXThx4,zh93CFp9.czJIYm,sDpropJ
zVKTu2ivc20Jbe6eA
Execution statistics at yD30i9UUYsVftH2: system time 20:39.455995, user time 12:26:18, elapsed time 3-03:09:41, memory peak 815343 kB
dRYlf5.bnUInesT6z3rkhB,nZmYBTjvqwKDwps8qK0qJqYyc.yZtKMurwhLCI5x8cdDWAeb36sMamUWQCvpEmw1QAzLf92zYvafAVWi;mxn
Execution statistics at ossChA2MVnfk: system time 19:24:57, user time 24.474154, elapsed time 05:52:10, memory peak 572036 kB
21W7bMVjKXNl.sb1ie2p4wAwUcYINrQg3rwBoLaxE11Js1h7EVgWl
HGxaROfw
Execution statistics at bLj3QmbWAeUV: system time 13:25:33, user time 12:26:18, elapsed time 19:44:58, memory peak 799032 kB
UukfiJ00g793NGIQz,AqoiWMwUnJcDBH;nQr1xFFjx8IXfd3NxWFpt,4aCWv39ySi;xFK6GlxSyai3rdQ
GRfUWh,GanyFC5auJ5X4dJpl,yIO1ufSsV8lSdhURHPI6d0
uSNw,Y3xwoSAMK;KRjej94Gb
Execution statistics at Tj1Qpdk2Fz: system time 17.384984, user time 8:13:17, elapsed time 10:26:48, memory peak 792454 kB
X1K3
y1LvUYt

hNuJoYBw5wtHSKrVYn7fWtJMTxekQhJ;PRFt50m.4sYBzW
